[2023-11-23T19:19:47.904+0000] {taskinstance.py:1159} INFO - Dependencies all met for dep_context=non-requeueable deps ti=<TaskInstance: dag_with_postgres_operator.create_postgres_table manual__2023-11-23T19:19:46.736533+00:00 [queued]>
[2023-11-23T19:19:47.912+0000] {taskinstance.py:1159} INFO - Dependencies all met for dep_context=requeueable deps ti=<TaskInstance: dag_with_postgres_operator.create_postgres_table manual__2023-11-23T19:19:46.736533+00:00 [queued]>
[2023-11-23T19:19:47.913+0000] {taskinstance.py:1361} INFO - Starting attempt 1 of 6
[2023-11-23T19:19:47.924+0000] {taskinstance.py:1382} INFO - Executing <Task(PostgresOperator): create_postgres_table> on 2023-11-23 19:19:46.736533+00:00
[2023-11-23T19:19:47.929+0000] {standard_task_runner.py:57} INFO - Started process 403 to run task
[2023-11-23T19:19:47.934+0000] {standard_task_runner.py:84} INFO - Running: ['***', 'tasks', 'run', 'dag_with_postgres_operator', 'create_postgres_table', 'manual__2023-11-23T19:19:46.736533+00:00', '--job-id', '32', '--raw', '--subdir', 'DAGS_FOLDER/dag_with_postgres_operator.py', '--cfg-path', '/tmp/tmpava1f6zs']
[2023-11-23T19:19:47.937+0000] {standard_task_runner.py:85} INFO - Job 32: Subtask create_postgres_table
[2023-11-23T19:19:48.013+0000] {task_command.py:416} INFO - Running <TaskInstance: dag_with_postgres_operator.create_postgres_table manual__2023-11-23T19:19:46.736533+00:00 [running]> on host e7b0b9311e50
[2023-11-23T19:19:48.136+0000] {taskinstance.py:1662} INFO - Exporting env vars: AIRFLOW_CTX_DAG_OWNER='harsha' AIRFLOW_CTX_DAG_ID='dag_with_postgres_operator' AIRFLOW_CTX_TASK_ID='create_postgres_table' AIRFLOW_CTX_EXECUTION_DATE='2023-11-23T19:19:46.736533+00:00' AIRFLOW_CTX_TRY_NUMBER='1' AIRFLOW_CTX_DAG_RUN_ID='manual__2023-11-23T19:19:46.736533+00:00'
[2023-11-23T19:19:48.137+0000] {sql.py:274} INFO - Executing: 
            CREATE TABLE IF NOT EXISTS dag_runs (
            dt date ,
            dag_id character varying,
            primary key (dt, dag_id))
            
[2023-11-23T19:19:48.148+0000] {base.py:73} INFO - Using connection ID 'postgres_localhost' for task execution.
[2023-11-23T19:19:48.162+0000] {base.py:73} INFO - Using connection ID 'postgres_localhost' for task execution.
[2023-11-23T19:19:48.187+0000] {sql.py:418} INFO - Running statement: 
            CREATE TABLE IF NOT EXISTS dag_runs (
            dt date ,
            dag_id character varying,
            primary key (dt, dag_id))
            , parameters: None
[2023-11-23T19:19:48.216+0000] {taskinstance.py:1400} INFO - Marking task as SUCCESS. dag_id=dag_with_postgres_operator, task_id=create_postgres_table, execution_date=20231123T191946, start_date=20231123T191947, end_date=20231123T191948
[2023-11-23T19:19:48.268+0000] {local_task_job_runner.py:228} INFO - Task exited with return code 0
[2023-11-23T19:19:48.285+0000] {taskinstance.py:2778} INFO - 0 downstream tasks scheduled from follow-on schedule check
