[2023-11-23T19:59:27.737+0000] {taskinstance.py:1159} INFO - Dependencies all met for dep_context=non-requeueable deps ti=<TaskInstance: dag_with_postgres_operator.create_postgres_table manual__2023-11-23T19:59:26.268679+00:00 [queued]>
[2023-11-23T19:59:27.746+0000] {taskinstance.py:1159} INFO - Dependencies all met for dep_context=requeueable deps ti=<TaskInstance: dag_with_postgres_operator.create_postgres_table manual__2023-11-23T19:59:26.268679+00:00 [queued]>
[2023-11-23T19:59:27.747+0000] {taskinstance.py:1361} INFO - Starting attempt 1 of 6
[2023-11-23T19:59:27.759+0000] {taskinstance.py:1382} INFO - Executing <Task(PostgresOperator): create_postgres_table> on 2023-11-23 19:59:26.268679+00:00
[2023-11-23T19:59:27.764+0000] {standard_task_runner.py:57} INFO - Started process 2532 to run task
[2023-11-23T19:59:27.769+0000] {standard_task_runner.py:84} INFO - Running: ['***', 'tasks', 'run', 'dag_with_postgres_operator', 'create_postgres_table', 'manual__2023-11-23T19:59:26.268679+00:00', '--job-id', '34', '--raw', '--subdir', 'DAGS_FOLDER/dag_with_postgres_operator.py', '--cfg-path', '/tmp/tmpdp7e1syj']
[2023-11-23T19:59:27.773+0000] {standard_task_runner.py:85} INFO - Job 34: Subtask create_postgres_table
[2023-11-23T19:59:27.827+0000] {task_command.py:416} INFO - Running <TaskInstance: dag_with_postgres_operator.create_postgres_table manual__2023-11-23T19:59:26.268679+00:00 [running]> on host e7b0b9311e50
[2023-11-23T19:59:27.925+0000] {taskinstance.py:1662} INFO - Exporting env vars: AIRFLOW_CTX_DAG_OWNER='harsha' AIRFLOW_CTX_DAG_ID='dag_with_postgres_operator' AIRFLOW_CTX_TASK_ID='create_postgres_table' AIRFLOW_CTX_EXECUTION_DATE='2023-11-23T19:59:26.268679+00:00' AIRFLOW_CTX_TRY_NUMBER='1' AIRFLOW_CTX_DAG_RUN_ID='manual__2023-11-23T19:59:26.268679+00:00'
[2023-11-23T19:59:27.926+0000] {sql.py:274} INFO - Executing: 
            CREATE TABLE IF NOT EXISTS dag_runs (
            dt date ,
            dag_id character varying,
            primary key (dt, dag_id))
           
            
[2023-11-23T19:59:27.940+0000] {base.py:73} INFO - Using connection ID 'postgres_localhost' for task execution.
[2023-11-23T19:59:27.954+0000] {base.py:73} INFO - Using connection ID 'postgres_localhost' for task execution.
[2023-11-23T19:59:27.987+0000] {sql.py:418} INFO - Running statement: 
            CREATE TABLE IF NOT EXISTS dag_runs (
            dt date ,
            dag_id character varying,
            primary key (dt, dag_id))
           
            , parameters: None
[2023-11-23T19:59:28.005+0000] {taskinstance.py:1400} INFO - Marking task as SUCCESS. dag_id=dag_with_postgres_operator, task_id=create_postgres_table, execution_date=20231123T195926, start_date=20231123T195927, end_date=20231123T195928
[2023-11-23T19:59:28.024+0000] {local_task_job_runner.py:228} INFO - Task exited with return code 0
[2023-11-23T19:59:28.045+0000] {taskinstance.py:2778} INFO - 1 downstream tasks scheduled from follow-on schedule check
