[2023-11-22T19:30:06.401+0000] {processor.py:157} INFO - Started process (PID=322) to work on /home/airflow/.local/lib/python3.8/site-packages/airflow/example_dags/example_trigger_controller_dag.py
[2023-11-22T19:30:06.402+0000] {processor.py:829} INFO - Processing file /home/airflow/.local/lib/python3.8/site-packages/airflow/example_dags/example_trigger_controller_dag.py for tasks to queue
[2023-11-22T19:30:06.403+0000] {logging_mixin.py:154} INFO - [2023-11-22T19:30:06.403+0000] {dagbag.py:536} INFO - Filling up the DagBag from /home/airflow/.local/lib/python3.8/site-packages/airflow/example_dags/example_trigger_controller_dag.py
[2023-11-22T19:30:06.411+0000] {processor.py:839} INFO - DAG(s) dict_keys(['example_trigger_controller_dag']) retrieved from /home/airflow/.local/lib/python3.8/site-packages/airflow/example_dags/example_trigger_controller_dag.py
[2023-11-22T19:30:06.449+0000] {logging_mixin.py:154} INFO - [2023-11-22T19:30:06.449+0000] {dag.py:2941} INFO - Sync 1 DAGs
[2023-11-22T19:30:06.475+0000] {logging_mixin.py:154} INFO - [2023-11-22T19:30:06.475+0000] {dag.py:3722} INFO - Setting next_dagrun for example_trigger_controller_dag to 2021-01-01T00:00:00+00:00, run_after=2021-01-01T00:00:00+00:00
[2023-11-22T19:30:06.494+0000] {processor.py:179} INFO - Processing /home/airflow/.local/lib/python3.8/site-packages/airflow/example_dags/example_trigger_controller_dag.py took 0.097 seconds
[2023-11-22T19:30:37.049+0000] {processor.py:157} INFO - Started process (PID=560) to work on /home/airflow/.local/lib/python3.8/site-packages/airflow/example_dags/example_trigger_controller_dag.py
[2023-11-22T19:30:37.050+0000] {processor.py:829} INFO - Processing file /home/airflow/.local/lib/python3.8/site-packages/airflow/example_dags/example_trigger_controller_dag.py for tasks to queue
[2023-11-22T19:30:37.051+0000] {logging_mixin.py:154} INFO - [2023-11-22T19:30:37.051+0000] {dagbag.py:536} INFO - Filling up the DagBag from /home/airflow/.local/lib/python3.8/site-packages/airflow/example_dags/example_trigger_controller_dag.py
[2023-11-22T19:30:37.055+0000] {processor.py:839} INFO - DAG(s) dict_keys(['example_trigger_controller_dag']) retrieved from /home/airflow/.local/lib/python3.8/site-packages/airflow/example_dags/example_trigger_controller_dag.py
[2023-11-22T19:30:37.077+0000] {logging_mixin.py:154} INFO - [2023-11-22T19:30:37.076+0000] {dag.py:2941} INFO - Sync 1 DAGs
[2023-11-22T19:30:37.093+0000] {logging_mixin.py:154} INFO - [2023-11-22T19:30:37.093+0000] {dag.py:3722} INFO - Setting next_dagrun for example_trigger_controller_dag to 2021-01-01T00:00:00+00:00, run_after=2021-01-01T00:00:00+00:00
[2023-11-22T19:30:37.106+0000] {processor.py:179} INFO - Processing /home/airflow/.local/lib/python3.8/site-packages/airflow/example_dags/example_trigger_controller_dag.py took 0.060 seconds
[2023-11-22T19:31:07.748+0000] {processor.py:157} INFO - Started process (PID=800) to work on /home/airflow/.local/lib/python3.8/site-packages/airflow/example_dags/example_trigger_controller_dag.py
[2023-11-22T19:31:07.749+0000] {processor.py:829} INFO - Processing file /home/airflow/.local/lib/python3.8/site-packages/airflow/example_dags/example_trigger_controller_dag.py for tasks to queue
[2023-11-22T19:31:07.750+0000] {logging_mixin.py:154} INFO - [2023-11-22T19:31:07.750+0000] {dagbag.py:536} INFO - Filling up the DagBag from /home/airflow/.local/lib/python3.8/site-packages/airflow/example_dags/example_trigger_controller_dag.py
[2023-11-22T19:31:07.754+0000] {processor.py:839} INFO - DAG(s) dict_keys(['example_trigger_controller_dag']) retrieved from /home/airflow/.local/lib/python3.8/site-packages/airflow/example_dags/example_trigger_controller_dag.py
[2023-11-22T19:31:07.775+0000] {logging_mixin.py:154} INFO - [2023-11-22T19:31:07.775+0000] {dag.py:2941} INFO - Sync 1 DAGs
[2023-11-22T19:31:07.791+0000] {logging_mixin.py:154} INFO - [2023-11-22T19:31:07.791+0000] {dag.py:3722} INFO - Setting next_dagrun for example_trigger_controller_dag to 2021-01-01T00:00:00+00:00, run_after=2021-01-01T00:00:00+00:00
[2023-11-22T19:31:07.803+0000] {processor.py:179} INFO - Processing /home/airflow/.local/lib/python3.8/site-packages/airflow/example_dags/example_trigger_controller_dag.py took 0.058 seconds
[2023-11-22T19:31:38.640+0000] {processor.py:157} INFO - Started process (PID=1038) to work on /home/airflow/.local/lib/python3.8/site-packages/airflow/example_dags/example_trigger_controller_dag.py
[2023-11-22T19:31:38.641+0000] {processor.py:829} INFO - Processing file /home/airflow/.local/lib/python3.8/site-packages/airflow/example_dags/example_trigger_controller_dag.py for tasks to queue
[2023-11-22T19:31:38.642+0000] {logging_mixin.py:154} INFO - [2023-11-22T19:31:38.641+0000] {dagbag.py:536} INFO - Filling up the DagBag from /home/airflow/.local/lib/python3.8/site-packages/airflow/example_dags/example_trigger_controller_dag.py
[2023-11-22T19:31:38.646+0000] {processor.py:839} INFO - DAG(s) dict_keys(['example_trigger_controller_dag']) retrieved from /home/airflow/.local/lib/python3.8/site-packages/airflow/example_dags/example_trigger_controller_dag.py
[2023-11-22T19:31:38.668+0000] {logging_mixin.py:154} INFO - [2023-11-22T19:31:38.668+0000] {dag.py:2941} INFO - Sync 1 DAGs
[2023-11-22T19:31:38.685+0000] {logging_mixin.py:154} INFO - [2023-11-22T19:31:38.685+0000] {dag.py:3722} INFO - Setting next_dagrun for example_trigger_controller_dag to 2021-01-01T00:00:00+00:00, run_after=2021-01-01T00:00:00+00:00
[2023-11-22T19:31:38.699+0000] {processor.py:179} INFO - Processing /home/airflow/.local/lib/python3.8/site-packages/airflow/example_dags/example_trigger_controller_dag.py took 0.062 seconds
[2023-11-22T19:32:08.821+0000] {processor.py:157} INFO - Started process (PID=1274) to work on /home/airflow/.local/lib/python3.8/site-packages/airflow/example_dags/example_trigger_controller_dag.py
[2023-11-22T19:32:08.822+0000] {processor.py:829} INFO - Processing file /home/airflow/.local/lib/python3.8/site-packages/airflow/example_dags/example_trigger_controller_dag.py for tasks to queue
[2023-11-22T19:32:08.822+0000] {logging_mixin.py:154} INFO - [2023-11-22T19:32:08.822+0000] {dagbag.py:536} INFO - Filling up the DagBag from /home/airflow/.local/lib/python3.8/site-packages/airflow/example_dags/example_trigger_controller_dag.py
[2023-11-22T19:32:08.826+0000] {processor.py:839} INFO - DAG(s) dict_keys(['example_trigger_controller_dag']) retrieved from /home/airflow/.local/lib/python3.8/site-packages/airflow/example_dags/example_trigger_controller_dag.py
[2023-11-22T19:32:08.847+0000] {logging_mixin.py:154} INFO - [2023-11-22T19:32:08.847+0000] {dag.py:2941} INFO - Sync 1 DAGs
[2023-11-22T19:32:08.864+0000] {logging_mixin.py:154} INFO - [2023-11-22T19:32:08.864+0000] {dag.py:3722} INFO - Setting next_dagrun for example_trigger_controller_dag to 2021-01-01T00:00:00+00:00, run_after=2021-01-01T00:00:00+00:00
[2023-11-22T19:32:08.877+0000] {processor.py:179} INFO - Processing /home/airflow/.local/lib/python3.8/site-packages/airflow/example_dags/example_trigger_controller_dag.py took 0.059 seconds
[2023-11-22T19:32:39.391+0000] {processor.py:157} INFO - Started process (PID=1512) to work on /home/airflow/.local/lib/python3.8/site-packages/airflow/example_dags/example_trigger_controller_dag.py
[2023-11-22T19:32:39.392+0000] {processor.py:829} INFO - Processing file /home/airflow/.local/lib/python3.8/site-packages/airflow/example_dags/example_trigger_controller_dag.py for tasks to queue
[2023-11-22T19:32:39.393+0000] {logging_mixin.py:154} INFO - [2023-11-22T19:32:39.392+0000] {dagbag.py:536} INFO - Filling up the DagBag from /home/airflow/.local/lib/python3.8/site-packages/airflow/example_dags/example_trigger_controller_dag.py
[2023-11-22T19:32:39.397+0000] {processor.py:839} INFO - DAG(s) dict_keys(['example_trigger_controller_dag']) retrieved from /home/airflow/.local/lib/python3.8/site-packages/airflow/example_dags/example_trigger_controller_dag.py
[2023-11-22T19:32:39.418+0000] {logging_mixin.py:154} INFO - [2023-11-22T19:32:39.418+0000] {dag.py:2941} INFO - Sync 1 DAGs
[2023-11-22T19:32:39.435+0000] {logging_mixin.py:154} INFO - [2023-11-22T19:32:39.434+0000] {dag.py:3722} INFO - Setting next_dagrun for example_trigger_controller_dag to 2021-01-01T00:00:00+00:00, run_after=2021-01-01T00:00:00+00:00
[2023-11-22T19:32:39.448+0000] {processor.py:179} INFO - Processing /home/airflow/.local/lib/python3.8/site-packages/airflow/example_dags/example_trigger_controller_dag.py took 0.060 seconds
[2023-11-22T19:33:10.181+0000] {processor.py:157} INFO - Started process (PID=1750) to work on /home/airflow/.local/lib/python3.8/site-packages/airflow/example_dags/example_trigger_controller_dag.py
[2023-11-22T19:33:10.182+0000] {processor.py:829} INFO - Processing file /home/airflow/.local/lib/python3.8/site-packages/airflow/example_dags/example_trigger_controller_dag.py for tasks to queue
[2023-11-22T19:33:10.182+0000] {logging_mixin.py:154} INFO - [2023-11-22T19:33:10.182+0000] {dagbag.py:536} INFO - Filling up the DagBag from /home/airflow/.local/lib/python3.8/site-packages/airflow/example_dags/example_trigger_controller_dag.py
[2023-11-22T19:33:10.186+0000] {processor.py:839} INFO - DAG(s) dict_keys(['example_trigger_controller_dag']) retrieved from /home/airflow/.local/lib/python3.8/site-packages/airflow/example_dags/example_trigger_controller_dag.py
[2023-11-22T19:33:10.209+0000] {logging_mixin.py:154} INFO - [2023-11-22T19:33:10.209+0000] {dag.py:2941} INFO - Sync 1 DAGs
[2023-11-22T19:33:10.227+0000] {logging_mixin.py:154} INFO - [2023-11-22T19:33:10.227+0000] {dag.py:3722} INFO - Setting next_dagrun for example_trigger_controller_dag to 2021-01-01T00:00:00+00:00, run_after=2021-01-01T00:00:00+00:00
[2023-11-22T19:33:10.239+0000] {processor.py:179} INFO - Processing /home/airflow/.local/lib/python3.8/site-packages/airflow/example_dags/example_trigger_controller_dag.py took 0.062 seconds
[2023-11-22T19:33:40.777+0000] {processor.py:157} INFO - Started process (PID=1990) to work on /home/airflow/.local/lib/python3.8/site-packages/airflow/example_dags/example_trigger_controller_dag.py
[2023-11-22T19:33:40.778+0000] {processor.py:829} INFO - Processing file /home/airflow/.local/lib/python3.8/site-packages/airflow/example_dags/example_trigger_controller_dag.py for tasks to queue
[2023-11-22T19:33:40.779+0000] {logging_mixin.py:154} INFO - [2023-11-22T19:33:40.779+0000] {dagbag.py:536} INFO - Filling up the DagBag from /home/airflow/.local/lib/python3.8/site-packages/airflow/example_dags/example_trigger_controller_dag.py
[2023-11-22T19:33:40.783+0000] {processor.py:839} INFO - DAG(s) dict_keys(['example_trigger_controller_dag']) retrieved from /home/airflow/.local/lib/python3.8/site-packages/airflow/example_dags/example_trigger_controller_dag.py
[2023-11-22T19:33:40.805+0000] {logging_mixin.py:154} INFO - [2023-11-22T19:33:40.805+0000] {dag.py:2941} INFO - Sync 1 DAGs
[2023-11-22T19:33:40.822+0000] {logging_mixin.py:154} INFO - [2023-11-22T19:33:40.822+0000] {dag.py:3722} INFO - Setting next_dagrun for example_trigger_controller_dag to 2021-01-01T00:00:00+00:00, run_after=2021-01-01T00:00:00+00:00
[2023-11-22T19:33:40.835+0000] {processor.py:179} INFO - Processing /home/airflow/.local/lib/python3.8/site-packages/airflow/example_dags/example_trigger_controller_dag.py took 0.061 seconds
[2023-11-22T19:34:11.460+0000] {processor.py:157} INFO - Started process (PID=2226) to work on /home/airflow/.local/lib/python3.8/site-packages/airflow/example_dags/example_trigger_controller_dag.py
[2023-11-22T19:34:11.461+0000] {processor.py:829} INFO - Processing file /home/airflow/.local/lib/python3.8/site-packages/airflow/example_dags/example_trigger_controller_dag.py for tasks to queue
[2023-11-22T19:34:11.462+0000] {logging_mixin.py:154} INFO - [2023-11-22T19:34:11.462+0000] {dagbag.py:536} INFO - Filling up the DagBag from /home/airflow/.local/lib/python3.8/site-packages/airflow/example_dags/example_trigger_controller_dag.py
[2023-11-22T19:34:11.467+0000] {processor.py:839} INFO - DAG(s) dict_keys(['example_trigger_controller_dag']) retrieved from /home/airflow/.local/lib/python3.8/site-packages/airflow/example_dags/example_trigger_controller_dag.py
[2023-11-22T19:34:11.490+0000] {logging_mixin.py:154} INFO - [2023-11-22T19:34:11.490+0000] {dag.py:2941} INFO - Sync 1 DAGs
[2023-11-22T19:34:11.511+0000] {logging_mixin.py:154} INFO - [2023-11-22T19:34:11.511+0000] {dag.py:3722} INFO - Setting next_dagrun for example_trigger_controller_dag to 2021-01-01T00:00:00+00:00, run_after=2021-01-01T00:00:00+00:00
[2023-11-22T19:34:11.526+0000] {processor.py:179} INFO - Processing /home/airflow/.local/lib/python3.8/site-packages/airflow/example_dags/example_trigger_controller_dag.py took 0.069 seconds
[2023-11-22T19:34:41.778+0000] {processor.py:157} INFO - Started process (PID=2464) to work on /home/airflow/.local/lib/python3.8/site-packages/airflow/example_dags/example_trigger_controller_dag.py
[2023-11-22T19:34:41.779+0000] {processor.py:829} INFO - Processing file /home/airflow/.local/lib/python3.8/site-packages/airflow/example_dags/example_trigger_controller_dag.py for tasks to queue
[2023-11-22T19:34:41.780+0000] {logging_mixin.py:154} INFO - [2023-11-22T19:34:41.780+0000] {dagbag.py:536} INFO - Filling up the DagBag from /home/airflow/.local/lib/python3.8/site-packages/airflow/example_dags/example_trigger_controller_dag.py
[2023-11-22T19:34:41.785+0000] {processor.py:839} INFO - DAG(s) dict_keys(['example_trigger_controller_dag']) retrieved from /home/airflow/.local/lib/python3.8/site-packages/airflow/example_dags/example_trigger_controller_dag.py
[2023-11-22T19:34:41.809+0000] {logging_mixin.py:154} INFO - [2023-11-22T19:34:41.809+0000] {dag.py:2941} INFO - Sync 1 DAGs
[2023-11-22T19:34:41.825+0000] {logging_mixin.py:154} INFO - [2023-11-22T19:34:41.825+0000] {dag.py:3722} INFO - Setting next_dagrun for example_trigger_controller_dag to 2021-01-01T00:00:00+00:00, run_after=2021-01-01T00:00:00+00:00
[2023-11-22T19:34:41.840+0000] {processor.py:179} INFO - Processing /home/airflow/.local/lib/python3.8/site-packages/airflow/example_dags/example_trigger_controller_dag.py took 0.065 seconds
[2023-11-22T19:35:12.150+0000] {processor.py:157} INFO - Started process (PID=2702) to work on /home/airflow/.local/lib/python3.8/site-packages/airflow/example_dags/example_trigger_controller_dag.py
[2023-11-22T19:35:12.152+0000] {processor.py:829} INFO - Processing file /home/airflow/.local/lib/python3.8/site-packages/airflow/example_dags/example_trigger_controller_dag.py for tasks to queue
[2023-11-22T19:35:12.152+0000] {logging_mixin.py:154} INFO - [2023-11-22T19:35:12.152+0000] {dagbag.py:536} INFO - Filling up the DagBag from /home/airflow/.local/lib/python3.8/site-packages/airflow/example_dags/example_trigger_controller_dag.py
[2023-11-22T19:35:12.158+0000] {processor.py:839} INFO - DAG(s) dict_keys(['example_trigger_controller_dag']) retrieved from /home/airflow/.local/lib/python3.8/site-packages/airflow/example_dags/example_trigger_controller_dag.py
[2023-11-22T19:35:12.180+0000] {logging_mixin.py:154} INFO - [2023-11-22T19:35:12.180+0000] {dag.py:2941} INFO - Sync 1 DAGs
[2023-11-22T19:35:12.198+0000] {logging_mixin.py:154} INFO - [2023-11-22T19:35:12.197+0000] {dag.py:3722} INFO - Setting next_dagrun for example_trigger_controller_dag to 2021-01-01T00:00:00+00:00, run_after=2021-01-01T00:00:00+00:00
[2023-11-22T19:35:12.211+0000] {processor.py:179} INFO - Processing /home/airflow/.local/lib/python3.8/site-packages/airflow/example_dags/example_trigger_controller_dag.py took 0.064 seconds
[2023-11-22T19:35:42.614+0000] {processor.py:157} INFO - Started process (PID=2940) to work on /home/airflow/.local/lib/python3.8/site-packages/airflow/example_dags/example_trigger_controller_dag.py
[2023-11-22T19:35:42.615+0000] {processor.py:829} INFO - Processing file /home/airflow/.local/lib/python3.8/site-packages/airflow/example_dags/example_trigger_controller_dag.py for tasks to queue
[2023-11-22T19:35:42.617+0000] {logging_mixin.py:154} INFO - [2023-11-22T19:35:42.616+0000] {dagbag.py:536} INFO - Filling up the DagBag from /home/airflow/.local/lib/python3.8/site-packages/airflow/example_dags/example_trigger_controller_dag.py
[2023-11-22T19:35:42.621+0000] {processor.py:839} INFO - DAG(s) dict_keys(['example_trigger_controller_dag']) retrieved from /home/airflow/.local/lib/python3.8/site-packages/airflow/example_dags/example_trigger_controller_dag.py
[2023-11-22T19:35:42.642+0000] {logging_mixin.py:154} INFO - [2023-11-22T19:35:42.642+0000] {dag.py:2941} INFO - Sync 1 DAGs
[2023-11-22T19:35:42.659+0000] {logging_mixin.py:154} INFO - [2023-11-22T19:35:42.659+0000] {dag.py:3722} INFO - Setting next_dagrun for example_trigger_controller_dag to 2021-01-01T00:00:00+00:00, run_after=2021-01-01T00:00:00+00:00
[2023-11-22T19:35:42.672+0000] {processor.py:179} INFO - Processing /home/airflow/.local/lib/python3.8/site-packages/airflow/example_dags/example_trigger_controller_dag.py took 0.063 seconds
[2023-11-22T19:36:13.085+0000] {processor.py:157} INFO - Started process (PID=3178) to work on /home/airflow/.local/lib/python3.8/site-packages/airflow/example_dags/example_trigger_controller_dag.py
[2023-11-22T19:36:13.086+0000] {processor.py:829} INFO - Processing file /home/airflow/.local/lib/python3.8/site-packages/airflow/example_dags/example_trigger_controller_dag.py for tasks to queue
[2023-11-22T19:36:13.086+0000] {logging_mixin.py:154} INFO - [2023-11-22T19:36:13.086+0000] {dagbag.py:536} INFO - Filling up the DagBag from /home/airflow/.local/lib/python3.8/site-packages/airflow/example_dags/example_trigger_controller_dag.py
[2023-11-22T19:36:13.090+0000] {processor.py:839} INFO - DAG(s) dict_keys(['example_trigger_controller_dag']) retrieved from /home/airflow/.local/lib/python3.8/site-packages/airflow/example_dags/example_trigger_controller_dag.py
[2023-11-22T19:36:13.111+0000] {logging_mixin.py:154} INFO - [2023-11-22T19:36:13.111+0000] {dag.py:2941} INFO - Sync 1 DAGs
[2023-11-22T19:36:13.127+0000] {logging_mixin.py:154} INFO - [2023-11-22T19:36:13.127+0000] {dag.py:3722} INFO - Setting next_dagrun for example_trigger_controller_dag to 2021-01-01T00:00:00+00:00, run_after=2021-01-01T00:00:00+00:00
[2023-11-22T19:36:13.140+0000] {processor.py:179} INFO - Processing /home/airflow/.local/lib/python3.8/site-packages/airflow/example_dags/example_trigger_controller_dag.py took 0.059 seconds
[2023-11-22T19:36:44.011+0000] {processor.py:157} INFO - Started process (PID=3416) to work on /home/airflow/.local/lib/python3.8/site-packages/airflow/example_dags/example_trigger_controller_dag.py
[2023-11-22T19:36:44.012+0000] {processor.py:829} INFO - Processing file /home/airflow/.local/lib/python3.8/site-packages/airflow/example_dags/example_trigger_controller_dag.py for tasks to queue
[2023-11-22T19:36:44.013+0000] {logging_mixin.py:154} INFO - [2023-11-22T19:36:44.013+0000] {dagbag.py:536} INFO - Filling up the DagBag from /home/airflow/.local/lib/python3.8/site-packages/airflow/example_dags/example_trigger_controller_dag.py
[2023-11-22T19:36:44.019+0000] {processor.py:839} INFO - DAG(s) dict_keys(['example_trigger_controller_dag']) retrieved from /home/airflow/.local/lib/python3.8/site-packages/airflow/example_dags/example_trigger_controller_dag.py
[2023-11-22T19:36:44.045+0000] {logging_mixin.py:154} INFO - [2023-11-22T19:36:44.045+0000] {dag.py:2941} INFO - Sync 1 DAGs
[2023-11-22T19:36:44.069+0000] {logging_mixin.py:154} INFO - [2023-11-22T19:36:44.068+0000] {dag.py:3722} INFO - Setting next_dagrun for example_trigger_controller_dag to 2021-01-01T00:00:00+00:00, run_after=2021-01-01T00:00:00+00:00
[2023-11-22T19:36:44.090+0000] {processor.py:179} INFO - Processing /home/airflow/.local/lib/python3.8/site-packages/airflow/example_dags/example_trigger_controller_dag.py took 0.083 seconds
[2023-11-22T19:37:15.002+0000] {processor.py:157} INFO - Started process (PID=3654) to work on /home/airflow/.local/lib/python3.8/site-packages/airflow/example_dags/example_trigger_controller_dag.py
[2023-11-22T19:37:15.004+0000] {processor.py:829} INFO - Processing file /home/airflow/.local/lib/python3.8/site-packages/airflow/example_dags/example_trigger_controller_dag.py for tasks to queue
[2023-11-22T19:37:15.004+0000] {logging_mixin.py:154} INFO - [2023-11-22T19:37:15.004+0000] {dagbag.py:536} INFO - Filling up the DagBag from /home/airflow/.local/lib/python3.8/site-packages/airflow/example_dags/example_trigger_controller_dag.py
[2023-11-22T19:37:15.009+0000] {processor.py:839} INFO - DAG(s) dict_keys(['example_trigger_controller_dag']) retrieved from /home/airflow/.local/lib/python3.8/site-packages/airflow/example_dags/example_trigger_controller_dag.py
[2023-11-22T19:37:15.031+0000] {logging_mixin.py:154} INFO - [2023-11-22T19:37:15.031+0000] {dag.py:2941} INFO - Sync 1 DAGs
[2023-11-22T19:37:15.049+0000] {logging_mixin.py:154} INFO - [2023-11-22T19:37:15.048+0000] {dag.py:3722} INFO - Setting next_dagrun for example_trigger_controller_dag to 2021-01-01T00:00:00+00:00, run_after=2021-01-01T00:00:00+00:00
[2023-11-22T19:37:15.063+0000] {processor.py:179} INFO - Processing /home/airflow/.local/lib/python3.8/site-packages/airflow/example_dags/example_trigger_controller_dag.py took 0.064 seconds
[2023-11-22T19:37:45.311+0000] {processor.py:157} INFO - Started process (PID=3892) to work on /home/airflow/.local/lib/python3.8/site-packages/airflow/example_dags/example_trigger_controller_dag.py
[2023-11-22T19:37:45.312+0000] {processor.py:829} INFO - Processing file /home/airflow/.local/lib/python3.8/site-packages/airflow/example_dags/example_trigger_controller_dag.py for tasks to queue
[2023-11-22T19:37:45.314+0000] {logging_mixin.py:154} INFO - [2023-11-22T19:37:45.314+0000] {dagbag.py:536} INFO - Filling up the DagBag from /home/airflow/.local/lib/python3.8/site-packages/airflow/example_dags/example_trigger_controller_dag.py
[2023-11-22T19:37:45.320+0000] {processor.py:839} INFO - DAG(s) dict_keys(['example_trigger_controller_dag']) retrieved from /home/airflow/.local/lib/python3.8/site-packages/airflow/example_dags/example_trigger_controller_dag.py
[2023-11-22T19:37:45.345+0000] {logging_mixin.py:154} INFO - [2023-11-22T19:37:45.345+0000] {dag.py:2941} INFO - Sync 1 DAGs
[2023-11-22T19:37:45.368+0000] {logging_mixin.py:154} INFO - [2023-11-22T19:37:45.367+0000] {dag.py:3722} INFO - Setting next_dagrun for example_trigger_controller_dag to 2021-01-01T00:00:00+00:00, run_after=2021-01-01T00:00:00+00:00
[2023-11-22T19:37:45.386+0000] {processor.py:179} INFO - Processing /home/airflow/.local/lib/python3.8/site-packages/airflow/example_dags/example_trigger_controller_dag.py took 0.079 seconds
[2023-11-22T19:38:15.439+0000] {processor.py:157} INFO - Started process (PID=4130) to work on /home/airflow/.local/lib/python3.8/site-packages/airflow/example_dags/example_trigger_controller_dag.py
[2023-11-22T19:38:15.440+0000] {processor.py:829} INFO - Processing file /home/airflow/.local/lib/python3.8/site-packages/airflow/example_dags/example_trigger_controller_dag.py for tasks to queue
[2023-11-22T19:38:15.441+0000] {logging_mixin.py:154} INFO - [2023-11-22T19:38:15.440+0000] {dagbag.py:536} INFO - Filling up the DagBag from /home/airflow/.local/lib/python3.8/site-packages/airflow/example_dags/example_trigger_controller_dag.py
[2023-11-22T19:38:15.445+0000] {processor.py:839} INFO - DAG(s) dict_keys(['example_trigger_controller_dag']) retrieved from /home/airflow/.local/lib/python3.8/site-packages/airflow/example_dags/example_trigger_controller_dag.py
[2023-11-22T19:38:15.466+0000] {logging_mixin.py:154} INFO - [2023-11-22T19:38:15.466+0000] {dag.py:2941} INFO - Sync 1 DAGs
[2023-11-22T19:38:15.482+0000] {logging_mixin.py:154} INFO - [2023-11-22T19:38:15.482+0000] {dag.py:3722} INFO - Setting next_dagrun for example_trigger_controller_dag to 2021-01-01T00:00:00+00:00, run_after=2021-01-01T00:00:00+00:00
[2023-11-22T19:38:15.496+0000] {processor.py:179} INFO - Processing /home/airflow/.local/lib/python3.8/site-packages/airflow/example_dags/example_trigger_controller_dag.py took 0.060 seconds
[2023-11-22T19:38:45.696+0000] {processor.py:157} INFO - Started process (PID=4367) to work on /home/airflow/.local/lib/python3.8/site-packages/airflow/example_dags/example_trigger_controller_dag.py
[2023-11-22T19:38:45.697+0000] {processor.py:829} INFO - Processing file /home/airflow/.local/lib/python3.8/site-packages/airflow/example_dags/example_trigger_controller_dag.py for tasks to queue
[2023-11-22T19:38:45.697+0000] {logging_mixin.py:154} INFO - [2023-11-22T19:38:45.697+0000] {dagbag.py:536} INFO - Filling up the DagBag from /home/airflow/.local/lib/python3.8/site-packages/airflow/example_dags/example_trigger_controller_dag.py
[2023-11-22T19:38:45.702+0000] {processor.py:839} INFO - DAG(s) dict_keys(['example_trigger_controller_dag']) retrieved from /home/airflow/.local/lib/python3.8/site-packages/airflow/example_dags/example_trigger_controller_dag.py
[2023-11-22T19:38:45.722+0000] {logging_mixin.py:154} INFO - [2023-11-22T19:38:45.722+0000] {dag.py:2941} INFO - Sync 1 DAGs
[2023-11-22T19:38:45.738+0000] {logging_mixin.py:154} INFO - [2023-11-22T19:38:45.738+0000] {dag.py:3722} INFO - Setting next_dagrun for example_trigger_controller_dag to 2021-01-01T00:00:00+00:00, run_after=2021-01-01T00:00:00+00:00
[2023-11-22T19:38:45.751+0000] {processor.py:179} INFO - Processing /home/airflow/.local/lib/python3.8/site-packages/airflow/example_dags/example_trigger_controller_dag.py took 0.059 seconds
[2023-11-22T19:39:16.169+0000] {processor.py:157} INFO - Started process (PID=4605) to work on /home/airflow/.local/lib/python3.8/site-packages/airflow/example_dags/example_trigger_controller_dag.py
[2023-11-22T19:39:16.170+0000] {processor.py:829} INFO - Processing file /home/airflow/.local/lib/python3.8/site-packages/airflow/example_dags/example_trigger_controller_dag.py for tasks to queue
[2023-11-22T19:39:16.171+0000] {logging_mixin.py:154} INFO - [2023-11-22T19:39:16.171+0000] {dagbag.py:536} INFO - Filling up the DagBag from /home/airflow/.local/lib/python3.8/site-packages/airflow/example_dags/example_trigger_controller_dag.py
[2023-11-22T19:39:16.175+0000] {processor.py:839} INFO - DAG(s) dict_keys(['example_trigger_controller_dag']) retrieved from /home/airflow/.local/lib/python3.8/site-packages/airflow/example_dags/example_trigger_controller_dag.py
[2023-11-22T19:39:16.196+0000] {logging_mixin.py:154} INFO - [2023-11-22T19:39:16.196+0000] {dag.py:2941} INFO - Sync 1 DAGs
[2023-11-22T19:39:16.213+0000] {logging_mixin.py:154} INFO - [2023-11-22T19:39:16.213+0000] {dag.py:3722} INFO - Setting next_dagrun for example_trigger_controller_dag to 2021-01-01T00:00:00+00:00, run_after=2021-01-01T00:00:00+00:00
[2023-11-22T19:39:16.225+0000] {processor.py:179} INFO - Processing /home/airflow/.local/lib/python3.8/site-packages/airflow/example_dags/example_trigger_controller_dag.py took 0.059 seconds
[2023-11-22T19:39:46.642+0000] {processor.py:157} INFO - Started process (PID=4843) to work on /home/airflow/.local/lib/python3.8/site-packages/airflow/example_dags/example_trigger_controller_dag.py
[2023-11-22T19:39:46.643+0000] {processor.py:829} INFO - Processing file /home/airflow/.local/lib/python3.8/site-packages/airflow/example_dags/example_trigger_controller_dag.py for tasks to queue
[2023-11-22T19:39:46.644+0000] {logging_mixin.py:154} INFO - [2023-11-22T19:39:46.644+0000] {dagbag.py:536} INFO - Filling up the DagBag from /home/airflow/.local/lib/python3.8/site-packages/airflow/example_dags/example_trigger_controller_dag.py
[2023-11-22T19:39:46.648+0000] {processor.py:839} INFO - DAG(s) dict_keys(['example_trigger_controller_dag']) retrieved from /home/airflow/.local/lib/python3.8/site-packages/airflow/example_dags/example_trigger_controller_dag.py
[2023-11-22T19:39:46.667+0000] {logging_mixin.py:154} INFO - [2023-11-22T19:39:46.667+0000] {dag.py:2941} INFO - Sync 1 DAGs
[2023-11-22T19:39:46.683+0000] {logging_mixin.py:154} INFO - [2023-11-22T19:39:46.683+0000] {dag.py:3722} INFO - Setting next_dagrun for example_trigger_controller_dag to 2021-01-01T00:00:00+00:00, run_after=2021-01-01T00:00:00+00:00
[2023-11-22T19:39:46.695+0000] {processor.py:179} INFO - Processing /home/airflow/.local/lib/python3.8/site-packages/airflow/example_dags/example_trigger_controller_dag.py took 0.056 seconds
[2023-11-22T19:40:17.166+0000] {processor.py:157} INFO - Started process (PID=5081) to work on /home/airflow/.local/lib/python3.8/site-packages/airflow/example_dags/example_trigger_controller_dag.py
[2023-11-22T19:40:17.167+0000] {processor.py:829} INFO - Processing file /home/airflow/.local/lib/python3.8/site-packages/airflow/example_dags/example_trigger_controller_dag.py for tasks to queue
[2023-11-22T19:40:17.168+0000] {logging_mixin.py:154} INFO - [2023-11-22T19:40:17.168+0000] {dagbag.py:536} INFO - Filling up the DagBag from /home/airflow/.local/lib/python3.8/site-packages/airflow/example_dags/example_trigger_controller_dag.py
[2023-11-22T19:40:17.172+0000] {processor.py:839} INFO - DAG(s) dict_keys(['example_trigger_controller_dag']) retrieved from /home/airflow/.local/lib/python3.8/site-packages/airflow/example_dags/example_trigger_controller_dag.py
[2023-11-22T19:40:17.193+0000] {logging_mixin.py:154} INFO - [2023-11-22T19:40:17.193+0000] {dag.py:2941} INFO - Sync 1 DAGs
[2023-11-22T19:40:17.209+0000] {logging_mixin.py:154} INFO - [2023-11-22T19:40:17.209+0000] {dag.py:3722} INFO - Setting next_dagrun for example_trigger_controller_dag to 2021-01-01T00:00:00+00:00, run_after=2021-01-01T00:00:00+00:00
[2023-11-22T19:40:17.222+0000] {processor.py:179} INFO - Processing /home/airflow/.local/lib/python3.8/site-packages/airflow/example_dags/example_trigger_controller_dag.py took 0.059 seconds
[2023-11-22T19:40:47.872+0000] {processor.py:157} INFO - Started process (PID=5321) to work on /home/airflow/.local/lib/python3.8/site-packages/airflow/example_dags/example_trigger_controller_dag.py
[2023-11-22T19:40:47.873+0000] {processor.py:829} INFO - Processing file /home/airflow/.local/lib/python3.8/site-packages/airflow/example_dags/example_trigger_controller_dag.py for tasks to queue
[2023-11-22T19:40:47.873+0000] {logging_mixin.py:154} INFO - [2023-11-22T19:40:47.873+0000] {dagbag.py:536} INFO - Filling up the DagBag from /home/airflow/.local/lib/python3.8/site-packages/airflow/example_dags/example_trigger_controller_dag.py
[2023-11-22T19:40:47.877+0000] {processor.py:839} INFO - DAG(s) dict_keys(['example_trigger_controller_dag']) retrieved from /home/airflow/.local/lib/python3.8/site-packages/airflow/example_dags/example_trigger_controller_dag.py
[2023-11-22T19:40:47.898+0000] {logging_mixin.py:154} INFO - [2023-11-22T19:40:47.898+0000] {dag.py:2941} INFO - Sync 1 DAGs
[2023-11-22T19:40:47.914+0000] {logging_mixin.py:154} INFO - [2023-11-22T19:40:47.914+0000] {dag.py:3722} INFO - Setting next_dagrun for example_trigger_controller_dag to 2021-01-01T00:00:00+00:00, run_after=2021-01-01T00:00:00+00:00
[2023-11-22T19:40:47.925+0000] {processor.py:179} INFO - Processing /home/airflow/.local/lib/python3.8/site-packages/airflow/example_dags/example_trigger_controller_dag.py took 0.057 seconds
[2023-11-22T19:41:18.308+0000] {processor.py:157} INFO - Started process (PID=5557) to work on /home/airflow/.local/lib/python3.8/site-packages/airflow/example_dags/example_trigger_controller_dag.py
[2023-11-22T19:41:18.309+0000] {processor.py:829} INFO - Processing file /home/airflow/.local/lib/python3.8/site-packages/airflow/example_dags/example_trigger_controller_dag.py for tasks to queue
[2023-11-22T19:41:18.309+0000] {logging_mixin.py:154} INFO - [2023-11-22T19:41:18.309+0000] {dagbag.py:536} INFO - Filling up the DagBag from /home/airflow/.local/lib/python3.8/site-packages/airflow/example_dags/example_trigger_controller_dag.py
[2023-11-22T19:41:18.314+0000] {processor.py:839} INFO - DAG(s) dict_keys(['example_trigger_controller_dag']) retrieved from /home/airflow/.local/lib/python3.8/site-packages/airflow/example_dags/example_trigger_controller_dag.py
[2023-11-22T19:41:18.334+0000] {logging_mixin.py:154} INFO - [2023-11-22T19:41:18.334+0000] {dag.py:2941} INFO - Sync 1 DAGs
[2023-11-22T19:41:18.351+0000] {logging_mixin.py:154} INFO - [2023-11-22T19:41:18.351+0000] {dag.py:3722} INFO - Setting next_dagrun for example_trigger_controller_dag to 2021-01-01T00:00:00+00:00, run_after=2021-01-01T00:00:00+00:00
[2023-11-22T19:41:18.364+0000] {processor.py:179} INFO - Processing /home/airflow/.local/lib/python3.8/site-packages/airflow/example_dags/example_trigger_controller_dag.py took 0.059 seconds
[2023-11-22T19:41:48.770+0000] {processor.py:157} INFO - Started process (PID=5795) to work on /home/airflow/.local/lib/python3.8/site-packages/airflow/example_dags/example_trigger_controller_dag.py
[2023-11-22T19:41:48.771+0000] {processor.py:829} INFO - Processing file /home/airflow/.local/lib/python3.8/site-packages/airflow/example_dags/example_trigger_controller_dag.py for tasks to queue
[2023-11-22T19:41:48.771+0000] {logging_mixin.py:154} INFO - [2023-11-22T19:41:48.771+0000] {dagbag.py:536} INFO - Filling up the DagBag from /home/airflow/.local/lib/python3.8/site-packages/airflow/example_dags/example_trigger_controller_dag.py
[2023-11-22T19:41:48.776+0000] {processor.py:839} INFO - DAG(s) dict_keys(['example_trigger_controller_dag']) retrieved from /home/airflow/.local/lib/python3.8/site-packages/airflow/example_dags/example_trigger_controller_dag.py
[2023-11-22T19:41:48.796+0000] {logging_mixin.py:154} INFO - [2023-11-22T19:41:48.796+0000] {dag.py:2941} INFO - Sync 1 DAGs
[2023-11-22T19:41:48.813+0000] {logging_mixin.py:154} INFO - [2023-11-22T19:41:48.813+0000] {dag.py:3722} INFO - Setting next_dagrun for example_trigger_controller_dag to 2021-01-01T00:00:00+00:00, run_after=2021-01-01T00:00:00+00:00
[2023-11-22T19:41:48.826+0000] {processor.py:179} INFO - Processing /home/airflow/.local/lib/python3.8/site-packages/airflow/example_dags/example_trigger_controller_dag.py took 0.060 seconds
[2023-11-22T19:42:19.151+0000] {processor.py:157} INFO - Started process (PID=6032) to work on /home/airflow/.local/lib/python3.8/site-packages/airflow/example_dags/example_trigger_controller_dag.py
[2023-11-22T19:42:19.152+0000] {processor.py:829} INFO - Processing file /home/airflow/.local/lib/python3.8/site-packages/airflow/example_dags/example_trigger_controller_dag.py for tasks to queue
[2023-11-22T19:42:19.153+0000] {logging_mixin.py:154} INFO - [2023-11-22T19:42:19.152+0000] {dagbag.py:536} INFO - Filling up the DagBag from /home/airflow/.local/lib/python3.8/site-packages/airflow/example_dags/example_trigger_controller_dag.py
[2023-11-22T19:42:19.157+0000] {processor.py:839} INFO - DAG(s) dict_keys(['example_trigger_controller_dag']) retrieved from /home/airflow/.local/lib/python3.8/site-packages/airflow/example_dags/example_trigger_controller_dag.py
[2023-11-22T19:42:19.178+0000] {logging_mixin.py:154} INFO - [2023-11-22T19:42:19.178+0000] {dag.py:2941} INFO - Sync 1 DAGs
[2023-11-22T19:42:19.194+0000] {logging_mixin.py:154} INFO - [2023-11-22T19:42:19.194+0000] {dag.py:3722} INFO - Setting next_dagrun for example_trigger_controller_dag to 2021-01-01T00:00:00+00:00, run_after=2021-01-01T00:00:00+00:00
[2023-11-22T19:42:19.207+0000] {processor.py:179} INFO - Processing /home/airflow/.local/lib/python3.8/site-packages/airflow/example_dags/example_trigger_controller_dag.py took 0.059 seconds
[2023-11-22T19:42:49.588+0000] {processor.py:157} INFO - Started process (PID=6270) to work on /home/airflow/.local/lib/python3.8/site-packages/airflow/example_dags/example_trigger_controller_dag.py
[2023-11-22T19:42:49.589+0000] {processor.py:829} INFO - Processing file /home/airflow/.local/lib/python3.8/site-packages/airflow/example_dags/example_trigger_controller_dag.py for tasks to queue
[2023-11-22T19:42:49.590+0000] {logging_mixin.py:154} INFO - [2023-11-22T19:42:49.590+0000] {dagbag.py:536} INFO - Filling up the DagBag from /home/airflow/.local/lib/python3.8/site-packages/airflow/example_dags/example_trigger_controller_dag.py
[2023-11-22T19:42:49.595+0000] {processor.py:839} INFO - DAG(s) dict_keys(['example_trigger_controller_dag']) retrieved from /home/airflow/.local/lib/python3.8/site-packages/airflow/example_dags/example_trigger_controller_dag.py
[2023-11-22T19:42:49.616+0000] {logging_mixin.py:154} INFO - [2023-11-22T19:42:49.616+0000] {dag.py:2941} INFO - Sync 1 DAGs
[2023-11-22T19:42:49.633+0000] {logging_mixin.py:154} INFO - [2023-11-22T19:42:49.632+0000] {dag.py:3722} INFO - Setting next_dagrun for example_trigger_controller_dag to 2021-01-01T00:00:00+00:00, run_after=2021-01-01T00:00:00+00:00
[2023-11-22T19:42:49.646+0000] {processor.py:179} INFO - Processing /home/airflow/.local/lib/python3.8/site-packages/airflow/example_dags/example_trigger_controller_dag.py took 0.060 seconds
[2023-11-22T19:43:19.896+0000] {processor.py:157} INFO - Started process (PID=6508) to work on /home/airflow/.local/lib/python3.8/site-packages/airflow/example_dags/example_trigger_controller_dag.py
[2023-11-22T19:43:19.897+0000] {processor.py:829} INFO - Processing file /home/airflow/.local/lib/python3.8/site-packages/airflow/example_dags/example_trigger_controller_dag.py for tasks to queue
[2023-11-22T19:43:19.898+0000] {logging_mixin.py:154} INFO - [2023-11-22T19:43:19.897+0000] {dagbag.py:536} INFO - Filling up the DagBag from /home/airflow/.local/lib/python3.8/site-packages/airflow/example_dags/example_trigger_controller_dag.py
[2023-11-22T19:43:19.902+0000] {processor.py:839} INFO - DAG(s) dict_keys(['example_trigger_controller_dag']) retrieved from /home/airflow/.local/lib/python3.8/site-packages/airflow/example_dags/example_trigger_controller_dag.py
[2023-11-22T19:43:19.923+0000] {logging_mixin.py:154} INFO - [2023-11-22T19:43:19.923+0000] {dag.py:2941} INFO - Sync 1 DAGs
[2023-11-22T19:43:19.940+0000] {logging_mixin.py:154} INFO - [2023-11-22T19:43:19.940+0000] {dag.py:3722} INFO - Setting next_dagrun for example_trigger_controller_dag to 2021-01-01T00:00:00+00:00, run_after=2021-01-01T00:00:00+00:00
[2023-11-22T19:43:19.952+0000] {processor.py:179} INFO - Processing /home/airflow/.local/lib/python3.8/site-packages/airflow/example_dags/example_trigger_controller_dag.py took 0.059 seconds
[2023-11-22T19:43:50.483+0000] {processor.py:157} INFO - Started process (PID=6751) to work on /home/airflow/.local/lib/python3.8/site-packages/airflow/example_dags/example_trigger_controller_dag.py
[2023-11-22T19:43:50.485+0000] {processor.py:829} INFO - Processing file /home/airflow/.local/lib/python3.8/site-packages/airflow/example_dags/example_trigger_controller_dag.py for tasks to queue
[2023-11-22T19:43:50.486+0000] {logging_mixin.py:154} INFO - [2023-11-22T19:43:50.486+0000] {dagbag.py:536} INFO - Filling up the DagBag from /home/airflow/.local/lib/python3.8/site-packages/airflow/example_dags/example_trigger_controller_dag.py
[2023-11-22T19:43:50.492+0000] {processor.py:839} INFO - DAG(s) dict_keys(['example_trigger_controller_dag']) retrieved from /home/airflow/.local/lib/python3.8/site-packages/airflow/example_dags/example_trigger_controller_dag.py
[2023-11-22T19:43:50.527+0000] {logging_mixin.py:154} INFO - [2023-11-22T19:43:50.526+0000] {dag.py:2941} INFO - Sync 1 DAGs
[2023-11-22T19:43:50.548+0000] {logging_mixin.py:154} INFO - [2023-11-22T19:43:50.548+0000] {dag.py:3722} INFO - Setting next_dagrun for example_trigger_controller_dag to 2021-01-01T00:00:00+00:00, run_after=2021-01-01T00:00:00+00:00
[2023-11-22T19:43:50.561+0000] {processor.py:179} INFO - Processing /home/airflow/.local/lib/python3.8/site-packages/airflow/example_dags/example_trigger_controller_dag.py took 0.081 seconds
[2023-11-22T19:44:20.936+0000] {processor.py:157} INFO - Started process (PID=6991) to work on /home/airflow/.local/lib/python3.8/site-packages/airflow/example_dags/example_trigger_controller_dag.py
[2023-11-22T19:44:20.937+0000] {processor.py:829} INFO - Processing file /home/airflow/.local/lib/python3.8/site-packages/airflow/example_dags/example_trigger_controller_dag.py for tasks to queue
[2023-11-22T19:44:20.938+0000] {logging_mixin.py:154} INFO - [2023-11-22T19:44:20.938+0000] {dagbag.py:536} INFO - Filling up the DagBag from /home/airflow/.local/lib/python3.8/site-packages/airflow/example_dags/example_trigger_controller_dag.py
[2023-11-22T19:44:20.942+0000] {processor.py:839} INFO - DAG(s) dict_keys(['example_trigger_controller_dag']) retrieved from /home/airflow/.local/lib/python3.8/site-packages/airflow/example_dags/example_trigger_controller_dag.py
[2023-11-22T19:44:20.963+0000] {logging_mixin.py:154} INFO - [2023-11-22T19:44:20.963+0000] {dag.py:2941} INFO - Sync 1 DAGs
[2023-11-22T19:44:20.979+0000] {logging_mixin.py:154} INFO - [2023-11-22T19:44:20.979+0000] {dag.py:3722} INFO - Setting next_dagrun for example_trigger_controller_dag to 2021-01-01T00:00:00+00:00, run_after=2021-01-01T00:00:00+00:00
[2023-11-22T19:44:20.992+0000] {processor.py:179} INFO - Processing /home/airflow/.local/lib/python3.8/site-packages/airflow/example_dags/example_trigger_controller_dag.py took 0.059 seconds
[2023-11-22T19:44:51.399+0000] {processor.py:157} INFO - Started process (PID=7229) to work on /home/airflow/.local/lib/python3.8/site-packages/airflow/example_dags/example_trigger_controller_dag.py
[2023-11-22T19:44:51.400+0000] {processor.py:829} INFO - Processing file /home/airflow/.local/lib/python3.8/site-packages/airflow/example_dags/example_trigger_controller_dag.py for tasks to queue
[2023-11-22T19:44:51.401+0000] {logging_mixin.py:154} INFO - [2023-11-22T19:44:51.400+0000] {dagbag.py:536} INFO - Filling up the DagBag from /home/airflow/.local/lib/python3.8/site-packages/airflow/example_dags/example_trigger_controller_dag.py
[2023-11-22T19:44:51.405+0000] {processor.py:839} INFO - DAG(s) dict_keys(['example_trigger_controller_dag']) retrieved from /home/airflow/.local/lib/python3.8/site-packages/airflow/example_dags/example_trigger_controller_dag.py
[2023-11-22T19:44:51.426+0000] {logging_mixin.py:154} INFO - [2023-11-22T19:44:51.426+0000] {dag.py:2941} INFO - Sync 1 DAGs
[2023-11-22T19:44:51.442+0000] {logging_mixin.py:154} INFO - [2023-11-22T19:44:51.442+0000] {dag.py:3722} INFO - Setting next_dagrun for example_trigger_controller_dag to 2021-01-01T00:00:00+00:00, run_after=2021-01-01T00:00:00+00:00
[2023-11-22T19:44:51.456+0000] {processor.py:179} INFO - Processing /home/airflow/.local/lib/python3.8/site-packages/airflow/example_dags/example_trigger_controller_dag.py took 0.060 seconds
[2023-11-22T19:45:21.783+0000] {processor.py:157} INFO - Started process (PID=7467) to work on /home/airflow/.local/lib/python3.8/site-packages/airflow/example_dags/example_trigger_controller_dag.py
[2023-11-22T19:45:21.784+0000] {processor.py:829} INFO - Processing file /home/airflow/.local/lib/python3.8/site-packages/airflow/example_dags/example_trigger_controller_dag.py for tasks to queue
[2023-11-22T19:45:21.785+0000] {logging_mixin.py:154} INFO - [2023-11-22T19:45:21.784+0000] {dagbag.py:536} INFO - Filling up the DagBag from /home/airflow/.local/lib/python3.8/site-packages/airflow/example_dags/example_trigger_controller_dag.py
[2023-11-22T19:45:21.789+0000] {processor.py:839} INFO - DAG(s) dict_keys(['example_trigger_controller_dag']) retrieved from /home/airflow/.local/lib/python3.8/site-packages/airflow/example_dags/example_trigger_controller_dag.py
[2023-11-22T19:45:21.809+0000] {logging_mixin.py:154} INFO - [2023-11-22T19:45:21.809+0000] {dag.py:2941} INFO - Sync 1 DAGs
[2023-11-22T19:45:21.826+0000] {logging_mixin.py:154} INFO - [2023-11-22T19:45:21.826+0000] {dag.py:3722} INFO - Setting next_dagrun for example_trigger_controller_dag to 2021-01-01T00:00:00+00:00, run_after=2021-01-01T00:00:00+00:00
[2023-11-22T19:45:21.839+0000] {processor.py:179} INFO - Processing /home/airflow/.local/lib/python3.8/site-packages/airflow/example_dags/example_trigger_controller_dag.py took 0.060 seconds
[2023-11-22T19:45:52.301+0000] {processor.py:157} INFO - Started process (PID=7705) to work on /home/airflow/.local/lib/python3.8/site-packages/airflow/example_dags/example_trigger_controller_dag.py
[2023-11-22T19:45:52.302+0000] {processor.py:829} INFO - Processing file /home/airflow/.local/lib/python3.8/site-packages/airflow/example_dags/example_trigger_controller_dag.py for tasks to queue
[2023-11-22T19:45:52.302+0000] {logging_mixin.py:154} INFO - [2023-11-22T19:45:52.302+0000] {dagbag.py:536} INFO - Filling up the DagBag from /home/airflow/.local/lib/python3.8/site-packages/airflow/example_dags/example_trigger_controller_dag.py
[2023-11-22T19:45:52.306+0000] {processor.py:839} INFO - DAG(s) dict_keys(['example_trigger_controller_dag']) retrieved from /home/airflow/.local/lib/python3.8/site-packages/airflow/example_dags/example_trigger_controller_dag.py
[2023-11-22T19:45:52.327+0000] {logging_mixin.py:154} INFO - [2023-11-22T19:45:52.327+0000] {dag.py:2941} INFO - Sync 1 DAGs
[2023-11-22T19:45:52.344+0000] {logging_mixin.py:154} INFO - [2023-11-22T19:45:52.343+0000] {dag.py:3722} INFO - Setting next_dagrun for example_trigger_controller_dag to 2021-01-01T00:00:00+00:00, run_after=2021-01-01T00:00:00+00:00
[2023-11-22T19:45:52.356+0000] {processor.py:179} INFO - Processing /home/airflow/.local/lib/python3.8/site-packages/airflow/example_dags/example_trigger_controller_dag.py took 0.059 seconds
[2023-11-22T19:46:22.756+0000] {processor.py:157} INFO - Started process (PID=7943) to work on /home/airflow/.local/lib/python3.8/site-packages/airflow/example_dags/example_trigger_controller_dag.py
[2023-11-22T19:46:22.757+0000] {processor.py:829} INFO - Processing file /home/airflow/.local/lib/python3.8/site-packages/airflow/example_dags/example_trigger_controller_dag.py for tasks to queue
[2023-11-22T19:46:22.757+0000] {logging_mixin.py:154} INFO - [2023-11-22T19:46:22.757+0000] {dagbag.py:536} INFO - Filling up the DagBag from /home/airflow/.local/lib/python3.8/site-packages/airflow/example_dags/example_trigger_controller_dag.py
[2023-11-22T19:46:22.762+0000] {processor.py:839} INFO - DAG(s) dict_keys(['example_trigger_controller_dag']) retrieved from /home/airflow/.local/lib/python3.8/site-packages/airflow/example_dags/example_trigger_controller_dag.py
[2023-11-22T19:46:22.782+0000] {logging_mixin.py:154} INFO - [2023-11-22T19:46:22.782+0000] {dag.py:2941} INFO - Sync 1 DAGs
[2023-11-22T19:46:22.798+0000] {logging_mixin.py:154} INFO - [2023-11-22T19:46:22.798+0000] {dag.py:3722} INFO - Setting next_dagrun for example_trigger_controller_dag to 2021-01-01T00:00:00+00:00, run_after=2021-01-01T00:00:00+00:00
[2023-11-22T19:46:22.811+0000] {processor.py:179} INFO - Processing /home/airflow/.local/lib/python3.8/site-packages/airflow/example_dags/example_trigger_controller_dag.py took 0.059 seconds
[2023-11-22T19:46:53.186+0000] {processor.py:157} INFO - Started process (PID=8181) to work on /home/airflow/.local/lib/python3.8/site-packages/airflow/example_dags/example_trigger_controller_dag.py
[2023-11-22T19:46:53.187+0000] {processor.py:829} INFO - Processing file /home/airflow/.local/lib/python3.8/site-packages/airflow/example_dags/example_trigger_controller_dag.py for tasks to queue
[2023-11-22T19:46:53.188+0000] {logging_mixin.py:154} INFO - [2023-11-22T19:46:53.188+0000] {dagbag.py:536} INFO - Filling up the DagBag from /home/airflow/.local/lib/python3.8/site-packages/airflow/example_dags/example_trigger_controller_dag.py
[2023-11-22T19:46:53.192+0000] {processor.py:839} INFO - DAG(s) dict_keys(['example_trigger_controller_dag']) retrieved from /home/airflow/.local/lib/python3.8/site-packages/airflow/example_dags/example_trigger_controller_dag.py
[2023-11-22T19:46:53.213+0000] {logging_mixin.py:154} INFO - [2023-11-22T19:46:53.212+0000] {dag.py:2941} INFO - Sync 1 DAGs
[2023-11-22T19:46:53.229+0000] {logging_mixin.py:154} INFO - [2023-11-22T19:46:53.229+0000] {dag.py:3722} INFO - Setting next_dagrun for example_trigger_controller_dag to 2021-01-01T00:00:00+00:00, run_after=2021-01-01T00:00:00+00:00
[2023-11-22T19:46:53.242+0000] {processor.py:179} INFO - Processing /home/airflow/.local/lib/python3.8/site-packages/airflow/example_dags/example_trigger_controller_dag.py took 0.059 seconds
[2023-11-22T19:47:23.700+0000] {processor.py:157} INFO - Started process (PID=8420) to work on /home/airflow/.local/lib/python3.8/site-packages/airflow/example_dags/example_trigger_controller_dag.py
[2023-11-22T19:47:23.701+0000] {processor.py:829} INFO - Processing file /home/airflow/.local/lib/python3.8/site-packages/airflow/example_dags/example_trigger_controller_dag.py for tasks to queue
[2023-11-22T19:47:23.702+0000] {logging_mixin.py:154} INFO - [2023-11-22T19:47:23.701+0000] {dagbag.py:536} INFO - Filling up the DagBag from /home/airflow/.local/lib/python3.8/site-packages/airflow/example_dags/example_trigger_controller_dag.py
[2023-11-22T19:47:23.706+0000] {processor.py:839} INFO - DAG(s) dict_keys(['example_trigger_controller_dag']) retrieved from /home/airflow/.local/lib/python3.8/site-packages/airflow/example_dags/example_trigger_controller_dag.py
[2023-11-22T19:47:23.728+0000] {logging_mixin.py:154} INFO - [2023-11-22T19:47:23.727+0000] {dag.py:2941} INFO - Sync 1 DAGs
[2023-11-22T19:47:23.744+0000] {logging_mixin.py:154} INFO - [2023-11-22T19:47:23.744+0000] {dag.py:3722} INFO - Setting next_dagrun for example_trigger_controller_dag to 2021-01-01T00:00:00+00:00, run_after=2021-01-01T00:00:00+00:00
[2023-11-22T19:47:23.759+0000] {processor.py:179} INFO - Processing /home/airflow/.local/lib/python3.8/site-packages/airflow/example_dags/example_trigger_controller_dag.py took 0.062 seconds
[2023-11-22T19:47:54.520+0000] {processor.py:157} INFO - Started process (PID=8656) to work on /home/airflow/.local/lib/python3.8/site-packages/airflow/example_dags/example_trigger_controller_dag.py
[2023-11-22T19:47:54.521+0000] {processor.py:829} INFO - Processing file /home/airflow/.local/lib/python3.8/site-packages/airflow/example_dags/example_trigger_controller_dag.py for tasks to queue
[2023-11-22T19:47:54.522+0000] {logging_mixin.py:154} INFO - [2023-11-22T19:47:54.522+0000] {dagbag.py:536} INFO - Filling up the DagBag from /home/airflow/.local/lib/python3.8/site-packages/airflow/example_dags/example_trigger_controller_dag.py
[2023-11-22T19:47:54.526+0000] {processor.py:839} INFO - DAG(s) dict_keys(['example_trigger_controller_dag']) retrieved from /home/airflow/.local/lib/python3.8/site-packages/airflow/example_dags/example_trigger_controller_dag.py
[2023-11-22T19:47:54.547+0000] {logging_mixin.py:154} INFO - [2023-11-22T19:47:54.547+0000] {dag.py:2941} INFO - Sync 1 DAGs
[2023-11-22T19:47:54.564+0000] {logging_mixin.py:154} INFO - [2023-11-22T19:47:54.564+0000] {dag.py:3722} INFO - Setting next_dagrun for example_trigger_controller_dag to 2021-01-01T00:00:00+00:00, run_after=2021-01-01T00:00:00+00:00
[2023-11-22T19:47:54.577+0000] {processor.py:179} INFO - Processing /home/airflow/.local/lib/python3.8/site-packages/airflow/example_dags/example_trigger_controller_dag.py took 0.060 seconds
[2023-11-22T19:48:25.385+0000] {processor.py:157} INFO - Started process (PID=8894) to work on /home/airflow/.local/lib/python3.8/site-packages/airflow/example_dags/example_trigger_controller_dag.py
[2023-11-22T19:48:25.386+0000] {processor.py:829} INFO - Processing file /home/airflow/.local/lib/python3.8/site-packages/airflow/example_dags/example_trigger_controller_dag.py for tasks to queue
[2023-11-22T19:48:25.387+0000] {logging_mixin.py:154} INFO - [2023-11-22T19:48:25.387+0000] {dagbag.py:536} INFO - Filling up the DagBag from /home/airflow/.local/lib/python3.8/site-packages/airflow/example_dags/example_trigger_controller_dag.py
[2023-11-22T19:48:25.391+0000] {processor.py:839} INFO - DAG(s) dict_keys(['example_trigger_controller_dag']) retrieved from /home/airflow/.local/lib/python3.8/site-packages/airflow/example_dags/example_trigger_controller_dag.py
[2023-11-22T19:48:25.412+0000] {logging_mixin.py:154} INFO - [2023-11-22T19:48:25.412+0000] {dag.py:2941} INFO - Sync 1 DAGs
[2023-11-22T19:48:25.428+0000] {logging_mixin.py:154} INFO - [2023-11-22T19:48:25.428+0000] {dag.py:3722} INFO - Setting next_dagrun for example_trigger_controller_dag to 2021-01-01T00:00:00+00:00, run_after=2021-01-01T00:00:00+00:00
[2023-11-22T19:48:25.441+0000] {processor.py:179} INFO - Processing /home/airflow/.local/lib/python3.8/site-packages/airflow/example_dags/example_trigger_controller_dag.py took 0.059 seconds
[2023-11-22T19:48:55.803+0000] {processor.py:157} INFO - Started process (PID=9132) to work on /home/airflow/.local/lib/python3.8/site-packages/airflow/example_dags/example_trigger_controller_dag.py
[2023-11-22T19:48:55.804+0000] {processor.py:829} INFO - Processing file /home/airflow/.local/lib/python3.8/site-packages/airflow/example_dags/example_trigger_controller_dag.py for tasks to queue
[2023-11-22T19:48:55.807+0000] {logging_mixin.py:154} INFO - [2023-11-22T19:48:55.806+0000] {dagbag.py:536} INFO - Filling up the DagBag from /home/airflow/.local/lib/python3.8/site-packages/airflow/example_dags/example_trigger_controller_dag.py
[2023-11-22T19:48:55.811+0000] {processor.py:839} INFO - DAG(s) dict_keys(['example_trigger_controller_dag']) retrieved from /home/airflow/.local/lib/python3.8/site-packages/airflow/example_dags/example_trigger_controller_dag.py
[2023-11-22T19:48:55.833+0000] {logging_mixin.py:154} INFO - [2023-11-22T19:48:55.833+0000] {dag.py:2941} INFO - Sync 1 DAGs
[2023-11-22T19:48:55.852+0000] {logging_mixin.py:154} INFO - [2023-11-22T19:48:55.852+0000] {dag.py:3722} INFO - Setting next_dagrun for example_trigger_controller_dag to 2021-01-01T00:00:00+00:00, run_after=2021-01-01T00:00:00+00:00
[2023-11-22T19:48:55.874+0000] {processor.py:179} INFO - Processing /home/airflow/.local/lib/python3.8/site-packages/airflow/example_dags/example_trigger_controller_dag.py took 0.074 seconds
[2023-11-22T19:49:26.891+0000] {processor.py:157} INFO - Started process (PID=9370) to work on /home/airflow/.local/lib/python3.8/site-packages/airflow/example_dags/example_trigger_controller_dag.py
[2023-11-22T19:49:26.892+0000] {processor.py:829} INFO - Processing file /home/airflow/.local/lib/python3.8/site-packages/airflow/example_dags/example_trigger_controller_dag.py for tasks to queue
[2023-11-22T19:49:26.893+0000] {logging_mixin.py:154} INFO - [2023-11-22T19:49:26.893+0000] {dagbag.py:536} INFO - Filling up the DagBag from /home/airflow/.local/lib/python3.8/site-packages/airflow/example_dags/example_trigger_controller_dag.py
[2023-11-22T19:49:26.897+0000] {processor.py:839} INFO - DAG(s) dict_keys(['example_trigger_controller_dag']) retrieved from /home/airflow/.local/lib/python3.8/site-packages/airflow/example_dags/example_trigger_controller_dag.py
[2023-11-22T19:49:26.919+0000] {logging_mixin.py:154} INFO - [2023-11-22T19:49:26.919+0000] {dag.py:2941} INFO - Sync 1 DAGs
[2023-11-22T19:49:26.941+0000] {logging_mixin.py:154} INFO - [2023-11-22T19:49:26.941+0000] {dag.py:3722} INFO - Setting next_dagrun for example_trigger_controller_dag to 2021-01-01T00:00:00+00:00, run_after=2021-01-01T00:00:00+00:00
[2023-11-22T19:49:26.955+0000] {processor.py:179} INFO - Processing /home/airflow/.local/lib/python3.8/site-packages/airflow/example_dags/example_trigger_controller_dag.py took 0.067 seconds
[2023-11-22T19:49:57.811+0000] {processor.py:157} INFO - Started process (PID=9608) to work on /home/airflow/.local/lib/python3.8/site-packages/airflow/example_dags/example_trigger_controller_dag.py
[2023-11-22T19:49:57.812+0000] {processor.py:829} INFO - Processing file /home/airflow/.local/lib/python3.8/site-packages/airflow/example_dags/example_trigger_controller_dag.py for tasks to queue
[2023-11-22T19:49:57.813+0000] {logging_mixin.py:154} INFO - [2023-11-22T19:49:57.812+0000] {dagbag.py:536} INFO - Filling up the DagBag from /home/airflow/.local/lib/python3.8/site-packages/airflow/example_dags/example_trigger_controller_dag.py
[2023-11-22T19:49:57.817+0000] {processor.py:839} INFO - DAG(s) dict_keys(['example_trigger_controller_dag']) retrieved from /home/airflow/.local/lib/python3.8/site-packages/airflow/example_dags/example_trigger_controller_dag.py
[2023-11-22T19:49:57.839+0000] {logging_mixin.py:154} INFO - [2023-11-22T19:49:57.839+0000] {dag.py:2941} INFO - Sync 1 DAGs
[2023-11-22T19:49:57.979+0000] {logging_mixin.py:154} INFO - [2023-11-22T19:49:57.978+0000] {dag.py:3722} INFO - Setting next_dagrun for example_trigger_controller_dag to 2021-01-01T00:00:00+00:00, run_after=2021-01-01T00:00:00+00:00
[2023-11-22T19:49:57.990+0000] {processor.py:179} INFO - Processing /home/airflow/.local/lib/python3.8/site-packages/airflow/example_dags/example_trigger_controller_dag.py took 0.182 seconds
[2023-11-22T19:50:28.116+0000] {processor.py:157} INFO - Started process (PID=9846) to work on /home/airflow/.local/lib/python3.8/site-packages/airflow/example_dags/example_trigger_controller_dag.py
[2023-11-22T19:50:28.117+0000] {processor.py:829} INFO - Processing file /home/airflow/.local/lib/python3.8/site-packages/airflow/example_dags/example_trigger_controller_dag.py for tasks to queue
[2023-11-22T19:50:28.118+0000] {logging_mixin.py:154} INFO - [2023-11-22T19:50:28.118+0000] {dagbag.py:536} INFO - Filling up the DagBag from /home/airflow/.local/lib/python3.8/site-packages/airflow/example_dags/example_trigger_controller_dag.py
[2023-11-22T19:50:28.122+0000] {processor.py:839} INFO - DAG(s) dict_keys(['example_trigger_controller_dag']) retrieved from /home/airflow/.local/lib/python3.8/site-packages/airflow/example_dags/example_trigger_controller_dag.py
[2023-11-22T19:50:28.143+0000] {logging_mixin.py:154} INFO - [2023-11-22T19:50:28.143+0000] {dag.py:2941} INFO - Sync 1 DAGs
[2023-11-22T19:50:28.273+0000] {logging_mixin.py:154} INFO - [2023-11-22T19:50:28.273+0000] {dag.py:3722} INFO - Setting next_dagrun for example_trigger_controller_dag to 2021-01-01T00:00:00+00:00, run_after=2021-01-01T00:00:00+00:00
[2023-11-22T19:50:28.287+0000] {processor.py:179} INFO - Processing /home/airflow/.local/lib/python3.8/site-packages/airflow/example_dags/example_trigger_controller_dag.py took 0.175 seconds
[2023-11-22T19:50:58.343+0000] {processor.py:157} INFO - Started process (PID=10084) to work on /home/airflow/.local/lib/python3.8/site-packages/airflow/example_dags/example_trigger_controller_dag.py
[2023-11-22T19:50:58.344+0000] {processor.py:829} INFO - Processing file /home/airflow/.local/lib/python3.8/site-packages/airflow/example_dags/example_trigger_controller_dag.py for tasks to queue
[2023-11-22T19:50:58.345+0000] {logging_mixin.py:154} INFO - [2023-11-22T19:50:58.345+0000] {dagbag.py:536} INFO - Filling up the DagBag from /home/airflow/.local/lib/python3.8/site-packages/airflow/example_dags/example_trigger_controller_dag.py
[2023-11-22T19:50:58.350+0000] {processor.py:839} INFO - DAG(s) dict_keys(['example_trigger_controller_dag']) retrieved from /home/airflow/.local/lib/python3.8/site-packages/airflow/example_dags/example_trigger_controller_dag.py
[2023-11-22T19:50:58.372+0000] {logging_mixin.py:154} INFO - [2023-11-22T19:50:58.372+0000] {dag.py:2941} INFO - Sync 1 DAGs
[2023-11-22T19:50:58.391+0000] {logging_mixin.py:154} INFO - [2023-11-22T19:50:58.391+0000] {dag.py:3722} INFO - Setting next_dagrun for example_trigger_controller_dag to 2021-01-01T00:00:00+00:00, run_after=2021-01-01T00:00:00+00:00
[2023-11-22T19:50:58.533+0000] {processor.py:179} INFO - Processing /home/airflow/.local/lib/python3.8/site-packages/airflow/example_dags/example_trigger_controller_dag.py took 0.193 seconds
[2023-11-22T19:51:28.598+0000] {processor.py:157} INFO - Started process (PID=10324) to work on /home/airflow/.local/lib/python3.8/site-packages/airflow/example_dags/example_trigger_controller_dag.py
[2023-11-22T19:51:28.599+0000] {processor.py:829} INFO - Processing file /home/airflow/.local/lib/python3.8/site-packages/airflow/example_dags/example_trigger_controller_dag.py for tasks to queue
[2023-11-22T19:51:28.600+0000] {logging_mixin.py:154} INFO - [2023-11-22T19:51:28.599+0000] {dagbag.py:536} INFO - Filling up the DagBag from /home/airflow/.local/lib/python3.8/site-packages/airflow/example_dags/example_trigger_controller_dag.py
[2023-11-22T19:51:28.604+0000] {processor.py:839} INFO - DAG(s) dict_keys(['example_trigger_controller_dag']) retrieved from /home/airflow/.local/lib/python3.8/site-packages/airflow/example_dags/example_trigger_controller_dag.py
[2023-11-22T19:51:28.624+0000] {logging_mixin.py:154} INFO - [2023-11-22T19:51:28.624+0000] {dag.py:2941} INFO - Sync 1 DAGs
[2023-11-22T19:51:28.640+0000] {logging_mixin.py:154} INFO - [2023-11-22T19:51:28.640+0000] {dag.py:3722} INFO - Setting next_dagrun for example_trigger_controller_dag to 2021-01-01T00:00:00+00:00, run_after=2021-01-01T00:00:00+00:00
[2023-11-22T19:51:28.652+0000] {processor.py:179} INFO - Processing /home/airflow/.local/lib/python3.8/site-packages/airflow/example_dags/example_trigger_controller_dag.py took 0.057 seconds
[2023-11-22T19:51:59.745+0000] {processor.py:157} INFO - Started process (PID=10560) to work on /home/airflow/.local/lib/python3.8/site-packages/airflow/example_dags/example_trigger_controller_dag.py
[2023-11-22T19:51:59.746+0000] {processor.py:829} INFO - Processing file /home/airflow/.local/lib/python3.8/site-packages/airflow/example_dags/example_trigger_controller_dag.py for tasks to queue
[2023-11-22T19:51:59.747+0000] {logging_mixin.py:154} INFO - [2023-11-22T19:51:59.747+0000] {dagbag.py:536} INFO - Filling up the DagBag from /home/airflow/.local/lib/python3.8/site-packages/airflow/example_dags/example_trigger_controller_dag.py
[2023-11-22T19:51:59.888+0000] {processor.py:839} INFO - DAG(s) dict_keys(['example_trigger_controller_dag']) retrieved from /home/airflow/.local/lib/python3.8/site-packages/airflow/example_dags/example_trigger_controller_dag.py
[2023-11-22T19:51:59.907+0000] {logging_mixin.py:154} INFO - [2023-11-22T19:51:59.907+0000] {dag.py:2941} INFO - Sync 1 DAGs
[2023-11-22T19:51:59.924+0000] {logging_mixin.py:154} INFO - [2023-11-22T19:51:59.924+0000] {dag.py:3722} INFO - Setting next_dagrun for example_trigger_controller_dag to 2021-01-01T00:00:00+00:00, run_after=2021-01-01T00:00:00+00:00
[2023-11-22T19:51:59.938+0000] {processor.py:179} INFO - Processing /home/airflow/.local/lib/python3.8/site-packages/airflow/example_dags/example_trigger_controller_dag.py took 0.196 seconds
[2023-11-22T19:52:30.554+0000] {processor.py:157} INFO - Started process (PID=10799) to work on /home/airflow/.local/lib/python3.8/site-packages/airflow/example_dags/example_trigger_controller_dag.py
[2023-11-22T19:52:30.555+0000] {processor.py:829} INFO - Processing file /home/airflow/.local/lib/python3.8/site-packages/airflow/example_dags/example_trigger_controller_dag.py for tasks to queue
[2023-11-22T19:52:30.555+0000] {logging_mixin.py:154} INFO - [2023-11-22T19:52:30.555+0000] {dagbag.py:536} INFO - Filling up the DagBag from /home/airflow/.local/lib/python3.8/site-packages/airflow/example_dags/example_trigger_controller_dag.py
[2023-11-22T19:52:30.560+0000] {processor.py:839} INFO - DAG(s) dict_keys(['example_trigger_controller_dag']) retrieved from /home/airflow/.local/lib/python3.8/site-packages/airflow/example_dags/example_trigger_controller_dag.py
[2023-11-22T19:52:30.581+0000] {logging_mixin.py:154} INFO - [2023-11-22T19:52:30.581+0000] {dag.py:2941} INFO - Sync 1 DAGs
[2023-11-22T19:52:30.597+0000] {logging_mixin.py:154} INFO - [2023-11-22T19:52:30.597+0000] {dag.py:3722} INFO - Setting next_dagrun for example_trigger_controller_dag to 2021-01-01T00:00:00+00:00, run_after=2021-01-01T00:00:00+00:00
[2023-11-22T19:52:30.610+0000] {processor.py:179} INFO - Processing /home/airflow/.local/lib/python3.8/site-packages/airflow/example_dags/example_trigger_controller_dag.py took 0.060 seconds
[2023-11-22T19:53:01.012+0000] {processor.py:157} INFO - Started process (PID=11037) to work on /home/airflow/.local/lib/python3.8/site-packages/airflow/example_dags/example_trigger_controller_dag.py
[2023-11-22T19:53:01.013+0000] {processor.py:829} INFO - Processing file /home/airflow/.local/lib/python3.8/site-packages/airflow/example_dags/example_trigger_controller_dag.py for tasks to queue
[2023-11-22T19:53:01.014+0000] {logging_mixin.py:154} INFO - [2023-11-22T19:53:01.014+0000] {dagbag.py:536} INFO - Filling up the DagBag from /home/airflow/.local/lib/python3.8/site-packages/airflow/example_dags/example_trigger_controller_dag.py
[2023-11-22T19:53:01.018+0000] {processor.py:839} INFO - DAG(s) dict_keys(['example_trigger_controller_dag']) retrieved from /home/airflow/.local/lib/python3.8/site-packages/airflow/example_dags/example_trigger_controller_dag.py
[2023-11-22T19:53:01.039+0000] {logging_mixin.py:154} INFO - [2023-11-22T19:53:01.039+0000] {dag.py:2941} INFO - Sync 1 DAGs
[2023-11-22T19:53:01.056+0000] {logging_mixin.py:154} INFO - [2023-11-22T19:53:01.056+0000] {dag.py:3722} INFO - Setting next_dagrun for example_trigger_controller_dag to 2021-01-01T00:00:00+00:00, run_after=2021-01-01T00:00:00+00:00
[2023-11-22T19:53:01.069+0000] {processor.py:179} INFO - Processing /home/airflow/.local/lib/python3.8/site-packages/airflow/example_dags/example_trigger_controller_dag.py took 0.060 seconds
[2023-11-22T19:53:31.391+0000] {processor.py:157} INFO - Started process (PID=11275) to work on /home/airflow/.local/lib/python3.8/site-packages/airflow/example_dags/example_trigger_controller_dag.py
[2023-11-22T19:53:31.392+0000] {processor.py:829} INFO - Processing file /home/airflow/.local/lib/python3.8/site-packages/airflow/example_dags/example_trigger_controller_dag.py for tasks to queue
[2023-11-22T19:53:31.393+0000] {logging_mixin.py:154} INFO - [2023-11-22T19:53:31.393+0000] {dagbag.py:536} INFO - Filling up the DagBag from /home/airflow/.local/lib/python3.8/site-packages/airflow/example_dags/example_trigger_controller_dag.py
[2023-11-22T19:53:31.397+0000] {processor.py:839} INFO - DAG(s) dict_keys(['example_trigger_controller_dag']) retrieved from /home/airflow/.local/lib/python3.8/site-packages/airflow/example_dags/example_trigger_controller_dag.py
[2023-11-22T19:53:31.418+0000] {logging_mixin.py:154} INFO - [2023-11-22T19:53:31.418+0000] {dag.py:2941} INFO - Sync 1 DAGs
[2023-11-22T19:53:31.434+0000] {logging_mixin.py:154} INFO - [2023-11-22T19:53:31.434+0000] {dag.py:3722} INFO - Setting next_dagrun for example_trigger_controller_dag to 2021-01-01T00:00:00+00:00, run_after=2021-01-01T00:00:00+00:00
[2023-11-22T19:53:31.447+0000] {processor.py:179} INFO - Processing /home/airflow/.local/lib/python3.8/site-packages/airflow/example_dags/example_trigger_controller_dag.py took 0.059 seconds
[2023-11-22T19:54:02.149+0000] {processor.py:157} INFO - Started process (PID=11513) to work on /home/airflow/.local/lib/python3.8/site-packages/airflow/example_dags/example_trigger_controller_dag.py
[2023-11-22T19:54:02.150+0000] {processor.py:829} INFO - Processing file /home/airflow/.local/lib/python3.8/site-packages/airflow/example_dags/example_trigger_controller_dag.py for tasks to queue
[2023-11-22T19:54:02.151+0000] {logging_mixin.py:154} INFO - [2023-11-22T19:54:02.150+0000] {dagbag.py:536} INFO - Filling up the DagBag from /home/airflow/.local/lib/python3.8/site-packages/airflow/example_dags/example_trigger_controller_dag.py
[2023-11-22T19:54:02.156+0000] {processor.py:839} INFO - DAG(s) dict_keys(['example_trigger_controller_dag']) retrieved from /home/airflow/.local/lib/python3.8/site-packages/airflow/example_dags/example_trigger_controller_dag.py
[2023-11-22T19:54:02.182+0000] {logging_mixin.py:154} INFO - [2023-11-22T19:54:02.182+0000] {dag.py:2941} INFO - Sync 1 DAGs
[2023-11-22T19:54:02.204+0000] {logging_mixin.py:154} INFO - [2023-11-22T19:54:02.203+0000] {dag.py:3722} INFO - Setting next_dagrun for example_trigger_controller_dag to 2021-01-01T00:00:00+00:00, run_after=2021-01-01T00:00:00+00:00
[2023-11-22T19:54:02.220+0000] {processor.py:179} INFO - Processing /home/airflow/.local/lib/python3.8/site-packages/airflow/example_dags/example_trigger_controller_dag.py took 0.075 seconds
[2023-11-22T20:36:15.500+0000] {processor.py:157} INFO - Started process (PID=11753) to work on /home/airflow/.local/lib/python3.8/site-packages/airflow/example_dags/example_trigger_controller_dag.py
[2023-11-22T20:36:15.501+0000] {processor.py:829} INFO - Processing file /home/airflow/.local/lib/python3.8/site-packages/airflow/example_dags/example_trigger_controller_dag.py for tasks to queue
[2023-11-22T20:36:15.502+0000] {logging_mixin.py:154} INFO - [2023-11-22T20:36:15.502+0000] {dagbag.py:536} INFO - Filling up the DagBag from /home/airflow/.local/lib/python3.8/site-packages/airflow/example_dags/example_trigger_controller_dag.py
[2023-11-22T20:36:15.506+0000] {processor.py:839} INFO - DAG(s) dict_keys(['example_trigger_controller_dag']) retrieved from /home/airflow/.local/lib/python3.8/site-packages/airflow/example_dags/example_trigger_controller_dag.py
[2023-11-22T20:36:15.528+0000] {logging_mixin.py:154} INFO - [2023-11-22T20:36:15.527+0000] {dag.py:2941} INFO - Sync 1 DAGs
[2023-11-22T20:36:15.544+0000] {logging_mixin.py:154} INFO - [2023-11-22T20:36:15.544+0000] {dag.py:3722} INFO - Setting next_dagrun for example_trigger_controller_dag to 2021-01-01T00:00:00+00:00, run_after=2021-01-01T00:00:00+00:00
[2023-11-22T20:36:15.558+0000] {processor.py:179} INFO - Processing /home/airflow/.local/lib/python3.8/site-packages/airflow/example_dags/example_trigger_controller_dag.py took 0.061 seconds
[2023-11-22T21:01:34.935+0000] {processor.py:157} INFO - Started process (PID=11992) to work on /home/airflow/.local/lib/python3.8/site-packages/airflow/example_dags/example_trigger_controller_dag.py
[2023-11-22T21:01:34.936+0000] {processor.py:829} INFO - Processing file /home/airflow/.local/lib/python3.8/site-packages/airflow/example_dags/example_trigger_controller_dag.py for tasks to queue
[2023-11-22T21:01:34.938+0000] {logging_mixin.py:154} INFO - [2023-11-22T21:01:34.937+0000] {dagbag.py:536} INFO - Filling up the DagBag from /home/airflow/.local/lib/python3.8/site-packages/airflow/example_dags/example_trigger_controller_dag.py
[2023-11-22T21:01:34.943+0000] {processor.py:839} INFO - DAG(s) dict_keys(['example_trigger_controller_dag']) retrieved from /home/airflow/.local/lib/python3.8/site-packages/airflow/example_dags/example_trigger_controller_dag.py
[2023-11-22T21:01:34.975+0000] {logging_mixin.py:154} INFO - [2023-11-22T21:01:34.974+0000] {dag.py:2941} INFO - Sync 1 DAGs
[2023-11-22T21:01:34.999+0000] {logging_mixin.py:154} INFO - [2023-11-22T21:01:34.999+0000] {dag.py:3722} INFO - Setting next_dagrun for example_trigger_controller_dag to 2021-01-01T00:00:00+00:00, run_after=2021-01-01T00:00:00+00:00
[2023-11-22T21:01:35.028+0000] {processor.py:179} INFO - Processing /home/airflow/.local/lib/python3.8/site-packages/airflow/example_dags/example_trigger_controller_dag.py took 0.098 seconds
[2023-11-22T21:02:05.523+0000] {processor.py:157} INFO - Started process (PID=12230) to work on /home/airflow/.local/lib/python3.8/site-packages/airflow/example_dags/example_trigger_controller_dag.py
[2023-11-22T21:02:05.524+0000] {processor.py:829} INFO - Processing file /home/airflow/.local/lib/python3.8/site-packages/airflow/example_dags/example_trigger_controller_dag.py for tasks to queue
[2023-11-22T21:02:05.525+0000] {logging_mixin.py:154} INFO - [2023-11-22T21:02:05.525+0000] {dagbag.py:536} INFO - Filling up the DagBag from /home/airflow/.local/lib/python3.8/site-packages/airflow/example_dags/example_trigger_controller_dag.py
[2023-11-22T21:02:05.531+0000] {processor.py:839} INFO - DAG(s) dict_keys(['example_trigger_controller_dag']) retrieved from /home/airflow/.local/lib/python3.8/site-packages/airflow/example_dags/example_trigger_controller_dag.py
[2023-11-22T21:02:05.555+0000] {logging_mixin.py:154} INFO - [2023-11-22T21:02:05.555+0000] {dag.py:2941} INFO - Sync 1 DAGs
[2023-11-22T21:02:05.578+0000] {logging_mixin.py:154} INFO - [2023-11-22T21:02:05.578+0000] {dag.py:3722} INFO - Setting next_dagrun for example_trigger_controller_dag to 2021-01-01T00:00:00+00:00, run_after=2021-01-01T00:00:00+00:00
[2023-11-22T21:02:05.596+0000] {processor.py:179} INFO - Processing /home/airflow/.local/lib/python3.8/site-packages/airflow/example_dags/example_trigger_controller_dag.py took 0.076 seconds
[2023-11-22T21:02:36.453+0000] {processor.py:157} INFO - Started process (PID=12468) to work on /home/airflow/.local/lib/python3.8/site-packages/airflow/example_dags/example_trigger_controller_dag.py
[2023-11-22T21:02:36.454+0000] {processor.py:829} INFO - Processing file /home/airflow/.local/lib/python3.8/site-packages/airflow/example_dags/example_trigger_controller_dag.py for tasks to queue
[2023-11-22T21:02:36.455+0000] {logging_mixin.py:154} INFO - [2023-11-22T21:02:36.454+0000] {dagbag.py:536} INFO - Filling up the DagBag from /home/airflow/.local/lib/python3.8/site-packages/airflow/example_dags/example_trigger_controller_dag.py
[2023-11-22T21:02:36.459+0000] {processor.py:839} INFO - DAG(s) dict_keys(['example_trigger_controller_dag']) retrieved from /home/airflow/.local/lib/python3.8/site-packages/airflow/example_dags/example_trigger_controller_dag.py
[2023-11-22T21:02:36.480+0000] {logging_mixin.py:154} INFO - [2023-11-22T21:02:36.480+0000] {dag.py:2941} INFO - Sync 1 DAGs
[2023-11-22T21:02:36.496+0000] {logging_mixin.py:154} INFO - [2023-11-22T21:02:36.496+0000] {dag.py:3722} INFO - Setting next_dagrun for example_trigger_controller_dag to 2021-01-01T00:00:00+00:00, run_after=2021-01-01T00:00:00+00:00
[2023-11-22T21:02:36.509+0000] {processor.py:179} INFO - Processing /home/airflow/.local/lib/python3.8/site-packages/airflow/example_dags/example_trigger_controller_dag.py took 0.059 seconds
[2023-11-22T21:03:06.695+0000] {processor.py:157} INFO - Started process (PID=12706) to work on /home/airflow/.local/lib/python3.8/site-packages/airflow/example_dags/example_trigger_controller_dag.py
[2023-11-22T21:03:06.696+0000] {processor.py:829} INFO - Processing file /home/airflow/.local/lib/python3.8/site-packages/airflow/example_dags/example_trigger_controller_dag.py for tasks to queue
[2023-11-22T21:03:06.697+0000] {logging_mixin.py:154} INFO - [2023-11-22T21:03:06.696+0000] {dagbag.py:536} INFO - Filling up the DagBag from /home/airflow/.local/lib/python3.8/site-packages/airflow/example_dags/example_trigger_controller_dag.py
[2023-11-22T21:03:06.701+0000] {processor.py:839} INFO - DAG(s) dict_keys(['example_trigger_controller_dag']) retrieved from /home/airflow/.local/lib/python3.8/site-packages/airflow/example_dags/example_trigger_controller_dag.py
[2023-11-22T21:03:06.722+0000] {logging_mixin.py:154} INFO - [2023-11-22T21:03:06.722+0000] {dag.py:2941} INFO - Sync 1 DAGs
[2023-11-22T21:03:06.739+0000] {logging_mixin.py:154} INFO - [2023-11-22T21:03:06.738+0000] {dag.py:3722} INFO - Setting next_dagrun for example_trigger_controller_dag to 2021-01-01T00:00:00+00:00, run_after=2021-01-01T00:00:00+00:00
[2023-11-22T21:03:06.752+0000] {processor.py:179} INFO - Processing /home/airflow/.local/lib/python3.8/site-packages/airflow/example_dags/example_trigger_controller_dag.py took 0.060 seconds
[2023-11-22T21:03:37.654+0000] {processor.py:157} INFO - Started process (PID=12944) to work on /home/airflow/.local/lib/python3.8/site-packages/airflow/example_dags/example_trigger_controller_dag.py
[2023-11-22T21:03:37.655+0000] {processor.py:829} INFO - Processing file /home/airflow/.local/lib/python3.8/site-packages/airflow/example_dags/example_trigger_controller_dag.py for tasks to queue
[2023-11-22T21:03:37.656+0000] {logging_mixin.py:154} INFO - [2023-11-22T21:03:37.655+0000] {dagbag.py:536} INFO - Filling up the DagBag from /home/airflow/.local/lib/python3.8/site-packages/airflow/example_dags/example_trigger_controller_dag.py
[2023-11-22T21:03:37.660+0000] {processor.py:839} INFO - DAG(s) dict_keys(['example_trigger_controller_dag']) retrieved from /home/airflow/.local/lib/python3.8/site-packages/airflow/example_dags/example_trigger_controller_dag.py
[2023-11-22T21:03:37.682+0000] {logging_mixin.py:154} INFO - [2023-11-22T21:03:37.682+0000] {dag.py:2941} INFO - Sync 1 DAGs
[2023-11-22T21:03:37.699+0000] {logging_mixin.py:154} INFO - [2023-11-22T21:03:37.699+0000] {dag.py:3722} INFO - Setting next_dagrun for example_trigger_controller_dag to 2021-01-01T00:00:00+00:00, run_after=2021-01-01T00:00:00+00:00
[2023-11-22T21:03:37.714+0000] {processor.py:179} INFO - Processing /home/airflow/.local/lib/python3.8/site-packages/airflow/example_dags/example_trigger_controller_dag.py took 0.063 seconds
[2023-11-22T21:04:08.146+0000] {processor.py:157} INFO - Started process (PID=13182) to work on /home/airflow/.local/lib/python3.8/site-packages/airflow/example_dags/example_trigger_controller_dag.py
[2023-11-22T21:04:08.147+0000] {processor.py:829} INFO - Processing file /home/airflow/.local/lib/python3.8/site-packages/airflow/example_dags/example_trigger_controller_dag.py for tasks to queue
[2023-11-22T21:04:08.148+0000] {logging_mixin.py:154} INFO - [2023-11-22T21:04:08.148+0000] {dagbag.py:536} INFO - Filling up the DagBag from /home/airflow/.local/lib/python3.8/site-packages/airflow/example_dags/example_trigger_controller_dag.py
[2023-11-22T21:04:08.155+0000] {processor.py:839} INFO - DAG(s) dict_keys(['example_trigger_controller_dag']) retrieved from /home/airflow/.local/lib/python3.8/site-packages/airflow/example_dags/example_trigger_controller_dag.py
[2023-11-22T21:04:08.181+0000] {logging_mixin.py:154} INFO - [2023-11-22T21:04:08.181+0000] {dag.py:2941} INFO - Sync 1 DAGs
[2023-11-22T21:04:08.201+0000] {logging_mixin.py:154} INFO - [2023-11-22T21:04:08.201+0000] {dag.py:3722} INFO - Setting next_dagrun for example_trigger_controller_dag to 2021-01-01T00:00:00+00:00, run_after=2021-01-01T00:00:00+00:00
[2023-11-22T21:04:08.222+0000] {processor.py:179} INFO - Processing /home/airflow/.local/lib/python3.8/site-packages/airflow/example_dags/example_trigger_controller_dag.py took 0.079 seconds
[2023-11-22T21:04:38.787+0000] {processor.py:157} INFO - Started process (PID=13420) to work on /home/airflow/.local/lib/python3.8/site-packages/airflow/example_dags/example_trigger_controller_dag.py
[2023-11-22T21:04:38.788+0000] {processor.py:829} INFO - Processing file /home/airflow/.local/lib/python3.8/site-packages/airflow/example_dags/example_trigger_controller_dag.py for tasks to queue
[2023-11-22T21:04:38.789+0000] {logging_mixin.py:154} INFO - [2023-11-22T21:04:38.789+0000] {dagbag.py:536} INFO - Filling up the DagBag from /home/airflow/.local/lib/python3.8/site-packages/airflow/example_dags/example_trigger_controller_dag.py
[2023-11-22T21:04:38.793+0000] {processor.py:839} INFO - DAG(s) dict_keys(['example_trigger_controller_dag']) retrieved from /home/airflow/.local/lib/python3.8/site-packages/airflow/example_dags/example_trigger_controller_dag.py
[2023-11-22T21:04:38.815+0000] {logging_mixin.py:154} INFO - [2023-11-22T21:04:38.815+0000] {dag.py:2941} INFO - Sync 1 DAGs
[2023-11-22T21:04:38.833+0000] {logging_mixin.py:154} INFO - [2023-11-22T21:04:38.833+0000] {dag.py:3722} INFO - Setting next_dagrun for example_trigger_controller_dag to 2021-01-01T00:00:00+00:00, run_after=2021-01-01T00:00:00+00:00
[2023-11-22T21:04:38.850+0000] {processor.py:179} INFO - Processing /home/airflow/.local/lib/python3.8/site-packages/airflow/example_dags/example_trigger_controller_dag.py took 0.066 seconds
[2023-11-22T21:05:09.325+0000] {processor.py:157} INFO - Started process (PID=13658) to work on /home/airflow/.local/lib/python3.8/site-packages/airflow/example_dags/example_trigger_controller_dag.py
[2023-11-22T21:05:09.326+0000] {processor.py:829} INFO - Processing file /home/airflow/.local/lib/python3.8/site-packages/airflow/example_dags/example_trigger_controller_dag.py for tasks to queue
[2023-11-22T21:05:09.327+0000] {logging_mixin.py:154} INFO - [2023-11-22T21:05:09.327+0000] {dagbag.py:536} INFO - Filling up the DagBag from /home/airflow/.local/lib/python3.8/site-packages/airflow/example_dags/example_trigger_controller_dag.py
[2023-11-22T21:05:09.331+0000] {processor.py:839} INFO - DAG(s) dict_keys(['example_trigger_controller_dag']) retrieved from /home/airflow/.local/lib/python3.8/site-packages/airflow/example_dags/example_trigger_controller_dag.py
[2023-11-22T21:05:09.353+0000] {logging_mixin.py:154} INFO - [2023-11-22T21:05:09.353+0000] {dag.py:2941} INFO - Sync 1 DAGs
[2023-11-22T21:05:09.370+0000] {logging_mixin.py:154} INFO - [2023-11-22T21:05:09.369+0000] {dag.py:3722} INFO - Setting next_dagrun for example_trigger_controller_dag to 2021-01-01T00:00:00+00:00, run_after=2021-01-01T00:00:00+00:00
[2023-11-22T21:05:09.384+0000] {processor.py:179} INFO - Processing /home/airflow/.local/lib/python3.8/site-packages/airflow/example_dags/example_trigger_controller_dag.py took 0.062 seconds
[2023-11-22T21:05:40.083+0000] {processor.py:157} INFO - Started process (PID=13895) to work on /home/airflow/.local/lib/python3.8/site-packages/airflow/example_dags/example_trigger_controller_dag.py
[2023-11-22T21:05:40.085+0000] {processor.py:829} INFO - Processing file /home/airflow/.local/lib/python3.8/site-packages/airflow/example_dags/example_trigger_controller_dag.py for tasks to queue
[2023-11-22T21:05:40.086+0000] {logging_mixin.py:154} INFO - [2023-11-22T21:05:40.085+0000] {dagbag.py:536} INFO - Filling up the DagBag from /home/airflow/.local/lib/python3.8/site-packages/airflow/example_dags/example_trigger_controller_dag.py
[2023-11-22T21:05:40.090+0000] {processor.py:839} INFO - DAG(s) dict_keys(['example_trigger_controller_dag']) retrieved from /home/airflow/.local/lib/python3.8/site-packages/airflow/example_dags/example_trigger_controller_dag.py
[2023-11-22T21:05:40.115+0000] {logging_mixin.py:154} INFO - [2023-11-22T21:05:40.115+0000] {dag.py:2941} INFO - Sync 1 DAGs
[2023-11-22T21:05:40.135+0000] {logging_mixin.py:154} INFO - [2023-11-22T21:05:40.135+0000] {dag.py:3722} INFO - Setting next_dagrun for example_trigger_controller_dag to 2021-01-01T00:00:00+00:00, run_after=2021-01-01T00:00:00+00:00
[2023-11-22T21:05:40.154+0000] {processor.py:179} INFO - Processing /home/airflow/.local/lib/python3.8/site-packages/airflow/example_dags/example_trigger_controller_dag.py took 0.075 seconds
[2023-11-22T21:06:10.354+0000] {processor.py:157} INFO - Started process (PID=14135) to work on /home/airflow/.local/lib/python3.8/site-packages/airflow/example_dags/example_trigger_controller_dag.py
[2023-11-22T21:06:10.355+0000] {processor.py:829} INFO - Processing file /home/airflow/.local/lib/python3.8/site-packages/airflow/example_dags/example_trigger_controller_dag.py for tasks to queue
[2023-11-22T21:06:10.356+0000] {logging_mixin.py:154} INFO - [2023-11-22T21:06:10.356+0000] {dagbag.py:536} INFO - Filling up the DagBag from /home/airflow/.local/lib/python3.8/site-packages/airflow/example_dags/example_trigger_controller_dag.py
[2023-11-22T21:06:10.362+0000] {processor.py:839} INFO - DAG(s) dict_keys(['example_trigger_controller_dag']) retrieved from /home/airflow/.local/lib/python3.8/site-packages/airflow/example_dags/example_trigger_controller_dag.py
[2023-11-22T21:06:10.385+0000] {logging_mixin.py:154} INFO - [2023-11-22T21:06:10.385+0000] {dag.py:2941} INFO - Sync 1 DAGs
[2023-11-22T21:06:10.404+0000] {logging_mixin.py:154} INFO - [2023-11-22T21:06:10.404+0000] {dag.py:3722} INFO - Setting next_dagrun for example_trigger_controller_dag to 2021-01-01T00:00:00+00:00, run_after=2021-01-01T00:00:00+00:00
[2023-11-22T21:06:10.419+0000] {processor.py:179} INFO - Processing /home/airflow/.local/lib/python3.8/site-packages/airflow/example_dags/example_trigger_controller_dag.py took 0.069 seconds
[2023-11-22T21:06:41.289+0000] {processor.py:157} INFO - Started process (PID=14371) to work on /home/airflow/.local/lib/python3.8/site-packages/airflow/example_dags/example_trigger_controller_dag.py
[2023-11-22T21:06:41.290+0000] {processor.py:829} INFO - Processing file /home/airflow/.local/lib/python3.8/site-packages/airflow/example_dags/example_trigger_controller_dag.py for tasks to queue
[2023-11-22T21:06:41.291+0000] {logging_mixin.py:154} INFO - [2023-11-22T21:06:41.291+0000] {dagbag.py:536} INFO - Filling up the DagBag from /home/airflow/.local/lib/python3.8/site-packages/airflow/example_dags/example_trigger_controller_dag.py
[2023-11-22T21:06:41.295+0000] {processor.py:839} INFO - DAG(s) dict_keys(['example_trigger_controller_dag']) retrieved from /home/airflow/.local/lib/python3.8/site-packages/airflow/example_dags/example_trigger_controller_dag.py
[2023-11-22T21:06:41.319+0000] {logging_mixin.py:154} INFO - [2023-11-22T21:06:41.318+0000] {dag.py:2941} INFO - Sync 1 DAGs
[2023-11-22T21:06:41.336+0000] {logging_mixin.py:154} INFO - [2023-11-22T21:06:41.336+0000] {dag.py:3722} INFO - Setting next_dagrun for example_trigger_controller_dag to 2021-01-01T00:00:00+00:00, run_after=2021-01-01T00:00:00+00:00
[2023-11-22T21:06:41.352+0000] {processor.py:179} INFO - Processing /home/airflow/.local/lib/python3.8/site-packages/airflow/example_dags/example_trigger_controller_dag.py took 0.065 seconds
[2023-11-22T21:07:12.261+0000] {processor.py:157} INFO - Started process (PID=14609) to work on /home/airflow/.local/lib/python3.8/site-packages/airflow/example_dags/example_trigger_controller_dag.py
[2023-11-22T21:07:12.275+0000] {processor.py:829} INFO - Processing file /home/airflow/.local/lib/python3.8/site-packages/airflow/example_dags/example_trigger_controller_dag.py for tasks to queue
[2023-11-22T21:07:12.287+0000] {logging_mixin.py:154} INFO - [2023-11-22T21:07:12.287+0000] {dagbag.py:536} INFO - Filling up the DagBag from /home/airflow/.local/lib/python3.8/site-packages/airflow/example_dags/example_trigger_controller_dag.py
[2023-11-22T21:07:12.295+0000] {processor.py:839} INFO - DAG(s) dict_keys(['example_trigger_controller_dag']) retrieved from /home/airflow/.local/lib/python3.8/site-packages/airflow/example_dags/example_trigger_controller_dag.py
[2023-11-22T21:07:12.355+0000] {logging_mixin.py:154} INFO - [2023-11-22T21:07:12.355+0000] {dag.py:2941} INFO - Sync 1 DAGs
[2023-11-22T21:07:12.395+0000] {logging_mixin.py:154} INFO - [2023-11-22T21:07:12.395+0000] {dag.py:3722} INFO - Setting next_dagrun for example_trigger_controller_dag to 2021-01-01T00:00:00+00:00, run_after=2021-01-01T00:00:00+00:00
[2023-11-22T21:07:12.429+0000] {processor.py:179} INFO - Processing /home/airflow/.local/lib/python3.8/site-packages/airflow/example_dags/example_trigger_controller_dag.py took 0.173 seconds
[2023-11-22T21:07:42.464+0000] {processor.py:157} INFO - Started process (PID=14849) to work on /home/airflow/.local/lib/python3.8/site-packages/airflow/example_dags/example_trigger_controller_dag.py
[2023-11-22T21:07:42.465+0000] {processor.py:829} INFO - Processing file /home/airflow/.local/lib/python3.8/site-packages/airflow/example_dags/example_trigger_controller_dag.py for tasks to queue
[2023-11-22T21:07:42.466+0000] {logging_mixin.py:154} INFO - [2023-11-22T21:07:42.465+0000] {dagbag.py:536} INFO - Filling up the DagBag from /home/airflow/.local/lib/python3.8/site-packages/airflow/example_dags/example_trigger_controller_dag.py
[2023-11-22T21:07:42.470+0000] {processor.py:839} INFO - DAG(s) dict_keys(['example_trigger_controller_dag']) retrieved from /home/airflow/.local/lib/python3.8/site-packages/airflow/example_dags/example_trigger_controller_dag.py
[2023-11-22T21:07:42.491+0000] {logging_mixin.py:154} INFO - [2023-11-22T21:07:42.491+0000] {dag.py:2941} INFO - Sync 1 DAGs
[2023-11-22T21:07:42.507+0000] {logging_mixin.py:154} INFO - [2023-11-22T21:07:42.507+0000] {dag.py:3722} INFO - Setting next_dagrun for example_trigger_controller_dag to 2021-01-01T00:00:00+00:00, run_after=2021-01-01T00:00:00+00:00
[2023-11-22T21:07:42.519+0000] {processor.py:179} INFO - Processing /home/airflow/.local/lib/python3.8/site-packages/airflow/example_dags/example_trigger_controller_dag.py took 0.058 seconds
[2023-11-22T21:08:13.188+0000] {processor.py:157} INFO - Started process (PID=15085) to work on /home/airflow/.local/lib/python3.8/site-packages/airflow/example_dags/example_trigger_controller_dag.py
[2023-11-22T21:08:13.189+0000] {processor.py:829} INFO - Processing file /home/airflow/.local/lib/python3.8/site-packages/airflow/example_dags/example_trigger_controller_dag.py for tasks to queue
[2023-11-22T21:08:13.191+0000] {logging_mixin.py:154} INFO - [2023-11-22T21:08:13.190+0000] {dagbag.py:536} INFO - Filling up the DagBag from /home/airflow/.local/lib/python3.8/site-packages/airflow/example_dags/example_trigger_controller_dag.py
[2023-11-22T21:08:13.198+0000] {processor.py:839} INFO - DAG(s) dict_keys(['example_trigger_controller_dag']) retrieved from /home/airflow/.local/lib/python3.8/site-packages/airflow/example_dags/example_trigger_controller_dag.py
[2023-11-22T21:08:13.226+0000] {logging_mixin.py:154} INFO - [2023-11-22T21:08:13.226+0000] {dag.py:2941} INFO - Sync 1 DAGs
[2023-11-22T21:08:13.248+0000] {logging_mixin.py:154} INFO - [2023-11-22T21:08:13.248+0000] {dag.py:3722} INFO - Setting next_dagrun for example_trigger_controller_dag to 2021-01-01T00:00:00+00:00, run_after=2021-01-01T00:00:00+00:00
[2023-11-22T21:08:13.286+0000] {processor.py:179} INFO - Processing /home/airflow/.local/lib/python3.8/site-packages/airflow/example_dags/example_trigger_controller_dag.py took 0.101 seconds
[2023-11-22T21:08:43.753+0000] {processor.py:157} INFO - Started process (PID=15325) to work on /home/airflow/.local/lib/python3.8/site-packages/airflow/example_dags/example_trigger_controller_dag.py
[2023-11-22T21:08:43.755+0000] {processor.py:829} INFO - Processing file /home/airflow/.local/lib/python3.8/site-packages/airflow/example_dags/example_trigger_controller_dag.py for tasks to queue
[2023-11-22T21:08:43.757+0000] {logging_mixin.py:154} INFO - [2023-11-22T21:08:43.756+0000] {dagbag.py:536} INFO - Filling up the DagBag from /home/airflow/.local/lib/python3.8/site-packages/airflow/example_dags/example_trigger_controller_dag.py
[2023-11-22T21:08:43.764+0000] {processor.py:839} INFO - DAG(s) dict_keys(['example_trigger_controller_dag']) retrieved from /home/airflow/.local/lib/python3.8/site-packages/airflow/example_dags/example_trigger_controller_dag.py
[2023-11-22T21:08:43.798+0000] {logging_mixin.py:154} INFO - [2023-11-22T21:08:43.798+0000] {dag.py:2941} INFO - Sync 1 DAGs
[2023-11-22T21:08:43.835+0000] {logging_mixin.py:154} INFO - [2023-11-22T21:08:43.834+0000] {dag.py:3722} INFO - Setting next_dagrun for example_trigger_controller_dag to 2021-01-01T00:00:00+00:00, run_after=2021-01-01T00:00:00+00:00
[2023-11-22T21:08:43.870+0000] {processor.py:179} INFO - Processing /home/airflow/.local/lib/python3.8/site-packages/airflow/example_dags/example_trigger_controller_dag.py took 0.123 seconds
[2023-11-22T21:09:43.502+0000] {processor.py:157} INFO - Started process (PID=322) to work on /home/airflow/.local/lib/python3.8/site-packages/airflow/example_dags/example_trigger_controller_dag.py
[2023-11-22T21:09:43.503+0000] {processor.py:829} INFO - Processing file /home/airflow/.local/lib/python3.8/site-packages/airflow/example_dags/example_trigger_controller_dag.py for tasks to queue
[2023-11-22T21:09:43.508+0000] {logging_mixin.py:154} INFO - [2023-11-22T21:09:43.504+0000] {dagbag.py:536} INFO - Filling up the DagBag from /home/airflow/.local/lib/python3.8/site-packages/airflow/example_dags/example_trigger_controller_dag.py
[2023-11-22T21:09:43.518+0000] {processor.py:839} INFO - DAG(s) dict_keys(['example_trigger_controller_dag']) retrieved from /home/airflow/.local/lib/python3.8/site-packages/airflow/example_dags/example_trigger_controller_dag.py
[2023-11-22T21:09:43.536+0000] {logging_mixin.py:154} INFO - [2023-11-22T21:09:43.536+0000] {dag.py:2941} INFO - Sync 1 DAGs
[2023-11-22T21:09:43.565+0000] {logging_mixin.py:154} INFO - [2023-11-22T21:09:43.564+0000] {dag.py:3722} INFO - Setting next_dagrun for example_trigger_controller_dag to 2021-01-01T00:00:00+00:00, run_after=2021-01-01T00:00:00+00:00
[2023-11-22T21:09:43.587+0000] {processor.py:179} INFO - Processing /home/airflow/.local/lib/python3.8/site-packages/airflow/example_dags/example_trigger_controller_dag.py took 0.089 seconds
[2023-11-22T21:10:13.639+0000] {processor.py:157} INFO - Started process (PID=563) to work on /home/airflow/.local/lib/python3.8/site-packages/airflow/example_dags/example_trigger_controller_dag.py
[2023-11-22T21:10:13.640+0000] {processor.py:829} INFO - Processing file /home/airflow/.local/lib/python3.8/site-packages/airflow/example_dags/example_trigger_controller_dag.py for tasks to queue
[2023-11-22T21:10:13.640+0000] {logging_mixin.py:154} INFO - [2023-11-22T21:10:13.640+0000] {dagbag.py:536} INFO - Filling up the DagBag from /home/airflow/.local/lib/python3.8/site-packages/airflow/example_dags/example_trigger_controller_dag.py
[2023-11-22T21:10:13.645+0000] {processor.py:839} INFO - DAG(s) dict_keys(['example_trigger_controller_dag']) retrieved from /home/airflow/.local/lib/python3.8/site-packages/airflow/example_dags/example_trigger_controller_dag.py
[2023-11-22T21:10:13.666+0000] {logging_mixin.py:154} INFO - [2023-11-22T21:10:13.666+0000] {dag.py:2941} INFO - Sync 1 DAGs
[2023-11-22T21:10:13.682+0000] {logging_mixin.py:154} INFO - [2023-11-22T21:10:13.682+0000] {dag.py:3722} INFO - Setting next_dagrun for example_trigger_controller_dag to 2021-01-01T00:00:00+00:00, run_after=2021-01-01T00:00:00+00:00
[2023-11-22T21:10:13.694+0000] {processor.py:179} INFO - Processing /home/airflow/.local/lib/python3.8/site-packages/airflow/example_dags/example_trigger_controller_dag.py took 0.059 seconds
