[2023-11-22T19:30:06.555+0000] {processor.py:157} INFO - Started process (PID=332) to work on /home/airflow/.local/lib/python3.8/site-packages/airflow/example_dags/example_branch_operator.py
[2023-11-22T19:30:06.557+0000] {processor.py:829} INFO - Processing file /home/airflow/.local/lib/python3.8/site-packages/airflow/example_dags/example_branch_operator.py for tasks to queue
[2023-11-22T19:30:06.558+0000] {logging_mixin.py:154} INFO - [2023-11-22T19:30:06.557+0000] {dagbag.py:536} INFO - Filling up the DagBag from /home/airflow/.local/lib/python3.8/site-packages/airflow/example_dags/example_branch_operator.py
[2023-11-22T19:30:06.568+0000] {processor.py:839} INFO - DAG(s) dict_keys(['example_branch_operator']) retrieved from /home/airflow/.local/lib/python3.8/site-packages/airflow/example_dags/example_branch_operator.py
[2023-11-22T19:30:06.588+0000] {logging_mixin.py:154} INFO - [2023-11-22T19:30:06.588+0000] {dag.py:2941} INFO - Sync 1 DAGs
[2023-11-22T19:30:06.618+0000] {logging_mixin.py:154} INFO - [2023-11-22T19:30:06.618+0000] {dag.py:3722} INFO - Setting next_dagrun for example_branch_operator to 2023-11-21T00:00:00+00:00, run_after=2023-11-22T00:00:00+00:00
[2023-11-22T19:30:06.636+0000] {processor.py:179} INFO - Processing /home/airflow/.local/lib/python3.8/site-packages/airflow/example_dags/example_branch_operator.py took 0.097 seconds
[2023-11-22T19:30:37.132+0000] {processor.py:157} INFO - Started process (PID=570) to work on /home/airflow/.local/lib/python3.8/site-packages/airflow/example_dags/example_branch_operator.py
[2023-11-22T19:30:37.133+0000] {processor.py:829} INFO - Processing file /home/airflow/.local/lib/python3.8/site-packages/airflow/example_dags/example_branch_operator.py for tasks to queue
[2023-11-22T19:30:37.134+0000] {logging_mixin.py:154} INFO - [2023-11-22T19:30:37.134+0000] {dagbag.py:536} INFO - Filling up the DagBag from /home/airflow/.local/lib/python3.8/site-packages/airflow/example_dags/example_branch_operator.py
[2023-11-22T19:30:37.142+0000] {processor.py:839} INFO - DAG(s) dict_keys(['example_branch_operator']) retrieved from /home/airflow/.local/lib/python3.8/site-packages/airflow/example_dags/example_branch_operator.py
[2023-11-22T19:30:37.164+0000] {logging_mixin.py:154} INFO - [2023-11-22T19:30:37.164+0000] {dag.py:2941} INFO - Sync 1 DAGs
[2023-11-22T19:30:37.181+0000] {logging_mixin.py:154} INFO - [2023-11-22T19:30:37.181+0000] {dag.py:3722} INFO - Setting next_dagrun for example_branch_operator to 2023-11-21T00:00:00+00:00, run_after=2023-11-22T00:00:00+00:00
[2023-11-22T19:30:37.194+0000] {processor.py:179} INFO - Processing /home/airflow/.local/lib/python3.8/site-packages/airflow/example_dags/example_branch_operator.py took 0.064 seconds
[2023-11-22T19:31:07.826+0000] {processor.py:157} INFO - Started process (PID=808) to work on /home/airflow/.local/lib/python3.8/site-packages/airflow/example_dags/example_branch_operator.py
[2023-11-22T19:31:07.827+0000] {processor.py:829} INFO - Processing file /home/airflow/.local/lib/python3.8/site-packages/airflow/example_dags/example_branch_operator.py for tasks to queue
[2023-11-22T19:31:07.828+0000] {logging_mixin.py:154} INFO - [2023-11-22T19:31:07.828+0000] {dagbag.py:536} INFO - Filling up the DagBag from /home/airflow/.local/lib/python3.8/site-packages/airflow/example_dags/example_branch_operator.py
[2023-11-22T19:31:07.835+0000] {processor.py:839} INFO - DAG(s) dict_keys(['example_branch_operator']) retrieved from /home/airflow/.local/lib/python3.8/site-packages/airflow/example_dags/example_branch_operator.py
[2023-11-22T19:31:07.858+0000] {logging_mixin.py:154} INFO - [2023-11-22T19:31:07.858+0000] {dag.py:2941} INFO - Sync 1 DAGs
[2023-11-22T19:31:07.876+0000] {logging_mixin.py:154} INFO - [2023-11-22T19:31:07.876+0000] {dag.py:3722} INFO - Setting next_dagrun for example_branch_operator to 2023-11-21T00:00:00+00:00, run_after=2023-11-22T00:00:00+00:00
[2023-11-22T19:31:07.889+0000] {processor.py:179} INFO - Processing /home/airflow/.local/lib/python3.8/site-packages/airflow/example_dags/example_branch_operator.py took 0.067 seconds
[2023-11-22T19:31:38.722+0000] {processor.py:157} INFO - Started process (PID=1048) to work on /home/airflow/.local/lib/python3.8/site-packages/airflow/example_dags/example_branch_operator.py
[2023-11-22T19:31:38.723+0000] {processor.py:829} INFO - Processing file /home/airflow/.local/lib/python3.8/site-packages/airflow/example_dags/example_branch_operator.py for tasks to queue
[2023-11-22T19:31:38.723+0000] {logging_mixin.py:154} INFO - [2023-11-22T19:31:38.723+0000] {dagbag.py:536} INFO - Filling up the DagBag from /home/airflow/.local/lib/python3.8/site-packages/airflow/example_dags/example_branch_operator.py
[2023-11-22T19:31:38.731+0000] {processor.py:839} INFO - DAG(s) dict_keys(['example_branch_operator']) retrieved from /home/airflow/.local/lib/python3.8/site-packages/airflow/example_dags/example_branch_operator.py
[2023-11-22T19:31:38.753+0000] {logging_mixin.py:154} INFO - [2023-11-22T19:31:38.753+0000] {dag.py:2941} INFO - Sync 1 DAGs
[2023-11-22T19:31:38.772+0000] {logging_mixin.py:154} INFO - [2023-11-22T19:31:38.772+0000] {dag.py:3722} INFO - Setting next_dagrun for example_branch_operator to 2023-11-21T00:00:00+00:00, run_after=2023-11-22T00:00:00+00:00
[2023-11-22T19:31:38.784+0000] {processor.py:179} INFO - Processing /home/airflow/.local/lib/python3.8/site-packages/airflow/example_dags/example_branch_operator.py took 0.065 seconds
[2023-11-22T19:32:08.900+0000] {processor.py:157} INFO - Started process (PID=1284) to work on /home/airflow/.local/lib/python3.8/site-packages/airflow/example_dags/example_branch_operator.py
[2023-11-22T19:32:08.901+0000] {processor.py:829} INFO - Processing file /home/airflow/.local/lib/python3.8/site-packages/airflow/example_dags/example_branch_operator.py for tasks to queue
[2023-11-22T19:32:08.902+0000] {logging_mixin.py:154} INFO - [2023-11-22T19:32:08.901+0000] {dagbag.py:536} INFO - Filling up the DagBag from /home/airflow/.local/lib/python3.8/site-packages/airflow/example_dags/example_branch_operator.py
[2023-11-22T19:32:08.909+0000] {processor.py:839} INFO - DAG(s) dict_keys(['example_branch_operator']) retrieved from /home/airflow/.local/lib/python3.8/site-packages/airflow/example_dags/example_branch_operator.py
[2023-11-22T19:32:08.932+0000] {logging_mixin.py:154} INFO - [2023-11-22T19:32:08.932+0000] {dag.py:2941} INFO - Sync 1 DAGs
[2023-11-22T19:32:08.950+0000] {logging_mixin.py:154} INFO - [2023-11-22T19:32:08.950+0000] {dag.py:3722} INFO - Setting next_dagrun for example_branch_operator to 2023-11-21T00:00:00+00:00, run_after=2023-11-22T00:00:00+00:00
[2023-11-22T19:32:08.964+0000] {processor.py:179} INFO - Processing /home/airflow/.local/lib/python3.8/site-packages/airflow/example_dags/example_branch_operator.py took 0.067 seconds
[2023-11-22T19:32:39.473+0000] {processor.py:157} INFO - Started process (PID=1522) to work on /home/airflow/.local/lib/python3.8/site-packages/airflow/example_dags/example_branch_operator.py
[2023-11-22T19:32:39.474+0000] {processor.py:829} INFO - Processing file /home/airflow/.local/lib/python3.8/site-packages/airflow/example_dags/example_branch_operator.py for tasks to queue
[2023-11-22T19:32:39.474+0000] {logging_mixin.py:154} INFO - [2023-11-22T19:32:39.474+0000] {dagbag.py:536} INFO - Filling up the DagBag from /home/airflow/.local/lib/python3.8/site-packages/airflow/example_dags/example_branch_operator.py
[2023-11-22T19:32:39.482+0000] {processor.py:839} INFO - DAG(s) dict_keys(['example_branch_operator']) retrieved from /home/airflow/.local/lib/python3.8/site-packages/airflow/example_dags/example_branch_operator.py
[2023-11-22T19:32:39.504+0000] {logging_mixin.py:154} INFO - [2023-11-22T19:32:39.504+0000] {dag.py:2941} INFO - Sync 1 DAGs
[2023-11-22T19:32:39.522+0000] {logging_mixin.py:154} INFO - [2023-11-22T19:32:39.522+0000] {dag.py:3722} INFO - Setting next_dagrun for example_branch_operator to 2023-11-21T00:00:00+00:00, run_after=2023-11-22T00:00:00+00:00
[2023-11-22T19:32:39.535+0000] {processor.py:179} INFO - Processing /home/airflow/.local/lib/python3.8/site-packages/airflow/example_dags/example_branch_operator.py took 0.066 seconds
[2023-11-22T19:33:10.263+0000] {processor.py:157} INFO - Started process (PID=1760) to work on /home/airflow/.local/lib/python3.8/site-packages/airflow/example_dags/example_branch_operator.py
[2023-11-22T19:33:10.263+0000] {processor.py:829} INFO - Processing file /home/airflow/.local/lib/python3.8/site-packages/airflow/example_dags/example_branch_operator.py for tasks to queue
[2023-11-22T19:33:10.264+0000] {logging_mixin.py:154} INFO - [2023-11-22T19:33:10.264+0000] {dagbag.py:536} INFO - Filling up the DagBag from /home/airflow/.local/lib/python3.8/site-packages/airflow/example_dags/example_branch_operator.py
[2023-11-22T19:33:10.272+0000] {processor.py:839} INFO - DAG(s) dict_keys(['example_branch_operator']) retrieved from /home/airflow/.local/lib/python3.8/site-packages/airflow/example_dags/example_branch_operator.py
[2023-11-22T19:33:10.294+0000] {logging_mixin.py:154} INFO - [2023-11-22T19:33:10.294+0000] {dag.py:2941} INFO - Sync 1 DAGs
[2023-11-22T19:33:10.313+0000] {logging_mixin.py:154} INFO - [2023-11-22T19:33:10.313+0000] {dag.py:3722} INFO - Setting next_dagrun for example_branch_operator to 2023-11-21T00:00:00+00:00, run_after=2023-11-22T00:00:00+00:00
[2023-11-22T19:33:10.325+0000] {processor.py:179} INFO - Processing /home/airflow/.local/lib/python3.8/site-packages/airflow/example_dags/example_branch_operator.py took 0.066 seconds
[2023-11-22T19:33:40.860+0000] {processor.py:157} INFO - Started process (PID=2000) to work on /home/airflow/.local/lib/python3.8/site-packages/airflow/example_dags/example_branch_operator.py
[2023-11-22T19:33:40.861+0000] {processor.py:829} INFO - Processing file /home/airflow/.local/lib/python3.8/site-packages/airflow/example_dags/example_branch_operator.py for tasks to queue
[2023-11-22T19:33:40.861+0000] {logging_mixin.py:154} INFO - [2023-11-22T19:33:40.861+0000] {dagbag.py:536} INFO - Filling up the DagBag from /home/airflow/.local/lib/python3.8/site-packages/airflow/example_dags/example_branch_operator.py
[2023-11-22T19:33:40.869+0000] {processor.py:839} INFO - DAG(s) dict_keys(['example_branch_operator']) retrieved from /home/airflow/.local/lib/python3.8/site-packages/airflow/example_dags/example_branch_operator.py
[2023-11-22T19:33:40.892+0000] {logging_mixin.py:154} INFO - [2023-11-22T19:33:40.891+0000] {dag.py:2941} INFO - Sync 1 DAGs
[2023-11-22T19:33:40.910+0000] {logging_mixin.py:154} INFO - [2023-11-22T19:33:40.910+0000] {dag.py:3722} INFO - Setting next_dagrun for example_branch_operator to 2023-11-21T00:00:00+00:00, run_after=2023-11-22T00:00:00+00:00
[2023-11-22T19:33:40.924+0000] {processor.py:179} INFO - Processing /home/airflow/.local/lib/python3.8/site-packages/airflow/example_dags/example_branch_operator.py took 0.068 seconds
[2023-11-22T19:34:11.553+0000] {processor.py:157} INFO - Started process (PID=2236) to work on /home/airflow/.local/lib/python3.8/site-packages/airflow/example_dags/example_branch_operator.py
[2023-11-22T19:34:11.554+0000] {processor.py:829} INFO - Processing file /home/airflow/.local/lib/python3.8/site-packages/airflow/example_dags/example_branch_operator.py for tasks to queue
[2023-11-22T19:34:11.555+0000] {logging_mixin.py:154} INFO - [2023-11-22T19:34:11.554+0000] {dagbag.py:536} INFO - Filling up the DagBag from /home/airflow/.local/lib/python3.8/site-packages/airflow/example_dags/example_branch_operator.py
[2023-11-22T19:34:11.563+0000] {processor.py:839} INFO - DAG(s) dict_keys(['example_branch_operator']) retrieved from /home/airflow/.local/lib/python3.8/site-packages/airflow/example_dags/example_branch_operator.py
[2023-11-22T19:34:11.587+0000] {logging_mixin.py:154} INFO - [2023-11-22T19:34:11.586+0000] {dag.py:2941} INFO - Sync 1 DAGs
[2023-11-22T19:34:11.607+0000] {logging_mixin.py:154} INFO - [2023-11-22T19:34:11.607+0000] {dag.py:3722} INFO - Setting next_dagrun for example_branch_operator to 2023-11-21T00:00:00+00:00, run_after=2023-11-22T00:00:00+00:00
[2023-11-22T19:34:11.625+0000] {processor.py:179} INFO - Processing /home/airflow/.local/lib/python3.8/site-packages/airflow/example_dags/example_branch_operator.py took 0.076 seconds
[2023-11-22T19:34:41.863+0000] {processor.py:157} INFO - Started process (PID=2474) to work on /home/airflow/.local/lib/python3.8/site-packages/airflow/example_dags/example_branch_operator.py
[2023-11-22T19:34:41.864+0000] {processor.py:829} INFO - Processing file /home/airflow/.local/lib/python3.8/site-packages/airflow/example_dags/example_branch_operator.py for tasks to queue
[2023-11-22T19:34:41.865+0000] {logging_mixin.py:154} INFO - [2023-11-22T19:34:41.865+0000] {dagbag.py:536} INFO - Filling up the DagBag from /home/airflow/.local/lib/python3.8/site-packages/airflow/example_dags/example_branch_operator.py
[2023-11-22T19:34:41.873+0000] {processor.py:839} INFO - DAG(s) dict_keys(['example_branch_operator']) retrieved from /home/airflow/.local/lib/python3.8/site-packages/airflow/example_dags/example_branch_operator.py
[2023-11-22T19:34:41.896+0000] {logging_mixin.py:154} INFO - [2023-11-22T19:34:41.896+0000] {dag.py:2941} INFO - Sync 1 DAGs
[2023-11-22T19:34:41.914+0000] {logging_mixin.py:154} INFO - [2023-11-22T19:34:41.914+0000] {dag.py:3722} INFO - Setting next_dagrun for example_branch_operator to 2023-11-21T00:00:00+00:00, run_after=2023-11-22T00:00:00+00:00
[2023-11-22T19:34:41.928+0000] {processor.py:179} INFO - Processing /home/airflow/.local/lib/python3.8/site-packages/airflow/example_dags/example_branch_operator.py took 0.068 seconds
[2023-11-22T19:35:12.236+0000] {processor.py:157} INFO - Started process (PID=2712) to work on /home/airflow/.local/lib/python3.8/site-packages/airflow/example_dags/example_branch_operator.py
[2023-11-22T19:35:12.237+0000] {processor.py:829} INFO - Processing file /home/airflow/.local/lib/python3.8/site-packages/airflow/example_dags/example_branch_operator.py for tasks to queue
[2023-11-22T19:35:12.238+0000] {logging_mixin.py:154} INFO - [2023-11-22T19:35:12.237+0000] {dagbag.py:536} INFO - Filling up the DagBag from /home/airflow/.local/lib/python3.8/site-packages/airflow/example_dags/example_branch_operator.py
[2023-11-22T19:35:12.245+0000] {processor.py:839} INFO - DAG(s) dict_keys(['example_branch_operator']) retrieved from /home/airflow/.local/lib/python3.8/site-packages/airflow/example_dags/example_branch_operator.py
[2023-11-22T19:35:12.268+0000] {logging_mixin.py:154} INFO - [2023-11-22T19:35:12.268+0000] {dag.py:2941} INFO - Sync 1 DAGs
[2023-11-22T19:35:12.286+0000] {logging_mixin.py:154} INFO - [2023-11-22T19:35:12.286+0000] {dag.py:3722} INFO - Setting next_dagrun for example_branch_operator to 2023-11-21T00:00:00+00:00, run_after=2023-11-22T00:00:00+00:00
[2023-11-22T19:35:12.299+0000] {processor.py:179} INFO - Processing /home/airflow/.local/lib/python3.8/site-packages/airflow/example_dags/example_branch_operator.py took 0.067 seconds
[2023-11-22T19:35:42.703+0000] {processor.py:157} INFO - Started process (PID=2950) to work on /home/airflow/.local/lib/python3.8/site-packages/airflow/example_dags/example_branch_operator.py
[2023-11-22T19:35:42.704+0000] {processor.py:829} INFO - Processing file /home/airflow/.local/lib/python3.8/site-packages/airflow/example_dags/example_branch_operator.py for tasks to queue
[2023-11-22T19:35:42.705+0000] {logging_mixin.py:154} INFO - [2023-11-22T19:35:42.704+0000] {dagbag.py:536} INFO - Filling up the DagBag from /home/airflow/.local/lib/python3.8/site-packages/airflow/example_dags/example_branch_operator.py
[2023-11-22T19:35:42.712+0000] {processor.py:839} INFO - DAG(s) dict_keys(['example_branch_operator']) retrieved from /home/airflow/.local/lib/python3.8/site-packages/airflow/example_dags/example_branch_operator.py
[2023-11-22T19:35:42.735+0000] {logging_mixin.py:154} INFO - [2023-11-22T19:35:42.734+0000] {dag.py:2941} INFO - Sync 1 DAGs
[2023-11-22T19:35:42.754+0000] {logging_mixin.py:154} INFO - [2023-11-22T19:35:42.753+0000] {dag.py:3722} INFO - Setting next_dagrun for example_branch_operator to 2023-11-21T00:00:00+00:00, run_after=2023-11-22T00:00:00+00:00
[2023-11-22T19:35:42.769+0000] {processor.py:179} INFO - Processing /home/airflow/.local/lib/python3.8/site-packages/airflow/example_dags/example_branch_operator.py took 0.069 seconds
[2023-11-22T19:36:13.164+0000] {processor.py:157} INFO - Started process (PID=3188) to work on /home/airflow/.local/lib/python3.8/site-packages/airflow/example_dags/example_branch_operator.py
[2023-11-22T19:36:13.165+0000] {processor.py:829} INFO - Processing file /home/airflow/.local/lib/python3.8/site-packages/airflow/example_dags/example_branch_operator.py for tasks to queue
[2023-11-22T19:36:13.166+0000] {logging_mixin.py:154} INFO - [2023-11-22T19:36:13.165+0000] {dagbag.py:536} INFO - Filling up the DagBag from /home/airflow/.local/lib/python3.8/site-packages/airflow/example_dags/example_branch_operator.py
[2023-11-22T19:36:13.173+0000] {processor.py:839} INFO - DAG(s) dict_keys(['example_branch_operator']) retrieved from /home/airflow/.local/lib/python3.8/site-packages/airflow/example_dags/example_branch_operator.py
[2023-11-22T19:36:13.195+0000] {logging_mixin.py:154} INFO - [2023-11-22T19:36:13.195+0000] {dag.py:2941} INFO - Sync 1 DAGs
[2023-11-22T19:36:13.213+0000] {logging_mixin.py:154} INFO - [2023-11-22T19:36:13.213+0000] {dag.py:3722} INFO - Setting next_dagrun for example_branch_operator to 2023-11-21T00:00:00+00:00, run_after=2023-11-22T00:00:00+00:00
[2023-11-22T19:36:13.227+0000] {processor.py:179} INFO - Processing /home/airflow/.local/lib/python3.8/site-packages/airflow/example_dags/example_branch_operator.py took 0.066 seconds
[2023-11-22T19:36:44.127+0000] {processor.py:157} INFO - Started process (PID=3426) to work on /home/airflow/.local/lib/python3.8/site-packages/airflow/example_dags/example_branch_operator.py
[2023-11-22T19:36:44.128+0000] {processor.py:829} INFO - Processing file /home/airflow/.local/lib/python3.8/site-packages/airflow/example_dags/example_branch_operator.py for tasks to queue
[2023-11-22T19:36:44.129+0000] {logging_mixin.py:154} INFO - [2023-11-22T19:36:44.129+0000] {dagbag.py:536} INFO - Filling up the DagBag from /home/airflow/.local/lib/python3.8/site-packages/airflow/example_dags/example_branch_operator.py
[2023-11-22T19:36:44.141+0000] {processor.py:839} INFO - DAG(s) dict_keys(['example_branch_operator']) retrieved from /home/airflow/.local/lib/python3.8/site-packages/airflow/example_dags/example_branch_operator.py
[2023-11-22T19:36:44.190+0000] {logging_mixin.py:154} INFO - [2023-11-22T19:36:44.190+0000] {dag.py:2941} INFO - Sync 1 DAGs
[2023-11-22T19:36:44.222+0000] {logging_mixin.py:154} INFO - [2023-11-22T19:36:44.222+0000] {dag.py:3722} INFO - Setting next_dagrun for example_branch_operator to 2023-11-21T00:00:00+00:00, run_after=2023-11-22T00:00:00+00:00
[2023-11-22T19:36:44.241+0000] {processor.py:179} INFO - Processing /home/airflow/.local/lib/python3.8/site-packages/airflow/example_dags/example_branch_operator.py took 0.119 seconds
[2023-11-22T19:37:15.178+0000] {processor.py:157} INFO - Started process (PID=3666) to work on /home/airflow/.local/lib/python3.8/site-packages/airflow/example_dags/example_branch_operator.py
[2023-11-22T19:37:15.179+0000] {processor.py:829} INFO - Processing file /home/airflow/.local/lib/python3.8/site-packages/airflow/example_dags/example_branch_operator.py for tasks to queue
[2023-11-22T19:37:15.180+0000] {logging_mixin.py:154} INFO - [2023-11-22T19:37:15.179+0000] {dagbag.py:536} INFO - Filling up the DagBag from /home/airflow/.local/lib/python3.8/site-packages/airflow/example_dags/example_branch_operator.py
[2023-11-22T19:37:15.187+0000] {processor.py:839} INFO - DAG(s) dict_keys(['example_branch_operator']) retrieved from /home/airflow/.local/lib/python3.8/site-packages/airflow/example_dags/example_branch_operator.py
[2023-11-22T19:37:15.212+0000] {logging_mixin.py:154} INFO - [2023-11-22T19:37:15.212+0000] {dag.py:2941} INFO - Sync 1 DAGs
[2023-11-22T19:37:15.232+0000] {logging_mixin.py:154} INFO - [2023-11-22T19:37:15.232+0000] {dag.py:3722} INFO - Setting next_dagrun for example_branch_operator to 2023-11-21T00:00:00+00:00, run_after=2023-11-22T00:00:00+00:00
[2023-11-22T19:37:15.245+0000] {processor.py:179} INFO - Processing /home/airflow/.local/lib/python3.8/site-packages/airflow/example_dags/example_branch_operator.py took 0.070 seconds
[2023-11-22T19:37:45.420+0000] {processor.py:157} INFO - Started process (PID=3902) to work on /home/airflow/.local/lib/python3.8/site-packages/airflow/example_dags/example_branch_operator.py
[2023-11-22T19:37:45.421+0000] {processor.py:829} INFO - Processing file /home/airflow/.local/lib/python3.8/site-packages/airflow/example_dags/example_branch_operator.py for tasks to queue
[2023-11-22T19:37:45.422+0000] {logging_mixin.py:154} INFO - [2023-11-22T19:37:45.422+0000] {dagbag.py:536} INFO - Filling up the DagBag from /home/airflow/.local/lib/python3.8/site-packages/airflow/example_dags/example_branch_operator.py
[2023-11-22T19:37:45.432+0000] {processor.py:839} INFO - DAG(s) dict_keys(['example_branch_operator']) retrieved from /home/airflow/.local/lib/python3.8/site-packages/airflow/example_dags/example_branch_operator.py
[2023-11-22T19:37:45.460+0000] {logging_mixin.py:154} INFO - [2023-11-22T19:37:45.459+0000] {dag.py:2941} INFO - Sync 1 DAGs
[2023-11-22T19:37:45.483+0000] {logging_mixin.py:154} INFO - [2023-11-22T19:37:45.482+0000] {dag.py:3722} INFO - Setting next_dagrun for example_branch_operator to 2023-11-21T00:00:00+00:00, run_after=2023-11-22T00:00:00+00:00
[2023-11-22T19:37:45.501+0000] {processor.py:179} INFO - Processing /home/airflow/.local/lib/python3.8/site-packages/airflow/example_dags/example_branch_operator.py took 0.085 seconds
[2023-11-22T19:38:15.578+0000] {processor.py:157} INFO - Started process (PID=4142) to work on /home/airflow/.local/lib/python3.8/site-packages/airflow/example_dags/example_branch_operator.py
[2023-11-22T19:38:15.579+0000] {processor.py:829} INFO - Processing file /home/airflow/.local/lib/python3.8/site-packages/airflow/example_dags/example_branch_operator.py for tasks to queue
[2023-11-22T19:38:15.579+0000] {logging_mixin.py:154} INFO - [2023-11-22T19:38:15.579+0000] {dagbag.py:536} INFO - Filling up the DagBag from /home/airflow/.local/lib/python3.8/site-packages/airflow/example_dags/example_branch_operator.py
[2023-11-22T19:38:15.587+0000] {processor.py:839} INFO - DAG(s) dict_keys(['example_branch_operator']) retrieved from /home/airflow/.local/lib/python3.8/site-packages/airflow/example_dags/example_branch_operator.py
[2023-11-22T19:38:15.609+0000] {logging_mixin.py:154} INFO - [2023-11-22T19:38:15.609+0000] {dag.py:2941} INFO - Sync 1 DAGs
[2023-11-22T19:38:15.627+0000] {logging_mixin.py:154} INFO - [2023-11-22T19:38:15.627+0000] {dag.py:3722} INFO - Setting next_dagrun for example_branch_operator to 2023-11-21T00:00:00+00:00, run_after=2023-11-22T00:00:00+00:00
[2023-11-22T19:38:15.640+0000] {processor.py:179} INFO - Processing /home/airflow/.local/lib/python3.8/site-packages/airflow/example_dags/example_branch_operator.py took 0.065 seconds
[2023-11-22T19:38:45.775+0000] {processor.py:157} INFO - Started process (PID=4377) to work on /home/airflow/.local/lib/python3.8/site-packages/airflow/example_dags/example_branch_operator.py
[2023-11-22T19:38:45.776+0000] {processor.py:829} INFO - Processing file /home/airflow/.local/lib/python3.8/site-packages/airflow/example_dags/example_branch_operator.py for tasks to queue
[2023-11-22T19:38:45.777+0000] {logging_mixin.py:154} INFO - [2023-11-22T19:38:45.776+0000] {dagbag.py:536} INFO - Filling up the DagBag from /home/airflow/.local/lib/python3.8/site-packages/airflow/example_dags/example_branch_operator.py
[2023-11-22T19:38:45.784+0000] {processor.py:839} INFO - DAG(s) dict_keys(['example_branch_operator']) retrieved from /home/airflow/.local/lib/python3.8/site-packages/airflow/example_dags/example_branch_operator.py
[2023-11-22T19:38:45.806+0000] {logging_mixin.py:154} INFO - [2023-11-22T19:38:45.806+0000] {dag.py:2941} INFO - Sync 1 DAGs
[2023-11-22T19:38:45.824+0000] {logging_mixin.py:154} INFO - [2023-11-22T19:38:45.824+0000] {dag.py:3722} INFO - Setting next_dagrun for example_branch_operator to 2023-11-21T00:00:00+00:00, run_after=2023-11-22T00:00:00+00:00
[2023-11-22T19:38:45.837+0000] {processor.py:179} INFO - Processing /home/airflow/.local/lib/python3.8/site-packages/airflow/example_dags/example_branch_operator.py took 0.065 seconds
[2023-11-22T19:39:16.248+0000] {processor.py:157} INFO - Started process (PID=4615) to work on /home/airflow/.local/lib/python3.8/site-packages/airflow/example_dags/example_branch_operator.py
[2023-11-22T19:39:16.249+0000] {processor.py:829} INFO - Processing file /home/airflow/.local/lib/python3.8/site-packages/airflow/example_dags/example_branch_operator.py for tasks to queue
[2023-11-22T19:39:16.250+0000] {logging_mixin.py:154} INFO - [2023-11-22T19:39:16.250+0000] {dagbag.py:536} INFO - Filling up the DagBag from /home/airflow/.local/lib/python3.8/site-packages/airflow/example_dags/example_branch_operator.py
[2023-11-22T19:39:16.257+0000] {processor.py:839} INFO - DAG(s) dict_keys(['example_branch_operator']) retrieved from /home/airflow/.local/lib/python3.8/site-packages/airflow/example_dags/example_branch_operator.py
[2023-11-22T19:39:16.280+0000] {logging_mixin.py:154} INFO - [2023-11-22T19:39:16.279+0000] {dag.py:2941} INFO - Sync 1 DAGs
[2023-11-22T19:39:16.298+0000] {logging_mixin.py:154} INFO - [2023-11-22T19:39:16.298+0000] {dag.py:3722} INFO - Setting next_dagrun for example_branch_operator to 2023-11-21T00:00:00+00:00, run_after=2023-11-22T00:00:00+00:00
[2023-11-22T19:39:16.310+0000] {processor.py:179} INFO - Processing /home/airflow/.local/lib/python3.8/site-packages/airflow/example_dags/example_branch_operator.py took 0.065 seconds
[2023-11-22T19:39:46.799+0000] {processor.py:157} INFO - Started process (PID=4855) to work on /home/airflow/.local/lib/python3.8/site-packages/airflow/example_dags/example_branch_operator.py
[2023-11-22T19:39:46.799+0000] {processor.py:829} INFO - Processing file /home/airflow/.local/lib/python3.8/site-packages/airflow/example_dags/example_branch_operator.py for tasks to queue
[2023-11-22T19:39:46.800+0000] {logging_mixin.py:154} INFO - [2023-11-22T19:39:46.800+0000] {dagbag.py:536} INFO - Filling up the DagBag from /home/airflow/.local/lib/python3.8/site-packages/airflow/example_dags/example_branch_operator.py
[2023-11-22T19:39:46.808+0000] {processor.py:839} INFO - DAG(s) dict_keys(['example_branch_operator']) retrieved from /home/airflow/.local/lib/python3.8/site-packages/airflow/example_dags/example_branch_operator.py
[2023-11-22T19:39:46.830+0000] {logging_mixin.py:154} INFO - [2023-11-22T19:39:46.830+0000] {dag.py:2941} INFO - Sync 1 DAGs
[2023-11-22T19:39:46.848+0000] {logging_mixin.py:154} INFO - [2023-11-22T19:39:46.848+0000] {dag.py:3722} INFO - Setting next_dagrun for example_branch_operator to 2023-11-21T00:00:00+00:00, run_after=2023-11-22T00:00:00+00:00
[2023-11-22T19:39:46.860+0000] {processor.py:179} INFO - Processing /home/airflow/.local/lib/python3.8/site-packages/airflow/example_dags/example_branch_operator.py took 0.065 seconds
[2023-11-22T19:40:17.246+0000] {processor.py:157} INFO - Started process (PID=5091) to work on /home/airflow/.local/lib/python3.8/site-packages/airflow/example_dags/example_branch_operator.py
[2023-11-22T19:40:17.247+0000] {processor.py:829} INFO - Processing file /home/airflow/.local/lib/python3.8/site-packages/airflow/example_dags/example_branch_operator.py for tasks to queue
[2023-11-22T19:40:17.248+0000] {logging_mixin.py:154} INFO - [2023-11-22T19:40:17.248+0000] {dagbag.py:536} INFO - Filling up the DagBag from /home/airflow/.local/lib/python3.8/site-packages/airflow/example_dags/example_branch_operator.py
[2023-11-22T19:40:17.255+0000] {processor.py:839} INFO - DAG(s) dict_keys(['example_branch_operator']) retrieved from /home/airflow/.local/lib/python3.8/site-packages/airflow/example_dags/example_branch_operator.py
[2023-11-22T19:40:17.278+0000] {logging_mixin.py:154} INFO - [2023-11-22T19:40:17.278+0000] {dag.py:2941} INFO - Sync 1 DAGs
[2023-11-22T19:40:17.295+0000] {logging_mixin.py:154} INFO - [2023-11-22T19:40:17.295+0000] {dag.py:3722} INFO - Setting next_dagrun for example_branch_operator to 2023-11-21T00:00:00+00:00, run_after=2023-11-22T00:00:00+00:00
[2023-11-22T19:40:17.310+0000] {processor.py:179} INFO - Processing /home/airflow/.local/lib/python3.8/site-packages/airflow/example_dags/example_branch_operator.py took 0.067 seconds
[2023-11-22T19:40:47.948+0000] {processor.py:157} INFO - Started process (PID=5329) to work on /home/airflow/.local/lib/python3.8/site-packages/airflow/example_dags/example_branch_operator.py
[2023-11-22T19:40:47.949+0000] {processor.py:829} INFO - Processing file /home/airflow/.local/lib/python3.8/site-packages/airflow/example_dags/example_branch_operator.py for tasks to queue
[2023-11-22T19:40:47.950+0000] {logging_mixin.py:154} INFO - [2023-11-22T19:40:47.950+0000] {dagbag.py:536} INFO - Filling up the DagBag from /home/airflow/.local/lib/python3.8/site-packages/airflow/example_dags/example_branch_operator.py
[2023-11-22T19:40:47.958+0000] {processor.py:839} INFO - DAG(s) dict_keys(['example_branch_operator']) retrieved from /home/airflow/.local/lib/python3.8/site-packages/airflow/example_dags/example_branch_operator.py
[2023-11-22T19:40:47.981+0000] {logging_mixin.py:154} INFO - [2023-11-22T19:40:47.980+0000] {dag.py:2941} INFO - Sync 1 DAGs
[2023-11-22T19:40:47.998+0000] {logging_mixin.py:154} INFO - [2023-11-22T19:40:47.998+0000] {dag.py:3722} INFO - Setting next_dagrun for example_branch_operator to 2023-11-21T00:00:00+00:00, run_after=2023-11-22T00:00:00+00:00
[2023-11-22T19:40:48.011+0000] {processor.py:179} INFO - Processing /home/airflow/.local/lib/python3.8/site-packages/airflow/example_dags/example_branch_operator.py took 0.066 seconds
[2023-11-22T19:41:18.388+0000] {processor.py:157} INFO - Started process (PID=5567) to work on /home/airflow/.local/lib/python3.8/site-packages/airflow/example_dags/example_branch_operator.py
[2023-11-22T19:41:18.389+0000] {processor.py:829} INFO - Processing file /home/airflow/.local/lib/python3.8/site-packages/airflow/example_dags/example_branch_operator.py for tasks to queue
[2023-11-22T19:41:18.390+0000] {logging_mixin.py:154} INFO - [2023-11-22T19:41:18.389+0000] {dagbag.py:536} INFO - Filling up the DagBag from /home/airflow/.local/lib/python3.8/site-packages/airflow/example_dags/example_branch_operator.py
[2023-11-22T19:41:18.397+0000] {processor.py:839} INFO - DAG(s) dict_keys(['example_branch_operator']) retrieved from /home/airflow/.local/lib/python3.8/site-packages/airflow/example_dags/example_branch_operator.py
[2023-11-22T19:41:18.419+0000] {logging_mixin.py:154} INFO - [2023-11-22T19:41:18.419+0000] {dag.py:2941} INFO - Sync 1 DAGs
[2023-11-22T19:41:18.437+0000] {logging_mixin.py:154} INFO - [2023-11-22T19:41:18.437+0000] {dag.py:3722} INFO - Setting next_dagrun for example_branch_operator to 2023-11-21T00:00:00+00:00, run_after=2023-11-22T00:00:00+00:00
[2023-11-22T19:41:18.450+0000] {processor.py:179} INFO - Processing /home/airflow/.local/lib/python3.8/site-packages/airflow/example_dags/example_branch_operator.py took 0.065 seconds
[2023-11-22T19:41:48.850+0000] {processor.py:157} INFO - Started process (PID=5805) to work on /home/airflow/.local/lib/python3.8/site-packages/airflow/example_dags/example_branch_operator.py
[2023-11-22T19:41:48.851+0000] {processor.py:829} INFO - Processing file /home/airflow/.local/lib/python3.8/site-packages/airflow/example_dags/example_branch_operator.py for tasks to queue
[2023-11-22T19:41:48.852+0000] {logging_mixin.py:154} INFO - [2023-11-22T19:41:48.852+0000] {dagbag.py:536} INFO - Filling up the DagBag from /home/airflow/.local/lib/python3.8/site-packages/airflow/example_dags/example_branch_operator.py
[2023-11-22T19:41:48.859+0000] {processor.py:839} INFO - DAG(s) dict_keys(['example_branch_operator']) retrieved from /home/airflow/.local/lib/python3.8/site-packages/airflow/example_dags/example_branch_operator.py
[2023-11-22T19:41:48.882+0000] {logging_mixin.py:154} INFO - [2023-11-22T19:41:48.882+0000] {dag.py:2941} INFO - Sync 1 DAGs
[2023-11-22T19:41:48.900+0000] {logging_mixin.py:154} INFO - [2023-11-22T19:41:48.899+0000] {dag.py:3722} INFO - Setting next_dagrun for example_branch_operator to 2023-11-21T00:00:00+00:00, run_after=2023-11-22T00:00:00+00:00
[2023-11-22T19:41:48.913+0000] {processor.py:179} INFO - Processing /home/airflow/.local/lib/python3.8/site-packages/airflow/example_dags/example_branch_operator.py took 0.065 seconds
[2023-11-22T19:42:19.230+0000] {processor.py:157} INFO - Started process (PID=6042) to work on /home/airflow/.local/lib/python3.8/site-packages/airflow/example_dags/example_branch_operator.py
[2023-11-22T19:42:19.231+0000] {processor.py:829} INFO - Processing file /home/airflow/.local/lib/python3.8/site-packages/airflow/example_dags/example_branch_operator.py for tasks to queue
[2023-11-22T19:42:19.231+0000] {logging_mixin.py:154} INFO - [2023-11-22T19:42:19.231+0000] {dagbag.py:536} INFO - Filling up the DagBag from /home/airflow/.local/lib/python3.8/site-packages/airflow/example_dags/example_branch_operator.py
[2023-11-22T19:42:19.239+0000] {processor.py:839} INFO - DAG(s) dict_keys(['example_branch_operator']) retrieved from /home/airflow/.local/lib/python3.8/site-packages/airflow/example_dags/example_branch_operator.py
[2023-11-22T19:42:19.262+0000] {logging_mixin.py:154} INFO - [2023-11-22T19:42:19.262+0000] {dag.py:2941} INFO - Sync 1 DAGs
[2023-11-22T19:42:19.280+0000] {logging_mixin.py:154} INFO - [2023-11-22T19:42:19.280+0000] {dag.py:3722} INFO - Setting next_dagrun for example_branch_operator to 2023-11-21T00:00:00+00:00, run_after=2023-11-22T00:00:00+00:00
[2023-11-22T19:42:19.295+0000] {processor.py:179} INFO - Processing /home/airflow/.local/lib/python3.8/site-packages/airflow/example_dags/example_branch_operator.py took 0.068 seconds
[2023-11-22T19:42:49.670+0000] {processor.py:157} INFO - Started process (PID=6280) to work on /home/airflow/.local/lib/python3.8/site-packages/airflow/example_dags/example_branch_operator.py
[2023-11-22T19:42:49.671+0000] {processor.py:829} INFO - Processing file /home/airflow/.local/lib/python3.8/site-packages/airflow/example_dags/example_branch_operator.py for tasks to queue
[2023-11-22T19:42:49.671+0000] {logging_mixin.py:154} INFO - [2023-11-22T19:42:49.671+0000] {dagbag.py:536} INFO - Filling up the DagBag from /home/airflow/.local/lib/python3.8/site-packages/airflow/example_dags/example_branch_operator.py
[2023-11-22T19:42:49.679+0000] {processor.py:839} INFO - DAG(s) dict_keys(['example_branch_operator']) retrieved from /home/airflow/.local/lib/python3.8/site-packages/airflow/example_dags/example_branch_operator.py
[2023-11-22T19:42:49.702+0000] {logging_mixin.py:154} INFO - [2023-11-22T19:42:49.701+0000] {dag.py:2941} INFO - Sync 1 DAGs
[2023-11-22T19:42:49.719+0000] {logging_mixin.py:154} INFO - [2023-11-22T19:42:49.719+0000] {dag.py:3722} INFO - Setting next_dagrun for example_branch_operator to 2023-11-21T00:00:00+00:00, run_after=2023-11-22T00:00:00+00:00
[2023-11-22T19:42:49.732+0000] {processor.py:179} INFO - Processing /home/airflow/.local/lib/python3.8/site-packages/airflow/example_dags/example_branch_operator.py took 0.066 seconds
[2023-11-22T19:43:19.975+0000] {processor.py:157} INFO - Started process (PID=6518) to work on /home/airflow/.local/lib/python3.8/site-packages/airflow/example_dags/example_branch_operator.py
[2023-11-22T19:43:19.976+0000] {processor.py:829} INFO - Processing file /home/airflow/.local/lib/python3.8/site-packages/airflow/example_dags/example_branch_operator.py for tasks to queue
[2023-11-22T19:43:19.977+0000] {logging_mixin.py:154} INFO - [2023-11-22T19:43:19.977+0000] {dagbag.py:536} INFO - Filling up the DagBag from /home/airflow/.local/lib/python3.8/site-packages/airflow/example_dags/example_branch_operator.py
[2023-11-22T19:43:19.984+0000] {processor.py:839} INFO - DAG(s) dict_keys(['example_branch_operator']) retrieved from /home/airflow/.local/lib/python3.8/site-packages/airflow/example_dags/example_branch_operator.py
[2023-11-22T19:43:20.007+0000] {logging_mixin.py:154} INFO - [2023-11-22T19:43:20.007+0000] {dag.py:2941} INFO - Sync 1 DAGs
[2023-11-22T19:43:20.026+0000] {logging_mixin.py:154} INFO - [2023-11-22T19:43:20.025+0000] {dag.py:3722} INFO - Setting next_dagrun for example_branch_operator to 2023-11-21T00:00:00+00:00, run_after=2023-11-22T00:00:00+00:00
[2023-11-22T19:43:20.038+0000] {processor.py:179} INFO - Processing /home/airflow/.local/lib/python3.8/site-packages/airflow/example_dags/example_branch_operator.py took 0.066 seconds
[2023-11-22T19:43:50.585+0000] {processor.py:157} INFO - Started process (PID=6763) to work on /home/airflow/.local/lib/python3.8/site-packages/airflow/example_dags/example_branch_operator.py
[2023-11-22T19:43:50.586+0000] {processor.py:829} INFO - Processing file /home/airflow/.local/lib/python3.8/site-packages/airflow/example_dags/example_branch_operator.py for tasks to queue
[2023-11-22T19:43:50.587+0000] {logging_mixin.py:154} INFO - [2023-11-22T19:43:50.587+0000] {dagbag.py:536} INFO - Filling up the DagBag from /home/airflow/.local/lib/python3.8/site-packages/airflow/example_dags/example_branch_operator.py
[2023-11-22T19:43:50.596+0000] {processor.py:839} INFO - DAG(s) dict_keys(['example_branch_operator']) retrieved from /home/airflow/.local/lib/python3.8/site-packages/airflow/example_dags/example_branch_operator.py
[2023-11-22T19:43:50.621+0000] {logging_mixin.py:154} INFO - [2023-11-22T19:43:50.621+0000] {dag.py:2941} INFO - Sync 1 DAGs
[2023-11-22T19:43:50.643+0000] {logging_mixin.py:154} INFO - [2023-11-22T19:43:50.643+0000] {dag.py:3722} INFO - Setting next_dagrun for example_branch_operator to 2023-11-21T00:00:00+00:00, run_after=2023-11-22T00:00:00+00:00
[2023-11-22T19:43:50.658+0000] {processor.py:179} INFO - Processing /home/airflow/.local/lib/python3.8/site-packages/airflow/example_dags/example_branch_operator.py took 0.076 seconds
[2023-11-22T19:44:21.017+0000] {processor.py:157} INFO - Started process (PID=7001) to work on /home/airflow/.local/lib/python3.8/site-packages/airflow/example_dags/example_branch_operator.py
[2023-11-22T19:44:21.018+0000] {processor.py:829} INFO - Processing file /home/airflow/.local/lib/python3.8/site-packages/airflow/example_dags/example_branch_operator.py for tasks to queue
[2023-11-22T19:44:21.019+0000] {logging_mixin.py:154} INFO - [2023-11-22T19:44:21.019+0000] {dagbag.py:536} INFO - Filling up the DagBag from /home/airflow/.local/lib/python3.8/site-packages/airflow/example_dags/example_branch_operator.py
[2023-11-22T19:44:21.026+0000] {processor.py:839} INFO - DAG(s) dict_keys(['example_branch_operator']) retrieved from /home/airflow/.local/lib/python3.8/site-packages/airflow/example_dags/example_branch_operator.py
[2023-11-22T19:44:21.049+0000] {logging_mixin.py:154} INFO - [2023-11-22T19:44:21.049+0000] {dag.py:2941} INFO - Sync 1 DAGs
[2023-11-22T19:44:21.067+0000] {logging_mixin.py:154} INFO - [2023-11-22T19:44:21.066+0000] {dag.py:3722} INFO - Setting next_dagrun for example_branch_operator to 2023-11-21T00:00:00+00:00, run_after=2023-11-22T00:00:00+00:00
[2023-11-22T19:44:21.081+0000] {processor.py:179} INFO - Processing /home/airflow/.local/lib/python3.8/site-packages/airflow/example_dags/example_branch_operator.py took 0.066 seconds
[2023-11-22T19:44:51.480+0000] {processor.py:157} INFO - Started process (PID=7239) to work on /home/airflow/.local/lib/python3.8/site-packages/airflow/example_dags/example_branch_operator.py
[2023-11-22T19:44:51.480+0000] {processor.py:829} INFO - Processing file /home/airflow/.local/lib/python3.8/site-packages/airflow/example_dags/example_branch_operator.py for tasks to queue
[2023-11-22T19:44:51.481+0000] {logging_mixin.py:154} INFO - [2023-11-22T19:44:51.481+0000] {dagbag.py:536} INFO - Filling up the DagBag from /home/airflow/.local/lib/python3.8/site-packages/airflow/example_dags/example_branch_operator.py
[2023-11-22T19:44:51.489+0000] {processor.py:839} INFO - DAG(s) dict_keys(['example_branch_operator']) retrieved from /home/airflow/.local/lib/python3.8/site-packages/airflow/example_dags/example_branch_operator.py
[2023-11-22T19:44:51.511+0000] {logging_mixin.py:154} INFO - [2023-11-22T19:44:51.511+0000] {dag.py:2941} INFO - Sync 1 DAGs
[2023-11-22T19:44:51.529+0000] {logging_mixin.py:154} INFO - [2023-11-22T19:44:51.529+0000] {dag.py:3722} INFO - Setting next_dagrun for example_branch_operator to 2023-11-21T00:00:00+00:00, run_after=2023-11-22T00:00:00+00:00
[2023-11-22T19:44:51.546+0000] {processor.py:179} INFO - Processing /home/airflow/.local/lib/python3.8/site-packages/airflow/example_dags/example_branch_operator.py took 0.070 seconds
[2023-11-22T19:45:21.863+0000] {processor.py:157} INFO - Started process (PID=7477) to work on /home/airflow/.local/lib/python3.8/site-packages/airflow/example_dags/example_branch_operator.py
[2023-11-22T19:45:21.864+0000] {processor.py:829} INFO - Processing file /home/airflow/.local/lib/python3.8/site-packages/airflow/example_dags/example_branch_operator.py for tasks to queue
[2023-11-22T19:45:21.865+0000] {logging_mixin.py:154} INFO - [2023-11-22T19:45:21.865+0000] {dagbag.py:536} INFO - Filling up the DagBag from /home/airflow/.local/lib/python3.8/site-packages/airflow/example_dags/example_branch_operator.py
[2023-11-22T19:45:21.873+0000] {processor.py:839} INFO - DAG(s) dict_keys(['example_branch_operator']) retrieved from /home/airflow/.local/lib/python3.8/site-packages/airflow/example_dags/example_branch_operator.py
[2023-11-22T19:45:21.895+0000] {logging_mixin.py:154} INFO - [2023-11-22T19:45:21.895+0000] {dag.py:2941} INFO - Sync 1 DAGs
[2023-11-22T19:45:21.913+0000] {logging_mixin.py:154} INFO - [2023-11-22T19:45:21.913+0000] {dag.py:3722} INFO - Setting next_dagrun for example_branch_operator to 2023-11-21T00:00:00+00:00, run_after=2023-11-22T00:00:00+00:00
[2023-11-22T19:45:21.926+0000] {processor.py:179} INFO - Processing /home/airflow/.local/lib/python3.8/site-packages/airflow/example_dags/example_branch_operator.py took 0.066 seconds
[2023-11-22T19:45:52.381+0000] {processor.py:157} INFO - Started process (PID=7715) to work on /home/airflow/.local/lib/python3.8/site-packages/airflow/example_dags/example_branch_operator.py
[2023-11-22T19:45:52.381+0000] {processor.py:829} INFO - Processing file /home/airflow/.local/lib/python3.8/site-packages/airflow/example_dags/example_branch_operator.py for tasks to queue
[2023-11-22T19:45:52.382+0000] {logging_mixin.py:154} INFO - [2023-11-22T19:45:52.382+0000] {dagbag.py:536} INFO - Filling up the DagBag from /home/airflow/.local/lib/python3.8/site-packages/airflow/example_dags/example_branch_operator.py
[2023-11-22T19:45:52.390+0000] {processor.py:839} INFO - DAG(s) dict_keys(['example_branch_operator']) retrieved from /home/airflow/.local/lib/python3.8/site-packages/airflow/example_dags/example_branch_operator.py
[2023-11-22T19:45:52.412+0000] {logging_mixin.py:154} INFO - [2023-11-22T19:45:52.412+0000] {dag.py:2941} INFO - Sync 1 DAGs
[2023-11-22T19:45:52.430+0000] {logging_mixin.py:154} INFO - [2023-11-22T19:45:52.430+0000] {dag.py:3722} INFO - Setting next_dagrun for example_branch_operator to 2023-11-21T00:00:00+00:00, run_after=2023-11-22T00:00:00+00:00
[2023-11-22T19:45:52.443+0000] {processor.py:179} INFO - Processing /home/airflow/.local/lib/python3.8/site-packages/airflow/example_dags/example_branch_operator.py took 0.065 seconds
[2023-11-22T19:46:22.835+0000] {processor.py:157} INFO - Started process (PID=7953) to work on /home/airflow/.local/lib/python3.8/site-packages/airflow/example_dags/example_branch_operator.py
[2023-11-22T19:46:22.836+0000] {processor.py:829} INFO - Processing file /home/airflow/.local/lib/python3.8/site-packages/airflow/example_dags/example_branch_operator.py for tasks to queue
[2023-11-22T19:46:22.837+0000] {logging_mixin.py:154} INFO - [2023-11-22T19:46:22.837+0000] {dagbag.py:536} INFO - Filling up the DagBag from /home/airflow/.local/lib/python3.8/site-packages/airflow/example_dags/example_branch_operator.py
[2023-11-22T19:46:22.844+0000] {processor.py:839} INFO - DAG(s) dict_keys(['example_branch_operator']) retrieved from /home/airflow/.local/lib/python3.8/site-packages/airflow/example_dags/example_branch_operator.py
[2023-11-22T19:46:22.867+0000] {logging_mixin.py:154} INFO - [2023-11-22T19:46:22.866+0000] {dag.py:2941} INFO - Sync 1 DAGs
[2023-11-22T19:46:22.884+0000] {logging_mixin.py:154} INFO - [2023-11-22T19:46:22.884+0000] {dag.py:3722} INFO - Setting next_dagrun for example_branch_operator to 2023-11-21T00:00:00+00:00, run_after=2023-11-22T00:00:00+00:00
[2023-11-22T19:46:22.898+0000] {processor.py:179} INFO - Processing /home/airflow/.local/lib/python3.8/site-packages/airflow/example_dags/example_branch_operator.py took 0.066 seconds
[2023-11-22T19:46:53.266+0000] {processor.py:157} INFO - Started process (PID=8191) to work on /home/airflow/.local/lib/python3.8/site-packages/airflow/example_dags/example_branch_operator.py
[2023-11-22T19:46:53.267+0000] {processor.py:829} INFO - Processing file /home/airflow/.local/lib/python3.8/site-packages/airflow/example_dags/example_branch_operator.py for tasks to queue
[2023-11-22T19:46:53.267+0000] {logging_mixin.py:154} INFO - [2023-11-22T19:46:53.267+0000] {dagbag.py:536} INFO - Filling up the DagBag from /home/airflow/.local/lib/python3.8/site-packages/airflow/example_dags/example_branch_operator.py
[2023-11-22T19:46:53.275+0000] {processor.py:839} INFO - DAG(s) dict_keys(['example_branch_operator']) retrieved from /home/airflow/.local/lib/python3.8/site-packages/airflow/example_dags/example_branch_operator.py
[2023-11-22T19:46:53.297+0000] {logging_mixin.py:154} INFO - [2023-11-22T19:46:53.297+0000] {dag.py:2941} INFO - Sync 1 DAGs
[2023-11-22T19:46:53.315+0000] {logging_mixin.py:154} INFO - [2023-11-22T19:46:53.315+0000] {dag.py:3722} INFO - Setting next_dagrun for example_branch_operator to 2023-11-21T00:00:00+00:00, run_after=2023-11-22T00:00:00+00:00
[2023-11-22T19:46:53.328+0000] {processor.py:179} INFO - Processing /home/airflow/.local/lib/python3.8/site-packages/airflow/example_dags/example_branch_operator.py took 0.066 seconds
[2023-11-22T19:47:23.782+0000] {processor.py:157} INFO - Started process (PID=8430) to work on /home/airflow/.local/lib/python3.8/site-packages/airflow/example_dags/example_branch_operator.py
[2023-11-22T19:47:23.783+0000] {processor.py:829} INFO - Processing file /home/airflow/.local/lib/python3.8/site-packages/airflow/example_dags/example_branch_operator.py for tasks to queue
[2023-11-22T19:47:23.784+0000] {logging_mixin.py:154} INFO - [2023-11-22T19:47:23.784+0000] {dagbag.py:536} INFO - Filling up the DagBag from /home/airflow/.local/lib/python3.8/site-packages/airflow/example_dags/example_branch_operator.py
[2023-11-22T19:47:23.792+0000] {processor.py:839} INFO - DAG(s) dict_keys(['example_branch_operator']) retrieved from /home/airflow/.local/lib/python3.8/site-packages/airflow/example_dags/example_branch_operator.py
[2023-11-22T19:47:23.815+0000] {logging_mixin.py:154} INFO - [2023-11-22T19:47:23.815+0000] {dag.py:2941} INFO - Sync 1 DAGs
[2023-11-22T19:47:23.833+0000] {logging_mixin.py:154} INFO - [2023-11-22T19:47:23.833+0000] {dag.py:3722} INFO - Setting next_dagrun for example_branch_operator to 2023-11-21T00:00:00+00:00, run_after=2023-11-22T00:00:00+00:00
[2023-11-22T19:47:23.846+0000] {processor.py:179} INFO - Processing /home/airflow/.local/lib/python3.8/site-packages/airflow/example_dags/example_branch_operator.py took 0.066 seconds
[2023-11-22T19:47:54.602+0000] {processor.py:157} INFO - Started process (PID=8666) to work on /home/airflow/.local/lib/python3.8/site-packages/airflow/example_dags/example_branch_operator.py
[2023-11-22T19:47:54.603+0000] {processor.py:829} INFO - Processing file /home/airflow/.local/lib/python3.8/site-packages/airflow/example_dags/example_branch_operator.py for tasks to queue
[2023-11-22T19:47:54.604+0000] {logging_mixin.py:154} INFO - [2023-11-22T19:47:54.604+0000] {dagbag.py:536} INFO - Filling up the DagBag from /home/airflow/.local/lib/python3.8/site-packages/airflow/example_dags/example_branch_operator.py
[2023-11-22T19:47:54.611+0000] {processor.py:839} INFO - DAG(s) dict_keys(['example_branch_operator']) retrieved from /home/airflow/.local/lib/python3.8/site-packages/airflow/example_dags/example_branch_operator.py
[2023-11-22T19:47:54.634+0000] {logging_mixin.py:154} INFO - [2023-11-22T19:47:54.633+0000] {dag.py:2941} INFO - Sync 1 DAGs
[2023-11-22T19:47:54.651+0000] {logging_mixin.py:154} INFO - [2023-11-22T19:47:54.651+0000] {dag.py:3722} INFO - Setting next_dagrun for example_branch_operator to 2023-11-21T00:00:00+00:00, run_after=2023-11-22T00:00:00+00:00
[2023-11-22T19:47:54.665+0000] {processor.py:179} INFO - Processing /home/airflow/.local/lib/python3.8/site-packages/airflow/example_dags/example_branch_operator.py took 0.066 seconds
[2023-11-22T19:48:25.465+0000] {processor.py:157} INFO - Started process (PID=8904) to work on /home/airflow/.local/lib/python3.8/site-packages/airflow/example_dags/example_branch_operator.py
[2023-11-22T19:48:25.466+0000] {processor.py:829} INFO - Processing file /home/airflow/.local/lib/python3.8/site-packages/airflow/example_dags/example_branch_operator.py for tasks to queue
[2023-11-22T19:48:25.467+0000] {logging_mixin.py:154} INFO - [2023-11-22T19:48:25.466+0000] {dagbag.py:536} INFO - Filling up the DagBag from /home/airflow/.local/lib/python3.8/site-packages/airflow/example_dags/example_branch_operator.py
[2023-11-22T19:48:25.474+0000] {processor.py:839} INFO - DAG(s) dict_keys(['example_branch_operator']) retrieved from /home/airflow/.local/lib/python3.8/site-packages/airflow/example_dags/example_branch_operator.py
[2023-11-22T19:48:25.496+0000] {logging_mixin.py:154} INFO - [2023-11-22T19:48:25.496+0000] {dag.py:2941} INFO - Sync 1 DAGs
[2023-11-22T19:48:25.514+0000] {logging_mixin.py:154} INFO - [2023-11-22T19:48:25.514+0000] {dag.py:3722} INFO - Setting next_dagrun for example_branch_operator to 2023-11-21T00:00:00+00:00, run_after=2023-11-22T00:00:00+00:00
[2023-11-22T19:48:25.643+0000] {processor.py:179} INFO - Processing /home/airflow/.local/lib/python3.8/site-packages/airflow/example_dags/example_branch_operator.py took 0.181 seconds
[2023-11-22T19:48:55.907+0000] {processor.py:157} INFO - Started process (PID=9142) to work on /home/airflow/.local/lib/python3.8/site-packages/airflow/example_dags/example_branch_operator.py
[2023-11-22T19:48:55.908+0000] {processor.py:829} INFO - Processing file /home/airflow/.local/lib/python3.8/site-packages/airflow/example_dags/example_branch_operator.py for tasks to queue
[2023-11-22T19:48:55.909+0000] {logging_mixin.py:154} INFO - [2023-11-22T19:48:55.909+0000] {dagbag.py:536} INFO - Filling up the DagBag from /home/airflow/.local/lib/python3.8/site-packages/airflow/example_dags/example_branch_operator.py
[2023-11-22T19:48:55.917+0000] {processor.py:839} INFO - DAG(s) dict_keys(['example_branch_operator']) retrieved from /home/airflow/.local/lib/python3.8/site-packages/airflow/example_dags/example_branch_operator.py
[2023-11-22T19:48:55.942+0000] {logging_mixin.py:154} INFO - [2023-11-22T19:48:55.942+0000] {dag.py:2941} INFO - Sync 1 DAGs
[2023-11-22T19:48:55.965+0000] {logging_mixin.py:154} INFO - [2023-11-22T19:48:55.964+0000] {dag.py:3722} INFO - Setting next_dagrun for example_branch_operator to 2023-11-21T00:00:00+00:00, run_after=2023-11-22T00:00:00+00:00
[2023-11-22T19:48:55.982+0000] {processor.py:179} INFO - Processing /home/airflow/.local/lib/python3.8/site-packages/airflow/example_dags/example_branch_operator.py took 0.078 seconds
[2023-11-22T19:49:26.990+0000] {processor.py:157} INFO - Started process (PID=9380) to work on /home/airflow/.local/lib/python3.8/site-packages/airflow/example_dags/example_branch_operator.py
[2023-11-22T19:49:26.991+0000] {processor.py:829} INFO - Processing file /home/airflow/.local/lib/python3.8/site-packages/airflow/example_dags/example_branch_operator.py for tasks to queue
[2023-11-22T19:49:26.992+0000] {logging_mixin.py:154} INFO - [2023-11-22T19:49:26.992+0000] {dagbag.py:536} INFO - Filling up the DagBag from /home/airflow/.local/lib/python3.8/site-packages/airflow/example_dags/example_branch_operator.py
[2023-11-22T19:49:27.000+0000] {processor.py:839} INFO - DAG(s) dict_keys(['example_branch_operator']) retrieved from /home/airflow/.local/lib/python3.8/site-packages/airflow/example_dags/example_branch_operator.py
[2023-11-22T19:49:27.028+0000] {logging_mixin.py:154} INFO - [2023-11-22T19:49:27.028+0000] {dag.py:2941} INFO - Sync 1 DAGs
[2023-11-22T19:49:27.047+0000] {logging_mixin.py:154} INFO - [2023-11-22T19:49:27.047+0000] {dag.py:3722} INFO - Setting next_dagrun for example_branch_operator to 2023-11-21T00:00:00+00:00, run_after=2023-11-22T00:00:00+00:00
[2023-11-22T19:49:27.066+0000] {processor.py:179} INFO - Processing /home/airflow/.local/lib/python3.8/site-packages/airflow/example_dags/example_branch_operator.py took 0.081 seconds
[2023-11-22T19:49:58.017+0000] {processor.py:157} INFO - Started process (PID=9620) to work on /home/airflow/.local/lib/python3.8/site-packages/airflow/example_dags/example_branch_operator.py
[2023-11-22T19:49:58.018+0000] {processor.py:829} INFO - Processing file /home/airflow/.local/lib/python3.8/site-packages/airflow/example_dags/example_branch_operator.py for tasks to queue
[2023-11-22T19:49:58.019+0000] {logging_mixin.py:154} INFO - [2023-11-22T19:49:58.018+0000] {dagbag.py:536} INFO - Filling up the DagBag from /home/airflow/.local/lib/python3.8/site-packages/airflow/example_dags/example_branch_operator.py
[2023-11-22T19:49:58.026+0000] {processor.py:839} INFO - DAG(s) dict_keys(['example_branch_operator']) retrieved from /home/airflow/.local/lib/python3.8/site-packages/airflow/example_dags/example_branch_operator.py
[2023-11-22T19:49:58.049+0000] {logging_mixin.py:154} INFO - [2023-11-22T19:49:58.049+0000] {dag.py:2941} INFO - Sync 1 DAGs
[2023-11-22T19:49:58.066+0000] {logging_mixin.py:154} INFO - [2023-11-22T19:49:58.066+0000] {dag.py:3722} INFO - Setting next_dagrun for example_branch_operator to 2023-11-21T00:00:00+00:00, run_after=2023-11-22T00:00:00+00:00
[2023-11-22T19:49:58.078+0000] {processor.py:179} INFO - Processing /home/airflow/.local/lib/python3.8/site-packages/airflow/example_dags/example_branch_operator.py took 0.064 seconds
[2023-11-22T19:50:28.322+0000] {processor.py:157} INFO - Started process (PID=9856) to work on /home/airflow/.local/lib/python3.8/site-packages/airflow/example_dags/example_branch_operator.py
[2023-11-22T19:50:28.323+0000] {processor.py:829} INFO - Processing file /home/airflow/.local/lib/python3.8/site-packages/airflow/example_dags/example_branch_operator.py for tasks to queue
[2023-11-22T19:50:28.324+0000] {logging_mixin.py:154} INFO - [2023-11-22T19:50:28.324+0000] {dagbag.py:536} INFO - Filling up the DagBag from /home/airflow/.local/lib/python3.8/site-packages/airflow/example_dags/example_branch_operator.py
[2023-11-22T19:50:28.332+0000] {processor.py:839} INFO - DAG(s) dict_keys(['example_branch_operator']) retrieved from /home/airflow/.local/lib/python3.8/site-packages/airflow/example_dags/example_branch_operator.py
[2023-11-22T19:50:28.354+0000] {logging_mixin.py:154} INFO - [2023-11-22T19:50:28.354+0000] {dag.py:2941} INFO - Sync 1 DAGs
[2023-11-22T19:50:28.512+0000] {logging_mixin.py:154} INFO - [2023-11-22T19:50:28.512+0000] {dag.py:3722} INFO - Setting next_dagrun for example_branch_operator to 2023-11-21T00:00:00+00:00, run_after=2023-11-22T00:00:00+00:00
[2023-11-22T19:50:28.530+0000] {processor.py:179} INFO - Processing /home/airflow/.local/lib/python3.8/site-packages/airflow/example_dags/example_branch_operator.py took 0.214 seconds
[2023-11-22T19:50:58.562+0000] {processor.py:157} INFO - Started process (PID=10094) to work on /home/airflow/.local/lib/python3.8/site-packages/airflow/example_dags/example_branch_operator.py
[2023-11-22T19:50:58.563+0000] {processor.py:829} INFO - Processing file /home/airflow/.local/lib/python3.8/site-packages/airflow/example_dags/example_branch_operator.py for tasks to queue
[2023-11-22T19:50:58.564+0000] {logging_mixin.py:154} INFO - [2023-11-22T19:50:58.564+0000] {dagbag.py:536} INFO - Filling up the DagBag from /home/airflow/.local/lib/python3.8/site-packages/airflow/example_dags/example_branch_operator.py
[2023-11-22T19:50:58.572+0000] {processor.py:839} INFO - DAG(s) dict_keys(['example_branch_operator']) retrieved from /home/airflow/.local/lib/python3.8/site-packages/airflow/example_dags/example_branch_operator.py
[2023-11-22T19:50:58.596+0000] {logging_mixin.py:154} INFO - [2023-11-22T19:50:58.596+0000] {dag.py:2941} INFO - Sync 1 DAGs
[2023-11-22T19:50:58.738+0000] {logging_mixin.py:154} INFO - [2023-11-22T19:50:58.738+0000] {dag.py:3722} INFO - Setting next_dagrun for example_branch_operator to 2023-11-21T00:00:00+00:00, run_after=2023-11-22T00:00:00+00:00
[2023-11-22T19:50:58.750+0000] {processor.py:179} INFO - Processing /home/airflow/.local/lib/python3.8/site-packages/airflow/example_dags/example_branch_operator.py took 0.191 seconds
[2023-11-22T19:51:29.639+0000] {processor.py:157} INFO - Started process (PID=10332) to work on /home/airflow/.local/lib/python3.8/site-packages/airflow/example_dags/example_branch_operator.py
[2023-11-22T19:51:29.640+0000] {processor.py:829} INFO - Processing file /home/airflow/.local/lib/python3.8/site-packages/airflow/example_dags/example_branch_operator.py for tasks to queue
[2023-11-22T19:51:29.641+0000] {logging_mixin.py:154} INFO - [2023-11-22T19:51:29.641+0000] {dagbag.py:536} INFO - Filling up the DagBag from /home/airflow/.local/lib/python3.8/site-packages/airflow/example_dags/example_branch_operator.py
[2023-11-22T19:51:29.649+0000] {processor.py:839} INFO - DAG(s) dict_keys(['example_branch_operator']) retrieved from /home/airflow/.local/lib/python3.8/site-packages/airflow/example_dags/example_branch_operator.py
[2023-11-22T19:51:29.671+0000] {logging_mixin.py:154} INFO - [2023-11-22T19:51:29.671+0000] {dag.py:2941} INFO - Sync 1 DAGs
[2023-11-22T19:51:29.688+0000] {logging_mixin.py:154} INFO - [2023-11-22T19:51:29.688+0000] {dag.py:3722} INFO - Setting next_dagrun for example_branch_operator to 2023-11-21T00:00:00+00:00, run_after=2023-11-22T00:00:00+00:00
[2023-11-22T19:51:29.810+0000] {processor.py:179} INFO - Processing /home/airflow/.local/lib/python3.8/site-packages/airflow/example_dags/example_branch_operator.py took 0.175 seconds
[2023-11-22T19:52:00.078+0000] {processor.py:157} INFO - Started process (PID=10572) to work on /home/airflow/.local/lib/python3.8/site-packages/airflow/example_dags/example_branch_operator.py
[2023-11-22T19:52:00.079+0000] {processor.py:829} INFO - Processing file /home/airflow/.local/lib/python3.8/site-packages/airflow/example_dags/example_branch_operator.py for tasks to queue
[2023-11-22T19:52:00.079+0000] {logging_mixin.py:154} INFO - [2023-11-22T19:52:00.079+0000] {dagbag.py:536} INFO - Filling up the DagBag from /home/airflow/.local/lib/python3.8/site-packages/airflow/example_dags/example_branch_operator.py
[2023-11-22T19:52:00.087+0000] {processor.py:839} INFO - DAG(s) dict_keys(['example_branch_operator']) retrieved from /home/airflow/.local/lib/python3.8/site-packages/airflow/example_dags/example_branch_operator.py
[2023-11-22T19:52:00.110+0000] {logging_mixin.py:154} INFO - [2023-11-22T19:52:00.110+0000] {dag.py:2941} INFO - Sync 1 DAGs
[2023-11-22T19:52:00.127+0000] {logging_mixin.py:154} INFO - [2023-11-22T19:52:00.127+0000] {dag.py:3722} INFO - Setting next_dagrun for example_branch_operator to 2023-11-21T00:00:00+00:00, run_after=2023-11-22T00:00:00+00:00
[2023-11-22T19:52:00.139+0000] {processor.py:179} INFO - Processing /home/airflow/.local/lib/python3.8/site-packages/airflow/example_dags/example_branch_operator.py took 0.064 seconds
[2023-11-22T19:52:30.638+0000] {processor.py:157} INFO - Started process (PID=10809) to work on /home/airflow/.local/lib/python3.8/site-packages/airflow/example_dags/example_branch_operator.py
[2023-11-22T19:52:30.639+0000] {processor.py:829} INFO - Processing file /home/airflow/.local/lib/python3.8/site-packages/airflow/example_dags/example_branch_operator.py for tasks to queue
[2023-11-22T19:52:30.640+0000] {logging_mixin.py:154} INFO - [2023-11-22T19:52:30.639+0000] {dagbag.py:536} INFO - Filling up the DagBag from /home/airflow/.local/lib/python3.8/site-packages/airflow/example_dags/example_branch_operator.py
[2023-11-22T19:52:30.647+0000] {processor.py:839} INFO - DAG(s) dict_keys(['example_branch_operator']) retrieved from /home/airflow/.local/lib/python3.8/site-packages/airflow/example_dags/example_branch_operator.py
[2023-11-22T19:52:30.671+0000] {logging_mixin.py:154} INFO - [2023-11-22T19:52:30.670+0000] {dag.py:2941} INFO - Sync 1 DAGs
[2023-11-22T19:52:30.689+0000] {logging_mixin.py:154} INFO - [2023-11-22T19:52:30.689+0000] {dag.py:3722} INFO - Setting next_dagrun for example_branch_operator to 2023-11-21T00:00:00+00:00, run_after=2023-11-22T00:00:00+00:00
[2023-11-22T19:52:30.702+0000] {processor.py:179} INFO - Processing /home/airflow/.local/lib/python3.8/site-packages/airflow/example_dags/example_branch_operator.py took 0.067 seconds
[2023-11-22T19:53:01.094+0000] {processor.py:157} INFO - Started process (PID=11047) to work on /home/airflow/.local/lib/python3.8/site-packages/airflow/example_dags/example_branch_operator.py
[2023-11-22T19:53:01.095+0000] {processor.py:829} INFO - Processing file /home/airflow/.local/lib/python3.8/site-packages/airflow/example_dags/example_branch_operator.py for tasks to queue
[2023-11-22T19:53:01.096+0000] {logging_mixin.py:154} INFO - [2023-11-22T19:53:01.095+0000] {dagbag.py:536} INFO - Filling up the DagBag from /home/airflow/.local/lib/python3.8/site-packages/airflow/example_dags/example_branch_operator.py
[2023-11-22T19:53:01.104+0000] {processor.py:839} INFO - DAG(s) dict_keys(['example_branch_operator']) retrieved from /home/airflow/.local/lib/python3.8/site-packages/airflow/example_dags/example_branch_operator.py
[2023-11-22T19:53:01.126+0000] {logging_mixin.py:154} INFO - [2023-11-22T19:53:01.126+0000] {dag.py:2941} INFO - Sync 1 DAGs
[2023-11-22T19:53:01.146+0000] {logging_mixin.py:154} INFO - [2023-11-22T19:53:01.146+0000] {dag.py:3722} INFO - Setting next_dagrun for example_branch_operator to 2023-11-21T00:00:00+00:00, run_after=2023-11-22T00:00:00+00:00
[2023-11-22T19:53:01.163+0000] {processor.py:179} INFO - Processing /home/airflow/.local/lib/python3.8/site-packages/airflow/example_dags/example_branch_operator.py took 0.072 seconds
[2023-11-22T19:53:31.472+0000] {processor.py:157} INFO - Started process (PID=11285) to work on /home/airflow/.local/lib/python3.8/site-packages/airflow/example_dags/example_branch_operator.py
[2023-11-22T19:53:31.473+0000] {processor.py:829} INFO - Processing file /home/airflow/.local/lib/python3.8/site-packages/airflow/example_dags/example_branch_operator.py for tasks to queue
[2023-11-22T19:53:31.473+0000] {logging_mixin.py:154} INFO - [2023-11-22T19:53:31.473+0000] {dagbag.py:536} INFO - Filling up the DagBag from /home/airflow/.local/lib/python3.8/site-packages/airflow/example_dags/example_branch_operator.py
[2023-11-22T19:53:31.481+0000] {processor.py:839} INFO - DAG(s) dict_keys(['example_branch_operator']) retrieved from /home/airflow/.local/lib/python3.8/site-packages/airflow/example_dags/example_branch_operator.py
[2023-11-22T19:53:31.504+0000] {logging_mixin.py:154} INFO - [2023-11-22T19:53:31.504+0000] {dag.py:2941} INFO - Sync 1 DAGs
[2023-11-22T19:53:31.521+0000] {logging_mixin.py:154} INFO - [2023-11-22T19:53:31.521+0000] {dag.py:3722} INFO - Setting next_dagrun for example_branch_operator to 2023-11-21T00:00:00+00:00, run_after=2023-11-22T00:00:00+00:00
[2023-11-22T19:53:31.535+0000] {processor.py:179} INFO - Processing /home/airflow/.local/lib/python3.8/site-packages/airflow/example_dags/example_branch_operator.py took 0.067 seconds
[2023-11-22T19:54:02.249+0000] {processor.py:157} INFO - Started process (PID=11523) to work on /home/airflow/.local/lib/python3.8/site-packages/airflow/example_dags/example_branch_operator.py
[2023-11-22T19:54:02.250+0000] {processor.py:829} INFO - Processing file /home/airflow/.local/lib/python3.8/site-packages/airflow/example_dags/example_branch_operator.py for tasks to queue
[2023-11-22T19:54:02.251+0000] {logging_mixin.py:154} INFO - [2023-11-22T19:54:02.251+0000] {dagbag.py:536} INFO - Filling up the DagBag from /home/airflow/.local/lib/python3.8/site-packages/airflow/example_dags/example_branch_operator.py
[2023-11-22T19:54:02.262+0000] {processor.py:839} INFO - DAG(s) dict_keys(['example_branch_operator']) retrieved from /home/airflow/.local/lib/python3.8/site-packages/airflow/example_dags/example_branch_operator.py
[2023-11-22T19:54:02.326+0000] {logging_mixin.py:154} INFO - [2023-11-22T19:54:02.325+0000] {dag.py:2941} INFO - Sync 1 DAGs
[2023-11-22T19:54:02.578+0000] {logging_mixin.py:154} INFO - [2023-11-22T19:54:02.578+0000] {dag.py:3722} INFO - Setting next_dagrun for example_branch_operator to 2023-11-21T00:00:00+00:00, run_after=2023-11-22T00:00:00+00:00
[2023-11-22T19:54:02.691+0000] {processor.py:179} INFO - Processing /home/airflow/.local/lib/python3.8/site-packages/airflow/example_dags/example_branch_operator.py took 0.446 seconds
[2023-11-22T20:36:15.582+0000] {processor.py:157} INFO - Started process (PID=11763) to work on /home/airflow/.local/lib/python3.8/site-packages/airflow/example_dags/example_branch_operator.py
[2023-11-22T20:36:15.585+0000] {processor.py:829} INFO - Processing file /home/airflow/.local/lib/python3.8/site-packages/airflow/example_dags/example_branch_operator.py for tasks to queue
[2023-11-22T20:36:15.586+0000] {logging_mixin.py:154} INFO - [2023-11-22T20:36:15.585+0000] {dagbag.py:536} INFO - Filling up the DagBag from /home/airflow/.local/lib/python3.8/site-packages/airflow/example_dags/example_branch_operator.py
[2023-11-22T20:36:15.594+0000] {processor.py:839} INFO - DAG(s) dict_keys(['example_branch_operator']) retrieved from /home/airflow/.local/lib/python3.8/site-packages/airflow/example_dags/example_branch_operator.py
[2023-11-22T20:36:15.616+0000] {logging_mixin.py:154} INFO - [2023-11-22T20:36:15.616+0000] {dag.py:2941} INFO - Sync 1 DAGs
[2023-11-22T20:36:15.634+0000] {logging_mixin.py:154} INFO - [2023-11-22T20:36:15.634+0000] {dag.py:3722} INFO - Setting next_dagrun for example_branch_operator to 2023-11-21T00:00:00+00:00, run_after=2023-11-22T00:00:00+00:00
[2023-11-22T20:36:15.647+0000] {processor.py:179} INFO - Processing /home/airflow/.local/lib/python3.8/site-packages/airflow/example_dags/example_branch_operator.py took 0.068 seconds
[2023-11-22T21:01:35.074+0000] {processor.py:157} INFO - Started process (PID=12002) to work on /home/airflow/.local/lib/python3.8/site-packages/airflow/example_dags/example_branch_operator.py
[2023-11-22T21:01:35.075+0000] {processor.py:829} INFO - Processing file /home/airflow/.local/lib/python3.8/site-packages/airflow/example_dags/example_branch_operator.py for tasks to queue
[2023-11-22T21:01:35.076+0000] {logging_mixin.py:154} INFO - [2023-11-22T21:01:35.076+0000] {dagbag.py:536} INFO - Filling up the DagBag from /home/airflow/.local/lib/python3.8/site-packages/airflow/example_dags/example_branch_operator.py
[2023-11-22T21:01:35.089+0000] {processor.py:839} INFO - DAG(s) dict_keys(['example_branch_operator']) retrieved from /home/airflow/.local/lib/python3.8/site-packages/airflow/example_dags/example_branch_operator.py
[2023-11-22T21:01:35.123+0000] {logging_mixin.py:154} INFO - [2023-11-22T21:01:35.123+0000] {dag.py:2941} INFO - Sync 1 DAGs
[2023-11-22T21:01:35.150+0000] {logging_mixin.py:154} INFO - [2023-11-22T21:01:35.149+0000] {dag.py:3722} INFO - Setting next_dagrun for example_branch_operator to 2023-11-21T00:00:00+00:00, run_after=2023-11-22T00:00:00+00:00
[2023-11-22T21:01:35.176+0000] {processor.py:179} INFO - Processing /home/airflow/.local/lib/python3.8/site-packages/airflow/example_dags/example_branch_operator.py took 0.108 seconds
[2023-11-22T21:02:05.625+0000] {processor.py:157} INFO - Started process (PID=12240) to work on /home/airflow/.local/lib/python3.8/site-packages/airflow/example_dags/example_branch_operator.py
[2023-11-22T21:02:05.626+0000] {processor.py:829} INFO - Processing file /home/airflow/.local/lib/python3.8/site-packages/airflow/example_dags/example_branch_operator.py for tasks to queue
[2023-11-22T21:02:05.627+0000] {logging_mixin.py:154} INFO - [2023-11-22T21:02:05.627+0000] {dagbag.py:536} INFO - Filling up the DagBag from /home/airflow/.local/lib/python3.8/site-packages/airflow/example_dags/example_branch_operator.py
[2023-11-22T21:02:05.635+0000] {processor.py:839} INFO - DAG(s) dict_keys(['example_branch_operator']) retrieved from /home/airflow/.local/lib/python3.8/site-packages/airflow/example_dags/example_branch_operator.py
[2023-11-22T21:02:05.659+0000] {logging_mixin.py:154} INFO - [2023-11-22T21:02:05.659+0000] {dag.py:2941} INFO - Sync 1 DAGs
[2023-11-22T21:02:05.687+0000] {logging_mixin.py:154} INFO - [2023-11-22T21:02:05.687+0000] {dag.py:3722} INFO - Setting next_dagrun for example_branch_operator to 2023-11-21T00:00:00+00:00, run_after=2023-11-22T00:00:00+00:00
[2023-11-22T21:02:05.701+0000] {processor.py:179} INFO - Processing /home/airflow/.local/lib/python3.8/site-packages/airflow/example_dags/example_branch_operator.py took 0.079 seconds
[2023-11-22T21:02:36.534+0000] {processor.py:157} INFO - Started process (PID=12478) to work on /home/airflow/.local/lib/python3.8/site-packages/airflow/example_dags/example_branch_operator.py
[2023-11-22T21:02:36.535+0000] {processor.py:829} INFO - Processing file /home/airflow/.local/lib/python3.8/site-packages/airflow/example_dags/example_branch_operator.py for tasks to queue
[2023-11-22T21:02:36.536+0000] {logging_mixin.py:154} INFO - [2023-11-22T21:02:36.535+0000] {dagbag.py:536} INFO - Filling up the DagBag from /home/airflow/.local/lib/python3.8/site-packages/airflow/example_dags/example_branch_operator.py
[2023-11-22T21:02:36.544+0000] {processor.py:839} INFO - DAG(s) dict_keys(['example_branch_operator']) retrieved from /home/airflow/.local/lib/python3.8/site-packages/airflow/example_dags/example_branch_operator.py
[2023-11-22T21:02:36.566+0000] {logging_mixin.py:154} INFO - [2023-11-22T21:02:36.566+0000] {dag.py:2941} INFO - Sync 1 DAGs
[2023-11-22T21:02:36.584+0000] {logging_mixin.py:154} INFO - [2023-11-22T21:02:36.584+0000] {dag.py:3722} INFO - Setting next_dagrun for example_branch_operator to 2023-11-21T00:00:00+00:00, run_after=2023-11-22T00:00:00+00:00
[2023-11-22T21:02:36.599+0000] {processor.py:179} INFO - Processing /home/airflow/.local/lib/python3.8/site-packages/airflow/example_dags/example_branch_operator.py took 0.068 seconds
[2023-11-22T21:03:06.776+0000] {processor.py:157} INFO - Started process (PID=12716) to work on /home/airflow/.local/lib/python3.8/site-packages/airflow/example_dags/example_branch_operator.py
[2023-11-22T21:03:06.777+0000] {processor.py:829} INFO - Processing file /home/airflow/.local/lib/python3.8/site-packages/airflow/example_dags/example_branch_operator.py for tasks to queue
[2023-11-22T21:03:06.778+0000] {logging_mixin.py:154} INFO - [2023-11-22T21:03:06.778+0000] {dagbag.py:536} INFO - Filling up the DagBag from /home/airflow/.local/lib/python3.8/site-packages/airflow/example_dags/example_branch_operator.py
[2023-11-22T21:03:06.786+0000] {processor.py:839} INFO - DAG(s) dict_keys(['example_branch_operator']) retrieved from /home/airflow/.local/lib/python3.8/site-packages/airflow/example_dags/example_branch_operator.py
[2023-11-22T21:03:06.809+0000] {logging_mixin.py:154} INFO - [2023-11-22T21:03:06.809+0000] {dag.py:2941} INFO - Sync 1 DAGs
[2023-11-22T21:03:06.827+0000] {logging_mixin.py:154} INFO - [2023-11-22T21:03:06.827+0000] {dag.py:3722} INFO - Setting next_dagrun for example_branch_operator to 2023-11-21T00:00:00+00:00, run_after=2023-11-22T00:00:00+00:00
[2023-11-22T21:03:06.842+0000] {processor.py:179} INFO - Processing /home/airflow/.local/lib/python3.8/site-packages/airflow/example_dags/example_branch_operator.py took 0.069 seconds
[2023-11-22T21:03:37.741+0000] {processor.py:157} INFO - Started process (PID=12954) to work on /home/airflow/.local/lib/python3.8/site-packages/airflow/example_dags/example_branch_operator.py
[2023-11-22T21:03:37.742+0000] {processor.py:829} INFO - Processing file /home/airflow/.local/lib/python3.8/site-packages/airflow/example_dags/example_branch_operator.py for tasks to queue
[2023-11-22T21:03:37.743+0000] {logging_mixin.py:154} INFO - [2023-11-22T21:03:37.742+0000] {dagbag.py:536} INFO - Filling up the DagBag from /home/airflow/.local/lib/python3.8/site-packages/airflow/example_dags/example_branch_operator.py
[2023-11-22T21:03:37.751+0000] {processor.py:839} INFO - DAG(s) dict_keys(['example_branch_operator']) retrieved from /home/airflow/.local/lib/python3.8/site-packages/airflow/example_dags/example_branch_operator.py
[2023-11-22T21:03:37.774+0000] {logging_mixin.py:154} INFO - [2023-11-22T21:03:37.774+0000] {dag.py:2941} INFO - Sync 1 DAGs
[2023-11-22T21:03:37.792+0000] {logging_mixin.py:154} INFO - [2023-11-22T21:03:37.792+0000] {dag.py:3722} INFO - Setting next_dagrun for example_branch_operator to 2023-11-21T00:00:00+00:00, run_after=2023-11-22T00:00:00+00:00
[2023-11-22T21:03:37.807+0000] {processor.py:179} INFO - Processing /home/airflow/.local/lib/python3.8/site-packages/airflow/example_dags/example_branch_operator.py took 0.070 seconds
[2023-11-22T21:04:08.255+0000] {processor.py:157} INFO - Started process (PID=13192) to work on /home/airflow/.local/lib/python3.8/site-packages/airflow/example_dags/example_branch_operator.py
[2023-11-22T21:04:08.256+0000] {processor.py:829} INFO - Processing file /home/airflow/.local/lib/python3.8/site-packages/airflow/example_dags/example_branch_operator.py for tasks to queue
[2023-11-22T21:04:08.258+0000] {logging_mixin.py:154} INFO - [2023-11-22T21:04:08.257+0000] {dagbag.py:536} INFO - Filling up the DagBag from /home/airflow/.local/lib/python3.8/site-packages/airflow/example_dags/example_branch_operator.py
[2023-11-22T21:04:08.266+0000] {processor.py:839} INFO - DAG(s) dict_keys(['example_branch_operator']) retrieved from /home/airflow/.local/lib/python3.8/site-packages/airflow/example_dags/example_branch_operator.py
[2023-11-22T21:04:08.293+0000] {logging_mixin.py:154} INFO - [2023-11-22T21:04:08.293+0000] {dag.py:2941} INFO - Sync 1 DAGs
[2023-11-22T21:04:08.313+0000] {logging_mixin.py:154} INFO - [2023-11-22T21:04:08.313+0000] {dag.py:3722} INFO - Setting next_dagrun for example_branch_operator to 2023-11-21T00:00:00+00:00, run_after=2023-11-22T00:00:00+00:00
[2023-11-22T21:04:08.332+0000] {processor.py:179} INFO - Processing /home/airflow/.local/lib/python3.8/site-packages/airflow/example_dags/example_branch_operator.py took 0.080 seconds
[2023-11-22T21:04:38.883+0000] {processor.py:157} INFO - Started process (PID=13430) to work on /home/airflow/.local/lib/python3.8/site-packages/airflow/example_dags/example_branch_operator.py
[2023-11-22T21:04:38.884+0000] {processor.py:829} INFO - Processing file /home/airflow/.local/lib/python3.8/site-packages/airflow/example_dags/example_branch_operator.py for tasks to queue
[2023-11-22T21:04:38.885+0000] {logging_mixin.py:154} INFO - [2023-11-22T21:04:38.884+0000] {dagbag.py:536} INFO - Filling up the DagBag from /home/airflow/.local/lib/python3.8/site-packages/airflow/example_dags/example_branch_operator.py
[2023-11-22T21:04:38.893+0000] {processor.py:839} INFO - DAG(s) dict_keys(['example_branch_operator']) retrieved from /home/airflow/.local/lib/python3.8/site-packages/airflow/example_dags/example_branch_operator.py
[2023-11-22T21:04:38.917+0000] {logging_mixin.py:154} INFO - [2023-11-22T21:04:38.917+0000] {dag.py:2941} INFO - Sync 1 DAGs
[2023-11-22T21:04:38.936+0000] {logging_mixin.py:154} INFO - [2023-11-22T21:04:38.936+0000] {dag.py:3722} INFO - Setting next_dagrun for example_branch_operator to 2023-11-21T00:00:00+00:00, run_after=2023-11-22T00:00:00+00:00
[2023-11-22T21:04:38.950+0000] {processor.py:179} INFO - Processing /home/airflow/.local/lib/python3.8/site-packages/airflow/example_dags/example_branch_operator.py took 0.071 seconds
[2023-11-22T21:05:09.409+0000] {processor.py:157} INFO - Started process (PID=13668) to work on /home/airflow/.local/lib/python3.8/site-packages/airflow/example_dags/example_branch_operator.py
[2023-11-22T21:05:09.410+0000] {processor.py:829} INFO - Processing file /home/airflow/.local/lib/python3.8/site-packages/airflow/example_dags/example_branch_operator.py for tasks to queue
[2023-11-22T21:05:09.410+0000] {logging_mixin.py:154} INFO - [2023-11-22T21:05:09.410+0000] {dagbag.py:536} INFO - Filling up the DagBag from /home/airflow/.local/lib/python3.8/site-packages/airflow/example_dags/example_branch_operator.py
[2023-11-22T21:05:09.418+0000] {processor.py:839} INFO - DAG(s) dict_keys(['example_branch_operator']) retrieved from /home/airflow/.local/lib/python3.8/site-packages/airflow/example_dags/example_branch_operator.py
[2023-11-22T21:05:09.441+0000] {logging_mixin.py:154} INFO - [2023-11-22T21:05:09.441+0000] {dag.py:2941} INFO - Sync 1 DAGs
[2023-11-22T21:05:09.460+0000] {logging_mixin.py:154} INFO - [2023-11-22T21:05:09.460+0000] {dag.py:3722} INFO - Setting next_dagrun for example_branch_operator to 2023-11-21T00:00:00+00:00, run_after=2023-11-22T00:00:00+00:00
[2023-11-22T21:05:09.474+0000] {processor.py:179} INFO - Processing /home/airflow/.local/lib/python3.8/site-packages/airflow/example_dags/example_branch_operator.py took 0.069 seconds
[2023-11-22T21:05:40.198+0000] {processor.py:157} INFO - Started process (PID=13905) to work on /home/airflow/.local/lib/python3.8/site-packages/airflow/example_dags/example_branch_operator.py
[2023-11-22T21:05:40.200+0000] {processor.py:829} INFO - Processing file /home/airflow/.local/lib/python3.8/site-packages/airflow/example_dags/example_branch_operator.py for tasks to queue
[2023-11-22T21:05:40.202+0000] {logging_mixin.py:154} INFO - [2023-11-22T21:05:40.202+0000] {dagbag.py:536} INFO - Filling up the DagBag from /home/airflow/.local/lib/python3.8/site-packages/airflow/example_dags/example_branch_operator.py
[2023-11-22T21:05:40.215+0000] {processor.py:839} INFO - DAG(s) dict_keys(['example_branch_operator']) retrieved from /home/airflow/.local/lib/python3.8/site-packages/airflow/example_dags/example_branch_operator.py
[2023-11-22T21:05:40.259+0000] {logging_mixin.py:154} INFO - [2023-11-22T21:05:40.258+0000] {dag.py:2941} INFO - Sync 1 DAGs
[2023-11-22T21:05:40.288+0000] {logging_mixin.py:154} INFO - [2023-11-22T21:05:40.288+0000] {dag.py:3722} INFO - Setting next_dagrun for example_branch_operator to 2023-11-21T00:00:00+00:00, run_after=2023-11-22T00:00:00+00:00
[2023-11-22T21:05:40.315+0000] {processor.py:179} INFO - Processing /home/airflow/.local/lib/python3.8/site-packages/airflow/example_dags/example_branch_operator.py took 0.123 seconds
[2023-11-22T21:06:10.445+0000] {processor.py:157} INFO - Started process (PID=14143) to work on /home/airflow/.local/lib/python3.8/site-packages/airflow/example_dags/example_branch_operator.py
[2023-11-22T21:06:10.447+0000] {processor.py:829} INFO - Processing file /home/airflow/.local/lib/python3.8/site-packages/airflow/example_dags/example_branch_operator.py for tasks to queue
[2023-11-22T21:06:10.448+0000] {logging_mixin.py:154} INFO - [2023-11-22T21:06:10.448+0000] {dagbag.py:536} INFO - Filling up the DagBag from /home/airflow/.local/lib/python3.8/site-packages/airflow/example_dags/example_branch_operator.py
[2023-11-22T21:06:10.458+0000] {processor.py:839} INFO - DAG(s) dict_keys(['example_branch_operator']) retrieved from /home/airflow/.local/lib/python3.8/site-packages/airflow/example_dags/example_branch_operator.py
[2023-11-22T21:06:10.483+0000] {logging_mixin.py:154} INFO - [2023-11-22T21:06:10.483+0000] {dag.py:2941} INFO - Sync 1 DAGs
[2023-11-22T21:06:10.503+0000] {logging_mixin.py:154} INFO - [2023-11-22T21:06:10.503+0000] {dag.py:3722} INFO - Setting next_dagrun for example_branch_operator to 2023-11-21T00:00:00+00:00, run_after=2023-11-22T00:00:00+00:00
[2023-11-22T21:06:10.517+0000] {processor.py:179} INFO - Processing /home/airflow/.local/lib/python3.8/site-packages/airflow/example_dags/example_branch_operator.py took 0.075 seconds
[2023-11-22T21:06:41.378+0000] {processor.py:157} INFO - Started process (PID=14381) to work on /home/airflow/.local/lib/python3.8/site-packages/airflow/example_dags/example_branch_operator.py
[2023-11-22T21:06:41.379+0000] {processor.py:829} INFO - Processing file /home/airflow/.local/lib/python3.8/site-packages/airflow/example_dags/example_branch_operator.py for tasks to queue
[2023-11-22T21:06:41.380+0000] {logging_mixin.py:154} INFO - [2023-11-22T21:06:41.380+0000] {dagbag.py:536} INFO - Filling up the DagBag from /home/airflow/.local/lib/python3.8/site-packages/airflow/example_dags/example_branch_operator.py
[2023-11-22T21:06:41.389+0000] {processor.py:839} INFO - DAG(s) dict_keys(['example_branch_operator']) retrieved from /home/airflow/.local/lib/python3.8/site-packages/airflow/example_dags/example_branch_operator.py
[2023-11-22T21:06:41.415+0000] {logging_mixin.py:154} INFO - [2023-11-22T21:06:41.415+0000] {dag.py:2941} INFO - Sync 1 DAGs
[2023-11-22T21:06:41.434+0000] {logging_mixin.py:154} INFO - [2023-11-22T21:06:41.434+0000] {dag.py:3722} INFO - Setting next_dagrun for example_branch_operator to 2023-11-21T00:00:00+00:00, run_after=2023-11-22T00:00:00+00:00
[2023-11-22T21:06:41.450+0000] {processor.py:179} INFO - Processing /home/airflow/.local/lib/python3.8/site-packages/airflow/example_dags/example_branch_operator.py took 0.075 seconds
[2023-11-22T21:07:12.473+0000] {processor.py:157} INFO - Started process (PID=14619) to work on /home/airflow/.local/lib/python3.8/site-packages/airflow/example_dags/example_branch_operator.py
[2023-11-22T21:07:12.474+0000] {processor.py:829} INFO - Processing file /home/airflow/.local/lib/python3.8/site-packages/airflow/example_dags/example_branch_operator.py for tasks to queue
[2023-11-22T21:07:12.476+0000] {logging_mixin.py:154} INFO - [2023-11-22T21:07:12.475+0000] {dagbag.py:536} INFO - Filling up the DagBag from /home/airflow/.local/lib/python3.8/site-packages/airflow/example_dags/example_branch_operator.py
[2023-11-22T21:07:12.488+0000] {processor.py:839} INFO - DAG(s) dict_keys(['example_branch_operator']) retrieved from /home/airflow/.local/lib/python3.8/site-packages/airflow/example_dags/example_branch_operator.py
[2023-11-22T21:07:12.534+0000] {logging_mixin.py:154} INFO - [2023-11-22T21:07:12.534+0000] {dag.py:2941} INFO - Sync 1 DAGs
[2023-11-22T21:07:12.574+0000] {logging_mixin.py:154} INFO - [2023-11-22T21:07:12.573+0000] {dag.py:3722} INFO - Setting next_dagrun for example_branch_operator to 2023-11-21T00:00:00+00:00, run_after=2023-11-22T00:00:00+00:00
[2023-11-22T21:07:12.591+0000] {processor.py:179} INFO - Processing /home/airflow/.local/lib/python3.8/site-packages/airflow/example_dags/example_branch_operator.py took 0.122 seconds
[2023-11-22T21:07:43.504+0000] {processor.py:157} INFO - Started process (PID=14857) to work on /home/airflow/.local/lib/python3.8/site-packages/airflow/example_dags/example_branch_operator.py
[2023-11-22T21:07:43.505+0000] {processor.py:829} INFO - Processing file /home/airflow/.local/lib/python3.8/site-packages/airflow/example_dags/example_branch_operator.py for tasks to queue
[2023-11-22T21:07:43.507+0000] {logging_mixin.py:154} INFO - [2023-11-22T21:07:43.506+0000] {dagbag.py:536} INFO - Filling up the DagBag from /home/airflow/.local/lib/python3.8/site-packages/airflow/example_dags/example_branch_operator.py
[2023-11-22T21:07:43.517+0000] {processor.py:839} INFO - DAG(s) dict_keys(['example_branch_operator']) retrieved from /home/airflow/.local/lib/python3.8/site-packages/airflow/example_dags/example_branch_operator.py
[2023-11-22T21:07:43.541+0000] {logging_mixin.py:154} INFO - [2023-11-22T21:07:43.541+0000] {dag.py:2941} INFO - Sync 1 DAGs
[2023-11-22T21:07:43.560+0000] {logging_mixin.py:154} INFO - [2023-11-22T21:07:43.559+0000] {dag.py:3722} INFO - Setting next_dagrun for example_branch_operator to 2023-11-21T00:00:00+00:00, run_after=2023-11-22T00:00:00+00:00
[2023-11-22T21:07:43.574+0000] {processor.py:179} INFO - Processing /home/airflow/.local/lib/python3.8/site-packages/airflow/example_dags/example_branch_operator.py took 0.075 seconds
[2023-11-22T21:08:14.301+0000] {processor.py:157} INFO - Started process (PID=15095) to work on /home/airflow/.local/lib/python3.8/site-packages/airflow/example_dags/example_branch_operator.py
[2023-11-22T21:08:14.302+0000] {processor.py:829} INFO - Processing file /home/airflow/.local/lib/python3.8/site-packages/airflow/example_dags/example_branch_operator.py for tasks to queue
[2023-11-22T21:08:14.303+0000] {logging_mixin.py:154} INFO - [2023-11-22T21:08:14.303+0000] {dagbag.py:536} INFO - Filling up the DagBag from /home/airflow/.local/lib/python3.8/site-packages/airflow/example_dags/example_branch_operator.py
[2023-11-22T21:08:14.313+0000] {processor.py:839} INFO - DAG(s) dict_keys(['example_branch_operator']) retrieved from /home/airflow/.local/lib/python3.8/site-packages/airflow/example_dags/example_branch_operator.py
[2023-11-22T21:08:14.338+0000] {logging_mixin.py:154} INFO - [2023-11-22T21:08:14.337+0000] {dag.py:2941} INFO - Sync 1 DAGs
[2023-11-22T21:08:14.357+0000] {logging_mixin.py:154} INFO - [2023-11-22T21:08:14.357+0000] {dag.py:3722} INFO - Setting next_dagrun for example_branch_operator to 2023-11-21T00:00:00+00:00, run_after=2023-11-22T00:00:00+00:00
[2023-11-22T21:08:14.370+0000] {processor.py:179} INFO - Processing /home/airflow/.local/lib/python3.8/site-packages/airflow/example_dags/example_branch_operator.py took 0.073 seconds
[2023-11-22T21:08:44.774+0000] {processor.py:157} INFO - Started process (PID=15333) to work on /home/airflow/.local/lib/python3.8/site-packages/airflow/example_dags/example_branch_operator.py
[2023-11-22T21:08:44.775+0000] {processor.py:829} INFO - Processing file /home/airflow/.local/lib/python3.8/site-packages/airflow/example_dags/example_branch_operator.py for tasks to queue
[2023-11-22T21:08:44.776+0000] {logging_mixin.py:154} INFO - [2023-11-22T21:08:44.776+0000] {dagbag.py:536} INFO - Filling up the DagBag from /home/airflow/.local/lib/python3.8/site-packages/airflow/example_dags/example_branch_operator.py
[2023-11-22T21:08:44.785+0000] {processor.py:839} INFO - DAG(s) dict_keys(['example_branch_operator']) retrieved from /home/airflow/.local/lib/python3.8/site-packages/airflow/example_dags/example_branch_operator.py
[2023-11-22T21:08:44.810+0000] {logging_mixin.py:154} INFO - [2023-11-22T21:08:44.809+0000] {dag.py:2941} INFO - Sync 1 DAGs
[2023-11-22T21:08:44.833+0000] {logging_mixin.py:154} INFO - [2023-11-22T21:08:44.832+0000] {dag.py:3722} INFO - Setting next_dagrun for example_branch_operator to 2023-11-21T00:00:00+00:00, run_after=2023-11-22T00:00:00+00:00
[2023-11-22T21:08:44.856+0000] {processor.py:179} INFO - Processing /home/airflow/.local/lib/python3.8/site-packages/airflow/example_dags/example_branch_operator.py took 0.085 seconds
[2023-11-22T21:09:43.634+0000] {processor.py:157} INFO - Started process (PID=332) to work on /home/airflow/.local/lib/python3.8/site-packages/airflow/example_dags/example_branch_operator.py
[2023-11-22T21:09:43.635+0000] {processor.py:829} INFO - Processing file /home/airflow/.local/lib/python3.8/site-packages/airflow/example_dags/example_branch_operator.py for tasks to queue
[2023-11-22T21:09:43.636+0000] {logging_mixin.py:154} INFO - [2023-11-22T21:09:43.636+0000] {dagbag.py:536} INFO - Filling up the DagBag from /home/airflow/.local/lib/python3.8/site-packages/airflow/example_dags/example_branch_operator.py
[2023-11-22T21:09:43.655+0000] {processor.py:839} INFO - DAG(s) dict_keys(['example_branch_operator']) retrieved from /home/airflow/.local/lib/python3.8/site-packages/airflow/example_dags/example_branch_operator.py
[2023-11-22T21:09:43.676+0000] {logging_mixin.py:154} INFO - [2023-11-22T21:09:43.676+0000] {dag.py:2941} INFO - Sync 1 DAGs
[2023-11-22T21:09:43.718+0000] {logging_mixin.py:154} INFO - [2023-11-22T21:09:43.718+0000] {dag.py:3722} INFO - Setting next_dagrun for example_branch_operator to 2023-11-21T00:00:00+00:00, run_after=2023-11-22T00:00:00+00:00
[2023-11-22T21:09:43.738+0000] {processor.py:179} INFO - Processing /home/airflow/.local/lib/python3.8/site-packages/airflow/example_dags/example_branch_operator.py took 0.109 seconds
[2023-11-22T21:10:13.801+0000] {processor.py:157} INFO - Started process (PID=573) to work on /home/airflow/.local/lib/python3.8/site-packages/airflow/example_dags/example_branch_operator.py
[2023-11-22T21:10:13.802+0000] {processor.py:829} INFO - Processing file /home/airflow/.local/lib/python3.8/site-packages/airflow/example_dags/example_branch_operator.py for tasks to queue
[2023-11-22T21:10:13.803+0000] {logging_mixin.py:154} INFO - [2023-11-22T21:10:13.802+0000] {dagbag.py:536} INFO - Filling up the DagBag from /home/airflow/.local/lib/python3.8/site-packages/airflow/example_dags/example_branch_operator.py
[2023-11-22T21:10:13.810+0000] {processor.py:839} INFO - DAG(s) dict_keys(['example_branch_operator']) retrieved from /home/airflow/.local/lib/python3.8/site-packages/airflow/example_dags/example_branch_operator.py
[2023-11-22T21:10:13.833+0000] {logging_mixin.py:154} INFO - [2023-11-22T21:10:13.833+0000] {dag.py:2941} INFO - Sync 1 DAGs
[2023-11-22T21:10:13.851+0000] {logging_mixin.py:154} INFO - [2023-11-22T21:10:13.851+0000] {dag.py:3722} INFO - Setting next_dagrun for example_branch_operator to 2023-11-21T00:00:00+00:00, run_after=2023-11-22T00:00:00+00:00
[2023-11-22T21:10:13.865+0000] {processor.py:179} INFO - Processing /home/airflow/.local/lib/python3.8/site-packages/airflow/example_dags/example_branch_operator.py took 0.068 seconds
