[2023-11-22T19:30:06.198+0000] {processor.py:157} INFO - Started process (PID=307) to work on /home/airflow/.local/lib/python3.8/site-packages/airflow/example_dags/example_params_trigger_ui.py
[2023-11-22T19:30:06.199+0000] {processor.py:829} INFO - Processing file /home/airflow/.local/lib/python3.8/site-packages/airflow/example_dags/example_params_trigger_ui.py for tasks to queue
[2023-11-22T19:30:06.200+0000] {logging_mixin.py:154} INFO - [2023-11-22T19:30:06.200+0000] {dagbag.py:536} INFO - Filling up the DagBag from /home/airflow/.local/lib/python3.8/site-packages/airflow/example_dags/example_params_trigger_ui.py
[2023-11-22T19:30:06.223+0000] {processor.py:839} INFO - DAG(s) dict_keys(['example_params_trigger_ui']) retrieved from /home/airflow/.local/lib/python3.8/site-packages/airflow/example_dags/example_params_trigger_ui.py
[2023-11-22T19:30:06.247+0000] {logging_mixin.py:154} INFO - [2023-11-22T19:30:06.247+0000] {dag.py:2941} INFO - Sync 1 DAGs
[2023-11-22T19:30:06.262+0000] {logging_mixin.py:154} INFO - [2023-11-22T19:30:06.262+0000] {dag.py:3722} INFO - Setting next_dagrun for example_params_trigger_ui to None, run_after=None
[2023-11-22T19:30:06.285+0000] {processor.py:179} INFO - Processing /home/airflow/.local/lib/python3.8/site-packages/airflow/example_dags/example_params_trigger_ui.py took 0.091 seconds
[2023-11-22T19:30:36.936+0000] {processor.py:157} INFO - Started process (PID=545) to work on /home/airflow/.local/lib/python3.8/site-packages/airflow/example_dags/example_params_trigger_ui.py
[2023-11-22T19:30:36.937+0000] {processor.py:829} INFO - Processing file /home/airflow/.local/lib/python3.8/site-packages/airflow/example_dags/example_params_trigger_ui.py for tasks to queue
[2023-11-22T19:30:36.938+0000] {logging_mixin.py:154} INFO - [2023-11-22T19:30:36.938+0000] {dagbag.py:536} INFO - Filling up the DagBag from /home/airflow/.local/lib/python3.8/site-packages/airflow/example_dags/example_params_trigger_ui.py
[2023-11-22T19:30:36.951+0000] {processor.py:839} INFO - DAG(s) dict_keys(['example_params_trigger_ui']) retrieved from /home/airflow/.local/lib/python3.8/site-packages/airflow/example_dags/example_params_trigger_ui.py
[2023-11-22T19:30:36.990+0000] {logging_mixin.py:154} INFO - [2023-11-22T19:30:36.989+0000] {dag.py:2941} INFO - Sync 1 DAGs
[2023-11-22T19:30:36.999+0000] {logging_mixin.py:154} INFO - [2023-11-22T19:30:36.999+0000] {dag.py:3722} INFO - Setting next_dagrun for example_params_trigger_ui to None, run_after=None
[2023-11-22T19:30:37.012+0000] {processor.py:179} INFO - Processing /home/airflow/.local/lib/python3.8/site-packages/airflow/example_dags/example_params_trigger_ui.py took 0.079 seconds
[2023-11-22T19:31:07.575+0000] {processor.py:157} INFO - Started process (PID=785) to work on /home/airflow/.local/lib/python3.8/site-packages/airflow/example_dags/example_params_trigger_ui.py
[2023-11-22T19:31:07.576+0000] {processor.py:829} INFO - Processing file /home/airflow/.local/lib/python3.8/site-packages/airflow/example_dags/example_params_trigger_ui.py for tasks to queue
[2023-11-22T19:31:07.577+0000] {logging_mixin.py:154} INFO - [2023-11-22T19:31:07.577+0000] {dagbag.py:536} INFO - Filling up the DagBag from /home/airflow/.local/lib/python3.8/site-packages/airflow/example_dags/example_params_trigger_ui.py
[2023-11-22T19:31:07.590+0000] {processor.py:839} INFO - DAG(s) dict_keys(['example_params_trigger_ui']) retrieved from /home/airflow/.local/lib/python3.8/site-packages/airflow/example_dags/example_params_trigger_ui.py
[2023-11-22T19:31:07.629+0000] {logging_mixin.py:154} INFO - [2023-11-22T19:31:07.628+0000] {dag.py:2941} INFO - Sync 1 DAGs
[2023-11-22T19:31:07.638+0000] {logging_mixin.py:154} INFO - [2023-11-22T19:31:07.638+0000] {dag.py:3722} INFO - Setting next_dagrun for example_params_trigger_ui to None, run_after=None
[2023-11-22T19:31:07.651+0000] {processor.py:179} INFO - Processing /home/airflow/.local/lib/python3.8/site-packages/airflow/example_dags/example_params_trigger_ui.py took 0.079 seconds
[2023-11-22T19:31:38.425+0000] {processor.py:157} INFO - Started process (PID=1021) to work on /home/airflow/.local/lib/python3.8/site-packages/airflow/example_dags/example_params_trigger_ui.py
[2023-11-22T19:31:38.426+0000] {processor.py:829} INFO - Processing file /home/airflow/.local/lib/python3.8/site-packages/airflow/example_dags/example_params_trigger_ui.py for tasks to queue
[2023-11-22T19:31:38.428+0000] {logging_mixin.py:154} INFO - [2023-11-22T19:31:38.427+0000] {dagbag.py:536} INFO - Filling up the DagBag from /home/airflow/.local/lib/python3.8/site-packages/airflow/example_dags/example_params_trigger_ui.py
[2023-11-22T19:31:38.447+0000] {processor.py:839} INFO - DAG(s) dict_keys(['example_params_trigger_ui']) retrieved from /home/airflow/.local/lib/python3.8/site-packages/airflow/example_dags/example_params_trigger_ui.py
[2023-11-22T19:31:38.497+0000] {logging_mixin.py:154} INFO - [2023-11-22T19:31:38.497+0000] {dag.py:2941} INFO - Sync 1 DAGs
[2023-11-22T19:31:38.508+0000] {logging_mixin.py:154} INFO - [2023-11-22T19:31:38.508+0000] {dag.py:3722} INFO - Setting next_dagrun for example_params_trigger_ui to None, run_after=None
[2023-11-22T19:31:38.526+0000] {processor.py:179} INFO - Processing /home/airflow/.local/lib/python3.8/site-packages/airflow/example_dags/example_params_trigger_ui.py took 0.104 seconds
[2023-11-22T19:32:08.681+0000] {processor.py:157} INFO - Started process (PID=1259) to work on /home/airflow/.local/lib/python3.8/site-packages/airflow/example_dags/example_params_trigger_ui.py
[2023-11-22T19:32:08.682+0000] {processor.py:829} INFO - Processing file /home/airflow/.local/lib/python3.8/site-packages/airflow/example_dags/example_params_trigger_ui.py for tasks to queue
[2023-11-22T19:32:08.682+0000] {logging_mixin.py:154} INFO - [2023-11-22T19:32:08.682+0000] {dagbag.py:536} INFO - Filling up the DagBag from /home/airflow/.local/lib/python3.8/site-packages/airflow/example_dags/example_params_trigger_ui.py
[2023-11-22T19:32:08.696+0000] {processor.py:839} INFO - DAG(s) dict_keys(['example_params_trigger_ui']) retrieved from /home/airflow/.local/lib/python3.8/site-packages/airflow/example_dags/example_params_trigger_ui.py
[2023-11-22T19:32:08.734+0000] {logging_mixin.py:154} INFO - [2023-11-22T19:32:08.734+0000] {dag.py:2941} INFO - Sync 1 DAGs
[2023-11-22T19:32:08.744+0000] {logging_mixin.py:154} INFO - [2023-11-22T19:32:08.744+0000] {dag.py:3722} INFO - Setting next_dagrun for example_params_trigger_ui to None, run_after=None
[2023-11-22T19:32:08.757+0000] {processor.py:179} INFO - Processing /home/airflow/.local/lib/python3.8/site-packages/airflow/example_dags/example_params_trigger_ui.py took 0.079 seconds
[2023-11-22T19:32:39.286+0000] {processor.py:157} INFO - Started process (PID=1499) to work on /home/airflow/.local/lib/python3.8/site-packages/airflow/example_dags/example_params_trigger_ui.py
[2023-11-22T19:32:39.287+0000] {processor.py:829} INFO - Processing file /home/airflow/.local/lib/python3.8/site-packages/airflow/example_dags/example_params_trigger_ui.py for tasks to queue
[2023-11-22T19:32:39.288+0000] {logging_mixin.py:154} INFO - [2023-11-22T19:32:39.288+0000] {dagbag.py:536} INFO - Filling up the DagBag from /home/airflow/.local/lib/python3.8/site-packages/airflow/example_dags/example_params_trigger_ui.py
[2023-11-22T19:32:39.302+0000] {processor.py:839} INFO - DAG(s) dict_keys(['example_params_trigger_ui']) retrieved from /home/airflow/.local/lib/python3.8/site-packages/airflow/example_dags/example_params_trigger_ui.py
[2023-11-22T19:32:39.342+0000] {logging_mixin.py:154} INFO - [2023-11-22T19:32:39.342+0000] {dag.py:2941} INFO - Sync 1 DAGs
[2023-11-22T19:32:39.352+0000] {logging_mixin.py:154} INFO - [2023-11-22T19:32:39.352+0000] {dag.py:3722} INFO - Setting next_dagrun for example_params_trigger_ui to None, run_after=None
[2023-11-22T19:32:39.367+0000] {processor.py:179} INFO - Processing /home/airflow/.local/lib/python3.8/site-packages/airflow/example_dags/example_params_trigger_ui.py took 0.084 seconds
[2023-11-22T19:33:10.034+0000] {processor.py:157} INFO - Started process (PID=1735) to work on /home/airflow/.local/lib/python3.8/site-packages/airflow/example_dags/example_params_trigger_ui.py
[2023-11-22T19:33:10.035+0000] {processor.py:829} INFO - Processing file /home/airflow/.local/lib/python3.8/site-packages/airflow/example_dags/example_params_trigger_ui.py for tasks to queue
[2023-11-22T19:33:10.036+0000] {logging_mixin.py:154} INFO - [2023-11-22T19:33:10.036+0000] {dagbag.py:536} INFO - Filling up the DagBag from /home/airflow/.local/lib/python3.8/site-packages/airflow/example_dags/example_params_trigger_ui.py
[2023-11-22T19:33:10.051+0000] {processor.py:839} INFO - DAG(s) dict_keys(['example_params_trigger_ui']) retrieved from /home/airflow/.local/lib/python3.8/site-packages/airflow/example_dags/example_params_trigger_ui.py
[2023-11-22T19:33:10.090+0000] {logging_mixin.py:154} INFO - [2023-11-22T19:33:10.089+0000] {dag.py:2941} INFO - Sync 1 DAGs
[2023-11-22T19:33:10.100+0000] {logging_mixin.py:154} INFO - [2023-11-22T19:33:10.100+0000] {dag.py:3722} INFO - Setting next_dagrun for example_params_trigger_ui to None, run_after=None
[2023-11-22T19:33:10.113+0000] {processor.py:179} INFO - Processing /home/airflow/.local/lib/python3.8/site-packages/airflow/example_dags/example_params_trigger_ui.py took 0.082 seconds
[2023-11-22T19:33:40.580+0000] {processor.py:157} INFO - Started process (PID=1973) to work on /home/airflow/.local/lib/python3.8/site-packages/airflow/example_dags/example_params_trigger_ui.py
[2023-11-22T19:33:40.581+0000] {processor.py:829} INFO - Processing file /home/airflow/.local/lib/python3.8/site-packages/airflow/example_dags/example_params_trigger_ui.py for tasks to queue
[2023-11-22T19:33:40.583+0000] {logging_mixin.py:154} INFO - [2023-11-22T19:33:40.582+0000] {dagbag.py:536} INFO - Filling up the DagBag from /home/airflow/.local/lib/python3.8/site-packages/airflow/example_dags/example_params_trigger_ui.py
[2023-11-22T19:33:40.597+0000] {processor.py:839} INFO - DAG(s) dict_keys(['example_params_trigger_ui']) retrieved from /home/airflow/.local/lib/python3.8/site-packages/airflow/example_dags/example_params_trigger_ui.py
[2023-11-22T19:33:40.640+0000] {logging_mixin.py:154} INFO - [2023-11-22T19:33:40.640+0000] {dag.py:2941} INFO - Sync 1 DAGs
[2023-11-22T19:33:40.651+0000] {logging_mixin.py:154} INFO - [2023-11-22T19:33:40.651+0000] {dag.py:3722} INFO - Setting next_dagrun for example_params_trigger_ui to None, run_after=None
[2023-11-22T19:33:40.667+0000] {processor.py:179} INFO - Processing /home/airflow/.local/lib/python3.8/site-packages/airflow/example_dags/example_params_trigger_ui.py took 0.091 seconds
[2023-11-22T19:34:11.298+0000] {processor.py:157} INFO - Started process (PID=2213) to work on /home/airflow/.local/lib/python3.8/site-packages/airflow/example_dags/example_params_trigger_ui.py
[2023-11-22T19:34:11.300+0000] {processor.py:829} INFO - Processing file /home/airflow/.local/lib/python3.8/site-packages/airflow/example_dags/example_params_trigger_ui.py for tasks to queue
[2023-11-22T19:34:11.301+0000] {logging_mixin.py:154} INFO - [2023-11-22T19:34:11.300+0000] {dagbag.py:536} INFO - Filling up the DagBag from /home/airflow/.local/lib/python3.8/site-packages/airflow/example_dags/example_params_trigger_ui.py
[2023-11-22T19:34:11.318+0000] {processor.py:839} INFO - DAG(s) dict_keys(['example_params_trigger_ui']) retrieved from /home/airflow/.local/lib/python3.8/site-packages/airflow/example_dags/example_params_trigger_ui.py
[2023-11-22T19:34:11.357+0000] {logging_mixin.py:154} INFO - [2023-11-22T19:34:11.357+0000] {dag.py:2941} INFO - Sync 1 DAGs
[2023-11-22T19:34:11.367+0000] {logging_mixin.py:154} INFO - [2023-11-22T19:34:11.366+0000] {dag.py:3722} INFO - Setting next_dagrun for example_params_trigger_ui to None, run_after=None
[2023-11-22T19:34:11.420+0000] {processor.py:179} INFO - Processing /home/airflow/.local/lib/python3.8/site-packages/airflow/example_dags/example_params_trigger_ui.py took 0.125 seconds
[2023-11-22T19:34:41.676+0000] {processor.py:157} INFO - Started process (PID=2451) to work on /home/airflow/.local/lib/python3.8/site-packages/airflow/example_dags/example_params_trigger_ui.py
[2023-11-22T19:34:41.677+0000] {processor.py:829} INFO - Processing file /home/airflow/.local/lib/python3.8/site-packages/airflow/example_dags/example_params_trigger_ui.py for tasks to queue
[2023-11-22T19:34:41.678+0000] {logging_mixin.py:154} INFO - [2023-11-22T19:34:41.677+0000] {dagbag.py:536} INFO - Filling up the DagBag from /home/airflow/.local/lib/python3.8/site-packages/airflow/example_dags/example_params_trigger_ui.py
[2023-11-22T19:34:41.691+0000] {processor.py:839} INFO - DAG(s) dict_keys(['example_params_trigger_ui']) retrieved from /home/airflow/.local/lib/python3.8/site-packages/airflow/example_dags/example_params_trigger_ui.py
[2023-11-22T19:34:41.728+0000] {logging_mixin.py:154} INFO - [2023-11-22T19:34:41.728+0000] {dag.py:2941} INFO - Sync 1 DAGs
[2023-11-22T19:34:41.738+0000] {logging_mixin.py:154} INFO - [2023-11-22T19:34:41.738+0000] {dag.py:3722} INFO - Setting next_dagrun for example_params_trigger_ui to None, run_after=None
[2023-11-22T19:34:41.752+0000] {processor.py:179} INFO - Processing /home/airflow/.local/lib/python3.8/site-packages/airflow/example_dags/example_params_trigger_ui.py took 0.080 seconds
[2023-11-22T19:35:12.007+0000] {processor.py:157} INFO - Started process (PID=2687) to work on /home/airflow/.local/lib/python3.8/site-packages/airflow/example_dags/example_params_trigger_ui.py
[2023-11-22T19:35:12.008+0000] {processor.py:829} INFO - Processing file /home/airflow/.local/lib/python3.8/site-packages/airflow/example_dags/example_params_trigger_ui.py for tasks to queue
[2023-11-22T19:35:12.009+0000] {logging_mixin.py:154} INFO - [2023-11-22T19:35:12.008+0000] {dagbag.py:536} INFO - Filling up the DagBag from /home/airflow/.local/lib/python3.8/site-packages/airflow/example_dags/example_params_trigger_ui.py
[2023-11-22T19:35:12.023+0000] {processor.py:839} INFO - DAG(s) dict_keys(['example_params_trigger_ui']) retrieved from /home/airflow/.local/lib/python3.8/site-packages/airflow/example_dags/example_params_trigger_ui.py
[2023-11-22T19:35:12.068+0000] {logging_mixin.py:154} INFO - [2023-11-22T19:35:12.068+0000] {dag.py:2941} INFO - Sync 1 DAGs
[2023-11-22T19:35:12.078+0000] {logging_mixin.py:154} INFO - [2023-11-22T19:35:12.078+0000] {dag.py:3722} INFO - Setting next_dagrun for example_params_trigger_ui to None, run_after=None
[2023-11-22T19:35:12.092+0000] {processor.py:179} INFO - Processing /home/airflow/.local/lib/python3.8/site-packages/airflow/example_dags/example_params_trigger_ui.py took 0.088 seconds
[2023-11-22T19:35:42.502+0000] {processor.py:157} INFO - Started process (PID=2925) to work on /home/airflow/.local/lib/python3.8/site-packages/airflow/example_dags/example_params_trigger_ui.py
[2023-11-22T19:35:42.503+0000] {processor.py:829} INFO - Processing file /home/airflow/.local/lib/python3.8/site-packages/airflow/example_dags/example_params_trigger_ui.py for tasks to queue
[2023-11-22T19:35:42.504+0000] {logging_mixin.py:154} INFO - [2023-11-22T19:35:42.504+0000] {dagbag.py:536} INFO - Filling up the DagBag from /home/airflow/.local/lib/python3.8/site-packages/airflow/example_dags/example_params_trigger_ui.py
[2023-11-22T19:35:42.519+0000] {processor.py:839} INFO - DAG(s) dict_keys(['example_params_trigger_ui']) retrieved from /home/airflow/.local/lib/python3.8/site-packages/airflow/example_dags/example_params_trigger_ui.py
[2023-11-22T19:35:42.558+0000] {logging_mixin.py:154} INFO - [2023-11-22T19:35:42.558+0000] {dag.py:2941} INFO - Sync 1 DAGs
[2023-11-22T19:35:42.568+0000] {logging_mixin.py:154} INFO - [2023-11-22T19:35:42.568+0000] {dag.py:3722} INFO - Setting next_dagrun for example_params_trigger_ui to None, run_after=None
[2023-11-22T19:35:42.581+0000] {processor.py:179} INFO - Processing /home/airflow/.local/lib/python3.8/site-packages/airflow/example_dags/example_params_trigger_ui.py took 0.082 seconds
[2023-11-22T19:36:12.984+0000] {processor.py:157} INFO - Started process (PID=3165) to work on /home/airflow/.local/lib/python3.8/site-packages/airflow/example_dags/example_params_trigger_ui.py
[2023-11-22T19:36:12.985+0000] {processor.py:829} INFO - Processing file /home/airflow/.local/lib/python3.8/site-packages/airflow/example_dags/example_params_trigger_ui.py for tasks to queue
[2023-11-22T19:36:12.986+0000] {logging_mixin.py:154} INFO - [2023-11-22T19:36:12.986+0000] {dagbag.py:536} INFO - Filling up the DagBag from /home/airflow/.local/lib/python3.8/site-packages/airflow/example_dags/example_params_trigger_ui.py
[2023-11-22T19:36:13.000+0000] {processor.py:839} INFO - DAG(s) dict_keys(['example_params_trigger_ui']) retrieved from /home/airflow/.local/lib/python3.8/site-packages/airflow/example_dags/example_params_trigger_ui.py
[2023-11-22T19:36:13.037+0000] {logging_mixin.py:154} INFO - [2023-11-22T19:36:13.037+0000] {dag.py:2941} INFO - Sync 1 DAGs
[2023-11-22T19:36:13.047+0000] {logging_mixin.py:154} INFO - [2023-11-22T19:36:13.047+0000] {dag.py:3722} INFO - Setting next_dagrun for example_params_trigger_ui to None, run_after=None
[2023-11-22T19:36:13.061+0000] {processor.py:179} INFO - Processing /home/airflow/.local/lib/python3.8/site-packages/airflow/example_dags/example_params_trigger_ui.py took 0.079 seconds
[2023-11-22T19:36:43.817+0000] {processor.py:157} INFO - Started process (PID=3401) to work on /home/airflow/.local/lib/python3.8/site-packages/airflow/example_dags/example_params_trigger_ui.py
[2023-11-22T19:36:43.819+0000] {processor.py:829} INFO - Processing file /home/airflow/.local/lib/python3.8/site-packages/airflow/example_dags/example_params_trigger_ui.py for tasks to queue
[2023-11-22T19:36:43.820+0000] {logging_mixin.py:154} INFO - [2023-11-22T19:36:43.820+0000] {dagbag.py:536} INFO - Filling up the DagBag from /home/airflow/.local/lib/python3.8/site-packages/airflow/example_dags/example_params_trigger_ui.py
[2023-11-22T19:36:43.840+0000] {processor.py:839} INFO - DAG(s) dict_keys(['example_params_trigger_ui']) retrieved from /home/airflow/.local/lib/python3.8/site-packages/airflow/example_dags/example_params_trigger_ui.py
[2023-11-22T19:36:43.903+0000] {logging_mixin.py:154} INFO - [2023-11-22T19:36:43.903+0000] {dag.py:2941} INFO - Sync 1 DAGs
[2023-11-22T19:36:43.916+0000] {logging_mixin.py:154} INFO - [2023-11-22T19:36:43.916+0000] {dag.py:3722} INFO - Setting next_dagrun for example_params_trigger_ui to None, run_after=None
[2023-11-22T19:36:43.935+0000] {processor.py:179} INFO - Processing /home/airflow/.local/lib/python3.8/site-packages/airflow/example_dags/example_params_trigger_ui.py took 0.124 seconds
[2023-11-22T19:37:14.803+0000] {processor.py:157} INFO - Started process (PID=3641) to work on /home/airflow/.local/lib/python3.8/site-packages/airflow/example_dags/example_params_trigger_ui.py
[2023-11-22T19:37:14.804+0000] {processor.py:829} INFO - Processing file /home/airflow/.local/lib/python3.8/site-packages/airflow/example_dags/example_params_trigger_ui.py for tasks to queue
[2023-11-22T19:37:14.805+0000] {logging_mixin.py:154} INFO - [2023-11-22T19:37:14.804+0000] {dagbag.py:536} INFO - Filling up the DagBag from /home/airflow/.local/lib/python3.8/site-packages/airflow/example_dags/example_params_trigger_ui.py
[2023-11-22T19:37:14.820+0000] {processor.py:839} INFO - DAG(s) dict_keys(['example_params_trigger_ui']) retrieved from /home/airflow/.local/lib/python3.8/site-packages/airflow/example_dags/example_params_trigger_ui.py
[2023-11-22T19:37:14.865+0000] {logging_mixin.py:154} INFO - [2023-11-22T19:37:14.864+0000] {dag.py:2941} INFO - Sync 1 DAGs
[2023-11-22T19:37:14.875+0000] {logging_mixin.py:154} INFO - [2023-11-22T19:37:14.875+0000] {dag.py:3722} INFO - Setting next_dagrun for example_params_trigger_ui to None, run_after=None
[2023-11-22T19:37:14.891+0000] {processor.py:179} INFO - Processing /home/airflow/.local/lib/python3.8/site-packages/airflow/example_dags/example_params_trigger_ui.py took 0.091 seconds
[2023-11-22T19:37:45.133+0000] {processor.py:157} INFO - Started process (PID=3877) to work on /home/airflow/.local/lib/python3.8/site-packages/airflow/example_dags/example_params_trigger_ui.py
[2023-11-22T19:37:45.137+0000] {processor.py:829} INFO - Processing file /home/airflow/.local/lib/python3.8/site-packages/airflow/example_dags/example_params_trigger_ui.py for tasks to queue
[2023-11-22T19:37:45.138+0000] {logging_mixin.py:154} INFO - [2023-11-22T19:37:45.138+0000] {dagbag.py:536} INFO - Filling up the DagBag from /home/airflow/.local/lib/python3.8/site-packages/airflow/example_dags/example_params_trigger_ui.py
[2023-11-22T19:37:45.159+0000] {processor.py:839} INFO - DAG(s) dict_keys(['example_params_trigger_ui']) retrieved from /home/airflow/.local/lib/python3.8/site-packages/airflow/example_dags/example_params_trigger_ui.py
[2023-11-22T19:37:45.207+0000] {logging_mixin.py:154} INFO - [2023-11-22T19:37:45.207+0000] {dag.py:2941} INFO - Sync 1 DAGs
[2023-11-22T19:37:45.220+0000] {logging_mixin.py:154} INFO - [2023-11-22T19:37:45.220+0000] {dag.py:3722} INFO - Setting next_dagrun for example_params_trigger_ui to None, run_after=None
[2023-11-22T19:37:45.236+0000] {processor.py:179} INFO - Processing /home/airflow/.local/lib/python3.8/site-packages/airflow/example_dags/example_params_trigger_ui.py took 0.107 seconds
[2023-11-22T19:38:15.338+0000] {processor.py:157} INFO - Started process (PID=4117) to work on /home/airflow/.local/lib/python3.8/site-packages/airflow/example_dags/example_params_trigger_ui.py
[2023-11-22T19:38:15.339+0000] {processor.py:829} INFO - Processing file /home/airflow/.local/lib/python3.8/site-packages/airflow/example_dags/example_params_trigger_ui.py for tasks to queue
[2023-11-22T19:38:15.340+0000] {logging_mixin.py:154} INFO - [2023-11-22T19:38:15.339+0000] {dagbag.py:536} INFO - Filling up the DagBag from /home/airflow/.local/lib/python3.8/site-packages/airflow/example_dags/example_params_trigger_ui.py
[2023-11-22T19:38:15.353+0000] {processor.py:839} INFO - DAG(s) dict_keys(['example_params_trigger_ui']) retrieved from /home/airflow/.local/lib/python3.8/site-packages/airflow/example_dags/example_params_trigger_ui.py
[2023-11-22T19:38:15.391+0000] {logging_mixin.py:154} INFO - [2023-11-22T19:38:15.391+0000] {dag.py:2941} INFO - Sync 1 DAGs
[2023-11-22T19:38:15.401+0000] {logging_mixin.py:154} INFO - [2023-11-22T19:38:15.401+0000] {dag.py:3722} INFO - Setting next_dagrun for example_params_trigger_ui to None, run_after=None
[2023-11-22T19:38:15.414+0000] {processor.py:179} INFO - Processing /home/airflow/.local/lib/python3.8/site-packages/airflow/example_dags/example_params_trigger_ui.py took 0.080 seconds
[2023-11-22T19:38:45.559+0000] {processor.py:157} INFO - Started process (PID=4352) to work on /home/airflow/.local/lib/python3.8/site-packages/airflow/example_dags/example_params_trigger_ui.py
[2023-11-22T19:38:45.560+0000] {processor.py:829} INFO - Processing file /home/airflow/.local/lib/python3.8/site-packages/airflow/example_dags/example_params_trigger_ui.py for tasks to queue
[2023-11-22T19:38:45.561+0000] {logging_mixin.py:154} INFO - [2023-11-22T19:38:45.560+0000] {dagbag.py:536} INFO - Filling up the DagBag from /home/airflow/.local/lib/python3.8/site-packages/airflow/example_dags/example_params_trigger_ui.py
[2023-11-22T19:38:45.575+0000] {processor.py:839} INFO - DAG(s) dict_keys(['example_params_trigger_ui']) retrieved from /home/airflow/.local/lib/python3.8/site-packages/airflow/example_dags/example_params_trigger_ui.py
[2023-11-22T19:38:45.619+0000] {logging_mixin.py:154} INFO - [2023-11-22T19:38:45.619+0000] {dag.py:2941} INFO - Sync 1 DAGs
[2023-11-22T19:38:45.630+0000] {logging_mixin.py:154} INFO - [2023-11-22T19:38:45.630+0000] {dag.py:3722} INFO - Setting next_dagrun for example_params_trigger_ui to None, run_after=None
[2023-11-22T19:38:45.644+0000] {processor.py:179} INFO - Processing /home/airflow/.local/lib/python3.8/site-packages/airflow/example_dags/example_params_trigger_ui.py took 0.088 seconds
[2023-11-22T19:39:16.022+0000] {processor.py:157} INFO - Started process (PID=4590) to work on /home/airflow/.local/lib/python3.8/site-packages/airflow/example_dags/example_params_trigger_ui.py
[2023-11-22T19:39:16.023+0000] {processor.py:829} INFO - Processing file /home/airflow/.local/lib/python3.8/site-packages/airflow/example_dags/example_params_trigger_ui.py for tasks to queue
[2023-11-22T19:39:16.024+0000] {logging_mixin.py:154} INFO - [2023-11-22T19:39:16.024+0000] {dagbag.py:536} INFO - Filling up the DagBag from /home/airflow/.local/lib/python3.8/site-packages/airflow/example_dags/example_params_trigger_ui.py
[2023-11-22T19:39:16.037+0000] {processor.py:839} INFO - DAG(s) dict_keys(['example_params_trigger_ui']) retrieved from /home/airflow/.local/lib/python3.8/site-packages/airflow/example_dags/example_params_trigger_ui.py
[2023-11-22T19:39:16.077+0000] {logging_mixin.py:154} INFO - [2023-11-22T19:39:16.077+0000] {dag.py:2941} INFO - Sync 1 DAGs
[2023-11-22T19:39:16.087+0000] {logging_mixin.py:154} INFO - [2023-11-22T19:39:16.087+0000] {dag.py:3722} INFO - Setting next_dagrun for example_params_trigger_ui to None, run_after=None
[2023-11-22T19:39:16.100+0000] {processor.py:179} INFO - Processing /home/airflow/.local/lib/python3.8/site-packages/airflow/example_dags/example_params_trigger_ui.py took 0.081 seconds
[2023-11-22T19:39:46.467+0000] {processor.py:157} INFO - Started process (PID=4830) to work on /home/airflow/.local/lib/python3.8/site-packages/airflow/example_dags/example_params_trigger_ui.py
[2023-11-22T19:39:46.468+0000] {processor.py:829} INFO - Processing file /home/airflow/.local/lib/python3.8/site-packages/airflow/example_dags/example_params_trigger_ui.py for tasks to queue
[2023-11-22T19:39:46.469+0000] {logging_mixin.py:154} INFO - [2023-11-22T19:39:46.469+0000] {dagbag.py:536} INFO - Filling up the DagBag from /home/airflow/.local/lib/python3.8/site-packages/airflow/example_dags/example_params_trigger_ui.py
[2023-11-22T19:39:46.482+0000] {processor.py:839} INFO - DAG(s) dict_keys(['example_params_trigger_ui']) retrieved from /home/airflow/.local/lib/python3.8/site-packages/airflow/example_dags/example_params_trigger_ui.py
[2023-11-22T19:39:46.521+0000] {logging_mixin.py:154} INFO - [2023-11-22T19:39:46.521+0000] {dag.py:2941} INFO - Sync 1 DAGs
[2023-11-22T19:39:46.531+0000] {logging_mixin.py:154} INFO - [2023-11-22T19:39:46.531+0000] {dag.py:3722} INFO - Setting next_dagrun for example_params_trigger_ui to None, run_after=None
[2023-11-22T19:39:46.544+0000] {processor.py:179} INFO - Processing /home/airflow/.local/lib/python3.8/site-packages/airflow/example_dags/example_params_trigger_ui.py took 0.079 seconds
[2023-11-22T19:40:17.040+0000] {processor.py:157} INFO - Started process (PID=5066) to work on /home/airflow/.local/lib/python3.8/site-packages/airflow/example_dags/example_params_trigger_ui.py
[2023-11-22T19:40:17.041+0000] {processor.py:829} INFO - Processing file /home/airflow/.local/lib/python3.8/site-packages/airflow/example_dags/example_params_trigger_ui.py for tasks to queue
[2023-11-22T19:40:17.042+0000] {logging_mixin.py:154} INFO - [2023-11-22T19:40:17.041+0000] {dagbag.py:536} INFO - Filling up the DagBag from /home/airflow/.local/lib/python3.8/site-packages/airflow/example_dags/example_params_trigger_ui.py
[2023-11-22T19:40:17.055+0000] {processor.py:839} INFO - DAG(s) dict_keys(['example_params_trigger_ui']) retrieved from /home/airflow/.local/lib/python3.8/site-packages/airflow/example_dags/example_params_trigger_ui.py
[2023-11-22T19:40:17.095+0000] {logging_mixin.py:154} INFO - [2023-11-22T19:40:17.094+0000] {dag.py:2941} INFO - Sync 1 DAGs
[2023-11-22T19:40:17.104+0000] {logging_mixin.py:154} INFO - [2023-11-22T19:40:17.104+0000] {dag.py:3722} INFO - Setting next_dagrun for example_params_trigger_ui to None, run_after=None
[2023-11-22T19:40:17.116+0000] {processor.py:179} INFO - Processing /home/airflow/.local/lib/python3.8/site-packages/airflow/example_dags/example_params_trigger_ui.py took 0.080 seconds
[2023-11-22T19:40:47.702+0000] {processor.py:157} INFO - Started process (PID=5306) to work on /home/airflow/.local/lib/python3.8/site-packages/airflow/example_dags/example_params_trigger_ui.py
[2023-11-22T19:40:47.702+0000] {processor.py:829} INFO - Processing file /home/airflow/.local/lib/python3.8/site-packages/airflow/example_dags/example_params_trigger_ui.py for tasks to queue
[2023-11-22T19:40:47.703+0000] {logging_mixin.py:154} INFO - [2023-11-22T19:40:47.703+0000] {dagbag.py:536} INFO - Filling up the DagBag from /home/airflow/.local/lib/python3.8/site-packages/airflow/example_dags/example_params_trigger_ui.py
[2023-11-22T19:40:47.717+0000] {processor.py:839} INFO - DAG(s) dict_keys(['example_params_trigger_ui']) retrieved from /home/airflow/.local/lib/python3.8/site-packages/airflow/example_dags/example_params_trigger_ui.py
[2023-11-22T19:40:47.756+0000] {logging_mixin.py:154} INFO - [2023-11-22T19:40:47.756+0000] {dag.py:2941} INFO - Sync 1 DAGs
[2023-11-22T19:40:47.765+0000] {logging_mixin.py:154} INFO - [2023-11-22T19:40:47.765+0000] {dag.py:3722} INFO - Setting next_dagrun for example_params_trigger_ui to None, run_after=None
[2023-11-22T19:40:47.778+0000] {processor.py:179} INFO - Processing /home/airflow/.local/lib/python3.8/site-packages/airflow/example_dags/example_params_trigger_ui.py took 0.080 seconds
[2023-11-22T19:41:18.173+0000] {processor.py:157} INFO - Started process (PID=5542) to work on /home/airflow/.local/lib/python3.8/site-packages/airflow/example_dags/example_params_trigger_ui.py
[2023-11-22T19:41:18.175+0000] {processor.py:829} INFO - Processing file /home/airflow/.local/lib/python3.8/site-packages/airflow/example_dags/example_params_trigger_ui.py for tasks to queue
[2023-11-22T19:41:18.176+0000] {logging_mixin.py:154} INFO - [2023-11-22T19:41:18.176+0000] {dagbag.py:536} INFO - Filling up the DagBag from /home/airflow/.local/lib/python3.8/site-packages/airflow/example_dags/example_params_trigger_ui.py
[2023-11-22T19:41:18.194+0000] {processor.py:839} INFO - DAG(s) dict_keys(['example_params_trigger_ui']) retrieved from /home/airflow/.local/lib/python3.8/site-packages/airflow/example_dags/example_params_trigger_ui.py
[2023-11-22T19:41:18.235+0000] {logging_mixin.py:154} INFO - [2023-11-22T19:41:18.235+0000] {dag.py:2941} INFO - Sync 1 DAGs
[2023-11-22T19:41:18.245+0000] {logging_mixin.py:154} INFO - [2023-11-22T19:41:18.245+0000] {dag.py:3722} INFO - Setting next_dagrun for example_params_trigger_ui to None, run_after=None
[2023-11-22T19:41:18.258+0000] {processor.py:179} INFO - Processing /home/airflow/.local/lib/python3.8/site-packages/airflow/example_dags/example_params_trigger_ui.py took 0.089 seconds
[2023-11-22T19:41:48.647+0000] {processor.py:157} INFO - Started process (PID=5780) to work on /home/airflow/.local/lib/python3.8/site-packages/airflow/example_dags/example_params_trigger_ui.py
[2023-11-22T19:41:48.648+0000] {processor.py:829} INFO - Processing file /home/airflow/.local/lib/python3.8/site-packages/airflow/example_dags/example_params_trigger_ui.py for tasks to queue
[2023-11-22T19:41:48.649+0000] {logging_mixin.py:154} INFO - [2023-11-22T19:41:48.648+0000] {dagbag.py:536} INFO - Filling up the DagBag from /home/airflow/.local/lib/python3.8/site-packages/airflow/example_dags/example_params_trigger_ui.py
[2023-11-22T19:41:48.662+0000] {processor.py:839} INFO - DAG(s) dict_keys(['example_params_trigger_ui']) retrieved from /home/airflow/.local/lib/python3.8/site-packages/airflow/example_dags/example_params_trigger_ui.py
[2023-11-22T19:41:48.701+0000] {logging_mixin.py:154} INFO - [2023-11-22T19:41:48.701+0000] {dag.py:2941} INFO - Sync 1 DAGs
[2023-11-22T19:41:48.711+0000] {logging_mixin.py:154} INFO - [2023-11-22T19:41:48.711+0000] {dag.py:3722} INFO - Setting next_dagrun for example_params_trigger_ui to None, run_after=None
[2023-11-22T19:41:48.724+0000] {processor.py:179} INFO - Processing /home/airflow/.local/lib/python3.8/site-packages/airflow/example_dags/example_params_trigger_ui.py took 0.080 seconds
[2023-11-22T19:42:19.021+0000] {processor.py:157} INFO - Started process (PID=6017) to work on /home/airflow/.local/lib/python3.8/site-packages/airflow/example_dags/example_params_trigger_ui.py
[2023-11-22T19:42:19.022+0000] {processor.py:829} INFO - Processing file /home/airflow/.local/lib/python3.8/site-packages/airflow/example_dags/example_params_trigger_ui.py for tasks to queue
[2023-11-22T19:42:19.023+0000] {logging_mixin.py:154} INFO - [2023-11-22T19:42:19.023+0000] {dagbag.py:536} INFO - Filling up the DagBag from /home/airflow/.local/lib/python3.8/site-packages/airflow/example_dags/example_params_trigger_ui.py
[2023-11-22T19:42:19.036+0000] {processor.py:839} INFO - DAG(s) dict_keys(['example_params_trigger_ui']) retrieved from /home/airflow/.local/lib/python3.8/site-packages/airflow/example_dags/example_params_trigger_ui.py
[2023-11-22T19:42:19.076+0000] {logging_mixin.py:154} INFO - [2023-11-22T19:42:19.076+0000] {dag.py:2941} INFO - Sync 1 DAGs
[2023-11-22T19:42:19.086+0000] {logging_mixin.py:154} INFO - [2023-11-22T19:42:19.086+0000] {dag.py:3722} INFO - Setting next_dagrun for example_params_trigger_ui to None, run_after=None
[2023-11-22T19:42:19.098+0000] {processor.py:179} INFO - Processing /home/airflow/.local/lib/python3.8/site-packages/airflow/example_dags/example_params_trigger_ui.py took 0.080 seconds
[2023-11-22T19:42:49.466+0000] {processor.py:157} INFO - Started process (PID=6255) to work on /home/airflow/.local/lib/python3.8/site-packages/airflow/example_dags/example_params_trigger_ui.py
[2023-11-22T19:42:49.467+0000] {processor.py:829} INFO - Processing file /home/airflow/.local/lib/python3.8/site-packages/airflow/example_dags/example_params_trigger_ui.py for tasks to queue
[2023-11-22T19:42:49.468+0000] {logging_mixin.py:154} INFO - [2023-11-22T19:42:49.468+0000] {dagbag.py:536} INFO - Filling up the DagBag from /home/airflow/.local/lib/python3.8/site-packages/airflow/example_dags/example_params_trigger_ui.py
[2023-11-22T19:42:49.481+0000] {processor.py:839} INFO - DAG(s) dict_keys(['example_params_trigger_ui']) retrieved from /home/airflow/.local/lib/python3.8/site-packages/airflow/example_dags/example_params_trigger_ui.py
[2023-11-22T19:42:49.521+0000] {logging_mixin.py:154} INFO - [2023-11-22T19:42:49.520+0000] {dag.py:2941} INFO - Sync 1 DAGs
[2023-11-22T19:42:49.530+0000] {logging_mixin.py:154} INFO - [2023-11-22T19:42:49.530+0000] {dag.py:3722} INFO - Setting next_dagrun for example_params_trigger_ui to None, run_after=None
[2023-11-22T19:42:49.543+0000] {processor.py:179} INFO - Processing /home/airflow/.local/lib/python3.8/site-packages/airflow/example_dags/example_params_trigger_ui.py took 0.080 seconds
[2023-11-22T19:43:19.760+0000] {processor.py:157} INFO - Started process (PID=6493) to work on /home/airflow/.local/lib/python3.8/site-packages/airflow/example_dags/example_params_trigger_ui.py
[2023-11-22T19:43:19.761+0000] {processor.py:829} INFO - Processing file /home/airflow/.local/lib/python3.8/site-packages/airflow/example_dags/example_params_trigger_ui.py for tasks to queue
[2023-11-22T19:43:19.761+0000] {logging_mixin.py:154} INFO - [2023-11-22T19:43:19.761+0000] {dagbag.py:536} INFO - Filling up the DagBag from /home/airflow/.local/lib/python3.8/site-packages/airflow/example_dags/example_params_trigger_ui.py
[2023-11-22T19:43:19.775+0000] {processor.py:839} INFO - DAG(s) dict_keys(['example_params_trigger_ui']) retrieved from /home/airflow/.local/lib/python3.8/site-packages/airflow/example_dags/example_params_trigger_ui.py
[2023-11-22T19:43:19.814+0000] {logging_mixin.py:154} INFO - [2023-11-22T19:43:19.814+0000] {dag.py:2941} INFO - Sync 1 DAGs
[2023-11-22T19:43:19.825+0000] {logging_mixin.py:154} INFO - [2023-11-22T19:43:19.824+0000] {dag.py:3722} INFO - Setting next_dagrun for example_params_trigger_ui to None, run_after=None
[2023-11-22T19:43:19.837+0000] {processor.py:179} INFO - Processing /home/airflow/.local/lib/python3.8/site-packages/airflow/example_dags/example_params_trigger_ui.py took 0.081 seconds
[2023-11-22T19:43:50.327+0000] {processor.py:157} INFO - Started process (PID=6731) to work on /home/airflow/.local/lib/python3.8/site-packages/airflow/example_dags/example_params_trigger_ui.py
[2023-11-22T19:43:50.328+0000] {processor.py:829} INFO - Processing file /home/airflow/.local/lib/python3.8/site-packages/airflow/example_dags/example_params_trigger_ui.py for tasks to queue
[2023-11-22T19:43:50.329+0000] {logging_mixin.py:154} INFO - [2023-11-22T19:43:50.329+0000] {dagbag.py:536} INFO - Filling up the DagBag from /home/airflow/.local/lib/python3.8/site-packages/airflow/example_dags/example_params_trigger_ui.py
[2023-11-22T19:43:50.342+0000] {processor.py:839} INFO - DAG(s) dict_keys(['example_params_trigger_ui']) retrieved from /home/airflow/.local/lib/python3.8/site-packages/airflow/example_dags/example_params_trigger_ui.py
[2023-11-22T19:43:50.381+0000] {logging_mixin.py:154} INFO - [2023-11-22T19:43:50.381+0000] {dag.py:2941} INFO - Sync 1 DAGs
[2023-11-22T19:43:50.392+0000] {logging_mixin.py:154} INFO - [2023-11-22T19:43:50.391+0000] {dag.py:3722} INFO - Setting next_dagrun for example_params_trigger_ui to None, run_after=None
[2023-11-22T19:43:50.405+0000] {processor.py:179} INFO - Processing /home/airflow/.local/lib/python3.8/site-packages/airflow/example_dags/example_params_trigger_ui.py took 0.081 seconds
[2023-11-22T19:44:20.809+0000] {processor.py:157} INFO - Started process (PID=6976) to work on /home/airflow/.local/lib/python3.8/site-packages/airflow/example_dags/example_params_trigger_ui.py
[2023-11-22T19:44:20.810+0000] {processor.py:829} INFO - Processing file /home/airflow/.local/lib/python3.8/site-packages/airflow/example_dags/example_params_trigger_ui.py for tasks to queue
[2023-11-22T19:44:20.811+0000] {logging_mixin.py:154} INFO - [2023-11-22T19:44:20.811+0000] {dagbag.py:536} INFO - Filling up the DagBag from /home/airflow/.local/lib/python3.8/site-packages/airflow/example_dags/example_params_trigger_ui.py
[2023-11-22T19:44:20.826+0000] {processor.py:839} INFO - DAG(s) dict_keys(['example_params_trigger_ui']) retrieved from /home/airflow/.local/lib/python3.8/site-packages/airflow/example_dags/example_params_trigger_ui.py
[2023-11-22T19:44:20.865+0000] {logging_mixin.py:154} INFO - [2023-11-22T19:44:20.865+0000] {dag.py:2941} INFO - Sync 1 DAGs
[2023-11-22T19:44:20.875+0000] {logging_mixin.py:154} INFO - [2023-11-22T19:44:20.875+0000] {dag.py:3722} INFO - Setting next_dagrun for example_params_trigger_ui to None, run_after=None
[2023-11-22T19:44:20.887+0000] {processor.py:179} INFO - Processing /home/airflow/.local/lib/python3.8/site-packages/airflow/example_dags/example_params_trigger_ui.py took 0.082 seconds
[2023-11-22T19:44:51.276+0000] {processor.py:157} INFO - Started process (PID=7214) to work on /home/airflow/.local/lib/python3.8/site-packages/airflow/example_dags/example_params_trigger_ui.py
[2023-11-22T19:44:51.276+0000] {processor.py:829} INFO - Processing file /home/airflow/.local/lib/python3.8/site-packages/airflow/example_dags/example_params_trigger_ui.py for tasks to queue
[2023-11-22T19:44:51.277+0000] {logging_mixin.py:154} INFO - [2023-11-22T19:44:51.277+0000] {dagbag.py:536} INFO - Filling up the DagBag from /home/airflow/.local/lib/python3.8/site-packages/airflow/example_dags/example_params_trigger_ui.py
[2023-11-22T19:44:51.291+0000] {processor.py:839} INFO - DAG(s) dict_keys(['example_params_trigger_ui']) retrieved from /home/airflow/.local/lib/python3.8/site-packages/airflow/example_dags/example_params_trigger_ui.py
[2023-11-22T19:44:51.330+0000] {logging_mixin.py:154} INFO - [2023-11-22T19:44:51.329+0000] {dag.py:2941} INFO - Sync 1 DAGs
[2023-11-22T19:44:51.339+0000] {logging_mixin.py:154} INFO - [2023-11-22T19:44:51.339+0000] {dag.py:3722} INFO - Setting next_dagrun for example_params_trigger_ui to None, run_after=None
[2023-11-22T19:44:51.352+0000] {processor.py:179} INFO - Processing /home/airflow/.local/lib/python3.8/site-packages/airflow/example_dags/example_params_trigger_ui.py took 0.079 seconds
[2023-11-22T19:45:21.658+0000] {processor.py:157} INFO - Started process (PID=7452) to work on /home/airflow/.local/lib/python3.8/site-packages/airflow/example_dags/example_params_trigger_ui.py
[2023-11-22T19:45:21.659+0000] {processor.py:829} INFO - Processing file /home/airflow/.local/lib/python3.8/site-packages/airflow/example_dags/example_params_trigger_ui.py for tasks to queue
[2023-11-22T19:45:21.660+0000] {logging_mixin.py:154} INFO - [2023-11-22T19:45:21.660+0000] {dagbag.py:536} INFO - Filling up the DagBag from /home/airflow/.local/lib/python3.8/site-packages/airflow/example_dags/example_params_trigger_ui.py
[2023-11-22T19:45:21.674+0000] {processor.py:839} INFO - DAG(s) dict_keys(['example_params_trigger_ui']) retrieved from /home/airflow/.local/lib/python3.8/site-packages/airflow/example_dags/example_params_trigger_ui.py
[2023-11-22T19:45:21.713+0000] {logging_mixin.py:154} INFO - [2023-11-22T19:45:21.712+0000] {dag.py:2941} INFO - Sync 1 DAGs
[2023-11-22T19:45:21.722+0000] {logging_mixin.py:154} INFO - [2023-11-22T19:45:21.722+0000] {dag.py:3722} INFO - Setting next_dagrun for example_params_trigger_ui to None, run_after=None
[2023-11-22T19:45:21.735+0000] {processor.py:179} INFO - Processing /home/airflow/.local/lib/python3.8/site-packages/airflow/example_dags/example_params_trigger_ui.py took 0.079 seconds
[2023-11-22T19:45:52.172+0000] {processor.py:157} INFO - Started process (PID=7690) to work on /home/airflow/.local/lib/python3.8/site-packages/airflow/example_dags/example_params_trigger_ui.py
[2023-11-22T19:45:52.173+0000] {processor.py:829} INFO - Processing file /home/airflow/.local/lib/python3.8/site-packages/airflow/example_dags/example_params_trigger_ui.py for tasks to queue
[2023-11-22T19:45:52.174+0000] {logging_mixin.py:154} INFO - [2023-11-22T19:45:52.173+0000] {dagbag.py:536} INFO - Filling up the DagBag from /home/airflow/.local/lib/python3.8/site-packages/airflow/example_dags/example_params_trigger_ui.py
[2023-11-22T19:45:52.187+0000] {processor.py:839} INFO - DAG(s) dict_keys(['example_params_trigger_ui']) retrieved from /home/airflow/.local/lib/python3.8/site-packages/airflow/example_dags/example_params_trigger_ui.py
[2023-11-22T19:45:52.226+0000] {logging_mixin.py:154} INFO - [2023-11-22T19:45:52.226+0000] {dag.py:2941} INFO - Sync 1 DAGs
[2023-11-22T19:45:52.236+0000] {logging_mixin.py:154} INFO - [2023-11-22T19:45:52.236+0000] {dag.py:3722} INFO - Setting next_dagrun for example_params_trigger_ui to None, run_after=None
[2023-11-22T19:45:52.248+0000] {processor.py:179} INFO - Processing /home/airflow/.local/lib/python3.8/site-packages/airflow/example_dags/example_params_trigger_ui.py took 0.081 seconds
[2023-11-22T19:46:22.632+0000] {processor.py:157} INFO - Started process (PID=7928) to work on /home/airflow/.local/lib/python3.8/site-packages/airflow/example_dags/example_params_trigger_ui.py
[2023-11-22T19:46:22.633+0000] {processor.py:829} INFO - Processing file /home/airflow/.local/lib/python3.8/site-packages/airflow/example_dags/example_params_trigger_ui.py for tasks to queue
[2023-11-22T19:46:22.634+0000] {logging_mixin.py:154} INFO - [2023-11-22T19:46:22.634+0000] {dagbag.py:536} INFO - Filling up the DagBag from /home/airflow/.local/lib/python3.8/site-packages/airflow/example_dags/example_params_trigger_ui.py
[2023-11-22T19:46:22.647+0000] {processor.py:839} INFO - DAG(s) dict_keys(['example_params_trigger_ui']) retrieved from /home/airflow/.local/lib/python3.8/site-packages/airflow/example_dags/example_params_trigger_ui.py
[2023-11-22T19:46:22.686+0000] {logging_mixin.py:154} INFO - [2023-11-22T19:46:22.686+0000] {dag.py:2941} INFO - Sync 1 DAGs
[2023-11-22T19:46:22.695+0000] {logging_mixin.py:154} INFO - [2023-11-22T19:46:22.695+0000] {dag.py:3722} INFO - Setting next_dagrun for example_params_trigger_ui to None, run_after=None
[2023-11-22T19:46:22.708+0000] {processor.py:179} INFO - Processing /home/airflow/.local/lib/python3.8/site-packages/airflow/example_dags/example_params_trigger_ui.py took 0.079 seconds
[2023-11-22T19:46:53.044+0000] {processor.py:157} INFO - Started process (PID=8166) to work on /home/airflow/.local/lib/python3.8/site-packages/airflow/example_dags/example_params_trigger_ui.py
[2023-11-22T19:46:53.045+0000] {processor.py:829} INFO - Processing file /home/airflow/.local/lib/python3.8/site-packages/airflow/example_dags/example_params_trigger_ui.py for tasks to queue
[2023-11-22T19:46:53.046+0000] {logging_mixin.py:154} INFO - [2023-11-22T19:46:53.046+0000] {dagbag.py:536} INFO - Filling up the DagBag from /home/airflow/.local/lib/python3.8/site-packages/airflow/example_dags/example_params_trigger_ui.py
[2023-11-22T19:46:53.062+0000] {processor.py:839} INFO - DAG(s) dict_keys(['example_params_trigger_ui']) retrieved from /home/airflow/.local/lib/python3.8/site-packages/airflow/example_dags/example_params_trigger_ui.py
[2023-11-22T19:46:53.107+0000] {logging_mixin.py:154} INFO - [2023-11-22T19:46:53.107+0000] {dag.py:2941} INFO - Sync 1 DAGs
[2023-11-22T19:46:53.118+0000] {logging_mixin.py:154} INFO - [2023-11-22T19:46:53.118+0000] {dag.py:3722} INFO - Setting next_dagrun for example_params_trigger_ui to None, run_after=None
[2023-11-22T19:46:53.132+0000] {processor.py:179} INFO - Processing /home/airflow/.local/lib/python3.8/site-packages/airflow/example_dags/example_params_trigger_ui.py took 0.093 seconds
[2023-11-22T19:47:23.518+0000] {processor.py:157} INFO - Started process (PID=8403) to work on /home/airflow/.local/lib/python3.8/site-packages/airflow/example_dags/example_params_trigger_ui.py
[2023-11-22T19:47:23.519+0000] {processor.py:829} INFO - Processing file /home/airflow/.local/lib/python3.8/site-packages/airflow/example_dags/example_params_trigger_ui.py for tasks to queue
[2023-11-22T19:47:23.519+0000] {logging_mixin.py:154} INFO - [2023-11-22T19:47:23.519+0000] {dagbag.py:536} INFO - Filling up the DagBag from /home/airflow/.local/lib/python3.8/site-packages/airflow/example_dags/example_params_trigger_ui.py
[2023-11-22T19:47:23.533+0000] {processor.py:839} INFO - DAG(s) dict_keys(['example_params_trigger_ui']) retrieved from /home/airflow/.local/lib/python3.8/site-packages/airflow/example_dags/example_params_trigger_ui.py
[2023-11-22T19:47:23.573+0000] {logging_mixin.py:154} INFO - [2023-11-22T19:47:23.573+0000] {dag.py:2941} INFO - Sync 1 DAGs
[2023-11-22T19:47:23.583+0000] {logging_mixin.py:154} INFO - [2023-11-22T19:47:23.583+0000] {dag.py:3722} INFO - Setting next_dagrun for example_params_trigger_ui to None, run_after=None
[2023-11-22T19:47:23.596+0000] {processor.py:179} INFO - Processing /home/airflow/.local/lib/python3.8/site-packages/airflow/example_dags/example_params_trigger_ui.py took 0.081 seconds
[2023-11-22T19:47:54.335+0000] {processor.py:157} INFO - Started process (PID=8641) to work on /home/airflow/.local/lib/python3.8/site-packages/airflow/example_dags/example_params_trigger_ui.py
[2023-11-22T19:47:54.336+0000] {processor.py:829} INFO - Processing file /home/airflow/.local/lib/python3.8/site-packages/airflow/example_dags/example_params_trigger_ui.py for tasks to queue
[2023-11-22T19:47:54.337+0000] {logging_mixin.py:154} INFO - [2023-11-22T19:47:54.337+0000] {dagbag.py:536} INFO - Filling up the DagBag from /home/airflow/.local/lib/python3.8/site-packages/airflow/example_dags/example_params_trigger_ui.py
[2023-11-22T19:47:54.351+0000] {processor.py:839} INFO - DAG(s) dict_keys(['example_params_trigger_ui']) retrieved from /home/airflow/.local/lib/python3.8/site-packages/airflow/example_dags/example_params_trigger_ui.py
[2023-11-22T19:47:54.391+0000] {logging_mixin.py:154} INFO - [2023-11-22T19:47:54.391+0000] {dag.py:2941} INFO - Sync 1 DAGs
[2023-11-22T19:47:54.401+0000] {logging_mixin.py:154} INFO - [2023-11-22T19:47:54.401+0000] {dag.py:3722} INFO - Setting next_dagrun for example_params_trigger_ui to None, run_after=None
[2023-11-22T19:47:54.415+0000] {processor.py:179} INFO - Processing /home/airflow/.local/lib/python3.8/site-packages/airflow/example_dags/example_params_trigger_ui.py took 0.083 seconds
[2023-11-22T19:48:25.263+0000] {processor.py:157} INFO - Started process (PID=8879) to work on /home/airflow/.local/lib/python3.8/site-packages/airflow/example_dags/example_params_trigger_ui.py
[2023-11-22T19:48:25.264+0000] {processor.py:829} INFO - Processing file /home/airflow/.local/lib/python3.8/site-packages/airflow/example_dags/example_params_trigger_ui.py for tasks to queue
[2023-11-22T19:48:25.264+0000] {logging_mixin.py:154} INFO - [2023-11-22T19:48:25.264+0000] {dagbag.py:536} INFO - Filling up the DagBag from /home/airflow/.local/lib/python3.8/site-packages/airflow/example_dags/example_params_trigger_ui.py
[2023-11-22T19:48:25.278+0000] {processor.py:839} INFO - DAG(s) dict_keys(['example_params_trigger_ui']) retrieved from /home/airflow/.local/lib/python3.8/site-packages/airflow/example_dags/example_params_trigger_ui.py
[2023-11-22T19:48:25.316+0000] {logging_mixin.py:154} INFO - [2023-11-22T19:48:25.316+0000] {dag.py:2941} INFO - Sync 1 DAGs
[2023-11-22T19:48:25.326+0000] {logging_mixin.py:154} INFO - [2023-11-22T19:48:25.326+0000] {dag.py:3722} INFO - Setting next_dagrun for example_params_trigger_ui to None, run_after=None
[2023-11-22T19:48:25.338+0000] {processor.py:179} INFO - Processing /home/airflow/.local/lib/python3.8/site-packages/airflow/example_dags/example_params_trigger_ui.py took 0.079 seconds
[2023-11-22T19:48:55.675+0000] {processor.py:157} INFO - Started process (PID=9117) to work on /home/airflow/.local/lib/python3.8/site-packages/airflow/example_dags/example_params_trigger_ui.py
[2023-11-22T19:48:55.676+0000] {processor.py:829} INFO - Processing file /home/airflow/.local/lib/python3.8/site-packages/airflow/example_dags/example_params_trigger_ui.py for tasks to queue
[2023-11-22T19:48:55.677+0000] {logging_mixin.py:154} INFO - [2023-11-22T19:48:55.676+0000] {dagbag.py:536} INFO - Filling up the DagBag from /home/airflow/.local/lib/python3.8/site-packages/airflow/example_dags/example_params_trigger_ui.py
[2023-11-22T19:48:55.690+0000] {processor.py:839} INFO - DAG(s) dict_keys(['example_params_trigger_ui']) retrieved from /home/airflow/.local/lib/python3.8/site-packages/airflow/example_dags/example_params_trigger_ui.py
[2023-11-22T19:48:55.732+0000] {logging_mixin.py:154} INFO - [2023-11-22T19:48:55.732+0000] {dag.py:2941} INFO - Sync 1 DAGs
[2023-11-22T19:48:55.742+0000] {logging_mixin.py:154} INFO - [2023-11-22T19:48:55.741+0000] {dag.py:3722} INFO - Setting next_dagrun for example_params_trigger_ui to None, run_after=None
[2023-11-22T19:48:55.754+0000] {processor.py:179} INFO - Processing /home/airflow/.local/lib/python3.8/site-packages/airflow/example_dags/example_params_trigger_ui.py took 0.083 seconds
[2023-11-22T19:49:26.753+0000] {processor.py:157} INFO - Started process (PID=9355) to work on /home/airflow/.local/lib/python3.8/site-packages/airflow/example_dags/example_params_trigger_ui.py
[2023-11-22T19:49:26.754+0000] {processor.py:829} INFO - Processing file /home/airflow/.local/lib/python3.8/site-packages/airflow/example_dags/example_params_trigger_ui.py for tasks to queue
[2023-11-22T19:49:26.755+0000] {logging_mixin.py:154} INFO - [2023-11-22T19:49:26.754+0000] {dagbag.py:536} INFO - Filling up the DagBag from /home/airflow/.local/lib/python3.8/site-packages/airflow/example_dags/example_params_trigger_ui.py
[2023-11-22T19:49:26.770+0000] {processor.py:839} INFO - DAG(s) dict_keys(['example_params_trigger_ui']) retrieved from /home/airflow/.local/lib/python3.8/site-packages/airflow/example_dags/example_params_trigger_ui.py
[2023-11-22T19:49:26.813+0000] {logging_mixin.py:154} INFO - [2023-11-22T19:49:26.813+0000] {dag.py:2941} INFO - Sync 1 DAGs
[2023-11-22T19:49:26.824+0000] {logging_mixin.py:154} INFO - [2023-11-22T19:49:26.824+0000] {dag.py:3722} INFO - Setting next_dagrun for example_params_trigger_ui to None, run_after=None
[2023-11-22T19:49:26.839+0000] {processor.py:179} INFO - Processing /home/airflow/.local/lib/python3.8/site-packages/airflow/example_dags/example_params_trigger_ui.py took 0.090 seconds
[2023-11-22T19:49:57.478+0000] {processor.py:157} INFO - Started process (PID=9593) to work on /home/airflow/.local/lib/python3.8/site-packages/airflow/example_dags/example_params_trigger_ui.py
[2023-11-22T19:49:57.479+0000] {processor.py:829} INFO - Processing file /home/airflow/.local/lib/python3.8/site-packages/airflow/example_dags/example_params_trigger_ui.py for tasks to queue
[2023-11-22T19:49:57.480+0000] {logging_mixin.py:154} INFO - [2023-11-22T19:49:57.480+0000] {dagbag.py:536} INFO - Filling up the DagBag from /home/airflow/.local/lib/python3.8/site-packages/airflow/example_dags/example_params_trigger_ui.py
[2023-11-22T19:49:57.493+0000] {processor.py:839} INFO - DAG(s) dict_keys(['example_params_trigger_ui']) retrieved from /home/airflow/.local/lib/python3.8/site-packages/airflow/example_dags/example_params_trigger_ui.py
[2023-11-22T19:49:57.534+0000] {logging_mixin.py:154} INFO - [2023-11-22T19:49:57.534+0000] {dag.py:2941} INFO - Sync 1 DAGs
[2023-11-22T19:49:57.670+0000] {logging_mixin.py:154} INFO - [2023-11-22T19:49:57.670+0000] {dag.py:3722} INFO - Setting next_dagrun for example_params_trigger_ui to None, run_after=None
[2023-11-22T19:49:57.682+0000] {processor.py:179} INFO - Processing /home/airflow/.local/lib/python3.8/site-packages/airflow/example_dags/example_params_trigger_ui.py took 0.208 seconds
[2023-11-22T19:50:27.739+0000] {processor.py:157} INFO - Started process (PID=9831) to work on /home/airflow/.local/lib/python3.8/site-packages/airflow/example_dags/example_params_trigger_ui.py
[2023-11-22T19:50:27.740+0000] {processor.py:829} INFO - Processing file /home/airflow/.local/lib/python3.8/site-packages/airflow/example_dags/example_params_trigger_ui.py for tasks to queue
[2023-11-22T19:50:27.741+0000] {logging_mixin.py:154} INFO - [2023-11-22T19:50:27.741+0000] {dagbag.py:536} INFO - Filling up the DagBag from /home/airflow/.local/lib/python3.8/site-packages/airflow/example_dags/example_params_trigger_ui.py
[2023-11-22T19:50:27.754+0000] {processor.py:839} INFO - DAG(s) dict_keys(['example_params_trigger_ui']) retrieved from /home/airflow/.local/lib/python3.8/site-packages/airflow/example_dags/example_params_trigger_ui.py
[2023-11-22T19:50:27.795+0000] {logging_mixin.py:154} INFO - [2023-11-22T19:50:27.794+0000] {dag.py:2941} INFO - Sync 1 DAGs
[2023-11-22T19:50:27.919+0000] {logging_mixin.py:154} INFO - [2023-11-22T19:50:27.919+0000] {dag.py:3722} INFO - Setting next_dagrun for example_params_trigger_ui to None, run_after=None
[2023-11-22T19:50:27.932+0000] {processor.py:179} INFO - Processing /home/airflow/.local/lib/python3.8/site-packages/airflow/example_dags/example_params_trigger_ui.py took 0.195 seconds
[2023-11-22T19:50:58.119+0000] {processor.py:157} INFO - Started process (PID=10069) to work on /home/airflow/.local/lib/python3.8/site-packages/airflow/example_dags/example_params_trigger_ui.py
[2023-11-22T19:50:58.120+0000] {processor.py:829} INFO - Processing file /home/airflow/.local/lib/python3.8/site-packages/airflow/example_dags/example_params_trigger_ui.py for tasks to queue
[2023-11-22T19:50:58.121+0000] {logging_mixin.py:154} INFO - [2023-11-22T19:50:58.121+0000] {dagbag.py:536} INFO - Filling up the DagBag from /home/airflow/.local/lib/python3.8/site-packages/airflow/example_dags/example_params_trigger_ui.py
[2023-11-22T19:50:58.134+0000] {processor.py:839} INFO - DAG(s) dict_keys(['example_params_trigger_ui']) retrieved from /home/airflow/.local/lib/python3.8/site-packages/airflow/example_dags/example_params_trigger_ui.py
[2023-11-22T19:50:58.177+0000] {logging_mixin.py:154} INFO - [2023-11-22T19:50:58.177+0000] {dag.py:2941} INFO - Sync 1 DAGs
[2023-11-22T19:50:58.187+0000] {logging_mixin.py:154} INFO - [2023-11-22T19:50:58.187+0000] {dag.py:3722} INFO - Setting next_dagrun for example_params_trigger_ui to None, run_after=None
[2023-11-22T19:50:58.315+0000] {processor.py:179} INFO - Processing /home/airflow/.local/lib/python3.8/site-packages/airflow/example_dags/example_params_trigger_ui.py took 0.198 seconds
[2023-11-22T19:51:28.413+0000] {processor.py:157} INFO - Started process (PID=10314) to work on /home/airflow/.local/lib/python3.8/site-packages/airflow/example_dags/example_params_trigger_ui.py
[2023-11-22T19:51:28.414+0000] {processor.py:829} INFO - Processing file /home/airflow/.local/lib/python3.8/site-packages/airflow/example_dags/example_params_trigger_ui.py for tasks to queue
[2023-11-22T19:51:28.415+0000] {logging_mixin.py:154} INFO - [2023-11-22T19:51:28.414+0000] {dagbag.py:536} INFO - Filling up the DagBag from /home/airflow/.local/lib/python3.8/site-packages/airflow/example_dags/example_params_trigger_ui.py
[2023-11-22T19:51:28.428+0000] {processor.py:839} INFO - DAG(s) dict_keys(['example_params_trigger_ui']) retrieved from /home/airflow/.local/lib/python3.8/site-packages/airflow/example_dags/example_params_trigger_ui.py
[2023-11-22T19:51:28.467+0000] {logging_mixin.py:154} INFO - [2023-11-22T19:51:28.467+0000] {dag.py:2941} INFO - Sync 1 DAGs
[2023-11-22T19:51:28.477+0000] {logging_mixin.py:154} INFO - [2023-11-22T19:51:28.477+0000] {dag.py:3722} INFO - Setting next_dagrun for example_params_trigger_ui to None, run_after=None
[2023-11-22T19:51:28.491+0000] {processor.py:179} INFO - Processing /home/airflow/.local/lib/python3.8/site-packages/airflow/example_dags/example_params_trigger_ui.py took 0.081 seconds
[2023-11-22T19:51:59.417+0000] {processor.py:157} INFO - Started process (PID=10545) to work on /home/airflow/.local/lib/python3.8/site-packages/airflow/example_dags/example_params_trigger_ui.py
[2023-11-22T19:51:59.418+0000] {processor.py:829} INFO - Processing file /home/airflow/.local/lib/python3.8/site-packages/airflow/example_dags/example_params_trigger_ui.py for tasks to queue
[2023-11-22T19:51:59.419+0000] {logging_mixin.py:154} INFO - [2023-11-22T19:51:59.419+0000] {dagbag.py:536} INFO - Filling up the DagBag from /home/airflow/.local/lib/python3.8/site-packages/airflow/example_dags/example_params_trigger_ui.py
[2023-11-22T19:51:59.564+0000] {processor.py:839} INFO - DAG(s) dict_keys(['example_params_trigger_ui']) retrieved from /home/airflow/.local/lib/python3.8/site-packages/airflow/example_dags/example_params_trigger_ui.py
[2023-11-22T19:51:59.601+0000] {logging_mixin.py:154} INFO - [2023-11-22T19:51:59.601+0000] {dag.py:2941} INFO - Sync 1 DAGs
[2023-11-22T19:51:59.610+0000] {logging_mixin.py:154} INFO - [2023-11-22T19:51:59.609+0000] {dag.py:3722} INFO - Setting next_dagrun for example_params_trigger_ui to None, run_after=None
[2023-11-22T19:51:59.623+0000] {processor.py:179} INFO - Processing /home/airflow/.local/lib/python3.8/site-packages/airflow/example_dags/example_params_trigger_ui.py took 0.209 seconds
[2023-11-22T19:52:30.453+0000] {processor.py:157} INFO - Started process (PID=10786) to work on /home/airflow/.local/lib/python3.8/site-packages/airflow/example_dags/example_params_trigger_ui.py
[2023-11-22T19:52:30.453+0000] {processor.py:829} INFO - Processing file /home/airflow/.local/lib/python3.8/site-packages/airflow/example_dags/example_params_trigger_ui.py for tasks to queue
[2023-11-22T19:52:30.454+0000] {logging_mixin.py:154} INFO - [2023-11-22T19:52:30.454+0000] {dagbag.py:536} INFO - Filling up the DagBag from /home/airflow/.local/lib/python3.8/site-packages/airflow/example_dags/example_params_trigger_ui.py
[2023-11-22T19:52:30.468+0000] {processor.py:839} INFO - DAG(s) dict_keys(['example_params_trigger_ui']) retrieved from /home/airflow/.local/lib/python3.8/site-packages/airflow/example_dags/example_params_trigger_ui.py
[2023-11-22T19:52:30.506+0000] {logging_mixin.py:154} INFO - [2023-11-22T19:52:30.505+0000] {dag.py:2941} INFO - Sync 1 DAGs
[2023-11-22T19:52:30.515+0000] {logging_mixin.py:154} INFO - [2023-11-22T19:52:30.515+0000] {dag.py:3722} INFO - Setting next_dagrun for example_params_trigger_ui to None, run_after=None
[2023-11-22T19:52:30.529+0000] {processor.py:179} INFO - Processing /home/airflow/.local/lib/python3.8/site-packages/airflow/example_dags/example_params_trigger_ui.py took 0.080 seconds
[2023-11-22T19:53:00.911+0000] {processor.py:157} INFO - Started process (PID=11024) to work on /home/airflow/.local/lib/python3.8/site-packages/airflow/example_dags/example_params_trigger_ui.py
[2023-11-22T19:53:00.912+0000] {processor.py:829} INFO - Processing file /home/airflow/.local/lib/python3.8/site-packages/airflow/example_dags/example_params_trigger_ui.py for tasks to queue
[2023-11-22T19:53:00.913+0000] {logging_mixin.py:154} INFO - [2023-11-22T19:53:00.912+0000] {dagbag.py:536} INFO - Filling up the DagBag from /home/airflow/.local/lib/python3.8/site-packages/airflow/example_dags/example_params_trigger_ui.py
[2023-11-22T19:53:00.926+0000] {processor.py:839} INFO - DAG(s) dict_keys(['example_params_trigger_ui']) retrieved from /home/airflow/.local/lib/python3.8/site-packages/airflow/example_dags/example_params_trigger_ui.py
[2023-11-22T19:53:00.964+0000] {logging_mixin.py:154} INFO - [2023-11-22T19:53:00.964+0000] {dag.py:2941} INFO - Sync 1 DAGs
[2023-11-22T19:53:00.974+0000] {logging_mixin.py:154} INFO - [2023-11-22T19:53:00.974+0000] {dag.py:3722} INFO - Setting next_dagrun for example_params_trigger_ui to None, run_after=None
[2023-11-22T19:53:00.988+0000] {processor.py:179} INFO - Processing /home/airflow/.local/lib/python3.8/site-packages/airflow/example_dags/example_params_trigger_ui.py took 0.080 seconds
[2023-11-22T19:53:31.290+0000] {processor.py:157} INFO - Started process (PID=11262) to work on /home/airflow/.local/lib/python3.8/site-packages/airflow/example_dags/example_params_trigger_ui.py
[2023-11-22T19:53:31.291+0000] {processor.py:829} INFO - Processing file /home/airflow/.local/lib/python3.8/site-packages/airflow/example_dags/example_params_trigger_ui.py for tasks to queue
[2023-11-22T19:53:31.292+0000] {logging_mixin.py:154} INFO - [2023-11-22T19:53:31.291+0000] {dagbag.py:536} INFO - Filling up the DagBag from /home/airflow/.local/lib/python3.8/site-packages/airflow/example_dags/example_params_trigger_ui.py
[2023-11-22T19:53:31.305+0000] {processor.py:839} INFO - DAG(s) dict_keys(['example_params_trigger_ui']) retrieved from /home/airflow/.local/lib/python3.8/site-packages/airflow/example_dags/example_params_trigger_ui.py
[2023-11-22T19:53:31.343+0000] {logging_mixin.py:154} INFO - [2023-11-22T19:53:31.343+0000] {dag.py:2941} INFO - Sync 1 DAGs
[2023-11-22T19:53:31.352+0000] {logging_mixin.py:154} INFO - [2023-11-22T19:53:31.352+0000] {dag.py:3722} INFO - Setting next_dagrun for example_params_trigger_ui to None, run_after=None
[2023-11-22T19:53:31.366+0000] {processor.py:179} INFO - Processing /home/airflow/.local/lib/python3.8/site-packages/airflow/example_dags/example_params_trigger_ui.py took 0.079 seconds
[2023-11-22T19:54:01.964+0000] {processor.py:157} INFO - Started process (PID=11498) to work on /home/airflow/.local/lib/python3.8/site-packages/airflow/example_dags/example_params_trigger_ui.py
[2023-11-22T19:54:01.965+0000] {processor.py:829} INFO - Processing file /home/airflow/.local/lib/python3.8/site-packages/airflow/example_dags/example_params_trigger_ui.py for tasks to queue
[2023-11-22T19:54:01.966+0000] {logging_mixin.py:154} INFO - [2023-11-22T19:54:01.966+0000] {dagbag.py:536} INFO - Filling up the DagBag from /home/airflow/.local/lib/python3.8/site-packages/airflow/example_dags/example_params_trigger_ui.py
[2023-11-22T19:54:01.982+0000] {processor.py:839} INFO - DAG(s) dict_keys(['example_params_trigger_ui']) retrieved from /home/airflow/.local/lib/python3.8/site-packages/airflow/example_dags/example_params_trigger_ui.py
[2023-11-22T19:54:02.031+0000] {logging_mixin.py:154} INFO - [2023-11-22T19:54:02.031+0000] {dag.py:2941} INFO - Sync 1 DAGs
[2023-11-22T19:54:02.044+0000] {logging_mixin.py:154} INFO - [2023-11-22T19:54:02.044+0000] {dag.py:3722} INFO - Setting next_dagrun for example_params_trigger_ui to None, run_after=None
[2023-11-22T19:54:02.060+0000] {processor.py:179} INFO - Processing /home/airflow/.local/lib/python3.8/site-packages/airflow/example_dags/example_params_trigger_ui.py took 0.100 seconds
[2023-11-22T20:36:15.375+0000] {processor.py:157} INFO - Started process (PID=11738) to work on /home/airflow/.local/lib/python3.8/site-packages/airflow/example_dags/example_params_trigger_ui.py
[2023-11-22T20:36:15.376+0000] {processor.py:829} INFO - Processing file /home/airflow/.local/lib/python3.8/site-packages/airflow/example_dags/example_params_trigger_ui.py for tasks to queue
[2023-11-22T20:36:15.377+0000] {logging_mixin.py:154} INFO - [2023-11-22T20:36:15.377+0000] {dagbag.py:536} INFO - Filling up the DagBag from /home/airflow/.local/lib/python3.8/site-packages/airflow/example_dags/example_params_trigger_ui.py
[2023-11-22T20:36:15.391+0000] {processor.py:839} INFO - DAG(s) dict_keys(['example_params_trigger_ui']) retrieved from /home/airflow/.local/lib/python3.8/site-packages/airflow/example_dags/example_params_trigger_ui.py
[2023-11-22T20:36:15.431+0000] {logging_mixin.py:154} INFO - [2023-11-22T20:36:15.431+0000] {dag.py:2941} INFO - Sync 1 DAGs
[2023-11-22T20:36:15.441+0000] {logging_mixin.py:154} INFO - [2023-11-22T20:36:15.440+0000] {dag.py:3722} INFO - Setting next_dagrun for example_params_trigger_ui to None, run_after=None
[2023-11-22T20:36:15.453+0000] {processor.py:179} INFO - Processing /home/airflow/.local/lib/python3.8/site-packages/airflow/example_dags/example_params_trigger_ui.py took 0.081 seconds
[2023-11-22T21:01:34.765+0000] {processor.py:157} INFO - Started process (PID=11977) to work on /home/airflow/.local/lib/python3.8/site-packages/airflow/example_dags/example_params_trigger_ui.py
[2023-11-22T21:01:34.766+0000] {processor.py:829} INFO - Processing file /home/airflow/.local/lib/python3.8/site-packages/airflow/example_dags/example_params_trigger_ui.py for tasks to queue
[2023-11-22T21:01:34.767+0000] {logging_mixin.py:154} INFO - [2023-11-22T21:01:34.767+0000] {dagbag.py:536} INFO - Filling up the DagBag from /home/airflow/.local/lib/python3.8/site-packages/airflow/example_dags/example_params_trigger_ui.py
[2023-11-22T21:01:34.786+0000] {processor.py:839} INFO - DAG(s) dict_keys(['example_params_trigger_ui']) retrieved from /home/airflow/.local/lib/python3.8/site-packages/airflow/example_dags/example_params_trigger_ui.py
[2023-11-22T21:01:34.850+0000] {logging_mixin.py:154} INFO - [2023-11-22T21:01:34.850+0000] {dag.py:2941} INFO - Sync 1 DAGs
[2023-11-22T21:01:34.864+0000] {logging_mixin.py:154} INFO - [2023-11-22T21:01:34.864+0000] {dag.py:3722} INFO - Setting next_dagrun for example_params_trigger_ui to None, run_after=None
[2023-11-22T21:01:34.884+0000] {processor.py:179} INFO - Processing /home/airflow/.local/lib/python3.8/site-packages/airflow/example_dags/example_params_trigger_ui.py took 0.123 seconds
[2023-11-22T21:02:05.337+0000] {processor.py:157} INFO - Started process (PID=12215) to work on /home/airflow/.local/lib/python3.8/site-packages/airflow/example_dags/example_params_trigger_ui.py
[2023-11-22T21:02:05.339+0000] {processor.py:829} INFO - Processing file /home/airflow/.local/lib/python3.8/site-packages/airflow/example_dags/example_params_trigger_ui.py for tasks to queue
[2023-11-22T21:02:05.341+0000] {logging_mixin.py:154} INFO - [2023-11-22T21:02:05.340+0000] {dagbag.py:536} INFO - Filling up the DagBag from /home/airflow/.local/lib/python3.8/site-packages/airflow/example_dags/example_params_trigger_ui.py
[2023-11-22T21:02:05.379+0000] {processor.py:839} INFO - DAG(s) dict_keys(['example_params_trigger_ui']) retrieved from /home/airflow/.local/lib/python3.8/site-packages/airflow/example_dags/example_params_trigger_ui.py
[2023-11-22T21:02:05.444+0000] {logging_mixin.py:154} INFO - [2023-11-22T21:02:05.443+0000] {dag.py:2941} INFO - Sync 1 DAGs
[2023-11-22T21:02:05.455+0000] {logging_mixin.py:154} INFO - [2023-11-22T21:02:05.455+0000] {dag.py:3722} INFO - Setting next_dagrun for example_params_trigger_ui to None, run_after=None
[2023-11-22T21:02:05.469+0000] {processor.py:179} INFO - Processing /home/airflow/.local/lib/python3.8/site-packages/airflow/example_dags/example_params_trigger_ui.py took 0.137 seconds
[2023-11-22T21:02:36.350+0000] {processor.py:157} INFO - Started process (PID=12455) to work on /home/airflow/.local/lib/python3.8/site-packages/airflow/example_dags/example_params_trigger_ui.py
[2023-11-22T21:02:36.351+0000] {processor.py:829} INFO - Processing file /home/airflow/.local/lib/python3.8/site-packages/airflow/example_dags/example_params_trigger_ui.py for tasks to queue
[2023-11-22T21:02:36.352+0000] {logging_mixin.py:154} INFO - [2023-11-22T21:02:36.352+0000] {dagbag.py:536} INFO - Filling up the DagBag from /home/airflow/.local/lib/python3.8/site-packages/airflow/example_dags/example_params_trigger_ui.py
[2023-11-22T21:02:36.366+0000] {processor.py:839} INFO - DAG(s) dict_keys(['example_params_trigger_ui']) retrieved from /home/airflow/.local/lib/python3.8/site-packages/airflow/example_dags/example_params_trigger_ui.py
[2023-11-22T21:02:36.404+0000] {logging_mixin.py:154} INFO - [2023-11-22T21:02:36.404+0000] {dag.py:2941} INFO - Sync 1 DAGs
[2023-11-22T21:02:36.414+0000] {logging_mixin.py:154} INFO - [2023-11-22T21:02:36.414+0000] {dag.py:3722} INFO - Setting next_dagrun for example_params_trigger_ui to None, run_after=None
[2023-11-22T21:02:36.428+0000] {processor.py:179} INFO - Processing /home/airflow/.local/lib/python3.8/site-packages/airflow/example_dags/example_params_trigger_ui.py took 0.081 seconds
[2023-11-22T21:03:06.593+0000] {processor.py:157} INFO - Started process (PID=12693) to work on /home/airflow/.local/lib/python3.8/site-packages/airflow/example_dags/example_params_trigger_ui.py
[2023-11-22T21:03:06.594+0000] {processor.py:829} INFO - Processing file /home/airflow/.local/lib/python3.8/site-packages/airflow/example_dags/example_params_trigger_ui.py for tasks to queue
[2023-11-22T21:03:06.595+0000] {logging_mixin.py:154} INFO - [2023-11-22T21:03:06.594+0000] {dagbag.py:536} INFO - Filling up the DagBag from /home/airflow/.local/lib/python3.8/site-packages/airflow/example_dags/example_params_trigger_ui.py
[2023-11-22T21:03:06.608+0000] {processor.py:839} INFO - DAG(s) dict_keys(['example_params_trigger_ui']) retrieved from /home/airflow/.local/lib/python3.8/site-packages/airflow/example_dags/example_params_trigger_ui.py
[2023-11-22T21:03:06.647+0000] {logging_mixin.py:154} INFO - [2023-11-22T21:03:06.647+0000] {dag.py:2941} INFO - Sync 1 DAGs
[2023-11-22T21:03:06.657+0000] {logging_mixin.py:154} INFO - [2023-11-22T21:03:06.657+0000] {dag.py:3722} INFO - Setting next_dagrun for example_params_trigger_ui to None, run_after=None
[2023-11-22T21:03:06.670+0000] {processor.py:179} INFO - Processing /home/airflow/.local/lib/python3.8/site-packages/airflow/example_dags/example_params_trigger_ui.py took 0.081 seconds
[2023-11-22T21:03:37.541+0000] {processor.py:157} INFO - Started process (PID=12931) to work on /home/airflow/.local/lib/python3.8/site-packages/airflow/example_dags/example_params_trigger_ui.py
[2023-11-22T21:03:37.542+0000] {processor.py:829} INFO - Processing file /home/airflow/.local/lib/python3.8/site-packages/airflow/example_dags/example_params_trigger_ui.py for tasks to queue
[2023-11-22T21:03:37.543+0000] {logging_mixin.py:154} INFO - [2023-11-22T21:03:37.543+0000] {dagbag.py:536} INFO - Filling up the DagBag from /home/airflow/.local/lib/python3.8/site-packages/airflow/example_dags/example_params_trigger_ui.py
[2023-11-22T21:03:37.559+0000] {processor.py:839} INFO - DAG(s) dict_keys(['example_params_trigger_ui']) retrieved from /home/airflow/.local/lib/python3.8/site-packages/airflow/example_dags/example_params_trigger_ui.py
[2023-11-22T21:03:37.601+0000] {logging_mixin.py:154} INFO - [2023-11-22T21:03:37.600+0000] {dag.py:2941} INFO - Sync 1 DAGs
[2023-11-22T21:03:37.611+0000] {logging_mixin.py:154} INFO - [2023-11-22T21:03:37.611+0000] {dag.py:3722} INFO - Setting next_dagrun for example_params_trigger_ui to None, run_after=None
[2023-11-22T21:03:37.626+0000] {processor.py:179} INFO - Processing /home/airflow/.local/lib/python3.8/site-packages/airflow/example_dags/example_params_trigger_ui.py took 0.088 seconds
[2023-11-22T21:04:08.029+0000] {processor.py:157} INFO - Started process (PID=13169) to work on /home/airflow/.local/lib/python3.8/site-packages/airflow/example_dags/example_params_trigger_ui.py
[2023-11-22T21:04:08.030+0000] {processor.py:829} INFO - Processing file /home/airflow/.local/lib/python3.8/site-packages/airflow/example_dags/example_params_trigger_ui.py for tasks to queue
[2023-11-22T21:04:08.031+0000] {logging_mixin.py:154} INFO - [2023-11-22T21:04:08.030+0000] {dagbag.py:536} INFO - Filling up the DagBag from /home/airflow/.local/lib/python3.8/site-packages/airflow/example_dags/example_params_trigger_ui.py
[2023-11-22T21:04:08.045+0000] {processor.py:839} INFO - DAG(s) dict_keys(['example_params_trigger_ui']) retrieved from /home/airflow/.local/lib/python3.8/site-packages/airflow/example_dags/example_params_trigger_ui.py
[2023-11-22T21:04:08.086+0000] {logging_mixin.py:154} INFO - [2023-11-22T21:04:08.086+0000] {dag.py:2941} INFO - Sync 1 DAGs
[2023-11-22T21:04:08.096+0000] {logging_mixin.py:154} INFO - [2023-11-22T21:04:08.096+0000] {dag.py:3722} INFO - Setting next_dagrun for example_params_trigger_ui to None, run_after=None
[2023-11-22T21:04:08.114+0000] {processor.py:179} INFO - Processing /home/airflow/.local/lib/python3.8/site-packages/airflow/example_dags/example_params_trigger_ui.py took 0.088 seconds
[2023-11-22T21:04:38.683+0000] {processor.py:157} INFO - Started process (PID=13407) to work on /home/airflow/.local/lib/python3.8/site-packages/airflow/example_dags/example_params_trigger_ui.py
[2023-11-22T21:04:38.684+0000] {processor.py:829} INFO - Processing file /home/airflow/.local/lib/python3.8/site-packages/airflow/example_dags/example_params_trigger_ui.py for tasks to queue
[2023-11-22T21:04:38.684+0000] {logging_mixin.py:154} INFO - [2023-11-22T21:04:38.684+0000] {dagbag.py:536} INFO - Filling up the DagBag from /home/airflow/.local/lib/python3.8/site-packages/airflow/example_dags/example_params_trigger_ui.py
[2023-11-22T21:04:38.699+0000] {processor.py:839} INFO - DAG(s) dict_keys(['example_params_trigger_ui']) retrieved from /home/airflow/.local/lib/python3.8/site-packages/airflow/example_dags/example_params_trigger_ui.py
[2023-11-22T21:04:38.737+0000] {logging_mixin.py:154} INFO - [2023-11-22T21:04:38.737+0000] {dag.py:2941} INFO - Sync 1 DAGs
[2023-11-22T21:04:38.748+0000] {logging_mixin.py:154} INFO - [2023-11-22T21:04:38.748+0000] {dag.py:3722} INFO - Setting next_dagrun for example_params_trigger_ui to None, run_after=None
[2023-11-22T21:04:38.762+0000] {processor.py:179} INFO - Processing /home/airflow/.local/lib/python3.8/site-packages/airflow/example_dags/example_params_trigger_ui.py took 0.082 seconds
[2023-11-22T21:05:09.221+0000] {processor.py:157} INFO - Started process (PID=13645) to work on /home/airflow/.local/lib/python3.8/site-packages/airflow/example_dags/example_params_trigger_ui.py
[2023-11-22T21:05:09.222+0000] {processor.py:829} INFO - Processing file /home/airflow/.local/lib/python3.8/site-packages/airflow/example_dags/example_params_trigger_ui.py for tasks to queue
[2023-11-22T21:05:09.223+0000] {logging_mixin.py:154} INFO - [2023-11-22T21:05:09.223+0000] {dagbag.py:536} INFO - Filling up the DagBag from /home/airflow/.local/lib/python3.8/site-packages/airflow/example_dags/example_params_trigger_ui.py
[2023-11-22T21:05:09.237+0000] {processor.py:839} INFO - DAG(s) dict_keys(['example_params_trigger_ui']) retrieved from /home/airflow/.local/lib/python3.8/site-packages/airflow/example_dags/example_params_trigger_ui.py
[2023-11-22T21:05:09.275+0000] {logging_mixin.py:154} INFO - [2023-11-22T21:05:09.275+0000] {dag.py:2941} INFO - Sync 1 DAGs
[2023-11-22T21:05:09.285+0000] {logging_mixin.py:154} INFO - [2023-11-22T21:05:09.285+0000] {dag.py:3722} INFO - Setting next_dagrun for example_params_trigger_ui to None, run_after=None
[2023-11-22T21:05:09.300+0000] {processor.py:179} INFO - Processing /home/airflow/.local/lib/python3.8/site-packages/airflow/example_dags/example_params_trigger_ui.py took 0.082 seconds
[2023-11-22T21:05:39.890+0000] {processor.py:157} INFO - Started process (PID=13880) to work on /home/airflow/.local/lib/python3.8/site-packages/airflow/example_dags/example_params_trigger_ui.py
[2023-11-22T21:05:39.892+0000] {processor.py:829} INFO - Processing file /home/airflow/.local/lib/python3.8/site-packages/airflow/example_dags/example_params_trigger_ui.py for tasks to queue
[2023-11-22T21:05:39.893+0000] {logging_mixin.py:154} INFO - [2023-11-22T21:05:39.892+0000] {dagbag.py:536} INFO - Filling up the DagBag from /home/airflow/.local/lib/python3.8/site-packages/airflow/example_dags/example_params_trigger_ui.py
[2023-11-22T21:05:39.912+0000] {processor.py:839} INFO - DAG(s) dict_keys(['example_params_trigger_ui']) retrieved from /home/airflow/.local/lib/python3.8/site-packages/airflow/example_dags/example_params_trigger_ui.py
[2023-11-22T21:05:39.961+0000] {logging_mixin.py:154} INFO - [2023-11-22T21:05:39.961+0000] {dag.py:2941} INFO - Sync 1 DAGs
[2023-11-22T21:05:39.974+0000] {logging_mixin.py:154} INFO - [2023-11-22T21:05:39.974+0000] {dag.py:3722} INFO - Setting next_dagrun for example_params_trigger_ui to None, run_after=None
[2023-11-22T21:05:39.991+0000] {processor.py:179} INFO - Processing /home/airflow/.local/lib/python3.8/site-packages/airflow/example_dags/example_params_trigger_ui.py took 0.109 seconds
[2023-11-22T21:06:10.145+0000] {processor.py:157} INFO - Started process (PID=14120) to work on /home/airflow/.local/lib/python3.8/site-packages/airflow/example_dags/example_params_trigger_ui.py
[2023-11-22T21:06:10.146+0000] {processor.py:829} INFO - Processing file /home/airflow/.local/lib/python3.8/site-packages/airflow/example_dags/example_params_trigger_ui.py for tasks to queue
[2023-11-22T21:06:10.147+0000] {logging_mixin.py:154} INFO - [2023-11-22T21:06:10.146+0000] {dagbag.py:536} INFO - Filling up the DagBag from /home/airflow/.local/lib/python3.8/site-packages/airflow/example_dags/example_params_trigger_ui.py
[2023-11-22T21:06:10.163+0000] {processor.py:839} INFO - DAG(s) dict_keys(['example_params_trigger_ui']) retrieved from /home/airflow/.local/lib/python3.8/site-packages/airflow/example_dags/example_params_trigger_ui.py
[2023-11-22T21:06:10.210+0000] {logging_mixin.py:154} INFO - [2023-11-22T21:06:10.210+0000] {dag.py:2941} INFO - Sync 1 DAGs
[2023-11-22T21:06:10.223+0000] {logging_mixin.py:154} INFO - [2023-11-22T21:06:10.223+0000] {dag.py:3722} INFO - Setting next_dagrun for example_params_trigger_ui to None, run_after=None
[2023-11-22T21:06:10.238+0000] {processor.py:179} INFO - Processing /home/airflow/.local/lib/python3.8/site-packages/airflow/example_dags/example_params_trigger_ui.py took 0.096 seconds
[2023-11-22T21:06:41.170+0000] {processor.py:157} INFO - Started process (PID=14358) to work on /home/airflow/.local/lib/python3.8/site-packages/airflow/example_dags/example_params_trigger_ui.py
[2023-11-22T21:06:41.171+0000] {processor.py:829} INFO - Processing file /home/airflow/.local/lib/python3.8/site-packages/airflow/example_dags/example_params_trigger_ui.py for tasks to queue
[2023-11-22T21:06:41.172+0000] {logging_mixin.py:154} INFO - [2023-11-22T21:06:41.172+0000] {dagbag.py:536} INFO - Filling up the DagBag from /home/airflow/.local/lib/python3.8/site-packages/airflow/example_dags/example_params_trigger_ui.py
[2023-11-22T21:06:41.187+0000] {processor.py:839} INFO - DAG(s) dict_keys(['example_params_trigger_ui']) retrieved from /home/airflow/.local/lib/python3.8/site-packages/airflow/example_dags/example_params_trigger_ui.py
[2023-11-22T21:06:41.228+0000] {logging_mixin.py:154} INFO - [2023-11-22T21:06:41.228+0000] {dag.py:2941} INFO - Sync 1 DAGs
[2023-11-22T21:06:41.239+0000] {logging_mixin.py:154} INFO - [2023-11-22T21:06:41.238+0000] {dag.py:3722} INFO - Setting next_dagrun for example_params_trigger_ui to None, run_after=None
[2023-11-22T21:06:41.262+0000] {processor.py:179} INFO - Processing /home/airflow/.local/lib/python3.8/site-packages/airflow/example_dags/example_params_trigger_ui.py took 0.095 seconds
[2023-11-22T21:07:12.126+0000] {processor.py:157} INFO - Started process (PID=14596) to work on /home/airflow/.local/lib/python3.8/site-packages/airflow/example_dags/example_params_trigger_ui.py
[2023-11-22T21:07:12.127+0000] {processor.py:829} INFO - Processing file /home/airflow/.local/lib/python3.8/site-packages/airflow/example_dags/example_params_trigger_ui.py for tasks to queue
[2023-11-22T21:07:12.128+0000] {logging_mixin.py:154} INFO - [2023-11-22T21:07:12.128+0000] {dagbag.py:536} INFO - Filling up the DagBag from /home/airflow/.local/lib/python3.8/site-packages/airflow/example_dags/example_params_trigger_ui.py
[2023-11-22T21:07:12.144+0000] {processor.py:839} INFO - DAG(s) dict_keys(['example_params_trigger_ui']) retrieved from /home/airflow/.local/lib/python3.8/site-packages/airflow/example_dags/example_params_trigger_ui.py
[2023-11-22T21:07:12.188+0000] {logging_mixin.py:154} INFO - [2023-11-22T21:07:12.188+0000] {dag.py:2941} INFO - Sync 1 DAGs
[2023-11-22T21:07:12.203+0000] {logging_mixin.py:154} INFO - [2023-11-22T21:07:12.203+0000] {dag.py:3722} INFO - Setting next_dagrun for example_params_trigger_ui to None, run_after=None
[2023-11-22T21:07:12.223+0000] {processor.py:179} INFO - Processing /home/airflow/.local/lib/python3.8/site-packages/airflow/example_dags/example_params_trigger_ui.py took 0.100 seconds
[2023-11-22T21:07:42.284+0000] {processor.py:157} INFO - Started process (PID=14834) to work on /home/airflow/.local/lib/python3.8/site-packages/airflow/example_dags/example_params_trigger_ui.py
[2023-11-22T21:07:42.285+0000] {processor.py:829} INFO - Processing file /home/airflow/.local/lib/python3.8/site-packages/airflow/example_dags/example_params_trigger_ui.py for tasks to queue
[2023-11-22T21:07:42.285+0000] {logging_mixin.py:154} INFO - [2023-11-22T21:07:42.285+0000] {dagbag.py:536} INFO - Filling up the DagBag from /home/airflow/.local/lib/python3.8/site-packages/airflow/example_dags/example_params_trigger_ui.py
[2023-11-22T21:07:42.300+0000] {processor.py:839} INFO - DAG(s) dict_keys(['example_params_trigger_ui']) retrieved from /home/airflow/.local/lib/python3.8/site-packages/airflow/example_dags/example_params_trigger_ui.py
[2023-11-22T21:07:42.338+0000] {logging_mixin.py:154} INFO - [2023-11-22T21:07:42.337+0000] {dag.py:2941} INFO - Sync 1 DAGs
[2023-11-22T21:07:42.347+0000] {logging_mixin.py:154} INFO - [2023-11-22T21:07:42.347+0000] {dag.py:3722} INFO - Setting next_dagrun for example_params_trigger_ui to None, run_after=None
[2023-11-22T21:07:42.360+0000] {processor.py:179} INFO - Processing /home/airflow/.local/lib/python3.8/site-packages/airflow/example_dags/example_params_trigger_ui.py took 0.079 seconds
[2023-11-22T21:08:13.058+0000] {processor.py:157} INFO - Started process (PID=15072) to work on /home/airflow/.local/lib/python3.8/site-packages/airflow/example_dags/example_params_trigger_ui.py
[2023-11-22T21:08:13.059+0000] {processor.py:829} INFO - Processing file /home/airflow/.local/lib/python3.8/site-packages/airflow/example_dags/example_params_trigger_ui.py for tasks to queue
[2023-11-22T21:08:13.060+0000] {logging_mixin.py:154} INFO - [2023-11-22T21:08:13.059+0000] {dagbag.py:536} INFO - Filling up the DagBag from /home/airflow/.local/lib/python3.8/site-packages/airflow/example_dags/example_params_trigger_ui.py
[2023-11-22T21:08:13.074+0000] {processor.py:839} INFO - DAG(s) dict_keys(['example_params_trigger_ui']) retrieved from /home/airflow/.local/lib/python3.8/site-packages/airflow/example_dags/example_params_trigger_ui.py
[2023-11-22T21:08:13.113+0000] {logging_mixin.py:154} INFO - [2023-11-22T21:08:13.113+0000] {dag.py:2941} INFO - Sync 1 DAGs
[2023-11-22T21:08:13.132+0000] {logging_mixin.py:154} INFO - [2023-11-22T21:08:13.132+0000] {dag.py:3722} INFO - Setting next_dagrun for example_params_trigger_ui to None, run_after=None
[2023-11-22T21:08:13.151+0000] {processor.py:179} INFO - Processing /home/airflow/.local/lib/python3.8/site-packages/airflow/example_dags/example_params_trigger_ui.py took 0.096 seconds
[2023-11-22T21:08:43.392+0000] {processor.py:157} INFO - Started process (PID=15308) to work on /home/airflow/.local/lib/python3.8/site-packages/airflow/example_dags/example_params_trigger_ui.py
[2023-11-22T21:08:43.397+0000] {processor.py:829} INFO - Processing file /home/airflow/.local/lib/python3.8/site-packages/airflow/example_dags/example_params_trigger_ui.py for tasks to queue
[2023-11-22T21:08:43.399+0000] {logging_mixin.py:154} INFO - [2023-11-22T21:08:43.399+0000] {dagbag.py:536} INFO - Filling up the DagBag from /home/airflow/.local/lib/python3.8/site-packages/airflow/example_dags/example_params_trigger_ui.py
[2023-11-22T21:08:43.425+0000] {processor.py:839} INFO - DAG(s) dict_keys(['example_params_trigger_ui']) retrieved from /home/airflow/.local/lib/python3.8/site-packages/airflow/example_dags/example_params_trigger_ui.py
[2023-11-22T21:08:43.491+0000] {logging_mixin.py:154} INFO - [2023-11-22T21:08:43.491+0000] {dag.py:2941} INFO - Sync 1 DAGs
[2023-11-22T21:08:43.507+0000] {logging_mixin.py:154} INFO - [2023-11-22T21:08:43.506+0000] {dag.py:3722} INFO - Setting next_dagrun for example_params_trigger_ui to None, run_after=None
[2023-11-22T21:08:43.535+0000] {processor.py:179} INFO - Processing /home/airflow/.local/lib/python3.8/site-packages/airflow/example_dags/example_params_trigger_ui.py took 0.149 seconds
[2023-11-22T21:09:43.289+0000] {processor.py:157} INFO - Started process (PID=307) to work on /home/airflow/.local/lib/python3.8/site-packages/airflow/example_dags/example_params_trigger_ui.py
[2023-11-22T21:09:43.291+0000] {processor.py:829} INFO - Processing file /home/airflow/.local/lib/python3.8/site-packages/airflow/example_dags/example_params_trigger_ui.py for tasks to queue
[2023-11-22T21:09:43.293+0000] {logging_mixin.py:154} INFO - [2023-11-22T21:09:43.293+0000] {dagbag.py:536} INFO - Filling up the DagBag from /home/airflow/.local/lib/python3.8/site-packages/airflow/example_dags/example_params_trigger_ui.py
[2023-11-22T21:09:43.319+0000] {processor.py:839} INFO - DAG(s) dict_keys(['example_params_trigger_ui']) retrieved from /home/airflow/.local/lib/python3.8/site-packages/airflow/example_dags/example_params_trigger_ui.py
[2023-11-22T21:09:43.347+0000] {logging_mixin.py:154} INFO - [2023-11-22T21:09:43.346+0000] {dag.py:2941} INFO - Sync 1 DAGs
[2023-11-22T21:09:43.364+0000] {logging_mixin.py:154} INFO - [2023-11-22T21:09:43.364+0000] {dag.py:3722} INFO - Setting next_dagrun for example_params_trigger_ui to None, run_after=None
[2023-11-22T21:09:43.384+0000] {processor.py:179} INFO - Processing /home/airflow/.local/lib/python3.8/site-packages/airflow/example_dags/example_params_trigger_ui.py took 0.099 seconds
[2023-11-22T21:10:13.455+0000] {processor.py:157} INFO - Started process (PID=546) to work on /home/airflow/.local/lib/python3.8/site-packages/airflow/example_dags/example_params_trigger_ui.py
[2023-11-22T21:10:13.456+0000] {processor.py:829} INFO - Processing file /home/airflow/.local/lib/python3.8/site-packages/airflow/example_dags/example_params_trigger_ui.py for tasks to queue
[2023-11-22T21:10:13.457+0000] {logging_mixin.py:154} INFO - [2023-11-22T21:10:13.457+0000] {dagbag.py:536} INFO - Filling up the DagBag from /home/airflow/.local/lib/python3.8/site-packages/airflow/example_dags/example_params_trigger_ui.py
[2023-11-22T21:10:13.472+0000] {processor.py:839} INFO - DAG(s) dict_keys(['example_params_trigger_ui']) retrieved from /home/airflow/.local/lib/python3.8/site-packages/airflow/example_dags/example_params_trigger_ui.py
[2023-11-22T21:10:13.513+0000] {logging_mixin.py:154} INFO - [2023-11-22T21:10:13.512+0000] {dag.py:2941} INFO - Sync 1 DAGs
[2023-11-22T21:10:13.522+0000] {logging_mixin.py:154} INFO - [2023-11-22T21:10:13.522+0000] {dag.py:3722} INFO - Setting next_dagrun for example_params_trigger_ui to None, run_after=None
[2023-11-22T21:10:13.535+0000] {processor.py:179} INFO - Processing /home/airflow/.local/lib/python3.8/site-packages/airflow/example_dags/example_params_trigger_ui.py took 0.083 seconds
