[2023-11-22T19:30:04.396+0000] {processor.py:157} INFO - Started process (PID=202) to work on /home/airflow/.local/lib/python3.8/site-packages/airflow/example_dags/example_short_circuit_operator.py
[2023-11-22T19:30:04.398+0000] {processor.py:829} INFO - Processing file /home/airflow/.local/lib/python3.8/site-packages/airflow/example_dags/example_short_circuit_operator.py for tasks to queue
[2023-11-22T19:30:04.399+0000] {logging_mixin.py:154} INFO - [2023-11-22T19:30:04.399+0000] {dagbag.py:536} INFO - Filling up the DagBag from /home/airflow/.local/lib/python3.8/site-packages/airflow/example_dags/example_short_circuit_operator.py
[2023-11-22T19:30:04.422+0000] {processor.py:839} INFO - DAG(s) dict_keys(['example_short_circuit_operator']) retrieved from /home/airflow/.local/lib/python3.8/site-packages/airflow/example_dags/example_short_circuit_operator.py
[2023-11-22T19:30:04.447+0000] {logging_mixin.py:154} INFO - [2023-11-22T19:30:04.447+0000] {dag.py:2941} INFO - Sync 1 DAGs
[2023-11-22T19:30:04.480+0000] {logging_mixin.py:154} INFO - [2023-11-22T19:30:04.479+0000] {dag.py:3722} INFO - Setting next_dagrun for example_short_circuit_operator to 2023-11-21T19:30:04.479483+00:00, run_after=2023-11-22T19:30:04.479483+00:00
[2023-11-22T19:30:04.523+0000] {processor.py:179} INFO - Processing /home/airflow/.local/lib/python3.8/site-packages/airflow/example_dags/example_short_circuit_operator.py took 0.130 seconds
[2023-11-22T19:30:34.826+0000] {processor.py:157} INFO - Started process (PID=442) to work on /home/airflow/.local/lib/python3.8/site-packages/airflow/example_dags/example_short_circuit_operator.py
[2023-11-22T19:30:34.827+0000] {processor.py:829} INFO - Processing file /home/airflow/.local/lib/python3.8/site-packages/airflow/example_dags/example_short_circuit_operator.py for tasks to queue
[2023-11-22T19:30:34.828+0000] {logging_mixin.py:154} INFO - [2023-11-22T19:30:34.827+0000] {dagbag.py:536} INFO - Filling up the DagBag from /home/airflow/.local/lib/python3.8/site-packages/airflow/example_dags/example_short_circuit_operator.py
[2023-11-22T19:30:34.835+0000] {processor.py:839} INFO - DAG(s) dict_keys(['example_short_circuit_operator']) retrieved from /home/airflow/.local/lib/python3.8/site-packages/airflow/example_dags/example_short_circuit_operator.py
[2023-11-22T19:30:34.857+0000] {logging_mixin.py:154} INFO - [2023-11-22T19:30:34.857+0000] {dag.py:2941} INFO - Sync 1 DAGs
[2023-11-22T19:30:34.873+0000] {logging_mixin.py:154} INFO - [2023-11-22T19:30:34.873+0000] {dag.py:3722} INFO - Setting next_dagrun for example_short_circuit_operator to 2023-11-21T19:30:34.873114+00:00, run_after=2023-11-22T19:30:34.873114+00:00
[2023-11-22T19:30:34.889+0000] {processor.py:179} INFO - Processing /home/airflow/.local/lib/python3.8/site-packages/airflow/example_dags/example_short_circuit_operator.py took 0.066 seconds
[2023-11-22T19:31:05.514+0000] {processor.py:157} INFO - Started process (PID=680) to work on /home/airflow/.local/lib/python3.8/site-packages/airflow/example_dags/example_short_circuit_operator.py
[2023-11-22T19:31:05.515+0000] {processor.py:829} INFO - Processing file /home/airflow/.local/lib/python3.8/site-packages/airflow/example_dags/example_short_circuit_operator.py for tasks to queue
[2023-11-22T19:31:05.516+0000] {logging_mixin.py:154} INFO - [2023-11-22T19:31:05.516+0000] {dagbag.py:536} INFO - Filling up the DagBag from /home/airflow/.local/lib/python3.8/site-packages/airflow/example_dags/example_short_circuit_operator.py
[2023-11-22T19:31:05.523+0000] {processor.py:839} INFO - DAG(s) dict_keys(['example_short_circuit_operator']) retrieved from /home/airflow/.local/lib/python3.8/site-packages/airflow/example_dags/example_short_circuit_operator.py
[2023-11-22T19:31:05.545+0000] {logging_mixin.py:154} INFO - [2023-11-22T19:31:05.545+0000] {dag.py:2941} INFO - Sync 1 DAGs
[2023-11-22T19:31:05.560+0000] {logging_mixin.py:154} INFO - [2023-11-22T19:31:05.560+0000] {dag.py:3722} INFO - Setting next_dagrun for example_short_circuit_operator to 2023-11-21T19:31:05.560514+00:00, run_after=2023-11-22T19:31:05.560514+00:00
[2023-11-22T19:31:05.573+0000] {processor.py:179} INFO - Processing /home/airflow/.local/lib/python3.8/site-packages/airflow/example_dags/example_short_circuit_operator.py took 0.062 seconds
[2023-11-22T19:31:35.918+0000] {processor.py:157} INFO - Started process (PID=916) to work on /home/airflow/.local/lib/python3.8/site-packages/airflow/example_dags/example_short_circuit_operator.py
[2023-11-22T19:31:35.918+0000] {processor.py:829} INFO - Processing file /home/airflow/.local/lib/python3.8/site-packages/airflow/example_dags/example_short_circuit_operator.py for tasks to queue
[2023-11-22T19:31:35.919+0000] {logging_mixin.py:154} INFO - [2023-11-22T19:31:35.919+0000] {dagbag.py:536} INFO - Filling up the DagBag from /home/airflow/.local/lib/python3.8/site-packages/airflow/example_dags/example_short_circuit_operator.py
[2023-11-22T19:31:35.926+0000] {processor.py:839} INFO - DAG(s) dict_keys(['example_short_circuit_operator']) retrieved from /home/airflow/.local/lib/python3.8/site-packages/airflow/example_dags/example_short_circuit_operator.py
[2023-11-22T19:31:35.948+0000] {logging_mixin.py:154} INFO - [2023-11-22T19:31:35.948+0000] {dag.py:2941} INFO - Sync 1 DAGs
[2023-11-22T19:31:35.965+0000] {logging_mixin.py:154} INFO - [2023-11-22T19:31:35.964+0000] {dag.py:3722} INFO - Setting next_dagrun for example_short_circuit_operator to 2023-11-21T19:31:35.964641+00:00, run_after=2023-11-22T19:31:35.964641+00:00
[2023-11-22T19:31:35.979+0000] {processor.py:179} INFO - Processing /home/airflow/.local/lib/python3.8/site-packages/airflow/example_dags/example_short_circuit_operator.py took 0.064 seconds
[2023-11-22T19:32:06.276+0000] {processor.py:157} INFO - Started process (PID=1154) to work on /home/airflow/.local/lib/python3.8/site-packages/airflow/example_dags/example_short_circuit_operator.py
[2023-11-22T19:32:06.277+0000] {processor.py:829} INFO - Processing file /home/airflow/.local/lib/python3.8/site-packages/airflow/example_dags/example_short_circuit_operator.py for tasks to queue
[2023-11-22T19:32:06.277+0000] {logging_mixin.py:154} INFO - [2023-11-22T19:32:06.277+0000] {dagbag.py:536} INFO - Filling up the DagBag from /home/airflow/.local/lib/python3.8/site-packages/airflow/example_dags/example_short_circuit_operator.py
[2023-11-22T19:32:06.285+0000] {processor.py:839} INFO - DAG(s) dict_keys(['example_short_circuit_operator']) retrieved from /home/airflow/.local/lib/python3.8/site-packages/airflow/example_dags/example_short_circuit_operator.py
[2023-11-22T19:32:06.307+0000] {logging_mixin.py:154} INFO - [2023-11-22T19:32:06.307+0000] {dag.py:2941} INFO - Sync 1 DAGs
[2023-11-22T19:32:06.324+0000] {logging_mixin.py:154} INFO - [2023-11-22T19:32:06.324+0000] {dag.py:3722} INFO - Setting next_dagrun for example_short_circuit_operator to 2023-11-21T19:32:06.324104+00:00, run_after=2023-11-22T19:32:06.324104+00:00
[2023-11-22T19:32:06.337+0000] {processor.py:179} INFO - Processing /home/airflow/.local/lib/python3.8/site-packages/airflow/example_dags/example_short_circuit_operator.py took 0.064 seconds
[2023-11-22T19:32:37.027+0000] {processor.py:157} INFO - Started process (PID=1394) to work on /home/airflow/.local/lib/python3.8/site-packages/airflow/example_dags/example_short_circuit_operator.py
[2023-11-22T19:32:37.029+0000] {processor.py:829} INFO - Processing file /home/airflow/.local/lib/python3.8/site-packages/airflow/example_dags/example_short_circuit_operator.py for tasks to queue
[2023-11-22T19:32:37.031+0000] {logging_mixin.py:154} INFO - [2023-11-22T19:32:37.030+0000] {dagbag.py:536} INFO - Filling up the DagBag from /home/airflow/.local/lib/python3.8/site-packages/airflow/example_dags/example_short_circuit_operator.py
[2023-11-22T19:32:37.043+0000] {processor.py:839} INFO - DAG(s) dict_keys(['example_short_circuit_operator']) retrieved from /home/airflow/.local/lib/python3.8/site-packages/airflow/example_dags/example_short_circuit_operator.py
[2023-11-22T19:32:37.075+0000] {logging_mixin.py:154} INFO - [2023-11-22T19:32:37.075+0000] {dag.py:2941} INFO - Sync 1 DAGs
[2023-11-22T19:32:37.096+0000] {logging_mixin.py:154} INFO - [2023-11-22T19:32:37.096+0000] {dag.py:3722} INFO - Setting next_dagrun for example_short_circuit_operator to 2023-11-21T19:32:37.095817+00:00, run_after=2023-11-22T19:32:37.095817+00:00
[2023-11-22T19:32:37.111+0000] {processor.py:179} INFO - Processing /home/airflow/.local/lib/python3.8/site-packages/airflow/example_dags/example_short_circuit_operator.py took 0.088 seconds
[2023-11-22T19:33:08.041+0000] {processor.py:157} INFO - Started process (PID=1632) to work on /home/airflow/.local/lib/python3.8/site-packages/airflow/example_dags/example_short_circuit_operator.py
[2023-11-22T19:33:08.041+0000] {processor.py:829} INFO - Processing file /home/airflow/.local/lib/python3.8/site-packages/airflow/example_dags/example_short_circuit_operator.py for tasks to queue
[2023-11-22T19:33:08.042+0000] {logging_mixin.py:154} INFO - [2023-11-22T19:33:08.042+0000] {dagbag.py:536} INFO - Filling up the DagBag from /home/airflow/.local/lib/python3.8/site-packages/airflow/example_dags/example_short_circuit_operator.py
[2023-11-22T19:33:08.049+0000] {processor.py:839} INFO - DAG(s) dict_keys(['example_short_circuit_operator']) retrieved from /home/airflow/.local/lib/python3.8/site-packages/airflow/example_dags/example_short_circuit_operator.py
[2023-11-22T19:33:08.072+0000] {logging_mixin.py:154} INFO - [2023-11-22T19:33:08.072+0000] {dag.py:2941} INFO - Sync 1 DAGs
[2023-11-22T19:33:08.089+0000] {logging_mixin.py:154} INFO - [2023-11-22T19:33:08.089+0000] {dag.py:3722} INFO - Setting next_dagrun for example_short_circuit_operator to 2023-11-21T19:33:08.088964+00:00, run_after=2023-11-22T19:33:08.088964+00:00
[2023-11-22T19:33:08.105+0000] {processor.py:179} INFO - Processing /home/airflow/.local/lib/python3.8/site-packages/airflow/example_dags/example_short_circuit_operator.py took 0.068 seconds
[2023-11-22T19:33:38.430+0000] {processor.py:157} INFO - Started process (PID=1870) to work on /home/airflow/.local/lib/python3.8/site-packages/airflow/example_dags/example_short_circuit_operator.py
[2023-11-22T19:33:38.431+0000] {processor.py:829} INFO - Processing file /home/airflow/.local/lib/python3.8/site-packages/airflow/example_dags/example_short_circuit_operator.py for tasks to queue
[2023-11-22T19:33:38.432+0000] {logging_mixin.py:154} INFO - [2023-11-22T19:33:38.431+0000] {dagbag.py:536} INFO - Filling up the DagBag from /home/airflow/.local/lib/python3.8/site-packages/airflow/example_dags/example_short_circuit_operator.py
[2023-11-22T19:33:38.441+0000] {processor.py:839} INFO - DAG(s) dict_keys(['example_short_circuit_operator']) retrieved from /home/airflow/.local/lib/python3.8/site-packages/airflow/example_dags/example_short_circuit_operator.py
[2023-11-22T19:33:38.464+0000] {logging_mixin.py:154} INFO - [2023-11-22T19:33:38.464+0000] {dag.py:2941} INFO - Sync 1 DAGs
[2023-11-22T19:33:38.482+0000] {logging_mixin.py:154} INFO - [2023-11-22T19:33:38.482+0000] {dag.py:3722} INFO - Setting next_dagrun for example_short_circuit_operator to 2023-11-21T19:33:38.482171+00:00, run_after=2023-11-22T19:33:38.482171+00:00
[2023-11-22T19:33:38.496+0000] {processor.py:179} INFO - Processing /home/airflow/.local/lib/python3.8/site-packages/airflow/example_dags/example_short_circuit_operator.py took 0.070 seconds
[2023-11-22T19:34:09.125+0000] {processor.py:157} INFO - Started process (PID=2108) to work on /home/airflow/.local/lib/python3.8/site-packages/airflow/example_dags/example_short_circuit_operator.py
[2023-11-22T19:34:09.126+0000] {processor.py:829} INFO - Processing file /home/airflow/.local/lib/python3.8/site-packages/airflow/example_dags/example_short_circuit_operator.py for tasks to queue
[2023-11-22T19:34:09.127+0000] {logging_mixin.py:154} INFO - [2023-11-22T19:34:09.126+0000] {dagbag.py:536} INFO - Filling up the DagBag from /home/airflow/.local/lib/python3.8/site-packages/airflow/example_dags/example_short_circuit_operator.py
[2023-11-22T19:34:09.134+0000] {processor.py:839} INFO - DAG(s) dict_keys(['example_short_circuit_operator']) retrieved from /home/airflow/.local/lib/python3.8/site-packages/airflow/example_dags/example_short_circuit_operator.py
[2023-11-22T19:34:09.159+0000] {logging_mixin.py:154} INFO - [2023-11-22T19:34:09.159+0000] {dag.py:2941} INFO - Sync 1 DAGs
[2023-11-22T19:34:09.176+0000] {logging_mixin.py:154} INFO - [2023-11-22T19:34:09.176+0000] {dag.py:3722} INFO - Setting next_dagrun for example_short_circuit_operator to 2023-11-21T19:34:09.176189+00:00, run_after=2023-11-22T19:34:09.176189+00:00
[2023-11-22T19:34:09.192+0000] {processor.py:179} INFO - Processing /home/airflow/.local/lib/python3.8/site-packages/airflow/example_dags/example_short_circuit_operator.py took 0.070 seconds
[2023-11-22T19:34:39.688+0000] {processor.py:157} INFO - Started process (PID=2346) to work on /home/airflow/.local/lib/python3.8/site-packages/airflow/example_dags/example_short_circuit_operator.py
[2023-11-22T19:34:39.689+0000] {processor.py:829} INFO - Processing file /home/airflow/.local/lib/python3.8/site-packages/airflow/example_dags/example_short_circuit_operator.py for tasks to queue
[2023-11-22T19:34:39.689+0000] {logging_mixin.py:154} INFO - [2023-11-22T19:34:39.689+0000] {dagbag.py:536} INFO - Filling up the DagBag from /home/airflow/.local/lib/python3.8/site-packages/airflow/example_dags/example_short_circuit_operator.py
[2023-11-22T19:34:39.697+0000] {processor.py:839} INFO - DAG(s) dict_keys(['example_short_circuit_operator']) retrieved from /home/airflow/.local/lib/python3.8/site-packages/airflow/example_dags/example_short_circuit_operator.py
[2023-11-22T19:34:39.719+0000] {logging_mixin.py:154} INFO - [2023-11-22T19:34:39.719+0000] {dag.py:2941} INFO - Sync 1 DAGs
[2023-11-22T19:34:39.736+0000] {logging_mixin.py:154} INFO - [2023-11-22T19:34:39.736+0000] {dag.py:3722} INFO - Setting next_dagrun for example_short_circuit_operator to 2023-11-21T19:34:39.735846+00:00, run_after=2023-11-22T19:34:39.735846+00:00
[2023-11-22T19:34:39.749+0000] {processor.py:179} INFO - Processing /home/airflow/.local/lib/python3.8/site-packages/airflow/example_dags/example_short_circuit_operator.py took 0.065 seconds
[2023-11-22T19:35:09.938+0000] {processor.py:157} INFO - Started process (PID=2584) to work on /home/airflow/.local/lib/python3.8/site-packages/airflow/example_dags/example_short_circuit_operator.py
[2023-11-22T19:35:09.939+0000] {processor.py:829} INFO - Processing file /home/airflow/.local/lib/python3.8/site-packages/airflow/example_dags/example_short_circuit_operator.py for tasks to queue
[2023-11-22T19:35:09.940+0000] {logging_mixin.py:154} INFO - [2023-11-22T19:35:09.939+0000] {dagbag.py:536} INFO - Filling up the DagBag from /home/airflow/.local/lib/python3.8/site-packages/airflow/example_dags/example_short_circuit_operator.py
[2023-11-22T19:35:09.947+0000] {processor.py:839} INFO - DAG(s) dict_keys(['example_short_circuit_operator']) retrieved from /home/airflow/.local/lib/python3.8/site-packages/airflow/example_dags/example_short_circuit_operator.py
[2023-11-22T19:35:09.968+0000] {logging_mixin.py:154} INFO - [2023-11-22T19:35:09.968+0000] {dag.py:2941} INFO - Sync 1 DAGs
[2023-11-22T19:35:09.985+0000] {logging_mixin.py:154} INFO - [2023-11-22T19:35:09.985+0000] {dag.py:3722} INFO - Setting next_dagrun for example_short_circuit_operator to 2023-11-21T19:35:09.985102+00:00, run_after=2023-11-22T19:35:09.985102+00:00
[2023-11-22T19:35:09.997+0000] {processor.py:179} INFO - Processing /home/airflow/.local/lib/python3.8/site-packages/airflow/example_dags/example_short_circuit_operator.py took 0.063 seconds
[2023-11-22T19:35:40.413+0000] {processor.py:157} INFO - Started process (PID=2822) to work on /home/airflow/.local/lib/python3.8/site-packages/airflow/example_dags/example_short_circuit_operator.py
[2023-11-22T19:35:40.414+0000] {processor.py:829} INFO - Processing file /home/airflow/.local/lib/python3.8/site-packages/airflow/example_dags/example_short_circuit_operator.py for tasks to queue
[2023-11-22T19:35:40.415+0000] {logging_mixin.py:154} INFO - [2023-11-22T19:35:40.415+0000] {dagbag.py:536} INFO - Filling up the DagBag from /home/airflow/.local/lib/python3.8/site-packages/airflow/example_dags/example_short_circuit_operator.py
[2023-11-22T19:35:40.422+0000] {processor.py:839} INFO - DAG(s) dict_keys(['example_short_circuit_operator']) retrieved from /home/airflow/.local/lib/python3.8/site-packages/airflow/example_dags/example_short_circuit_operator.py
[2023-11-22T19:35:40.444+0000] {logging_mixin.py:154} INFO - [2023-11-22T19:35:40.444+0000] {dag.py:2941} INFO - Sync 1 DAGs
[2023-11-22T19:35:40.460+0000] {logging_mixin.py:154} INFO - [2023-11-22T19:35:40.460+0000] {dag.py:3722} INFO - Setting next_dagrun for example_short_circuit_operator to 2023-11-21T19:35:40.460594+00:00, run_after=2023-11-22T19:35:40.460594+00:00
[2023-11-22T19:35:40.473+0000] {processor.py:179} INFO - Processing /home/airflow/.local/lib/python3.8/site-packages/airflow/example_dags/example_short_circuit_operator.py took 0.063 seconds
[2023-11-22T19:36:10.882+0000] {processor.py:157} INFO - Started process (PID=3060) to work on /home/airflow/.local/lib/python3.8/site-packages/airflow/example_dags/example_short_circuit_operator.py
[2023-11-22T19:36:10.883+0000] {processor.py:829} INFO - Processing file /home/airflow/.local/lib/python3.8/site-packages/airflow/example_dags/example_short_circuit_operator.py for tasks to queue
[2023-11-22T19:36:10.884+0000] {logging_mixin.py:154} INFO - [2023-11-22T19:36:10.884+0000] {dagbag.py:536} INFO - Filling up the DagBag from /home/airflow/.local/lib/python3.8/site-packages/airflow/example_dags/example_short_circuit_operator.py
[2023-11-22T19:36:10.891+0000] {processor.py:839} INFO - DAG(s) dict_keys(['example_short_circuit_operator']) retrieved from /home/airflow/.local/lib/python3.8/site-packages/airflow/example_dags/example_short_circuit_operator.py
[2023-11-22T19:36:10.914+0000] {logging_mixin.py:154} INFO - [2023-11-22T19:36:10.914+0000] {dag.py:2941} INFO - Sync 1 DAGs
[2023-11-22T19:36:10.931+0000] {logging_mixin.py:154} INFO - [2023-11-22T19:36:10.931+0000] {dag.py:3722} INFO - Setting next_dagrun for example_short_circuit_operator to 2023-11-21T19:36:10.931139+00:00, run_after=2023-11-22T19:36:10.931139+00:00
[2023-11-22T19:36:10.946+0000] {processor.py:179} INFO - Processing /home/airflow/.local/lib/python3.8/site-packages/airflow/example_dags/example_short_circuit_operator.py took 0.067 seconds
[2023-11-22T19:36:41.353+0000] {processor.py:157} INFO - Started process (PID=3298) to work on /home/airflow/.local/lib/python3.8/site-packages/airflow/example_dags/example_short_circuit_operator.py
[2023-11-22T19:36:41.354+0000] {processor.py:829} INFO - Processing file /home/airflow/.local/lib/python3.8/site-packages/airflow/example_dags/example_short_circuit_operator.py for tasks to queue
[2023-11-22T19:36:41.355+0000] {logging_mixin.py:154} INFO - [2023-11-22T19:36:41.355+0000] {dagbag.py:536} INFO - Filling up the DagBag from /home/airflow/.local/lib/python3.8/site-packages/airflow/example_dags/example_short_circuit_operator.py
[2023-11-22T19:36:41.363+0000] {processor.py:839} INFO - DAG(s) dict_keys(['example_short_circuit_operator']) retrieved from /home/airflow/.local/lib/python3.8/site-packages/airflow/example_dags/example_short_circuit_operator.py
[2023-11-22T19:36:41.386+0000] {logging_mixin.py:154} INFO - [2023-11-22T19:36:41.386+0000] {dag.py:2941} INFO - Sync 1 DAGs
[2023-11-22T19:36:41.406+0000] {logging_mixin.py:154} INFO - [2023-11-22T19:36:41.406+0000] {dag.py:3722} INFO - Setting next_dagrun for example_short_circuit_operator to 2023-11-21T19:36:41.406457+00:00, run_after=2023-11-22T19:36:41.406457+00:00
[2023-11-22T19:36:41.425+0000] {processor.py:179} INFO - Processing /home/airflow/.local/lib/python3.8/site-packages/airflow/example_dags/example_short_circuit_operator.py took 0.075 seconds
[2023-11-22T19:37:11.480+0000] {processor.py:157} INFO - Started process (PID=3536) to work on /home/airflow/.local/lib/python3.8/site-packages/airflow/example_dags/example_short_circuit_operator.py
[2023-11-22T19:37:11.481+0000] {processor.py:829} INFO - Processing file /home/airflow/.local/lib/python3.8/site-packages/airflow/example_dags/example_short_circuit_operator.py for tasks to queue
[2023-11-22T19:37:11.482+0000] {logging_mixin.py:154} INFO - [2023-11-22T19:37:11.481+0000] {dagbag.py:536} INFO - Filling up the DagBag from /home/airflow/.local/lib/python3.8/site-packages/airflow/example_dags/example_short_circuit_operator.py
[2023-11-22T19:37:11.489+0000] {processor.py:839} INFO - DAG(s) dict_keys(['example_short_circuit_operator']) retrieved from /home/airflow/.local/lib/python3.8/site-packages/airflow/example_dags/example_short_circuit_operator.py
[2023-11-22T19:37:11.511+0000] {logging_mixin.py:154} INFO - [2023-11-22T19:37:11.511+0000] {dag.py:2941} INFO - Sync 1 DAGs
[2023-11-22T19:37:11.529+0000] {logging_mixin.py:154} INFO - [2023-11-22T19:37:11.529+0000] {dag.py:3722} INFO - Setting next_dagrun for example_short_circuit_operator to 2023-11-21T19:37:11.528763+00:00, run_after=2023-11-22T19:37:11.528763+00:00
[2023-11-22T19:37:11.541+0000] {processor.py:179} INFO - Processing /home/airflow/.local/lib/python3.8/site-packages/airflow/example_dags/example_short_circuit_operator.py took 0.064 seconds
[2023-11-22T19:37:41.706+0000] {processor.py:157} INFO - Started process (PID=3774) to work on /home/airflow/.local/lib/python3.8/site-packages/airflow/example_dags/example_short_circuit_operator.py
[2023-11-22T19:37:41.707+0000] {processor.py:829} INFO - Processing file /home/airflow/.local/lib/python3.8/site-packages/airflow/example_dags/example_short_circuit_operator.py for tasks to queue
[2023-11-22T19:37:41.708+0000] {logging_mixin.py:154} INFO - [2023-11-22T19:37:41.708+0000] {dagbag.py:536} INFO - Filling up the DagBag from /home/airflow/.local/lib/python3.8/site-packages/airflow/example_dags/example_short_circuit_operator.py
[2023-11-22T19:37:41.715+0000] {processor.py:839} INFO - DAG(s) dict_keys(['example_short_circuit_operator']) retrieved from /home/airflow/.local/lib/python3.8/site-packages/airflow/example_dags/example_short_circuit_operator.py
[2023-11-22T19:37:41.736+0000] {logging_mixin.py:154} INFO - [2023-11-22T19:37:41.736+0000] {dag.py:2941} INFO - Sync 1 DAGs
[2023-11-22T19:37:41.753+0000] {logging_mixin.py:154} INFO - [2023-11-22T19:37:41.752+0000] {dag.py:3722} INFO - Setting next_dagrun for example_short_circuit_operator to 2023-11-21T19:37:41.752619+00:00, run_after=2023-11-22T19:37:41.752619+00:00
[2023-11-22T19:37:41.764+0000] {processor.py:179} INFO - Processing /home/airflow/.local/lib/python3.8/site-packages/airflow/example_dags/example_short_circuit_operator.py took 0.061 seconds
[2023-11-22T19:38:11.960+0000] {processor.py:157} INFO - Started process (PID=4012) to work on /home/airflow/.local/lib/python3.8/site-packages/airflow/example_dags/example_short_circuit_operator.py
[2023-11-22T19:38:11.961+0000] {processor.py:829} INFO - Processing file /home/airflow/.local/lib/python3.8/site-packages/airflow/example_dags/example_short_circuit_operator.py for tasks to queue
[2023-11-22T19:38:11.962+0000] {logging_mixin.py:154} INFO - [2023-11-22T19:38:11.962+0000] {dagbag.py:536} INFO - Filling up the DagBag from /home/airflow/.local/lib/python3.8/site-packages/airflow/example_dags/example_short_circuit_operator.py
[2023-11-22T19:38:11.969+0000] {processor.py:839} INFO - DAG(s) dict_keys(['example_short_circuit_operator']) retrieved from /home/airflow/.local/lib/python3.8/site-packages/airflow/example_dags/example_short_circuit_operator.py
[2023-11-22T19:38:11.991+0000] {logging_mixin.py:154} INFO - [2023-11-22T19:38:11.991+0000] {dag.py:2941} INFO - Sync 1 DAGs
[2023-11-22T19:38:12.007+0000] {logging_mixin.py:154} INFO - [2023-11-22T19:38:12.007+0000] {dag.py:3722} INFO - Setting next_dagrun for example_short_circuit_operator to 2023-11-21T19:38:12.007003+00:00, run_after=2023-11-22T19:38:12.007003+00:00
[2023-11-22T19:38:12.020+0000] {processor.py:179} INFO - Processing /home/airflow/.local/lib/python3.8/site-packages/airflow/example_dags/example_short_circuit_operator.py took 0.062 seconds
[2023-11-22T19:38:42.368+0000] {processor.py:157} INFO - Started process (PID=4249) to work on /home/airflow/.local/lib/python3.8/site-packages/airflow/example_dags/example_short_circuit_operator.py
[2023-11-22T19:38:42.369+0000] {processor.py:829} INFO - Processing file /home/airflow/.local/lib/python3.8/site-packages/airflow/example_dags/example_short_circuit_operator.py for tasks to queue
[2023-11-22T19:38:42.370+0000] {logging_mixin.py:154} INFO - [2023-11-22T19:38:42.369+0000] {dagbag.py:536} INFO - Filling up the DagBag from /home/airflow/.local/lib/python3.8/site-packages/airflow/example_dags/example_short_circuit_operator.py
[2023-11-22T19:38:42.377+0000] {processor.py:839} INFO - DAG(s) dict_keys(['example_short_circuit_operator']) retrieved from /home/airflow/.local/lib/python3.8/site-packages/airflow/example_dags/example_short_circuit_operator.py
[2023-11-22T19:38:42.400+0000] {logging_mixin.py:154} INFO - [2023-11-22T19:38:42.400+0000] {dag.py:2941} INFO - Sync 1 DAGs
[2023-11-22T19:38:42.418+0000] {logging_mixin.py:154} INFO - [2023-11-22T19:38:42.418+0000] {dag.py:3722} INFO - Setting next_dagrun for example_short_circuit_operator to 2023-11-21T19:38:42.418095+00:00, run_after=2023-11-22T19:38:42.418095+00:00
[2023-11-22T19:38:42.430+0000] {processor.py:179} INFO - Processing /home/airflow/.local/lib/python3.8/site-packages/airflow/example_dags/example_short_circuit_operator.py took 0.066 seconds
[2023-11-22T19:39:13.003+0000] {processor.py:157} INFO - Started process (PID=4487) to work on /home/airflow/.local/lib/python3.8/site-packages/airflow/example_dags/example_short_circuit_operator.py
[2023-11-22T19:39:13.004+0000] {processor.py:829} INFO - Processing file /home/airflow/.local/lib/python3.8/site-packages/airflow/example_dags/example_short_circuit_operator.py for tasks to queue
[2023-11-22T19:39:13.004+0000] {logging_mixin.py:154} INFO - [2023-11-22T19:39:13.004+0000] {dagbag.py:536} INFO - Filling up the DagBag from /home/airflow/.local/lib/python3.8/site-packages/airflow/example_dags/example_short_circuit_operator.py
[2023-11-22T19:39:13.011+0000] {processor.py:839} INFO - DAG(s) dict_keys(['example_short_circuit_operator']) retrieved from /home/airflow/.local/lib/python3.8/site-packages/airflow/example_dags/example_short_circuit_operator.py
[2023-11-22T19:39:13.033+0000] {logging_mixin.py:154} INFO - [2023-11-22T19:39:13.033+0000] {dag.py:2941} INFO - Sync 1 DAGs
[2023-11-22T19:39:13.050+0000] {logging_mixin.py:154} INFO - [2023-11-22T19:39:13.050+0000] {dag.py:3722} INFO - Setting next_dagrun for example_short_circuit_operator to 2023-11-21T19:39:13.050461+00:00, run_after=2023-11-22T19:39:13.050461+00:00
[2023-11-22T19:39:13.063+0000] {processor.py:179} INFO - Processing /home/airflow/.local/lib/python3.8/site-packages/airflow/example_dags/example_short_circuit_operator.py took 0.064 seconds
[2023-11-22T19:39:43.408+0000] {processor.py:157} INFO - Started process (PID=4725) to work on /home/airflow/.local/lib/python3.8/site-packages/airflow/example_dags/example_short_circuit_operator.py
[2023-11-22T19:39:43.409+0000] {processor.py:829} INFO - Processing file /home/airflow/.local/lib/python3.8/site-packages/airflow/example_dags/example_short_circuit_operator.py for tasks to queue
[2023-11-22T19:39:43.410+0000] {logging_mixin.py:154} INFO - [2023-11-22T19:39:43.409+0000] {dagbag.py:536} INFO - Filling up the DagBag from /home/airflow/.local/lib/python3.8/site-packages/airflow/example_dags/example_short_circuit_operator.py
[2023-11-22T19:39:43.417+0000] {processor.py:839} INFO - DAG(s) dict_keys(['example_short_circuit_operator']) retrieved from /home/airflow/.local/lib/python3.8/site-packages/airflow/example_dags/example_short_circuit_operator.py
[2023-11-22T19:39:43.440+0000] {logging_mixin.py:154} INFO - [2023-11-22T19:39:43.439+0000] {dag.py:2941} INFO - Sync 1 DAGs
[2023-11-22T19:39:43.456+0000] {logging_mixin.py:154} INFO - [2023-11-22T19:39:43.456+0000] {dag.py:3722} INFO - Setting next_dagrun for example_short_circuit_operator to 2023-11-21T19:39:43.456590+00:00, run_after=2023-11-22T19:39:43.456590+00:00
[2023-11-22T19:39:43.471+0000] {processor.py:179} INFO - Processing /home/airflow/.local/lib/python3.8/site-packages/airflow/example_dags/example_short_circuit_operator.py took 0.066 seconds
[2023-11-22T19:40:13.944+0000] {processor.py:157} INFO - Started process (PID=4963) to work on /home/airflow/.local/lib/python3.8/site-packages/airflow/example_dags/example_short_circuit_operator.py
[2023-11-22T19:40:13.945+0000] {processor.py:829} INFO - Processing file /home/airflow/.local/lib/python3.8/site-packages/airflow/example_dags/example_short_circuit_operator.py for tasks to queue
[2023-11-22T19:40:13.946+0000] {logging_mixin.py:154} INFO - [2023-11-22T19:40:13.945+0000] {dagbag.py:536} INFO - Filling up the DagBag from /home/airflow/.local/lib/python3.8/site-packages/airflow/example_dags/example_short_circuit_operator.py
[2023-11-22T19:40:13.953+0000] {processor.py:839} INFO - DAG(s) dict_keys(['example_short_circuit_operator']) retrieved from /home/airflow/.local/lib/python3.8/site-packages/airflow/example_dags/example_short_circuit_operator.py
[2023-11-22T19:40:13.976+0000] {logging_mixin.py:154} INFO - [2023-11-22T19:40:13.976+0000] {dag.py:2941} INFO - Sync 1 DAGs
[2023-11-22T19:40:13.993+0000] {logging_mixin.py:154} INFO - [2023-11-22T19:40:13.993+0000] {dag.py:3722} INFO - Setting next_dagrun for example_short_circuit_operator to 2023-11-21T19:40:13.992919+00:00, run_after=2023-11-22T19:40:13.992919+00:00
[2023-11-22T19:40:14.007+0000] {processor.py:179} INFO - Processing /home/airflow/.local/lib/python3.8/site-packages/airflow/example_dags/example_short_circuit_operator.py took 0.066 seconds
[2023-11-22T19:40:44.422+0000] {processor.py:157} INFO - Started process (PID=5201) to work on /home/airflow/.local/lib/python3.8/site-packages/airflow/example_dags/example_short_circuit_operator.py
[2023-11-22T19:40:44.423+0000] {processor.py:829} INFO - Processing file /home/airflow/.local/lib/python3.8/site-packages/airflow/example_dags/example_short_circuit_operator.py for tasks to queue
[2023-11-22T19:40:44.424+0000] {logging_mixin.py:154} INFO - [2023-11-22T19:40:44.424+0000] {dagbag.py:536} INFO - Filling up the DagBag from /home/airflow/.local/lib/python3.8/site-packages/airflow/example_dags/example_short_circuit_operator.py
[2023-11-22T19:40:44.431+0000] {processor.py:839} INFO - DAG(s) dict_keys(['example_short_circuit_operator']) retrieved from /home/airflow/.local/lib/python3.8/site-packages/airflow/example_dags/example_short_circuit_operator.py
[2023-11-22T19:40:44.456+0000] {logging_mixin.py:154} INFO - [2023-11-22T19:40:44.456+0000] {dag.py:2941} INFO - Sync 1 DAGs
[2023-11-22T19:40:44.477+0000] {logging_mixin.py:154} INFO - [2023-11-22T19:40:44.477+0000] {dag.py:3722} INFO - Setting next_dagrun for example_short_circuit_operator to 2023-11-21T19:40:44.477330+00:00, run_after=2023-11-22T19:40:44.477330+00:00
[2023-11-22T19:40:44.490+0000] {processor.py:179} INFO - Processing /home/airflow/.local/lib/python3.8/site-packages/airflow/example_dags/example_short_circuit_operator.py took 0.072 seconds
[2023-11-22T19:41:15.063+0000] {processor.py:157} INFO - Started process (PID=5439) to work on /home/airflow/.local/lib/python3.8/site-packages/airflow/example_dags/example_short_circuit_operator.py
[2023-11-22T19:41:15.064+0000] {processor.py:829} INFO - Processing file /home/airflow/.local/lib/python3.8/site-packages/airflow/example_dags/example_short_circuit_operator.py for tasks to queue
[2023-11-22T19:41:15.065+0000] {logging_mixin.py:154} INFO - [2023-11-22T19:41:15.065+0000] {dagbag.py:536} INFO - Filling up the DagBag from /home/airflow/.local/lib/python3.8/site-packages/airflow/example_dags/example_short_circuit_operator.py
[2023-11-22T19:41:15.072+0000] {processor.py:839} INFO - DAG(s) dict_keys(['example_short_circuit_operator']) retrieved from /home/airflow/.local/lib/python3.8/site-packages/airflow/example_dags/example_short_circuit_operator.py
[2023-11-22T19:41:15.093+0000] {logging_mixin.py:154} INFO - [2023-11-22T19:41:15.093+0000] {dag.py:2941} INFO - Sync 1 DAGs
[2023-11-22T19:41:15.110+0000] {logging_mixin.py:154} INFO - [2023-11-22T19:41:15.110+0000] {dag.py:3722} INFO - Setting next_dagrun for example_short_circuit_operator to 2023-11-21T19:41:15.110210+00:00, run_after=2023-11-22T19:41:15.110210+00:00
[2023-11-22T19:41:15.122+0000] {processor.py:179} INFO - Processing /home/airflow/.local/lib/python3.8/site-packages/airflow/example_dags/example_short_circuit_operator.py took 0.062 seconds
[2023-11-22T19:41:45.550+0000] {processor.py:157} INFO - Started process (PID=5677) to work on /home/airflow/.local/lib/python3.8/site-packages/airflow/example_dags/example_short_circuit_operator.py
[2023-11-22T19:41:45.550+0000] {processor.py:829} INFO - Processing file /home/airflow/.local/lib/python3.8/site-packages/airflow/example_dags/example_short_circuit_operator.py for tasks to queue
[2023-11-22T19:41:45.551+0000] {logging_mixin.py:154} INFO - [2023-11-22T19:41:45.551+0000] {dagbag.py:536} INFO - Filling up the DagBag from /home/airflow/.local/lib/python3.8/site-packages/airflow/example_dags/example_short_circuit_operator.py
[2023-11-22T19:41:45.558+0000] {processor.py:839} INFO - DAG(s) dict_keys(['example_short_circuit_operator']) retrieved from /home/airflow/.local/lib/python3.8/site-packages/airflow/example_dags/example_short_circuit_operator.py
[2023-11-22T19:41:45.580+0000] {logging_mixin.py:154} INFO - [2023-11-22T19:41:45.580+0000] {dag.py:2941} INFO - Sync 1 DAGs
[2023-11-22T19:41:45.596+0000] {logging_mixin.py:154} INFO - [2023-11-22T19:41:45.596+0000] {dag.py:3722} INFO - Setting next_dagrun for example_short_circuit_operator to 2023-11-21T19:41:45.596517+00:00, run_after=2023-11-22T19:41:45.596517+00:00
[2023-11-22T19:41:45.609+0000] {processor.py:179} INFO - Processing /home/airflow/.local/lib/python3.8/site-packages/airflow/example_dags/example_short_circuit_operator.py took 0.063 seconds
[2023-11-22T19:42:15.993+0000] {processor.py:157} INFO - Started process (PID=5914) to work on /home/airflow/.local/lib/python3.8/site-packages/airflow/example_dags/example_short_circuit_operator.py
[2023-11-22T19:42:15.994+0000] {processor.py:829} INFO - Processing file /home/airflow/.local/lib/python3.8/site-packages/airflow/example_dags/example_short_circuit_operator.py for tasks to queue
[2023-11-22T19:42:15.995+0000] {logging_mixin.py:154} INFO - [2023-11-22T19:42:15.995+0000] {dagbag.py:536} INFO - Filling up the DagBag from /home/airflow/.local/lib/python3.8/site-packages/airflow/example_dags/example_short_circuit_operator.py
[2023-11-22T19:42:16.002+0000] {processor.py:839} INFO - DAG(s) dict_keys(['example_short_circuit_operator']) retrieved from /home/airflow/.local/lib/python3.8/site-packages/airflow/example_dags/example_short_circuit_operator.py
[2023-11-22T19:42:16.024+0000] {logging_mixin.py:154} INFO - [2023-11-22T19:42:16.024+0000] {dag.py:2941} INFO - Sync 1 DAGs
[2023-11-22T19:42:16.040+0000] {logging_mixin.py:154} INFO - [2023-11-22T19:42:16.040+0000] {dag.py:3722} INFO - Setting next_dagrun for example_short_circuit_operator to 2023-11-21T19:42:16.039944+00:00, run_after=2023-11-22T19:42:16.039944+00:00
[2023-11-22T19:42:16.051+0000] {processor.py:179} INFO - Processing /home/airflow/.local/lib/python3.8/site-packages/airflow/example_dags/example_short_circuit_operator.py took 0.061 seconds
[2023-11-22T19:42:46.391+0000] {processor.py:157} INFO - Started process (PID=6152) to work on /home/airflow/.local/lib/python3.8/site-packages/airflow/example_dags/example_short_circuit_operator.py
[2023-11-22T19:42:46.392+0000] {processor.py:829} INFO - Processing file /home/airflow/.local/lib/python3.8/site-packages/airflow/example_dags/example_short_circuit_operator.py for tasks to queue
[2023-11-22T19:42:46.393+0000] {logging_mixin.py:154} INFO - [2023-11-22T19:42:46.392+0000] {dagbag.py:536} INFO - Filling up the DagBag from /home/airflow/.local/lib/python3.8/site-packages/airflow/example_dags/example_short_circuit_operator.py
[2023-11-22T19:42:46.400+0000] {processor.py:839} INFO - DAG(s) dict_keys(['example_short_circuit_operator']) retrieved from /home/airflow/.local/lib/python3.8/site-packages/airflow/example_dags/example_short_circuit_operator.py
[2023-11-22T19:42:46.422+0000] {logging_mixin.py:154} INFO - [2023-11-22T19:42:46.421+0000] {dag.py:2941} INFO - Sync 1 DAGs
[2023-11-22T19:42:46.438+0000] {logging_mixin.py:154} INFO - [2023-11-22T19:42:46.438+0000] {dag.py:3722} INFO - Setting next_dagrun for example_short_circuit_operator to 2023-11-21T19:42:46.437859+00:00, run_after=2023-11-22T19:42:46.437859+00:00
[2023-11-22T19:42:46.450+0000] {processor.py:179} INFO - Processing /home/airflow/.local/lib/python3.8/site-packages/airflow/example_dags/example_short_circuit_operator.py took 0.063 seconds
[2023-11-22T19:43:16.800+0000] {processor.py:157} INFO - Started process (PID=6390) to work on /home/airflow/.local/lib/python3.8/site-packages/airflow/example_dags/example_short_circuit_operator.py
[2023-11-22T19:43:16.801+0000] {processor.py:829} INFO - Processing file /home/airflow/.local/lib/python3.8/site-packages/airflow/example_dags/example_short_circuit_operator.py for tasks to queue
[2023-11-22T19:43:16.801+0000] {logging_mixin.py:154} INFO - [2023-11-22T19:43:16.801+0000] {dagbag.py:536} INFO - Filling up the DagBag from /home/airflow/.local/lib/python3.8/site-packages/airflow/example_dags/example_short_circuit_operator.py
[2023-11-22T19:43:16.808+0000] {processor.py:839} INFO - DAG(s) dict_keys(['example_short_circuit_operator']) retrieved from /home/airflow/.local/lib/python3.8/site-packages/airflow/example_dags/example_short_circuit_operator.py
[2023-11-22T19:43:16.831+0000] {logging_mixin.py:154} INFO - [2023-11-22T19:43:16.830+0000] {dag.py:2941} INFO - Sync 1 DAGs
[2023-11-22T19:43:16.847+0000] {logging_mixin.py:154} INFO - [2023-11-22T19:43:16.847+0000] {dag.py:3722} INFO - Setting next_dagrun for example_short_circuit_operator to 2023-11-21T19:43:16.847371+00:00, run_after=2023-11-22T19:43:16.847371+00:00
[2023-11-22T19:43:16.859+0000] {processor.py:179} INFO - Processing /home/airflow/.local/lib/python3.8/site-packages/airflow/example_dags/example_short_circuit_operator.py took 0.063 seconds
[2023-11-22T19:43:47.276+0000] {processor.py:157} INFO - Started process (PID=6628) to work on /home/airflow/.local/lib/python3.8/site-packages/airflow/example_dags/example_short_circuit_operator.py
[2023-11-22T19:43:47.277+0000] {processor.py:829} INFO - Processing file /home/airflow/.local/lib/python3.8/site-packages/airflow/example_dags/example_short_circuit_operator.py for tasks to queue
[2023-11-22T19:43:47.278+0000] {logging_mixin.py:154} INFO - [2023-11-22T19:43:47.278+0000] {dagbag.py:536} INFO - Filling up the DagBag from /home/airflow/.local/lib/python3.8/site-packages/airflow/example_dags/example_short_circuit_operator.py
[2023-11-22T19:43:47.285+0000] {processor.py:839} INFO - DAG(s) dict_keys(['example_short_circuit_operator']) retrieved from /home/airflow/.local/lib/python3.8/site-packages/airflow/example_dags/example_short_circuit_operator.py
[2023-11-22T19:43:47.309+0000] {logging_mixin.py:154} INFO - [2023-11-22T19:43:47.308+0000] {dag.py:2941} INFO - Sync 1 DAGs
[2023-11-22T19:43:47.327+0000] {logging_mixin.py:154} INFO - [2023-11-22T19:43:47.327+0000] {dag.py:3722} INFO - Setting next_dagrun for example_short_circuit_operator to 2023-11-21T19:43:47.326743+00:00, run_after=2023-11-22T19:43:47.326743+00:00
[2023-11-22T19:43:47.341+0000] {processor.py:179} INFO - Processing /home/airflow/.local/lib/python3.8/site-packages/airflow/example_dags/example_short_circuit_operator.py took 0.068 seconds
[2023-11-22T19:44:17.773+0000] {processor.py:157} INFO - Started process (PID=6866) to work on /home/airflow/.local/lib/python3.8/site-packages/airflow/example_dags/example_short_circuit_operator.py
[2023-11-22T19:44:17.774+0000] {processor.py:829} INFO - Processing file /home/airflow/.local/lib/python3.8/site-packages/airflow/example_dags/example_short_circuit_operator.py for tasks to queue
[2023-11-22T19:44:17.775+0000] {logging_mixin.py:154} INFO - [2023-11-22T19:44:17.775+0000] {dagbag.py:536} INFO - Filling up the DagBag from /home/airflow/.local/lib/python3.8/site-packages/airflow/example_dags/example_short_circuit_operator.py
[2023-11-22T19:44:17.782+0000] {processor.py:839} INFO - DAG(s) dict_keys(['example_short_circuit_operator']) retrieved from /home/airflow/.local/lib/python3.8/site-packages/airflow/example_dags/example_short_circuit_operator.py
[2023-11-22T19:44:17.804+0000] {logging_mixin.py:154} INFO - [2023-11-22T19:44:17.804+0000] {dag.py:2941} INFO - Sync 1 DAGs
[2023-11-22T19:44:17.820+0000] {logging_mixin.py:154} INFO - [2023-11-22T19:44:17.820+0000] {dag.py:3722} INFO - Setting next_dagrun for example_short_circuit_operator to 2023-11-21T19:44:17.820325+00:00, run_after=2023-11-22T19:44:17.820325+00:00
[2023-11-22T19:44:17.833+0000] {processor.py:179} INFO - Processing /home/airflow/.local/lib/python3.8/site-packages/airflow/example_dags/example_short_circuit_operator.py took 0.063 seconds
[2023-11-22T19:44:48.172+0000] {processor.py:157} INFO - Started process (PID=7104) to work on /home/airflow/.local/lib/python3.8/site-packages/airflow/example_dags/example_short_circuit_operator.py
[2023-11-22T19:44:48.173+0000] {processor.py:829} INFO - Processing file /home/airflow/.local/lib/python3.8/site-packages/airflow/example_dags/example_short_circuit_operator.py for tasks to queue
[2023-11-22T19:44:48.174+0000] {logging_mixin.py:154} INFO - [2023-11-22T19:44:48.174+0000] {dagbag.py:536} INFO - Filling up the DagBag from /home/airflow/.local/lib/python3.8/site-packages/airflow/example_dags/example_short_circuit_operator.py
[2023-11-22T19:44:48.181+0000] {processor.py:839} INFO - DAG(s) dict_keys(['example_short_circuit_operator']) retrieved from /home/airflow/.local/lib/python3.8/site-packages/airflow/example_dags/example_short_circuit_operator.py
[2023-11-22T19:44:48.203+0000] {logging_mixin.py:154} INFO - [2023-11-22T19:44:48.203+0000] {dag.py:2941} INFO - Sync 1 DAGs
[2023-11-22T19:44:48.220+0000] {logging_mixin.py:154} INFO - [2023-11-22T19:44:48.220+0000] {dag.py:3722} INFO - Setting next_dagrun for example_short_circuit_operator to 2023-11-21T19:44:48.219967+00:00, run_after=2023-11-22T19:44:48.219967+00:00
[2023-11-22T19:44:48.232+0000] {processor.py:179} INFO - Processing /home/airflow/.local/lib/python3.8/site-packages/airflow/example_dags/example_short_circuit_operator.py took 0.063 seconds
[2023-11-22T19:45:18.655+0000] {processor.py:157} INFO - Started process (PID=7342) to work on /home/airflow/.local/lib/python3.8/site-packages/airflow/example_dags/example_short_circuit_operator.py
[2023-11-22T19:45:18.656+0000] {processor.py:829} INFO - Processing file /home/airflow/.local/lib/python3.8/site-packages/airflow/example_dags/example_short_circuit_operator.py for tasks to queue
[2023-11-22T19:45:18.657+0000] {logging_mixin.py:154} INFO - [2023-11-22T19:45:18.657+0000] {dagbag.py:536} INFO - Filling up the DagBag from /home/airflow/.local/lib/python3.8/site-packages/airflow/example_dags/example_short_circuit_operator.py
[2023-11-22T19:45:18.664+0000] {processor.py:839} INFO - DAG(s) dict_keys(['example_short_circuit_operator']) retrieved from /home/airflow/.local/lib/python3.8/site-packages/airflow/example_dags/example_short_circuit_operator.py
[2023-11-22T19:45:18.687+0000] {logging_mixin.py:154} INFO - [2023-11-22T19:45:18.687+0000] {dag.py:2941} INFO - Sync 1 DAGs
[2023-11-22T19:45:18.703+0000] {logging_mixin.py:154} INFO - [2023-11-22T19:45:18.703+0000] {dag.py:3722} INFO - Setting next_dagrun for example_short_circuit_operator to 2023-11-21T19:45:18.703563+00:00, run_after=2023-11-22T19:45:18.703563+00:00
[2023-11-22T19:45:18.716+0000] {processor.py:179} INFO - Processing /home/airflow/.local/lib/python3.8/site-packages/airflow/example_dags/example_short_circuit_operator.py took 0.063 seconds
[2023-11-22T19:45:49.078+0000] {processor.py:157} INFO - Started process (PID=7580) to work on /home/airflow/.local/lib/python3.8/site-packages/airflow/example_dags/example_short_circuit_operator.py
[2023-11-22T19:45:49.080+0000] {processor.py:829} INFO - Processing file /home/airflow/.local/lib/python3.8/site-packages/airflow/example_dags/example_short_circuit_operator.py for tasks to queue
[2023-11-22T19:45:49.081+0000] {logging_mixin.py:154} INFO - [2023-11-22T19:45:49.081+0000] {dagbag.py:536} INFO - Filling up the DagBag from /home/airflow/.local/lib/python3.8/site-packages/airflow/example_dags/example_short_circuit_operator.py
[2023-11-22T19:45:49.088+0000] {processor.py:839} INFO - DAG(s) dict_keys(['example_short_circuit_operator']) retrieved from /home/airflow/.local/lib/python3.8/site-packages/airflow/example_dags/example_short_circuit_operator.py
[2023-11-22T19:45:49.111+0000] {logging_mixin.py:154} INFO - [2023-11-22T19:45:49.111+0000] {dag.py:2941} INFO - Sync 1 DAGs
[2023-11-22T19:45:49.127+0000] {logging_mixin.py:154} INFO - [2023-11-22T19:45:49.127+0000] {dag.py:3722} INFO - Setting next_dagrun for example_short_circuit_operator to 2023-11-21T19:45:49.126979+00:00, run_after=2023-11-22T19:45:49.126979+00:00
[2023-11-22T19:45:49.138+0000] {processor.py:179} INFO - Processing /home/airflow/.local/lib/python3.8/site-packages/airflow/example_dags/example_short_circuit_operator.py took 0.064 seconds
[2023-11-22T19:46:19.580+0000] {processor.py:157} INFO - Started process (PID=7818) to work on /home/airflow/.local/lib/python3.8/site-packages/airflow/example_dags/example_short_circuit_operator.py
[2023-11-22T19:46:19.581+0000] {processor.py:829} INFO - Processing file /home/airflow/.local/lib/python3.8/site-packages/airflow/example_dags/example_short_circuit_operator.py for tasks to queue
[2023-11-22T19:46:19.581+0000] {logging_mixin.py:154} INFO - [2023-11-22T19:46:19.581+0000] {dagbag.py:536} INFO - Filling up the DagBag from /home/airflow/.local/lib/python3.8/site-packages/airflow/example_dags/example_short_circuit_operator.py
[2023-11-22T19:46:19.588+0000] {processor.py:839} INFO - DAG(s) dict_keys(['example_short_circuit_operator']) retrieved from /home/airflow/.local/lib/python3.8/site-packages/airflow/example_dags/example_short_circuit_operator.py
[2023-11-22T19:46:19.611+0000] {logging_mixin.py:154} INFO - [2023-11-22T19:46:19.610+0000] {dag.py:2941} INFO - Sync 1 DAGs
[2023-11-22T19:46:19.627+0000] {logging_mixin.py:154} INFO - [2023-11-22T19:46:19.627+0000] {dag.py:3722} INFO - Setting next_dagrun for example_short_circuit_operator to 2023-11-21T19:46:19.626787+00:00, run_after=2023-11-22T19:46:19.626787+00:00
[2023-11-22T19:46:19.639+0000] {processor.py:179} INFO - Processing /home/airflow/.local/lib/python3.8/site-packages/airflow/example_dags/example_short_circuit_operator.py took 0.063 seconds
[2023-11-22T19:46:50.019+0000] {processor.py:157} INFO - Started process (PID=8056) to work on /home/airflow/.local/lib/python3.8/site-packages/airflow/example_dags/example_short_circuit_operator.py
[2023-11-22T19:46:50.020+0000] {processor.py:829} INFO - Processing file /home/airflow/.local/lib/python3.8/site-packages/airflow/example_dags/example_short_circuit_operator.py for tasks to queue
[2023-11-22T19:46:50.021+0000] {logging_mixin.py:154} INFO - [2023-11-22T19:46:50.021+0000] {dagbag.py:536} INFO - Filling up the DagBag from /home/airflow/.local/lib/python3.8/site-packages/airflow/example_dags/example_short_circuit_operator.py
[2023-11-22T19:46:50.028+0000] {processor.py:839} INFO - DAG(s) dict_keys(['example_short_circuit_operator']) retrieved from /home/airflow/.local/lib/python3.8/site-packages/airflow/example_dags/example_short_circuit_operator.py
[2023-11-22T19:46:50.051+0000] {logging_mixin.py:154} INFO - [2023-11-22T19:46:50.051+0000] {dag.py:2941} INFO - Sync 1 DAGs
[2023-11-22T19:46:50.067+0000] {logging_mixin.py:154} INFO - [2023-11-22T19:46:50.067+0000] {dag.py:3722} INFO - Setting next_dagrun for example_short_circuit_operator to 2023-11-21T19:46:50.067602+00:00, run_after=2023-11-22T19:46:50.067602+00:00
[2023-11-22T19:46:50.080+0000] {processor.py:179} INFO - Processing /home/airflow/.local/lib/python3.8/site-packages/airflow/example_dags/example_short_circuit_operator.py took 0.063 seconds
[2023-11-22T19:47:20.427+0000] {processor.py:157} INFO - Started process (PID=8294) to work on /home/airflow/.local/lib/python3.8/site-packages/airflow/example_dags/example_short_circuit_operator.py
[2023-11-22T19:47:20.428+0000] {processor.py:829} INFO - Processing file /home/airflow/.local/lib/python3.8/site-packages/airflow/example_dags/example_short_circuit_operator.py for tasks to queue
[2023-11-22T19:47:20.429+0000] {logging_mixin.py:154} INFO - [2023-11-22T19:47:20.429+0000] {dagbag.py:536} INFO - Filling up the DagBag from /home/airflow/.local/lib/python3.8/site-packages/airflow/example_dags/example_short_circuit_operator.py
[2023-11-22T19:47:20.437+0000] {processor.py:839} INFO - DAG(s) dict_keys(['example_short_circuit_operator']) retrieved from /home/airflow/.local/lib/python3.8/site-packages/airflow/example_dags/example_short_circuit_operator.py
[2023-11-22T19:47:20.460+0000] {logging_mixin.py:154} INFO - [2023-11-22T19:47:20.460+0000] {dag.py:2941} INFO - Sync 1 DAGs
[2023-11-22T19:47:20.482+0000] {logging_mixin.py:154} INFO - [2023-11-22T19:47:20.482+0000] {dag.py:3722} INFO - Setting next_dagrun for example_short_circuit_operator to 2023-11-21T19:47:20.481741+00:00, run_after=2023-11-22T19:47:20.481741+00:00
[2023-11-22T19:47:20.496+0000] {processor.py:179} INFO - Processing /home/airflow/.local/lib/python3.8/site-packages/airflow/example_dags/example_short_circuit_operator.py took 0.073 seconds
[2023-11-22T19:47:50.903+0000] {processor.py:157} INFO - Started process (PID=8531) to work on /home/airflow/.local/lib/python3.8/site-packages/airflow/example_dags/example_short_circuit_operator.py
[2023-11-22T19:47:50.904+0000] {processor.py:829} INFO - Processing file /home/airflow/.local/lib/python3.8/site-packages/airflow/example_dags/example_short_circuit_operator.py for tasks to queue
[2023-11-22T19:47:50.905+0000] {logging_mixin.py:154} INFO - [2023-11-22T19:47:50.905+0000] {dagbag.py:536} INFO - Filling up the DagBag from /home/airflow/.local/lib/python3.8/site-packages/airflow/example_dags/example_short_circuit_operator.py
[2023-11-22T19:47:50.912+0000] {processor.py:839} INFO - DAG(s) dict_keys(['example_short_circuit_operator']) retrieved from /home/airflow/.local/lib/python3.8/site-packages/airflow/example_dags/example_short_circuit_operator.py
[2023-11-22T19:47:50.936+0000] {logging_mixin.py:154} INFO - [2023-11-22T19:47:50.936+0000] {dag.py:2941} INFO - Sync 1 DAGs
[2023-11-22T19:47:50.955+0000] {logging_mixin.py:154} INFO - [2023-11-22T19:47:50.955+0000] {dag.py:3722} INFO - Setting next_dagrun for example_short_circuit_operator to 2023-11-21T19:47:50.954879+00:00, run_after=2023-11-22T19:47:50.954879+00:00
[2023-11-22T19:47:50.973+0000] {processor.py:179} INFO - Processing /home/airflow/.local/lib/python3.8/site-packages/airflow/example_dags/example_short_circuit_operator.py took 0.073 seconds
[2023-11-22T19:48:21.048+0000] {processor.py:157} INFO - Started process (PID=8769) to work on /home/airflow/.local/lib/python3.8/site-packages/airflow/example_dags/example_short_circuit_operator.py
[2023-11-22T19:48:21.049+0000] {processor.py:829} INFO - Processing file /home/airflow/.local/lib/python3.8/site-packages/airflow/example_dags/example_short_circuit_operator.py for tasks to queue
[2023-11-22T19:48:21.049+0000] {logging_mixin.py:154} INFO - [2023-11-22T19:48:21.049+0000] {dagbag.py:536} INFO - Filling up the DagBag from /home/airflow/.local/lib/python3.8/site-packages/airflow/example_dags/example_short_circuit_operator.py
[2023-11-22T19:48:21.057+0000] {processor.py:839} INFO - DAG(s) dict_keys(['example_short_circuit_operator']) retrieved from /home/airflow/.local/lib/python3.8/site-packages/airflow/example_dags/example_short_circuit_operator.py
[2023-11-22T19:48:21.081+0000] {logging_mixin.py:154} INFO - [2023-11-22T19:48:21.081+0000] {dag.py:2941} INFO - Sync 1 DAGs
[2023-11-22T19:48:21.098+0000] {logging_mixin.py:154} INFO - [2023-11-22T19:48:21.098+0000] {dag.py:3722} INFO - Setting next_dagrun for example_short_circuit_operator to 2023-11-21T19:48:21.098478+00:00, run_after=2023-11-22T19:48:21.098478+00:00
[2023-11-22T19:48:21.111+0000] {processor.py:179} INFO - Processing /home/airflow/.local/lib/python3.8/site-packages/airflow/example_dags/example_short_circuit_operator.py took 0.066 seconds
[2023-11-22T19:48:51.349+0000] {processor.py:157} INFO - Started process (PID=9014) to work on /home/airflow/.local/lib/python3.8/site-packages/airflow/example_dags/example_short_circuit_operator.py
[2023-11-22T19:48:51.350+0000] {processor.py:829} INFO - Processing file /home/airflow/.local/lib/python3.8/site-packages/airflow/example_dags/example_short_circuit_operator.py for tasks to queue
[2023-11-22T19:48:51.351+0000] {logging_mixin.py:154} INFO - [2023-11-22T19:48:51.350+0000] {dagbag.py:536} INFO - Filling up the DagBag from /home/airflow/.local/lib/python3.8/site-packages/airflow/example_dags/example_short_circuit_operator.py
[2023-11-22T19:48:51.358+0000] {processor.py:839} INFO - DAG(s) dict_keys(['example_short_circuit_operator']) retrieved from /home/airflow/.local/lib/python3.8/site-packages/airflow/example_dags/example_short_circuit_operator.py
[2023-11-22T19:48:51.380+0000] {logging_mixin.py:154} INFO - [2023-11-22T19:48:51.380+0000] {dag.py:2941} INFO - Sync 1 DAGs
[2023-11-22T19:48:51.396+0000] {logging_mixin.py:154} INFO - [2023-11-22T19:48:51.396+0000] {dag.py:3722} INFO - Setting next_dagrun for example_short_circuit_operator to 2023-11-21T19:48:51.396209+00:00, run_after=2023-11-22T19:48:51.396209+00:00
[2023-11-22T19:48:51.409+0000] {processor.py:179} INFO - Processing /home/airflow/.local/lib/python3.8/site-packages/airflow/example_dags/example_short_circuit_operator.py took 0.063 seconds
[2023-11-22T19:49:21.837+0000] {processor.py:157} INFO - Started process (PID=9250) to work on /home/airflow/.local/lib/python3.8/site-packages/airflow/example_dags/example_short_circuit_operator.py
[2023-11-22T19:49:21.838+0000] {processor.py:829} INFO - Processing file /home/airflow/.local/lib/python3.8/site-packages/airflow/example_dags/example_short_circuit_operator.py for tasks to queue
[2023-11-22T19:49:21.839+0000] {logging_mixin.py:154} INFO - [2023-11-22T19:49:21.839+0000] {dagbag.py:536} INFO - Filling up the DagBag from /home/airflow/.local/lib/python3.8/site-packages/airflow/example_dags/example_short_circuit_operator.py
[2023-11-22T19:49:21.846+0000] {processor.py:839} INFO - DAG(s) dict_keys(['example_short_circuit_operator']) retrieved from /home/airflow/.local/lib/python3.8/site-packages/airflow/example_dags/example_short_circuit_operator.py
[2023-11-22T19:49:21.868+0000] {logging_mixin.py:154} INFO - [2023-11-22T19:49:21.868+0000] {dag.py:2941} INFO - Sync 1 DAGs
[2023-11-22T19:49:21.998+0000] {logging_mixin.py:154} INFO - [2023-11-22T19:49:21.998+0000] {dag.py:3722} INFO - Setting next_dagrun for example_short_circuit_operator to 2023-11-21T19:49:21.998145+00:00, run_after=2023-11-22T19:49:21.998145+00:00
[2023-11-22T19:49:22.010+0000] {processor.py:179} INFO - Processing /home/airflow/.local/lib/python3.8/site-packages/airflow/example_dags/example_short_circuit_operator.py took 0.176 seconds
[2023-11-22T19:49:52.433+0000] {processor.py:157} INFO - Started process (PID=9488) to work on /home/airflow/.local/lib/python3.8/site-packages/airflow/example_dags/example_short_circuit_operator.py
[2023-11-22T19:49:52.434+0000] {processor.py:829} INFO - Processing file /home/airflow/.local/lib/python3.8/site-packages/airflow/example_dags/example_short_circuit_operator.py for tasks to queue
[2023-11-22T19:49:52.435+0000] {logging_mixin.py:154} INFO - [2023-11-22T19:49:52.435+0000] {dagbag.py:536} INFO - Filling up the DagBag from /home/airflow/.local/lib/python3.8/site-packages/airflow/example_dags/example_short_circuit_operator.py
[2023-11-22T19:49:52.442+0000] {processor.py:839} INFO - DAG(s) dict_keys(['example_short_circuit_operator']) retrieved from /home/airflow/.local/lib/python3.8/site-packages/airflow/example_dags/example_short_circuit_operator.py
[2023-11-22T19:49:52.466+0000] {logging_mixin.py:154} INFO - [2023-11-22T19:49:52.465+0000] {dag.py:2941} INFO - Sync 1 DAGs
[2023-11-22T19:49:52.484+0000] {logging_mixin.py:154} INFO - [2023-11-22T19:49:52.484+0000] {dag.py:3722} INFO - Setting next_dagrun for example_short_circuit_operator to 2023-11-21T19:49:52.484211+00:00, run_after=2023-11-22T19:49:52.484211+00:00
[2023-11-22T19:49:52.626+0000] {processor.py:179} INFO - Processing /home/airflow/.local/lib/python3.8/site-packages/airflow/example_dags/example_short_circuit_operator.py took 0.197 seconds
[2023-11-22T19:50:22.658+0000] {processor.py:157} INFO - Started process (PID=9728) to work on /home/airflow/.local/lib/python3.8/site-packages/airflow/example_dags/example_short_circuit_operator.py
[2023-11-22T19:50:22.659+0000] {processor.py:829} INFO - Processing file /home/airflow/.local/lib/python3.8/site-packages/airflow/example_dags/example_short_circuit_operator.py for tasks to queue
[2023-11-22T19:50:22.660+0000] {logging_mixin.py:154} INFO - [2023-11-22T19:50:22.660+0000] {dagbag.py:536} INFO - Filling up the DagBag from /home/airflow/.local/lib/python3.8/site-packages/airflow/example_dags/example_short_circuit_operator.py
[2023-11-22T19:50:22.667+0000] {processor.py:839} INFO - DAG(s) dict_keys(['example_short_circuit_operator']) retrieved from /home/airflow/.local/lib/python3.8/site-packages/airflow/example_dags/example_short_circuit_operator.py
[2023-11-22T19:50:22.689+0000] {logging_mixin.py:154} INFO - [2023-11-22T19:50:22.689+0000] {dag.py:2941} INFO - Sync 1 DAGs
[2023-11-22T19:50:22.705+0000] {logging_mixin.py:154} INFO - [2023-11-22T19:50:22.705+0000] {dag.py:3722} INFO - Setting next_dagrun for example_short_circuit_operator to 2023-11-21T19:50:22.704917+00:00, run_after=2023-11-22T19:50:22.704917+00:00
[2023-11-22T19:50:22.718+0000] {processor.py:179} INFO - Processing /home/airflow/.local/lib/python3.8/site-packages/airflow/example_dags/example_short_circuit_operator.py took 0.062 seconds
[2023-11-22T19:50:52.883+0000] {processor.py:157} INFO - Started process (PID=9964) to work on /home/airflow/.local/lib/python3.8/site-packages/airflow/example_dags/example_short_circuit_operator.py
[2023-11-22T19:50:52.884+0000] {processor.py:829} INFO - Processing file /home/airflow/.local/lib/python3.8/site-packages/airflow/example_dags/example_short_circuit_operator.py for tasks to queue
[2023-11-22T19:50:52.885+0000] {logging_mixin.py:154} INFO - [2023-11-22T19:50:52.885+0000] {dagbag.py:536} INFO - Filling up the DagBag from /home/airflow/.local/lib/python3.8/site-packages/airflow/example_dags/example_short_circuit_operator.py
[2023-11-22T19:50:52.892+0000] {processor.py:839} INFO - DAG(s) dict_keys(['example_short_circuit_operator']) retrieved from /home/airflow/.local/lib/python3.8/site-packages/airflow/example_dags/example_short_circuit_operator.py
[2023-11-22T19:50:52.914+0000] {logging_mixin.py:154} INFO - [2023-11-22T19:50:52.914+0000] {dag.py:2941} INFO - Sync 1 DAGs
[2023-11-22T19:50:52.931+0000] {logging_mixin.py:154} INFO - [2023-11-22T19:50:52.930+0000] {dag.py:3722} INFO - Setting next_dagrun for example_short_circuit_operator to 2023-11-21T19:50:52.930724+00:00, run_after=2023-11-22T19:50:52.930724+00:00
[2023-11-22T19:50:52.944+0000] {processor.py:179} INFO - Processing /home/airflow/.local/lib/python3.8/site-packages/airflow/example_dags/example_short_circuit_operator.py took 0.064 seconds
[2023-11-22T19:51:23.354+0000] {processor.py:157} INFO - Started process (PID=10202) to work on /home/airflow/.local/lib/python3.8/site-packages/airflow/example_dags/example_short_circuit_operator.py
[2023-11-22T19:51:23.355+0000] {processor.py:829} INFO - Processing file /home/airflow/.local/lib/python3.8/site-packages/airflow/example_dags/example_short_circuit_operator.py for tasks to queue
[2023-11-22T19:51:23.356+0000] {logging_mixin.py:154} INFO - [2023-11-22T19:51:23.355+0000] {dagbag.py:536} INFO - Filling up the DagBag from /home/airflow/.local/lib/python3.8/site-packages/airflow/example_dags/example_short_circuit_operator.py
[2023-11-22T19:51:23.363+0000] {processor.py:839} INFO - DAG(s) dict_keys(['example_short_circuit_operator']) retrieved from /home/airflow/.local/lib/python3.8/site-packages/airflow/example_dags/example_short_circuit_operator.py
[2023-11-22T19:51:23.384+0000] {logging_mixin.py:154} INFO - [2023-11-22T19:51:23.384+0000] {dag.py:2941} INFO - Sync 1 DAGs
[2023-11-22T19:51:23.401+0000] {logging_mixin.py:154} INFO - [2023-11-22T19:51:23.400+0000] {dag.py:3722} INFO - Setting next_dagrun for example_short_circuit_operator to 2023-11-21T19:51:23.400695+00:00, run_after=2023-11-22T19:51:23.400695+00:00
[2023-11-22T19:51:23.414+0000] {processor.py:179} INFO - Processing /home/airflow/.local/lib/python3.8/site-packages/airflow/example_dags/example_short_circuit_operator.py took 0.063 seconds
[2023-11-22T19:51:54.087+0000] {processor.py:157} INFO - Started process (PID=10442) to work on /home/airflow/.local/lib/python3.8/site-packages/airflow/example_dags/example_short_circuit_operator.py
[2023-11-22T19:51:54.088+0000] {processor.py:829} INFO - Processing file /home/airflow/.local/lib/python3.8/site-packages/airflow/example_dags/example_short_circuit_operator.py for tasks to queue
[2023-11-22T19:51:54.089+0000] {logging_mixin.py:154} INFO - [2023-11-22T19:51:54.089+0000] {dagbag.py:536} INFO - Filling up the DagBag from /home/airflow/.local/lib/python3.8/site-packages/airflow/example_dags/example_short_circuit_operator.py
[2023-11-22T19:51:54.096+0000] {processor.py:839} INFO - DAG(s) dict_keys(['example_short_circuit_operator']) retrieved from /home/airflow/.local/lib/python3.8/site-packages/airflow/example_dags/example_short_circuit_operator.py
[2023-11-22T19:51:54.118+0000] {logging_mixin.py:154} INFO - [2023-11-22T19:51:54.118+0000] {dag.py:2941} INFO - Sync 1 DAGs
[2023-11-22T19:51:54.238+0000] {logging_mixin.py:154} INFO - [2023-11-22T19:51:54.238+0000] {dag.py:3722} INFO - Setting next_dagrun for example_short_circuit_operator to 2023-11-21T19:51:54.238047+00:00, run_after=2023-11-22T19:51:54.238047+00:00
[2023-11-22T19:51:54.250+0000] {processor.py:179} INFO - Processing /home/airflow/.local/lib/python3.8/site-packages/airflow/example_dags/example_short_circuit_operator.py took 0.166 seconds
[2023-11-22T19:52:24.317+0000] {processor.py:157} INFO - Started process (PID=10681) to work on /home/airflow/.local/lib/python3.8/site-packages/airflow/example_dags/example_short_circuit_operator.py
[2023-11-22T19:52:24.318+0000] {processor.py:829} INFO - Processing file /home/airflow/.local/lib/python3.8/site-packages/airflow/example_dags/example_short_circuit_operator.py for tasks to queue
[2023-11-22T19:52:24.318+0000] {logging_mixin.py:154} INFO - [2023-11-22T19:52:24.318+0000] {dagbag.py:536} INFO - Filling up the DagBag from /home/airflow/.local/lib/python3.8/site-packages/airflow/example_dags/example_short_circuit_operator.py
[2023-11-22T19:52:24.325+0000] {processor.py:839} INFO - DAG(s) dict_keys(['example_short_circuit_operator']) retrieved from /home/airflow/.local/lib/python3.8/site-packages/airflow/example_dags/example_short_circuit_operator.py
[2023-11-22T19:52:24.347+0000] {logging_mixin.py:154} INFO - [2023-11-22T19:52:24.347+0000] {dag.py:2941} INFO - Sync 1 DAGs
[2023-11-22T19:52:24.364+0000] {logging_mixin.py:154} INFO - [2023-11-22T19:52:24.364+0000] {dag.py:3722} INFO - Setting next_dagrun for example_short_circuit_operator to 2023-11-21T19:52:24.364011+00:00, run_after=2023-11-22T19:52:24.364011+00:00
[2023-11-22T19:52:24.377+0000] {processor.py:179} INFO - Processing /home/airflow/.local/lib/python3.8/site-packages/airflow/example_dags/example_short_circuit_operator.py took 0.063 seconds
[2023-11-22T19:52:54.744+0000] {processor.py:157} INFO - Started process (PID=10917) to work on /home/airflow/.local/lib/python3.8/site-packages/airflow/example_dags/example_short_circuit_operator.py
[2023-11-22T19:52:54.745+0000] {processor.py:829} INFO - Processing file /home/airflow/.local/lib/python3.8/site-packages/airflow/example_dags/example_short_circuit_operator.py for tasks to queue
[2023-11-22T19:52:54.745+0000] {logging_mixin.py:154} INFO - [2023-11-22T19:52:54.745+0000] {dagbag.py:536} INFO - Filling up the DagBag from /home/airflow/.local/lib/python3.8/site-packages/airflow/example_dags/example_short_circuit_operator.py
[2023-11-22T19:52:54.753+0000] {processor.py:839} INFO - DAG(s) dict_keys(['example_short_circuit_operator']) retrieved from /home/airflow/.local/lib/python3.8/site-packages/airflow/example_dags/example_short_circuit_operator.py
[2023-11-22T19:52:54.775+0000] {logging_mixin.py:154} INFO - [2023-11-22T19:52:54.774+0000] {dag.py:2941} INFO - Sync 1 DAGs
[2023-11-22T19:52:54.791+0000] {logging_mixin.py:154} INFO - [2023-11-22T19:52:54.791+0000] {dag.py:3722} INFO - Setting next_dagrun for example_short_circuit_operator to 2023-11-21T19:52:54.790986+00:00, run_after=2023-11-22T19:52:54.790986+00:00
[2023-11-22T19:52:54.803+0000] {processor.py:179} INFO - Processing /home/airflow/.local/lib/python3.8/site-packages/airflow/example_dags/example_short_circuit_operator.py took 0.063 seconds
[2023-11-22T19:53:25.244+0000] {processor.py:157} INFO - Started process (PID=11155) to work on /home/airflow/.local/lib/python3.8/site-packages/airflow/example_dags/example_short_circuit_operator.py
[2023-11-22T19:53:25.245+0000] {processor.py:829} INFO - Processing file /home/airflow/.local/lib/python3.8/site-packages/airflow/example_dags/example_short_circuit_operator.py for tasks to queue
[2023-11-22T19:53:25.246+0000] {logging_mixin.py:154} INFO - [2023-11-22T19:53:25.245+0000] {dagbag.py:536} INFO - Filling up the DagBag from /home/airflow/.local/lib/python3.8/site-packages/airflow/example_dags/example_short_circuit_operator.py
[2023-11-22T19:53:25.253+0000] {processor.py:839} INFO - DAG(s) dict_keys(['example_short_circuit_operator']) retrieved from /home/airflow/.local/lib/python3.8/site-packages/airflow/example_dags/example_short_circuit_operator.py
[2023-11-22T19:53:25.275+0000] {logging_mixin.py:154} INFO - [2023-11-22T19:53:25.275+0000] {dag.py:2941} INFO - Sync 1 DAGs
[2023-11-22T19:53:25.291+0000] {logging_mixin.py:154} INFO - [2023-11-22T19:53:25.291+0000] {dag.py:3722} INFO - Setting next_dagrun for example_short_circuit_operator to 2023-11-21T19:53:25.291234+00:00, run_after=2023-11-22T19:53:25.291234+00:00
[2023-11-22T19:53:25.303+0000] {processor.py:179} INFO - Processing /home/airflow/.local/lib/python3.8/site-packages/airflow/example_dags/example_short_circuit_operator.py took 0.062 seconds
[2023-11-22T19:53:55.708+0000] {processor.py:157} INFO - Started process (PID=11393) to work on /home/airflow/.local/lib/python3.8/site-packages/airflow/example_dags/example_short_circuit_operator.py
[2023-11-22T19:53:55.709+0000] {processor.py:829} INFO - Processing file /home/airflow/.local/lib/python3.8/site-packages/airflow/example_dags/example_short_circuit_operator.py for tasks to queue
[2023-11-22T19:53:55.710+0000] {logging_mixin.py:154} INFO - [2023-11-22T19:53:55.709+0000] {dagbag.py:536} INFO - Filling up the DagBag from /home/airflow/.local/lib/python3.8/site-packages/airflow/example_dags/example_short_circuit_operator.py
[2023-11-22T19:53:55.718+0000] {processor.py:839} INFO - DAG(s) dict_keys(['example_short_circuit_operator']) retrieved from /home/airflow/.local/lib/python3.8/site-packages/airflow/example_dags/example_short_circuit_operator.py
[2023-11-22T19:53:55.745+0000] {logging_mixin.py:154} INFO - [2023-11-22T19:53:55.745+0000] {dag.py:2941} INFO - Sync 1 DAGs
[2023-11-22T19:53:55.767+0000] {logging_mixin.py:154} INFO - [2023-11-22T19:53:55.766+0000] {dag.py:3722} INFO - Setting next_dagrun for example_short_circuit_operator to 2023-11-21T19:53:55.766530+00:00, run_after=2023-11-22T19:53:55.766530+00:00
[2023-11-22T19:53:55.783+0000] {processor.py:179} INFO - Processing /home/airflow/.local/lib/python3.8/site-packages/airflow/example_dags/example_short_circuit_operator.py took 0.079 seconds
[2023-11-22T20:36:13.601+0000] {processor.py:157} INFO - Started process (PID=11631) to work on /home/airflow/.local/lib/python3.8/site-packages/airflow/example_dags/example_short_circuit_operator.py
[2023-11-22T20:36:13.602+0000] {processor.py:829} INFO - Processing file /home/airflow/.local/lib/python3.8/site-packages/airflow/example_dags/example_short_circuit_operator.py for tasks to queue
[2023-11-22T20:36:13.603+0000] {logging_mixin.py:154} INFO - [2023-11-22T20:36:13.603+0000] {dagbag.py:536} INFO - Filling up the DagBag from /home/airflow/.local/lib/python3.8/site-packages/airflow/example_dags/example_short_circuit_operator.py
[2023-11-22T20:36:13.611+0000] {processor.py:839} INFO - DAG(s) dict_keys(['example_short_circuit_operator']) retrieved from /home/airflow/.local/lib/python3.8/site-packages/airflow/example_dags/example_short_circuit_operator.py
[2023-11-22T20:36:13.634+0000] {logging_mixin.py:154} INFO - [2023-11-22T20:36:13.634+0000] {dag.py:2941} INFO - Sync 1 DAGs
[2023-11-22T20:36:13.651+0000] {logging_mixin.py:154} INFO - [2023-11-22T20:36:13.651+0000] {dag.py:3722} INFO - Setting next_dagrun for example_short_circuit_operator to 2023-11-21T20:36:13.650822+00:00, run_after=2023-11-22T20:36:13.650822+00:00
[2023-11-22T20:36:13.719+0000] {processor.py:179} INFO - Processing /home/airflow/.local/lib/python3.8/site-packages/airflow/example_dags/example_short_circuit_operator.py took 0.122 seconds
[2023-11-22T21:01:33.240+0000] {processor.py:157} INFO - Started process (PID=11872) to work on /home/airflow/.local/lib/python3.8/site-packages/airflow/example_dags/example_short_circuit_operator.py
[2023-11-22T21:01:33.242+0000] {processor.py:829} INFO - Processing file /home/airflow/.local/lib/python3.8/site-packages/airflow/example_dags/example_short_circuit_operator.py for tasks to queue
[2023-11-22T21:01:33.244+0000] {logging_mixin.py:154} INFO - [2023-11-22T21:01:33.244+0000] {dagbag.py:536} INFO - Filling up the DagBag from /home/airflow/.local/lib/python3.8/site-packages/airflow/example_dags/example_short_circuit_operator.py
[2023-11-22T21:01:33.261+0000] {processor.py:839} INFO - DAG(s) dict_keys(['example_short_circuit_operator']) retrieved from /home/airflow/.local/lib/python3.8/site-packages/airflow/example_dags/example_short_circuit_operator.py
[2023-11-22T21:01:33.318+0000] {logging_mixin.py:154} INFO - [2023-11-22T21:01:33.317+0000] {dag.py:2941} INFO - Sync 1 DAGs
[2023-11-22T21:01:33.352+0000] {logging_mixin.py:154} INFO - [2023-11-22T21:01:33.352+0000] {dag.py:3722} INFO - Setting next_dagrun for example_short_circuit_operator to 2023-11-21T21:01:33.351999+00:00, run_after=2023-11-22T21:01:33.351999+00:00
[2023-11-22T21:01:33.380+0000] {processor.py:179} INFO - Processing /home/airflow/.local/lib/python3.8/site-packages/airflow/example_dags/example_short_circuit_operator.py took 0.148 seconds
[2023-11-22T21:02:03.856+0000] {processor.py:157} INFO - Started process (PID=12112) to work on /home/airflow/.local/lib/python3.8/site-packages/airflow/example_dags/example_short_circuit_operator.py
[2023-11-22T21:02:03.857+0000] {processor.py:829} INFO - Processing file /home/airflow/.local/lib/python3.8/site-packages/airflow/example_dags/example_short_circuit_operator.py for tasks to queue
[2023-11-22T21:02:03.857+0000] {logging_mixin.py:154} INFO - [2023-11-22T21:02:03.857+0000] {dagbag.py:536} INFO - Filling up the DagBag from /home/airflow/.local/lib/python3.8/site-packages/airflow/example_dags/example_short_circuit_operator.py
[2023-11-22T21:02:03.865+0000] {processor.py:839} INFO - DAG(s) dict_keys(['example_short_circuit_operator']) retrieved from /home/airflow/.local/lib/python3.8/site-packages/airflow/example_dags/example_short_circuit_operator.py
[2023-11-22T21:02:03.887+0000] {logging_mixin.py:154} INFO - [2023-11-22T21:02:03.887+0000] {dag.py:2941} INFO - Sync 1 DAGs
[2023-11-22T21:02:03.906+0000] {logging_mixin.py:154} INFO - [2023-11-22T21:02:03.906+0000] {dag.py:3722} INFO - Setting next_dagrun for example_short_circuit_operator to 2023-11-21T21:02:03.905842+00:00, run_after=2023-11-22T21:02:03.905842+00:00
[2023-11-22T21:02:03.919+0000] {processor.py:179} INFO - Processing /home/airflow/.local/lib/python3.8/site-packages/airflow/example_dags/example_short_circuit_operator.py took 0.066 seconds
[2023-11-22T21:02:34.032+0000] {processor.py:157} INFO - Started process (PID=12348) to work on /home/airflow/.local/lib/python3.8/site-packages/airflow/example_dags/example_short_circuit_operator.py
[2023-11-22T21:02:34.033+0000] {processor.py:829} INFO - Processing file /home/airflow/.local/lib/python3.8/site-packages/airflow/example_dags/example_short_circuit_operator.py for tasks to queue
[2023-11-22T21:02:34.034+0000] {logging_mixin.py:154} INFO - [2023-11-22T21:02:34.034+0000] {dagbag.py:536} INFO - Filling up the DagBag from /home/airflow/.local/lib/python3.8/site-packages/airflow/example_dags/example_short_circuit_operator.py
[2023-11-22T21:02:34.042+0000] {processor.py:839} INFO - DAG(s) dict_keys(['example_short_circuit_operator']) retrieved from /home/airflow/.local/lib/python3.8/site-packages/airflow/example_dags/example_short_circuit_operator.py
[2023-11-22T21:02:34.064+0000] {logging_mixin.py:154} INFO - [2023-11-22T21:02:34.063+0000] {dag.py:2941} INFO - Sync 1 DAGs
[2023-11-22T21:02:34.081+0000] {logging_mixin.py:154} INFO - [2023-11-22T21:02:34.081+0000] {dag.py:3722} INFO - Setting next_dagrun for example_short_circuit_operator to 2023-11-21T21:02:34.081456+00:00, run_after=2023-11-22T21:02:34.081456+00:00
[2023-11-22T21:02:34.099+0000] {processor.py:179} INFO - Processing /home/airflow/.local/lib/python3.8/site-packages/airflow/example_dags/example_short_circuit_operator.py took 0.070 seconds
[2023-11-22T21:03:04.594+0000] {processor.py:157} INFO - Started process (PID=12588) to work on /home/airflow/.local/lib/python3.8/site-packages/airflow/example_dags/example_short_circuit_operator.py
[2023-11-22T21:03:04.595+0000] {processor.py:829} INFO - Processing file /home/airflow/.local/lib/python3.8/site-packages/airflow/example_dags/example_short_circuit_operator.py for tasks to queue
[2023-11-22T21:03:04.596+0000] {logging_mixin.py:154} INFO - [2023-11-22T21:03:04.596+0000] {dagbag.py:536} INFO - Filling up the DagBag from /home/airflow/.local/lib/python3.8/site-packages/airflow/example_dags/example_short_circuit_operator.py
[2023-11-22T21:03:04.603+0000] {processor.py:839} INFO - DAG(s) dict_keys(['example_short_circuit_operator']) retrieved from /home/airflow/.local/lib/python3.8/site-packages/airflow/example_dags/example_short_circuit_operator.py
[2023-11-22T21:03:04.625+0000] {logging_mixin.py:154} INFO - [2023-11-22T21:03:04.625+0000] {dag.py:2941} INFO - Sync 1 DAGs
[2023-11-22T21:03:04.641+0000] {logging_mixin.py:154} INFO - [2023-11-22T21:03:04.641+0000] {dag.py:3722} INFO - Setting next_dagrun for example_short_circuit_operator to 2023-11-21T21:03:04.641541+00:00, run_after=2023-11-22T21:03:04.641541+00:00
[2023-11-22T21:03:04.653+0000] {processor.py:179} INFO - Processing /home/airflow/.local/lib/python3.8/site-packages/airflow/example_dags/example_short_circuit_operator.py took 0.062 seconds
[2023-11-22T21:03:35.219+0000] {processor.py:157} INFO - Started process (PID=12824) to work on /home/airflow/.local/lib/python3.8/site-packages/airflow/example_dags/example_short_circuit_operator.py
[2023-11-22T21:03:35.220+0000] {processor.py:829} INFO - Processing file /home/airflow/.local/lib/python3.8/site-packages/airflow/example_dags/example_short_circuit_operator.py for tasks to queue
[2023-11-22T21:03:35.221+0000] {logging_mixin.py:154} INFO - [2023-11-22T21:03:35.221+0000] {dagbag.py:536} INFO - Filling up the DagBag from /home/airflow/.local/lib/python3.8/site-packages/airflow/example_dags/example_short_circuit_operator.py
[2023-11-22T21:03:35.228+0000] {processor.py:839} INFO - DAG(s) dict_keys(['example_short_circuit_operator']) retrieved from /home/airflow/.local/lib/python3.8/site-packages/airflow/example_dags/example_short_circuit_operator.py
[2023-11-22T21:03:35.252+0000] {logging_mixin.py:154} INFO - [2023-11-22T21:03:35.252+0000] {dag.py:2941} INFO - Sync 1 DAGs
[2023-11-22T21:03:35.269+0000] {logging_mixin.py:154} INFO - [2023-11-22T21:03:35.269+0000] {dag.py:3722} INFO - Setting next_dagrun for example_short_circuit_operator to 2023-11-21T21:03:35.269066+00:00, run_after=2023-11-22T21:03:35.269066+00:00
[2023-11-22T21:03:35.282+0000] {processor.py:179} INFO - Processing /home/airflow/.local/lib/python3.8/site-packages/airflow/example_dags/example_short_circuit_operator.py took 0.066 seconds
[2023-11-22T21:04:05.929+0000] {processor.py:157} INFO - Started process (PID=13062) to work on /home/airflow/.local/lib/python3.8/site-packages/airflow/example_dags/example_short_circuit_operator.py
[2023-11-22T21:04:05.930+0000] {processor.py:829} INFO - Processing file /home/airflow/.local/lib/python3.8/site-packages/airflow/example_dags/example_short_circuit_operator.py for tasks to queue
[2023-11-22T21:04:05.931+0000] {logging_mixin.py:154} INFO - [2023-11-22T21:04:05.930+0000] {dagbag.py:536} INFO - Filling up the DagBag from /home/airflow/.local/lib/python3.8/site-packages/airflow/example_dags/example_short_circuit_operator.py
[2023-11-22T21:04:05.938+0000] {processor.py:839} INFO - DAG(s) dict_keys(['example_short_circuit_operator']) retrieved from /home/airflow/.local/lib/python3.8/site-packages/airflow/example_dags/example_short_circuit_operator.py
[2023-11-22T21:04:05.961+0000] {logging_mixin.py:154} INFO - [2023-11-22T21:04:05.961+0000] {dag.py:2941} INFO - Sync 1 DAGs
[2023-11-22T21:04:05.978+0000] {logging_mixin.py:154} INFO - [2023-11-22T21:04:05.978+0000] {dag.py:3722} INFO - Setting next_dagrun for example_short_circuit_operator to 2023-11-21T21:04:05.978156+00:00, run_after=2023-11-22T21:04:05.978156+00:00
[2023-11-22T21:04:05.991+0000] {processor.py:179} INFO - Processing /home/airflow/.local/lib/python3.8/site-packages/airflow/example_dags/example_short_circuit_operator.py took 0.065 seconds
[2023-11-22T21:04:36.564+0000] {processor.py:157} INFO - Started process (PID=13300) to work on /home/airflow/.local/lib/python3.8/site-packages/airflow/example_dags/example_short_circuit_operator.py
[2023-11-22T21:04:36.565+0000] {processor.py:829} INFO - Processing file /home/airflow/.local/lib/python3.8/site-packages/airflow/example_dags/example_short_circuit_operator.py for tasks to queue
[2023-11-22T21:04:36.566+0000] {logging_mixin.py:154} INFO - [2023-11-22T21:04:36.566+0000] {dagbag.py:536} INFO - Filling up the DagBag from /home/airflow/.local/lib/python3.8/site-packages/airflow/example_dags/example_short_circuit_operator.py
[2023-11-22T21:04:36.574+0000] {processor.py:839} INFO - DAG(s) dict_keys(['example_short_circuit_operator']) retrieved from /home/airflow/.local/lib/python3.8/site-packages/airflow/example_dags/example_short_circuit_operator.py
[2023-11-22T21:04:36.600+0000] {logging_mixin.py:154} INFO - [2023-11-22T21:04:36.600+0000] {dag.py:2941} INFO - Sync 1 DAGs
[2023-11-22T21:04:36.618+0000] {logging_mixin.py:154} INFO - [2023-11-22T21:04:36.618+0000] {dag.py:3722} INFO - Setting next_dagrun for example_short_circuit_operator to 2023-11-21T21:04:36.617956+00:00, run_after=2023-11-22T21:04:36.617956+00:00
[2023-11-22T21:04:36.633+0000] {processor.py:179} INFO - Processing /home/airflow/.local/lib/python3.8/site-packages/airflow/example_dags/example_short_circuit_operator.py took 0.075 seconds
[2023-11-22T21:05:06.979+0000] {processor.py:157} INFO - Started process (PID=13540) to work on /home/airflow/.local/lib/python3.8/site-packages/airflow/example_dags/example_short_circuit_operator.py
[2023-11-22T21:05:06.980+0000] {processor.py:829} INFO - Processing file /home/airflow/.local/lib/python3.8/site-packages/airflow/example_dags/example_short_circuit_operator.py for tasks to queue
[2023-11-22T21:05:06.981+0000] {logging_mixin.py:154} INFO - [2023-11-22T21:05:06.981+0000] {dagbag.py:536} INFO - Filling up the DagBag from /home/airflow/.local/lib/python3.8/site-packages/airflow/example_dags/example_short_circuit_operator.py
[2023-11-22T21:05:06.991+0000] {processor.py:839} INFO - DAG(s) dict_keys(['example_short_circuit_operator']) retrieved from /home/airflow/.local/lib/python3.8/site-packages/airflow/example_dags/example_short_circuit_operator.py
[2023-11-22T21:05:07.022+0000] {logging_mixin.py:154} INFO - [2023-11-22T21:05:07.021+0000] {dag.py:2941} INFO - Sync 1 DAGs
[2023-11-22T21:05:07.040+0000] {logging_mixin.py:154} INFO - [2023-11-22T21:05:07.040+0000] {dag.py:3722} INFO - Setting next_dagrun for example_short_circuit_operator to 2023-11-21T21:05:07.040356+00:00, run_after=2023-11-22T21:05:07.040356+00:00
[2023-11-22T21:05:07.057+0000] {processor.py:179} INFO - Processing /home/airflow/.local/lib/python3.8/site-packages/airflow/example_dags/example_short_circuit_operator.py took 0.082 seconds
[2023-11-22T21:05:37.608+0000] {processor.py:157} INFO - Started process (PID=13775) to work on /home/airflow/.local/lib/python3.8/site-packages/airflow/example_dags/example_short_circuit_operator.py
[2023-11-22T21:05:37.609+0000] {processor.py:829} INFO - Processing file /home/airflow/.local/lib/python3.8/site-packages/airflow/example_dags/example_short_circuit_operator.py for tasks to queue
[2023-11-22T21:05:37.610+0000] {logging_mixin.py:154} INFO - [2023-11-22T21:05:37.610+0000] {dagbag.py:536} INFO - Filling up the DagBag from /home/airflow/.local/lib/python3.8/site-packages/airflow/example_dags/example_short_circuit_operator.py
[2023-11-22T21:05:37.618+0000] {processor.py:839} INFO - DAG(s) dict_keys(['example_short_circuit_operator']) retrieved from /home/airflow/.local/lib/python3.8/site-packages/airflow/example_dags/example_short_circuit_operator.py
[2023-11-22T21:05:37.643+0000] {logging_mixin.py:154} INFO - [2023-11-22T21:05:37.643+0000] {dag.py:2941} INFO - Sync 1 DAGs
[2023-11-22T21:05:37.660+0000] {logging_mixin.py:154} INFO - [2023-11-22T21:05:37.660+0000] {dag.py:3722} INFO - Setting next_dagrun for example_short_circuit_operator to 2023-11-21T21:05:37.660584+00:00, run_after=2023-11-22T21:05:37.660584+00:00
[2023-11-22T21:05:37.675+0000] {processor.py:179} INFO - Processing /home/airflow/.local/lib/python3.8/site-packages/airflow/example_dags/example_short_circuit_operator.py took 0.070 seconds
[2023-11-22T21:06:07.771+0000] {processor.py:157} INFO - Started process (PID=14013) to work on /home/airflow/.local/lib/python3.8/site-packages/airflow/example_dags/example_short_circuit_operator.py
[2023-11-22T21:06:07.772+0000] {processor.py:829} INFO - Processing file /home/airflow/.local/lib/python3.8/site-packages/airflow/example_dags/example_short_circuit_operator.py for tasks to queue
[2023-11-22T21:06:07.773+0000] {logging_mixin.py:154} INFO - [2023-11-22T21:06:07.773+0000] {dagbag.py:536} INFO - Filling up the DagBag from /home/airflow/.local/lib/python3.8/site-packages/airflow/example_dags/example_short_circuit_operator.py
[2023-11-22T21:06:07.780+0000] {processor.py:839} INFO - DAG(s) dict_keys(['example_short_circuit_operator']) retrieved from /home/airflow/.local/lib/python3.8/site-packages/airflow/example_dags/example_short_circuit_operator.py
[2023-11-22T21:06:07.806+0000] {logging_mixin.py:154} INFO - [2023-11-22T21:06:07.806+0000] {dag.py:2941} INFO - Sync 1 DAGs
[2023-11-22T21:06:07.824+0000] {logging_mixin.py:154} INFO - [2023-11-22T21:06:07.824+0000] {dag.py:3722} INFO - Setting next_dagrun for example_short_circuit_operator to 2023-11-21T21:06:07.824550+00:00, run_after=2023-11-22T21:06:07.824550+00:00
[2023-11-22T21:06:07.848+0000] {processor.py:179} INFO - Processing /home/airflow/.local/lib/python3.8/site-packages/airflow/example_dags/example_short_circuit_operator.py took 0.081 seconds
[2023-11-22T21:06:37.926+0000] {processor.py:157} INFO - Started process (PID=14251) to work on /home/airflow/.local/lib/python3.8/site-packages/airflow/example_dags/example_short_circuit_operator.py
[2023-11-22T21:06:37.927+0000] {processor.py:829} INFO - Processing file /home/airflow/.local/lib/python3.8/site-packages/airflow/example_dags/example_short_circuit_operator.py for tasks to queue
[2023-11-22T21:06:37.928+0000] {logging_mixin.py:154} INFO - [2023-11-22T21:06:37.928+0000] {dagbag.py:536} INFO - Filling up the DagBag from /home/airflow/.local/lib/python3.8/site-packages/airflow/example_dags/example_short_circuit_operator.py
[2023-11-22T21:06:37.935+0000] {processor.py:839} INFO - DAG(s) dict_keys(['example_short_circuit_operator']) retrieved from /home/airflow/.local/lib/python3.8/site-packages/airflow/example_dags/example_short_circuit_operator.py
[2023-11-22T21:06:37.958+0000] {logging_mixin.py:154} INFO - [2023-11-22T21:06:37.958+0000] {dag.py:2941} INFO - Sync 1 DAGs
[2023-11-22T21:06:37.976+0000] {logging_mixin.py:154} INFO - [2023-11-22T21:06:37.975+0000] {dag.py:3722} INFO - Setting next_dagrun for example_short_circuit_operator to 2023-11-21T21:06:37.975590+00:00, run_after=2023-11-22T21:06:37.975590+00:00
[2023-11-22T21:06:37.989+0000] {processor.py:179} INFO - Processing /home/airflow/.local/lib/python3.8/site-packages/airflow/example_dags/example_short_circuit_operator.py took 0.066 seconds
[2023-11-22T21:07:08.714+0000] {processor.py:157} INFO - Started process (PID=14489) to work on /home/airflow/.local/lib/python3.8/site-packages/airflow/example_dags/example_short_circuit_operator.py
[2023-11-22T21:07:08.716+0000] {processor.py:829} INFO - Processing file /home/airflow/.local/lib/python3.8/site-packages/airflow/example_dags/example_short_circuit_operator.py for tasks to queue
[2023-11-22T21:07:08.717+0000] {logging_mixin.py:154} INFO - [2023-11-22T21:07:08.716+0000] {dagbag.py:536} INFO - Filling up the DagBag from /home/airflow/.local/lib/python3.8/site-packages/airflow/example_dags/example_short_circuit_operator.py
[2023-11-22T21:07:08.728+0000] {processor.py:839} INFO - DAG(s) dict_keys(['example_short_circuit_operator']) retrieved from /home/airflow/.local/lib/python3.8/site-packages/airflow/example_dags/example_short_circuit_operator.py
[2023-11-22T21:07:08.759+0000] {logging_mixin.py:154} INFO - [2023-11-22T21:07:08.759+0000] {dag.py:2941} INFO - Sync 1 DAGs
[2023-11-22T21:07:08.783+0000] {logging_mixin.py:154} INFO - [2023-11-22T21:07:08.783+0000] {dag.py:3722} INFO - Setting next_dagrun for example_short_circuit_operator to 2023-11-21T21:07:08.782996+00:00, run_after=2023-11-22T21:07:08.782996+00:00
[2023-11-22T21:07:08.802+0000] {processor.py:179} INFO - Processing /home/airflow/.local/lib/python3.8/site-packages/airflow/example_dags/example_short_circuit_operator.py took 0.093 seconds
[2023-11-22T21:07:39.118+0000] {processor.py:157} INFO - Started process (PID=14729) to work on /home/airflow/.local/lib/python3.8/site-packages/airflow/example_dags/example_short_circuit_operator.py
[2023-11-22T21:07:39.118+0000] {processor.py:829} INFO - Processing file /home/airflow/.local/lib/python3.8/site-packages/airflow/example_dags/example_short_circuit_operator.py for tasks to queue
[2023-11-22T21:07:39.119+0000] {logging_mixin.py:154} INFO - [2023-11-22T21:07:39.119+0000] {dagbag.py:536} INFO - Filling up the DagBag from /home/airflow/.local/lib/python3.8/site-packages/airflow/example_dags/example_short_circuit_operator.py
[2023-11-22T21:07:39.126+0000] {processor.py:839} INFO - DAG(s) dict_keys(['example_short_circuit_operator']) retrieved from /home/airflow/.local/lib/python3.8/site-packages/airflow/example_dags/example_short_circuit_operator.py
[2023-11-22T21:07:39.148+0000] {logging_mixin.py:154} INFO - [2023-11-22T21:07:39.148+0000] {dag.py:2941} INFO - Sync 1 DAGs
[2023-11-22T21:07:39.164+0000] {logging_mixin.py:154} INFO - [2023-11-22T21:07:39.164+0000] {dag.py:3722} INFO - Setting next_dagrun for example_short_circuit_operator to 2023-11-21T21:07:39.164569+00:00, run_after=2023-11-22T21:07:39.164569+00:00
[2023-11-22T21:07:39.177+0000] {processor.py:179} INFO - Processing /home/airflow/.local/lib/python3.8/site-packages/airflow/example_dags/example_short_circuit_operator.py took 0.063 seconds
[2023-11-22T21:08:09.617+0000] {processor.py:157} INFO - Started process (PID=14965) to work on /home/airflow/.local/lib/python3.8/site-packages/airflow/example_dags/example_short_circuit_operator.py
[2023-11-22T21:08:09.618+0000] {processor.py:829} INFO - Processing file /home/airflow/.local/lib/python3.8/site-packages/airflow/example_dags/example_short_circuit_operator.py for tasks to queue
[2023-11-22T21:08:09.619+0000] {logging_mixin.py:154} INFO - [2023-11-22T21:08:09.619+0000] {dagbag.py:536} INFO - Filling up the DagBag from /home/airflow/.local/lib/python3.8/site-packages/airflow/example_dags/example_short_circuit_operator.py
[2023-11-22T21:08:09.626+0000] {processor.py:839} INFO - DAG(s) dict_keys(['example_short_circuit_operator']) retrieved from /home/airflow/.local/lib/python3.8/site-packages/airflow/example_dags/example_short_circuit_operator.py
[2023-11-22T21:08:09.649+0000] {logging_mixin.py:154} INFO - [2023-11-22T21:08:09.649+0000] {dag.py:2941} INFO - Sync 1 DAGs
[2023-11-22T21:08:09.666+0000] {logging_mixin.py:154} INFO - [2023-11-22T21:08:09.666+0000] {dag.py:3722} INFO - Setting next_dagrun for example_short_circuit_operator to 2023-11-21T21:08:09.666045+00:00, run_after=2023-11-22T21:08:09.666045+00:00
[2023-11-22T21:08:09.680+0000] {processor.py:179} INFO - Processing /home/airflow/.local/lib/python3.8/site-packages/airflow/example_dags/example_short_circuit_operator.py took 0.066 seconds
[2023-11-22T21:08:40.622+0000] {processor.py:157} INFO - Started process (PID=15203) to work on /home/airflow/.local/lib/python3.8/site-packages/airflow/example_dags/example_short_circuit_operator.py
[2023-11-22T21:08:40.623+0000] {processor.py:829} INFO - Processing file /home/airflow/.local/lib/python3.8/site-packages/airflow/example_dags/example_short_circuit_operator.py for tasks to queue
[2023-11-22T21:08:40.624+0000] {logging_mixin.py:154} INFO - [2023-11-22T21:08:40.624+0000] {dagbag.py:536} INFO - Filling up the DagBag from /home/airflow/.local/lib/python3.8/site-packages/airflow/example_dags/example_short_circuit_operator.py
[2023-11-22T21:08:40.632+0000] {processor.py:839} INFO - DAG(s) dict_keys(['example_short_circuit_operator']) retrieved from /home/airflow/.local/lib/python3.8/site-packages/airflow/example_dags/example_short_circuit_operator.py
[2023-11-22T21:08:40.656+0000] {logging_mixin.py:154} INFO - [2023-11-22T21:08:40.656+0000] {dag.py:2941} INFO - Sync 1 DAGs
[2023-11-22T21:08:40.676+0000] {logging_mixin.py:154} INFO - [2023-11-22T21:08:40.676+0000] {dag.py:3722} INFO - Setting next_dagrun for example_short_circuit_operator to 2023-11-21T21:08:40.676317+00:00, run_after=2023-11-22T21:08:40.676317+00:00
[2023-11-22T21:08:40.690+0000] {processor.py:179} INFO - Processing /home/airflow/.local/lib/python3.8/site-packages/airflow/example_dags/example_short_circuit_operator.py took 0.072 seconds
[2023-11-22T21:09:40.845+0000] {processor.py:157} INFO - Started process (PID=202) to work on /home/airflow/.local/lib/python3.8/site-packages/airflow/example_dags/example_short_circuit_operator.py
[2023-11-22T21:09:40.846+0000] {processor.py:829} INFO - Processing file /home/airflow/.local/lib/python3.8/site-packages/airflow/example_dags/example_short_circuit_operator.py for tasks to queue
[2023-11-22T21:09:40.847+0000] {logging_mixin.py:154} INFO - [2023-11-22T21:09:40.847+0000] {dagbag.py:536} INFO - Filling up the DagBag from /home/airflow/.local/lib/python3.8/site-packages/airflow/example_dags/example_short_circuit_operator.py
[2023-11-22T21:09:40.860+0000] {processor.py:839} INFO - DAG(s) dict_keys(['example_short_circuit_operator']) retrieved from /home/airflow/.local/lib/python3.8/site-packages/airflow/example_dags/example_short_circuit_operator.py
[2023-11-22T21:09:40.881+0000] {logging_mixin.py:154} INFO - [2023-11-22T21:09:40.881+0000] {dag.py:2941} INFO - Sync 1 DAGs
[2023-11-22T21:09:40.942+0000] {logging_mixin.py:154} INFO - [2023-11-22T21:09:40.942+0000] {dag.py:3722} INFO - Setting next_dagrun for example_short_circuit_operator to 2023-11-21T21:09:40.942255+00:00, run_after=2023-11-22T21:09:40.942255+00:00
[2023-11-22T21:09:40.970+0000] {processor.py:179} INFO - Processing /home/airflow/.local/lib/python3.8/site-packages/airflow/example_dags/example_short_circuit_operator.py took 0.129 seconds
[2023-11-22T21:10:11.147+0000] {processor.py:157} INFO - Started process (PID=443) to work on /home/airflow/.local/lib/python3.8/site-packages/airflow/example_dags/example_short_circuit_operator.py
[2023-11-22T21:10:11.149+0000] {processor.py:829} INFO - Processing file /home/airflow/.local/lib/python3.8/site-packages/airflow/example_dags/example_short_circuit_operator.py for tasks to queue
[2023-11-22T21:10:11.149+0000] {logging_mixin.py:154} INFO - [2023-11-22T21:10:11.149+0000] {dagbag.py:536} INFO - Filling up the DagBag from /home/airflow/.local/lib/python3.8/site-packages/airflow/example_dags/example_short_circuit_operator.py
[2023-11-22T21:10:11.157+0000] {processor.py:839} INFO - DAG(s) dict_keys(['example_short_circuit_operator']) retrieved from /home/airflow/.local/lib/python3.8/site-packages/airflow/example_dags/example_short_circuit_operator.py
[2023-11-22T21:10:11.180+0000] {logging_mixin.py:154} INFO - [2023-11-22T21:10:11.180+0000] {dag.py:2941} INFO - Sync 1 DAGs
[2023-11-22T21:10:11.198+0000] {logging_mixin.py:154} INFO - [2023-11-22T21:10:11.198+0000] {dag.py:3722} INFO - Setting next_dagrun for example_short_circuit_operator to 2023-11-21T21:10:11.197922+00:00, run_after=2023-11-22T21:10:11.197922+00:00
[2023-11-22T21:10:11.219+0000] {processor.py:179} INFO - Processing /home/airflow/.local/lib/python3.8/site-packages/airflow/example_dags/example_short_circuit_operator.py took 0.074 seconds
