[2023-11-22T19:30:06.455+0000] {processor.py:157} INFO - Started process (PID=327) to work on /home/airflow/.local/lib/python3.8/site-packages/airflow/example_dags/example_complex.py
[2023-11-22T19:30:06.457+0000] {processor.py:829} INFO - Processing file /home/airflow/.local/lib/python3.8/site-packages/airflow/example_dags/example_complex.py for tasks to queue
[2023-11-22T19:30:06.458+0000] {logging_mixin.py:154} INFO - [2023-11-22T19:30:06.457+0000] {dagbag.py:536} INFO - Filling up the DagBag from /home/airflow/.local/lib/python3.8/site-packages/airflow/example_dags/example_complex.py
[2023-11-22T19:30:06.473+0000] {processor.py:839} INFO - DAG(s) dict_keys(['example_complex']) retrieved from /home/airflow/.local/lib/python3.8/site-packages/airflow/example_dags/example_complex.py
[2023-11-22T19:30:06.494+0000] {logging_mixin.py:154} INFO - [2023-11-22T19:30:06.494+0000] {dag.py:2941} INFO - Sync 1 DAGs
[2023-11-22T19:30:06.509+0000] {logging_mixin.py:154} INFO - [2023-11-22T19:30:06.509+0000] {dag.py:3722} INFO - Setting next_dagrun for example_complex to None, run_after=None
[2023-11-22T19:30:06.528+0000] {processor.py:179} INFO - Processing /home/airflow/.local/lib/python3.8/site-packages/airflow/example_dags/example_complex.py took 0.077 seconds
[2023-11-22T19:30:37.118+0000] {processor.py:157} INFO - Started process (PID=566) to work on /home/airflow/.local/lib/python3.8/site-packages/airflow/example_dags/example_complex.py
[2023-11-22T19:30:37.119+0000] {processor.py:829} INFO - Processing file /home/airflow/.local/lib/python3.8/site-packages/airflow/example_dags/example_complex.py for tasks to queue
[2023-11-22T19:30:37.120+0000] {logging_mixin.py:154} INFO - [2023-11-22T19:30:37.120+0000] {dagbag.py:536} INFO - Filling up the DagBag from /home/airflow/.local/lib/python3.8/site-packages/airflow/example_dags/example_complex.py
[2023-11-22T19:30:37.129+0000] {processor.py:839} INFO - DAG(s) dict_keys(['example_complex']) retrieved from /home/airflow/.local/lib/python3.8/site-packages/airflow/example_dags/example_complex.py
[2023-11-22T19:30:37.156+0000] {logging_mixin.py:154} INFO - [2023-11-22T19:30:37.156+0000] {dag.py:2941} INFO - Sync 1 DAGs
[2023-11-22T19:30:37.166+0000] {logging_mixin.py:154} INFO - [2023-11-22T19:30:37.166+0000] {dag.py:3722} INFO - Setting next_dagrun for example_complex to None, run_after=None
[2023-11-22T19:30:37.179+0000] {processor.py:179} INFO - Processing /home/airflow/.local/lib/python3.8/site-packages/airflow/example_dags/example_complex.py took 0.065 seconds
[2023-11-22T19:31:07.759+0000] {processor.py:157} INFO - Started process (PID=803) to work on /home/airflow/.local/lib/python3.8/site-packages/airflow/example_dags/example_complex.py
[2023-11-22T19:31:07.760+0000] {processor.py:829} INFO - Processing file /home/airflow/.local/lib/python3.8/site-packages/airflow/example_dags/example_complex.py for tasks to queue
[2023-11-22T19:31:07.761+0000] {logging_mixin.py:154} INFO - [2023-11-22T19:31:07.760+0000] {dagbag.py:536} INFO - Filling up the DagBag from /home/airflow/.local/lib/python3.8/site-packages/airflow/example_dags/example_complex.py
[2023-11-22T19:31:07.769+0000] {processor.py:839} INFO - DAG(s) dict_keys(['example_complex']) retrieved from /home/airflow/.local/lib/python3.8/site-packages/airflow/example_dags/example_complex.py
[2023-11-22T19:31:07.798+0000] {logging_mixin.py:154} INFO - [2023-11-22T19:31:07.797+0000] {dag.py:2941} INFO - Sync 1 DAGs
[2023-11-22T19:31:07.807+0000] {logging_mixin.py:154} INFO - [2023-11-22T19:31:07.807+0000] {dag.py:3722} INFO - Setting next_dagrun for example_complex to None, run_after=None
[2023-11-22T19:31:07.820+0000] {processor.py:179} INFO - Processing /home/airflow/.local/lib/python3.8/site-packages/airflow/example_dags/example_complex.py took 0.064 seconds
[2023-11-22T19:31:38.646+0000] {processor.py:157} INFO - Started process (PID=1041) to work on /home/airflow/.local/lib/python3.8/site-packages/airflow/example_dags/example_complex.py
[2023-11-22T19:31:38.647+0000] {processor.py:829} INFO - Processing file /home/airflow/.local/lib/python3.8/site-packages/airflow/example_dags/example_complex.py for tasks to queue
[2023-11-22T19:31:38.648+0000] {logging_mixin.py:154} INFO - [2023-11-22T19:31:38.647+0000] {dagbag.py:536} INFO - Filling up the DagBag from /home/airflow/.local/lib/python3.8/site-packages/airflow/example_dags/example_complex.py
[2023-11-22T19:31:38.657+0000] {processor.py:839} INFO - DAG(s) dict_keys(['example_complex']) retrieved from /home/airflow/.local/lib/python3.8/site-packages/airflow/example_dags/example_complex.py
[2023-11-22T19:31:38.685+0000] {logging_mixin.py:154} INFO - [2023-11-22T19:31:38.685+0000] {dag.py:2941} INFO - Sync 1 DAGs
[2023-11-22T19:31:38.695+0000] {logging_mixin.py:154} INFO - [2023-11-22T19:31:38.695+0000] {dag.py:3722} INFO - Setting next_dagrun for example_complex to None, run_after=None
[2023-11-22T19:31:38.709+0000] {processor.py:179} INFO - Processing /home/airflow/.local/lib/python3.8/site-packages/airflow/example_dags/example_complex.py took 0.066 seconds
[2023-11-22T19:32:08.865+0000] {processor.py:157} INFO - Started process (PID=1279) to work on /home/airflow/.local/lib/python3.8/site-packages/airflow/example_dags/example_complex.py
[2023-11-22T19:32:08.866+0000] {processor.py:829} INFO - Processing file /home/airflow/.local/lib/python3.8/site-packages/airflow/example_dags/example_complex.py for tasks to queue
[2023-11-22T19:32:08.866+0000] {logging_mixin.py:154} INFO - [2023-11-22T19:32:08.866+0000] {dagbag.py:536} INFO - Filling up the DagBag from /home/airflow/.local/lib/python3.8/site-packages/airflow/example_dags/example_complex.py
[2023-11-22T19:32:08.875+0000] {processor.py:839} INFO - DAG(s) dict_keys(['example_complex']) retrieved from /home/airflow/.local/lib/python3.8/site-packages/airflow/example_dags/example_complex.py
[2023-11-22T19:32:08.903+0000] {logging_mixin.py:154} INFO - [2023-11-22T19:32:08.903+0000] {dag.py:2941} INFO - Sync 1 DAGs
[2023-11-22T19:32:08.913+0000] {logging_mixin.py:154} INFO - [2023-11-22T19:32:08.913+0000] {dag.py:3722} INFO - Setting next_dagrun for example_complex to None, run_after=None
[2023-11-22T19:32:08.925+0000] {processor.py:179} INFO - Processing /home/airflow/.local/lib/python3.8/site-packages/airflow/example_dags/example_complex.py took 0.064 seconds
[2023-11-22T19:32:39.449+0000] {processor.py:157} INFO - Started process (PID=1517) to work on /home/airflow/.local/lib/python3.8/site-packages/airflow/example_dags/example_complex.py
[2023-11-22T19:32:39.450+0000] {processor.py:829} INFO - Processing file /home/airflow/.local/lib/python3.8/site-packages/airflow/example_dags/example_complex.py for tasks to queue
[2023-11-22T19:32:39.450+0000] {logging_mixin.py:154} INFO - [2023-11-22T19:32:39.450+0000] {dagbag.py:536} INFO - Filling up the DagBag from /home/airflow/.local/lib/python3.8/site-packages/airflow/example_dags/example_complex.py
[2023-11-22T19:32:39.459+0000] {processor.py:839} INFO - DAG(s) dict_keys(['example_complex']) retrieved from /home/airflow/.local/lib/python3.8/site-packages/airflow/example_dags/example_complex.py
[2023-11-22T19:32:39.488+0000] {logging_mixin.py:154} INFO - [2023-11-22T19:32:39.487+0000] {dag.py:2941} INFO - Sync 1 DAGs
[2023-11-22T19:32:39.497+0000] {logging_mixin.py:154} INFO - [2023-11-22T19:32:39.497+0000] {dag.py:3722} INFO - Setting next_dagrun for example_complex to None, run_after=None
[2023-11-22T19:32:39.509+0000] {processor.py:179} INFO - Processing /home/airflow/.local/lib/python3.8/site-packages/airflow/example_dags/example_complex.py took 0.064 seconds
[2023-11-22T19:33:10.222+0000] {processor.py:157} INFO - Started process (PID=1755) to work on /home/airflow/.local/lib/python3.8/site-packages/airflow/example_dags/example_complex.py
[2023-11-22T19:33:10.223+0000] {processor.py:829} INFO - Processing file /home/airflow/.local/lib/python3.8/site-packages/airflow/example_dags/example_complex.py for tasks to queue
[2023-11-22T19:33:10.224+0000] {logging_mixin.py:154} INFO - [2023-11-22T19:33:10.223+0000] {dagbag.py:536} INFO - Filling up the DagBag from /home/airflow/.local/lib/python3.8/site-packages/airflow/example_dags/example_complex.py
[2023-11-22T19:33:10.233+0000] {processor.py:839} INFO - DAG(s) dict_keys(['example_complex']) retrieved from /home/airflow/.local/lib/python3.8/site-packages/airflow/example_dags/example_complex.py
[2023-11-22T19:33:10.262+0000] {logging_mixin.py:154} INFO - [2023-11-22T19:33:10.262+0000] {dag.py:2941} INFO - Sync 1 DAGs
[2023-11-22T19:33:10.272+0000] {logging_mixin.py:154} INFO - [2023-11-22T19:33:10.272+0000] {dag.py:3722} INFO - Setting next_dagrun for example_complex to None, run_after=None
[2023-11-22T19:33:10.285+0000] {processor.py:179} INFO - Processing /home/airflow/.local/lib/python3.8/site-packages/airflow/example_dags/example_complex.py took 0.066 seconds
[2023-11-22T19:33:40.784+0000] {processor.py:157} INFO - Started process (PID=1993) to work on /home/airflow/.local/lib/python3.8/site-packages/airflow/example_dags/example_complex.py
[2023-11-22T19:33:40.785+0000] {processor.py:829} INFO - Processing file /home/airflow/.local/lib/python3.8/site-packages/airflow/example_dags/example_complex.py for tasks to queue
[2023-11-22T19:33:40.786+0000] {logging_mixin.py:154} INFO - [2023-11-22T19:33:40.786+0000] {dagbag.py:536} INFO - Filling up the DagBag from /home/airflow/.local/lib/python3.8/site-packages/airflow/example_dags/example_complex.py
[2023-11-22T19:33:40.795+0000] {processor.py:839} INFO - DAG(s) dict_keys(['example_complex']) retrieved from /home/airflow/.local/lib/python3.8/site-packages/airflow/example_dags/example_complex.py
[2023-11-22T19:33:40.824+0000] {logging_mixin.py:154} INFO - [2023-11-22T19:33:40.824+0000] {dag.py:2941} INFO - Sync 1 DAGs
[2023-11-22T19:33:40.833+0000] {logging_mixin.py:154} INFO - [2023-11-22T19:33:40.833+0000] {dag.py:3722} INFO - Setting next_dagrun for example_complex to None, run_after=None
[2023-11-22T19:33:40.847+0000] {processor.py:179} INFO - Processing /home/airflow/.local/lib/python3.8/site-packages/airflow/example_dags/example_complex.py took 0.066 seconds
[2023-11-22T19:34:11.526+0000] {processor.py:157} INFO - Started process (PID=2231) to work on /home/airflow/.local/lib/python3.8/site-packages/airflow/example_dags/example_complex.py
[2023-11-22T19:34:11.527+0000] {processor.py:829} INFO - Processing file /home/airflow/.local/lib/python3.8/site-packages/airflow/example_dags/example_complex.py for tasks to queue
[2023-11-22T19:34:11.528+0000] {logging_mixin.py:154} INFO - [2023-11-22T19:34:11.528+0000] {dagbag.py:536} INFO - Filling up the DagBag from /home/airflow/.local/lib/python3.8/site-packages/airflow/example_dags/example_complex.py
[2023-11-22T19:34:11.538+0000] {processor.py:839} INFO - DAG(s) dict_keys(['example_complex']) retrieved from /home/airflow/.local/lib/python3.8/site-packages/airflow/example_dags/example_complex.py
[2023-11-22T19:34:11.567+0000] {logging_mixin.py:154} INFO - [2023-11-22T19:34:11.567+0000] {dag.py:2941} INFO - Sync 1 DAGs
[2023-11-22T19:34:11.577+0000] {logging_mixin.py:154} INFO - [2023-11-22T19:34:11.577+0000] {dag.py:3722} INFO - Setting next_dagrun for example_complex to None, run_after=None
[2023-11-22T19:34:11.591+0000] {processor.py:179} INFO - Processing /home/airflow/.local/lib/python3.8/site-packages/airflow/example_dags/example_complex.py took 0.069 seconds
[2023-11-22T19:34:41.843+0000] {processor.py:157} INFO - Started process (PID=2469) to work on /home/airflow/.local/lib/python3.8/site-packages/airflow/example_dags/example_complex.py
[2023-11-22T19:34:41.844+0000] {processor.py:829} INFO - Processing file /home/airflow/.local/lib/python3.8/site-packages/airflow/example_dags/example_complex.py for tasks to queue
[2023-11-22T19:34:41.845+0000] {logging_mixin.py:154} INFO - [2023-11-22T19:34:41.845+0000] {dagbag.py:536} INFO - Filling up the DagBag from /home/airflow/.local/lib/python3.8/site-packages/airflow/example_dags/example_complex.py
[2023-11-22T19:34:41.854+0000] {processor.py:839} INFO - DAG(s) dict_keys(['example_complex']) retrieved from /home/airflow/.local/lib/python3.8/site-packages/airflow/example_dags/example_complex.py
[2023-11-22T19:34:41.882+0000] {logging_mixin.py:154} INFO - [2023-11-22T19:34:41.882+0000] {dag.py:2941} INFO - Sync 1 DAGs
[2023-11-22T19:34:41.892+0000] {logging_mixin.py:154} INFO - [2023-11-22T19:34:41.892+0000] {dag.py:3722} INFO - Setting next_dagrun for example_complex to None, run_after=None
[2023-11-22T19:34:41.906+0000] {processor.py:179} INFO - Processing /home/airflow/.local/lib/python3.8/site-packages/airflow/example_dags/example_complex.py took 0.065 seconds
[2023-11-22T19:35:12.207+0000] {processor.py:157} INFO - Started process (PID=2707) to work on /home/airflow/.local/lib/python3.8/site-packages/airflow/example_dags/example_complex.py
[2023-11-22T19:35:12.208+0000] {processor.py:829} INFO - Processing file /home/airflow/.local/lib/python3.8/site-packages/airflow/example_dags/example_complex.py for tasks to queue
[2023-11-22T19:35:12.209+0000] {logging_mixin.py:154} INFO - [2023-11-22T19:35:12.208+0000] {dagbag.py:536} INFO - Filling up the DagBag from /home/airflow/.local/lib/python3.8/site-packages/airflow/example_dags/example_complex.py
[2023-11-22T19:35:12.217+0000] {processor.py:839} INFO - DAG(s) dict_keys(['example_complex']) retrieved from /home/airflow/.local/lib/python3.8/site-packages/airflow/example_dags/example_complex.py
[2023-11-22T19:35:12.248+0000] {logging_mixin.py:154} INFO - [2023-11-22T19:35:12.247+0000] {dag.py:2941} INFO - Sync 1 DAGs
[2023-11-22T19:35:12.257+0000] {logging_mixin.py:154} INFO - [2023-11-22T19:35:12.257+0000] {dag.py:3722} INFO - Setting next_dagrun for example_complex to None, run_after=None
[2023-11-22T19:35:12.270+0000] {processor.py:179} INFO - Processing /home/airflow/.local/lib/python3.8/site-packages/airflow/example_dags/example_complex.py took 0.066 seconds
[2023-11-22T19:35:42.697+0000] {processor.py:157} INFO - Started process (PID=2947) to work on /home/airflow/.local/lib/python3.8/site-packages/airflow/example_dags/example_complex.py
[2023-11-22T19:35:42.698+0000] {processor.py:829} INFO - Processing file /home/airflow/.local/lib/python3.8/site-packages/airflow/example_dags/example_complex.py for tasks to queue
[2023-11-22T19:35:42.698+0000] {logging_mixin.py:154} INFO - [2023-11-22T19:35:42.698+0000] {dagbag.py:536} INFO - Filling up the DagBag from /home/airflow/.local/lib/python3.8/site-packages/airflow/example_dags/example_complex.py
[2023-11-22T19:35:42.707+0000] {processor.py:839} INFO - DAG(s) dict_keys(['example_complex']) retrieved from /home/airflow/.local/lib/python3.8/site-packages/airflow/example_dags/example_complex.py
[2023-11-22T19:35:42.735+0000] {logging_mixin.py:154} INFO - [2023-11-22T19:35:42.735+0000] {dag.py:2941} INFO - Sync 1 DAGs
[2023-11-22T19:35:42.745+0000] {logging_mixin.py:154} INFO - [2023-11-22T19:35:42.745+0000] {dag.py:3722} INFO - Setting next_dagrun for example_complex to None, run_after=None
[2023-11-22T19:35:42.759+0000] {processor.py:179} INFO - Processing /home/airflow/.local/lib/python3.8/site-packages/airflow/example_dags/example_complex.py took 0.065 seconds
[2023-11-22T19:36:13.144+0000] {processor.py:157} INFO - Started process (PID=3183) to work on /home/airflow/.local/lib/python3.8/site-packages/airflow/example_dags/example_complex.py
[2023-11-22T19:36:13.145+0000] {processor.py:829} INFO - Processing file /home/airflow/.local/lib/python3.8/site-packages/airflow/example_dags/example_complex.py for tasks to queue
[2023-11-22T19:36:13.145+0000] {logging_mixin.py:154} INFO - [2023-11-22T19:36:13.145+0000] {dagbag.py:536} INFO - Filling up the DagBag from /home/airflow/.local/lib/python3.8/site-packages/airflow/example_dags/example_complex.py
[2023-11-22T19:36:13.154+0000] {processor.py:839} INFO - DAG(s) dict_keys(['example_complex']) retrieved from /home/airflow/.local/lib/python3.8/site-packages/airflow/example_dags/example_complex.py
[2023-11-22T19:36:13.182+0000] {logging_mixin.py:154} INFO - [2023-11-22T19:36:13.182+0000] {dag.py:2941} INFO - Sync 1 DAGs
[2023-11-22T19:36:13.192+0000] {logging_mixin.py:154} INFO - [2023-11-22T19:36:13.192+0000] {dag.py:3722} INFO - Setting next_dagrun for example_complex to None, run_after=None
[2023-11-22T19:36:13.204+0000] {processor.py:179} INFO - Processing /home/airflow/.local/lib/python3.8/site-packages/airflow/example_dags/example_complex.py took 0.064 seconds
[2023-11-22T19:36:44.084+0000] {processor.py:157} INFO - Started process (PID=3421) to work on /home/airflow/.local/lib/python3.8/site-packages/airflow/example_dags/example_complex.py
[2023-11-22T19:36:44.086+0000] {processor.py:829} INFO - Processing file /home/airflow/.local/lib/python3.8/site-packages/airflow/example_dags/example_complex.py for tasks to queue
[2023-11-22T19:36:44.087+0000] {logging_mixin.py:154} INFO - [2023-11-22T19:36:44.087+0000] {dagbag.py:536} INFO - Filling up the DagBag from /home/airflow/.local/lib/python3.8/site-packages/airflow/example_dags/example_complex.py
[2023-11-22T19:36:44.098+0000] {processor.py:839} INFO - DAG(s) dict_keys(['example_complex']) retrieved from /home/airflow/.local/lib/python3.8/site-packages/airflow/example_dags/example_complex.py
[2023-11-22T19:36:44.145+0000] {logging_mixin.py:154} INFO - [2023-11-22T19:36:44.144+0000] {dag.py:2941} INFO - Sync 1 DAGs
[2023-11-22T19:36:44.159+0000] {logging_mixin.py:154} INFO - [2023-11-22T19:36:44.159+0000] {dag.py:3722} INFO - Setting next_dagrun for example_complex to None, run_after=None
[2023-11-22T19:36:44.183+0000] {processor.py:179} INFO - Processing /home/airflow/.local/lib/python3.8/site-packages/airflow/example_dags/example_complex.py took 0.103 seconds
[2023-11-22T19:37:15.090+0000] {processor.py:157} INFO - Started process (PID=3661) to work on /home/airflow/.local/lib/python3.8/site-packages/airflow/example_dags/example_complex.py
[2023-11-22T19:37:15.091+0000] {processor.py:829} INFO - Processing file /home/airflow/.local/lib/python3.8/site-packages/airflow/example_dags/example_complex.py for tasks to queue
[2023-11-22T19:37:15.092+0000] {logging_mixin.py:154} INFO - [2023-11-22T19:37:15.092+0000] {dagbag.py:536} INFO - Filling up the DagBag from /home/airflow/.local/lib/python3.8/site-packages/airflow/example_dags/example_complex.py
[2023-11-22T19:37:15.101+0000] {processor.py:839} INFO - DAG(s) dict_keys(['example_complex']) retrieved from /home/airflow/.local/lib/python3.8/site-packages/airflow/example_dags/example_complex.py
[2023-11-22T19:37:15.130+0000] {logging_mixin.py:154} INFO - [2023-11-22T19:37:15.130+0000] {dag.py:2941} INFO - Sync 1 DAGs
[2023-11-22T19:37:15.141+0000] {logging_mixin.py:154} INFO - [2023-11-22T19:37:15.141+0000] {dag.py:3722} INFO - Setting next_dagrun for example_complex to None, run_after=None
[2023-11-22T19:37:15.155+0000] {processor.py:179} INFO - Processing /home/airflow/.local/lib/python3.8/site-packages/airflow/example_dags/example_complex.py took 0.068 seconds
[2023-11-22T19:37:45.384+0000] {processor.py:157} INFO - Started process (PID=3897) to work on /home/airflow/.local/lib/python3.8/site-packages/airflow/example_dags/example_complex.py
[2023-11-22T19:37:45.386+0000] {processor.py:829} INFO - Processing file /home/airflow/.local/lib/python3.8/site-packages/airflow/example_dags/example_complex.py for tasks to queue
[2023-11-22T19:37:45.386+0000] {logging_mixin.py:154} INFO - [2023-11-22T19:37:45.386+0000] {dagbag.py:536} INFO - Filling up the DagBag from /home/airflow/.local/lib/python3.8/site-packages/airflow/example_dags/example_complex.py
[2023-11-22T19:37:45.397+0000] {processor.py:839} INFO - DAG(s) dict_keys(['example_complex']) retrieved from /home/airflow/.local/lib/python3.8/site-packages/airflow/example_dags/example_complex.py
[2023-11-22T19:37:45.434+0000] {logging_mixin.py:154} INFO - [2023-11-22T19:37:45.434+0000] {dag.py:2941} INFO - Sync 1 DAGs
[2023-11-22T19:37:45.447+0000] {logging_mixin.py:154} INFO - [2023-11-22T19:37:45.447+0000] {dag.py:3722} INFO - Setting next_dagrun for example_complex to None, run_after=None
[2023-11-22T19:37:45.464+0000] {processor.py:179} INFO - Processing /home/airflow/.local/lib/python3.8/site-packages/airflow/example_dags/example_complex.py took 0.083 seconds
[2023-11-22T19:38:15.498+0000] {processor.py:157} INFO - Started process (PID=4135) to work on /home/airflow/.local/lib/python3.8/site-packages/airflow/example_dags/example_complex.py
[2023-11-22T19:38:15.499+0000] {processor.py:829} INFO - Processing file /home/airflow/.local/lib/python3.8/site-packages/airflow/example_dags/example_complex.py for tasks to queue
[2023-11-22T19:38:15.499+0000] {logging_mixin.py:154} INFO - [2023-11-22T19:38:15.499+0000] {dagbag.py:536} INFO - Filling up the DagBag from /home/airflow/.local/lib/python3.8/site-packages/airflow/example_dags/example_complex.py
[2023-11-22T19:38:15.508+0000] {processor.py:839} INFO - DAG(s) dict_keys(['example_complex']) retrieved from /home/airflow/.local/lib/python3.8/site-packages/airflow/example_dags/example_complex.py
[2023-11-22T19:38:15.536+0000] {logging_mixin.py:154} INFO - [2023-11-22T19:38:15.535+0000] {dag.py:2941} INFO - Sync 1 DAGs
[2023-11-22T19:38:15.545+0000] {logging_mixin.py:154} INFO - [2023-11-22T19:38:15.545+0000] {dag.py:3722} INFO - Setting next_dagrun for example_complex to None, run_after=None
[2023-11-22T19:38:15.557+0000] {processor.py:179} INFO - Processing /home/airflow/.local/lib/python3.8/site-packages/airflow/example_dags/example_complex.py took 0.063 seconds
[2023-11-22T19:38:45.753+0000] {processor.py:157} INFO - Started process (PID=4372) to work on /home/airflow/.local/lib/python3.8/site-packages/airflow/example_dags/example_complex.py
[2023-11-22T19:38:45.754+0000] {processor.py:829} INFO - Processing file /home/airflow/.local/lib/python3.8/site-packages/airflow/example_dags/example_complex.py for tasks to queue
[2023-11-22T19:38:45.755+0000] {logging_mixin.py:154} INFO - [2023-11-22T19:38:45.754+0000] {dagbag.py:536} INFO - Filling up the DagBag from /home/airflow/.local/lib/python3.8/site-packages/airflow/example_dags/example_complex.py
[2023-11-22T19:38:45.763+0000] {processor.py:839} INFO - DAG(s) dict_keys(['example_complex']) retrieved from /home/airflow/.local/lib/python3.8/site-packages/airflow/example_dags/example_complex.py
[2023-11-22T19:38:45.791+0000] {logging_mixin.py:154} INFO - [2023-11-22T19:38:45.791+0000] {dag.py:2941} INFO - Sync 1 DAGs
[2023-11-22T19:38:45.801+0000] {logging_mixin.py:154} INFO - [2023-11-22T19:38:45.801+0000] {dag.py:3722} INFO - Setting next_dagrun for example_complex to None, run_after=None
[2023-11-22T19:38:45.813+0000] {processor.py:179} INFO - Processing /home/airflow/.local/lib/python3.8/site-packages/airflow/example_dags/example_complex.py took 0.063 seconds
[2023-11-22T19:39:16.205+0000] {processor.py:157} INFO - Started process (PID=4610) to work on /home/airflow/.local/lib/python3.8/site-packages/airflow/example_dags/example_complex.py
[2023-11-22T19:39:16.205+0000] {processor.py:829} INFO - Processing file /home/airflow/.local/lib/python3.8/site-packages/airflow/example_dags/example_complex.py for tasks to queue
[2023-11-22T19:39:16.206+0000] {logging_mixin.py:154} INFO - [2023-11-22T19:39:16.206+0000] {dagbag.py:536} INFO - Filling up the DagBag from /home/airflow/.local/lib/python3.8/site-packages/airflow/example_dags/example_complex.py
[2023-11-22T19:39:16.215+0000] {processor.py:839} INFO - DAG(s) dict_keys(['example_complex']) retrieved from /home/airflow/.local/lib/python3.8/site-packages/airflow/example_dags/example_complex.py
[2023-11-22T19:39:16.243+0000] {logging_mixin.py:154} INFO - [2023-11-22T19:39:16.243+0000] {dag.py:2941} INFO - Sync 1 DAGs
[2023-11-22T19:39:16.253+0000] {logging_mixin.py:154} INFO - [2023-11-22T19:39:16.253+0000] {dag.py:3722} INFO - Setting next_dagrun for example_complex to None, run_after=None
[2023-11-22T19:39:16.266+0000] {processor.py:179} INFO - Processing /home/airflow/.local/lib/python3.8/site-packages/airflow/example_dags/example_complex.py took 0.064 seconds
[2023-11-22T19:39:46.718+0000] {processor.py:157} INFO - Started process (PID=4850) to work on /home/airflow/.local/lib/python3.8/site-packages/airflow/example_dags/example_complex.py
[2023-11-22T19:39:46.719+0000] {processor.py:829} INFO - Processing file /home/airflow/.local/lib/python3.8/site-packages/airflow/example_dags/example_complex.py for tasks to queue
[2023-11-22T19:39:46.719+0000] {logging_mixin.py:154} INFO - [2023-11-22T19:39:46.719+0000] {dagbag.py:536} INFO - Filling up the DagBag from /home/airflow/.local/lib/python3.8/site-packages/airflow/example_dags/example_complex.py
[2023-11-22T19:39:46.728+0000] {processor.py:839} INFO - DAG(s) dict_keys(['example_complex']) retrieved from /home/airflow/.local/lib/python3.8/site-packages/airflow/example_dags/example_complex.py
[2023-11-22T19:39:46.756+0000] {logging_mixin.py:154} INFO - [2023-11-22T19:39:46.755+0000] {dag.py:2941} INFO - Sync 1 DAGs
[2023-11-22T19:39:46.765+0000] {logging_mixin.py:154} INFO - [2023-11-22T19:39:46.765+0000] {dag.py:3722} INFO - Setting next_dagrun for example_complex to None, run_after=None
[2023-11-22T19:39:46.777+0000] {processor.py:179} INFO - Processing /home/airflow/.local/lib/python3.8/site-packages/airflow/example_dags/example_complex.py took 0.063 seconds
[2023-11-22T19:40:17.221+0000] {processor.py:157} INFO - Started process (PID=5086) to work on /home/airflow/.local/lib/python3.8/site-packages/airflow/example_dags/example_complex.py
[2023-11-22T19:40:17.221+0000] {processor.py:829} INFO - Processing file /home/airflow/.local/lib/python3.8/site-packages/airflow/example_dags/example_complex.py for tasks to queue
[2023-11-22T19:40:17.222+0000] {logging_mixin.py:154} INFO - [2023-11-22T19:40:17.222+0000] {dagbag.py:536} INFO - Filling up the DagBag from /home/airflow/.local/lib/python3.8/site-packages/airflow/example_dags/example_complex.py
[2023-11-22T19:40:17.231+0000] {processor.py:839} INFO - DAG(s) dict_keys(['example_complex']) retrieved from /home/airflow/.local/lib/python3.8/site-packages/airflow/example_dags/example_complex.py
[2023-11-22T19:40:17.260+0000] {logging_mixin.py:154} INFO - [2023-11-22T19:40:17.259+0000] {dag.py:2941} INFO - Sync 1 DAGs
[2023-11-22T19:40:17.269+0000] {logging_mixin.py:154} INFO - [2023-11-22T19:40:17.269+0000] {dag.py:3722} INFO - Setting next_dagrun for example_complex to None, run_after=None
[2023-11-22T19:40:17.282+0000] {processor.py:179} INFO - Processing /home/airflow/.local/lib/python3.8/site-packages/airflow/example_dags/example_complex.py took 0.064 seconds
[2023-11-22T19:40:47.884+0000] {processor.py:157} INFO - Started process (PID=5324) to work on /home/airflow/.local/lib/python3.8/site-packages/airflow/example_dags/example_complex.py
[2023-11-22T19:40:47.885+0000] {processor.py:829} INFO - Processing file /home/airflow/.local/lib/python3.8/site-packages/airflow/example_dags/example_complex.py for tasks to queue
[2023-11-22T19:40:47.886+0000] {logging_mixin.py:154} INFO - [2023-11-22T19:40:47.885+0000] {dagbag.py:536} INFO - Filling up the DagBag from /home/airflow/.local/lib/python3.8/site-packages/airflow/example_dags/example_complex.py
[2023-11-22T19:40:47.894+0000] {processor.py:839} INFO - DAG(s) dict_keys(['example_complex']) retrieved from /home/airflow/.local/lib/python3.8/site-packages/airflow/example_dags/example_complex.py
[2023-11-22T19:40:47.922+0000] {logging_mixin.py:154} INFO - [2023-11-22T19:40:47.922+0000] {dag.py:2941} INFO - Sync 1 DAGs
[2023-11-22T19:40:47.932+0000] {logging_mixin.py:154} INFO - [2023-11-22T19:40:47.931+0000] {dag.py:3722} INFO - Setting next_dagrun for example_complex to None, run_after=None
[2023-11-22T19:40:47.945+0000] {processor.py:179} INFO - Processing /home/airflow/.local/lib/python3.8/site-packages/airflow/example_dags/example_complex.py took 0.064 seconds
[2023-11-22T19:41:18.362+0000] {processor.py:157} INFO - Started process (PID=5562) to work on /home/airflow/.local/lib/python3.8/site-packages/airflow/example_dags/example_complex.py
[2023-11-22T19:41:18.363+0000] {processor.py:829} INFO - Processing file /home/airflow/.local/lib/python3.8/site-packages/airflow/example_dags/example_complex.py for tasks to queue
[2023-11-22T19:41:18.364+0000] {logging_mixin.py:154} INFO - [2023-11-22T19:41:18.364+0000] {dagbag.py:536} INFO - Filling up the DagBag from /home/airflow/.local/lib/python3.8/site-packages/airflow/example_dags/example_complex.py
[2023-11-22T19:41:18.373+0000] {processor.py:839} INFO - DAG(s) dict_keys(['example_complex']) retrieved from /home/airflow/.local/lib/python3.8/site-packages/airflow/example_dags/example_complex.py
[2023-11-22T19:41:18.401+0000] {logging_mixin.py:154} INFO - [2023-11-22T19:41:18.401+0000] {dag.py:2941} INFO - Sync 1 DAGs
[2023-11-22T19:41:18.411+0000] {logging_mixin.py:154} INFO - [2023-11-22T19:41:18.411+0000] {dag.py:3722} INFO - Setting next_dagrun for example_complex to None, run_after=None
[2023-11-22T19:41:18.423+0000] {processor.py:179} INFO - Processing /home/airflow/.local/lib/python3.8/site-packages/airflow/example_dags/example_complex.py took 0.064 seconds
[2023-11-22T19:41:48.828+0000] {processor.py:157} INFO - Started process (PID=5800) to work on /home/airflow/.local/lib/python3.8/site-packages/airflow/example_dags/example_complex.py
[2023-11-22T19:41:48.828+0000] {processor.py:829} INFO - Processing file /home/airflow/.local/lib/python3.8/site-packages/airflow/example_dags/example_complex.py for tasks to queue
[2023-11-22T19:41:48.829+0000] {logging_mixin.py:154} INFO - [2023-11-22T19:41:48.829+0000] {dagbag.py:536} INFO - Filling up the DagBag from /home/airflow/.local/lib/python3.8/site-packages/airflow/example_dags/example_complex.py
[2023-11-22T19:41:48.838+0000] {processor.py:839} INFO - DAG(s) dict_keys(['example_complex']) retrieved from /home/airflow/.local/lib/python3.8/site-packages/airflow/example_dags/example_complex.py
[2023-11-22T19:41:48.866+0000] {logging_mixin.py:154} INFO - [2023-11-22T19:41:48.866+0000] {dag.py:2941} INFO - Sync 1 DAGs
[2023-11-22T19:41:48.876+0000] {logging_mixin.py:154} INFO - [2023-11-22T19:41:48.876+0000] {dag.py:3722} INFO - Setting next_dagrun for example_complex to None, run_after=None
[2023-11-22T19:41:48.888+0000] {processor.py:179} INFO - Processing /home/airflow/.local/lib/python3.8/site-packages/airflow/example_dags/example_complex.py took 0.064 seconds
[2023-11-22T19:42:19.202+0000] {processor.py:157} INFO - Started process (PID=6037) to work on /home/airflow/.local/lib/python3.8/site-packages/airflow/example_dags/example_complex.py
[2023-11-22T19:42:19.203+0000] {processor.py:829} INFO - Processing file /home/airflow/.local/lib/python3.8/site-packages/airflow/example_dags/example_complex.py for tasks to queue
[2023-11-22T19:42:19.204+0000] {logging_mixin.py:154} INFO - [2023-11-22T19:42:19.203+0000] {dagbag.py:536} INFO - Filling up the DagBag from /home/airflow/.local/lib/python3.8/site-packages/airflow/example_dags/example_complex.py
[2023-11-22T19:42:19.212+0000] {processor.py:839} INFO - DAG(s) dict_keys(['example_complex']) retrieved from /home/airflow/.local/lib/python3.8/site-packages/airflow/example_dags/example_complex.py
[2023-11-22T19:42:19.241+0000] {logging_mixin.py:154} INFO - [2023-11-22T19:42:19.241+0000] {dag.py:2941} INFO - Sync 1 DAGs
[2023-11-22T19:42:19.251+0000] {logging_mixin.py:154} INFO - [2023-11-22T19:42:19.251+0000] {dag.py:3722} INFO - Setting next_dagrun for example_complex to None, run_after=None
[2023-11-22T19:42:19.264+0000] {processor.py:179} INFO - Processing /home/airflow/.local/lib/python3.8/site-packages/airflow/example_dags/example_complex.py took 0.065 seconds
[2023-11-22T19:42:49.648+0000] {processor.py:157} INFO - Started process (PID=6275) to work on /home/airflow/.local/lib/python3.8/site-packages/airflow/example_dags/example_complex.py
[2023-11-22T19:42:49.649+0000] {processor.py:829} INFO - Processing file /home/airflow/.local/lib/python3.8/site-packages/airflow/example_dags/example_complex.py for tasks to queue
[2023-11-22T19:42:49.650+0000] {logging_mixin.py:154} INFO - [2023-11-22T19:42:49.649+0000] {dagbag.py:536} INFO - Filling up the DagBag from /home/airflow/.local/lib/python3.8/site-packages/airflow/example_dags/example_complex.py
[2023-11-22T19:42:49.658+0000] {processor.py:839} INFO - DAG(s) dict_keys(['example_complex']) retrieved from /home/airflow/.local/lib/python3.8/site-packages/airflow/example_dags/example_complex.py
[2023-11-22T19:42:49.687+0000] {logging_mixin.py:154} INFO - [2023-11-22T19:42:49.687+0000] {dag.py:2941} INFO - Sync 1 DAGs
[2023-11-22T19:42:49.696+0000] {logging_mixin.py:154} INFO - [2023-11-22T19:42:49.696+0000] {dag.py:3722} INFO - Setting next_dagrun for example_complex to None, run_after=None
[2023-11-22T19:42:49.709+0000] {processor.py:179} INFO - Processing /home/airflow/.local/lib/python3.8/site-packages/airflow/example_dags/example_complex.py took 0.064 seconds
[2023-11-22T19:43:19.942+0000] {processor.py:157} INFO - Started process (PID=6513) to work on /home/airflow/.local/lib/python3.8/site-packages/airflow/example_dags/example_complex.py
[2023-11-22T19:43:19.943+0000] {processor.py:829} INFO - Processing file /home/airflow/.local/lib/python3.8/site-packages/airflow/example_dags/example_complex.py for tasks to queue
[2023-11-22T19:43:19.944+0000] {logging_mixin.py:154} INFO - [2023-11-22T19:43:19.944+0000] {dagbag.py:536} INFO - Filling up the DagBag from /home/airflow/.local/lib/python3.8/site-packages/airflow/example_dags/example_complex.py
[2023-11-22T19:43:19.953+0000] {processor.py:839} INFO - DAG(s) dict_keys(['example_complex']) retrieved from /home/airflow/.local/lib/python3.8/site-packages/airflow/example_dags/example_complex.py
[2023-11-22T19:43:19.981+0000] {logging_mixin.py:154} INFO - [2023-11-22T19:43:19.981+0000] {dag.py:2941} INFO - Sync 1 DAGs
[2023-11-22T19:43:19.991+0000] {logging_mixin.py:154} INFO - [2023-11-22T19:43:19.991+0000] {dag.py:3722} INFO - Setting next_dagrun for example_complex to None, run_after=None
[2023-11-22T19:43:20.004+0000] {processor.py:179} INFO - Processing /home/airflow/.local/lib/python3.8/site-packages/airflow/example_dags/example_complex.py took 0.064 seconds
[2023-11-22T19:43:50.541+0000] {processor.py:157} INFO - Started process (PID=6758) to work on /home/airflow/.local/lib/python3.8/site-packages/airflow/example_dags/example_complex.py
[2023-11-22T19:43:50.542+0000] {processor.py:829} INFO - Processing file /home/airflow/.local/lib/python3.8/site-packages/airflow/example_dags/example_complex.py for tasks to queue
[2023-11-22T19:43:50.543+0000] {logging_mixin.py:154} INFO - [2023-11-22T19:43:50.543+0000] {dagbag.py:536} INFO - Filling up the DagBag from /home/airflow/.local/lib/python3.8/site-packages/airflow/example_dags/example_complex.py
[2023-11-22T19:43:50.552+0000] {processor.py:839} INFO - DAG(s) dict_keys(['example_complex']) retrieved from /home/airflow/.local/lib/python3.8/site-packages/airflow/example_dags/example_complex.py
[2023-11-22T19:43:50.582+0000] {logging_mixin.py:154} INFO - [2023-11-22T19:43:50.582+0000] {dag.py:2941} INFO - Sync 1 DAGs
[2023-11-22T19:43:50.594+0000] {logging_mixin.py:154} INFO - [2023-11-22T19:43:50.594+0000] {dag.py:3722} INFO - Setting next_dagrun for example_complex to None, run_after=None
[2023-11-22T19:43:50.609+0000] {processor.py:179} INFO - Processing /home/airflow/.local/lib/python3.8/site-packages/airflow/example_dags/example_complex.py took 0.071 seconds
[2023-11-22T19:44:20.991+0000] {processor.py:157} INFO - Started process (PID=6996) to work on /home/airflow/.local/lib/python3.8/site-packages/airflow/example_dags/example_complex.py
[2023-11-22T19:44:20.992+0000] {processor.py:829} INFO - Processing file /home/airflow/.local/lib/python3.8/site-packages/airflow/example_dags/example_complex.py for tasks to queue
[2023-11-22T19:44:20.993+0000] {logging_mixin.py:154} INFO - [2023-11-22T19:44:20.992+0000] {dagbag.py:536} INFO - Filling up the DagBag from /home/airflow/.local/lib/python3.8/site-packages/airflow/example_dags/example_complex.py
[2023-11-22T19:44:21.001+0000] {processor.py:839} INFO - DAG(s) dict_keys(['example_complex']) retrieved from /home/airflow/.local/lib/python3.8/site-packages/airflow/example_dags/example_complex.py
[2023-11-22T19:44:21.029+0000] {logging_mixin.py:154} INFO - [2023-11-22T19:44:21.029+0000] {dag.py:2941} INFO - Sync 1 DAGs
[2023-11-22T19:44:21.039+0000] {logging_mixin.py:154} INFO - [2023-11-22T19:44:21.039+0000] {dag.py:3722} INFO - Setting next_dagrun for example_complex to None, run_after=None
[2023-11-22T19:44:21.052+0000] {processor.py:179} INFO - Processing /home/airflow/.local/lib/python3.8/site-packages/airflow/example_dags/example_complex.py took 0.064 seconds
[2023-11-22T19:44:51.456+0000] {processor.py:157} INFO - Started process (PID=7234) to work on /home/airflow/.local/lib/python3.8/site-packages/airflow/example_dags/example_complex.py
[2023-11-22T19:44:51.457+0000] {processor.py:829} INFO - Processing file /home/airflow/.local/lib/python3.8/site-packages/airflow/example_dags/example_complex.py for tasks to queue
[2023-11-22T19:44:51.458+0000] {logging_mixin.py:154} INFO - [2023-11-22T19:44:51.458+0000] {dagbag.py:536} INFO - Filling up the DagBag from /home/airflow/.local/lib/python3.8/site-packages/airflow/example_dags/example_complex.py
[2023-11-22T19:44:51.467+0000] {processor.py:839} INFO - DAG(s) dict_keys(['example_complex']) retrieved from /home/airflow/.local/lib/python3.8/site-packages/airflow/example_dags/example_complex.py
[2023-11-22T19:44:51.495+0000] {logging_mixin.py:154} INFO - [2023-11-22T19:44:51.495+0000] {dag.py:2941} INFO - Sync 1 DAGs
[2023-11-22T19:44:51.504+0000] {logging_mixin.py:154} INFO - [2023-11-22T19:44:51.504+0000] {dag.py:3722} INFO - Setting next_dagrun for example_complex to None, run_after=None
[2023-11-22T19:44:51.517+0000] {processor.py:179} INFO - Processing /home/airflow/.local/lib/python3.8/site-packages/airflow/example_dags/example_complex.py took 0.064 seconds
[2023-11-22T19:45:21.839+0000] {processor.py:157} INFO - Started process (PID=7472) to work on /home/airflow/.local/lib/python3.8/site-packages/airflow/example_dags/example_complex.py
[2023-11-22T19:45:21.840+0000] {processor.py:829} INFO - Processing file /home/airflow/.local/lib/python3.8/site-packages/airflow/example_dags/example_complex.py for tasks to queue
[2023-11-22T19:45:21.841+0000] {logging_mixin.py:154} INFO - [2023-11-22T19:45:21.841+0000] {dagbag.py:536} INFO - Filling up the DagBag from /home/airflow/.local/lib/python3.8/site-packages/airflow/example_dags/example_complex.py
[2023-11-22T19:45:21.852+0000] {processor.py:839} INFO - DAG(s) dict_keys(['example_complex']) retrieved from /home/airflow/.local/lib/python3.8/site-packages/airflow/example_dags/example_complex.py
[2023-11-22T19:45:21.880+0000] {logging_mixin.py:154} INFO - [2023-11-22T19:45:21.880+0000] {dag.py:2941} INFO - Sync 1 DAGs
[2023-11-22T19:45:21.889+0000] {logging_mixin.py:154} INFO - [2023-11-22T19:45:21.889+0000] {dag.py:3722} INFO - Setting next_dagrun for example_complex to None, run_after=None
[2023-11-22T19:45:21.902+0000] {processor.py:179} INFO - Processing /home/airflow/.local/lib/python3.8/site-packages/airflow/example_dags/example_complex.py took 0.066 seconds
[2023-11-22T19:45:52.354+0000] {processor.py:157} INFO - Started process (PID=7710) to work on /home/airflow/.local/lib/python3.8/site-packages/airflow/example_dags/example_complex.py
[2023-11-22T19:45:52.355+0000] {processor.py:829} INFO - Processing file /home/airflow/.local/lib/python3.8/site-packages/airflow/example_dags/example_complex.py for tasks to queue
[2023-11-22T19:45:52.356+0000] {logging_mixin.py:154} INFO - [2023-11-22T19:45:52.355+0000] {dagbag.py:536} INFO - Filling up the DagBag from /home/airflow/.local/lib/python3.8/site-packages/airflow/example_dags/example_complex.py
[2023-11-22T19:45:52.364+0000] {processor.py:839} INFO - DAG(s) dict_keys(['example_complex']) retrieved from /home/airflow/.local/lib/python3.8/site-packages/airflow/example_dags/example_complex.py
[2023-11-22T19:45:52.393+0000] {logging_mixin.py:154} INFO - [2023-11-22T19:45:52.392+0000] {dag.py:2941} INFO - Sync 1 DAGs
[2023-11-22T19:45:52.402+0000] {logging_mixin.py:154} INFO - [2023-11-22T19:45:52.402+0000] {dag.py:3722} INFO - Setting next_dagrun for example_complex to None, run_after=None
[2023-11-22T19:45:52.415+0000] {processor.py:179} INFO - Processing /home/airflow/.local/lib/python3.8/site-packages/airflow/example_dags/example_complex.py took 0.065 seconds
[2023-11-22T19:46:22.812+0000] {processor.py:157} INFO - Started process (PID=7948) to work on /home/airflow/.local/lib/python3.8/site-packages/airflow/example_dags/example_complex.py
[2023-11-22T19:46:22.813+0000] {processor.py:829} INFO - Processing file /home/airflow/.local/lib/python3.8/site-packages/airflow/example_dags/example_complex.py for tasks to queue
[2023-11-22T19:46:22.814+0000] {logging_mixin.py:154} INFO - [2023-11-22T19:46:22.814+0000] {dagbag.py:536} INFO - Filling up the DagBag from /home/airflow/.local/lib/python3.8/site-packages/airflow/example_dags/example_complex.py
[2023-11-22T19:46:22.823+0000] {processor.py:839} INFO - DAG(s) dict_keys(['example_complex']) retrieved from /home/airflow/.local/lib/python3.8/site-packages/airflow/example_dags/example_complex.py
[2023-11-22T19:46:22.851+0000] {logging_mixin.py:154} INFO - [2023-11-22T19:46:22.851+0000] {dag.py:2941} INFO - Sync 1 DAGs
[2023-11-22T19:46:22.860+0000] {logging_mixin.py:154} INFO - [2023-11-22T19:46:22.860+0000] {dag.py:3722} INFO - Setting next_dagrun for example_complex to None, run_after=None
[2023-11-22T19:46:22.873+0000] {processor.py:179} INFO - Processing /home/airflow/.local/lib/python3.8/site-packages/airflow/example_dags/example_complex.py took 0.064 seconds
[2023-11-22T19:46:53.239+0000] {processor.py:157} INFO - Started process (PID=8186) to work on /home/airflow/.local/lib/python3.8/site-packages/airflow/example_dags/example_complex.py
[2023-11-22T19:46:53.240+0000] {processor.py:829} INFO - Processing file /home/airflow/.local/lib/python3.8/site-packages/airflow/example_dags/example_complex.py for tasks to queue
[2023-11-22T19:46:53.240+0000] {logging_mixin.py:154} INFO - [2023-11-22T19:46:53.240+0000] {dagbag.py:536} INFO - Filling up the DagBag from /home/airflow/.local/lib/python3.8/site-packages/airflow/example_dags/example_complex.py
[2023-11-22T19:46:53.249+0000] {processor.py:839} INFO - DAG(s) dict_keys(['example_complex']) retrieved from /home/airflow/.local/lib/python3.8/site-packages/airflow/example_dags/example_complex.py
[2023-11-22T19:46:53.277+0000] {logging_mixin.py:154} INFO - [2023-11-22T19:46:53.277+0000] {dag.py:2941} INFO - Sync 1 DAGs
[2023-11-22T19:46:53.287+0000] {logging_mixin.py:154} INFO - [2023-11-22T19:46:53.287+0000] {dag.py:3722} INFO - Setting next_dagrun for example_complex to None, run_after=None
[2023-11-22T19:46:53.300+0000] {processor.py:179} INFO - Processing /home/airflow/.local/lib/python3.8/site-packages/airflow/example_dags/example_complex.py took 0.064 seconds
[2023-11-22T19:47:23.706+0000] {processor.py:157} INFO - Started process (PID=8423) to work on /home/airflow/.local/lib/python3.8/site-packages/airflow/example_dags/example_complex.py
[2023-11-22T19:47:23.707+0000] {processor.py:829} INFO - Processing file /home/airflow/.local/lib/python3.8/site-packages/airflow/example_dags/example_complex.py for tasks to queue
[2023-11-22T19:47:23.708+0000] {logging_mixin.py:154} INFO - [2023-11-22T19:47:23.708+0000] {dagbag.py:536} INFO - Filling up the DagBag from /home/airflow/.local/lib/python3.8/site-packages/airflow/example_dags/example_complex.py
[2023-11-22T19:47:23.717+0000] {processor.py:839} INFO - DAG(s) dict_keys(['example_complex']) retrieved from /home/airflow/.local/lib/python3.8/site-packages/airflow/example_dags/example_complex.py
[2023-11-22T19:47:23.746+0000] {logging_mixin.py:154} INFO - [2023-11-22T19:47:23.746+0000] {dag.py:2941} INFO - Sync 1 DAGs
[2023-11-22T19:47:23.756+0000] {logging_mixin.py:154} INFO - [2023-11-22T19:47:23.756+0000] {dag.py:3722} INFO - Setting next_dagrun for example_complex to None, run_after=None
[2023-11-22T19:47:23.769+0000] {processor.py:179} INFO - Processing /home/airflow/.local/lib/python3.8/site-packages/airflow/example_dags/example_complex.py took 0.066 seconds
[2023-11-22T19:47:54.576+0000] {processor.py:157} INFO - Started process (PID=8661) to work on /home/airflow/.local/lib/python3.8/site-packages/airflow/example_dags/example_complex.py
[2023-11-22T19:47:54.577+0000] {processor.py:829} INFO - Processing file /home/airflow/.local/lib/python3.8/site-packages/airflow/example_dags/example_complex.py for tasks to queue
[2023-11-22T19:47:54.578+0000] {logging_mixin.py:154} INFO - [2023-11-22T19:47:54.578+0000] {dagbag.py:536} INFO - Filling up the DagBag from /home/airflow/.local/lib/python3.8/site-packages/airflow/example_dags/example_complex.py
[2023-11-22T19:47:54.587+0000] {processor.py:839} INFO - DAG(s) dict_keys(['example_complex']) retrieved from /home/airflow/.local/lib/python3.8/site-packages/airflow/example_dags/example_complex.py
[2023-11-22T19:47:54.615+0000] {logging_mixin.py:154} INFO - [2023-11-22T19:47:54.615+0000] {dag.py:2941} INFO - Sync 1 DAGs
[2023-11-22T19:47:54.625+0000] {logging_mixin.py:154} INFO - [2023-11-22T19:47:54.624+0000] {dag.py:3722} INFO - Setting next_dagrun for example_complex to None, run_after=None
[2023-11-22T19:47:54.637+0000] {processor.py:179} INFO - Processing /home/airflow/.local/lib/python3.8/site-packages/airflow/example_dags/example_complex.py took 0.064 seconds
[2023-11-22T19:48:25.442+0000] {processor.py:157} INFO - Started process (PID=8899) to work on /home/airflow/.local/lib/python3.8/site-packages/airflow/example_dags/example_complex.py
[2023-11-22T19:48:25.442+0000] {processor.py:829} INFO - Processing file /home/airflow/.local/lib/python3.8/site-packages/airflow/example_dags/example_complex.py for tasks to queue
[2023-11-22T19:48:25.443+0000] {logging_mixin.py:154} INFO - [2023-11-22T19:48:25.443+0000] {dagbag.py:536} INFO - Filling up the DagBag from /home/airflow/.local/lib/python3.8/site-packages/airflow/example_dags/example_complex.py
[2023-11-22T19:48:25.452+0000] {processor.py:839} INFO - DAG(s) dict_keys(['example_complex']) retrieved from /home/airflow/.local/lib/python3.8/site-packages/airflow/example_dags/example_complex.py
[2023-11-22T19:48:25.480+0000] {logging_mixin.py:154} INFO - [2023-11-22T19:48:25.480+0000] {dag.py:2941} INFO - Sync 1 DAGs
[2023-11-22T19:48:25.490+0000] {logging_mixin.py:154} INFO - [2023-11-22T19:48:25.490+0000] {dag.py:3722} INFO - Setting next_dagrun for example_complex to None, run_after=None
[2023-11-22T19:48:25.502+0000] {processor.py:179} INFO - Processing /home/airflow/.local/lib/python3.8/site-packages/airflow/example_dags/example_complex.py took 0.064 seconds
[2023-11-22T19:48:55.880+0000] {processor.py:157} INFO - Started process (PID=9137) to work on /home/airflow/.local/lib/python3.8/site-packages/airflow/example_dags/example_complex.py
[2023-11-22T19:48:55.881+0000] {processor.py:829} INFO - Processing file /home/airflow/.local/lib/python3.8/site-packages/airflow/example_dags/example_complex.py for tasks to queue
[2023-11-22T19:48:55.882+0000] {logging_mixin.py:154} INFO - [2023-11-22T19:48:55.881+0000] {dagbag.py:536} INFO - Filling up the DagBag from /home/airflow/.local/lib/python3.8/site-packages/airflow/example_dags/example_complex.py
[2023-11-22T19:48:55.892+0000] {processor.py:839} INFO - DAG(s) dict_keys(['example_complex']) retrieved from /home/airflow/.local/lib/python3.8/site-packages/airflow/example_dags/example_complex.py
[2023-11-22T19:48:55.924+0000] {logging_mixin.py:154} INFO - [2023-11-22T19:48:55.924+0000] {dag.py:2941} INFO - Sync 1 DAGs
[2023-11-22T19:48:55.935+0000] {logging_mixin.py:154} INFO - [2023-11-22T19:48:55.934+0000] {dag.py:3722} INFO - Setting next_dagrun for example_complex to None, run_after=None
[2023-11-22T19:48:55.949+0000] {processor.py:179} INFO - Processing /home/airflow/.local/lib/python3.8/site-packages/airflow/example_dags/example_complex.py took 0.073 seconds
[2023-11-22T19:49:26.965+0000] {processor.py:157} INFO - Started process (PID=9375) to work on /home/airflow/.local/lib/python3.8/site-packages/airflow/example_dags/example_complex.py
[2023-11-22T19:49:26.966+0000] {processor.py:829} INFO - Processing file /home/airflow/.local/lib/python3.8/site-packages/airflow/example_dags/example_complex.py for tasks to queue
[2023-11-22T19:49:26.968+0000] {logging_mixin.py:154} INFO - [2023-11-22T19:49:26.967+0000] {dagbag.py:536} INFO - Filling up the DagBag from /home/airflow/.local/lib/python3.8/site-packages/airflow/example_dags/example_complex.py
[2023-11-22T19:49:26.979+0000] {processor.py:839} INFO - DAG(s) dict_keys(['example_complex']) retrieved from /home/airflow/.local/lib/python3.8/site-packages/airflow/example_dags/example_complex.py
[2023-11-22T19:49:27.022+0000] {logging_mixin.py:154} INFO - [2023-11-22T19:49:27.022+0000] {dag.py:2941} INFO - Sync 1 DAGs
[2023-11-22T19:49:27.034+0000] {logging_mixin.py:154} INFO - [2023-11-22T19:49:27.034+0000] {dag.py:3722} INFO - Setting next_dagrun for example_complex to None, run_after=None
[2023-11-22T19:49:27.049+0000] {processor.py:179} INFO - Processing /home/airflow/.local/lib/python3.8/site-packages/airflow/example_dags/example_complex.py took 0.087 seconds
[2023-11-22T19:49:57.932+0000] {processor.py:157} INFO - Started process (PID=9613) to work on /home/airflow/.local/lib/python3.8/site-packages/airflow/example_dags/example_complex.py
[2023-11-22T19:49:57.933+0000] {processor.py:829} INFO - Processing file /home/airflow/.local/lib/python3.8/site-packages/airflow/example_dags/example_complex.py for tasks to queue
[2023-11-22T19:49:57.934+0000] {logging_mixin.py:154} INFO - [2023-11-22T19:49:57.933+0000] {dagbag.py:536} INFO - Filling up the DagBag from /home/airflow/.local/lib/python3.8/site-packages/airflow/example_dags/example_complex.py
[2023-11-22T19:49:57.943+0000] {processor.py:839} INFO - DAG(s) dict_keys(['example_complex']) retrieved from /home/airflow/.local/lib/python3.8/site-packages/airflow/example_dags/example_complex.py
[2023-11-22T19:49:57.975+0000] {logging_mixin.py:154} INFO - [2023-11-22T19:49:57.975+0000] {dag.py:2941} INFO - Sync 1 DAGs
[2023-11-22T19:49:57.984+0000] {logging_mixin.py:154} INFO - [2023-11-22T19:49:57.984+0000] {dag.py:3722} INFO - Setting next_dagrun for example_complex to None, run_after=None
[2023-11-22T19:49:57.997+0000] {processor.py:179} INFO - Processing /home/airflow/.local/lib/python3.8/site-packages/airflow/example_dags/example_complex.py took 0.069 seconds
[2023-11-22T19:50:28.164+0000] {processor.py:157} INFO - Started process (PID=9851) to work on /home/airflow/.local/lib/python3.8/site-packages/airflow/example_dags/example_complex.py
[2023-11-22T19:50:28.165+0000] {processor.py:829} INFO - Processing file /home/airflow/.local/lib/python3.8/site-packages/airflow/example_dags/example_complex.py for tasks to queue
[2023-11-22T19:50:28.166+0000] {logging_mixin.py:154} INFO - [2023-11-22T19:50:28.165+0000] {dagbag.py:536} INFO - Filling up the DagBag from /home/airflow/.local/lib/python3.8/site-packages/airflow/example_dags/example_complex.py
[2023-11-22T19:50:28.174+0000] {processor.py:839} INFO - DAG(s) dict_keys(['example_complex']) retrieved from /home/airflow/.local/lib/python3.8/site-packages/airflow/example_dags/example_complex.py
[2023-11-22T19:50:28.204+0000] {logging_mixin.py:154} INFO - [2023-11-22T19:50:28.204+0000] {dag.py:2941} INFO - Sync 1 DAGs
[2023-11-22T19:50:28.330+0000] {logging_mixin.py:154} INFO - [2023-11-22T19:50:28.330+0000] {dag.py:3722} INFO - Setting next_dagrun for example_complex to None, run_after=None
[2023-11-22T19:50:28.342+0000] {processor.py:179} INFO - Processing /home/airflow/.local/lib/python3.8/site-packages/airflow/example_dags/example_complex.py took 0.181 seconds
[2023-11-22T19:50:58.461+0000] {processor.py:157} INFO - Started process (PID=10089) to work on /home/airflow/.local/lib/python3.8/site-packages/airflow/example_dags/example_complex.py
[2023-11-22T19:50:58.462+0000] {processor.py:829} INFO - Processing file /home/airflow/.local/lib/python3.8/site-packages/airflow/example_dags/example_complex.py for tasks to queue
[2023-11-22T19:50:58.463+0000] {logging_mixin.py:154} INFO - [2023-11-22T19:50:58.463+0000] {dagbag.py:536} INFO - Filling up the DagBag from /home/airflow/.local/lib/python3.8/site-packages/airflow/example_dags/example_complex.py
[2023-11-22T19:50:58.473+0000] {processor.py:839} INFO - DAG(s) dict_keys(['example_complex']) retrieved from /home/airflow/.local/lib/python3.8/site-packages/airflow/example_dags/example_complex.py
[2023-11-22T19:50:58.511+0000] {logging_mixin.py:154} INFO - [2023-11-22T19:50:58.511+0000] {dag.py:2941} INFO - Sync 1 DAGs
[2023-11-22T19:50:58.525+0000] {logging_mixin.py:154} INFO - [2023-11-22T19:50:58.525+0000] {dag.py:3722} INFO - Setting next_dagrun for example_complex to None, run_after=None
[2023-11-22T19:50:58.659+0000] {processor.py:179} INFO - Processing /home/airflow/.local/lib/python3.8/site-packages/airflow/example_dags/example_complex.py took 0.201 seconds
[2023-11-22T19:51:29.633+0000] {processor.py:157} INFO - Started process (PID=10329) to work on /home/airflow/.local/lib/python3.8/site-packages/airflow/example_dags/example_complex.py
[2023-11-22T19:51:29.634+0000] {processor.py:829} INFO - Processing file /home/airflow/.local/lib/python3.8/site-packages/airflow/example_dags/example_complex.py for tasks to queue
[2023-11-22T19:51:29.635+0000] {logging_mixin.py:154} INFO - [2023-11-22T19:51:29.635+0000] {dagbag.py:536} INFO - Filling up the DagBag from /home/airflow/.local/lib/python3.8/site-packages/airflow/example_dags/example_complex.py
[2023-11-22T19:51:29.646+0000] {processor.py:839} INFO - DAG(s) dict_keys(['example_complex']) retrieved from /home/airflow/.local/lib/python3.8/site-packages/airflow/example_dags/example_complex.py
[2023-11-22T19:51:29.675+0000] {logging_mixin.py:154} INFO - [2023-11-22T19:51:29.675+0000] {dag.py:2941} INFO - Sync 1 DAGs
[2023-11-22T19:51:29.684+0000] {logging_mixin.py:154} INFO - [2023-11-22T19:51:29.684+0000] {dag.py:3722} INFO - Setting next_dagrun for example_complex to None, run_after=None
[2023-11-22T19:51:29.697+0000] {processor.py:179} INFO - Processing /home/airflow/.local/lib/python3.8/site-packages/airflow/example_dags/example_complex.py took 0.069 seconds
[2023-11-22T19:51:59.995+0000] {processor.py:157} INFO - Started process (PID=10567) to work on /home/airflow/.local/lib/python3.8/site-packages/airflow/example_dags/example_complex.py
[2023-11-22T19:51:59.996+0000] {processor.py:829} INFO - Processing file /home/airflow/.local/lib/python3.8/site-packages/airflow/example_dags/example_complex.py for tasks to queue
[2023-11-22T19:51:59.997+0000] {logging_mixin.py:154} INFO - [2023-11-22T19:51:59.996+0000] {dagbag.py:536} INFO - Filling up the DagBag from /home/airflow/.local/lib/python3.8/site-packages/airflow/example_dags/example_complex.py
[2023-11-22T19:52:00.005+0000] {processor.py:839} INFO - DAG(s) dict_keys(['example_complex']) retrieved from /home/airflow/.local/lib/python3.8/site-packages/airflow/example_dags/example_complex.py
[2023-11-22T19:52:00.033+0000] {logging_mixin.py:154} INFO - [2023-11-22T19:52:00.033+0000] {dag.py:2941} INFO - Sync 1 DAGs
[2023-11-22T19:52:00.043+0000] {logging_mixin.py:154} INFO - [2023-11-22T19:52:00.043+0000] {dag.py:3722} INFO - Setting next_dagrun for example_complex to None, run_after=None
[2023-11-22T19:52:00.055+0000] {processor.py:179} INFO - Processing /home/airflow/.local/lib/python3.8/site-packages/airflow/example_dags/example_complex.py took 0.063 seconds
[2023-11-22T19:52:30.613+0000] {processor.py:157} INFO - Started process (PID=10804) to work on /home/airflow/.local/lib/python3.8/site-packages/airflow/example_dags/example_complex.py
[2023-11-22T19:52:30.613+0000] {processor.py:829} INFO - Processing file /home/airflow/.local/lib/python3.8/site-packages/airflow/example_dags/example_complex.py for tasks to queue
[2023-11-22T19:52:30.614+0000] {logging_mixin.py:154} INFO - [2023-11-22T19:52:30.614+0000] {dagbag.py:536} INFO - Filling up the DagBag from /home/airflow/.local/lib/python3.8/site-packages/airflow/example_dags/example_complex.py
[2023-11-22T19:52:30.623+0000] {processor.py:839} INFO - DAG(s) dict_keys(['example_complex']) retrieved from /home/airflow/.local/lib/python3.8/site-packages/airflow/example_dags/example_complex.py
[2023-11-22T19:52:30.654+0000] {logging_mixin.py:154} INFO - [2023-11-22T19:52:30.654+0000] {dag.py:2941} INFO - Sync 1 DAGs
[2023-11-22T19:52:30.663+0000] {logging_mixin.py:154} INFO - [2023-11-22T19:52:30.663+0000] {dag.py:3722} INFO - Setting next_dagrun for example_complex to None, run_after=None
[2023-11-22T19:52:30.677+0000] {processor.py:179} INFO - Processing /home/airflow/.local/lib/python3.8/site-packages/airflow/example_dags/example_complex.py took 0.068 seconds
[2023-11-22T19:53:01.071+0000] {processor.py:157} INFO - Started process (PID=11042) to work on /home/airflow/.local/lib/python3.8/site-packages/airflow/example_dags/example_complex.py
[2023-11-22T19:53:01.072+0000] {processor.py:829} INFO - Processing file /home/airflow/.local/lib/python3.8/site-packages/airflow/example_dags/example_complex.py for tasks to queue
[2023-11-22T19:53:01.073+0000] {logging_mixin.py:154} INFO - [2023-11-22T19:53:01.073+0000] {dagbag.py:536} INFO - Filling up the DagBag from /home/airflow/.local/lib/python3.8/site-packages/airflow/example_dags/example_complex.py
[2023-11-22T19:53:01.082+0000] {processor.py:839} INFO - DAG(s) dict_keys(['example_complex']) retrieved from /home/airflow/.local/lib/python3.8/site-packages/airflow/example_dags/example_complex.py
[2023-11-22T19:53:01.110+0000] {logging_mixin.py:154} INFO - [2023-11-22T19:53:01.110+0000] {dag.py:2941} INFO - Sync 1 DAGs
[2023-11-22T19:53:01.120+0000] {logging_mixin.py:154} INFO - [2023-11-22T19:53:01.120+0000] {dag.py:3722} INFO - Setting next_dagrun for example_complex to None, run_after=None
[2023-11-22T19:53:01.132+0000] {processor.py:179} INFO - Processing /home/airflow/.local/lib/python3.8/site-packages/airflow/example_dags/example_complex.py took 0.064 seconds
[2023-11-22T19:53:31.450+0000] {processor.py:157} INFO - Started process (PID=11280) to work on /home/airflow/.local/lib/python3.8/site-packages/airflow/example_dags/example_complex.py
[2023-11-22T19:53:31.450+0000] {processor.py:829} INFO - Processing file /home/airflow/.local/lib/python3.8/site-packages/airflow/example_dags/example_complex.py for tasks to queue
[2023-11-22T19:53:31.451+0000] {logging_mixin.py:154} INFO - [2023-11-22T19:53:31.451+0000] {dagbag.py:536} INFO - Filling up the DagBag from /home/airflow/.local/lib/python3.8/site-packages/airflow/example_dags/example_complex.py
[2023-11-22T19:53:31.460+0000] {processor.py:839} INFO - DAG(s) dict_keys(['example_complex']) retrieved from /home/airflow/.local/lib/python3.8/site-packages/airflow/example_dags/example_complex.py
[2023-11-22T19:53:31.488+0000] {logging_mixin.py:154} INFO - [2023-11-22T19:53:31.488+0000] {dag.py:2941} INFO - Sync 1 DAGs
[2023-11-22T19:53:31.498+0000] {logging_mixin.py:154} INFO - [2023-11-22T19:53:31.498+0000] {dag.py:3722} INFO - Setting next_dagrun for example_complex to None, run_after=None
[2023-11-22T19:53:31.511+0000] {processor.py:179} INFO - Processing /home/airflow/.local/lib/python3.8/site-packages/airflow/example_dags/example_complex.py took 0.065 seconds
[2023-11-22T19:54:02.199+0000] {processor.py:157} INFO - Started process (PID=11518) to work on /home/airflow/.local/lib/python3.8/site-packages/airflow/example_dags/example_complex.py
[2023-11-22T19:54:02.201+0000] {processor.py:829} INFO - Processing file /home/airflow/.local/lib/python3.8/site-packages/airflow/example_dags/example_complex.py for tasks to queue
[2023-11-22T19:54:02.202+0000] {logging_mixin.py:154} INFO - [2023-11-22T19:54:02.201+0000] {dagbag.py:536} INFO - Filling up the DagBag from /home/airflow/.local/lib/python3.8/site-packages/airflow/example_dags/example_complex.py
[2023-11-22T19:54:02.213+0000] {processor.py:839} INFO - DAG(s) dict_keys(['example_complex']) retrieved from /home/airflow/.local/lib/python3.8/site-packages/airflow/example_dags/example_complex.py
[2023-11-22T19:54:02.251+0000] {logging_mixin.py:154} INFO - [2023-11-22T19:54:02.251+0000] {dag.py:2941} INFO - Sync 1 DAGs
[2023-11-22T19:54:02.265+0000] {logging_mixin.py:154} INFO - [2023-11-22T19:54:02.265+0000] {dag.py:3722} INFO - Setting next_dagrun for example_complex to None, run_after=None
[2023-11-22T19:54:02.283+0000] {processor.py:179} INFO - Processing /home/airflow/.local/lib/python3.8/site-packages/airflow/example_dags/example_complex.py took 0.087 seconds
[2023-11-22T20:36:15.561+0000] {processor.py:157} INFO - Started process (PID=11758) to work on /home/airflow/.local/lib/python3.8/site-packages/airflow/example_dags/example_complex.py
[2023-11-22T20:36:15.562+0000] {processor.py:829} INFO - Processing file /home/airflow/.local/lib/python3.8/site-packages/airflow/example_dags/example_complex.py for tasks to queue
[2023-11-22T20:36:15.563+0000] {logging_mixin.py:154} INFO - [2023-11-22T20:36:15.562+0000] {dagbag.py:536} INFO - Filling up the DagBag from /home/airflow/.local/lib/python3.8/site-packages/airflow/example_dags/example_complex.py
[2023-11-22T20:36:15.571+0000] {processor.py:839} INFO - DAG(s) dict_keys(['example_complex']) retrieved from /home/airflow/.local/lib/python3.8/site-packages/airflow/example_dags/example_complex.py
[2023-11-22T20:36:15.600+0000] {logging_mixin.py:154} INFO - [2023-11-22T20:36:15.600+0000] {dag.py:2941} INFO - Sync 1 DAGs
[2023-11-22T20:36:15.609+0000] {logging_mixin.py:154} INFO - [2023-11-22T20:36:15.609+0000] {dag.py:3722} INFO - Setting next_dagrun for example_complex to None, run_after=None
[2023-11-22T20:36:15.622+0000] {processor.py:179} INFO - Processing /home/airflow/.local/lib/python3.8/site-packages/airflow/example_dags/example_complex.py took 0.064 seconds
[2023-11-22T21:01:35.050+0000] {processor.py:157} INFO - Started process (PID=11999) to work on /home/airflow/.local/lib/python3.8/site-packages/airflow/example_dags/example_complex.py
[2023-11-22T21:01:35.051+0000] {processor.py:829} INFO - Processing file /home/airflow/.local/lib/python3.8/site-packages/airflow/example_dags/example_complex.py for tasks to queue
[2023-11-22T21:01:35.052+0000] {logging_mixin.py:154} INFO - [2023-11-22T21:01:35.052+0000] {dagbag.py:536} INFO - Filling up the DagBag from /home/airflow/.local/lib/python3.8/site-packages/airflow/example_dags/example_complex.py
[2023-11-22T21:01:35.066+0000] {processor.py:839} INFO - DAG(s) dict_keys(['example_complex']) retrieved from /home/airflow/.local/lib/python3.8/site-packages/airflow/example_dags/example_complex.py
[2023-11-22T21:01:35.109+0000] {logging_mixin.py:154} INFO - [2023-11-22T21:01:35.109+0000] {dag.py:2941} INFO - Sync 1 DAGs
[2023-11-22T21:01:35.124+0000] {logging_mixin.py:154} INFO - [2023-11-22T21:01:35.124+0000] {dag.py:3722} INFO - Setting next_dagrun for example_complex to None, run_after=None
[2023-11-22T21:01:35.144+0000] {processor.py:179} INFO - Processing /home/airflow/.local/lib/python3.8/site-packages/airflow/example_dags/example_complex.py took 0.099 seconds
[2023-11-22T21:02:05.599+0000] {processor.py:157} INFO - Started process (PID=12235) to work on /home/airflow/.local/lib/python3.8/site-packages/airflow/example_dags/example_complex.py
[2023-11-22T21:02:05.600+0000] {processor.py:829} INFO - Processing file /home/airflow/.local/lib/python3.8/site-packages/airflow/example_dags/example_complex.py for tasks to queue
[2023-11-22T21:02:05.601+0000] {logging_mixin.py:154} INFO - [2023-11-22T21:02:05.601+0000] {dagbag.py:536} INFO - Filling up the DagBag from /home/airflow/.local/lib/python3.8/site-packages/airflow/example_dags/example_complex.py
[2023-11-22T21:02:05.611+0000] {processor.py:839} INFO - DAG(s) dict_keys(['example_complex']) retrieved from /home/airflow/.local/lib/python3.8/site-packages/airflow/example_dags/example_complex.py
[2023-11-22T21:02:05.640+0000] {logging_mixin.py:154} INFO - [2023-11-22T21:02:05.640+0000] {dag.py:2941} INFO - Sync 1 DAGs
[2023-11-22T21:02:05.651+0000] {logging_mixin.py:154} INFO - [2023-11-22T21:02:05.651+0000] {dag.py:3722} INFO - Setting next_dagrun for example_complex to None, run_after=None
[2023-11-22T21:02:05.664+0000] {processor.py:179} INFO - Processing /home/airflow/.local/lib/python3.8/site-packages/airflow/example_dags/example_complex.py took 0.068 seconds
[2023-11-22T21:02:36.510+0000] {processor.py:157} INFO - Started process (PID=12473) to work on /home/airflow/.local/lib/python3.8/site-packages/airflow/example_dags/example_complex.py
[2023-11-22T21:02:36.511+0000] {processor.py:829} INFO - Processing file /home/airflow/.local/lib/python3.8/site-packages/airflow/example_dags/example_complex.py for tasks to queue
[2023-11-22T21:02:36.512+0000] {logging_mixin.py:154} INFO - [2023-11-22T21:02:36.512+0000] {dagbag.py:536} INFO - Filling up the DagBag from /home/airflow/.local/lib/python3.8/site-packages/airflow/example_dags/example_complex.py
[2023-11-22T21:02:36.521+0000] {processor.py:839} INFO - DAG(s) dict_keys(['example_complex']) retrieved from /home/airflow/.local/lib/python3.8/site-packages/airflow/example_dags/example_complex.py
[2023-11-22T21:02:36.549+0000] {logging_mixin.py:154} INFO - [2023-11-22T21:02:36.549+0000] {dag.py:2941} INFO - Sync 1 DAGs
[2023-11-22T21:02:36.559+0000] {logging_mixin.py:154} INFO - [2023-11-22T21:02:36.559+0000] {dag.py:3722} INFO - Setting next_dagrun for example_complex to None, run_after=None
[2023-11-22T21:02:36.572+0000] {processor.py:179} INFO - Processing /home/airflow/.local/lib/python3.8/site-packages/airflow/example_dags/example_complex.py took 0.064 seconds
[2023-11-22T21:03:06.754+0000] {processor.py:157} INFO - Started process (PID=12711) to work on /home/airflow/.local/lib/python3.8/site-packages/airflow/example_dags/example_complex.py
[2023-11-22T21:03:06.755+0000] {processor.py:829} INFO - Processing file /home/airflow/.local/lib/python3.8/site-packages/airflow/example_dags/example_complex.py for tasks to queue
[2023-11-22T21:03:06.756+0000] {logging_mixin.py:154} INFO - [2023-11-22T21:03:06.755+0000] {dagbag.py:536} INFO - Filling up the DagBag from /home/airflow/.local/lib/python3.8/site-packages/airflow/example_dags/example_complex.py
[2023-11-22T21:03:06.764+0000] {processor.py:839} INFO - DAG(s) dict_keys(['example_complex']) retrieved from /home/airflow/.local/lib/python3.8/site-packages/airflow/example_dags/example_complex.py
[2023-11-22T21:03:06.793+0000] {logging_mixin.py:154} INFO - [2023-11-22T21:03:06.792+0000] {dag.py:2941} INFO - Sync 1 DAGs
[2023-11-22T21:03:06.802+0000] {logging_mixin.py:154} INFO - [2023-11-22T21:03:06.802+0000] {dag.py:3722} INFO - Setting next_dagrun for example_complex to None, run_after=None
[2023-11-22T21:03:06.815+0000] {processor.py:179} INFO - Processing /home/airflow/.local/lib/python3.8/site-packages/airflow/example_dags/example_complex.py took 0.065 seconds
[2023-11-22T21:03:37.716+0000] {processor.py:157} INFO - Started process (PID=12949) to work on /home/airflow/.local/lib/python3.8/site-packages/airflow/example_dags/example_complex.py
[2023-11-22T21:03:37.717+0000] {processor.py:829} INFO - Processing file /home/airflow/.local/lib/python3.8/site-packages/airflow/example_dags/example_complex.py for tasks to queue
[2023-11-22T21:03:37.718+0000] {logging_mixin.py:154} INFO - [2023-11-22T21:03:37.718+0000] {dagbag.py:536} INFO - Filling up the DagBag from /home/airflow/.local/lib/python3.8/site-packages/airflow/example_dags/example_complex.py
[2023-11-22T21:03:37.727+0000] {processor.py:839} INFO - DAG(s) dict_keys(['example_complex']) retrieved from /home/airflow/.local/lib/python3.8/site-packages/airflow/example_dags/example_complex.py
[2023-11-22T21:03:37.757+0000] {logging_mixin.py:154} INFO - [2023-11-22T21:03:37.757+0000] {dag.py:2941} INFO - Sync 1 DAGs
[2023-11-22T21:03:37.767+0000] {logging_mixin.py:154} INFO - [2023-11-22T21:03:37.767+0000] {dag.py:3722} INFO - Setting next_dagrun for example_complex to None, run_after=None
[2023-11-22T21:03:37.780+0000] {processor.py:179} INFO - Processing /home/airflow/.local/lib/python3.8/site-packages/airflow/example_dags/example_complex.py took 0.068 seconds
[2023-11-22T21:04:08.225+0000] {processor.py:157} INFO - Started process (PID=13187) to work on /home/airflow/.local/lib/python3.8/site-packages/airflow/example_dags/example_complex.py
[2023-11-22T21:04:08.227+0000] {processor.py:829} INFO - Processing file /home/airflow/.local/lib/python3.8/site-packages/airflow/example_dags/example_complex.py for tasks to queue
[2023-11-22T21:04:08.228+0000] {logging_mixin.py:154} INFO - [2023-11-22T21:04:08.227+0000] {dagbag.py:536} INFO - Filling up the DagBag from /home/airflow/.local/lib/python3.8/site-packages/airflow/example_dags/example_complex.py
[2023-11-22T21:04:08.240+0000] {processor.py:839} INFO - DAG(s) dict_keys(['example_complex']) retrieved from /home/airflow/.local/lib/python3.8/site-packages/airflow/example_dags/example_complex.py
[2023-11-22T21:04:08.275+0000] {logging_mixin.py:154} INFO - [2023-11-22T21:04:08.275+0000] {dag.py:2941} INFO - Sync 1 DAGs
[2023-11-22T21:04:08.286+0000] {logging_mixin.py:154} INFO - [2023-11-22T21:04:08.286+0000] {dag.py:3722} INFO - Setting next_dagrun for example_complex to None, run_after=None
[2023-11-22T21:04:08.303+0000] {processor.py:179} INFO - Processing /home/airflow/.local/lib/python3.8/site-packages/airflow/example_dags/example_complex.py took 0.082 seconds
[2023-11-22T21:04:38.852+0000] {processor.py:157} INFO - Started process (PID=13425) to work on /home/airflow/.local/lib/python3.8/site-packages/airflow/example_dags/example_complex.py
[2023-11-22T21:04:38.854+0000] {processor.py:829} INFO - Processing file /home/airflow/.local/lib/python3.8/site-packages/airflow/example_dags/example_complex.py for tasks to queue
[2023-11-22T21:04:38.855+0000] {logging_mixin.py:154} INFO - [2023-11-22T21:04:38.854+0000] {dagbag.py:536} INFO - Filling up the DagBag from /home/airflow/.local/lib/python3.8/site-packages/airflow/example_dags/example_complex.py
[2023-11-22T21:04:38.865+0000] {processor.py:839} INFO - DAG(s) dict_keys(['example_complex']) retrieved from /home/airflow/.local/lib/python3.8/site-packages/airflow/example_dags/example_complex.py
[2023-11-22T21:04:38.897+0000] {logging_mixin.py:154} INFO - [2023-11-22T21:04:38.896+0000] {dag.py:2941} INFO - Sync 1 DAGs
[2023-11-22T21:04:38.908+0000] {logging_mixin.py:154} INFO - [2023-11-22T21:04:38.908+0000] {dag.py:3722} INFO - Setting next_dagrun for example_complex to None, run_after=None
[2023-11-22T21:04:38.921+0000] {processor.py:179} INFO - Processing /home/airflow/.local/lib/python3.8/site-packages/airflow/example_dags/example_complex.py took 0.072 seconds
[2023-11-22T21:05:09.387+0000] {processor.py:157} INFO - Started process (PID=13663) to work on /home/airflow/.local/lib/python3.8/site-packages/airflow/example_dags/example_complex.py
[2023-11-22T21:05:09.388+0000] {processor.py:829} INFO - Processing file /home/airflow/.local/lib/python3.8/site-packages/airflow/example_dags/example_complex.py for tasks to queue
[2023-11-22T21:05:09.389+0000] {logging_mixin.py:154} INFO - [2023-11-22T21:05:09.388+0000] {dagbag.py:536} INFO - Filling up the DagBag from /home/airflow/.local/lib/python3.8/site-packages/airflow/example_dags/example_complex.py
[2023-11-22T21:05:09.398+0000] {processor.py:839} INFO - DAG(s) dict_keys(['example_complex']) retrieved from /home/airflow/.local/lib/python3.8/site-packages/airflow/example_dags/example_complex.py
[2023-11-22T21:05:09.426+0000] {logging_mixin.py:154} INFO - [2023-11-22T21:05:09.426+0000] {dag.py:2941} INFO - Sync 1 DAGs
[2023-11-22T21:05:09.436+0000] {logging_mixin.py:154} INFO - [2023-11-22T21:05:09.435+0000] {dag.py:3722} INFO - Setting next_dagrun for example_complex to None, run_after=None
[2023-11-22T21:05:09.449+0000] {processor.py:179} INFO - Processing /home/airflow/.local/lib/python3.8/site-packages/airflow/example_dags/example_complex.py took 0.065 seconds
[2023-11-22T21:05:40.133+0000] {processor.py:157} INFO - Started process (PID=13900) to work on /home/airflow/.local/lib/python3.8/site-packages/airflow/example_dags/example_complex.py
[2023-11-22T21:05:40.134+0000] {processor.py:829} INFO - Processing file /home/airflow/.local/lib/python3.8/site-packages/airflow/example_dags/example_complex.py for tasks to queue
[2023-11-22T21:05:40.135+0000] {logging_mixin.py:154} INFO - [2023-11-22T21:05:40.135+0000] {dagbag.py:536} INFO - Filling up the DagBag from /home/airflow/.local/lib/python3.8/site-packages/airflow/example_dags/example_complex.py
[2023-11-22T21:05:40.146+0000] {processor.py:839} INFO - DAG(s) dict_keys(['example_complex']) retrieved from /home/airflow/.local/lib/python3.8/site-packages/airflow/example_dags/example_complex.py
[2023-11-22T21:05:40.188+0000] {logging_mixin.py:154} INFO - [2023-11-22T21:05:40.188+0000] {dag.py:2941} INFO - Sync 1 DAGs
[2023-11-22T21:05:40.213+0000] {logging_mixin.py:154} INFO - [2023-11-22T21:05:40.213+0000] {dag.py:3722} INFO - Setting next_dagrun for example_complex to None, run_after=None
[2023-11-22T21:05:40.249+0000] {processor.py:179} INFO - Processing /home/airflow/.local/lib/python3.8/site-packages/airflow/example_dags/example_complex.py took 0.119 seconds
[2023-11-22T21:06:10.372+0000] {processor.py:157} INFO - Started process (PID=14138) to work on /home/airflow/.local/lib/python3.8/site-packages/airflow/example_dags/example_complex.py
[2023-11-22T21:06:10.373+0000] {processor.py:829} INFO - Processing file /home/airflow/.local/lib/python3.8/site-packages/airflow/example_dags/example_complex.py for tasks to queue
[2023-11-22T21:06:10.374+0000] {logging_mixin.py:154} INFO - [2023-11-22T21:06:10.374+0000] {dagbag.py:536} INFO - Filling up the DagBag from /home/airflow/.local/lib/python3.8/site-packages/airflow/example_dags/example_complex.py
[2023-11-22T21:06:10.384+0000] {processor.py:839} INFO - DAG(s) dict_keys(['example_complex']) retrieved from /home/airflow/.local/lib/python3.8/site-packages/airflow/example_dags/example_complex.py
[2023-11-22T21:06:10.416+0000] {logging_mixin.py:154} INFO - [2023-11-22T21:06:10.415+0000] {dag.py:2941} INFO - Sync 1 DAGs
[2023-11-22T21:06:10.427+0000] {logging_mixin.py:154} INFO - [2023-11-22T21:06:10.427+0000] {dag.py:3722} INFO - Setting next_dagrun for example_complex to None, run_after=None
[2023-11-22T21:06:10.444+0000] {processor.py:179} INFO - Processing /home/airflow/.local/lib/python3.8/site-packages/airflow/example_dags/example_complex.py took 0.075 seconds
[2023-11-22T21:06:41.347+0000] {processor.py:157} INFO - Started process (PID=14376) to work on /home/airflow/.local/lib/python3.8/site-packages/airflow/example_dags/example_complex.py
[2023-11-22T21:06:41.348+0000] {processor.py:829} INFO - Processing file /home/airflow/.local/lib/python3.8/site-packages/airflow/example_dags/example_complex.py for tasks to queue
[2023-11-22T21:06:41.350+0000] {logging_mixin.py:154} INFO - [2023-11-22T21:06:41.350+0000] {dagbag.py:536} INFO - Filling up the DagBag from /home/airflow/.local/lib/python3.8/site-packages/airflow/example_dags/example_complex.py
[2023-11-22T21:06:41.359+0000] {processor.py:839} INFO - DAG(s) dict_keys(['example_complex']) retrieved from /home/airflow/.local/lib/python3.8/site-packages/airflow/example_dags/example_complex.py
[2023-11-22T21:06:41.390+0000] {logging_mixin.py:154} INFO - [2023-11-22T21:06:41.390+0000] {dag.py:2941} INFO - Sync 1 DAGs
[2023-11-22T21:06:41.401+0000] {logging_mixin.py:154} INFO - [2023-11-22T21:06:41.401+0000] {dag.py:3722} INFO - Setting next_dagrun for example_complex to None, run_after=None
[2023-11-22T21:06:41.417+0000] {processor.py:179} INFO - Processing /home/airflow/.local/lib/python3.8/site-packages/airflow/example_dags/example_complex.py took 0.073 seconds
[2023-11-22T21:07:12.404+0000] {processor.py:157} INFO - Started process (PID=14614) to work on /home/airflow/.local/lib/python3.8/site-packages/airflow/example_dags/example_complex.py
[2023-11-22T21:07:12.409+0000] {processor.py:829} INFO - Processing file /home/airflow/.local/lib/python3.8/site-packages/airflow/example_dags/example_complex.py for tasks to queue
[2023-11-22T21:07:12.413+0000] {logging_mixin.py:154} INFO - [2023-11-22T21:07:12.413+0000] {dagbag.py:536} INFO - Filling up the DagBag from /home/airflow/.local/lib/python3.8/site-packages/airflow/example_dags/example_complex.py
[2023-11-22T21:07:12.429+0000] {processor.py:839} INFO - DAG(s) dict_keys(['example_complex']) retrieved from /home/airflow/.local/lib/python3.8/site-packages/airflow/example_dags/example_complex.py
[2023-11-22T21:07:12.473+0000] {logging_mixin.py:154} INFO - [2023-11-22T21:07:12.473+0000] {dag.py:2941} INFO - Sync 1 DAGs
[2023-11-22T21:07:12.486+0000] {logging_mixin.py:154} INFO - [2023-11-22T21:07:12.486+0000] {dag.py:3722} INFO - Setting next_dagrun for example_complex to None, run_after=None
[2023-11-22T21:07:12.509+0000] {processor.py:179} INFO - Processing /home/airflow/.local/lib/python3.8/site-packages/airflow/example_dags/example_complex.py took 0.109 seconds
[2023-11-22T21:07:43.495+0000] {processor.py:157} INFO - Started process (PID=14854) to work on /home/airflow/.local/lib/python3.8/site-packages/airflow/example_dags/example_complex.py
[2023-11-22T21:07:43.498+0000] {processor.py:829} INFO - Processing file /home/airflow/.local/lib/python3.8/site-packages/airflow/example_dags/example_complex.py for tasks to queue
[2023-11-22T21:07:43.499+0000] {logging_mixin.py:154} INFO - [2023-11-22T21:07:43.498+0000] {dagbag.py:536} INFO - Filling up the DagBag from /home/airflow/.local/lib/python3.8/site-packages/airflow/example_dags/example_complex.py
[2023-11-22T21:07:43.512+0000] {processor.py:839} INFO - DAG(s) dict_keys(['example_complex']) retrieved from /home/airflow/.local/lib/python3.8/site-packages/airflow/example_dags/example_complex.py
[2023-11-22T21:07:43.543+0000] {logging_mixin.py:154} INFO - [2023-11-22T21:07:43.543+0000] {dag.py:2941} INFO - Sync 1 DAGs
[2023-11-22T21:07:43.553+0000] {logging_mixin.py:154} INFO - [2023-11-22T21:07:43.552+0000] {dag.py:3722} INFO - Setting next_dagrun for example_complex to None, run_after=None
[2023-11-22T21:07:43.567+0000] {processor.py:179} INFO - Processing /home/airflow/.local/lib/python3.8/site-packages/airflow/example_dags/example_complex.py took 0.077 seconds
[2023-11-22T21:08:14.296+0000] {processor.py:157} INFO - Started process (PID=15092) to work on /home/airflow/.local/lib/python3.8/site-packages/airflow/example_dags/example_complex.py
[2023-11-22T21:08:14.297+0000] {processor.py:829} INFO - Processing file /home/airflow/.local/lib/python3.8/site-packages/airflow/example_dags/example_complex.py for tasks to queue
[2023-11-22T21:08:14.298+0000] {logging_mixin.py:154} INFO - [2023-11-22T21:08:14.298+0000] {dagbag.py:536} INFO - Filling up the DagBag from /home/airflow/.local/lib/python3.8/site-packages/airflow/example_dags/example_complex.py
[2023-11-22T21:08:14.310+0000] {processor.py:839} INFO - DAG(s) dict_keys(['example_complex']) retrieved from /home/airflow/.local/lib/python3.8/site-packages/airflow/example_dags/example_complex.py
[2023-11-22T21:08:14.342+0000] {logging_mixin.py:154} INFO - [2023-11-22T21:08:14.342+0000] {dag.py:2941} INFO - Sync 1 DAGs
[2023-11-22T21:08:14.353+0000] {logging_mixin.py:154} INFO - [2023-11-22T21:08:14.352+0000] {dag.py:3722} INFO - Setting next_dagrun for example_complex to None, run_after=None
[2023-11-22T21:08:14.367+0000] {processor.py:179} INFO - Processing /home/airflow/.local/lib/python3.8/site-packages/airflow/example_dags/example_complex.py took 0.074 seconds
[2023-11-22T21:08:44.767+0000] {processor.py:157} INFO - Started process (PID=15330) to work on /home/airflow/.local/lib/python3.8/site-packages/airflow/example_dags/example_complex.py
[2023-11-22T21:08:44.768+0000] {processor.py:829} INFO - Processing file /home/airflow/.local/lib/python3.8/site-packages/airflow/example_dags/example_complex.py for tasks to queue
[2023-11-22T21:08:44.769+0000] {logging_mixin.py:154} INFO - [2023-11-22T21:08:44.769+0000] {dagbag.py:536} INFO - Filling up the DagBag from /home/airflow/.local/lib/python3.8/site-packages/airflow/example_dags/example_complex.py
[2023-11-22T21:08:44.779+0000] {processor.py:839} INFO - DAG(s) dict_keys(['example_complex']) retrieved from /home/airflow/.local/lib/python3.8/site-packages/airflow/example_dags/example_complex.py
[2023-11-22T21:08:44.810+0000] {logging_mixin.py:154} INFO - [2023-11-22T21:08:44.809+0000] {dag.py:2941} INFO - Sync 1 DAGs
[2023-11-22T21:08:44.822+0000] {logging_mixin.py:154} INFO - [2023-11-22T21:08:44.821+0000] {dag.py:3722} INFO - Setting next_dagrun for example_complex to None, run_after=None
[2023-11-22T21:08:44.844+0000] {processor.py:179} INFO - Processing /home/airflow/.local/lib/python3.8/site-packages/airflow/example_dags/example_complex.py took 0.080 seconds
[2023-11-22T21:09:43.569+0000] {processor.py:157} INFO - Started process (PID=327) to work on /home/airflow/.local/lib/python3.8/site-packages/airflow/example_dags/example_complex.py
[2023-11-22T21:09:43.571+0000] {processor.py:829} INFO - Processing file /home/airflow/.local/lib/python3.8/site-packages/airflow/example_dags/example_complex.py for tasks to queue
[2023-11-22T21:09:43.572+0000] {logging_mixin.py:154} INFO - [2023-11-22T21:09:43.572+0000] {dagbag.py:536} INFO - Filling up the DagBag from /home/airflow/.local/lib/python3.8/site-packages/airflow/example_dags/example_complex.py
[2023-11-22T21:09:43.591+0000] {processor.py:839} INFO - DAG(s) dict_keys(['example_complex']) retrieved from /home/airflow/.local/lib/python3.8/site-packages/airflow/example_dags/example_complex.py
[2023-11-22T21:09:43.626+0000] {logging_mixin.py:154} INFO - [2023-11-22T21:09:43.626+0000] {dag.py:2941} INFO - Sync 1 DAGs
[2023-11-22T21:09:43.642+0000] {logging_mixin.py:154} INFO - [2023-11-22T21:09:43.642+0000] {dag.py:3722} INFO - Setting next_dagrun for example_complex to None, run_after=None
[2023-11-22T21:09:43.665+0000] {processor.py:179} INFO - Processing /home/airflow/.local/lib/python3.8/site-packages/airflow/example_dags/example_complex.py took 0.101 seconds
[2023-11-22T21:10:13.718+0000] {processor.py:157} INFO - Started process (PID=568) to work on /home/airflow/.local/lib/python3.8/site-packages/airflow/example_dags/example_complex.py
[2023-11-22T21:10:13.719+0000] {processor.py:829} INFO - Processing file /home/airflow/.local/lib/python3.8/site-packages/airflow/example_dags/example_complex.py for tasks to queue
[2023-11-22T21:10:13.720+0000] {logging_mixin.py:154} INFO - [2023-11-22T21:10:13.719+0000] {dagbag.py:536} INFO - Filling up the DagBag from /home/airflow/.local/lib/python3.8/site-packages/airflow/example_dags/example_complex.py
[2023-11-22T21:10:13.728+0000] {processor.py:839} INFO - DAG(s) dict_keys(['example_complex']) retrieved from /home/airflow/.local/lib/python3.8/site-packages/airflow/example_dags/example_complex.py
[2023-11-22T21:10:13.757+0000] {logging_mixin.py:154} INFO - [2023-11-22T21:10:13.756+0000] {dag.py:2941} INFO - Sync 1 DAGs
[2023-11-22T21:10:13.766+0000] {logging_mixin.py:154} INFO - [2023-11-22T21:10:13.766+0000] {dag.py:3722} INFO - Setting next_dagrun for example_complex to None, run_after=None
[2023-11-22T21:10:13.778+0000] {processor.py:179} INFO - Processing /home/airflow/.local/lib/python3.8/site-packages/airflow/example_dags/example_complex.py took 0.063 seconds
