[2023-11-22T19:30:04.506+0000] {processor.py:157} INFO - Started process (PID=207) to work on /home/airflow/.local/lib/python3.8/site-packages/airflow/example_dags/example_time_delta_sensor_async.py
[2023-11-22T19:30:04.507+0000] {processor.py:829} INFO - Processing file /home/airflow/.local/lib/python3.8/site-packages/airflow/example_dags/example_time_delta_sensor_async.py for tasks to queue
[2023-11-22T19:30:04.508+0000] {logging_mixin.py:154} INFO - [2023-11-22T19:30:04.507+0000] {dagbag.py:536} INFO - Filling up the DagBag from /home/airflow/.local/lib/python3.8/site-packages/airflow/example_dags/example_time_delta_sensor_async.py
[2023-11-22T19:30:04.519+0000] {processor.py:839} INFO - DAG(s) dict_keys(['example_time_delta_sensor_async']) retrieved from /home/airflow/.local/lib/python3.8/site-packages/airflow/example_dags/example_time_delta_sensor_async.py
[2023-11-22T19:30:04.555+0000] {logging_mixin.py:154} INFO - [2023-11-22T19:30:04.555+0000] {dag.py:2941} INFO - Sync 1 DAGs
[2023-11-22T19:30:04.572+0000] {logging_mixin.py:154} INFO - [2023-11-22T19:30:04.572+0000] {dag.py:3722} INFO - Setting next_dagrun for example_time_delta_sensor_async to None, run_after=None
[2023-11-22T19:30:04.597+0000] {processor.py:179} INFO - Processing /home/airflow/.local/lib/python3.8/site-packages/airflow/example_dags/example_time_delta_sensor_async.py took 0.096 seconds
[2023-11-22T19:30:34.830+0000] {processor.py:157} INFO - Started process (PID=445) to work on /home/airflow/.local/lib/python3.8/site-packages/airflow/example_dags/example_time_delta_sensor_async.py
[2023-11-22T19:30:34.830+0000] {processor.py:829} INFO - Processing file /home/airflow/.local/lib/python3.8/site-packages/airflow/example_dags/example_time_delta_sensor_async.py for tasks to queue
[2023-11-22T19:30:34.831+0000] {logging_mixin.py:154} INFO - [2023-11-22T19:30:34.831+0000] {dagbag.py:536} INFO - Filling up the DagBag from /home/airflow/.local/lib/python3.8/site-packages/airflow/example_dags/example_time_delta_sensor_async.py
[2023-11-22T19:30:34.835+0000] {processor.py:839} INFO - DAG(s) dict_keys(['example_time_delta_sensor_async']) retrieved from /home/airflow/.local/lib/python3.8/site-packages/airflow/example_dags/example_time_delta_sensor_async.py
[2023-11-22T19:30:34.856+0000] {logging_mixin.py:154} INFO - [2023-11-22T19:30:34.855+0000] {dag.py:2941} INFO - Sync 1 DAGs
[2023-11-22T19:30:34.866+0000] {logging_mixin.py:154} INFO - [2023-11-22T19:30:34.865+0000] {dag.py:3722} INFO - Setting next_dagrun for example_time_delta_sensor_async to None, run_after=None
[2023-11-22T19:30:34.878+0000] {processor.py:179} INFO - Processing /home/airflow/.local/lib/python3.8/site-packages/airflow/example_dags/example_time_delta_sensor_async.py took 0.051 seconds
[2023-11-22T19:31:05.519+0000] {processor.py:157} INFO - Started process (PID=683) to work on /home/airflow/.local/lib/python3.8/site-packages/airflow/example_dags/example_time_delta_sensor_async.py
[2023-11-22T19:31:05.520+0000] {processor.py:829} INFO - Processing file /home/airflow/.local/lib/python3.8/site-packages/airflow/example_dags/example_time_delta_sensor_async.py for tasks to queue
[2023-11-22T19:31:05.520+0000] {logging_mixin.py:154} INFO - [2023-11-22T19:31:05.520+0000] {dagbag.py:536} INFO - Filling up the DagBag from /home/airflow/.local/lib/python3.8/site-packages/airflow/example_dags/example_time_delta_sensor_async.py
[2023-11-22T19:31:05.524+0000] {processor.py:839} INFO - DAG(s) dict_keys(['example_time_delta_sensor_async']) retrieved from /home/airflow/.local/lib/python3.8/site-packages/airflow/example_dags/example_time_delta_sensor_async.py
[2023-11-22T19:31:05.544+0000] {logging_mixin.py:154} INFO - [2023-11-22T19:31:05.544+0000] {dag.py:2941} INFO - Sync 1 DAGs
[2023-11-22T19:31:05.553+0000] {logging_mixin.py:154} INFO - [2023-11-22T19:31:05.553+0000] {dag.py:3722} INFO - Setting next_dagrun for example_time_delta_sensor_async to None, run_after=None
[2023-11-22T19:31:05.566+0000] {processor.py:179} INFO - Processing /home/airflow/.local/lib/python3.8/site-packages/airflow/example_dags/example_time_delta_sensor_async.py took 0.050 seconds
[2023-11-22T19:31:35.980+0000] {processor.py:157} INFO - Started process (PID=921) to work on /home/airflow/.local/lib/python3.8/site-packages/airflow/example_dags/example_time_delta_sensor_async.py
[2023-11-22T19:31:35.981+0000] {processor.py:829} INFO - Processing file /home/airflow/.local/lib/python3.8/site-packages/airflow/example_dags/example_time_delta_sensor_async.py for tasks to queue
[2023-11-22T19:31:35.982+0000] {logging_mixin.py:154} INFO - [2023-11-22T19:31:35.982+0000] {dagbag.py:536} INFO - Filling up the DagBag from /home/airflow/.local/lib/python3.8/site-packages/airflow/example_dags/example_time_delta_sensor_async.py
[2023-11-22T19:31:35.986+0000] {processor.py:839} INFO - DAG(s) dict_keys(['example_time_delta_sensor_async']) retrieved from /home/airflow/.local/lib/python3.8/site-packages/airflow/example_dags/example_time_delta_sensor_async.py
[2023-11-22T19:31:36.009+0000] {logging_mixin.py:154} INFO - [2023-11-22T19:31:36.008+0000] {dag.py:2941} INFO - Sync 1 DAGs
[2023-11-22T19:31:36.019+0000] {logging_mixin.py:154} INFO - [2023-11-22T19:31:36.019+0000] {dag.py:3722} INFO - Setting next_dagrun for example_time_delta_sensor_async to None, run_after=None
[2023-11-22T19:31:36.032+0000] {processor.py:179} INFO - Processing /home/airflow/.local/lib/python3.8/site-packages/airflow/example_dags/example_time_delta_sensor_async.py took 0.056 seconds
[2023-11-22T19:32:06.353+0000] {processor.py:157} INFO - Started process (PID=1161) to work on /home/airflow/.local/lib/python3.8/site-packages/airflow/example_dags/example_time_delta_sensor_async.py
[2023-11-22T19:32:06.354+0000] {processor.py:829} INFO - Processing file /home/airflow/.local/lib/python3.8/site-packages/airflow/example_dags/example_time_delta_sensor_async.py for tasks to queue
[2023-11-22T19:32:06.355+0000] {logging_mixin.py:154} INFO - [2023-11-22T19:32:06.354+0000] {dagbag.py:536} INFO - Filling up the DagBag from /home/airflow/.local/lib/python3.8/site-packages/airflow/example_dags/example_time_delta_sensor_async.py
[2023-11-22T19:32:06.359+0000] {processor.py:839} INFO - DAG(s) dict_keys(['example_time_delta_sensor_async']) retrieved from /home/airflow/.local/lib/python3.8/site-packages/airflow/example_dags/example_time_delta_sensor_async.py
[2023-11-22T19:32:06.380+0000] {logging_mixin.py:154} INFO - [2023-11-22T19:32:06.380+0000] {dag.py:2941} INFO - Sync 1 DAGs
[2023-11-22T19:32:06.390+0000] {logging_mixin.py:154} INFO - [2023-11-22T19:32:06.390+0000] {dag.py:3722} INFO - Setting next_dagrun for example_time_delta_sensor_async to None, run_after=None
[2023-11-22T19:32:06.402+0000] {processor.py:179} INFO - Processing /home/airflow/.local/lib/python3.8/site-packages/airflow/example_dags/example_time_delta_sensor_async.py took 0.052 seconds
[2023-11-22T19:32:37.144+0000] {processor.py:157} INFO - Started process (PID=1399) to work on /home/airflow/.local/lib/python3.8/site-packages/airflow/example_dags/example_time_delta_sensor_async.py
[2023-11-22T19:32:37.146+0000] {processor.py:829} INFO - Processing file /home/airflow/.local/lib/python3.8/site-packages/airflow/example_dags/example_time_delta_sensor_async.py for tasks to queue
[2023-11-22T19:32:37.148+0000] {logging_mixin.py:154} INFO - [2023-11-22T19:32:37.147+0000] {dagbag.py:536} INFO - Filling up the DagBag from /home/airflow/.local/lib/python3.8/site-packages/airflow/example_dags/example_time_delta_sensor_async.py
[2023-11-22T19:32:37.156+0000] {processor.py:839} INFO - DAG(s) dict_keys(['example_time_delta_sensor_async']) retrieved from /home/airflow/.local/lib/python3.8/site-packages/airflow/example_dags/example_time_delta_sensor_async.py
[2023-11-22T19:32:37.184+0000] {logging_mixin.py:154} INFO - [2023-11-22T19:32:37.183+0000] {dag.py:2941} INFO - Sync 1 DAGs
[2023-11-22T19:32:37.199+0000] {logging_mixin.py:154} INFO - [2023-11-22T19:32:37.199+0000] {dag.py:3722} INFO - Setting next_dagrun for example_time_delta_sensor_async to None, run_after=None
[2023-11-22T19:32:37.222+0000] {processor.py:179} INFO - Processing /home/airflow/.local/lib/python3.8/site-packages/airflow/example_dags/example_time_delta_sensor_async.py took 0.081 seconds
[2023-11-22T19:33:08.127+0000] {processor.py:157} INFO - Started process (PID=1637) to work on /home/airflow/.local/lib/python3.8/site-packages/airflow/example_dags/example_time_delta_sensor_async.py
[2023-11-22T19:33:08.127+0000] {processor.py:829} INFO - Processing file /home/airflow/.local/lib/python3.8/site-packages/airflow/example_dags/example_time_delta_sensor_async.py for tasks to queue
[2023-11-22T19:33:08.128+0000] {logging_mixin.py:154} INFO - [2023-11-22T19:33:08.128+0000] {dagbag.py:536} INFO - Filling up the DagBag from /home/airflow/.local/lib/python3.8/site-packages/airflow/example_dags/example_time_delta_sensor_async.py
[2023-11-22T19:33:08.132+0000] {processor.py:839} INFO - DAG(s) dict_keys(['example_time_delta_sensor_async']) retrieved from /home/airflow/.local/lib/python3.8/site-packages/airflow/example_dags/example_time_delta_sensor_async.py
[2023-11-22T19:33:08.154+0000] {logging_mixin.py:154} INFO - [2023-11-22T19:33:08.154+0000] {dag.py:2941} INFO - Sync 1 DAGs
[2023-11-22T19:33:08.164+0000] {logging_mixin.py:154} INFO - [2023-11-22T19:33:08.163+0000] {dag.py:3722} INFO - Setting next_dagrun for example_time_delta_sensor_async to None, run_after=None
[2023-11-22T19:33:08.177+0000] {processor.py:179} INFO - Processing /home/airflow/.local/lib/python3.8/site-packages/airflow/example_dags/example_time_delta_sensor_async.py took 0.053 seconds
[2023-11-22T19:33:38.520+0000] {processor.py:157} INFO - Started process (PID=1875) to work on /home/airflow/.local/lib/python3.8/site-packages/airflow/example_dags/example_time_delta_sensor_async.py
[2023-11-22T19:33:38.521+0000] {processor.py:829} INFO - Processing file /home/airflow/.local/lib/python3.8/site-packages/airflow/example_dags/example_time_delta_sensor_async.py for tasks to queue
[2023-11-22T19:33:38.522+0000] {logging_mixin.py:154} INFO - [2023-11-22T19:33:38.522+0000] {dagbag.py:536} INFO - Filling up the DagBag from /home/airflow/.local/lib/python3.8/site-packages/airflow/example_dags/example_time_delta_sensor_async.py
[2023-11-22T19:33:38.526+0000] {processor.py:839} INFO - DAG(s) dict_keys(['example_time_delta_sensor_async']) retrieved from /home/airflow/.local/lib/python3.8/site-packages/airflow/example_dags/example_time_delta_sensor_async.py
[2023-11-22T19:33:38.550+0000] {logging_mixin.py:154} INFO - [2023-11-22T19:33:38.549+0000] {dag.py:2941} INFO - Sync 1 DAGs
[2023-11-22T19:33:38.560+0000] {logging_mixin.py:154} INFO - [2023-11-22T19:33:38.560+0000] {dag.py:3722} INFO - Setting next_dagrun for example_time_delta_sensor_async to None, run_after=None
[2023-11-22T19:33:38.575+0000] {processor.py:179} INFO - Processing /home/airflow/.local/lib/python3.8/site-packages/airflow/example_dags/example_time_delta_sensor_async.py took 0.058 seconds
[2023-11-22T19:34:09.217+0000] {processor.py:157} INFO - Started process (PID=2113) to work on /home/airflow/.local/lib/python3.8/site-packages/airflow/example_dags/example_time_delta_sensor_async.py
[2023-11-22T19:34:09.218+0000] {processor.py:829} INFO - Processing file /home/airflow/.local/lib/python3.8/site-packages/airflow/example_dags/example_time_delta_sensor_async.py for tasks to queue
[2023-11-22T19:34:09.219+0000] {logging_mixin.py:154} INFO - [2023-11-22T19:34:09.219+0000] {dagbag.py:536} INFO - Filling up the DagBag from /home/airflow/.local/lib/python3.8/site-packages/airflow/example_dags/example_time_delta_sensor_async.py
[2023-11-22T19:34:09.223+0000] {processor.py:839} INFO - DAG(s) dict_keys(['example_time_delta_sensor_async']) retrieved from /home/airflow/.local/lib/python3.8/site-packages/airflow/example_dags/example_time_delta_sensor_async.py
[2023-11-22T19:34:09.250+0000] {logging_mixin.py:154} INFO - [2023-11-22T19:34:09.250+0000] {dag.py:2941} INFO - Sync 1 DAGs
[2023-11-22T19:34:09.260+0000] {logging_mixin.py:154} INFO - [2023-11-22T19:34:09.260+0000] {dag.py:3722} INFO - Setting next_dagrun for example_time_delta_sensor_async to None, run_after=None
[2023-11-22T19:34:09.273+0000] {processor.py:179} INFO - Processing /home/airflow/.local/lib/python3.8/site-packages/airflow/example_dags/example_time_delta_sensor_async.py took 0.060 seconds
[2023-11-22T19:34:39.692+0000] {processor.py:157} INFO - Started process (PID=2349) to work on /home/airflow/.local/lib/python3.8/site-packages/airflow/example_dags/example_time_delta_sensor_async.py
[2023-11-22T19:34:39.693+0000] {processor.py:829} INFO - Processing file /home/airflow/.local/lib/python3.8/site-packages/airflow/example_dags/example_time_delta_sensor_async.py for tasks to queue
[2023-11-22T19:34:39.694+0000] {logging_mixin.py:154} INFO - [2023-11-22T19:34:39.693+0000] {dagbag.py:536} INFO - Filling up the DagBag from /home/airflow/.local/lib/python3.8/site-packages/airflow/example_dags/example_time_delta_sensor_async.py
[2023-11-22T19:34:39.698+0000] {processor.py:839} INFO - DAG(s) dict_keys(['example_time_delta_sensor_async']) retrieved from /home/airflow/.local/lib/python3.8/site-packages/airflow/example_dags/example_time_delta_sensor_async.py
[2023-11-22T19:34:39.718+0000] {logging_mixin.py:154} INFO - [2023-11-22T19:34:39.718+0000] {dag.py:2941} INFO - Sync 1 DAGs
[2023-11-22T19:34:39.729+0000] {logging_mixin.py:154} INFO - [2023-11-22T19:34:39.728+0000] {dag.py:3722} INFO - Setting next_dagrun for example_time_delta_sensor_async to None, run_after=None
[2023-11-22T19:34:39.742+0000] {processor.py:179} INFO - Processing /home/airflow/.local/lib/python3.8/site-packages/airflow/example_dags/example_time_delta_sensor_async.py took 0.053 seconds
[2023-11-22T19:35:10.019+0000] {processor.py:157} INFO - Started process (PID=2589) to work on /home/airflow/.local/lib/python3.8/site-packages/airflow/example_dags/example_time_delta_sensor_async.py
[2023-11-22T19:35:10.020+0000] {processor.py:829} INFO - Processing file /home/airflow/.local/lib/python3.8/site-packages/airflow/example_dags/example_time_delta_sensor_async.py for tasks to queue
[2023-11-22T19:35:10.021+0000] {logging_mixin.py:154} INFO - [2023-11-22T19:35:10.021+0000] {dagbag.py:536} INFO - Filling up the DagBag from /home/airflow/.local/lib/python3.8/site-packages/airflow/example_dags/example_time_delta_sensor_async.py
[2023-11-22T19:35:10.025+0000] {processor.py:839} INFO - DAG(s) dict_keys(['example_time_delta_sensor_async']) retrieved from /home/airflow/.local/lib/python3.8/site-packages/airflow/example_dags/example_time_delta_sensor_async.py
[2023-11-22T19:35:10.046+0000] {logging_mixin.py:154} INFO - [2023-11-22T19:35:10.046+0000] {dag.py:2941} INFO - Sync 1 DAGs
[2023-11-22T19:35:10.056+0000] {logging_mixin.py:154} INFO - [2023-11-22T19:35:10.056+0000] {dag.py:3722} INFO - Setting next_dagrun for example_time_delta_sensor_async to None, run_after=None
[2023-11-22T19:35:10.069+0000] {processor.py:179} INFO - Processing /home/airflow/.local/lib/python3.8/site-packages/airflow/example_dags/example_time_delta_sensor_async.py took 0.052 seconds
[2023-11-22T19:35:40.495+0000] {processor.py:157} INFO - Started process (PID=2827) to work on /home/airflow/.local/lib/python3.8/site-packages/airflow/example_dags/example_time_delta_sensor_async.py
[2023-11-22T19:35:40.496+0000] {processor.py:829} INFO - Processing file /home/airflow/.local/lib/python3.8/site-packages/airflow/example_dags/example_time_delta_sensor_async.py for tasks to queue
[2023-11-22T19:35:40.497+0000] {logging_mixin.py:154} INFO - [2023-11-22T19:35:40.497+0000] {dagbag.py:536} INFO - Filling up the DagBag from /home/airflow/.local/lib/python3.8/site-packages/airflow/example_dags/example_time_delta_sensor_async.py
[2023-11-22T19:35:40.501+0000] {processor.py:839} INFO - DAG(s) dict_keys(['example_time_delta_sensor_async']) retrieved from /home/airflow/.local/lib/python3.8/site-packages/airflow/example_dags/example_time_delta_sensor_async.py
[2023-11-22T19:35:40.523+0000] {logging_mixin.py:154} INFO - [2023-11-22T19:35:40.523+0000] {dag.py:2941} INFO - Sync 1 DAGs
[2023-11-22T19:35:40.533+0000] {logging_mixin.py:154} INFO - [2023-11-22T19:35:40.533+0000] {dag.py:3722} INFO - Setting next_dagrun for example_time_delta_sensor_async to None, run_after=None
[2023-11-22T19:35:40.547+0000] {processor.py:179} INFO - Processing /home/airflow/.local/lib/python3.8/site-packages/airflow/example_dags/example_time_delta_sensor_async.py took 0.054 seconds
[2023-11-22T19:36:10.887+0000] {processor.py:157} INFO - Started process (PID=3063) to work on /home/airflow/.local/lib/python3.8/site-packages/airflow/example_dags/example_time_delta_sensor_async.py
[2023-11-22T19:36:10.888+0000] {processor.py:829} INFO - Processing file /home/airflow/.local/lib/python3.8/site-packages/airflow/example_dags/example_time_delta_sensor_async.py for tasks to queue
[2023-11-22T19:36:10.889+0000] {logging_mixin.py:154} INFO - [2023-11-22T19:36:10.889+0000] {dagbag.py:536} INFO - Filling up the DagBag from /home/airflow/.local/lib/python3.8/site-packages/airflow/example_dags/example_time_delta_sensor_async.py
[2023-11-22T19:36:10.893+0000] {processor.py:839} INFO - DAG(s) dict_keys(['example_time_delta_sensor_async']) retrieved from /home/airflow/.local/lib/python3.8/site-packages/airflow/example_dags/example_time_delta_sensor_async.py
[2023-11-22T19:36:10.914+0000] {logging_mixin.py:154} INFO - [2023-11-22T19:36:10.914+0000] {dag.py:2941} INFO - Sync 1 DAGs
[2023-11-22T19:36:10.924+0000] {logging_mixin.py:154} INFO - [2023-11-22T19:36:10.924+0000] {dag.py:3722} INFO - Setting next_dagrun for example_time_delta_sensor_async to None, run_after=None
[2023-11-22T19:36:10.938+0000] {processor.py:179} INFO - Processing /home/airflow/.local/lib/python3.8/site-packages/airflow/example_dags/example_time_delta_sensor_async.py took 0.054 seconds
[2023-11-22T19:36:41.364+0000] {processor.py:157} INFO - Started process (PID=3301) to work on /home/airflow/.local/lib/python3.8/site-packages/airflow/example_dags/example_time_delta_sensor_async.py
[2023-11-22T19:36:41.365+0000] {processor.py:829} INFO - Processing file /home/airflow/.local/lib/python3.8/site-packages/airflow/example_dags/example_time_delta_sensor_async.py for tasks to queue
[2023-11-22T19:36:41.366+0000] {logging_mixin.py:154} INFO - [2023-11-22T19:36:41.366+0000] {dagbag.py:536} INFO - Filling up the DagBag from /home/airflow/.local/lib/python3.8/site-packages/airflow/example_dags/example_time_delta_sensor_async.py
[2023-11-22T19:36:41.370+0000] {processor.py:839} INFO - DAG(s) dict_keys(['example_time_delta_sensor_async']) retrieved from /home/airflow/.local/lib/python3.8/site-packages/airflow/example_dags/example_time_delta_sensor_async.py
[2023-11-22T19:36:41.393+0000] {logging_mixin.py:154} INFO - [2023-11-22T19:36:41.392+0000] {dag.py:2941} INFO - Sync 1 DAGs
[2023-11-22T19:36:41.404+0000] {logging_mixin.py:154} INFO - [2023-11-22T19:36:41.404+0000] {dag.py:3722} INFO - Setting next_dagrun for example_time_delta_sensor_async to None, run_after=None
[2023-11-22T19:36:41.418+0000] {processor.py:179} INFO - Processing /home/airflow/.local/lib/python3.8/site-packages/airflow/example_dags/example_time_delta_sensor_async.py took 0.057 seconds
[2023-11-22T19:37:11.563+0000] {processor.py:157} INFO - Started process (PID=3541) to work on /home/airflow/.local/lib/python3.8/site-packages/airflow/example_dags/example_time_delta_sensor_async.py
[2023-11-22T19:37:11.564+0000] {processor.py:829} INFO - Processing file /home/airflow/.local/lib/python3.8/site-packages/airflow/example_dags/example_time_delta_sensor_async.py for tasks to queue
[2023-11-22T19:37:11.564+0000] {logging_mixin.py:154} INFO - [2023-11-22T19:37:11.564+0000] {dagbag.py:536} INFO - Filling up the DagBag from /home/airflow/.local/lib/python3.8/site-packages/airflow/example_dags/example_time_delta_sensor_async.py
[2023-11-22T19:37:11.568+0000] {processor.py:839} INFO - DAG(s) dict_keys(['example_time_delta_sensor_async']) retrieved from /home/airflow/.local/lib/python3.8/site-packages/airflow/example_dags/example_time_delta_sensor_async.py
[2023-11-22T19:37:11.589+0000] {logging_mixin.py:154} INFO - [2023-11-22T19:37:11.589+0000] {dag.py:2941} INFO - Sync 1 DAGs
[2023-11-22T19:37:11.599+0000] {logging_mixin.py:154} INFO - [2023-11-22T19:37:11.599+0000] {dag.py:3722} INFO - Setting next_dagrun for example_time_delta_sensor_async to None, run_after=None
[2023-11-22T19:37:11.612+0000] {processor.py:179} INFO - Processing /home/airflow/.local/lib/python3.8/site-packages/airflow/example_dags/example_time_delta_sensor_async.py took 0.052 seconds
[2023-11-22T19:37:41.787+0000] {processor.py:157} INFO - Started process (PID=3779) to work on /home/airflow/.local/lib/python3.8/site-packages/airflow/example_dags/example_time_delta_sensor_async.py
[2023-11-22T19:37:41.788+0000] {processor.py:829} INFO - Processing file /home/airflow/.local/lib/python3.8/site-packages/airflow/example_dags/example_time_delta_sensor_async.py for tasks to queue
[2023-11-22T19:37:41.789+0000] {logging_mixin.py:154} INFO - [2023-11-22T19:37:41.788+0000] {dagbag.py:536} INFO - Filling up the DagBag from /home/airflow/.local/lib/python3.8/site-packages/airflow/example_dags/example_time_delta_sensor_async.py
[2023-11-22T19:37:41.793+0000] {processor.py:839} INFO - DAG(s) dict_keys(['example_time_delta_sensor_async']) retrieved from /home/airflow/.local/lib/python3.8/site-packages/airflow/example_dags/example_time_delta_sensor_async.py
[2023-11-22T19:37:41.814+0000] {logging_mixin.py:154} INFO - [2023-11-22T19:37:41.814+0000] {dag.py:2941} INFO - Sync 1 DAGs
[2023-11-22T19:37:41.824+0000] {logging_mixin.py:154} INFO - [2023-11-22T19:37:41.824+0000] {dag.py:3722} INFO - Setting next_dagrun for example_time_delta_sensor_async to None, run_after=None
[2023-11-22T19:37:41.838+0000] {processor.py:179} INFO - Processing /home/airflow/.local/lib/python3.8/site-packages/airflow/example_dags/example_time_delta_sensor_async.py took 0.054 seconds
[2023-11-22T19:38:12.042+0000] {processor.py:157} INFO - Started process (PID=4017) to work on /home/airflow/.local/lib/python3.8/site-packages/airflow/example_dags/example_time_delta_sensor_async.py
[2023-11-22T19:38:12.042+0000] {processor.py:829} INFO - Processing file /home/airflow/.local/lib/python3.8/site-packages/airflow/example_dags/example_time_delta_sensor_async.py for tasks to queue
[2023-11-22T19:38:12.043+0000] {logging_mixin.py:154} INFO - [2023-11-22T19:38:12.043+0000] {dagbag.py:536} INFO - Filling up the DagBag from /home/airflow/.local/lib/python3.8/site-packages/airflow/example_dags/example_time_delta_sensor_async.py
[2023-11-22T19:38:12.047+0000] {processor.py:839} INFO - DAG(s) dict_keys(['example_time_delta_sensor_async']) retrieved from /home/airflow/.local/lib/python3.8/site-packages/airflow/example_dags/example_time_delta_sensor_async.py
[2023-11-22T19:38:12.069+0000] {logging_mixin.py:154} INFO - [2023-11-22T19:38:12.068+0000] {dag.py:2941} INFO - Sync 1 DAGs
[2023-11-22T19:38:12.078+0000] {logging_mixin.py:154} INFO - [2023-11-22T19:38:12.078+0000] {dag.py:3722} INFO - Setting next_dagrun for example_time_delta_sensor_async to None, run_after=None
[2023-11-22T19:38:12.092+0000] {processor.py:179} INFO - Processing /home/airflow/.local/lib/python3.8/site-packages/airflow/example_dags/example_time_delta_sensor_async.py took 0.053 seconds
[2023-11-22T19:38:42.454+0000] {processor.py:157} INFO - Started process (PID=4254) to work on /home/airflow/.local/lib/python3.8/site-packages/airflow/example_dags/example_time_delta_sensor_async.py
[2023-11-22T19:38:42.455+0000] {processor.py:829} INFO - Processing file /home/airflow/.local/lib/python3.8/site-packages/airflow/example_dags/example_time_delta_sensor_async.py for tasks to queue
[2023-11-22T19:38:42.456+0000] {logging_mixin.py:154} INFO - [2023-11-22T19:38:42.456+0000] {dagbag.py:536} INFO - Filling up the DagBag from /home/airflow/.local/lib/python3.8/site-packages/airflow/example_dags/example_time_delta_sensor_async.py
[2023-11-22T19:38:42.460+0000] {processor.py:839} INFO - DAG(s) dict_keys(['example_time_delta_sensor_async']) retrieved from /home/airflow/.local/lib/python3.8/site-packages/airflow/example_dags/example_time_delta_sensor_async.py
[2023-11-22T19:38:42.483+0000] {logging_mixin.py:154} INFO - [2023-11-22T19:38:42.483+0000] {dag.py:2941} INFO - Sync 1 DAGs
[2023-11-22T19:38:42.494+0000] {logging_mixin.py:154} INFO - [2023-11-22T19:38:42.494+0000] {dag.py:3722} INFO - Setting next_dagrun for example_time_delta_sensor_async to None, run_after=None
[2023-11-22T19:38:42.509+0000] {processor.py:179} INFO - Processing /home/airflow/.local/lib/python3.8/site-packages/airflow/example_dags/example_time_delta_sensor_async.py took 0.058 seconds
[2023-11-22T19:39:13.085+0000] {processor.py:157} INFO - Started process (PID=4492) to work on /home/airflow/.local/lib/python3.8/site-packages/airflow/example_dags/example_time_delta_sensor_async.py
[2023-11-22T19:39:13.086+0000] {processor.py:829} INFO - Processing file /home/airflow/.local/lib/python3.8/site-packages/airflow/example_dags/example_time_delta_sensor_async.py for tasks to queue
[2023-11-22T19:39:13.086+0000] {logging_mixin.py:154} INFO - [2023-11-22T19:39:13.086+0000] {dagbag.py:536} INFO - Filling up the DagBag from /home/airflow/.local/lib/python3.8/site-packages/airflow/example_dags/example_time_delta_sensor_async.py
[2023-11-22T19:39:13.091+0000] {processor.py:839} INFO - DAG(s) dict_keys(['example_time_delta_sensor_async']) retrieved from /home/airflow/.local/lib/python3.8/site-packages/airflow/example_dags/example_time_delta_sensor_async.py
[2023-11-22T19:39:13.112+0000] {logging_mixin.py:154} INFO - [2023-11-22T19:39:13.112+0000] {dag.py:2941} INFO - Sync 1 DAGs
[2023-11-22T19:39:13.122+0000] {logging_mixin.py:154} INFO - [2023-11-22T19:39:13.122+0000] {dag.py:3722} INFO - Setting next_dagrun for example_time_delta_sensor_async to None, run_after=None
[2023-11-22T19:39:13.135+0000] {processor.py:179} INFO - Processing /home/airflow/.local/lib/python3.8/site-packages/airflow/example_dags/example_time_delta_sensor_async.py took 0.053 seconds
[2023-11-22T19:39:43.492+0000] {processor.py:157} INFO - Started process (PID=4730) to work on /home/airflow/.local/lib/python3.8/site-packages/airflow/example_dags/example_time_delta_sensor_async.py
[2023-11-22T19:39:43.493+0000] {processor.py:829} INFO - Processing file /home/airflow/.local/lib/python3.8/site-packages/airflow/example_dags/example_time_delta_sensor_async.py for tasks to queue
[2023-11-22T19:39:43.494+0000] {logging_mixin.py:154} INFO - [2023-11-22T19:39:43.493+0000] {dagbag.py:536} INFO - Filling up the DagBag from /home/airflow/.local/lib/python3.8/site-packages/airflow/example_dags/example_time_delta_sensor_async.py
[2023-11-22T19:39:43.498+0000] {processor.py:839} INFO - DAG(s) dict_keys(['example_time_delta_sensor_async']) retrieved from /home/airflow/.local/lib/python3.8/site-packages/airflow/example_dags/example_time_delta_sensor_async.py
[2023-11-22T19:39:43.519+0000] {logging_mixin.py:154} INFO - [2023-11-22T19:39:43.519+0000] {dag.py:2941} INFO - Sync 1 DAGs
[2023-11-22T19:39:43.529+0000] {logging_mixin.py:154} INFO - [2023-11-22T19:39:43.528+0000] {dag.py:3722} INFO - Setting next_dagrun for example_time_delta_sensor_async to None, run_after=None
[2023-11-22T19:39:43.542+0000] {processor.py:179} INFO - Processing /home/airflow/.local/lib/python3.8/site-packages/airflow/example_dags/example_time_delta_sensor_async.py took 0.053 seconds
[2023-11-22T19:40:13.953+0000] {processor.py:157} INFO - Started process (PID=4966) to work on /home/airflow/.local/lib/python3.8/site-packages/airflow/example_dags/example_time_delta_sensor_async.py
[2023-11-22T19:40:13.954+0000] {processor.py:829} INFO - Processing file /home/airflow/.local/lib/python3.8/site-packages/airflow/example_dags/example_time_delta_sensor_async.py for tasks to queue
[2023-11-22T19:40:13.955+0000] {logging_mixin.py:154} INFO - [2023-11-22T19:40:13.954+0000] {dagbag.py:536} INFO - Filling up the DagBag from /home/airflow/.local/lib/python3.8/site-packages/airflow/example_dags/example_time_delta_sensor_async.py
[2023-11-22T19:40:13.959+0000] {processor.py:839} INFO - DAG(s) dict_keys(['example_time_delta_sensor_async']) retrieved from /home/airflow/.local/lib/python3.8/site-packages/airflow/example_dags/example_time_delta_sensor_async.py
[2023-11-22T19:40:13.979+0000] {logging_mixin.py:154} INFO - [2023-11-22T19:40:13.979+0000] {dag.py:2941} INFO - Sync 1 DAGs
[2023-11-22T19:40:13.989+0000] {logging_mixin.py:154} INFO - [2023-11-22T19:40:13.988+0000] {dag.py:3722} INFO - Setting next_dagrun for example_time_delta_sensor_async to None, run_after=None
[2023-11-22T19:40:14.001+0000] {processor.py:179} INFO - Processing /home/airflow/.local/lib/python3.8/site-packages/airflow/example_dags/example_time_delta_sensor_async.py took 0.052 seconds
[2023-11-22T19:40:44.515+0000] {processor.py:157} INFO - Started process (PID=5206) to work on /home/airflow/.local/lib/python3.8/site-packages/airflow/example_dags/example_time_delta_sensor_async.py
[2023-11-22T19:40:44.516+0000] {processor.py:829} INFO - Processing file /home/airflow/.local/lib/python3.8/site-packages/airflow/example_dags/example_time_delta_sensor_async.py for tasks to queue
[2023-11-22T19:40:44.517+0000] {logging_mixin.py:154} INFO - [2023-11-22T19:40:44.517+0000] {dagbag.py:536} INFO - Filling up the DagBag from /home/airflow/.local/lib/python3.8/site-packages/airflow/example_dags/example_time_delta_sensor_async.py
[2023-11-22T19:40:44.522+0000] {processor.py:839} INFO - DAG(s) dict_keys(['example_time_delta_sensor_async']) retrieved from /home/airflow/.local/lib/python3.8/site-packages/airflow/example_dags/example_time_delta_sensor_async.py
[2023-11-22T19:40:44.548+0000] {logging_mixin.py:154} INFO - [2023-11-22T19:40:44.548+0000] {dag.py:2941} INFO - Sync 1 DAGs
[2023-11-22T19:40:44.571+0000] {logging_mixin.py:154} INFO - [2023-11-22T19:40:44.571+0000] {dag.py:3722} INFO - Setting next_dagrun for example_time_delta_sensor_async to None, run_after=None
[2023-11-22T19:40:44.587+0000] {processor.py:179} INFO - Processing /home/airflow/.local/lib/python3.8/site-packages/airflow/example_dags/example_time_delta_sensor_async.py took 0.075 seconds
[2023-11-22T19:41:15.143+0000] {processor.py:157} INFO - Started process (PID=5444) to work on /home/airflow/.local/lib/python3.8/site-packages/airflow/example_dags/example_time_delta_sensor_async.py
[2023-11-22T19:41:15.144+0000] {processor.py:829} INFO - Processing file /home/airflow/.local/lib/python3.8/site-packages/airflow/example_dags/example_time_delta_sensor_async.py for tasks to queue
[2023-11-22T19:41:15.145+0000] {logging_mixin.py:154} INFO - [2023-11-22T19:41:15.144+0000] {dagbag.py:536} INFO - Filling up the DagBag from /home/airflow/.local/lib/python3.8/site-packages/airflow/example_dags/example_time_delta_sensor_async.py
[2023-11-22T19:41:15.149+0000] {processor.py:839} INFO - DAG(s) dict_keys(['example_time_delta_sensor_async']) retrieved from /home/airflow/.local/lib/python3.8/site-packages/airflow/example_dags/example_time_delta_sensor_async.py
[2023-11-22T19:41:15.170+0000] {logging_mixin.py:154} INFO - [2023-11-22T19:41:15.170+0000] {dag.py:2941} INFO - Sync 1 DAGs
[2023-11-22T19:41:15.180+0000] {logging_mixin.py:154} INFO - [2023-11-22T19:41:15.179+0000] {dag.py:3722} INFO - Setting next_dagrun for example_time_delta_sensor_async to None, run_after=None
[2023-11-22T19:41:15.192+0000] {processor.py:179} INFO - Processing /home/airflow/.local/lib/python3.8/site-packages/airflow/example_dags/example_time_delta_sensor_async.py took 0.052 seconds
[2023-11-22T19:41:45.630+0000] {processor.py:157} INFO - Started process (PID=5682) to work on /home/airflow/.local/lib/python3.8/site-packages/airflow/example_dags/example_time_delta_sensor_async.py
[2023-11-22T19:41:45.631+0000] {processor.py:829} INFO - Processing file /home/airflow/.local/lib/python3.8/site-packages/airflow/example_dags/example_time_delta_sensor_async.py for tasks to queue
[2023-11-22T19:41:45.632+0000] {logging_mixin.py:154} INFO - [2023-11-22T19:41:45.632+0000] {dagbag.py:536} INFO - Filling up the DagBag from /home/airflow/.local/lib/python3.8/site-packages/airflow/example_dags/example_time_delta_sensor_async.py
[2023-11-22T19:41:45.636+0000] {processor.py:839} INFO - DAG(s) dict_keys(['example_time_delta_sensor_async']) retrieved from /home/airflow/.local/lib/python3.8/site-packages/airflow/example_dags/example_time_delta_sensor_async.py
[2023-11-22T19:41:45.657+0000] {logging_mixin.py:154} INFO - [2023-11-22T19:41:45.657+0000] {dag.py:2941} INFO - Sync 1 DAGs
[2023-11-22T19:41:45.667+0000] {logging_mixin.py:154} INFO - [2023-11-22T19:41:45.667+0000] {dag.py:3722} INFO - Setting next_dagrun for example_time_delta_sensor_async to None, run_after=None
[2023-11-22T19:41:45.680+0000] {processor.py:179} INFO - Processing /home/airflow/.local/lib/python3.8/site-packages/airflow/example_dags/example_time_delta_sensor_async.py took 0.053 seconds
[2023-11-22T19:42:16.073+0000] {processor.py:157} INFO - Started process (PID=5919) to work on /home/airflow/.local/lib/python3.8/site-packages/airflow/example_dags/example_time_delta_sensor_async.py
[2023-11-22T19:42:16.074+0000] {processor.py:829} INFO - Processing file /home/airflow/.local/lib/python3.8/site-packages/airflow/example_dags/example_time_delta_sensor_async.py for tasks to queue
[2023-11-22T19:42:16.075+0000] {logging_mixin.py:154} INFO - [2023-11-22T19:42:16.074+0000] {dagbag.py:536} INFO - Filling up the DagBag from /home/airflow/.local/lib/python3.8/site-packages/airflow/example_dags/example_time_delta_sensor_async.py
[2023-11-22T19:42:16.078+0000] {processor.py:839} INFO - DAG(s) dict_keys(['example_time_delta_sensor_async']) retrieved from /home/airflow/.local/lib/python3.8/site-packages/airflow/example_dags/example_time_delta_sensor_async.py
[2023-11-22T19:42:16.099+0000] {logging_mixin.py:154} INFO - [2023-11-22T19:42:16.099+0000] {dag.py:2941} INFO - Sync 1 DAGs
[2023-11-22T19:42:16.109+0000] {logging_mixin.py:154} INFO - [2023-11-22T19:42:16.109+0000] {dag.py:3722} INFO - Setting next_dagrun for example_time_delta_sensor_async to None, run_after=None
[2023-11-22T19:42:16.122+0000] {processor.py:179} INFO - Processing /home/airflow/.local/lib/python3.8/site-packages/airflow/example_dags/example_time_delta_sensor_async.py took 0.052 seconds
[2023-11-22T19:42:46.472+0000] {processor.py:157} INFO - Started process (PID=6157) to work on /home/airflow/.local/lib/python3.8/site-packages/airflow/example_dags/example_time_delta_sensor_async.py
[2023-11-22T19:42:46.473+0000] {processor.py:829} INFO - Processing file /home/airflow/.local/lib/python3.8/site-packages/airflow/example_dags/example_time_delta_sensor_async.py for tasks to queue
[2023-11-22T19:42:46.474+0000] {logging_mixin.py:154} INFO - [2023-11-22T19:42:46.473+0000] {dagbag.py:536} INFO - Filling up the DagBag from /home/airflow/.local/lib/python3.8/site-packages/airflow/example_dags/example_time_delta_sensor_async.py
[2023-11-22T19:42:46.478+0000] {processor.py:839} INFO - DAG(s) dict_keys(['example_time_delta_sensor_async']) retrieved from /home/airflow/.local/lib/python3.8/site-packages/airflow/example_dags/example_time_delta_sensor_async.py
[2023-11-22T19:42:46.499+0000] {logging_mixin.py:154} INFO - [2023-11-22T19:42:46.499+0000] {dag.py:2941} INFO - Sync 1 DAGs
[2023-11-22T19:42:46.509+0000] {logging_mixin.py:154} INFO - [2023-11-22T19:42:46.509+0000] {dag.py:3722} INFO - Setting next_dagrun for example_time_delta_sensor_async to None, run_after=None
[2023-11-22T19:42:46.522+0000] {processor.py:179} INFO - Processing /home/airflow/.local/lib/python3.8/site-packages/airflow/example_dags/example_time_delta_sensor_async.py took 0.053 seconds
[2023-11-22T19:43:16.881+0000] {processor.py:157} INFO - Started process (PID=6395) to work on /home/airflow/.local/lib/python3.8/site-packages/airflow/example_dags/example_time_delta_sensor_async.py
[2023-11-22T19:43:16.882+0000] {processor.py:829} INFO - Processing file /home/airflow/.local/lib/python3.8/site-packages/airflow/example_dags/example_time_delta_sensor_async.py for tasks to queue
[2023-11-22T19:43:16.883+0000] {logging_mixin.py:154} INFO - [2023-11-22T19:43:16.883+0000] {dagbag.py:536} INFO - Filling up the DagBag from /home/airflow/.local/lib/python3.8/site-packages/airflow/example_dags/example_time_delta_sensor_async.py
[2023-11-22T19:43:16.887+0000] {processor.py:839} INFO - DAG(s) dict_keys(['example_time_delta_sensor_async']) retrieved from /home/airflow/.local/lib/python3.8/site-packages/airflow/example_dags/example_time_delta_sensor_async.py
[2023-11-22T19:43:16.909+0000] {logging_mixin.py:154} INFO - [2023-11-22T19:43:16.908+0000] {dag.py:2941} INFO - Sync 1 DAGs
[2023-11-22T19:43:16.918+0000] {logging_mixin.py:154} INFO - [2023-11-22T19:43:16.918+0000] {dag.py:3722} INFO - Setting next_dagrun for example_time_delta_sensor_async to None, run_after=None
[2023-11-22T19:43:16.931+0000] {processor.py:179} INFO - Processing /home/airflow/.local/lib/python3.8/site-packages/airflow/example_dags/example_time_delta_sensor_async.py took 0.054 seconds
[2023-11-22T19:43:47.368+0000] {processor.py:157} INFO - Started process (PID=6633) to work on /home/airflow/.local/lib/python3.8/site-packages/airflow/example_dags/example_time_delta_sensor_async.py
[2023-11-22T19:43:47.370+0000] {processor.py:829} INFO - Processing file /home/airflow/.local/lib/python3.8/site-packages/airflow/example_dags/example_time_delta_sensor_async.py for tasks to queue
[2023-11-22T19:43:47.371+0000] {logging_mixin.py:154} INFO - [2023-11-22T19:43:47.370+0000] {dagbag.py:536} INFO - Filling up the DagBag from /home/airflow/.local/lib/python3.8/site-packages/airflow/example_dags/example_time_delta_sensor_async.py
[2023-11-22T19:43:47.375+0000] {processor.py:839} INFO - DAG(s) dict_keys(['example_time_delta_sensor_async']) retrieved from /home/airflow/.local/lib/python3.8/site-packages/airflow/example_dags/example_time_delta_sensor_async.py
[2023-11-22T19:43:47.401+0000] {logging_mixin.py:154} INFO - [2023-11-22T19:43:47.401+0000] {dag.py:2941} INFO - Sync 1 DAGs
[2023-11-22T19:43:47.412+0000] {logging_mixin.py:154} INFO - [2023-11-22T19:43:47.412+0000] {dag.py:3722} INFO - Setting next_dagrun for example_time_delta_sensor_async to None, run_after=None
[2023-11-22T19:43:47.426+0000] {processor.py:179} INFO - Processing /home/airflow/.local/lib/python3.8/site-packages/airflow/example_dags/example_time_delta_sensor_async.py took 0.061 seconds
[2023-11-22T19:44:17.854+0000] {processor.py:157} INFO - Started process (PID=6871) to work on /home/airflow/.local/lib/python3.8/site-packages/airflow/example_dags/example_time_delta_sensor_async.py
[2023-11-22T19:44:17.855+0000] {processor.py:829} INFO - Processing file /home/airflow/.local/lib/python3.8/site-packages/airflow/example_dags/example_time_delta_sensor_async.py for tasks to queue
[2023-11-22T19:44:17.856+0000] {logging_mixin.py:154} INFO - [2023-11-22T19:44:17.856+0000] {dagbag.py:536} INFO - Filling up the DagBag from /home/airflow/.local/lib/python3.8/site-packages/airflow/example_dags/example_time_delta_sensor_async.py
[2023-11-22T19:44:17.860+0000] {processor.py:839} INFO - DAG(s) dict_keys(['example_time_delta_sensor_async']) retrieved from /home/airflow/.local/lib/python3.8/site-packages/airflow/example_dags/example_time_delta_sensor_async.py
[2023-11-22T19:44:17.882+0000] {logging_mixin.py:154} INFO - [2023-11-22T19:44:17.882+0000] {dag.py:2941} INFO - Sync 1 DAGs
[2023-11-22T19:44:17.891+0000] {logging_mixin.py:154} INFO - [2023-11-22T19:44:17.891+0000] {dag.py:3722} INFO - Setting next_dagrun for example_time_delta_sensor_async to None, run_after=None
[2023-11-22T19:44:17.904+0000] {processor.py:179} INFO - Processing /home/airflow/.local/lib/python3.8/site-packages/airflow/example_dags/example_time_delta_sensor_async.py took 0.053 seconds
[2023-11-22T19:44:48.256+0000] {processor.py:157} INFO - Started process (PID=7109) to work on /home/airflow/.local/lib/python3.8/site-packages/airflow/example_dags/example_time_delta_sensor_async.py
[2023-11-22T19:44:48.261+0000] {processor.py:829} INFO - Processing file /home/airflow/.local/lib/python3.8/site-packages/airflow/example_dags/example_time_delta_sensor_async.py for tasks to queue
[2023-11-22T19:44:48.263+0000] {logging_mixin.py:154} INFO - [2023-11-22T19:44:48.262+0000] {dagbag.py:536} INFO - Filling up the DagBag from /home/airflow/.local/lib/python3.8/site-packages/airflow/example_dags/example_time_delta_sensor_async.py
[2023-11-22T19:44:48.267+0000] {processor.py:839} INFO - DAG(s) dict_keys(['example_time_delta_sensor_async']) retrieved from /home/airflow/.local/lib/python3.8/site-packages/airflow/example_dags/example_time_delta_sensor_async.py
[2023-11-22T19:44:48.295+0000] {logging_mixin.py:154} INFO - [2023-11-22T19:44:48.295+0000] {dag.py:2941} INFO - Sync 1 DAGs
[2023-11-22T19:44:48.306+0000] {logging_mixin.py:154} INFO - [2023-11-22T19:44:48.306+0000] {dag.py:3722} INFO - Setting next_dagrun for example_time_delta_sensor_async to None, run_after=None
[2023-11-22T19:44:48.318+0000] {processor.py:179} INFO - Processing /home/airflow/.local/lib/python3.8/site-packages/airflow/example_dags/example_time_delta_sensor_async.py took 0.065 seconds
[2023-11-22T19:45:18.660+0000] {processor.py:157} INFO - Started process (PID=7345) to work on /home/airflow/.local/lib/python3.8/site-packages/airflow/example_dags/example_time_delta_sensor_async.py
[2023-11-22T19:45:18.660+0000] {processor.py:829} INFO - Processing file /home/airflow/.local/lib/python3.8/site-packages/airflow/example_dags/example_time_delta_sensor_async.py for tasks to queue
[2023-11-22T19:45:18.661+0000] {logging_mixin.py:154} INFO - [2023-11-22T19:45:18.661+0000] {dagbag.py:536} INFO - Filling up the DagBag from /home/airflow/.local/lib/python3.8/site-packages/airflow/example_dags/example_time_delta_sensor_async.py
[2023-11-22T19:45:18.665+0000] {processor.py:839} INFO - DAG(s) dict_keys(['example_time_delta_sensor_async']) retrieved from /home/airflow/.local/lib/python3.8/site-packages/airflow/example_dags/example_time_delta_sensor_async.py
[2023-11-22T19:45:18.685+0000] {logging_mixin.py:154} INFO - [2023-11-22T19:45:18.685+0000] {dag.py:2941} INFO - Sync 1 DAGs
[2023-11-22T19:45:18.695+0000] {logging_mixin.py:154} INFO - [2023-11-22T19:45:18.695+0000] {dag.py:3722} INFO - Setting next_dagrun for example_time_delta_sensor_async to None, run_after=None
[2023-11-22T19:45:18.709+0000] {processor.py:179} INFO - Processing /home/airflow/.local/lib/python3.8/site-packages/airflow/example_dags/example_time_delta_sensor_async.py took 0.052 seconds
[2023-11-22T19:45:49.089+0000] {processor.py:157} INFO - Started process (PID=7583) to work on /home/airflow/.local/lib/python3.8/site-packages/airflow/example_dags/example_time_delta_sensor_async.py
[2023-11-22T19:45:49.090+0000] {processor.py:829} INFO - Processing file /home/airflow/.local/lib/python3.8/site-packages/airflow/example_dags/example_time_delta_sensor_async.py for tasks to queue
[2023-11-22T19:45:49.091+0000] {logging_mixin.py:154} INFO - [2023-11-22T19:45:49.090+0000] {dagbag.py:536} INFO - Filling up the DagBag from /home/airflow/.local/lib/python3.8/site-packages/airflow/example_dags/example_time_delta_sensor_async.py
[2023-11-22T19:45:49.095+0000] {processor.py:839} INFO - DAG(s) dict_keys(['example_time_delta_sensor_async']) retrieved from /home/airflow/.local/lib/python3.8/site-packages/airflow/example_dags/example_time_delta_sensor_async.py
[2023-11-22T19:45:49.115+0000] {logging_mixin.py:154} INFO - [2023-11-22T19:45:49.115+0000] {dag.py:2941} INFO - Sync 1 DAGs
[2023-11-22T19:45:49.124+0000] {logging_mixin.py:154} INFO - [2023-11-22T19:45:49.124+0000] {dag.py:3722} INFO - Setting next_dagrun for example_time_delta_sensor_async to None, run_after=None
[2023-11-22T19:45:49.137+0000] {processor.py:179} INFO - Processing /home/airflow/.local/lib/python3.8/site-packages/airflow/example_dags/example_time_delta_sensor_async.py took 0.051 seconds
[2023-11-22T19:46:19.661+0000] {processor.py:157} INFO - Started process (PID=7823) to work on /home/airflow/.local/lib/python3.8/site-packages/airflow/example_dags/example_time_delta_sensor_async.py
[2023-11-22T19:46:19.662+0000] {processor.py:829} INFO - Processing file /home/airflow/.local/lib/python3.8/site-packages/airflow/example_dags/example_time_delta_sensor_async.py for tasks to queue
[2023-11-22T19:46:19.663+0000] {logging_mixin.py:154} INFO - [2023-11-22T19:46:19.663+0000] {dagbag.py:536} INFO - Filling up the DagBag from /home/airflow/.local/lib/python3.8/site-packages/airflow/example_dags/example_time_delta_sensor_async.py
[2023-11-22T19:46:19.667+0000] {processor.py:839} INFO - DAG(s) dict_keys(['example_time_delta_sensor_async']) retrieved from /home/airflow/.local/lib/python3.8/site-packages/airflow/example_dags/example_time_delta_sensor_async.py
[2023-11-22T19:46:19.690+0000] {logging_mixin.py:154} INFO - [2023-11-22T19:46:19.689+0000] {dag.py:2941} INFO - Sync 1 DAGs
[2023-11-22T19:46:19.700+0000] {logging_mixin.py:154} INFO - [2023-11-22T19:46:19.700+0000] {dag.py:3722} INFO - Setting next_dagrun for example_time_delta_sensor_async to None, run_after=None
[2023-11-22T19:46:19.712+0000] {processor.py:179} INFO - Processing /home/airflow/.local/lib/python3.8/site-packages/airflow/example_dags/example_time_delta_sensor_async.py took 0.054 seconds
[2023-11-22T19:46:50.024+0000] {processor.py:157} INFO - Started process (PID=8059) to work on /home/airflow/.local/lib/python3.8/site-packages/airflow/example_dags/example_time_delta_sensor_async.py
[2023-11-22T19:46:50.025+0000] {processor.py:829} INFO - Processing file /home/airflow/.local/lib/python3.8/site-packages/airflow/example_dags/example_time_delta_sensor_async.py for tasks to queue
[2023-11-22T19:46:50.026+0000] {logging_mixin.py:154} INFO - [2023-11-22T19:46:50.026+0000] {dagbag.py:536} INFO - Filling up the DagBag from /home/airflow/.local/lib/python3.8/site-packages/airflow/example_dags/example_time_delta_sensor_async.py
[2023-11-22T19:46:50.030+0000] {processor.py:839} INFO - DAG(s) dict_keys(['example_time_delta_sensor_async']) retrieved from /home/airflow/.local/lib/python3.8/site-packages/airflow/example_dags/example_time_delta_sensor_async.py
[2023-11-22T19:46:50.050+0000] {logging_mixin.py:154} INFO - [2023-11-22T19:46:50.050+0000] {dag.py:2941} INFO - Sync 1 DAGs
[2023-11-22T19:46:50.061+0000] {logging_mixin.py:154} INFO - [2023-11-22T19:46:50.061+0000] {dag.py:3722} INFO - Setting next_dagrun for example_time_delta_sensor_async to None, run_after=None
[2023-11-22T19:46:50.073+0000] {processor.py:179} INFO - Processing /home/airflow/.local/lib/python3.8/site-packages/airflow/example_dags/example_time_delta_sensor_async.py took 0.052 seconds
[2023-11-22T19:47:20.443+0000] {processor.py:157} INFO - Started process (PID=8297) to work on /home/airflow/.local/lib/python3.8/site-packages/airflow/example_dags/example_time_delta_sensor_async.py
[2023-11-22T19:47:20.444+0000] {processor.py:829} INFO - Processing file /home/airflow/.local/lib/python3.8/site-packages/airflow/example_dags/example_time_delta_sensor_async.py for tasks to queue
[2023-11-22T19:47:20.445+0000] {logging_mixin.py:154} INFO - [2023-11-22T19:47:20.444+0000] {dagbag.py:536} INFO - Filling up the DagBag from /home/airflow/.local/lib/python3.8/site-packages/airflow/example_dags/example_time_delta_sensor_async.py
[2023-11-22T19:47:20.449+0000] {processor.py:839} INFO - DAG(s) dict_keys(['example_time_delta_sensor_async']) retrieved from /home/airflow/.local/lib/python3.8/site-packages/airflow/example_dags/example_time_delta_sensor_async.py
[2023-11-22T19:47:20.474+0000] {logging_mixin.py:154} INFO - [2023-11-22T19:47:20.474+0000] {dag.py:2941} INFO - Sync 1 DAGs
[2023-11-22T19:47:20.485+0000] {logging_mixin.py:154} INFO - [2023-11-22T19:47:20.485+0000] {dag.py:3722} INFO - Setting next_dagrun for example_time_delta_sensor_async to None, run_after=None
[2023-11-22T19:47:20.505+0000] {processor.py:179} INFO - Processing /home/airflow/.local/lib/python3.8/site-packages/airflow/example_dags/example_time_delta_sensor_async.py took 0.066 seconds
[2023-11-22T19:47:51.006+0000] {processor.py:157} INFO - Started process (PID=8538) to work on /home/airflow/.local/lib/python3.8/site-packages/airflow/example_dags/example_time_delta_sensor_async.py
[2023-11-22T19:47:51.008+0000] {processor.py:829} INFO - Processing file /home/airflow/.local/lib/python3.8/site-packages/airflow/example_dags/example_time_delta_sensor_async.py for tasks to queue
[2023-11-22T19:47:51.010+0000] {logging_mixin.py:154} INFO - [2023-11-22T19:47:51.010+0000] {dagbag.py:536} INFO - Filling up the DagBag from /home/airflow/.local/lib/python3.8/site-packages/airflow/example_dags/example_time_delta_sensor_async.py
[2023-11-22T19:47:51.016+0000] {processor.py:839} INFO - DAG(s) dict_keys(['example_time_delta_sensor_async']) retrieved from /home/airflow/.local/lib/python3.8/site-packages/airflow/example_dags/example_time_delta_sensor_async.py
[2023-11-22T19:47:51.050+0000] {logging_mixin.py:154} INFO - [2023-11-22T19:47:51.050+0000] {dag.py:2941} INFO - Sync 1 DAGs
[2023-11-22T19:47:51.063+0000] {logging_mixin.py:154} INFO - [2023-11-22T19:47:51.063+0000] {dag.py:3722} INFO - Setting next_dagrun for example_time_delta_sensor_async to None, run_after=None
[2023-11-22T19:47:51.083+0000] {processor.py:179} INFO - Processing /home/airflow/.local/lib/python3.8/site-packages/airflow/example_dags/example_time_delta_sensor_async.py took 0.080 seconds
[2023-11-22T19:48:21.134+0000] {processor.py:157} INFO - Started process (PID=8781) to work on /home/airflow/.local/lib/python3.8/site-packages/airflow/example_dags/example_time_delta_sensor_async.py
[2023-11-22T19:48:21.135+0000] {processor.py:829} INFO - Processing file /home/airflow/.local/lib/python3.8/site-packages/airflow/example_dags/example_time_delta_sensor_async.py for tasks to queue
[2023-11-22T19:48:21.136+0000] {logging_mixin.py:154} INFO - [2023-11-22T19:48:21.135+0000] {dagbag.py:536} INFO - Filling up the DagBag from /home/airflow/.local/lib/python3.8/site-packages/airflow/example_dags/example_time_delta_sensor_async.py
[2023-11-22T19:48:21.140+0000] {processor.py:839} INFO - DAG(s) dict_keys(['example_time_delta_sensor_async']) retrieved from /home/airflow/.local/lib/python3.8/site-packages/airflow/example_dags/example_time_delta_sensor_async.py
[2023-11-22T19:48:21.161+0000] {logging_mixin.py:154} INFO - [2023-11-22T19:48:21.161+0000] {dag.py:2941} INFO - Sync 1 DAGs
[2023-11-22T19:48:21.170+0000] {logging_mixin.py:154} INFO - [2023-11-22T19:48:21.170+0000] {dag.py:3722} INFO - Setting next_dagrun for example_time_delta_sensor_async to None, run_after=None
[2023-11-22T19:48:21.182+0000] {processor.py:179} INFO - Processing /home/airflow/.local/lib/python3.8/site-packages/airflow/example_dags/example_time_delta_sensor_async.py took 0.051 seconds
[2023-11-22T19:48:51.431+0000] {processor.py:157} INFO - Started process (PID=9019) to work on /home/airflow/.local/lib/python3.8/site-packages/airflow/example_dags/example_time_delta_sensor_async.py
[2023-11-22T19:48:51.432+0000] {processor.py:829} INFO - Processing file /home/airflow/.local/lib/python3.8/site-packages/airflow/example_dags/example_time_delta_sensor_async.py for tasks to queue
[2023-11-22T19:48:51.432+0000] {logging_mixin.py:154} INFO - [2023-11-22T19:48:51.432+0000] {dagbag.py:536} INFO - Filling up the DagBag from /home/airflow/.local/lib/python3.8/site-packages/airflow/example_dags/example_time_delta_sensor_async.py
[2023-11-22T19:48:51.436+0000] {processor.py:839} INFO - DAG(s) dict_keys(['example_time_delta_sensor_async']) retrieved from /home/airflow/.local/lib/python3.8/site-packages/airflow/example_dags/example_time_delta_sensor_async.py
[2023-11-22T19:48:51.458+0000] {logging_mixin.py:154} INFO - [2023-11-22T19:48:51.458+0000] {dag.py:2941} INFO - Sync 1 DAGs
[2023-11-22T19:48:51.467+0000] {logging_mixin.py:154} INFO - [2023-11-22T19:48:51.467+0000] {dag.py:3722} INFO - Setting next_dagrun for example_time_delta_sensor_async to None, run_after=None
[2023-11-22T19:48:51.480+0000] {processor.py:179} INFO - Processing /home/airflow/.local/lib/python3.8/site-packages/airflow/example_dags/example_time_delta_sensor_async.py took 0.052 seconds
[2023-11-22T19:49:22.024+0000] {processor.py:157} INFO - Started process (PID=9257) to work on /home/airflow/.local/lib/python3.8/site-packages/airflow/example_dags/example_time_delta_sensor_async.py
[2023-11-22T19:49:22.025+0000] {processor.py:829} INFO - Processing file /home/airflow/.local/lib/python3.8/site-packages/airflow/example_dags/example_time_delta_sensor_async.py for tasks to queue
[2023-11-22T19:49:22.026+0000] {logging_mixin.py:154} INFO - [2023-11-22T19:49:22.025+0000] {dagbag.py:536} INFO - Filling up the DagBag from /home/airflow/.local/lib/python3.8/site-packages/airflow/example_dags/example_time_delta_sensor_async.py
[2023-11-22T19:49:22.030+0000] {processor.py:839} INFO - DAG(s) dict_keys(['example_time_delta_sensor_async']) retrieved from /home/airflow/.local/lib/python3.8/site-packages/airflow/example_dags/example_time_delta_sensor_async.py
[2023-11-22T19:49:22.051+0000] {logging_mixin.py:154} INFO - [2023-11-22T19:49:22.051+0000] {dag.py:2941} INFO - Sync 1 DAGs
[2023-11-22T19:49:22.061+0000] {logging_mixin.py:154} INFO - [2023-11-22T19:49:22.061+0000] {dag.py:3722} INFO - Setting next_dagrun for example_time_delta_sensor_async to None, run_after=None
[2023-11-22T19:49:22.187+0000] {processor.py:179} INFO - Processing /home/airflow/.local/lib/python3.8/site-packages/airflow/example_dags/example_time_delta_sensor_async.py took 0.166 seconds
[2023-11-22T19:49:52.539+0000] {processor.py:157} INFO - Started process (PID=9493) to work on /home/airflow/.local/lib/python3.8/site-packages/airflow/example_dags/example_time_delta_sensor_async.py
[2023-11-22T19:49:52.540+0000] {processor.py:829} INFO - Processing file /home/airflow/.local/lib/python3.8/site-packages/airflow/example_dags/example_time_delta_sensor_async.py for tasks to queue
[2023-11-22T19:49:52.541+0000] {logging_mixin.py:154} INFO - [2023-11-22T19:49:52.541+0000] {dagbag.py:536} INFO - Filling up the DagBag from /home/airflow/.local/lib/python3.8/site-packages/airflow/example_dags/example_time_delta_sensor_async.py
[2023-11-22T19:49:52.546+0000] {processor.py:839} INFO - DAG(s) dict_keys(['example_time_delta_sensor_async']) retrieved from /home/airflow/.local/lib/python3.8/site-packages/airflow/example_dags/example_time_delta_sensor_async.py
[2023-11-22T19:49:52.568+0000] {logging_mixin.py:154} INFO - [2023-11-22T19:49:52.568+0000] {dag.py:2941} INFO - Sync 1 DAGs
[2023-11-22T19:49:52.578+0000] {logging_mixin.py:154} INFO - [2023-11-22T19:49:52.578+0000] {dag.py:3722} INFO - Setting next_dagrun for example_time_delta_sensor_async to None, run_after=None
[2023-11-22T19:49:52.593+0000] {processor.py:179} INFO - Processing /home/airflow/.local/lib/python3.8/site-packages/airflow/example_dags/example_time_delta_sensor_async.py took 0.056 seconds
[2023-11-22T19:50:22.663+0000] {processor.py:157} INFO - Started process (PID=9731) to work on /home/airflow/.local/lib/python3.8/site-packages/airflow/example_dags/example_time_delta_sensor_async.py
[2023-11-22T19:50:22.664+0000] {processor.py:829} INFO - Processing file /home/airflow/.local/lib/python3.8/site-packages/airflow/example_dags/example_time_delta_sensor_async.py for tasks to queue
[2023-11-22T19:50:22.665+0000] {logging_mixin.py:154} INFO - [2023-11-22T19:50:22.665+0000] {dagbag.py:536} INFO - Filling up the DagBag from /home/airflow/.local/lib/python3.8/site-packages/airflow/example_dags/example_time_delta_sensor_async.py
[2023-11-22T19:50:22.669+0000] {processor.py:839} INFO - DAG(s) dict_keys(['example_time_delta_sensor_async']) retrieved from /home/airflow/.local/lib/python3.8/site-packages/airflow/example_dags/example_time_delta_sensor_async.py
[2023-11-22T19:50:22.688+0000] {logging_mixin.py:154} INFO - [2023-11-22T19:50:22.688+0000] {dag.py:2941} INFO - Sync 1 DAGs
[2023-11-22T19:50:22.698+0000] {logging_mixin.py:154} INFO - [2023-11-22T19:50:22.698+0000] {dag.py:3722} INFO - Setting next_dagrun for example_time_delta_sensor_async to None, run_after=None
[2023-11-22T19:50:22.710+0000] {processor.py:179} INFO - Processing /home/airflow/.local/lib/python3.8/site-packages/airflow/example_dags/example_time_delta_sensor_async.py took 0.050 seconds
[2023-11-22T19:50:52.944+0000] {processor.py:157} INFO - Started process (PID=9969) to work on /home/airflow/.local/lib/python3.8/site-packages/airflow/example_dags/example_time_delta_sensor_async.py
[2023-11-22T19:50:52.945+0000] {processor.py:829} INFO - Processing file /home/airflow/.local/lib/python3.8/site-packages/airflow/example_dags/example_time_delta_sensor_async.py for tasks to queue
[2023-11-22T19:50:52.946+0000] {logging_mixin.py:154} INFO - [2023-11-22T19:50:52.945+0000] {dagbag.py:536} INFO - Filling up the DagBag from /home/airflow/.local/lib/python3.8/site-packages/airflow/example_dags/example_time_delta_sensor_async.py
[2023-11-22T19:50:52.950+0000] {processor.py:839} INFO - DAG(s) dict_keys(['example_time_delta_sensor_async']) retrieved from /home/airflow/.local/lib/python3.8/site-packages/airflow/example_dags/example_time_delta_sensor_async.py
[2023-11-22T19:50:52.970+0000] {logging_mixin.py:154} INFO - [2023-11-22T19:50:52.970+0000] {dag.py:2941} INFO - Sync 1 DAGs
[2023-11-22T19:50:52.980+0000] {logging_mixin.py:154} INFO - [2023-11-22T19:50:52.980+0000] {dag.py:3722} INFO - Setting next_dagrun for example_time_delta_sensor_async to None, run_after=None
[2023-11-22T19:50:52.992+0000] {processor.py:179} INFO - Processing /home/airflow/.local/lib/python3.8/site-packages/airflow/example_dags/example_time_delta_sensor_async.py took 0.051 seconds
[2023-11-22T19:51:23.418+0000] {processor.py:157} INFO - Started process (PID=10207) to work on /home/airflow/.local/lib/python3.8/site-packages/airflow/example_dags/example_time_delta_sensor_async.py
[2023-11-22T19:51:23.419+0000] {processor.py:829} INFO - Processing file /home/airflow/.local/lib/python3.8/site-packages/airflow/example_dags/example_time_delta_sensor_async.py for tasks to queue
[2023-11-22T19:51:23.419+0000] {logging_mixin.py:154} INFO - [2023-11-22T19:51:23.419+0000] {dagbag.py:536} INFO - Filling up the DagBag from /home/airflow/.local/lib/python3.8/site-packages/airflow/example_dags/example_time_delta_sensor_async.py
[2023-11-22T19:51:23.424+0000] {processor.py:839} INFO - DAG(s) dict_keys(['example_time_delta_sensor_async']) retrieved from /home/airflow/.local/lib/python3.8/site-packages/airflow/example_dags/example_time_delta_sensor_async.py
[2023-11-22T19:51:23.444+0000] {logging_mixin.py:154} INFO - [2023-11-22T19:51:23.444+0000] {dag.py:2941} INFO - Sync 1 DAGs
[2023-11-22T19:51:23.453+0000] {logging_mixin.py:154} INFO - [2023-11-22T19:51:23.453+0000] {dag.py:3722} INFO - Setting next_dagrun for example_time_delta_sensor_async to None, run_after=None
[2023-11-22T19:51:23.465+0000] {processor.py:179} INFO - Processing /home/airflow/.local/lib/python3.8/site-packages/airflow/example_dags/example_time_delta_sensor_async.py took 0.050 seconds
[2023-11-22T19:51:54.276+0000] {processor.py:157} INFO - Started process (PID=10447) to work on /home/airflow/.local/lib/python3.8/site-packages/airflow/example_dags/example_time_delta_sensor_async.py
[2023-11-22T19:51:54.277+0000] {processor.py:829} INFO - Processing file /home/airflow/.local/lib/python3.8/site-packages/airflow/example_dags/example_time_delta_sensor_async.py for tasks to queue
[2023-11-22T19:51:54.277+0000] {logging_mixin.py:154} INFO - [2023-11-22T19:51:54.277+0000] {dagbag.py:536} INFO - Filling up the DagBag from /home/airflow/.local/lib/python3.8/site-packages/airflow/example_dags/example_time_delta_sensor_async.py
[2023-11-22T19:51:54.281+0000] {processor.py:839} INFO - DAG(s) dict_keys(['example_time_delta_sensor_async']) retrieved from /home/airflow/.local/lib/python3.8/site-packages/airflow/example_dags/example_time_delta_sensor_async.py
[2023-11-22T19:51:54.302+0000] {logging_mixin.py:154} INFO - [2023-11-22T19:51:54.302+0000] {dag.py:2941} INFO - Sync 1 DAGs
[2023-11-22T19:51:54.419+0000] {logging_mixin.py:154} INFO - [2023-11-22T19:51:54.418+0000] {dag.py:3722} INFO - Setting next_dagrun for example_time_delta_sensor_async to None, run_after=None
[2023-11-22T19:51:54.430+0000] {processor.py:179} INFO - Processing /home/airflow/.local/lib/python3.8/site-packages/airflow/example_dags/example_time_delta_sensor_async.py took 0.157 seconds
[2023-11-22T19:52:25.339+0000] {processor.py:157} INFO - Started process (PID=10686) to work on /home/airflow/.local/lib/python3.8/site-packages/airflow/example_dags/example_time_delta_sensor_async.py
[2023-11-22T19:52:25.340+0000] {processor.py:829} INFO - Processing file /home/airflow/.local/lib/python3.8/site-packages/airflow/example_dags/example_time_delta_sensor_async.py for tasks to queue
[2023-11-22T19:52:25.341+0000] {logging_mixin.py:154} INFO - [2023-11-22T19:52:25.341+0000] {dagbag.py:536} INFO - Filling up the DagBag from /home/airflow/.local/lib/python3.8/site-packages/airflow/example_dags/example_time_delta_sensor_async.py
[2023-11-22T19:52:25.347+0000] {processor.py:839} INFO - DAG(s) dict_keys(['example_time_delta_sensor_async']) retrieved from /home/airflow/.local/lib/python3.8/site-packages/airflow/example_dags/example_time_delta_sensor_async.py
[2023-11-22T19:52:25.373+0000] {logging_mixin.py:154} INFO - [2023-11-22T19:52:25.372+0000] {dag.py:2941} INFO - Sync 1 DAGs
[2023-11-22T19:52:25.383+0000] {logging_mixin.py:154} INFO - [2023-11-22T19:52:25.383+0000] {dag.py:3722} INFO - Setting next_dagrun for example_time_delta_sensor_async to None, run_after=None
[2023-11-22T19:52:25.396+0000] {processor.py:179} INFO - Processing /home/airflow/.local/lib/python3.8/site-packages/airflow/example_dags/example_time_delta_sensor_async.py took 0.063 seconds
[2023-11-22T19:52:55.842+0000] {processor.py:157} INFO - Started process (PID=10924) to work on /home/airflow/.local/lib/python3.8/site-packages/airflow/example_dags/example_time_delta_sensor_async.py
[2023-11-22T19:52:55.844+0000] {processor.py:829} INFO - Processing file /home/airflow/.local/lib/python3.8/site-packages/airflow/example_dags/example_time_delta_sensor_async.py for tasks to queue
[2023-11-22T19:52:55.845+0000] {logging_mixin.py:154} INFO - [2023-11-22T19:52:55.844+0000] {dagbag.py:536} INFO - Filling up the DagBag from /home/airflow/.local/lib/python3.8/site-packages/airflow/example_dags/example_time_delta_sensor_async.py
[2023-11-22T19:52:55.851+0000] {processor.py:839} INFO - DAG(s) dict_keys(['example_time_delta_sensor_async']) retrieved from /home/airflow/.local/lib/python3.8/site-packages/airflow/example_dags/example_time_delta_sensor_async.py
[2023-11-22T19:52:55.878+0000] {logging_mixin.py:154} INFO - [2023-11-22T19:52:55.878+0000] {dag.py:2941} INFO - Sync 1 DAGs
[2023-11-22T19:52:55.888+0000] {logging_mixin.py:154} INFO - [2023-11-22T19:52:55.888+0000] {dag.py:3722} INFO - Setting next_dagrun for example_time_delta_sensor_async to None, run_after=None
[2023-11-22T19:52:55.901+0000] {processor.py:179} INFO - Processing /home/airflow/.local/lib/python3.8/site-packages/airflow/example_dags/example_time_delta_sensor_async.py took 0.064 seconds
[2023-11-22T19:53:26.326+0000] {processor.py:157} INFO - Started process (PID=11162) to work on /home/airflow/.local/lib/python3.8/site-packages/airflow/example_dags/example_time_delta_sensor_async.py
[2023-11-22T19:53:26.328+0000] {processor.py:829} INFO - Processing file /home/airflow/.local/lib/python3.8/site-packages/airflow/example_dags/example_time_delta_sensor_async.py for tasks to queue
[2023-11-22T19:53:26.329+0000] {logging_mixin.py:154} INFO - [2023-11-22T19:53:26.329+0000] {dagbag.py:536} INFO - Filling up the DagBag from /home/airflow/.local/lib/python3.8/site-packages/airflow/example_dags/example_time_delta_sensor_async.py
[2023-11-22T19:53:26.336+0000] {processor.py:839} INFO - DAG(s) dict_keys(['example_time_delta_sensor_async']) retrieved from /home/airflow/.local/lib/python3.8/site-packages/airflow/example_dags/example_time_delta_sensor_async.py
[2023-11-22T19:53:26.361+0000] {logging_mixin.py:154} INFO - [2023-11-22T19:53:26.361+0000] {dag.py:2941} INFO - Sync 1 DAGs
[2023-11-22T19:53:26.371+0000] {logging_mixin.py:154} INFO - [2023-11-22T19:53:26.371+0000] {dag.py:3722} INFO - Setting next_dagrun for example_time_delta_sensor_async to None, run_after=None
[2023-11-22T19:53:26.385+0000] {processor.py:179} INFO - Processing /home/airflow/.local/lib/python3.8/site-packages/airflow/example_dags/example_time_delta_sensor_async.py took 0.064 seconds
[2023-11-22T19:53:56.811+0000] {processor.py:157} INFO - Started process (PID=11400) to work on /home/airflow/.local/lib/python3.8/site-packages/airflow/example_dags/example_time_delta_sensor_async.py
[2023-11-22T19:53:56.812+0000] {processor.py:829} INFO - Processing file /home/airflow/.local/lib/python3.8/site-packages/airflow/example_dags/example_time_delta_sensor_async.py for tasks to queue
[2023-11-22T19:53:56.814+0000] {logging_mixin.py:154} INFO - [2023-11-22T19:53:56.813+0000] {dagbag.py:536} INFO - Filling up the DagBag from /home/airflow/.local/lib/python3.8/site-packages/airflow/example_dags/example_time_delta_sensor_async.py
[2023-11-22T19:53:56.820+0000] {processor.py:839} INFO - DAG(s) dict_keys(['example_time_delta_sensor_async']) retrieved from /home/airflow/.local/lib/python3.8/site-packages/airflow/example_dags/example_time_delta_sensor_async.py
[2023-11-22T19:53:56.847+0000] {logging_mixin.py:154} INFO - [2023-11-22T19:53:56.847+0000] {dag.py:2941} INFO - Sync 1 DAGs
[2023-11-22T19:53:56.858+0000] {logging_mixin.py:154} INFO - [2023-11-22T19:53:56.858+0000] {dag.py:3722} INFO - Setting next_dagrun for example_time_delta_sensor_async to None, run_after=None
[2023-11-22T19:53:56.872+0000] {processor.py:179} INFO - Processing /home/airflow/.local/lib/python3.8/site-packages/airflow/example_dags/example_time_delta_sensor_async.py took 0.066 seconds
[2023-11-22T20:36:13.691+0000] {processor.py:157} INFO - Started process (PID=11636) to work on /home/airflow/.local/lib/python3.8/site-packages/airflow/example_dags/example_time_delta_sensor_async.py
[2023-11-22T20:36:13.692+0000] {processor.py:829} INFO - Processing file /home/airflow/.local/lib/python3.8/site-packages/airflow/example_dags/example_time_delta_sensor_async.py for tasks to queue
[2023-11-22T20:36:13.694+0000] {logging_mixin.py:154} INFO - [2023-11-22T20:36:13.693+0000] {dagbag.py:536} INFO - Filling up the DagBag from /home/airflow/.local/lib/python3.8/site-packages/airflow/example_dags/example_time_delta_sensor_async.py
[2023-11-22T20:36:13.702+0000] {processor.py:839} INFO - DAG(s) dict_keys(['example_time_delta_sensor_async']) retrieved from /home/airflow/.local/lib/python3.8/site-packages/airflow/example_dags/example_time_delta_sensor_async.py
[2023-11-22T20:36:13.737+0000] {logging_mixin.py:154} INFO - [2023-11-22T20:36:13.737+0000] {dag.py:2941} INFO - Sync 1 DAGs
[2023-11-22T20:36:13.753+0000] {logging_mixin.py:154} INFO - [2023-11-22T20:36:13.753+0000] {dag.py:3722} INFO - Setting next_dagrun for example_time_delta_sensor_async to None, run_after=None
[2023-11-22T20:36:13.770+0000] {processor.py:179} INFO - Processing /home/airflow/.local/lib/python3.8/site-packages/airflow/example_dags/example_time_delta_sensor_async.py took 0.085 seconds
[2023-11-22T21:01:33.321+0000] {processor.py:157} INFO - Started process (PID=11877) to work on /home/airflow/.local/lib/python3.8/site-packages/airflow/example_dags/example_time_delta_sensor_async.py
[2023-11-22T21:01:33.323+0000] {processor.py:829} INFO - Processing file /home/airflow/.local/lib/python3.8/site-packages/airflow/example_dags/example_time_delta_sensor_async.py for tasks to queue
[2023-11-22T21:01:33.325+0000] {logging_mixin.py:154} INFO - [2023-11-22T21:01:33.325+0000] {dagbag.py:536} INFO - Filling up the DagBag from /home/airflow/.local/lib/python3.8/site-packages/airflow/example_dags/example_time_delta_sensor_async.py
[2023-11-22T21:01:33.334+0000] {processor.py:839} INFO - DAG(s) dict_keys(['example_time_delta_sensor_async']) retrieved from /home/airflow/.local/lib/python3.8/site-packages/airflow/example_dags/example_time_delta_sensor_async.py
[2023-11-22T21:01:33.371+0000] {logging_mixin.py:154} INFO - [2023-11-22T21:01:33.371+0000] {dag.py:2941} INFO - Sync 1 DAGs
[2023-11-22T21:01:33.393+0000] {logging_mixin.py:154} INFO - [2023-11-22T21:01:33.392+0000] {dag.py:3722} INFO - Setting next_dagrun for example_time_delta_sensor_async to None, run_after=None
[2023-11-22T21:01:33.453+0000] {processor.py:179} INFO - Processing /home/airflow/.local/lib/python3.8/site-packages/airflow/example_dags/example_time_delta_sensor_async.py took 0.138 seconds
[2023-11-22T21:02:03.869+0000] {processor.py:157} INFO - Started process (PID=12115) to work on /home/airflow/.local/lib/python3.8/site-packages/airflow/example_dags/example_time_delta_sensor_async.py
[2023-11-22T21:02:03.870+0000] {processor.py:829} INFO - Processing file /home/airflow/.local/lib/python3.8/site-packages/airflow/example_dags/example_time_delta_sensor_async.py for tasks to queue
[2023-11-22T21:02:03.870+0000] {logging_mixin.py:154} INFO - [2023-11-22T21:02:03.870+0000] {dagbag.py:536} INFO - Filling up the DagBag from /home/airflow/.local/lib/python3.8/site-packages/airflow/example_dags/example_time_delta_sensor_async.py
[2023-11-22T21:02:03.875+0000] {processor.py:839} INFO - DAG(s) dict_keys(['example_time_delta_sensor_async']) retrieved from /home/airflow/.local/lib/python3.8/site-packages/airflow/example_dags/example_time_delta_sensor_async.py
[2023-11-22T21:02:03.896+0000] {logging_mixin.py:154} INFO - [2023-11-22T21:02:03.896+0000] {dag.py:2941} INFO - Sync 1 DAGs
[2023-11-22T21:02:03.908+0000] {logging_mixin.py:154} INFO - [2023-11-22T21:02:03.908+0000] {dag.py:3722} INFO - Setting next_dagrun for example_time_delta_sensor_async to None, run_after=None
[2023-11-22T21:02:03.924+0000] {processor.py:179} INFO - Processing /home/airflow/.local/lib/python3.8/site-packages/airflow/example_dags/example_time_delta_sensor_async.py took 0.059 seconds
[2023-11-22T21:02:34.112+0000] {processor.py:157} INFO - Started process (PID=12354) to work on /home/airflow/.local/lib/python3.8/site-packages/airflow/example_dags/example_time_delta_sensor_async.py
[2023-11-22T21:02:34.113+0000] {processor.py:829} INFO - Processing file /home/airflow/.local/lib/python3.8/site-packages/airflow/example_dags/example_time_delta_sensor_async.py for tasks to queue
[2023-11-22T21:02:34.113+0000] {logging_mixin.py:154} INFO - [2023-11-22T21:02:34.113+0000] {dagbag.py:536} INFO - Filling up the DagBag from /home/airflow/.local/lib/python3.8/site-packages/airflow/example_dags/example_time_delta_sensor_async.py
[2023-11-22T21:02:34.118+0000] {processor.py:839} INFO - DAG(s) dict_keys(['example_time_delta_sensor_async']) retrieved from /home/airflow/.local/lib/python3.8/site-packages/airflow/example_dags/example_time_delta_sensor_async.py
[2023-11-22T21:02:34.139+0000] {logging_mixin.py:154} INFO - [2023-11-22T21:02:34.139+0000] {dag.py:2941} INFO - Sync 1 DAGs
[2023-11-22T21:02:34.149+0000] {logging_mixin.py:154} INFO - [2023-11-22T21:02:34.149+0000] {dag.py:3722} INFO - Setting next_dagrun for example_time_delta_sensor_async to None, run_after=None
[2023-11-22T21:02:34.163+0000] {processor.py:179} INFO - Processing /home/airflow/.local/lib/python3.8/site-packages/airflow/example_dags/example_time_delta_sensor_async.py took 0.054 seconds
[2023-11-22T21:03:04.675+0000] {processor.py:157} INFO - Started process (PID=12593) to work on /home/airflow/.local/lib/python3.8/site-packages/airflow/example_dags/example_time_delta_sensor_async.py
[2023-11-22T21:03:04.676+0000] {processor.py:829} INFO - Processing file /home/airflow/.local/lib/python3.8/site-packages/airflow/example_dags/example_time_delta_sensor_async.py for tasks to queue
[2023-11-22T21:03:04.677+0000] {logging_mixin.py:154} INFO - [2023-11-22T21:03:04.676+0000] {dagbag.py:536} INFO - Filling up the DagBag from /home/airflow/.local/lib/python3.8/site-packages/airflow/example_dags/example_time_delta_sensor_async.py
[2023-11-22T21:03:04.681+0000] {processor.py:839} INFO - DAG(s) dict_keys(['example_time_delta_sensor_async']) retrieved from /home/airflow/.local/lib/python3.8/site-packages/airflow/example_dags/example_time_delta_sensor_async.py
[2023-11-22T21:03:04.702+0000] {logging_mixin.py:154} INFO - [2023-11-22T21:03:04.702+0000] {dag.py:2941} INFO - Sync 1 DAGs
[2023-11-22T21:03:04.712+0000] {logging_mixin.py:154} INFO - [2023-11-22T21:03:04.712+0000] {dag.py:3722} INFO - Setting next_dagrun for example_time_delta_sensor_async to None, run_after=None
[2023-11-22T21:03:04.725+0000] {processor.py:179} INFO - Processing /home/airflow/.local/lib/python3.8/site-packages/airflow/example_dags/example_time_delta_sensor_async.py took 0.053 seconds
[2023-11-22T21:03:35.297+0000] {processor.py:157} INFO - Started process (PID=12831) to work on /home/airflow/.local/lib/python3.8/site-packages/airflow/example_dags/example_time_delta_sensor_async.py
[2023-11-22T21:03:35.298+0000] {processor.py:829} INFO - Processing file /home/airflow/.local/lib/python3.8/site-packages/airflow/example_dags/example_time_delta_sensor_async.py for tasks to queue
[2023-11-22T21:03:35.299+0000] {logging_mixin.py:154} INFO - [2023-11-22T21:03:35.298+0000] {dagbag.py:536} INFO - Filling up the DagBag from /home/airflow/.local/lib/python3.8/site-packages/airflow/example_dags/example_time_delta_sensor_async.py
[2023-11-22T21:03:35.303+0000] {processor.py:839} INFO - DAG(s) dict_keys(['example_time_delta_sensor_async']) retrieved from /home/airflow/.local/lib/python3.8/site-packages/airflow/example_dags/example_time_delta_sensor_async.py
[2023-11-22T21:03:35.324+0000] {logging_mixin.py:154} INFO - [2023-11-22T21:03:35.324+0000] {dag.py:2941} INFO - Sync 1 DAGs
[2023-11-22T21:03:35.335+0000] {logging_mixin.py:154} INFO - [2023-11-22T21:03:35.335+0000] {dag.py:3722} INFO - Setting next_dagrun for example_time_delta_sensor_async to None, run_after=None
[2023-11-22T21:03:35.348+0000] {processor.py:179} INFO - Processing /home/airflow/.local/lib/python3.8/site-packages/airflow/example_dags/example_time_delta_sensor_async.py took 0.054 seconds
[2023-11-22T21:04:06.006+0000] {processor.py:157} INFO - Started process (PID=13069) to work on /home/airflow/.local/lib/python3.8/site-packages/airflow/example_dags/example_time_delta_sensor_async.py
[2023-11-22T21:04:06.007+0000] {processor.py:829} INFO - Processing file /home/airflow/.local/lib/python3.8/site-packages/airflow/example_dags/example_time_delta_sensor_async.py for tasks to queue
[2023-11-22T21:04:06.008+0000] {logging_mixin.py:154} INFO - [2023-11-22T21:04:06.008+0000] {dagbag.py:536} INFO - Filling up the DagBag from /home/airflow/.local/lib/python3.8/site-packages/airflow/example_dags/example_time_delta_sensor_async.py
[2023-11-22T21:04:06.012+0000] {processor.py:839} INFO - DAG(s) dict_keys(['example_time_delta_sensor_async']) retrieved from /home/airflow/.local/lib/python3.8/site-packages/airflow/example_dags/example_time_delta_sensor_async.py
[2023-11-22T21:04:06.034+0000] {logging_mixin.py:154} INFO - [2023-11-22T21:04:06.034+0000] {dag.py:2941} INFO - Sync 1 DAGs
[2023-11-22T21:04:06.044+0000] {logging_mixin.py:154} INFO - [2023-11-22T21:04:06.044+0000] {dag.py:3722} INFO - Setting next_dagrun for example_time_delta_sensor_async to None, run_after=None
[2023-11-22T21:04:06.058+0000] {processor.py:179} INFO - Processing /home/airflow/.local/lib/python3.8/site-packages/airflow/example_dags/example_time_delta_sensor_async.py took 0.055 seconds
[2023-11-22T21:04:36.653+0000] {processor.py:157} INFO - Started process (PID=13307) to work on /home/airflow/.local/lib/python3.8/site-packages/airflow/example_dags/example_time_delta_sensor_async.py
[2023-11-22T21:04:36.654+0000] {processor.py:829} INFO - Processing file /home/airflow/.local/lib/python3.8/site-packages/airflow/example_dags/example_time_delta_sensor_async.py for tasks to queue
[2023-11-22T21:04:36.655+0000] {logging_mixin.py:154} INFO - [2023-11-22T21:04:36.655+0000] {dagbag.py:536} INFO - Filling up the DagBag from /home/airflow/.local/lib/python3.8/site-packages/airflow/example_dags/example_time_delta_sensor_async.py
[2023-11-22T21:04:36.660+0000] {processor.py:839} INFO - DAG(s) dict_keys(['example_time_delta_sensor_async']) retrieved from /home/airflow/.local/lib/python3.8/site-packages/airflow/example_dags/example_time_delta_sensor_async.py
[2023-11-22T21:04:36.683+0000] {logging_mixin.py:154} INFO - [2023-11-22T21:04:36.683+0000] {dag.py:2941} INFO - Sync 1 DAGs
[2023-11-22T21:04:36.693+0000] {logging_mixin.py:154} INFO - [2023-11-22T21:04:36.693+0000] {dag.py:3722} INFO - Setting next_dagrun for example_time_delta_sensor_async to None, run_after=None
[2023-11-22T21:04:36.706+0000] {processor.py:179} INFO - Processing /home/airflow/.local/lib/python3.8/site-packages/airflow/example_dags/example_time_delta_sensor_async.py took 0.056 seconds
[2023-11-22T21:05:06.993+0000] {processor.py:157} INFO - Started process (PID=13543) to work on /home/airflow/.local/lib/python3.8/site-packages/airflow/example_dags/example_time_delta_sensor_async.py
[2023-11-22T21:05:06.994+0000] {processor.py:829} INFO - Processing file /home/airflow/.local/lib/python3.8/site-packages/airflow/example_dags/example_time_delta_sensor_async.py for tasks to queue
[2023-11-22T21:05:06.995+0000] {logging_mixin.py:154} INFO - [2023-11-22T21:05:06.995+0000] {dagbag.py:536} INFO - Filling up the DagBag from /home/airflow/.local/lib/python3.8/site-packages/airflow/example_dags/example_time_delta_sensor_async.py
[2023-11-22T21:05:07.006+0000] {processor.py:839} INFO - DAG(s) dict_keys(['example_time_delta_sensor_async']) retrieved from /home/airflow/.local/lib/python3.8/site-packages/airflow/example_dags/example_time_delta_sensor_async.py
[2023-11-22T21:05:07.030+0000] {logging_mixin.py:154} INFO - [2023-11-22T21:05:07.030+0000] {dag.py:2941} INFO - Sync 1 DAGs
[2023-11-22T21:05:07.042+0000] {logging_mixin.py:154} INFO - [2023-11-22T21:05:07.042+0000] {dag.py:3722} INFO - Setting next_dagrun for example_time_delta_sensor_async to None, run_after=None
[2023-11-22T21:05:07.061+0000] {processor.py:179} INFO - Processing /home/airflow/.local/lib/python3.8/site-packages/airflow/example_dags/example_time_delta_sensor_async.py took 0.073 seconds
[2023-11-22T21:05:37.693+0000] {processor.py:157} INFO - Started process (PID=13782) to work on /home/airflow/.local/lib/python3.8/site-packages/airflow/example_dags/example_time_delta_sensor_async.py
[2023-11-22T21:05:37.694+0000] {processor.py:829} INFO - Processing file /home/airflow/.local/lib/python3.8/site-packages/airflow/example_dags/example_time_delta_sensor_async.py for tasks to queue
[2023-11-22T21:05:37.695+0000] {logging_mixin.py:154} INFO - [2023-11-22T21:05:37.694+0000] {dagbag.py:536} INFO - Filling up the DagBag from /home/airflow/.local/lib/python3.8/site-packages/airflow/example_dags/example_time_delta_sensor_async.py
[2023-11-22T21:05:37.699+0000] {processor.py:839} INFO - DAG(s) dict_keys(['example_time_delta_sensor_async']) retrieved from /home/airflow/.local/lib/python3.8/site-packages/airflow/example_dags/example_time_delta_sensor_async.py
[2023-11-22T21:05:37.722+0000] {logging_mixin.py:154} INFO - [2023-11-22T21:05:37.722+0000] {dag.py:2941} INFO - Sync 1 DAGs
[2023-11-22T21:05:37.732+0000] {logging_mixin.py:154} INFO - [2023-11-22T21:05:37.732+0000] {dag.py:3722} INFO - Setting next_dagrun for example_time_delta_sensor_async to None, run_after=None
[2023-11-22T21:05:37.746+0000] {processor.py:179} INFO - Processing /home/airflow/.local/lib/python3.8/site-packages/airflow/example_dags/example_time_delta_sensor_async.py took 0.056 seconds
[2023-11-22T21:06:07.863+0000] {processor.py:157} INFO - Started process (PID=14019) to work on /home/airflow/.local/lib/python3.8/site-packages/airflow/example_dags/example_time_delta_sensor_async.py
[2023-11-22T21:06:07.865+0000] {processor.py:829} INFO - Processing file /home/airflow/.local/lib/python3.8/site-packages/airflow/example_dags/example_time_delta_sensor_async.py for tasks to queue
[2023-11-22T21:06:07.866+0000] {logging_mixin.py:154} INFO - [2023-11-22T21:06:07.865+0000] {dagbag.py:536} INFO - Filling up the DagBag from /home/airflow/.local/lib/python3.8/site-packages/airflow/example_dags/example_time_delta_sensor_async.py
[2023-11-22T21:06:07.872+0000] {processor.py:839} INFO - DAG(s) dict_keys(['example_time_delta_sensor_async']) retrieved from /home/airflow/.local/lib/python3.8/site-packages/airflow/example_dags/example_time_delta_sensor_async.py
[2023-11-22T21:06:07.904+0000] {logging_mixin.py:154} INFO - [2023-11-22T21:06:07.904+0000] {dag.py:2941} INFO - Sync 1 DAGs
[2023-11-22T21:06:07.920+0000] {logging_mixin.py:154} INFO - [2023-11-22T21:06:07.920+0000] {dag.py:3722} INFO - Setting next_dagrun for example_time_delta_sensor_async to None, run_after=None
[2023-11-22T21:06:07.944+0000] {processor.py:179} INFO - Processing /home/airflow/.local/lib/python3.8/site-packages/airflow/example_dags/example_time_delta_sensor_async.py took 0.085 seconds
[2023-11-22T21:06:38.005+0000] {processor.py:157} INFO - Started process (PID=14258) to work on /home/airflow/.local/lib/python3.8/site-packages/airflow/example_dags/example_time_delta_sensor_async.py
[2023-11-22T21:06:38.006+0000] {processor.py:829} INFO - Processing file /home/airflow/.local/lib/python3.8/site-packages/airflow/example_dags/example_time_delta_sensor_async.py for tasks to queue
[2023-11-22T21:06:38.007+0000] {logging_mixin.py:154} INFO - [2023-11-22T21:06:38.006+0000] {dagbag.py:536} INFO - Filling up the DagBag from /home/airflow/.local/lib/python3.8/site-packages/airflow/example_dags/example_time_delta_sensor_async.py
[2023-11-22T21:06:38.011+0000] {processor.py:839} INFO - DAG(s) dict_keys(['example_time_delta_sensor_async']) retrieved from /home/airflow/.local/lib/python3.8/site-packages/airflow/example_dags/example_time_delta_sensor_async.py
[2023-11-22T21:06:38.032+0000] {logging_mixin.py:154} INFO - [2023-11-22T21:06:38.032+0000] {dag.py:2941} INFO - Sync 1 DAGs
[2023-11-22T21:06:38.042+0000] {logging_mixin.py:154} INFO - [2023-11-22T21:06:38.041+0000] {dag.py:3722} INFO - Setting next_dagrun for example_time_delta_sensor_async to None, run_after=None
[2023-11-22T21:06:38.055+0000] {processor.py:179} INFO - Processing /home/airflow/.local/lib/python3.8/site-packages/airflow/example_dags/example_time_delta_sensor_async.py took 0.053 seconds
[2023-11-22T21:07:08.803+0000] {processor.py:157} INFO - Started process (PID=14494) to work on /home/airflow/.local/lib/python3.8/site-packages/airflow/example_dags/example_time_delta_sensor_async.py
[2023-11-22T21:07:08.805+0000] {processor.py:829} INFO - Processing file /home/airflow/.local/lib/python3.8/site-packages/airflow/example_dags/example_time_delta_sensor_async.py for tasks to queue
[2023-11-22T21:07:08.806+0000] {logging_mixin.py:154} INFO - [2023-11-22T21:07:08.806+0000] {dagbag.py:536} INFO - Filling up the DagBag from /home/airflow/.local/lib/python3.8/site-packages/airflow/example_dags/example_time_delta_sensor_async.py
[2023-11-22T21:07:08.812+0000] {processor.py:839} INFO - DAG(s) dict_keys(['example_time_delta_sensor_async']) retrieved from /home/airflow/.local/lib/python3.8/site-packages/airflow/example_dags/example_time_delta_sensor_async.py
[2023-11-22T21:07:08.838+0000] {logging_mixin.py:154} INFO - [2023-11-22T21:07:08.838+0000] {dag.py:2941} INFO - Sync 1 DAGs
[2023-11-22T21:07:08.852+0000] {logging_mixin.py:154} INFO - [2023-11-22T21:07:08.851+0000] {dag.py:3722} INFO - Setting next_dagrun for example_time_delta_sensor_async to None, run_after=None
[2023-11-22T21:07:08.866+0000] {processor.py:179} INFO - Processing /home/airflow/.local/lib/python3.8/site-packages/airflow/example_dags/example_time_delta_sensor_async.py took 0.067 seconds
[2023-11-22T21:07:39.200+0000] {processor.py:157} INFO - Started process (PID=14734) to work on /home/airflow/.local/lib/python3.8/site-packages/airflow/example_dags/example_time_delta_sensor_async.py
[2023-11-22T21:07:39.201+0000] {processor.py:829} INFO - Processing file /home/airflow/.local/lib/python3.8/site-packages/airflow/example_dags/example_time_delta_sensor_async.py for tasks to queue
[2023-11-22T21:07:39.202+0000] {logging_mixin.py:154} INFO - [2023-11-22T21:07:39.201+0000] {dagbag.py:536} INFO - Filling up the DagBag from /home/airflow/.local/lib/python3.8/site-packages/airflow/example_dags/example_time_delta_sensor_async.py
[2023-11-22T21:07:39.206+0000] {processor.py:839} INFO - DAG(s) dict_keys(['example_time_delta_sensor_async']) retrieved from /home/airflow/.local/lib/python3.8/site-packages/airflow/example_dags/example_time_delta_sensor_async.py
[2023-11-22T21:07:39.227+0000] {logging_mixin.py:154} INFO - [2023-11-22T21:07:39.227+0000] {dag.py:2941} INFO - Sync 1 DAGs
[2023-11-22T21:07:39.237+0000] {logging_mixin.py:154} INFO - [2023-11-22T21:07:39.237+0000] {dag.py:3722} INFO - Setting next_dagrun for example_time_delta_sensor_async to None, run_after=None
[2023-11-22T21:07:39.250+0000] {processor.py:179} INFO - Processing /home/airflow/.local/lib/python3.8/site-packages/airflow/example_dags/example_time_delta_sensor_async.py took 0.054 seconds
[2023-11-22T21:08:09.684+0000] {processor.py:157} INFO - Started process (PID=14970) to work on /home/airflow/.local/lib/python3.8/site-packages/airflow/example_dags/example_time_delta_sensor_async.py
[2023-11-22T21:08:09.686+0000] {processor.py:829} INFO - Processing file /home/airflow/.local/lib/python3.8/site-packages/airflow/example_dags/example_time_delta_sensor_async.py for tasks to queue
[2023-11-22T21:08:09.686+0000] {logging_mixin.py:154} INFO - [2023-11-22T21:08:09.686+0000] {dagbag.py:536} INFO - Filling up the DagBag from /home/airflow/.local/lib/python3.8/site-packages/airflow/example_dags/example_time_delta_sensor_async.py
[2023-11-22T21:08:09.691+0000] {processor.py:839} INFO - DAG(s) dict_keys(['example_time_delta_sensor_async']) retrieved from /home/airflow/.local/lib/python3.8/site-packages/airflow/example_dags/example_time_delta_sensor_async.py
[2023-11-22T21:08:09.713+0000] {logging_mixin.py:154} INFO - [2023-11-22T21:08:09.713+0000] {dag.py:2941} INFO - Sync 1 DAGs
[2023-11-22T21:08:09.723+0000] {logging_mixin.py:154} INFO - [2023-11-22T21:08:09.723+0000] {dag.py:3722} INFO - Setting next_dagrun for example_time_delta_sensor_async to None, run_after=None
[2023-11-22T21:08:09.736+0000] {processor.py:179} INFO - Processing /home/airflow/.local/lib/python3.8/site-packages/airflow/example_dags/example_time_delta_sensor_async.py took 0.054 seconds
[2023-11-22T21:08:40.692+0000] {processor.py:157} INFO - Started process (PID=15208) to work on /home/airflow/.local/lib/python3.8/site-packages/airflow/example_dags/example_time_delta_sensor_async.py
[2023-11-22T21:08:40.693+0000] {processor.py:829} INFO - Processing file /home/airflow/.local/lib/python3.8/site-packages/airflow/example_dags/example_time_delta_sensor_async.py for tasks to queue
[2023-11-22T21:08:40.693+0000] {logging_mixin.py:154} INFO - [2023-11-22T21:08:40.693+0000] {dagbag.py:536} INFO - Filling up the DagBag from /home/airflow/.local/lib/python3.8/site-packages/airflow/example_dags/example_time_delta_sensor_async.py
[2023-11-22T21:08:40.697+0000] {processor.py:839} INFO - DAG(s) dict_keys(['example_time_delta_sensor_async']) retrieved from /home/airflow/.local/lib/python3.8/site-packages/airflow/example_dags/example_time_delta_sensor_async.py
[2023-11-22T21:08:40.724+0000] {logging_mixin.py:154} INFO - [2023-11-22T21:08:40.723+0000] {dag.py:2941} INFO - Sync 1 DAGs
[2023-11-22T21:08:40.734+0000] {logging_mixin.py:154} INFO - [2023-11-22T21:08:40.734+0000] {dag.py:3722} INFO - Setting next_dagrun for example_time_delta_sensor_async to None, run_after=None
[2023-11-22T21:08:40.749+0000] {processor.py:179} INFO - Processing /home/airflow/.local/lib/python3.8/site-packages/airflow/example_dags/example_time_delta_sensor_async.py took 0.061 seconds
[2023-11-22T21:09:40.883+0000] {processor.py:157} INFO - Started process (PID=207) to work on /home/airflow/.local/lib/python3.8/site-packages/airflow/example_dags/example_time_delta_sensor_async.py
[2023-11-22T21:09:40.885+0000] {processor.py:829} INFO - Processing file /home/airflow/.local/lib/python3.8/site-packages/airflow/example_dags/example_time_delta_sensor_async.py for tasks to queue
[2023-11-22T21:09:40.887+0000] {logging_mixin.py:154} INFO - [2023-11-22T21:09:40.886+0000] {dagbag.py:536} INFO - Filling up the DagBag from /home/airflow/.local/lib/python3.8/site-packages/airflow/example_dags/example_time_delta_sensor_async.py
[2023-11-22T21:09:40.899+0000] {processor.py:839} INFO - DAG(s) dict_keys(['example_time_delta_sensor_async']) retrieved from /home/airflow/.local/lib/python3.8/site-packages/airflow/example_dags/example_time_delta_sensor_async.py
[2023-11-22T21:09:40.932+0000] {logging_mixin.py:154} INFO - [2023-11-22T21:09:40.931+0000] {dag.py:2941} INFO - Sync 1 DAGs
[2023-11-22T21:09:40.951+0000] {logging_mixin.py:154} INFO - [2023-11-22T21:09:40.951+0000] {dag.py:3722} INFO - Setting next_dagrun for example_time_delta_sensor_async to None, run_after=None
[2023-11-22T21:09:40.985+0000] {processor.py:179} INFO - Processing /home/airflow/.local/lib/python3.8/site-packages/airflow/example_dags/example_time_delta_sensor_async.py took 0.107 seconds
[2023-11-22T21:10:11.152+0000] {processor.py:157} INFO - Started process (PID=446) to work on /home/airflow/.local/lib/python3.8/site-packages/airflow/example_dags/example_time_delta_sensor_async.py
[2023-11-22T21:10:11.153+0000] {processor.py:829} INFO - Processing file /home/airflow/.local/lib/python3.8/site-packages/airflow/example_dags/example_time_delta_sensor_async.py for tasks to queue
[2023-11-22T21:10:11.154+0000] {logging_mixin.py:154} INFO - [2023-11-22T21:10:11.154+0000] {dagbag.py:536} INFO - Filling up the DagBag from /home/airflow/.local/lib/python3.8/site-packages/airflow/example_dags/example_time_delta_sensor_async.py
[2023-11-22T21:10:11.158+0000] {processor.py:839} INFO - DAG(s) dict_keys(['example_time_delta_sensor_async']) retrieved from /home/airflow/.local/lib/python3.8/site-packages/airflow/example_dags/example_time_delta_sensor_async.py
[2023-11-22T21:10:11.180+0000] {logging_mixin.py:154} INFO - [2023-11-22T21:10:11.180+0000] {dag.py:2941} INFO - Sync 1 DAGs
[2023-11-22T21:10:11.190+0000] {logging_mixin.py:154} INFO - [2023-11-22T21:10:11.190+0000] {dag.py:3722} INFO - Setting next_dagrun for example_time_delta_sensor_async to None, run_after=None
[2023-11-22T21:10:11.206+0000] {processor.py:179} INFO - Processing /home/airflow/.local/lib/python3.8/site-packages/airflow/example_dags/example_time_delta_sensor_async.py took 0.057 seconds
