[2023-11-22T19:30:04.940+0000] {processor.py:157} INFO - Started process (PID=232) to work on /home/airflow/.local/lib/python3.8/site-packages/airflow/example_dags/example_setup_teardown_taskflow.py
[2023-11-22T19:30:04.942+0000] {processor.py:829} INFO - Processing file /home/airflow/.local/lib/python3.8/site-packages/airflow/example_dags/example_setup_teardown_taskflow.py for tasks to queue
[2023-11-22T19:30:04.944+0000] {logging_mixin.py:154} INFO - [2023-11-22T19:30:04.943+0000] {dagbag.py:536} INFO - Filling up the DagBag from /home/airflow/.local/lib/python3.8/site-packages/airflow/example_dags/example_setup_teardown_taskflow.py
[2023-11-22T19:30:04.960+0000] {processor.py:839} INFO - DAG(s) dict_keys(['example_setup_teardown_taskflow']) retrieved from /home/airflow/.local/lib/python3.8/site-packages/airflow/example_dags/example_setup_teardown_taskflow.py
[2023-11-22T19:30:04.982+0000] {logging_mixin.py:154} INFO - [2023-11-22T19:30:04.982+0000] {dag.py:2941} INFO - Sync 1 DAGs
[2023-11-22T19:30:05.015+0000] {logging_mixin.py:154} INFO - [2023-11-22T19:30:05.014+0000] {dag.py:3722} INFO - Setting next_dagrun for example_setup_teardown_taskflow to 2023-11-21T19:30:05.014521+00:00, run_after=2023-11-22T19:30:05.014521+00:00
[2023-11-22T19:30:05.042+0000] {processor.py:179} INFO - Processing /home/airflow/.local/lib/python3.8/site-packages/airflow/example_dags/example_setup_teardown_taskflow.py took 0.106 seconds
[2023-11-22T19:30:35.080+0000] {processor.py:157} INFO - Started process (PID=470) to work on /home/airflow/.local/lib/python3.8/site-packages/airflow/example_dags/example_setup_teardown_taskflow.py
[2023-11-22T19:30:35.081+0000] {processor.py:829} INFO - Processing file /home/airflow/.local/lib/python3.8/site-packages/airflow/example_dags/example_setup_teardown_taskflow.py for tasks to queue
[2023-11-22T19:30:35.082+0000] {logging_mixin.py:154} INFO - [2023-11-22T19:30:35.082+0000] {dagbag.py:536} INFO - Filling up the DagBag from /home/airflow/.local/lib/python3.8/site-packages/airflow/example_dags/example_setup_teardown_taskflow.py
[2023-11-22T19:30:35.090+0000] {processor.py:839} INFO - DAG(s) dict_keys(['example_setup_teardown_taskflow']) retrieved from /home/airflow/.local/lib/python3.8/site-packages/airflow/example_dags/example_setup_teardown_taskflow.py
[2023-11-22T19:30:35.110+0000] {logging_mixin.py:154} INFO - [2023-11-22T19:30:35.110+0000] {dag.py:2941} INFO - Sync 1 DAGs
[2023-11-22T19:30:35.127+0000] {logging_mixin.py:154} INFO - [2023-11-22T19:30:35.127+0000] {dag.py:3722} INFO - Setting next_dagrun for example_setup_teardown_taskflow to 2023-11-21T19:30:35.127408+00:00, run_after=2023-11-22T19:30:35.127408+00:00
[2023-11-22T19:30:35.141+0000] {processor.py:179} INFO - Processing /home/airflow/.local/lib/python3.8/site-packages/airflow/example_dags/example_setup_teardown_taskflow.py took 0.064 seconds
[2023-11-22T19:31:05.764+0000] {processor.py:157} INFO - Started process (PID=708) to work on /home/airflow/.local/lib/python3.8/site-packages/airflow/example_dags/example_setup_teardown_taskflow.py
[2023-11-22T19:31:05.765+0000] {processor.py:829} INFO - Processing file /home/airflow/.local/lib/python3.8/site-packages/airflow/example_dags/example_setup_teardown_taskflow.py for tasks to queue
[2023-11-22T19:31:05.766+0000] {logging_mixin.py:154} INFO - [2023-11-22T19:31:05.765+0000] {dagbag.py:536} INFO - Filling up the DagBag from /home/airflow/.local/lib/python3.8/site-packages/airflow/example_dags/example_setup_teardown_taskflow.py
[2023-11-22T19:31:05.774+0000] {processor.py:839} INFO - DAG(s) dict_keys(['example_setup_teardown_taskflow']) retrieved from /home/airflow/.local/lib/python3.8/site-packages/airflow/example_dags/example_setup_teardown_taskflow.py
[2023-11-22T19:31:05.794+0000] {logging_mixin.py:154} INFO - [2023-11-22T19:31:05.794+0000] {dag.py:2941} INFO - Sync 1 DAGs
[2023-11-22T19:31:05.810+0000] {logging_mixin.py:154} INFO - [2023-11-22T19:31:05.810+0000] {dag.py:3722} INFO - Setting next_dagrun for example_setup_teardown_taskflow to 2023-11-21T19:31:05.809953+00:00, run_after=2023-11-22T19:31:05.809953+00:00
[2023-11-22T19:31:05.823+0000] {processor.py:179} INFO - Processing /home/airflow/.local/lib/python3.8/site-packages/airflow/example_dags/example_setup_teardown_taskflow.py took 0.063 seconds
[2023-11-22T19:31:36.187+0000] {processor.py:157} INFO - Started process (PID=946) to work on /home/airflow/.local/lib/python3.8/site-packages/airflow/example_dags/example_setup_teardown_taskflow.py
[2023-11-22T19:31:36.187+0000] {processor.py:829} INFO - Processing file /home/airflow/.local/lib/python3.8/site-packages/airflow/example_dags/example_setup_teardown_taskflow.py for tasks to queue
[2023-11-22T19:31:36.188+0000] {logging_mixin.py:154} INFO - [2023-11-22T19:31:36.188+0000] {dagbag.py:536} INFO - Filling up the DagBag from /home/airflow/.local/lib/python3.8/site-packages/airflow/example_dags/example_setup_teardown_taskflow.py
[2023-11-22T19:31:36.197+0000] {processor.py:839} INFO - DAG(s) dict_keys(['example_setup_teardown_taskflow']) retrieved from /home/airflow/.local/lib/python3.8/site-packages/airflow/example_dags/example_setup_teardown_taskflow.py
[2023-11-22T19:31:36.219+0000] {logging_mixin.py:154} INFO - [2023-11-22T19:31:36.218+0000] {dag.py:2941} INFO - Sync 1 DAGs
[2023-11-22T19:31:36.235+0000] {logging_mixin.py:154} INFO - [2023-11-22T19:31:36.235+0000] {dag.py:3722} INFO - Setting next_dagrun for example_setup_teardown_taskflow to 2023-11-21T19:31:36.235123+00:00, run_after=2023-11-22T19:31:36.235123+00:00
[2023-11-22T19:31:36.247+0000] {processor.py:179} INFO - Processing /home/airflow/.local/lib/python3.8/site-packages/airflow/example_dags/example_setup_teardown_taskflow.py took 0.064 seconds
[2023-11-22T19:32:07.057+0000] {processor.py:157} INFO - Started process (PID=1186) to work on /home/airflow/.local/lib/python3.8/site-packages/airflow/example_dags/example_setup_teardown_taskflow.py
[2023-11-22T19:32:07.061+0000] {processor.py:829} INFO - Processing file /home/airflow/.local/lib/python3.8/site-packages/airflow/example_dags/example_setup_teardown_taskflow.py for tasks to queue
[2023-11-22T19:32:07.064+0000] {logging_mixin.py:154} INFO - [2023-11-22T19:32:07.063+0000] {dagbag.py:536} INFO - Filling up the DagBag from /home/airflow/.local/lib/python3.8/site-packages/airflow/example_dags/example_setup_teardown_taskflow.py
[2023-11-22T19:32:07.086+0000] {processor.py:839} INFO - DAG(s) dict_keys(['example_setup_teardown_taskflow']) retrieved from /home/airflow/.local/lib/python3.8/site-packages/airflow/example_dags/example_setup_teardown_taskflow.py
[2023-11-22T19:32:07.133+0000] {logging_mixin.py:154} INFO - [2023-11-22T19:32:07.133+0000] {dag.py:2941} INFO - Sync 1 DAGs
[2023-11-22T19:32:07.169+0000] {logging_mixin.py:154} INFO - [2023-11-22T19:32:07.169+0000] {dag.py:3722} INFO - Setting next_dagrun for example_setup_teardown_taskflow to 2023-11-21T19:32:07.168649+00:00, run_after=2023-11-22T19:32:07.168649+00:00
[2023-11-22T19:32:07.194+0000] {processor.py:179} INFO - Processing /home/airflow/.local/lib/python3.8/site-packages/airflow/example_dags/example_setup_teardown_taskflow.py took 0.144 seconds
[2023-11-22T19:32:37.370+0000] {processor.py:157} INFO - Started process (PID=1422) to work on /home/airflow/.local/lib/python3.8/site-packages/airflow/example_dags/example_setup_teardown_taskflow.py
[2023-11-22T19:32:37.371+0000] {processor.py:829} INFO - Processing file /home/airflow/.local/lib/python3.8/site-packages/airflow/example_dags/example_setup_teardown_taskflow.py for tasks to queue
[2023-11-22T19:32:37.372+0000] {logging_mixin.py:154} INFO - [2023-11-22T19:32:37.371+0000] {dagbag.py:536} INFO - Filling up the DagBag from /home/airflow/.local/lib/python3.8/site-packages/airflow/example_dags/example_setup_teardown_taskflow.py
[2023-11-22T19:32:37.381+0000] {processor.py:839} INFO - DAG(s) dict_keys(['example_setup_teardown_taskflow']) retrieved from /home/airflow/.local/lib/python3.8/site-packages/airflow/example_dags/example_setup_teardown_taskflow.py
[2023-11-22T19:32:37.405+0000] {logging_mixin.py:154} INFO - [2023-11-22T19:32:37.405+0000] {dag.py:2941} INFO - Sync 1 DAGs
[2023-11-22T19:32:37.422+0000] {logging_mixin.py:154} INFO - [2023-11-22T19:32:37.422+0000] {dag.py:3722} INFO - Setting next_dagrun for example_setup_teardown_taskflow to 2023-11-21T19:32:37.421789+00:00, run_after=2023-11-22T19:32:37.421789+00:00
[2023-11-22T19:32:37.434+0000] {processor.py:179} INFO - Processing /home/airflow/.local/lib/python3.8/site-packages/airflow/example_dags/example_setup_teardown_taskflow.py took 0.067 seconds
[2023-11-22T19:33:08.310+0000] {processor.py:157} INFO - Started process (PID=1660) to work on /home/airflow/.local/lib/python3.8/site-packages/airflow/example_dags/example_setup_teardown_taskflow.py
[2023-11-22T19:33:08.311+0000] {processor.py:829} INFO - Processing file /home/airflow/.local/lib/python3.8/site-packages/airflow/example_dags/example_setup_teardown_taskflow.py for tasks to queue
[2023-11-22T19:33:08.312+0000] {logging_mixin.py:154} INFO - [2023-11-22T19:33:08.312+0000] {dagbag.py:536} INFO - Filling up the DagBag from /home/airflow/.local/lib/python3.8/site-packages/airflow/example_dags/example_setup_teardown_taskflow.py
[2023-11-22T19:33:08.320+0000] {processor.py:839} INFO - DAG(s) dict_keys(['example_setup_teardown_taskflow']) retrieved from /home/airflow/.local/lib/python3.8/site-packages/airflow/example_dags/example_setup_teardown_taskflow.py
[2023-11-22T19:33:08.341+0000] {logging_mixin.py:154} INFO - [2023-11-22T19:33:08.341+0000] {dag.py:2941} INFO - Sync 1 DAGs
[2023-11-22T19:33:08.357+0000] {logging_mixin.py:154} INFO - [2023-11-22T19:33:08.357+0000] {dag.py:3722} INFO - Setting next_dagrun for example_setup_teardown_taskflow to 2023-11-21T19:33:08.357428+00:00, run_after=2023-11-22T19:33:08.357428+00:00
[2023-11-22T19:33:08.371+0000] {processor.py:179} INFO - Processing /home/airflow/.local/lib/python3.8/site-packages/airflow/example_dags/example_setup_teardown_taskflow.py took 0.064 seconds
[2023-11-22T19:33:38.719+0000] {processor.py:157} INFO - Started process (PID=1898) to work on /home/airflow/.local/lib/python3.8/site-packages/airflow/example_dags/example_setup_teardown_taskflow.py
[2023-11-22T19:33:38.720+0000] {processor.py:829} INFO - Processing file /home/airflow/.local/lib/python3.8/site-packages/airflow/example_dags/example_setup_teardown_taskflow.py for tasks to queue
[2023-11-22T19:33:38.721+0000] {logging_mixin.py:154} INFO - [2023-11-22T19:33:38.721+0000] {dagbag.py:536} INFO - Filling up the DagBag from /home/airflow/.local/lib/python3.8/site-packages/airflow/example_dags/example_setup_teardown_taskflow.py
[2023-11-22T19:33:38.729+0000] {processor.py:839} INFO - DAG(s) dict_keys(['example_setup_teardown_taskflow']) retrieved from /home/airflow/.local/lib/python3.8/site-packages/airflow/example_dags/example_setup_teardown_taskflow.py
[2023-11-22T19:33:38.752+0000] {logging_mixin.py:154} INFO - [2023-11-22T19:33:38.752+0000] {dag.py:2941} INFO - Sync 1 DAGs
[2023-11-22T19:33:38.769+0000] {logging_mixin.py:154} INFO - [2023-11-22T19:33:38.769+0000] {dag.py:3722} INFO - Setting next_dagrun for example_setup_teardown_taskflow to 2023-11-21T19:33:38.768765+00:00, run_after=2023-11-22T19:33:38.768765+00:00
[2023-11-22T19:33:38.784+0000] {processor.py:179} INFO - Processing /home/airflow/.local/lib/python3.8/site-packages/airflow/example_dags/example_setup_teardown_taskflow.py took 0.068 seconds
[2023-11-22T19:34:09.417+0000] {processor.py:157} INFO - Started process (PID=2136) to work on /home/airflow/.local/lib/python3.8/site-packages/airflow/example_dags/example_setup_teardown_taskflow.py
[2023-11-22T19:34:09.418+0000] {processor.py:829} INFO - Processing file /home/airflow/.local/lib/python3.8/site-packages/airflow/example_dags/example_setup_teardown_taskflow.py for tasks to queue
[2023-11-22T19:34:09.419+0000] {logging_mixin.py:154} INFO - [2023-11-22T19:34:09.419+0000] {dagbag.py:536} INFO - Filling up the DagBag from /home/airflow/.local/lib/python3.8/site-packages/airflow/example_dags/example_setup_teardown_taskflow.py
[2023-11-22T19:34:09.427+0000] {processor.py:839} INFO - DAG(s) dict_keys(['example_setup_teardown_taskflow']) retrieved from /home/airflow/.local/lib/python3.8/site-packages/airflow/example_dags/example_setup_teardown_taskflow.py
[2023-11-22T19:34:09.450+0000] {logging_mixin.py:154} INFO - [2023-11-22T19:34:09.450+0000] {dag.py:2941} INFO - Sync 1 DAGs
[2023-11-22T19:34:09.468+0000] {logging_mixin.py:154} INFO - [2023-11-22T19:34:09.468+0000] {dag.py:3722} INFO - Setting next_dagrun for example_setup_teardown_taskflow to 2023-11-21T19:34:09.467949+00:00, run_after=2023-11-22T19:34:09.467949+00:00
[2023-11-22T19:34:09.482+0000] {processor.py:179} INFO - Processing /home/airflow/.local/lib/python3.8/site-packages/airflow/example_dags/example_setup_teardown_taskflow.py took 0.068 seconds
[2023-11-22T19:34:39.941+0000] {processor.py:157} INFO - Started process (PID=2375) to work on /home/airflow/.local/lib/python3.8/site-packages/airflow/example_dags/example_setup_teardown_taskflow.py
[2023-11-22T19:34:39.942+0000] {processor.py:829} INFO - Processing file /home/airflow/.local/lib/python3.8/site-packages/airflow/example_dags/example_setup_teardown_taskflow.py for tasks to queue
[2023-11-22T19:34:39.943+0000] {logging_mixin.py:154} INFO - [2023-11-22T19:34:39.942+0000] {dagbag.py:536} INFO - Filling up the DagBag from /home/airflow/.local/lib/python3.8/site-packages/airflow/example_dags/example_setup_teardown_taskflow.py
[2023-11-22T19:34:39.951+0000] {processor.py:839} INFO - DAG(s) dict_keys(['example_setup_teardown_taskflow']) retrieved from /home/airflow/.local/lib/python3.8/site-packages/airflow/example_dags/example_setup_teardown_taskflow.py
[2023-11-22T19:34:39.972+0000] {logging_mixin.py:154} INFO - [2023-11-22T19:34:39.971+0000] {dag.py:2941} INFO - Sync 1 DAGs
[2023-11-22T19:34:39.988+0000] {logging_mixin.py:154} INFO - [2023-11-22T19:34:39.988+0000] {dag.py:3722} INFO - Setting next_dagrun for example_setup_teardown_taskflow to 2023-11-21T19:34:39.988253+00:00, run_after=2023-11-22T19:34:39.988253+00:00
[2023-11-22T19:34:40.001+0000] {processor.py:179} INFO - Processing /home/airflow/.local/lib/python3.8/site-packages/airflow/example_dags/example_setup_teardown_taskflow.py took 0.063 seconds
[2023-11-22T19:35:10.269+0000] {processor.py:157} INFO - Started process (PID=2614) to work on /home/airflow/.local/lib/python3.8/site-packages/airflow/example_dags/example_setup_teardown_taskflow.py
[2023-11-22T19:35:10.270+0000] {processor.py:829} INFO - Processing file /home/airflow/.local/lib/python3.8/site-packages/airflow/example_dags/example_setup_teardown_taskflow.py for tasks to queue
[2023-11-22T19:35:10.270+0000] {logging_mixin.py:154} INFO - [2023-11-22T19:35:10.270+0000] {dagbag.py:536} INFO - Filling up the DagBag from /home/airflow/.local/lib/python3.8/site-packages/airflow/example_dags/example_setup_teardown_taskflow.py
[2023-11-22T19:35:10.278+0000] {processor.py:839} INFO - DAG(s) dict_keys(['example_setup_teardown_taskflow']) retrieved from /home/airflow/.local/lib/python3.8/site-packages/airflow/example_dags/example_setup_teardown_taskflow.py
[2023-11-22T19:35:10.299+0000] {logging_mixin.py:154} INFO - [2023-11-22T19:35:10.298+0000] {dag.py:2941} INFO - Sync 1 DAGs
[2023-11-22T19:35:10.316+0000] {logging_mixin.py:154} INFO - [2023-11-22T19:35:10.315+0000] {dag.py:3722} INFO - Setting next_dagrun for example_setup_teardown_taskflow to 2023-11-21T19:35:10.315633+00:00, run_after=2023-11-22T19:35:10.315633+00:00
[2023-11-22T19:35:10.328+0000] {processor.py:179} INFO - Processing /home/airflow/.local/lib/python3.8/site-packages/airflow/example_dags/example_setup_teardown_taskflow.py took 0.062 seconds
[2023-11-22T19:35:40.685+0000] {processor.py:157} INFO - Started process (PID=2850) to work on /home/airflow/.local/lib/python3.8/site-packages/airflow/example_dags/example_setup_teardown_taskflow.py
[2023-11-22T19:35:40.686+0000] {processor.py:829} INFO - Processing file /home/airflow/.local/lib/python3.8/site-packages/airflow/example_dags/example_setup_teardown_taskflow.py for tasks to queue
[2023-11-22T19:35:40.687+0000] {logging_mixin.py:154} INFO - [2023-11-22T19:35:40.686+0000] {dagbag.py:536} INFO - Filling up the DagBag from /home/airflow/.local/lib/python3.8/site-packages/airflow/example_dags/example_setup_teardown_taskflow.py
[2023-11-22T19:35:40.695+0000] {processor.py:839} INFO - DAG(s) dict_keys(['example_setup_teardown_taskflow']) retrieved from /home/airflow/.local/lib/python3.8/site-packages/airflow/example_dags/example_setup_teardown_taskflow.py
[2023-11-22T19:35:40.717+0000] {logging_mixin.py:154} INFO - [2023-11-22T19:35:40.716+0000] {dag.py:2941} INFO - Sync 1 DAGs
[2023-11-22T19:35:40.733+0000] {logging_mixin.py:154} INFO - [2023-11-22T19:35:40.733+0000] {dag.py:3722} INFO - Setting next_dagrun for example_setup_teardown_taskflow to 2023-11-21T19:35:40.732828+00:00, run_after=2023-11-22T19:35:40.732828+00:00
[2023-11-22T19:35:40.745+0000] {processor.py:179} INFO - Processing /home/airflow/.local/lib/python3.8/site-packages/airflow/example_dags/example_setup_teardown_taskflow.py took 0.063 seconds
[2023-11-22T19:36:11.157+0000] {processor.py:157} INFO - Started process (PID=3088) to work on /home/airflow/.local/lib/python3.8/site-packages/airflow/example_dags/example_setup_teardown_taskflow.py
[2023-11-22T19:36:11.158+0000] {processor.py:829} INFO - Processing file /home/airflow/.local/lib/python3.8/site-packages/airflow/example_dags/example_setup_teardown_taskflow.py for tasks to queue
[2023-11-22T19:36:11.159+0000] {logging_mixin.py:154} INFO - [2023-11-22T19:36:11.158+0000] {dagbag.py:536} INFO - Filling up the DagBag from /home/airflow/.local/lib/python3.8/site-packages/airflow/example_dags/example_setup_teardown_taskflow.py
[2023-11-22T19:36:11.168+0000] {processor.py:839} INFO - DAG(s) dict_keys(['example_setup_teardown_taskflow']) retrieved from /home/airflow/.local/lib/python3.8/site-packages/airflow/example_dags/example_setup_teardown_taskflow.py
[2023-11-22T19:36:11.191+0000] {logging_mixin.py:154} INFO - [2023-11-22T19:36:11.191+0000] {dag.py:2941} INFO - Sync 1 DAGs
[2023-11-22T19:36:11.208+0000] {logging_mixin.py:154} INFO - [2023-11-22T19:36:11.208+0000] {dag.py:3722} INFO - Setting next_dagrun for example_setup_teardown_taskflow to 2023-11-21T19:36:11.208017+00:00, run_after=2023-11-22T19:36:11.208017+00:00
[2023-11-22T19:36:11.225+0000] {processor.py:179} INFO - Processing /home/airflow/.local/lib/python3.8/site-packages/airflow/example_dags/example_setup_teardown_taskflow.py took 0.071 seconds
[2023-11-22T19:36:41.635+0000] {processor.py:157} INFO - Started process (PID=3326) to work on /home/airflow/.local/lib/python3.8/site-packages/airflow/example_dags/example_setup_teardown_taskflow.py
[2023-11-22T19:36:41.636+0000] {processor.py:829} INFO - Processing file /home/airflow/.local/lib/python3.8/site-packages/airflow/example_dags/example_setup_teardown_taskflow.py for tasks to queue
[2023-11-22T19:36:41.637+0000] {logging_mixin.py:154} INFO - [2023-11-22T19:36:41.636+0000] {dagbag.py:536} INFO - Filling up the DagBag from /home/airflow/.local/lib/python3.8/site-packages/airflow/example_dags/example_setup_teardown_taskflow.py
[2023-11-22T19:36:41.645+0000] {processor.py:839} INFO - DAG(s) dict_keys(['example_setup_teardown_taskflow']) retrieved from /home/airflow/.local/lib/python3.8/site-packages/airflow/example_dags/example_setup_teardown_taskflow.py
[2023-11-22T19:36:41.672+0000] {logging_mixin.py:154} INFO - [2023-11-22T19:36:41.672+0000] {dag.py:2941} INFO - Sync 1 DAGs
[2023-11-22T19:36:41.693+0000] {logging_mixin.py:154} INFO - [2023-11-22T19:36:41.693+0000] {dag.py:3722} INFO - Setting next_dagrun for example_setup_teardown_taskflow to 2023-11-21T19:36:41.692991+00:00, run_after=2023-11-22T19:36:41.692991+00:00
[2023-11-22T19:36:41.713+0000] {processor.py:179} INFO - Processing /home/airflow/.local/lib/python3.8/site-packages/airflow/example_dags/example_setup_teardown_taskflow.py took 0.081 seconds
[2023-11-22T19:37:11.817+0000] {processor.py:157} INFO - Started process (PID=3564) to work on /home/airflow/.local/lib/python3.8/site-packages/airflow/example_dags/example_setup_teardown_taskflow.py
[2023-11-22T19:37:11.818+0000] {processor.py:829} INFO - Processing file /home/airflow/.local/lib/python3.8/site-packages/airflow/example_dags/example_setup_teardown_taskflow.py for tasks to queue
[2023-11-22T19:37:11.819+0000] {logging_mixin.py:154} INFO - [2023-11-22T19:37:11.819+0000] {dagbag.py:536} INFO - Filling up the DagBag from /home/airflow/.local/lib/python3.8/site-packages/airflow/example_dags/example_setup_teardown_taskflow.py
[2023-11-22T19:37:11.827+0000] {processor.py:839} INFO - DAG(s) dict_keys(['example_setup_teardown_taskflow']) retrieved from /home/airflow/.local/lib/python3.8/site-packages/airflow/example_dags/example_setup_teardown_taskflow.py
[2023-11-22T19:37:11.848+0000] {logging_mixin.py:154} INFO - [2023-11-22T19:37:11.848+0000] {dag.py:2941} INFO - Sync 1 DAGs
[2023-11-22T19:37:11.865+0000] {logging_mixin.py:154} INFO - [2023-11-22T19:37:11.865+0000] {dag.py:3722} INFO - Setting next_dagrun for example_setup_teardown_taskflow to 2023-11-21T19:37:11.865263+00:00, run_after=2023-11-22T19:37:11.865263+00:00
[2023-11-22T19:37:11.878+0000] {processor.py:179} INFO - Processing /home/airflow/.local/lib/python3.8/site-packages/airflow/example_dags/example_setup_teardown_taskflow.py took 0.064 seconds
[2023-11-22T19:37:41.972+0000] {processor.py:157} INFO - Started process (PID=3802) to work on /home/airflow/.local/lib/python3.8/site-packages/airflow/example_dags/example_setup_teardown_taskflow.py
[2023-11-22T19:37:41.973+0000] {processor.py:829} INFO - Processing file /home/airflow/.local/lib/python3.8/site-packages/airflow/example_dags/example_setup_teardown_taskflow.py for tasks to queue
[2023-11-22T19:37:41.973+0000] {logging_mixin.py:154} INFO - [2023-11-22T19:37:41.973+0000] {dagbag.py:536} INFO - Filling up the DagBag from /home/airflow/.local/lib/python3.8/site-packages/airflow/example_dags/example_setup_teardown_taskflow.py
[2023-11-22T19:37:41.982+0000] {processor.py:839} INFO - DAG(s) dict_keys(['example_setup_teardown_taskflow']) retrieved from /home/airflow/.local/lib/python3.8/site-packages/airflow/example_dags/example_setup_teardown_taskflow.py
[2023-11-22T19:37:42.003+0000] {logging_mixin.py:154} INFO - [2023-11-22T19:37:42.003+0000] {dag.py:2941} INFO - Sync 1 DAGs
[2023-11-22T19:37:42.019+0000] {logging_mixin.py:154} INFO - [2023-11-22T19:37:42.019+0000] {dag.py:3722} INFO - Setting next_dagrun for example_setup_teardown_taskflow to 2023-11-21T19:37:42.019173+00:00, run_after=2023-11-22T19:37:42.019173+00:00
[2023-11-22T19:37:42.032+0000] {processor.py:179} INFO - Processing /home/airflow/.local/lib/python3.8/site-packages/airflow/example_dags/example_setup_teardown_taskflow.py took 0.063 seconds
[2023-11-22T19:38:12.223+0000] {processor.py:157} INFO - Started process (PID=4040) to work on /home/airflow/.local/lib/python3.8/site-packages/airflow/example_dags/example_setup_teardown_taskflow.py
[2023-11-22T19:38:12.224+0000] {processor.py:829} INFO - Processing file /home/airflow/.local/lib/python3.8/site-packages/airflow/example_dags/example_setup_teardown_taskflow.py for tasks to queue
[2023-11-22T19:38:12.225+0000] {logging_mixin.py:154} INFO - [2023-11-22T19:38:12.224+0000] {dagbag.py:536} INFO - Filling up the DagBag from /home/airflow/.local/lib/python3.8/site-packages/airflow/example_dags/example_setup_teardown_taskflow.py
[2023-11-22T19:38:12.233+0000] {processor.py:839} INFO - DAG(s) dict_keys(['example_setup_teardown_taskflow']) retrieved from /home/airflow/.local/lib/python3.8/site-packages/airflow/example_dags/example_setup_teardown_taskflow.py
[2023-11-22T19:38:12.254+0000] {logging_mixin.py:154} INFO - [2023-11-22T19:38:12.254+0000] {dag.py:2941} INFO - Sync 1 DAGs
[2023-11-22T19:38:12.272+0000] {logging_mixin.py:154} INFO - [2023-11-22T19:38:12.272+0000] {dag.py:3722} INFO - Setting next_dagrun for example_setup_teardown_taskflow to 2023-11-21T19:38:12.271905+00:00, run_after=2023-11-22T19:38:12.271905+00:00
[2023-11-22T19:38:12.286+0000] {processor.py:179} INFO - Processing /home/airflow/.local/lib/python3.8/site-packages/airflow/example_dags/example_setup_teardown_taskflow.py took 0.066 seconds
[2023-11-22T19:38:42.643+0000] {processor.py:157} INFO - Started process (PID=4277) to work on /home/airflow/.local/lib/python3.8/site-packages/airflow/example_dags/example_setup_teardown_taskflow.py
[2023-11-22T19:38:42.644+0000] {processor.py:829} INFO - Processing file /home/airflow/.local/lib/python3.8/site-packages/airflow/example_dags/example_setup_teardown_taskflow.py for tasks to queue
[2023-11-22T19:38:42.645+0000] {logging_mixin.py:154} INFO - [2023-11-22T19:38:42.644+0000] {dagbag.py:536} INFO - Filling up the DagBag from /home/airflow/.local/lib/python3.8/site-packages/airflow/example_dags/example_setup_teardown_taskflow.py
[2023-11-22T19:38:42.653+0000] {processor.py:839} INFO - DAG(s) dict_keys(['example_setup_teardown_taskflow']) retrieved from /home/airflow/.local/lib/python3.8/site-packages/airflow/example_dags/example_setup_teardown_taskflow.py
[2023-11-22T19:38:42.674+0000] {logging_mixin.py:154} INFO - [2023-11-22T19:38:42.674+0000] {dag.py:2941} INFO - Sync 1 DAGs
[2023-11-22T19:38:42.691+0000] {logging_mixin.py:154} INFO - [2023-11-22T19:38:42.691+0000] {dag.py:3722} INFO - Setting next_dagrun for example_setup_teardown_taskflow to 2023-11-21T19:38:42.690750+00:00, run_after=2023-11-22T19:38:42.690750+00:00
[2023-11-22T19:38:42.703+0000] {processor.py:179} INFO - Processing /home/airflow/.local/lib/python3.8/site-packages/airflow/example_dags/example_setup_teardown_taskflow.py took 0.064 seconds
[2023-11-22T19:39:13.263+0000] {processor.py:157} INFO - Started process (PID=4515) to work on /home/airflow/.local/lib/python3.8/site-packages/airflow/example_dags/example_setup_teardown_taskflow.py
[2023-11-22T19:39:13.264+0000] {processor.py:829} INFO - Processing file /home/airflow/.local/lib/python3.8/site-packages/airflow/example_dags/example_setup_teardown_taskflow.py for tasks to queue
[2023-11-22T19:39:13.265+0000] {logging_mixin.py:154} INFO - [2023-11-22T19:39:13.265+0000] {dagbag.py:536} INFO - Filling up the DagBag from /home/airflow/.local/lib/python3.8/site-packages/airflow/example_dags/example_setup_teardown_taskflow.py
[2023-11-22T19:39:13.273+0000] {processor.py:839} INFO - DAG(s) dict_keys(['example_setup_teardown_taskflow']) retrieved from /home/airflow/.local/lib/python3.8/site-packages/airflow/example_dags/example_setup_teardown_taskflow.py
[2023-11-22T19:39:13.294+0000] {logging_mixin.py:154} INFO - [2023-11-22T19:39:13.294+0000] {dag.py:2941} INFO - Sync 1 DAGs
[2023-11-22T19:39:13.313+0000] {logging_mixin.py:154} INFO - [2023-11-22T19:39:13.313+0000] {dag.py:3722} INFO - Setting next_dagrun for example_setup_teardown_taskflow to 2023-11-21T19:39:13.313156+00:00, run_after=2023-11-22T19:39:13.313156+00:00
[2023-11-22T19:39:13.326+0000] {processor.py:179} INFO - Processing /home/airflow/.local/lib/python3.8/site-packages/airflow/example_dags/example_setup_teardown_taskflow.py took 0.066 seconds
[2023-11-22T19:39:43.670+0000] {processor.py:157} INFO - Started process (PID=4753) to work on /home/airflow/.local/lib/python3.8/site-packages/airflow/example_dags/example_setup_teardown_taskflow.py
[2023-11-22T19:39:43.671+0000] {processor.py:829} INFO - Processing file /home/airflow/.local/lib/python3.8/site-packages/airflow/example_dags/example_setup_teardown_taskflow.py for tasks to queue
[2023-11-22T19:39:43.672+0000] {logging_mixin.py:154} INFO - [2023-11-22T19:39:43.672+0000] {dagbag.py:536} INFO - Filling up the DagBag from /home/airflow/.local/lib/python3.8/site-packages/airflow/example_dags/example_setup_teardown_taskflow.py
[2023-11-22T19:39:43.681+0000] {processor.py:839} INFO - DAG(s) dict_keys(['example_setup_teardown_taskflow']) retrieved from /home/airflow/.local/lib/python3.8/site-packages/airflow/example_dags/example_setup_teardown_taskflow.py
[2023-11-22T19:39:43.702+0000] {logging_mixin.py:154} INFO - [2023-11-22T19:39:43.702+0000] {dag.py:2941} INFO - Sync 1 DAGs
[2023-11-22T19:39:43.719+0000] {logging_mixin.py:154} INFO - [2023-11-22T19:39:43.718+0000] {dag.py:3722} INFO - Setting next_dagrun for example_setup_teardown_taskflow to 2023-11-21T19:39:43.718617+00:00, run_after=2023-11-22T19:39:43.718617+00:00
[2023-11-22T19:39:43.732+0000] {processor.py:179} INFO - Processing /home/airflow/.local/lib/python3.8/site-packages/airflow/example_dags/example_setup_teardown_taskflow.py took 0.064 seconds
[2023-11-22T19:40:14.281+0000] {processor.py:157} INFO - Started process (PID=4993) to work on /home/airflow/.local/lib/python3.8/site-packages/airflow/example_dags/example_setup_teardown_taskflow.py
[2023-11-22T19:40:14.282+0000] {processor.py:829} INFO - Processing file /home/airflow/.local/lib/python3.8/site-packages/airflow/example_dags/example_setup_teardown_taskflow.py for tasks to queue
[2023-11-22T19:40:14.282+0000] {logging_mixin.py:154} INFO - [2023-11-22T19:40:14.282+0000] {dagbag.py:536} INFO - Filling up the DagBag from /home/airflow/.local/lib/python3.8/site-packages/airflow/example_dags/example_setup_teardown_taskflow.py
[2023-11-22T19:40:14.291+0000] {processor.py:839} INFO - DAG(s) dict_keys(['example_setup_teardown_taskflow']) retrieved from /home/airflow/.local/lib/python3.8/site-packages/airflow/example_dags/example_setup_teardown_taskflow.py
[2023-11-22T19:40:14.312+0000] {logging_mixin.py:154} INFO - [2023-11-22T19:40:14.312+0000] {dag.py:2941} INFO - Sync 1 DAGs
[2023-11-22T19:40:14.328+0000] {logging_mixin.py:154} INFO - [2023-11-22T19:40:14.328+0000] {dag.py:3722} INFO - Setting next_dagrun for example_setup_teardown_taskflow to 2023-11-21T19:40:14.327849+00:00, run_after=2023-11-22T19:40:14.327849+00:00
[2023-11-22T19:40:14.340+0000] {processor.py:179} INFO - Processing /home/airflow/.local/lib/python3.8/site-packages/airflow/example_dags/example_setup_teardown_taskflow.py took 0.063 seconds
[2023-11-22T19:40:44.762+0000] {processor.py:157} INFO - Started process (PID=5229) to work on /home/airflow/.local/lib/python3.8/site-packages/airflow/example_dags/example_setup_teardown_taskflow.py
[2023-11-22T19:40:44.763+0000] {processor.py:829} INFO - Processing file /home/airflow/.local/lib/python3.8/site-packages/airflow/example_dags/example_setup_teardown_taskflow.py for tasks to queue
[2023-11-22T19:40:44.764+0000] {logging_mixin.py:154} INFO - [2023-11-22T19:40:44.763+0000] {dagbag.py:536} INFO - Filling up the DagBag from /home/airflow/.local/lib/python3.8/site-packages/airflow/example_dags/example_setup_teardown_taskflow.py
[2023-11-22T19:40:44.773+0000] {processor.py:839} INFO - DAG(s) dict_keys(['example_setup_teardown_taskflow']) retrieved from /home/airflow/.local/lib/python3.8/site-packages/airflow/example_dags/example_setup_teardown_taskflow.py
[2023-11-22T19:40:44.794+0000] {logging_mixin.py:154} INFO - [2023-11-22T19:40:44.794+0000] {dag.py:2941} INFO - Sync 1 DAGs
[2023-11-22T19:40:44.811+0000] {logging_mixin.py:154} INFO - [2023-11-22T19:40:44.811+0000] {dag.py:3722} INFO - Setting next_dagrun for example_setup_teardown_taskflow to 2023-11-21T19:40:44.811565+00:00, run_after=2023-11-22T19:40:44.811565+00:00
[2023-11-22T19:40:44.825+0000] {processor.py:179} INFO - Processing /home/airflow/.local/lib/python3.8/site-packages/airflow/example_dags/example_setup_teardown_taskflow.py took 0.066 seconds
[2023-11-22T19:41:15.327+0000] {processor.py:157} INFO - Started process (PID=5467) to work on /home/airflow/.local/lib/python3.8/site-packages/airflow/example_dags/example_setup_teardown_taskflow.py
[2023-11-22T19:41:15.327+0000] {processor.py:829} INFO - Processing file /home/airflow/.local/lib/python3.8/site-packages/airflow/example_dags/example_setup_teardown_taskflow.py for tasks to queue
[2023-11-22T19:41:15.328+0000] {logging_mixin.py:154} INFO - [2023-11-22T19:41:15.328+0000] {dagbag.py:536} INFO - Filling up the DagBag from /home/airflow/.local/lib/python3.8/site-packages/airflow/example_dags/example_setup_teardown_taskflow.py
[2023-11-22T19:41:15.336+0000] {processor.py:839} INFO - DAG(s) dict_keys(['example_setup_teardown_taskflow']) retrieved from /home/airflow/.local/lib/python3.8/site-packages/airflow/example_dags/example_setup_teardown_taskflow.py
[2023-11-22T19:41:15.357+0000] {logging_mixin.py:154} INFO - [2023-11-22T19:41:15.357+0000] {dag.py:2941} INFO - Sync 1 DAGs
[2023-11-22T19:41:15.374+0000] {logging_mixin.py:154} INFO - [2023-11-22T19:41:15.374+0000] {dag.py:3722} INFO - Setting next_dagrun for example_setup_teardown_taskflow to 2023-11-21T19:41:15.374074+00:00, run_after=2023-11-22T19:41:15.374074+00:00
[2023-11-22T19:41:15.386+0000] {processor.py:179} INFO - Processing /home/airflow/.local/lib/python3.8/site-packages/airflow/example_dags/example_setup_teardown_taskflow.py took 0.063 seconds
[2023-11-22T19:41:45.807+0000] {processor.py:157} INFO - Started process (PID=5705) to work on /home/airflow/.local/lib/python3.8/site-packages/airflow/example_dags/example_setup_teardown_taskflow.py
[2023-11-22T19:41:45.808+0000] {processor.py:829} INFO - Processing file /home/airflow/.local/lib/python3.8/site-packages/airflow/example_dags/example_setup_teardown_taskflow.py for tasks to queue
[2023-11-22T19:41:45.809+0000] {logging_mixin.py:154} INFO - [2023-11-22T19:41:45.809+0000] {dagbag.py:536} INFO - Filling up the DagBag from /home/airflow/.local/lib/python3.8/site-packages/airflow/example_dags/example_setup_teardown_taskflow.py
[2023-11-22T19:41:45.817+0000] {processor.py:839} INFO - DAG(s) dict_keys(['example_setup_teardown_taskflow']) retrieved from /home/airflow/.local/lib/python3.8/site-packages/airflow/example_dags/example_setup_teardown_taskflow.py
[2023-11-22T19:41:45.838+0000] {logging_mixin.py:154} INFO - [2023-11-22T19:41:45.838+0000] {dag.py:2941} INFO - Sync 1 DAGs
[2023-11-22T19:41:45.855+0000] {logging_mixin.py:154} INFO - [2023-11-22T19:41:45.855+0000] {dag.py:3722} INFO - Setting next_dagrun for example_setup_teardown_taskflow to 2023-11-21T19:41:45.854808+00:00, run_after=2023-11-22T19:41:45.854808+00:00
[2023-11-22T19:41:45.867+0000] {processor.py:179} INFO - Processing /home/airflow/.local/lib/python3.8/site-packages/airflow/example_dags/example_setup_teardown_taskflow.py took 0.063 seconds
[2023-11-22T19:42:16.252+0000] {processor.py:157} INFO - Started process (PID=5942) to work on /home/airflow/.local/lib/python3.8/site-packages/airflow/example_dags/example_setup_teardown_taskflow.py
[2023-11-22T19:42:16.253+0000] {processor.py:829} INFO - Processing file /home/airflow/.local/lib/python3.8/site-packages/airflow/example_dags/example_setup_teardown_taskflow.py for tasks to queue
[2023-11-22T19:42:16.254+0000] {logging_mixin.py:154} INFO - [2023-11-22T19:42:16.254+0000] {dagbag.py:536} INFO - Filling up the DagBag from /home/airflow/.local/lib/python3.8/site-packages/airflow/example_dags/example_setup_teardown_taskflow.py
[2023-11-22T19:42:16.262+0000] {processor.py:839} INFO - DAG(s) dict_keys(['example_setup_teardown_taskflow']) retrieved from /home/airflow/.local/lib/python3.8/site-packages/airflow/example_dags/example_setup_teardown_taskflow.py
[2023-11-22T19:42:16.283+0000] {logging_mixin.py:154} INFO - [2023-11-22T19:42:16.283+0000] {dag.py:2941} INFO - Sync 1 DAGs
[2023-11-22T19:42:16.299+0000] {logging_mixin.py:154} INFO - [2023-11-22T19:42:16.299+0000] {dag.py:3722} INFO - Setting next_dagrun for example_setup_teardown_taskflow to 2023-11-21T19:42:16.299363+00:00, run_after=2023-11-22T19:42:16.299363+00:00
[2023-11-22T19:42:16.312+0000] {processor.py:179} INFO - Processing /home/airflow/.local/lib/python3.8/site-packages/airflow/example_dags/example_setup_teardown_taskflow.py took 0.063 seconds
[2023-11-22T19:42:46.651+0000] {processor.py:157} INFO - Started process (PID=6180) to work on /home/airflow/.local/lib/python3.8/site-packages/airflow/example_dags/example_setup_teardown_taskflow.py
[2023-11-22T19:42:46.652+0000] {processor.py:829} INFO - Processing file /home/airflow/.local/lib/python3.8/site-packages/airflow/example_dags/example_setup_teardown_taskflow.py for tasks to queue
[2023-11-22T19:42:46.653+0000] {logging_mixin.py:154} INFO - [2023-11-22T19:42:46.653+0000] {dagbag.py:536} INFO - Filling up the DagBag from /home/airflow/.local/lib/python3.8/site-packages/airflow/example_dags/example_setup_teardown_taskflow.py
[2023-11-22T19:42:46.661+0000] {processor.py:839} INFO - DAG(s) dict_keys(['example_setup_teardown_taskflow']) retrieved from /home/airflow/.local/lib/python3.8/site-packages/airflow/example_dags/example_setup_teardown_taskflow.py
[2023-11-22T19:42:46.682+0000] {logging_mixin.py:154} INFO - [2023-11-22T19:42:46.682+0000] {dag.py:2941} INFO - Sync 1 DAGs
[2023-11-22T19:42:46.698+0000] {logging_mixin.py:154} INFO - [2023-11-22T19:42:46.698+0000] {dag.py:3722} INFO - Setting next_dagrun for example_setup_teardown_taskflow to 2023-11-21T19:42:46.698351+00:00, run_after=2023-11-22T19:42:46.698351+00:00
[2023-11-22T19:42:46.711+0000] {processor.py:179} INFO - Processing /home/airflow/.local/lib/python3.8/site-packages/airflow/example_dags/example_setup_teardown_taskflow.py took 0.063 seconds
[2023-11-22T19:43:17.060+0000] {processor.py:157} INFO - Started process (PID=6418) to work on /home/airflow/.local/lib/python3.8/site-packages/airflow/example_dags/example_setup_teardown_taskflow.py
[2023-11-22T19:43:17.061+0000] {processor.py:829} INFO - Processing file /home/airflow/.local/lib/python3.8/site-packages/airflow/example_dags/example_setup_teardown_taskflow.py for tasks to queue
[2023-11-22T19:43:17.062+0000] {logging_mixin.py:154} INFO - [2023-11-22T19:43:17.061+0000] {dagbag.py:536} INFO - Filling up the DagBag from /home/airflow/.local/lib/python3.8/site-packages/airflow/example_dags/example_setup_teardown_taskflow.py
[2023-11-22T19:43:17.070+0000] {processor.py:839} INFO - DAG(s) dict_keys(['example_setup_teardown_taskflow']) retrieved from /home/airflow/.local/lib/python3.8/site-packages/airflow/example_dags/example_setup_teardown_taskflow.py
[2023-11-22T19:43:17.091+0000] {logging_mixin.py:154} INFO - [2023-11-22T19:43:17.090+0000] {dag.py:2941} INFO - Sync 1 DAGs
[2023-11-22T19:43:17.107+0000] {logging_mixin.py:154} INFO - [2023-11-22T19:43:17.107+0000] {dag.py:3722} INFO - Setting next_dagrun for example_setup_teardown_taskflow to 2023-11-21T19:43:17.107172+00:00, run_after=2023-11-22T19:43:17.107172+00:00
[2023-11-22T19:43:17.120+0000] {processor.py:179} INFO - Processing /home/airflow/.local/lib/python3.8/site-packages/airflow/example_dags/example_setup_teardown_taskflow.py took 0.063 seconds
[2023-11-22T19:43:47.579+0000] {processor.py:157} INFO - Started process (PID=6656) to work on /home/airflow/.local/lib/python3.8/site-packages/airflow/example_dags/example_setup_teardown_taskflow.py
[2023-11-22T19:43:47.580+0000] {processor.py:829} INFO - Processing file /home/airflow/.local/lib/python3.8/site-packages/airflow/example_dags/example_setup_teardown_taskflow.py for tasks to queue
[2023-11-22T19:43:47.580+0000] {logging_mixin.py:154} INFO - [2023-11-22T19:43:47.580+0000] {dagbag.py:536} INFO - Filling up the DagBag from /home/airflow/.local/lib/python3.8/site-packages/airflow/example_dags/example_setup_teardown_taskflow.py
[2023-11-22T19:43:47.589+0000] {processor.py:839} INFO - DAG(s) dict_keys(['example_setup_teardown_taskflow']) retrieved from /home/airflow/.local/lib/python3.8/site-packages/airflow/example_dags/example_setup_teardown_taskflow.py
[2023-11-22T19:43:47.610+0000] {logging_mixin.py:154} INFO - [2023-11-22T19:43:47.610+0000] {dag.py:2941} INFO - Sync 1 DAGs
[2023-11-22T19:43:47.626+0000] {logging_mixin.py:154} INFO - [2023-11-22T19:43:47.626+0000] {dag.py:3722} INFO - Setting next_dagrun for example_setup_teardown_taskflow to 2023-11-21T19:43:47.626553+00:00, run_after=2023-11-22T19:43:47.626553+00:00
[2023-11-22T19:43:47.639+0000] {processor.py:179} INFO - Processing /home/airflow/.local/lib/python3.8/site-packages/airflow/example_dags/example_setup_teardown_taskflow.py took 0.064 seconds
[2023-11-22T19:44:18.032+0000] {processor.py:157} INFO - Started process (PID=6894) to work on /home/airflow/.local/lib/python3.8/site-packages/airflow/example_dags/example_setup_teardown_taskflow.py
[2023-11-22T19:44:18.033+0000] {processor.py:829} INFO - Processing file /home/airflow/.local/lib/python3.8/site-packages/airflow/example_dags/example_setup_teardown_taskflow.py for tasks to queue
[2023-11-22T19:44:18.034+0000] {logging_mixin.py:154} INFO - [2023-11-22T19:44:18.034+0000] {dagbag.py:536} INFO - Filling up the DagBag from /home/airflow/.local/lib/python3.8/site-packages/airflow/example_dags/example_setup_teardown_taskflow.py
[2023-11-22T19:44:18.043+0000] {processor.py:839} INFO - DAG(s) dict_keys(['example_setup_teardown_taskflow']) retrieved from /home/airflow/.local/lib/python3.8/site-packages/airflow/example_dags/example_setup_teardown_taskflow.py
[2023-11-22T19:44:18.064+0000] {logging_mixin.py:154} INFO - [2023-11-22T19:44:18.064+0000] {dag.py:2941} INFO - Sync 1 DAGs
[2023-11-22T19:44:18.081+0000] {logging_mixin.py:154} INFO - [2023-11-22T19:44:18.081+0000] {dag.py:3722} INFO - Setting next_dagrun for example_setup_teardown_taskflow to 2023-11-21T19:44:18.080725+00:00, run_after=2023-11-22T19:44:18.080725+00:00
[2023-11-22T19:44:18.094+0000] {processor.py:179} INFO - Processing /home/airflow/.local/lib/python3.8/site-packages/airflow/example_dags/example_setup_teardown_taskflow.py took 0.065 seconds
[2023-11-22T19:44:48.456+0000] {processor.py:157} INFO - Started process (PID=7132) to work on /home/airflow/.local/lib/python3.8/site-packages/airflow/example_dags/example_setup_teardown_taskflow.py
[2023-11-22T19:44:48.457+0000] {processor.py:829} INFO - Processing file /home/airflow/.local/lib/python3.8/site-packages/airflow/example_dags/example_setup_teardown_taskflow.py for tasks to queue
[2023-11-22T19:44:48.458+0000] {logging_mixin.py:154} INFO - [2023-11-22T19:44:48.458+0000] {dagbag.py:536} INFO - Filling up the DagBag from /home/airflow/.local/lib/python3.8/site-packages/airflow/example_dags/example_setup_teardown_taskflow.py
[2023-11-22T19:44:48.466+0000] {processor.py:839} INFO - DAG(s) dict_keys(['example_setup_teardown_taskflow']) retrieved from /home/airflow/.local/lib/python3.8/site-packages/airflow/example_dags/example_setup_teardown_taskflow.py
[2023-11-22T19:44:48.490+0000] {logging_mixin.py:154} INFO - [2023-11-22T19:44:48.489+0000] {dag.py:2941} INFO - Sync 1 DAGs
[2023-11-22T19:44:48.510+0000] {logging_mixin.py:154} INFO - [2023-11-22T19:44:48.510+0000] {dag.py:3722} INFO - Setting next_dagrun for example_setup_teardown_taskflow to 2023-11-21T19:44:48.509812+00:00, run_after=2023-11-22T19:44:48.509812+00:00
[2023-11-22T19:44:48.532+0000] {processor.py:179} INFO - Processing /home/airflow/.local/lib/python3.8/site-packages/airflow/example_dags/example_setup_teardown_taskflow.py took 0.079 seconds
[2023-11-22T19:45:18.908+0000] {processor.py:157} INFO - Started process (PID=7370) to work on /home/airflow/.local/lib/python3.8/site-packages/airflow/example_dags/example_setup_teardown_taskflow.py
[2023-11-22T19:45:18.909+0000] {processor.py:829} INFO - Processing file /home/airflow/.local/lib/python3.8/site-packages/airflow/example_dags/example_setup_teardown_taskflow.py for tasks to queue
[2023-11-22T19:45:18.910+0000] {logging_mixin.py:154} INFO - [2023-11-22T19:45:18.910+0000] {dagbag.py:536} INFO - Filling up the DagBag from /home/airflow/.local/lib/python3.8/site-packages/airflow/example_dags/example_setup_teardown_taskflow.py
[2023-11-22T19:45:18.918+0000] {processor.py:839} INFO - DAG(s) dict_keys(['example_setup_teardown_taskflow']) retrieved from /home/airflow/.local/lib/python3.8/site-packages/airflow/example_dags/example_setup_teardown_taskflow.py
[2023-11-22T19:45:18.939+0000] {logging_mixin.py:154} INFO - [2023-11-22T19:45:18.939+0000] {dag.py:2941} INFO - Sync 1 DAGs
[2023-11-22T19:45:18.955+0000] {logging_mixin.py:154} INFO - [2023-11-22T19:45:18.955+0000] {dag.py:3722} INFO - Setting next_dagrun for example_setup_teardown_taskflow to 2023-11-21T19:45:18.955036+00:00, run_after=2023-11-22T19:45:18.955036+00:00
[2023-11-22T19:45:18.967+0000] {processor.py:179} INFO - Processing /home/airflow/.local/lib/python3.8/site-packages/airflow/example_dags/example_setup_teardown_taskflow.py took 0.062 seconds
[2023-11-22T19:45:49.416+0000] {processor.py:157} INFO - Started process (PID=7610) to work on /home/airflow/.local/lib/python3.8/site-packages/airflow/example_dags/example_setup_teardown_taskflow.py
[2023-11-22T19:45:49.417+0000] {processor.py:829} INFO - Processing file /home/airflow/.local/lib/python3.8/site-packages/airflow/example_dags/example_setup_teardown_taskflow.py for tasks to queue
[2023-11-22T19:45:49.418+0000] {logging_mixin.py:154} INFO - [2023-11-22T19:45:49.417+0000] {dagbag.py:536} INFO - Filling up the DagBag from /home/airflow/.local/lib/python3.8/site-packages/airflow/example_dags/example_setup_teardown_taskflow.py
[2023-11-22T19:45:49.426+0000] {processor.py:839} INFO - DAG(s) dict_keys(['example_setup_teardown_taskflow']) retrieved from /home/airflow/.local/lib/python3.8/site-packages/airflow/example_dags/example_setup_teardown_taskflow.py
[2023-11-22T19:45:49.447+0000] {logging_mixin.py:154} INFO - [2023-11-22T19:45:49.447+0000] {dag.py:2941} INFO - Sync 1 DAGs
[2023-11-22T19:45:49.463+0000] {logging_mixin.py:154} INFO - [2023-11-22T19:45:49.463+0000] {dag.py:3722} INFO - Setting next_dagrun for example_setup_teardown_taskflow to 2023-11-21T19:45:49.462804+00:00, run_after=2023-11-22T19:45:49.462804+00:00
[2023-11-22T19:45:49.476+0000] {processor.py:179} INFO - Processing /home/airflow/.local/lib/python3.8/site-packages/airflow/example_dags/example_setup_teardown_taskflow.py took 0.063 seconds
[2023-11-22T19:46:19.854+0000] {processor.py:157} INFO - Started process (PID=7846) to work on /home/airflow/.local/lib/python3.8/site-packages/airflow/example_dags/example_setup_teardown_taskflow.py
[2023-11-22T19:46:19.855+0000] {processor.py:829} INFO - Processing file /home/airflow/.local/lib/python3.8/site-packages/airflow/example_dags/example_setup_teardown_taskflow.py for tasks to queue
[2023-11-22T19:46:19.856+0000] {logging_mixin.py:154} INFO - [2023-11-22T19:46:19.856+0000] {dagbag.py:536} INFO - Filling up the DagBag from /home/airflow/.local/lib/python3.8/site-packages/airflow/example_dags/example_setup_teardown_taskflow.py
[2023-11-22T19:46:19.864+0000] {processor.py:839} INFO - DAG(s) dict_keys(['example_setup_teardown_taskflow']) retrieved from /home/airflow/.local/lib/python3.8/site-packages/airflow/example_dags/example_setup_teardown_taskflow.py
[2023-11-22T19:46:19.886+0000] {logging_mixin.py:154} INFO - [2023-11-22T19:46:19.885+0000] {dag.py:2941} INFO - Sync 1 DAGs
[2023-11-22T19:46:19.906+0000] {logging_mixin.py:154} INFO - [2023-11-22T19:46:19.906+0000] {dag.py:3722} INFO - Setting next_dagrun for example_setup_teardown_taskflow to 2023-11-21T19:46:19.905810+00:00, run_after=2023-11-22T19:46:19.905810+00:00
[2023-11-22T19:46:19.918+0000] {processor.py:179} INFO - Processing /home/airflow/.local/lib/python3.8/site-packages/airflow/example_dags/example_setup_teardown_taskflow.py took 0.067 seconds
[2023-11-22T19:46:50.264+0000] {processor.py:157} INFO - Started process (PID=8084) to work on /home/airflow/.local/lib/python3.8/site-packages/airflow/example_dags/example_setup_teardown_taskflow.py
[2023-11-22T19:46:50.265+0000] {processor.py:829} INFO - Processing file /home/airflow/.local/lib/python3.8/site-packages/airflow/example_dags/example_setup_teardown_taskflow.py for tasks to queue
[2023-11-22T19:46:50.265+0000] {logging_mixin.py:154} INFO - [2023-11-22T19:46:50.265+0000] {dagbag.py:536} INFO - Filling up the DagBag from /home/airflow/.local/lib/python3.8/site-packages/airflow/example_dags/example_setup_teardown_taskflow.py
[2023-11-22T19:46:50.274+0000] {processor.py:839} INFO - DAG(s) dict_keys(['example_setup_teardown_taskflow']) retrieved from /home/airflow/.local/lib/python3.8/site-packages/airflow/example_dags/example_setup_teardown_taskflow.py
[2023-11-22T19:46:50.294+0000] {logging_mixin.py:154} INFO - [2023-11-22T19:46:50.294+0000] {dag.py:2941} INFO - Sync 1 DAGs
[2023-11-22T19:46:50.310+0000] {logging_mixin.py:154} INFO - [2023-11-22T19:46:50.310+0000] {dag.py:3722} INFO - Setting next_dagrun for example_setup_teardown_taskflow to 2023-11-21T19:46:50.309988+00:00, run_after=2023-11-22T19:46:50.309988+00:00
[2023-11-22T19:46:50.322+0000] {processor.py:179} INFO - Processing /home/airflow/.local/lib/python3.8/site-packages/airflow/example_dags/example_setup_teardown_taskflow.py took 0.061 seconds
[2023-11-22T19:47:20.718+0000] {processor.py:157} INFO - Started process (PID=8322) to work on /home/airflow/.local/lib/python3.8/site-packages/airflow/example_dags/example_setup_teardown_taskflow.py
[2023-11-22T19:47:20.719+0000] {processor.py:829} INFO - Processing file /home/airflow/.local/lib/python3.8/site-packages/airflow/example_dags/example_setup_teardown_taskflow.py for tasks to queue
[2023-11-22T19:47:20.720+0000] {logging_mixin.py:154} INFO - [2023-11-22T19:47:20.719+0000] {dagbag.py:536} INFO - Filling up the DagBag from /home/airflow/.local/lib/python3.8/site-packages/airflow/example_dags/example_setup_teardown_taskflow.py
[2023-11-22T19:47:20.728+0000] {processor.py:839} INFO - DAG(s) dict_keys(['example_setup_teardown_taskflow']) retrieved from /home/airflow/.local/lib/python3.8/site-packages/airflow/example_dags/example_setup_teardown_taskflow.py
[2023-11-22T19:47:20.749+0000] {logging_mixin.py:154} INFO - [2023-11-22T19:47:20.748+0000] {dag.py:2941} INFO - Sync 1 DAGs
[2023-11-22T19:47:20.765+0000] {logging_mixin.py:154} INFO - [2023-11-22T19:47:20.765+0000] {dag.py:3722} INFO - Setting next_dagrun for example_setup_teardown_taskflow to 2023-11-21T19:47:20.764822+00:00, run_after=2023-11-22T19:47:20.764822+00:00
[2023-11-22T19:47:20.776+0000] {processor.py:179} INFO - Processing /home/airflow/.local/lib/python3.8/site-packages/airflow/example_dags/example_setup_teardown_taskflow.py took 0.062 seconds
[2023-11-22T19:47:51.253+0000] {processor.py:157} INFO - Started process (PID=8566) to work on /home/airflow/.local/lib/python3.8/site-packages/airflow/example_dags/example_setup_teardown_taskflow.py
[2023-11-22T19:47:51.254+0000] {processor.py:829} INFO - Processing file /home/airflow/.local/lib/python3.8/site-packages/airflow/example_dags/example_setup_teardown_taskflow.py for tasks to queue
[2023-11-22T19:47:51.255+0000] {logging_mixin.py:154} INFO - [2023-11-22T19:47:51.254+0000] {dagbag.py:536} INFO - Filling up the DagBag from /home/airflow/.local/lib/python3.8/site-packages/airflow/example_dags/example_setup_teardown_taskflow.py
[2023-11-22T19:47:51.264+0000] {processor.py:839} INFO - DAG(s) dict_keys(['example_setup_teardown_taskflow']) retrieved from /home/airflow/.local/lib/python3.8/site-packages/airflow/example_dags/example_setup_teardown_taskflow.py
[2023-11-22T19:47:51.288+0000] {logging_mixin.py:154} INFO - [2023-11-22T19:47:51.288+0000] {dag.py:2941} INFO - Sync 1 DAGs
[2023-11-22T19:47:51.307+0000] {logging_mixin.py:154} INFO - [2023-11-22T19:47:51.307+0000] {dag.py:3722} INFO - Setting next_dagrun for example_setup_teardown_taskflow to 2023-11-21T19:47:51.307273+00:00, run_after=2023-11-22T19:47:51.307273+00:00
[2023-11-22T19:47:51.323+0000] {processor.py:179} INFO - Processing /home/airflow/.local/lib/python3.8/site-packages/airflow/example_dags/example_setup_teardown_taskflow.py took 0.074 seconds
[2023-11-22T19:48:21.459+0000] {processor.py:157} INFO - Started process (PID=8806) to work on /home/airflow/.local/lib/python3.8/site-packages/airflow/example_dags/example_setup_teardown_taskflow.py
[2023-11-22T19:48:21.460+0000] {processor.py:829} INFO - Processing file /home/airflow/.local/lib/python3.8/site-packages/airflow/example_dags/example_setup_teardown_taskflow.py for tasks to queue
[2023-11-22T19:48:21.461+0000] {logging_mixin.py:154} INFO - [2023-11-22T19:48:21.460+0000] {dagbag.py:536} INFO - Filling up the DagBag from /home/airflow/.local/lib/python3.8/site-packages/airflow/example_dags/example_setup_teardown_taskflow.py
[2023-11-22T19:48:21.469+0000] {processor.py:839} INFO - DAG(s) dict_keys(['example_setup_teardown_taskflow']) retrieved from /home/airflow/.local/lib/python3.8/site-packages/airflow/example_dags/example_setup_teardown_taskflow.py
[2023-11-22T19:48:21.490+0000] {logging_mixin.py:154} INFO - [2023-11-22T19:48:21.490+0000] {dag.py:2941} INFO - Sync 1 DAGs
[2023-11-22T19:48:21.506+0000] {logging_mixin.py:154} INFO - [2023-11-22T19:48:21.506+0000] {dag.py:3722} INFO - Setting next_dagrun for example_setup_teardown_taskflow to 2023-11-21T19:48:21.506022+00:00, run_after=2023-11-22T19:48:21.506022+00:00
[2023-11-22T19:48:21.519+0000] {processor.py:179} INFO - Processing /home/airflow/.local/lib/python3.8/site-packages/airflow/example_dags/example_setup_teardown_taskflow.py took 0.063 seconds
[2023-11-22T19:48:51.764+0000] {processor.py:157} INFO - Started process (PID=9044) to work on /home/airflow/.local/lib/python3.8/site-packages/airflow/example_dags/example_setup_teardown_taskflow.py
[2023-11-22T19:48:51.765+0000] {processor.py:829} INFO - Processing file /home/airflow/.local/lib/python3.8/site-packages/airflow/example_dags/example_setup_teardown_taskflow.py for tasks to queue
[2023-11-22T19:48:51.766+0000] {logging_mixin.py:154} INFO - [2023-11-22T19:48:51.765+0000] {dagbag.py:536} INFO - Filling up the DagBag from /home/airflow/.local/lib/python3.8/site-packages/airflow/example_dags/example_setup_teardown_taskflow.py
[2023-11-22T19:48:51.774+0000] {processor.py:839} INFO - DAG(s) dict_keys(['example_setup_teardown_taskflow']) retrieved from /home/airflow/.local/lib/python3.8/site-packages/airflow/example_dags/example_setup_teardown_taskflow.py
[2023-11-22T19:48:51.795+0000] {logging_mixin.py:154} INFO - [2023-11-22T19:48:51.795+0000] {dag.py:2941} INFO - Sync 1 DAGs
[2023-11-22T19:48:51.811+0000] {logging_mixin.py:154} INFO - [2023-11-22T19:48:51.811+0000] {dag.py:3722} INFO - Setting next_dagrun for example_setup_teardown_taskflow to 2023-11-21T19:48:51.811331+00:00, run_after=2023-11-22T19:48:51.811331+00:00
[2023-11-22T19:48:51.824+0000] {processor.py:179} INFO - Processing /home/airflow/.local/lib/python3.8/site-packages/airflow/example_dags/example_setup_teardown_taskflow.py took 0.063 seconds
[2023-11-22T19:49:22.444+0000] {processor.py:157} INFO - Started process (PID=9280) to work on /home/airflow/.local/lib/python3.8/site-packages/airflow/example_dags/example_setup_teardown_taskflow.py
[2023-11-22T19:49:22.445+0000] {processor.py:829} INFO - Processing file /home/airflow/.local/lib/python3.8/site-packages/airflow/example_dags/example_setup_teardown_taskflow.py for tasks to queue
[2023-11-22T19:49:22.446+0000] {logging_mixin.py:154} INFO - [2023-11-22T19:49:22.445+0000] {dagbag.py:536} INFO - Filling up the DagBag from /home/airflow/.local/lib/python3.8/site-packages/airflow/example_dags/example_setup_teardown_taskflow.py
[2023-11-22T19:49:22.454+0000] {processor.py:839} INFO - DAG(s) dict_keys(['example_setup_teardown_taskflow']) retrieved from /home/airflow/.local/lib/python3.8/site-packages/airflow/example_dags/example_setup_teardown_taskflow.py
[2023-11-22T19:49:22.476+0000] {logging_mixin.py:154} INFO - [2023-11-22T19:49:22.475+0000] {dag.py:2941} INFO - Sync 1 DAGs
[2023-11-22T19:49:22.604+0000] {logging_mixin.py:154} INFO - [2023-11-22T19:49:22.604+0000] {dag.py:3722} INFO - Setting next_dagrun for example_setup_teardown_taskflow to 2023-11-21T19:49:22.603852+00:00, run_after=2023-11-22T19:49:22.603852+00:00
[2023-11-22T19:49:22.615+0000] {processor.py:179} INFO - Processing /home/airflow/.local/lib/python3.8/site-packages/airflow/example_dags/example_setup_teardown_taskflow.py took 0.175 seconds
[2023-11-22T19:49:53.045+0000] {processor.py:157} INFO - Started process (PID=9518) to work on /home/airflow/.local/lib/python3.8/site-packages/airflow/example_dags/example_setup_teardown_taskflow.py
[2023-11-22T19:49:53.046+0000] {processor.py:829} INFO - Processing file /home/airflow/.local/lib/python3.8/site-packages/airflow/example_dags/example_setup_teardown_taskflow.py for tasks to queue
[2023-11-22T19:49:53.047+0000] {logging_mixin.py:154} INFO - [2023-11-22T19:49:53.047+0000] {dagbag.py:536} INFO - Filling up the DagBag from /home/airflow/.local/lib/python3.8/site-packages/airflow/example_dags/example_setup_teardown_taskflow.py
[2023-11-22T19:49:53.055+0000] {processor.py:839} INFO - DAG(s) dict_keys(['example_setup_teardown_taskflow']) retrieved from /home/airflow/.local/lib/python3.8/site-packages/airflow/example_dags/example_setup_teardown_taskflow.py
[2023-11-22T19:49:53.076+0000] {logging_mixin.py:154} INFO - [2023-11-22T19:49:53.076+0000] {dag.py:2941} INFO - Sync 1 DAGs
[2023-11-22T19:49:53.092+0000] {logging_mixin.py:154} INFO - [2023-11-22T19:49:53.092+0000] {dag.py:3722} INFO - Setting next_dagrun for example_setup_teardown_taskflow to 2023-11-21T19:49:53.092171+00:00, run_after=2023-11-22T19:49:53.092171+00:00
[2023-11-22T19:49:53.208+0000] {processor.py:179} INFO - Processing /home/airflow/.local/lib/python3.8/site-packages/airflow/example_dags/example_setup_teardown_taskflow.py took 0.166 seconds
[2023-11-22T19:50:24.087+0000] {processor.py:157} INFO - Started process (PID=9756) to work on /home/airflow/.local/lib/python3.8/site-packages/airflow/example_dags/example_setup_teardown_taskflow.py
[2023-11-22T19:50:24.088+0000] {processor.py:829} INFO - Processing file /home/airflow/.local/lib/python3.8/site-packages/airflow/example_dags/example_setup_teardown_taskflow.py for tasks to queue
[2023-11-22T19:50:24.089+0000] {logging_mixin.py:154} INFO - [2023-11-22T19:50:24.088+0000] {dagbag.py:536} INFO - Filling up the DagBag from /home/airflow/.local/lib/python3.8/site-packages/airflow/example_dags/example_setup_teardown_taskflow.py
[2023-11-22T19:50:24.098+0000] {processor.py:839} INFO - DAG(s) dict_keys(['example_setup_teardown_taskflow']) retrieved from /home/airflow/.local/lib/python3.8/site-packages/airflow/example_dags/example_setup_teardown_taskflow.py
[2023-11-22T19:50:24.120+0000] {logging_mixin.py:154} INFO - [2023-11-22T19:50:24.120+0000] {dag.py:2941} INFO - Sync 1 DAGs
[2023-11-22T19:50:24.138+0000] {logging_mixin.py:154} INFO - [2023-11-22T19:50:24.138+0000] {dag.py:3722} INFO - Setting next_dagrun for example_setup_teardown_taskflow to 2023-11-21T19:50:24.138230+00:00, run_after=2023-11-22T19:50:24.138230+00:00
[2023-11-22T19:50:24.274+0000] {processor.py:179} INFO - Processing /home/airflow/.local/lib/python3.8/site-packages/airflow/example_dags/example_setup_teardown_taskflow.py took 0.191 seconds
[2023-11-22T19:50:55.146+0000] {processor.py:157} INFO - Started process (PID=9994) to work on /home/airflow/.local/lib/python3.8/site-packages/airflow/example_dags/example_setup_teardown_taskflow.py
[2023-11-22T19:50:55.147+0000] {processor.py:829} INFO - Processing file /home/airflow/.local/lib/python3.8/site-packages/airflow/example_dags/example_setup_teardown_taskflow.py for tasks to queue
[2023-11-22T19:50:55.148+0000] {logging_mixin.py:154} INFO - [2023-11-22T19:50:55.147+0000] {dagbag.py:536} INFO - Filling up the DagBag from /home/airflow/.local/lib/python3.8/site-packages/airflow/example_dags/example_setup_teardown_taskflow.py
[2023-11-22T19:50:55.158+0000] {processor.py:839} INFO - DAG(s) dict_keys(['example_setup_teardown_taskflow']) retrieved from /home/airflow/.local/lib/python3.8/site-packages/airflow/example_dags/example_setup_teardown_taskflow.py
[2023-11-22T19:50:55.178+0000] {logging_mixin.py:154} INFO - [2023-11-22T19:50:55.178+0000] {dag.py:2941} INFO - Sync 1 DAGs
[2023-11-22T19:50:55.195+0000] {logging_mixin.py:154} INFO - [2023-11-22T19:50:55.194+0000] {dag.py:3722} INFO - Setting next_dagrun for example_setup_teardown_taskflow to 2023-11-21T19:50:55.194691+00:00, run_after=2023-11-22T19:50:55.194691+00:00
[2023-11-22T19:50:55.207+0000] {processor.py:179} INFO - Processing /home/airflow/.local/lib/python3.8/site-packages/airflow/example_dags/example_setup_teardown_taskflow.py took 0.066 seconds
[2023-11-22T19:51:25.586+0000] {processor.py:157} INFO - Started process (PID=10232) to work on /home/airflow/.local/lib/python3.8/site-packages/airflow/example_dags/example_setup_teardown_taskflow.py
[2023-11-22T19:51:25.587+0000] {processor.py:829} INFO - Processing file /home/airflow/.local/lib/python3.8/site-packages/airflow/example_dags/example_setup_teardown_taskflow.py for tasks to queue
[2023-11-22T19:51:25.587+0000] {logging_mixin.py:154} INFO - [2023-11-22T19:51:25.587+0000] {dagbag.py:536} INFO - Filling up the DagBag from /home/airflow/.local/lib/python3.8/site-packages/airflow/example_dags/example_setup_teardown_taskflow.py
[2023-11-22T19:51:25.596+0000] {processor.py:839} INFO - DAG(s) dict_keys(['example_setup_teardown_taskflow']) retrieved from /home/airflow/.local/lib/python3.8/site-packages/airflow/example_dags/example_setup_teardown_taskflow.py
[2023-11-22T19:51:25.616+0000] {logging_mixin.py:154} INFO - [2023-11-22T19:51:25.616+0000] {dag.py:2941} INFO - Sync 1 DAGs
[2023-11-22T19:51:25.632+0000] {logging_mixin.py:154} INFO - [2023-11-22T19:51:25.632+0000] {dag.py:3722} INFO - Setting next_dagrun for example_setup_teardown_taskflow to 2023-11-21T19:51:25.632161+00:00, run_after=2023-11-22T19:51:25.632161+00:00
[2023-11-22T19:51:25.645+0000] {processor.py:179} INFO - Processing /home/airflow/.local/lib/python3.8/site-packages/airflow/example_dags/example_setup_teardown_taskflow.py took 0.063 seconds
[2023-11-22T19:51:55.722+0000] {processor.py:157} INFO - Started process (PID=10470) to work on /home/airflow/.local/lib/python3.8/site-packages/airflow/example_dags/example_setup_teardown_taskflow.py
[2023-11-22T19:51:55.723+0000] {processor.py:829} INFO - Processing file /home/airflow/.local/lib/python3.8/site-packages/airflow/example_dags/example_setup_teardown_taskflow.py for tasks to queue
[2023-11-22T19:51:55.724+0000] {logging_mixin.py:154} INFO - [2023-11-22T19:51:55.723+0000] {dagbag.py:536} INFO - Filling up the DagBag from /home/airflow/.local/lib/python3.8/site-packages/airflow/example_dags/example_setup_teardown_taskflow.py
[2023-11-22T19:51:55.732+0000] {processor.py:839} INFO - DAG(s) dict_keys(['example_setup_teardown_taskflow']) retrieved from /home/airflow/.local/lib/python3.8/site-packages/airflow/example_dags/example_setup_teardown_taskflow.py
[2023-11-22T19:51:55.754+0000] {logging_mixin.py:154} INFO - [2023-11-22T19:51:55.754+0000] {dag.py:2941} INFO - Sync 1 DAGs
[2023-11-22T19:51:55.886+0000] {logging_mixin.py:154} INFO - [2023-11-22T19:51:55.885+0000] {dag.py:3722} INFO - Setting next_dagrun for example_setup_teardown_taskflow to 2023-11-21T19:51:55.885764+00:00, run_after=2023-11-22T19:51:55.885764+00:00
[2023-11-22T19:51:55.898+0000] {processor.py:179} INFO - Processing /home/airflow/.local/lib/python3.8/site-packages/airflow/example_dags/example_setup_teardown_taskflow.py took 0.179 seconds
[2023-11-22T19:52:26.616+0000] {processor.py:157} INFO - Started process (PID=10711) to work on /home/airflow/.local/lib/python3.8/site-packages/airflow/example_dags/example_setup_teardown_taskflow.py
[2023-11-22T19:52:26.617+0000] {processor.py:829} INFO - Processing file /home/airflow/.local/lib/python3.8/site-packages/airflow/example_dags/example_setup_teardown_taskflow.py for tasks to queue
[2023-11-22T19:52:26.618+0000] {logging_mixin.py:154} INFO - [2023-11-22T19:52:26.617+0000] {dagbag.py:536} INFO - Filling up the DagBag from /home/airflow/.local/lib/python3.8/site-packages/airflow/example_dags/example_setup_teardown_taskflow.py
[2023-11-22T19:52:26.626+0000] {processor.py:839} INFO - DAG(s) dict_keys(['example_setup_teardown_taskflow']) retrieved from /home/airflow/.local/lib/python3.8/site-packages/airflow/example_dags/example_setup_teardown_taskflow.py
[2023-11-22T19:52:26.647+0000] {logging_mixin.py:154} INFO - [2023-11-22T19:52:26.647+0000] {dag.py:2941} INFO - Sync 1 DAGs
[2023-11-22T19:52:26.664+0000] {logging_mixin.py:154} INFO - [2023-11-22T19:52:26.664+0000] {dag.py:3722} INFO - Setting next_dagrun for example_setup_teardown_taskflow to 2023-11-21T19:52:26.663796+00:00, run_after=2023-11-22T19:52:26.663796+00:00
[2023-11-22T19:52:26.676+0000] {processor.py:179} INFO - Processing /home/airflow/.local/lib/python3.8/site-packages/airflow/example_dags/example_setup_teardown_taskflow.py took 0.063 seconds
[2023-11-22T19:52:57.066+0000] {processor.py:157} INFO - Started process (PID=10947) to work on /home/airflow/.local/lib/python3.8/site-packages/airflow/example_dags/example_setup_teardown_taskflow.py
[2023-11-22T19:52:57.067+0000] {processor.py:829} INFO - Processing file /home/airflow/.local/lib/python3.8/site-packages/airflow/example_dags/example_setup_teardown_taskflow.py for tasks to queue
[2023-11-22T19:52:57.068+0000] {logging_mixin.py:154} INFO - [2023-11-22T19:52:57.068+0000] {dagbag.py:536} INFO - Filling up the DagBag from /home/airflow/.local/lib/python3.8/site-packages/airflow/example_dags/example_setup_teardown_taskflow.py
[2023-11-22T19:52:57.076+0000] {processor.py:839} INFO - DAG(s) dict_keys(['example_setup_teardown_taskflow']) retrieved from /home/airflow/.local/lib/python3.8/site-packages/airflow/example_dags/example_setup_teardown_taskflow.py
[2023-11-22T19:52:57.097+0000] {logging_mixin.py:154} INFO - [2023-11-22T19:52:57.096+0000] {dag.py:2941} INFO - Sync 1 DAGs
[2023-11-22T19:52:57.113+0000] {logging_mixin.py:154} INFO - [2023-11-22T19:52:57.113+0000] {dag.py:3722} INFO - Setting next_dagrun for example_setup_teardown_taskflow to 2023-11-21T19:52:57.112995+00:00, run_after=2023-11-22T19:52:57.112995+00:00
[2023-11-22T19:52:57.127+0000] {processor.py:179} INFO - Processing /home/airflow/.local/lib/python3.8/site-packages/airflow/example_dags/example_setup_teardown_taskflow.py took 0.064 seconds
[2023-11-22T19:53:27.545+0000] {processor.py:157} INFO - Started process (PID=11187) to work on /home/airflow/.local/lib/python3.8/site-packages/airflow/example_dags/example_setup_teardown_taskflow.py
[2023-11-22T19:53:27.546+0000] {processor.py:829} INFO - Processing file /home/airflow/.local/lib/python3.8/site-packages/airflow/example_dags/example_setup_teardown_taskflow.py for tasks to queue
[2023-11-22T19:53:27.547+0000] {logging_mixin.py:154} INFO - [2023-11-22T19:53:27.547+0000] {dagbag.py:536} INFO - Filling up the DagBag from /home/airflow/.local/lib/python3.8/site-packages/airflow/example_dags/example_setup_teardown_taskflow.py
[2023-11-22T19:53:27.555+0000] {processor.py:839} INFO - DAG(s) dict_keys(['example_setup_teardown_taskflow']) retrieved from /home/airflow/.local/lib/python3.8/site-packages/airflow/example_dags/example_setup_teardown_taskflow.py
[2023-11-22T19:53:27.576+0000] {logging_mixin.py:154} INFO - [2023-11-22T19:53:27.576+0000] {dag.py:2941} INFO - Sync 1 DAGs
[2023-11-22T19:53:27.592+0000] {logging_mixin.py:154} INFO - [2023-11-22T19:53:27.592+0000] {dag.py:3722} INFO - Setting next_dagrun for example_setup_teardown_taskflow to 2023-11-21T19:53:27.592428+00:00, run_after=2023-11-22T19:53:27.592428+00:00
[2023-11-22T19:53:27.605+0000] {processor.py:179} INFO - Processing /home/airflow/.local/lib/python3.8/site-packages/airflow/example_dags/example_setup_teardown_taskflow.py took 0.062 seconds
[2023-11-22T19:53:58.049+0000] {processor.py:157} INFO - Started process (PID=11425) to work on /home/airflow/.local/lib/python3.8/site-packages/airflow/example_dags/example_setup_teardown_taskflow.py
[2023-11-22T19:53:58.050+0000] {processor.py:829} INFO - Processing file /home/airflow/.local/lib/python3.8/site-packages/airflow/example_dags/example_setup_teardown_taskflow.py for tasks to queue
[2023-11-22T19:53:58.051+0000] {logging_mixin.py:154} INFO - [2023-11-22T19:53:58.050+0000] {dagbag.py:536} INFO - Filling up the DagBag from /home/airflow/.local/lib/python3.8/site-packages/airflow/example_dags/example_setup_teardown_taskflow.py
[2023-11-22T19:53:58.059+0000] {processor.py:839} INFO - DAG(s) dict_keys(['example_setup_teardown_taskflow']) retrieved from /home/airflow/.local/lib/python3.8/site-packages/airflow/example_dags/example_setup_teardown_taskflow.py
[2023-11-22T19:53:58.081+0000] {logging_mixin.py:154} INFO - [2023-11-22T19:53:58.080+0000] {dag.py:2941} INFO - Sync 1 DAGs
[2023-11-22T19:53:58.097+0000] {logging_mixin.py:154} INFO - [2023-11-22T19:53:58.097+0000] {dag.py:3722} INFO - Setting next_dagrun for example_setup_teardown_taskflow to 2023-11-21T19:53:58.096804+00:00, run_after=2023-11-22T19:53:58.096804+00:00
[2023-11-22T19:53:58.108+0000] {processor.py:179} INFO - Processing /home/airflow/.local/lib/python3.8/site-packages/airflow/example_dags/example_setup_teardown_taskflow.py took 0.062 seconds
[2023-11-22T20:36:14.356+0000] {processor.py:157} INFO - Started process (PID=11664) to work on /home/airflow/.local/lib/python3.8/site-packages/airflow/example_dags/example_setup_teardown_taskflow.py
[2023-11-22T20:36:14.357+0000] {processor.py:829} INFO - Processing file /home/airflow/.local/lib/python3.8/site-packages/airflow/example_dags/example_setup_teardown_taskflow.py for tasks to queue
[2023-11-22T20:36:14.358+0000] {logging_mixin.py:154} INFO - [2023-11-22T20:36:14.358+0000] {dagbag.py:536} INFO - Filling up the DagBag from /home/airflow/.local/lib/python3.8/site-packages/airflow/example_dags/example_setup_teardown_taskflow.py
[2023-11-22T20:36:14.379+0000] {processor.py:839} INFO - DAG(s) dict_keys(['example_setup_teardown_taskflow']) retrieved from /home/airflow/.local/lib/python3.8/site-packages/airflow/example_dags/example_setup_teardown_taskflow.py
[2023-11-22T20:36:14.432+0000] {logging_mixin.py:154} INFO - [2023-11-22T20:36:14.432+0000] {dag.py:2941} INFO - Sync 1 DAGs
[2023-11-22T20:36:14.492+0000] {logging_mixin.py:154} INFO - [2023-11-22T20:36:14.492+0000] {dag.py:3722} INFO - Setting next_dagrun for example_setup_teardown_taskflow to 2023-11-21T20:36:14.492166+00:00, run_after=2023-11-22T20:36:14.492166+00:00
[2023-11-22T20:36:14.528+0000] {processor.py:179} INFO - Processing /home/airflow/.local/lib/python3.8/site-packages/airflow/example_dags/example_setup_teardown_taskflow.py took 0.180 seconds
[2023-11-22T21:01:33.807+0000] {processor.py:157} INFO - Started process (PID=11902) to work on /home/airflow/.local/lib/python3.8/site-packages/airflow/example_dags/example_setup_teardown_taskflow.py
[2023-11-22T21:01:33.809+0000] {processor.py:829} INFO - Processing file /home/airflow/.local/lib/python3.8/site-packages/airflow/example_dags/example_setup_teardown_taskflow.py for tasks to queue
[2023-11-22T21:01:33.810+0000] {logging_mixin.py:154} INFO - [2023-11-22T21:01:33.809+0000] {dagbag.py:536} INFO - Filling up the DagBag from /home/airflow/.local/lib/python3.8/site-packages/airflow/example_dags/example_setup_teardown_taskflow.py
[2023-11-22T21:01:33.823+0000] {processor.py:839} INFO - DAG(s) dict_keys(['example_setup_teardown_taskflow']) retrieved from /home/airflow/.local/lib/python3.8/site-packages/airflow/example_dags/example_setup_teardown_taskflow.py
[2023-11-22T21:01:33.857+0000] {logging_mixin.py:154} INFO - [2023-11-22T21:01:33.856+0000] {dag.py:2941} INFO - Sync 1 DAGs
[2023-11-22T21:01:33.881+0000] {logging_mixin.py:154} INFO - [2023-11-22T21:01:33.881+0000] {dag.py:3722} INFO - Setting next_dagrun for example_setup_teardown_taskflow to 2023-11-21T21:01:33.880902+00:00, run_after=2023-11-22T21:01:33.880902+00:00
[2023-11-22T21:01:33.899+0000] {processor.py:179} INFO - Processing /home/airflow/.local/lib/python3.8/site-packages/airflow/example_dags/example_setup_teardown_taskflow.py took 0.096 seconds
[2023-11-22T21:02:04.134+0000] {processor.py:157} INFO - Started process (PID=12140) to work on /home/airflow/.local/lib/python3.8/site-packages/airflow/example_dags/example_setup_teardown_taskflow.py
[2023-11-22T21:02:04.135+0000] {processor.py:829} INFO - Processing file /home/airflow/.local/lib/python3.8/site-packages/airflow/example_dags/example_setup_teardown_taskflow.py for tasks to queue
[2023-11-22T21:02:04.136+0000] {logging_mixin.py:154} INFO - [2023-11-22T21:02:04.135+0000] {dagbag.py:536} INFO - Filling up the DagBag from /home/airflow/.local/lib/python3.8/site-packages/airflow/example_dags/example_setup_teardown_taskflow.py
[2023-11-22T21:02:04.145+0000] {processor.py:839} INFO - DAG(s) dict_keys(['example_setup_teardown_taskflow']) retrieved from /home/airflow/.local/lib/python3.8/site-packages/airflow/example_dags/example_setup_teardown_taskflow.py
[2023-11-22T21:02:04.168+0000] {logging_mixin.py:154} INFO - [2023-11-22T21:02:04.168+0000] {dag.py:2941} INFO - Sync 1 DAGs
[2023-11-22T21:02:04.186+0000] {logging_mixin.py:154} INFO - [2023-11-22T21:02:04.186+0000] {dag.py:3722} INFO - Setting next_dagrun for example_setup_teardown_taskflow to 2023-11-21T21:02:04.185961+00:00, run_after=2023-11-22T21:02:04.185961+00:00
[2023-11-22T21:02:04.200+0000] {processor.py:179} INFO - Processing /home/airflow/.local/lib/python3.8/site-packages/airflow/example_dags/example_setup_teardown_taskflow.py took 0.070 seconds
[2023-11-22T21:02:34.315+0000] {processor.py:157} INFO - Started process (PID=12378) to work on /home/airflow/.local/lib/python3.8/site-packages/airflow/example_dags/example_setup_teardown_taskflow.py
[2023-11-22T21:02:34.316+0000] {processor.py:829} INFO - Processing file /home/airflow/.local/lib/python3.8/site-packages/airflow/example_dags/example_setup_teardown_taskflow.py for tasks to queue
[2023-11-22T21:02:34.317+0000] {logging_mixin.py:154} INFO - [2023-11-22T21:02:34.317+0000] {dagbag.py:536} INFO - Filling up the DagBag from /home/airflow/.local/lib/python3.8/site-packages/airflow/example_dags/example_setup_teardown_taskflow.py
[2023-11-22T21:02:34.326+0000] {processor.py:839} INFO - DAG(s) dict_keys(['example_setup_teardown_taskflow']) retrieved from /home/airflow/.local/lib/python3.8/site-packages/airflow/example_dags/example_setup_teardown_taskflow.py
[2023-11-22T21:02:34.348+0000] {logging_mixin.py:154} INFO - [2023-11-22T21:02:34.348+0000] {dag.py:2941} INFO - Sync 1 DAGs
[2023-11-22T21:02:34.365+0000] {logging_mixin.py:154} INFO - [2023-11-22T21:02:34.365+0000] {dag.py:3722} INFO - Setting next_dagrun for example_setup_teardown_taskflow to 2023-11-21T21:02:34.364944+00:00, run_after=2023-11-22T21:02:34.364944+00:00
[2023-11-22T21:02:34.378+0000] {processor.py:179} INFO - Processing /home/airflow/.local/lib/python3.8/site-packages/airflow/example_dags/example_setup_teardown_taskflow.py took 0.066 seconds
[2023-11-22T21:03:04.859+0000] {processor.py:157} INFO - Started process (PID=12616) to work on /home/airflow/.local/lib/python3.8/site-packages/airflow/example_dags/example_setup_teardown_taskflow.py
[2023-11-22T21:03:04.860+0000] {processor.py:829} INFO - Processing file /home/airflow/.local/lib/python3.8/site-packages/airflow/example_dags/example_setup_teardown_taskflow.py for tasks to queue
[2023-11-22T21:03:04.861+0000] {logging_mixin.py:154} INFO - [2023-11-22T21:03:04.860+0000] {dagbag.py:536} INFO - Filling up the DagBag from /home/airflow/.local/lib/python3.8/site-packages/airflow/example_dags/example_setup_teardown_taskflow.py
[2023-11-22T21:03:04.869+0000] {processor.py:839} INFO - DAG(s) dict_keys(['example_setup_teardown_taskflow']) retrieved from /home/airflow/.local/lib/python3.8/site-packages/airflow/example_dags/example_setup_teardown_taskflow.py
[2023-11-22T21:03:04.890+0000] {logging_mixin.py:154} INFO - [2023-11-22T21:03:04.890+0000] {dag.py:2941} INFO - Sync 1 DAGs
[2023-11-22T21:03:04.906+0000] {logging_mixin.py:154} INFO - [2023-11-22T21:03:04.906+0000] {dag.py:3722} INFO - Setting next_dagrun for example_setup_teardown_taskflow to 2023-11-21T21:03:04.906391+00:00, run_after=2023-11-22T21:03:04.906391+00:00
[2023-11-22T21:03:04.919+0000] {processor.py:179} INFO - Processing /home/airflow/.local/lib/python3.8/site-packages/airflow/example_dags/example_setup_teardown_taskflow.py took 0.063 seconds
[2023-11-22T21:03:35.508+0000] {processor.py:157} INFO - Started process (PID=12854) to work on /home/airflow/.local/lib/python3.8/site-packages/airflow/example_dags/example_setup_teardown_taskflow.py
[2023-11-22T21:03:35.509+0000] {processor.py:829} INFO - Processing file /home/airflow/.local/lib/python3.8/site-packages/airflow/example_dags/example_setup_teardown_taskflow.py for tasks to queue
[2023-11-22T21:03:35.510+0000] {logging_mixin.py:154} INFO - [2023-11-22T21:03:35.510+0000] {dagbag.py:536} INFO - Filling up the DagBag from /home/airflow/.local/lib/python3.8/site-packages/airflow/example_dags/example_setup_teardown_taskflow.py
[2023-11-22T21:03:35.520+0000] {processor.py:839} INFO - DAG(s) dict_keys(['example_setup_teardown_taskflow']) retrieved from /home/airflow/.local/lib/python3.8/site-packages/airflow/example_dags/example_setup_teardown_taskflow.py
[2023-11-22T21:03:35.542+0000] {logging_mixin.py:154} INFO - [2023-11-22T21:03:35.542+0000] {dag.py:2941} INFO - Sync 1 DAGs
[2023-11-22T21:03:35.565+0000] {logging_mixin.py:154} INFO - [2023-11-22T21:03:35.565+0000] {dag.py:3722} INFO - Setting next_dagrun for example_setup_teardown_taskflow to 2023-11-21T21:03:35.565454+00:00, run_after=2023-11-22T21:03:35.565454+00:00
[2023-11-22T21:03:35.584+0000] {processor.py:179} INFO - Processing /home/airflow/.local/lib/python3.8/site-packages/airflow/example_dags/example_setup_teardown_taskflow.py took 0.079 seconds
[2023-11-22T21:04:06.199+0000] {processor.py:157} INFO - Started process (PID=13092) to work on /home/airflow/.local/lib/python3.8/site-packages/airflow/example_dags/example_setup_teardown_taskflow.py
[2023-11-22T21:04:06.201+0000] {processor.py:829} INFO - Processing file /home/airflow/.local/lib/python3.8/site-packages/airflow/example_dags/example_setup_teardown_taskflow.py for tasks to queue
[2023-11-22T21:04:06.201+0000] {logging_mixin.py:154} INFO - [2023-11-22T21:04:06.201+0000] {dagbag.py:536} INFO - Filling up the DagBag from /home/airflow/.local/lib/python3.8/site-packages/airflow/example_dags/example_setup_teardown_taskflow.py
[2023-11-22T21:04:06.210+0000] {processor.py:839} INFO - DAG(s) dict_keys(['example_setup_teardown_taskflow']) retrieved from /home/airflow/.local/lib/python3.8/site-packages/airflow/example_dags/example_setup_teardown_taskflow.py
[2023-11-22T21:04:06.231+0000] {logging_mixin.py:154} INFO - [2023-11-22T21:04:06.231+0000] {dag.py:2941} INFO - Sync 1 DAGs
[2023-11-22T21:04:06.248+0000] {logging_mixin.py:154} INFO - [2023-11-22T21:04:06.248+0000] {dag.py:3722} INFO - Setting next_dagrun for example_setup_teardown_taskflow to 2023-11-21T21:04:06.248004+00:00, run_after=2023-11-22T21:04:06.248004+00:00
[2023-11-22T21:04:06.261+0000] {processor.py:179} INFO - Processing /home/airflow/.local/lib/python3.8/site-packages/airflow/example_dags/example_setup_teardown_taskflow.py took 0.065 seconds
[2023-11-22T21:04:36.853+0000] {processor.py:157} INFO - Started process (PID=13330) to work on /home/airflow/.local/lib/python3.8/site-packages/airflow/example_dags/example_setup_teardown_taskflow.py
[2023-11-22T21:04:36.854+0000] {processor.py:829} INFO - Processing file /home/airflow/.local/lib/python3.8/site-packages/airflow/example_dags/example_setup_teardown_taskflow.py for tasks to queue
[2023-11-22T21:04:36.855+0000] {logging_mixin.py:154} INFO - [2023-11-22T21:04:36.855+0000] {dagbag.py:536} INFO - Filling up the DagBag from /home/airflow/.local/lib/python3.8/site-packages/airflow/example_dags/example_setup_teardown_taskflow.py
[2023-11-22T21:04:36.863+0000] {processor.py:839} INFO - DAG(s) dict_keys(['example_setup_teardown_taskflow']) retrieved from /home/airflow/.local/lib/python3.8/site-packages/airflow/example_dags/example_setup_teardown_taskflow.py
[2023-11-22T21:04:36.886+0000] {logging_mixin.py:154} INFO - [2023-11-22T21:04:36.885+0000] {dag.py:2941} INFO - Sync 1 DAGs
[2023-11-22T21:04:36.903+0000] {logging_mixin.py:154} INFO - [2023-11-22T21:04:36.902+0000] {dag.py:3722} INFO - Setting next_dagrun for example_setup_teardown_taskflow to 2023-11-21T21:04:36.902684+00:00, run_after=2023-11-22T21:04:36.902684+00:00
[2023-11-22T21:04:36.917+0000] {processor.py:179} INFO - Processing /home/airflow/.local/lib/python3.8/site-packages/airflow/example_dags/example_setup_teardown_taskflow.py took 0.067 seconds
[2023-11-22T21:05:07.281+0000] {processor.py:157} INFO - Started process (PID=13568) to work on /home/airflow/.local/lib/python3.8/site-packages/airflow/example_dags/example_setup_teardown_taskflow.py
[2023-11-22T21:05:07.282+0000] {processor.py:829} INFO - Processing file /home/airflow/.local/lib/python3.8/site-packages/airflow/example_dags/example_setup_teardown_taskflow.py for tasks to queue
[2023-11-22T21:05:07.282+0000] {logging_mixin.py:154} INFO - [2023-11-22T21:05:07.282+0000] {dagbag.py:536} INFO - Filling up the DagBag from /home/airflow/.local/lib/python3.8/site-packages/airflow/example_dags/example_setup_teardown_taskflow.py
[2023-11-22T21:05:07.292+0000] {processor.py:839} INFO - DAG(s) dict_keys(['example_setup_teardown_taskflow']) retrieved from /home/airflow/.local/lib/python3.8/site-packages/airflow/example_dags/example_setup_teardown_taskflow.py
[2023-11-22T21:05:07.316+0000] {logging_mixin.py:154} INFO - [2023-11-22T21:05:07.315+0000] {dag.py:2941} INFO - Sync 1 DAGs
[2023-11-22T21:05:07.335+0000] {logging_mixin.py:154} INFO - [2023-11-22T21:05:07.335+0000] {dag.py:3722} INFO - Setting next_dagrun for example_setup_teardown_taskflow to 2023-11-21T21:05:07.335219+00:00, run_after=2023-11-22T21:05:07.335219+00:00
[2023-11-22T21:05:07.353+0000] {processor.py:179} INFO - Processing /home/airflow/.local/lib/python3.8/site-packages/airflow/example_dags/example_setup_teardown_taskflow.py took 0.076 seconds
[2023-11-22T21:05:37.960+0000] {processor.py:157} INFO - Started process (PID=13807) to work on /home/airflow/.local/lib/python3.8/site-packages/airflow/example_dags/example_setup_teardown_taskflow.py
[2023-11-22T21:05:37.961+0000] {processor.py:829} INFO - Processing file /home/airflow/.local/lib/python3.8/site-packages/airflow/example_dags/example_setup_teardown_taskflow.py for tasks to queue
[2023-11-22T21:05:37.962+0000] {logging_mixin.py:154} INFO - [2023-11-22T21:05:37.962+0000] {dagbag.py:536} INFO - Filling up the DagBag from /home/airflow/.local/lib/python3.8/site-packages/airflow/example_dags/example_setup_teardown_taskflow.py
[2023-11-22T21:05:37.971+0000] {processor.py:839} INFO - DAG(s) dict_keys(['example_setup_teardown_taskflow']) retrieved from /home/airflow/.local/lib/python3.8/site-packages/airflow/example_dags/example_setup_teardown_taskflow.py
[2023-11-22T21:05:37.992+0000] {logging_mixin.py:154} INFO - [2023-11-22T21:05:37.992+0000] {dag.py:2941} INFO - Sync 1 DAGs
[2023-11-22T21:05:38.013+0000] {logging_mixin.py:154} INFO - [2023-11-22T21:05:38.012+0000] {dag.py:3722} INFO - Setting next_dagrun for example_setup_teardown_taskflow to 2023-11-21T21:05:38.012538+00:00, run_after=2023-11-22T21:05:38.012538+00:00
[2023-11-22T21:05:38.071+0000] {processor.py:179} INFO - Processing /home/airflow/.local/lib/python3.8/site-packages/airflow/example_dags/example_setup_teardown_taskflow.py took 0.114 seconds
[2023-11-22T21:06:08.226+0000] {processor.py:157} INFO - Started process (PID=14043) to work on /home/airflow/.local/lib/python3.8/site-packages/airflow/example_dags/example_setup_teardown_taskflow.py
[2023-11-22T21:06:08.227+0000] {processor.py:829} INFO - Processing file /home/airflow/.local/lib/python3.8/site-packages/airflow/example_dags/example_setup_teardown_taskflow.py for tasks to queue
[2023-11-22T21:06:08.228+0000] {logging_mixin.py:154} INFO - [2023-11-22T21:06:08.228+0000] {dagbag.py:536} INFO - Filling up the DagBag from /home/airflow/.local/lib/python3.8/site-packages/airflow/example_dags/example_setup_teardown_taskflow.py
[2023-11-22T21:06:08.238+0000] {processor.py:839} INFO - DAG(s) dict_keys(['example_setup_teardown_taskflow']) retrieved from /home/airflow/.local/lib/python3.8/site-packages/airflow/example_dags/example_setup_teardown_taskflow.py
[2023-11-22T21:06:08.260+0000] {logging_mixin.py:154} INFO - [2023-11-22T21:06:08.260+0000] {dag.py:2941} INFO - Sync 1 DAGs
[2023-11-22T21:06:08.278+0000] {logging_mixin.py:154} INFO - [2023-11-22T21:06:08.278+0000] {dag.py:3722} INFO - Setting next_dagrun for example_setup_teardown_taskflow to 2023-11-21T21:06:08.278299+00:00, run_after=2023-11-22T21:06:08.278299+00:00
[2023-11-22T21:06:08.292+0000] {processor.py:179} INFO - Processing /home/airflow/.local/lib/python3.8/site-packages/airflow/example_dags/example_setup_teardown_taskflow.py took 0.069 seconds
[2023-11-22T21:06:39.217+0000] {processor.py:157} INFO - Started process (PID=14281) to work on /home/airflow/.local/lib/python3.8/site-packages/airflow/example_dags/example_setup_teardown_taskflow.py
[2023-11-22T21:06:39.218+0000] {processor.py:829} INFO - Processing file /home/airflow/.local/lib/python3.8/site-packages/airflow/example_dags/example_setup_teardown_taskflow.py for tasks to queue
[2023-11-22T21:06:39.219+0000] {logging_mixin.py:154} INFO - [2023-11-22T21:06:39.219+0000] {dagbag.py:536} INFO - Filling up the DagBag from /home/airflow/.local/lib/python3.8/site-packages/airflow/example_dags/example_setup_teardown_taskflow.py
[2023-11-22T21:06:39.228+0000] {processor.py:839} INFO - DAG(s) dict_keys(['example_setup_teardown_taskflow']) retrieved from /home/airflow/.local/lib/python3.8/site-packages/airflow/example_dags/example_setup_teardown_taskflow.py
[2023-11-22T21:06:39.250+0000] {logging_mixin.py:154} INFO - [2023-11-22T21:06:39.249+0000] {dag.py:2941} INFO - Sync 1 DAGs
[2023-11-22T21:06:39.266+0000] {logging_mixin.py:154} INFO - [2023-11-22T21:06:39.266+0000] {dag.py:3722} INFO - Setting next_dagrun for example_setup_teardown_taskflow to 2023-11-21T21:06:39.266339+00:00, run_after=2023-11-22T21:06:39.266339+00:00
[2023-11-22T21:06:39.279+0000] {processor.py:179} INFO - Processing /home/airflow/.local/lib/python3.8/site-packages/airflow/example_dags/example_setup_teardown_taskflow.py took 0.065 seconds
[2023-11-22T21:07:10.033+0000] {processor.py:157} INFO - Started process (PID=14519) to work on /home/airflow/.local/lib/python3.8/site-packages/airflow/example_dags/example_setup_teardown_taskflow.py
[2023-11-22T21:07:10.035+0000] {processor.py:829} INFO - Processing file /home/airflow/.local/lib/python3.8/site-packages/airflow/example_dags/example_setup_teardown_taskflow.py for tasks to queue
[2023-11-22T21:07:10.036+0000] {logging_mixin.py:154} INFO - [2023-11-22T21:07:10.035+0000] {dagbag.py:536} INFO - Filling up the DagBag from /home/airflow/.local/lib/python3.8/site-packages/airflow/example_dags/example_setup_teardown_taskflow.py
[2023-11-22T21:07:10.045+0000] {processor.py:839} INFO - DAG(s) dict_keys(['example_setup_teardown_taskflow']) retrieved from /home/airflow/.local/lib/python3.8/site-packages/airflow/example_dags/example_setup_teardown_taskflow.py
[2023-11-22T21:07:10.069+0000] {logging_mixin.py:154} INFO - [2023-11-22T21:07:10.069+0000] {dag.py:2941} INFO - Sync 1 DAGs
[2023-11-22T21:07:10.087+0000] {logging_mixin.py:154} INFO - [2023-11-22T21:07:10.086+0000] {dag.py:3722} INFO - Setting next_dagrun for example_setup_teardown_taskflow to 2023-11-21T21:07:10.086588+00:00, run_after=2023-11-22T21:07:10.086588+00:00
[2023-11-22T21:07:10.107+0000] {processor.py:179} INFO - Processing /home/airflow/.local/lib/python3.8/site-packages/airflow/example_dags/example_setup_teardown_taskflow.py took 0.078 seconds
[2023-11-22T21:07:40.467+0000] {processor.py:157} INFO - Started process (PID=14759) to work on /home/airflow/.local/lib/python3.8/site-packages/airflow/example_dags/example_setup_teardown_taskflow.py
[2023-11-22T21:07:40.468+0000] {processor.py:829} INFO - Processing file /home/airflow/.local/lib/python3.8/site-packages/airflow/example_dags/example_setup_teardown_taskflow.py for tasks to queue
[2023-11-22T21:07:40.469+0000] {logging_mixin.py:154} INFO - [2023-11-22T21:07:40.469+0000] {dagbag.py:536} INFO - Filling up the DagBag from /home/airflow/.local/lib/python3.8/site-packages/airflow/example_dags/example_setup_teardown_taskflow.py
[2023-11-22T21:07:40.477+0000] {processor.py:839} INFO - DAG(s) dict_keys(['example_setup_teardown_taskflow']) retrieved from /home/airflow/.local/lib/python3.8/site-packages/airflow/example_dags/example_setup_teardown_taskflow.py
[2023-11-22T21:07:40.499+0000] {logging_mixin.py:154} INFO - [2023-11-22T21:07:40.499+0000] {dag.py:2941} INFO - Sync 1 DAGs
[2023-11-22T21:07:40.516+0000] {logging_mixin.py:154} INFO - [2023-11-22T21:07:40.516+0000] {dag.py:3722} INFO - Setting next_dagrun for example_setup_teardown_taskflow to 2023-11-21T21:07:40.515914+00:00, run_after=2023-11-22T21:07:40.515914+00:00
[2023-11-22T21:07:40.528+0000] {processor.py:179} INFO - Processing /home/airflow/.local/lib/python3.8/site-packages/airflow/example_dags/example_setup_teardown_taskflow.py took 0.064 seconds
[2023-11-22T21:08:10.985+0000] {processor.py:157} INFO - Started process (PID=14997) to work on /home/airflow/.local/lib/python3.8/site-packages/airflow/example_dags/example_setup_teardown_taskflow.py
[2023-11-22T21:08:10.990+0000] {processor.py:829} INFO - Processing file /home/airflow/.local/lib/python3.8/site-packages/airflow/example_dags/example_setup_teardown_taskflow.py for tasks to queue
[2023-11-22T21:08:10.991+0000] {logging_mixin.py:154} INFO - [2023-11-22T21:08:10.991+0000] {dagbag.py:536} INFO - Filling up the DagBag from /home/airflow/.local/lib/python3.8/site-packages/airflow/example_dags/example_setup_teardown_taskflow.py
[2023-11-22T21:08:11.004+0000] {processor.py:839} INFO - DAG(s) dict_keys(['example_setup_teardown_taskflow']) retrieved from /home/airflow/.local/lib/python3.8/site-packages/airflow/example_dags/example_setup_teardown_taskflow.py
[2023-11-22T21:08:11.030+0000] {logging_mixin.py:154} INFO - [2023-11-22T21:08:11.029+0000] {dag.py:2941} INFO - Sync 1 DAGs
[2023-11-22T21:08:11.053+0000] {logging_mixin.py:154} INFO - [2023-11-22T21:08:11.053+0000] {dag.py:3722} INFO - Setting next_dagrun for example_setup_teardown_taskflow to 2023-11-21T21:08:11.052192+00:00, run_after=2023-11-22T21:08:11.052192+00:00
[2023-11-22T21:08:11.074+0000] {processor.py:179} INFO - Processing /home/airflow/.local/lib/python3.8/site-packages/airflow/example_dags/example_setup_teardown_taskflow.py took 0.095 seconds
[2023-11-22T21:08:41.922+0000] {processor.py:157} INFO - Started process (PID=15233) to work on /home/airflow/.local/lib/python3.8/site-packages/airflow/example_dags/example_setup_teardown_taskflow.py
[2023-11-22T21:08:41.923+0000] {processor.py:829} INFO - Processing file /home/airflow/.local/lib/python3.8/site-packages/airflow/example_dags/example_setup_teardown_taskflow.py for tasks to queue
[2023-11-22T21:08:41.924+0000] {logging_mixin.py:154} INFO - [2023-11-22T21:08:41.923+0000] {dagbag.py:536} INFO - Filling up the DagBag from /home/airflow/.local/lib/python3.8/site-packages/airflow/example_dags/example_setup_teardown_taskflow.py
[2023-11-22T21:08:41.933+0000] {processor.py:839} INFO - DAG(s) dict_keys(['example_setup_teardown_taskflow']) retrieved from /home/airflow/.local/lib/python3.8/site-packages/airflow/example_dags/example_setup_teardown_taskflow.py
[2023-11-22T21:08:41.958+0000] {logging_mixin.py:154} INFO - [2023-11-22T21:08:41.958+0000] {dag.py:2941} INFO - Sync 1 DAGs
[2023-11-22T21:08:41.976+0000] {logging_mixin.py:154} INFO - [2023-11-22T21:08:41.976+0000] {dag.py:3722} INFO - Setting next_dagrun for example_setup_teardown_taskflow to 2023-11-21T21:08:41.975869+00:00, run_after=2023-11-22T21:08:41.975869+00:00
[2023-11-22T21:08:41.992+0000] {processor.py:179} INFO - Processing /home/airflow/.local/lib/python3.8/site-packages/airflow/example_dags/example_setup_teardown_taskflow.py took 0.075 seconds
[2023-11-22T21:09:41.445+0000] {processor.py:157} INFO - Started process (PID=232) to work on /home/airflow/.local/lib/python3.8/site-packages/airflow/example_dags/example_setup_teardown_taskflow.py
[2023-11-22T21:09:41.447+0000] {processor.py:829} INFO - Processing file /home/airflow/.local/lib/python3.8/site-packages/airflow/example_dags/example_setup_teardown_taskflow.py for tasks to queue
[2023-11-22T21:09:41.457+0000] {logging_mixin.py:154} INFO - [2023-11-22T21:09:41.454+0000] {dagbag.py:536} INFO - Filling up the DagBag from /home/airflow/.local/lib/python3.8/site-packages/airflow/example_dags/example_setup_teardown_taskflow.py
[2023-11-22T21:09:41.476+0000] {processor.py:839} INFO - DAG(s) dict_keys(['example_setup_teardown_taskflow']) retrieved from /home/airflow/.local/lib/python3.8/site-packages/airflow/example_dags/example_setup_teardown_taskflow.py
[2023-11-22T21:09:41.505+0000] {logging_mixin.py:154} INFO - [2023-11-22T21:09:41.505+0000] {dag.py:2941} INFO - Sync 1 DAGs
[2023-11-22T21:09:41.543+0000] {logging_mixin.py:154} INFO - [2023-11-22T21:09:41.542+0000] {dag.py:3722} INFO - Setting next_dagrun for example_setup_teardown_taskflow to 2023-11-21T21:09:41.542587+00:00, run_after=2023-11-22T21:09:41.542587+00:00
[2023-11-22T21:09:41.561+0000] {processor.py:179} INFO - Processing /home/airflow/.local/lib/python3.8/site-packages/airflow/example_dags/example_setup_teardown_taskflow.py took 0.124 seconds
[2023-11-22T21:10:12.398+0000] {processor.py:157} INFO - Started process (PID=471) to work on /home/airflow/.local/lib/python3.8/site-packages/airflow/example_dags/example_setup_teardown_taskflow.py
[2023-11-22T21:10:12.399+0000] {processor.py:829} INFO - Processing file /home/airflow/.local/lib/python3.8/site-packages/airflow/example_dags/example_setup_teardown_taskflow.py for tasks to queue
[2023-11-22T21:10:12.400+0000] {logging_mixin.py:154} INFO - [2023-11-22T21:10:12.400+0000] {dagbag.py:536} INFO - Filling up the DagBag from /home/airflow/.local/lib/python3.8/site-packages/airflow/example_dags/example_setup_teardown_taskflow.py
[2023-11-22T21:10:12.409+0000] {processor.py:839} INFO - DAG(s) dict_keys(['example_setup_teardown_taskflow']) retrieved from /home/airflow/.local/lib/python3.8/site-packages/airflow/example_dags/example_setup_teardown_taskflow.py
[2023-11-22T21:10:12.431+0000] {logging_mixin.py:154} INFO - [2023-11-22T21:10:12.431+0000] {dag.py:2941} INFO - Sync 1 DAGs
[2023-11-22T21:10:12.448+0000] {logging_mixin.py:154} INFO - [2023-11-22T21:10:12.448+0000] {dag.py:3722} INFO - Setting next_dagrun for example_setup_teardown_taskflow to 2023-11-21T21:10:12.448542+00:00, run_after=2023-11-22T21:10:12.448542+00:00
[2023-11-22T21:10:12.466+0000] {processor.py:179} INFO - Processing /home/airflow/.local/lib/python3.8/site-packages/airflow/example_dags/example_setup_teardown_taskflow.py took 0.071 seconds
