[2023-11-22T19:30:06.890+0000] {processor.py:157} INFO - Started process (PID=357) to work on /home/airflow/.local/lib/python3.8/site-packages/airflow/example_dags/example_task_group_decorator.py
[2023-11-22T19:30:06.892+0000] {processor.py:829} INFO - Processing file /home/airflow/.local/lib/python3.8/site-packages/airflow/example_dags/example_task_group_decorator.py for tasks to queue
[2023-11-22T19:30:06.894+0000] {logging_mixin.py:154} INFO - [2023-11-22T19:30:06.894+0000] {dagbag.py:536} INFO - Filling up the DagBag from /home/airflow/.local/lib/python3.8/site-packages/airflow/example_dags/example_task_group_decorator.py
[2023-11-22T19:30:06.915+0000] {processor.py:839} INFO - DAG(s) dict_keys(['example_task_group_decorator']) retrieved from /home/airflow/.local/lib/python3.8/site-packages/airflow/example_dags/example_task_group_decorator.py
[2023-11-22T19:30:06.940+0000] {logging_mixin.py:154} INFO - [2023-11-22T19:30:06.940+0000] {dag.py:2941} INFO - Sync 1 DAGs
[2023-11-22T19:30:06.971+0000] {logging_mixin.py:154} INFO - [2023-11-22T19:30:06.971+0000] {dag.py:3722} INFO - Setting next_dagrun for example_task_group_decorator to 2023-11-21T19:30:06.970785+00:00, run_after=2023-11-22T19:30:06.970785+00:00
[2023-11-22T19:30:06.990+0000] {processor.py:179} INFO - Processing /home/airflow/.local/lib/python3.8/site-packages/airflow/example_dags/example_task_group_decorator.py took 0.106 seconds
[2023-11-22T19:30:37.455+0000] {processor.py:157} INFO - Started process (PID=595) to work on /home/airflow/.local/lib/python3.8/site-packages/airflow/example_dags/example_task_group_decorator.py
[2023-11-22T19:30:37.456+0000] {processor.py:829} INFO - Processing file /home/airflow/.local/lib/python3.8/site-packages/airflow/example_dags/example_task_group_decorator.py for tasks to queue
[2023-11-22T19:30:37.457+0000] {logging_mixin.py:154} INFO - [2023-11-22T19:30:37.456+0000] {dagbag.py:536} INFO - Filling up the DagBag from /home/airflow/.local/lib/python3.8/site-packages/airflow/example_dags/example_task_group_decorator.py
[2023-11-22T19:30:37.471+0000] {processor.py:839} INFO - DAG(s) dict_keys(['example_task_group_decorator']) retrieved from /home/airflow/.local/lib/python3.8/site-packages/airflow/example_dags/example_task_group_decorator.py
[2023-11-22T19:30:37.507+0000] {logging_mixin.py:154} INFO - [2023-11-22T19:30:37.507+0000] {dag.py:2941} INFO - Sync 1 DAGs
[2023-11-22T19:30:37.538+0000] {logging_mixin.py:154} INFO - [2023-11-22T19:30:37.538+0000] {dag.py:3722} INFO - Setting next_dagrun for example_task_group_decorator to 2023-11-21T19:30:37.537735+00:00, run_after=2023-11-22T19:30:37.537735+00:00
[2023-11-22T19:30:37.617+0000] {processor.py:179} INFO - Processing /home/airflow/.local/lib/python3.8/site-packages/airflow/example_dags/example_task_group_decorator.py took 0.167 seconds
[2023-11-22T19:31:08.073+0000] {processor.py:157} INFO - Started process (PID=833) to work on /home/airflow/.local/lib/python3.8/site-packages/airflow/example_dags/example_task_group_decorator.py
[2023-11-22T19:31:08.074+0000] {processor.py:829} INFO - Processing file /home/airflow/.local/lib/python3.8/site-packages/airflow/example_dags/example_task_group_decorator.py for tasks to queue
[2023-11-22T19:31:08.074+0000] {logging_mixin.py:154} INFO - [2023-11-22T19:31:08.074+0000] {dagbag.py:536} INFO - Filling up the DagBag from /home/airflow/.local/lib/python3.8/site-packages/airflow/example_dags/example_task_group_decorator.py
[2023-11-22T19:31:08.086+0000] {processor.py:839} INFO - DAG(s) dict_keys(['example_task_group_decorator']) retrieved from /home/airflow/.local/lib/python3.8/site-packages/airflow/example_dags/example_task_group_decorator.py
[2023-11-22T19:31:08.115+0000] {logging_mixin.py:154} INFO - [2023-11-22T19:31:08.115+0000] {dag.py:2941} INFO - Sync 1 DAGs
[2023-11-22T19:31:08.132+0000] {logging_mixin.py:154} INFO - [2023-11-22T19:31:08.131+0000] {dag.py:3722} INFO - Setting next_dagrun for example_task_group_decorator to 2023-11-21T19:31:08.131564+00:00, run_after=2023-11-22T19:31:08.131564+00:00
[2023-11-22T19:31:08.144+0000] {processor.py:179} INFO - Processing /home/airflow/.local/lib/python3.8/site-packages/airflow/example_dags/example_task_group_decorator.py took 0.075 seconds
[2023-11-22T19:31:38.936+0000] {processor.py:157} INFO - Started process (PID=1071) to work on /home/airflow/.local/lib/python3.8/site-packages/airflow/example_dags/example_task_group_decorator.py
[2023-11-22T19:31:38.937+0000] {processor.py:829} INFO - Processing file /home/airflow/.local/lib/python3.8/site-packages/airflow/example_dags/example_task_group_decorator.py for tasks to queue
[2023-11-22T19:31:38.938+0000] {logging_mixin.py:154} INFO - [2023-11-22T19:31:38.937+0000] {dagbag.py:536} INFO - Filling up the DagBag from /home/airflow/.local/lib/python3.8/site-packages/airflow/example_dags/example_task_group_decorator.py
[2023-11-22T19:31:38.949+0000] {processor.py:839} INFO - DAG(s) dict_keys(['example_task_group_decorator']) retrieved from /home/airflow/.local/lib/python3.8/site-packages/airflow/example_dags/example_task_group_decorator.py
[2023-11-22T19:31:38.972+0000] {logging_mixin.py:154} INFO - [2023-11-22T19:31:38.972+0000] {dag.py:2941} INFO - Sync 1 DAGs
[2023-11-22T19:31:38.990+0000] {logging_mixin.py:154} INFO - [2023-11-22T19:31:38.990+0000] {dag.py:3722} INFO - Setting next_dagrun for example_task_group_decorator to 2023-11-21T19:31:38.989893+00:00, run_after=2023-11-22T19:31:38.989893+00:00
[2023-11-22T19:31:39.004+0000] {processor.py:179} INFO - Processing /home/airflow/.local/lib/python3.8/site-packages/airflow/example_dags/example_task_group_decorator.py took 0.072 seconds
[2023-11-22T19:32:09.145+0000] {processor.py:157} INFO - Started process (PID=1309) to work on /home/airflow/.local/lib/python3.8/site-packages/airflow/example_dags/example_task_group_decorator.py
[2023-11-22T19:32:09.146+0000] {processor.py:829} INFO - Processing file /home/airflow/.local/lib/python3.8/site-packages/airflow/example_dags/example_task_group_decorator.py for tasks to queue
[2023-11-22T19:32:09.147+0000] {logging_mixin.py:154} INFO - [2023-11-22T19:32:09.146+0000] {dagbag.py:536} INFO - Filling up the DagBag from /home/airflow/.local/lib/python3.8/site-packages/airflow/example_dags/example_task_group_decorator.py
[2023-11-22T19:32:09.158+0000] {processor.py:839} INFO - DAG(s) dict_keys(['example_task_group_decorator']) retrieved from /home/airflow/.local/lib/python3.8/site-packages/airflow/example_dags/example_task_group_decorator.py
[2023-11-22T19:32:09.181+0000] {logging_mixin.py:154} INFO - [2023-11-22T19:32:09.181+0000] {dag.py:2941} INFO - Sync 1 DAGs
[2023-11-22T19:32:09.197+0000] {logging_mixin.py:154} INFO - [2023-11-22T19:32:09.197+0000] {dag.py:3722} INFO - Setting next_dagrun for example_task_group_decorator to 2023-11-21T19:32:09.197028+00:00, run_after=2023-11-22T19:32:09.197028+00:00
[2023-11-22T19:32:09.210+0000] {processor.py:179} INFO - Processing /home/airflow/.local/lib/python3.8/site-packages/airflow/example_dags/example_task_group_decorator.py took 0.068 seconds
[2023-11-22T19:32:39.715+0000] {processor.py:157} INFO - Started process (PID=1547) to work on /home/airflow/.local/lib/python3.8/site-packages/airflow/example_dags/example_task_group_decorator.py
[2023-11-22T19:32:39.716+0000] {processor.py:829} INFO - Processing file /home/airflow/.local/lib/python3.8/site-packages/airflow/example_dags/example_task_group_decorator.py for tasks to queue
[2023-11-22T19:32:39.717+0000] {logging_mixin.py:154} INFO - [2023-11-22T19:32:39.716+0000] {dagbag.py:536} INFO - Filling up the DagBag from /home/airflow/.local/lib/python3.8/site-packages/airflow/example_dags/example_task_group_decorator.py
[2023-11-22T19:32:39.728+0000] {processor.py:839} INFO - DAG(s) dict_keys(['example_task_group_decorator']) retrieved from /home/airflow/.local/lib/python3.8/site-packages/airflow/example_dags/example_task_group_decorator.py
[2023-11-22T19:32:39.753+0000] {logging_mixin.py:154} INFO - [2023-11-22T19:32:39.753+0000] {dag.py:2941} INFO - Sync 1 DAGs
[2023-11-22T19:32:39.769+0000] {logging_mixin.py:154} INFO - [2023-11-22T19:32:39.769+0000] {dag.py:3722} INFO - Setting next_dagrun for example_task_group_decorator to 2023-11-21T19:32:39.769530+00:00, run_after=2023-11-22T19:32:39.769530+00:00
[2023-11-22T19:32:39.782+0000] {processor.py:179} INFO - Processing /home/airflow/.local/lib/python3.8/site-packages/airflow/example_dags/example_task_group_decorator.py took 0.070 seconds
[2023-11-22T19:33:10.513+0000] {processor.py:157} INFO - Started process (PID=1785) to work on /home/airflow/.local/lib/python3.8/site-packages/airflow/example_dags/example_task_group_decorator.py
[2023-11-22T19:33:10.513+0000] {processor.py:829} INFO - Processing file /home/airflow/.local/lib/python3.8/site-packages/airflow/example_dags/example_task_group_decorator.py for tasks to queue
[2023-11-22T19:33:10.514+0000] {logging_mixin.py:154} INFO - [2023-11-22T19:33:10.514+0000] {dagbag.py:536} INFO - Filling up the DagBag from /home/airflow/.local/lib/python3.8/site-packages/airflow/example_dags/example_task_group_decorator.py
[2023-11-22T19:33:10.526+0000] {processor.py:839} INFO - DAG(s) dict_keys(['example_task_group_decorator']) retrieved from /home/airflow/.local/lib/python3.8/site-packages/airflow/example_dags/example_task_group_decorator.py
[2023-11-22T19:33:10.549+0000] {logging_mixin.py:154} INFO - [2023-11-22T19:33:10.549+0000] {dag.py:2941} INFO - Sync 1 DAGs
[2023-11-22T19:33:10.567+0000] {logging_mixin.py:154} INFO - [2023-11-22T19:33:10.567+0000] {dag.py:3722} INFO - Setting next_dagrun for example_task_group_decorator to 2023-11-21T19:33:10.566893+00:00, run_after=2023-11-22T19:33:10.566893+00:00
[2023-11-22T19:33:10.582+0000] {processor.py:179} INFO - Processing /home/airflow/.local/lib/python3.8/site-packages/airflow/example_dags/example_task_group_decorator.py took 0.072 seconds
[2023-11-22T19:33:41.083+0000] {processor.py:157} INFO - Started process (PID=2023) to work on /home/airflow/.local/lib/python3.8/site-packages/airflow/example_dags/example_task_group_decorator.py
[2023-11-22T19:33:41.084+0000] {processor.py:829} INFO - Processing file /home/airflow/.local/lib/python3.8/site-packages/airflow/example_dags/example_task_group_decorator.py for tasks to queue
[2023-11-22T19:33:41.085+0000] {logging_mixin.py:154} INFO - [2023-11-22T19:33:41.084+0000] {dagbag.py:536} INFO - Filling up the DagBag from /home/airflow/.local/lib/python3.8/site-packages/airflow/example_dags/example_task_group_decorator.py
[2023-11-22T19:33:41.096+0000] {processor.py:839} INFO - DAG(s) dict_keys(['example_task_group_decorator']) retrieved from /home/airflow/.local/lib/python3.8/site-packages/airflow/example_dags/example_task_group_decorator.py
[2023-11-22T19:33:41.120+0000] {logging_mixin.py:154} INFO - [2023-11-22T19:33:41.120+0000] {dag.py:2941} INFO - Sync 1 DAGs
[2023-11-22T19:33:41.140+0000] {logging_mixin.py:154} INFO - [2023-11-22T19:33:41.139+0000] {dag.py:3722} INFO - Setting next_dagrun for example_task_group_decorator to 2023-11-21T19:33:41.139690+00:00, run_after=2023-11-22T19:33:41.139690+00:00
[2023-11-22T19:33:41.155+0000] {processor.py:179} INFO - Processing /home/airflow/.local/lib/python3.8/site-packages/airflow/example_dags/example_task_group_decorator.py took 0.076 seconds
[2023-11-22T19:34:11.818+0000] {processor.py:157} INFO - Started process (PID=2261) to work on /home/airflow/.local/lib/python3.8/site-packages/airflow/example_dags/example_task_group_decorator.py
[2023-11-22T19:34:11.819+0000] {processor.py:829} INFO - Processing file /home/airflow/.local/lib/python3.8/site-packages/airflow/example_dags/example_task_group_decorator.py for tasks to queue
[2023-11-22T19:34:11.820+0000] {logging_mixin.py:154} INFO - [2023-11-22T19:34:11.819+0000] {dagbag.py:536} INFO - Filling up the DagBag from /home/airflow/.local/lib/python3.8/site-packages/airflow/example_dags/example_task_group_decorator.py
[2023-11-22T19:34:11.831+0000] {processor.py:839} INFO - DAG(s) dict_keys(['example_task_group_decorator']) retrieved from /home/airflow/.local/lib/python3.8/site-packages/airflow/example_dags/example_task_group_decorator.py
[2023-11-22T19:34:11.855+0000] {logging_mixin.py:154} INFO - [2023-11-22T19:34:11.855+0000] {dag.py:2941} INFO - Sync 1 DAGs
[2023-11-22T19:34:11.872+0000] {logging_mixin.py:154} INFO - [2023-11-22T19:34:11.872+0000] {dag.py:3722} INFO - Setting next_dagrun for example_task_group_decorator to 2023-11-21T19:34:11.872147+00:00, run_after=2023-11-22T19:34:11.872147+00:00
[2023-11-22T19:34:11.886+0000] {processor.py:179} INFO - Processing /home/airflow/.local/lib/python3.8/site-packages/airflow/example_dags/example_task_group_decorator.py took 0.072 seconds
[2023-11-22T19:34:42.112+0000] {processor.py:157} INFO - Started process (PID=2499) to work on /home/airflow/.local/lib/python3.8/site-packages/airflow/example_dags/example_task_group_decorator.py
[2023-11-22T19:34:42.113+0000] {processor.py:829} INFO - Processing file /home/airflow/.local/lib/python3.8/site-packages/airflow/example_dags/example_task_group_decorator.py for tasks to queue
[2023-11-22T19:34:42.114+0000] {logging_mixin.py:154} INFO - [2023-11-22T19:34:42.113+0000] {dagbag.py:536} INFO - Filling up the DagBag from /home/airflow/.local/lib/python3.8/site-packages/airflow/example_dags/example_task_group_decorator.py
[2023-11-22T19:34:42.125+0000] {processor.py:839} INFO - DAG(s) dict_keys(['example_task_group_decorator']) retrieved from /home/airflow/.local/lib/python3.8/site-packages/airflow/example_dags/example_task_group_decorator.py
[2023-11-22T19:34:42.149+0000] {logging_mixin.py:154} INFO - [2023-11-22T19:34:42.149+0000] {dag.py:2941} INFO - Sync 1 DAGs
[2023-11-22T19:34:42.165+0000] {logging_mixin.py:154} INFO - [2023-11-22T19:34:42.165+0000] {dag.py:3722} INFO - Setting next_dagrun for example_task_group_decorator to 2023-11-21T19:34:42.165544+00:00, run_after=2023-11-22T19:34:42.165544+00:00
[2023-11-22T19:34:42.180+0000] {processor.py:179} INFO - Processing /home/airflow/.local/lib/python3.8/site-packages/airflow/example_dags/example_task_group_decorator.py took 0.072 seconds
[2023-11-22T19:35:12.483+0000] {processor.py:157} INFO - Started process (PID=2738) to work on /home/airflow/.local/lib/python3.8/site-packages/airflow/example_dags/example_task_group_decorator.py
[2023-11-22T19:35:12.484+0000] {processor.py:829} INFO - Processing file /home/airflow/.local/lib/python3.8/site-packages/airflow/example_dags/example_task_group_decorator.py for tasks to queue
[2023-11-22T19:35:12.485+0000] {logging_mixin.py:154} INFO - [2023-11-22T19:35:12.484+0000] {dagbag.py:536} INFO - Filling up the DagBag from /home/airflow/.local/lib/python3.8/site-packages/airflow/example_dags/example_task_group_decorator.py
[2023-11-22T19:35:12.496+0000] {processor.py:839} INFO - DAG(s) dict_keys(['example_task_group_decorator']) retrieved from /home/airflow/.local/lib/python3.8/site-packages/airflow/example_dags/example_task_group_decorator.py
[2023-11-22T19:35:12.520+0000] {logging_mixin.py:154} INFO - [2023-11-22T19:35:12.519+0000] {dag.py:2941} INFO - Sync 1 DAGs
[2023-11-22T19:35:12.536+0000] {logging_mixin.py:154} INFO - [2023-11-22T19:35:12.536+0000] {dag.py:3722} INFO - Setting next_dagrun for example_task_group_decorator to 2023-11-21T19:35:12.536274+00:00, run_after=2023-11-22T19:35:12.536274+00:00
[2023-11-22T19:35:12.549+0000] {processor.py:179} INFO - Processing /home/airflow/.local/lib/python3.8/site-packages/airflow/example_dags/example_task_group_decorator.py took 0.070 seconds
[2023-11-22T19:35:42.962+0000] {processor.py:157} INFO - Started process (PID=2975) to work on /home/airflow/.local/lib/python3.8/site-packages/airflow/example_dags/example_task_group_decorator.py
[2023-11-22T19:35:42.963+0000] {processor.py:829} INFO - Processing file /home/airflow/.local/lib/python3.8/site-packages/airflow/example_dags/example_task_group_decorator.py for tasks to queue
[2023-11-22T19:35:42.964+0000] {logging_mixin.py:154} INFO - [2023-11-22T19:35:42.963+0000] {dagbag.py:536} INFO - Filling up the DagBag from /home/airflow/.local/lib/python3.8/site-packages/airflow/example_dags/example_task_group_decorator.py
[2023-11-22T19:35:42.975+0000] {processor.py:839} INFO - DAG(s) dict_keys(['example_task_group_decorator']) retrieved from /home/airflow/.local/lib/python3.8/site-packages/airflow/example_dags/example_task_group_decorator.py
[2023-11-22T19:35:42.999+0000] {logging_mixin.py:154} INFO - [2023-11-22T19:35:42.999+0000] {dag.py:2941} INFO - Sync 1 DAGs
[2023-11-22T19:35:43.016+0000] {logging_mixin.py:154} INFO - [2023-11-22T19:35:43.016+0000] {dag.py:3722} INFO - Setting next_dagrun for example_task_group_decorator to 2023-11-21T19:35:43.016572+00:00, run_after=2023-11-22T19:35:43.016572+00:00
[2023-11-22T19:35:43.029+0000] {processor.py:179} INFO - Processing /home/airflow/.local/lib/python3.8/site-packages/airflow/example_dags/example_task_group_decorator.py took 0.071 seconds
[2023-11-22T19:36:13.406+0000] {processor.py:157} INFO - Started process (PID=3213) to work on /home/airflow/.local/lib/python3.8/site-packages/airflow/example_dags/example_task_group_decorator.py
[2023-11-22T19:36:13.407+0000] {processor.py:829} INFO - Processing file /home/airflow/.local/lib/python3.8/site-packages/airflow/example_dags/example_task_group_decorator.py for tasks to queue
[2023-11-22T19:36:13.408+0000] {logging_mixin.py:154} INFO - [2023-11-22T19:36:13.407+0000] {dagbag.py:536} INFO - Filling up the DagBag from /home/airflow/.local/lib/python3.8/site-packages/airflow/example_dags/example_task_group_decorator.py
[2023-11-22T19:36:13.419+0000] {processor.py:839} INFO - DAG(s) dict_keys(['example_task_group_decorator']) retrieved from /home/airflow/.local/lib/python3.8/site-packages/airflow/example_dags/example_task_group_decorator.py
[2023-11-22T19:36:13.443+0000] {logging_mixin.py:154} INFO - [2023-11-22T19:36:13.443+0000] {dag.py:2941} INFO - Sync 1 DAGs
[2023-11-22T19:36:13.459+0000] {logging_mixin.py:154} INFO - [2023-11-22T19:36:13.459+0000] {dag.py:3722} INFO - Setting next_dagrun for example_task_group_decorator to 2023-11-21T19:36:13.458773+00:00, run_after=2023-11-22T19:36:13.458773+00:00
[2023-11-22T19:36:13.472+0000] {processor.py:179} INFO - Processing /home/airflow/.local/lib/python3.8/site-packages/airflow/example_dags/example_task_group_decorator.py took 0.069 seconds
[2023-11-22T19:36:44.477+0000] {processor.py:157} INFO - Started process (PID=3453) to work on /home/airflow/.local/lib/python3.8/site-packages/airflow/example_dags/example_task_group_decorator.py
[2023-11-22T19:36:44.478+0000] {processor.py:829} INFO - Processing file /home/airflow/.local/lib/python3.8/site-packages/airflow/example_dags/example_task_group_decorator.py for tasks to queue
[2023-11-22T19:36:44.479+0000] {logging_mixin.py:154} INFO - [2023-11-22T19:36:44.479+0000] {dagbag.py:536} INFO - Filling up the DagBag from /home/airflow/.local/lib/python3.8/site-packages/airflow/example_dags/example_task_group_decorator.py
[2023-11-22T19:36:44.493+0000] {processor.py:839} INFO - DAG(s) dict_keys(['example_task_group_decorator']) retrieved from /home/airflow/.local/lib/python3.8/site-packages/airflow/example_dags/example_task_group_decorator.py
[2023-11-22T19:36:44.520+0000] {logging_mixin.py:154} INFO - [2023-11-22T19:36:44.520+0000] {dag.py:2941} INFO - Sync 1 DAGs
[2023-11-22T19:36:44.539+0000] {logging_mixin.py:154} INFO - [2023-11-22T19:36:44.539+0000] {dag.py:3722} INFO - Setting next_dagrun for example_task_group_decorator to 2023-11-21T19:36:44.539263+00:00, run_after=2023-11-22T19:36:44.539263+00:00
[2023-11-22T19:36:44.557+0000] {processor.py:179} INFO - Processing /home/airflow/.local/lib/python3.8/site-packages/airflow/example_dags/example_task_group_decorator.py took 0.083 seconds
[2023-11-22T19:37:15.415+0000] {processor.py:157} INFO - Started process (PID=3689) to work on /home/airflow/.local/lib/python3.8/site-packages/airflow/example_dags/example_task_group_decorator.py
[2023-11-22T19:37:15.416+0000] {processor.py:829} INFO - Processing file /home/airflow/.local/lib/python3.8/site-packages/airflow/example_dags/example_task_group_decorator.py for tasks to queue
[2023-11-22T19:37:15.417+0000] {logging_mixin.py:154} INFO - [2023-11-22T19:37:15.417+0000] {dagbag.py:536} INFO - Filling up the DagBag from /home/airflow/.local/lib/python3.8/site-packages/airflow/example_dags/example_task_group_decorator.py
[2023-11-22T19:37:15.432+0000] {processor.py:839} INFO - DAG(s) dict_keys(['example_task_group_decorator']) retrieved from /home/airflow/.local/lib/python3.8/site-packages/airflow/example_dags/example_task_group_decorator.py
[2023-11-22T19:37:15.462+0000] {logging_mixin.py:154} INFO - [2023-11-22T19:37:15.462+0000] {dag.py:2941} INFO - Sync 1 DAGs
[2023-11-22T19:37:15.482+0000] {logging_mixin.py:154} INFO - [2023-11-22T19:37:15.481+0000] {dag.py:3722} INFO - Setting next_dagrun for example_task_group_decorator to 2023-11-21T19:37:15.481691+00:00, run_after=2023-11-22T19:37:15.481691+00:00
[2023-11-22T19:37:15.496+0000] {processor.py:179} INFO - Processing /home/airflow/.local/lib/python3.8/site-packages/airflow/example_dags/example_task_group_decorator.py took 0.084 seconds
[2023-11-22T19:37:45.833+0000] {processor.py:157} INFO - Started process (PID=3927) to work on /home/airflow/.local/lib/python3.8/site-packages/airflow/example_dags/example_task_group_decorator.py
[2023-11-22T19:37:45.834+0000] {processor.py:829} INFO - Processing file /home/airflow/.local/lib/python3.8/site-packages/airflow/example_dags/example_task_group_decorator.py for tasks to queue
[2023-11-22T19:37:45.836+0000] {logging_mixin.py:154} INFO - [2023-11-22T19:37:45.835+0000] {dagbag.py:536} INFO - Filling up the DagBag from /home/airflow/.local/lib/python3.8/site-packages/airflow/example_dags/example_task_group_decorator.py
[2023-11-22T19:37:45.861+0000] {processor.py:839} INFO - DAG(s) dict_keys(['example_task_group_decorator']) retrieved from /home/airflow/.local/lib/python3.8/site-packages/airflow/example_dags/example_task_group_decorator.py
[2023-11-22T19:37:45.909+0000] {logging_mixin.py:154} INFO - [2023-11-22T19:37:45.909+0000] {dag.py:2941} INFO - Sync 1 DAGs
[2023-11-22T19:37:45.940+0000] {logging_mixin.py:154} INFO - [2023-11-22T19:37:45.940+0000] {dag.py:3722} INFO - Setting next_dagrun for example_task_group_decorator to 2023-11-21T19:37:45.940061+00:00, run_after=2023-11-22T19:37:45.940061+00:00
[2023-11-22T19:37:45.964+0000] {processor.py:179} INFO - Processing /home/airflow/.local/lib/python3.8/site-packages/airflow/example_dags/example_task_group_decorator.py took 0.138 seconds
[2023-11-22T19:38:16.013+0000] {processor.py:157} INFO - Started process (PID=4167) to work on /home/airflow/.local/lib/python3.8/site-packages/airflow/example_dags/example_task_group_decorator.py
[2023-11-22T19:38:16.014+0000] {processor.py:829} INFO - Processing file /home/airflow/.local/lib/python3.8/site-packages/airflow/example_dags/example_task_group_decorator.py for tasks to queue
[2023-11-22T19:38:16.014+0000] {logging_mixin.py:154} INFO - [2023-11-22T19:38:16.014+0000] {dagbag.py:536} INFO - Filling up the DagBag from /home/airflow/.local/lib/python3.8/site-packages/airflow/example_dags/example_task_group_decorator.py
[2023-11-22T19:38:16.026+0000] {processor.py:839} INFO - DAG(s) dict_keys(['example_task_group_decorator']) retrieved from /home/airflow/.local/lib/python3.8/site-packages/airflow/example_dags/example_task_group_decorator.py
[2023-11-22T19:38:16.049+0000] {logging_mixin.py:154} INFO - [2023-11-22T19:38:16.049+0000] {dag.py:2941} INFO - Sync 1 DAGs
[2023-11-22T19:38:16.064+0000] {logging_mixin.py:154} INFO - [2023-11-22T19:38:16.064+0000] {dag.py:3722} INFO - Setting next_dagrun for example_task_group_decorator to 2023-11-21T19:38:16.064575+00:00, run_after=2023-11-22T19:38:16.064575+00:00
[2023-11-22T19:38:16.078+0000] {processor.py:179} INFO - Processing /home/airflow/.local/lib/python3.8/site-packages/airflow/example_dags/example_task_group_decorator.py took 0.068 seconds
[2023-11-22T19:38:46.133+0000] {processor.py:157} INFO - Started process (PID=4404) to work on /home/airflow/.local/lib/python3.8/site-packages/airflow/example_dags/example_task_group_decorator.py
[2023-11-22T19:38:46.134+0000] {processor.py:829} INFO - Processing file /home/airflow/.local/lib/python3.8/site-packages/airflow/example_dags/example_task_group_decorator.py for tasks to queue
[2023-11-22T19:38:46.134+0000] {logging_mixin.py:154} INFO - [2023-11-22T19:38:46.134+0000] {dagbag.py:536} INFO - Filling up the DagBag from /home/airflow/.local/lib/python3.8/site-packages/airflow/example_dags/example_task_group_decorator.py
[2023-11-22T19:38:46.146+0000] {processor.py:839} INFO - DAG(s) dict_keys(['example_task_group_decorator']) retrieved from /home/airflow/.local/lib/python3.8/site-packages/airflow/example_dags/example_task_group_decorator.py
[2023-11-22T19:38:46.169+0000] {logging_mixin.py:154} INFO - [2023-11-22T19:38:46.169+0000] {dag.py:2941} INFO - Sync 1 DAGs
[2023-11-22T19:38:46.185+0000] {logging_mixin.py:154} INFO - [2023-11-22T19:38:46.184+0000] {dag.py:3722} INFO - Setting next_dagrun for example_task_group_decorator to 2023-11-21T19:38:46.184700+00:00, run_after=2023-11-22T19:38:46.184700+00:00
[2023-11-22T19:38:46.196+0000] {processor.py:179} INFO - Processing /home/airflow/.local/lib/python3.8/site-packages/airflow/example_dags/example_task_group_decorator.py took 0.067 seconds
[2023-11-22T19:39:16.524+0000] {processor.py:157} INFO - Started process (PID=4642) to work on /home/airflow/.local/lib/python3.8/site-packages/airflow/example_dags/example_task_group_decorator.py
[2023-11-22T19:39:16.525+0000] {processor.py:829} INFO - Processing file /home/airflow/.local/lib/python3.8/site-packages/airflow/example_dags/example_task_group_decorator.py for tasks to queue
[2023-11-22T19:39:16.526+0000] {logging_mixin.py:154} INFO - [2023-11-22T19:39:16.526+0000] {dagbag.py:536} INFO - Filling up the DagBag from /home/airflow/.local/lib/python3.8/site-packages/airflow/example_dags/example_task_group_decorator.py
[2023-11-22T19:39:16.537+0000] {processor.py:839} INFO - DAG(s) dict_keys(['example_task_group_decorator']) retrieved from /home/airflow/.local/lib/python3.8/site-packages/airflow/example_dags/example_task_group_decorator.py
[2023-11-22T19:39:16.559+0000] {logging_mixin.py:154} INFO - [2023-11-22T19:39:16.559+0000] {dag.py:2941} INFO - Sync 1 DAGs
[2023-11-22T19:39:16.575+0000] {logging_mixin.py:154} INFO - [2023-11-22T19:39:16.575+0000] {dag.py:3722} INFO - Setting next_dagrun for example_task_group_decorator to 2023-11-21T19:39:16.575256+00:00, run_after=2023-11-22T19:39:16.575256+00:00
[2023-11-22T19:39:16.587+0000] {processor.py:179} INFO - Processing /home/airflow/.local/lib/python3.8/site-packages/airflow/example_dags/example_task_group_decorator.py took 0.066 seconds
[2023-11-22T19:39:47.006+0000] {processor.py:157} INFO - Started process (PID=4878) to work on /home/airflow/.local/lib/python3.8/site-packages/airflow/example_dags/example_task_group_decorator.py
[2023-11-22T19:39:47.007+0000] {processor.py:829} INFO - Processing file /home/airflow/.local/lib/python3.8/site-packages/airflow/example_dags/example_task_group_decorator.py for tasks to queue
[2023-11-22T19:39:47.008+0000] {logging_mixin.py:154} INFO - [2023-11-22T19:39:47.008+0000] {dagbag.py:536} INFO - Filling up the DagBag from /home/airflow/.local/lib/python3.8/site-packages/airflow/example_dags/example_task_group_decorator.py
[2023-11-22T19:39:47.019+0000] {processor.py:839} INFO - DAG(s) dict_keys(['example_task_group_decorator']) retrieved from /home/airflow/.local/lib/python3.8/site-packages/airflow/example_dags/example_task_group_decorator.py
[2023-11-22T19:39:47.043+0000] {logging_mixin.py:154} INFO - [2023-11-22T19:39:47.042+0000] {dag.py:2941} INFO - Sync 1 DAGs
[2023-11-22T19:39:47.060+0000] {logging_mixin.py:154} INFO - [2023-11-22T19:39:47.059+0000] {dag.py:3722} INFO - Setting next_dagrun for example_task_group_decorator to 2023-11-21T19:39:47.059626+00:00, run_after=2023-11-22T19:39:47.059626+00:00
[2023-11-22T19:39:47.072+0000] {processor.py:179} INFO - Processing /home/airflow/.local/lib/python3.8/site-packages/airflow/example_dags/example_task_group_decorator.py took 0.068 seconds
[2023-11-22T19:40:17.490+0000] {processor.py:157} INFO - Started process (PID=5116) to work on /home/airflow/.local/lib/python3.8/site-packages/airflow/example_dags/example_task_group_decorator.py
[2023-11-22T19:40:17.491+0000] {processor.py:829} INFO - Processing file /home/airflow/.local/lib/python3.8/site-packages/airflow/example_dags/example_task_group_decorator.py for tasks to queue
[2023-11-22T19:40:17.492+0000] {logging_mixin.py:154} INFO - [2023-11-22T19:40:17.492+0000] {dagbag.py:536} INFO - Filling up the DagBag from /home/airflow/.local/lib/python3.8/site-packages/airflow/example_dags/example_task_group_decorator.py
[2023-11-22T19:40:17.504+0000] {processor.py:839} INFO - DAG(s) dict_keys(['example_task_group_decorator']) retrieved from /home/airflow/.local/lib/python3.8/site-packages/airflow/example_dags/example_task_group_decorator.py
[2023-11-22T19:40:17.527+0000] {logging_mixin.py:154} INFO - [2023-11-22T19:40:17.527+0000] {dag.py:2941} INFO - Sync 1 DAGs
[2023-11-22T19:40:17.544+0000] {logging_mixin.py:154} INFO - [2023-11-22T19:40:17.544+0000] {dag.py:3722} INFO - Setting next_dagrun for example_task_group_decorator to 2023-11-21T19:40:17.543193+00:00, run_after=2023-11-22T19:40:17.543193+00:00
[2023-11-22T19:40:17.557+0000] {processor.py:179} INFO - Processing /home/airflow/.local/lib/python3.8/site-packages/airflow/example_dags/example_task_group_decorator.py took 0.070 seconds
[2023-11-22T19:40:48.193+0000] {processor.py:157} INFO - Started process (PID=5354) to work on /home/airflow/.local/lib/python3.8/site-packages/airflow/example_dags/example_task_group_decorator.py
[2023-11-22T19:40:48.194+0000] {processor.py:829} INFO - Processing file /home/airflow/.local/lib/python3.8/site-packages/airflow/example_dags/example_task_group_decorator.py for tasks to queue
[2023-11-22T19:40:48.195+0000] {logging_mixin.py:154} INFO - [2023-11-22T19:40:48.194+0000] {dagbag.py:536} INFO - Filling up the DagBag from /home/airflow/.local/lib/python3.8/site-packages/airflow/example_dags/example_task_group_decorator.py
[2023-11-22T19:40:48.206+0000] {processor.py:839} INFO - DAG(s) dict_keys(['example_task_group_decorator']) retrieved from /home/airflow/.local/lib/python3.8/site-packages/airflow/example_dags/example_task_group_decorator.py
[2023-11-22T19:40:48.231+0000] {logging_mixin.py:154} INFO - [2023-11-22T19:40:48.231+0000] {dag.py:2941} INFO - Sync 1 DAGs
[2023-11-22T19:40:48.249+0000] {logging_mixin.py:154} INFO - [2023-11-22T19:40:48.249+0000] {dag.py:3722} INFO - Setting next_dagrun for example_task_group_decorator to 2023-11-21T19:40:48.248846+00:00, run_after=2023-11-22T19:40:48.248846+00:00
[2023-11-22T19:40:48.262+0000] {processor.py:179} INFO - Processing /home/airflow/.local/lib/python3.8/site-packages/airflow/example_dags/example_task_group_decorator.py took 0.073 seconds
[2023-11-22T19:41:18.628+0000] {processor.py:157} INFO - Started process (PID=5592) to work on /home/airflow/.local/lib/python3.8/site-packages/airflow/example_dags/example_task_group_decorator.py
[2023-11-22T19:41:18.629+0000] {processor.py:829} INFO - Processing file /home/airflow/.local/lib/python3.8/site-packages/airflow/example_dags/example_task_group_decorator.py for tasks to queue
[2023-11-22T19:41:18.630+0000] {logging_mixin.py:154} INFO - [2023-11-22T19:41:18.629+0000] {dagbag.py:536} INFO - Filling up the DagBag from /home/airflow/.local/lib/python3.8/site-packages/airflow/example_dags/example_task_group_decorator.py
[2023-11-22T19:41:18.642+0000] {processor.py:839} INFO - DAG(s) dict_keys(['example_task_group_decorator']) retrieved from /home/airflow/.local/lib/python3.8/site-packages/airflow/example_dags/example_task_group_decorator.py
[2023-11-22T19:41:18.665+0000] {logging_mixin.py:154} INFO - [2023-11-22T19:41:18.665+0000] {dag.py:2941} INFO - Sync 1 DAGs
[2023-11-22T19:41:18.681+0000] {logging_mixin.py:154} INFO - [2023-11-22T19:41:18.681+0000] {dag.py:3722} INFO - Setting next_dagrun for example_task_group_decorator to 2023-11-21T19:41:18.681230+00:00, run_after=2023-11-22T19:41:18.681230+00:00
[2023-11-22T19:41:18.693+0000] {processor.py:179} INFO - Processing /home/airflow/.local/lib/python3.8/site-packages/airflow/example_dags/example_task_group_decorator.py took 0.069 seconds
[2023-11-22T19:41:49.093+0000] {processor.py:157} INFO - Started process (PID=5830) to work on /home/airflow/.local/lib/python3.8/site-packages/airflow/example_dags/example_task_group_decorator.py
[2023-11-22T19:41:49.094+0000] {processor.py:829} INFO - Processing file /home/airflow/.local/lib/python3.8/site-packages/airflow/example_dags/example_task_group_decorator.py for tasks to queue
[2023-11-22T19:41:49.095+0000] {logging_mixin.py:154} INFO - [2023-11-22T19:41:49.094+0000] {dagbag.py:536} INFO - Filling up the DagBag from /home/airflow/.local/lib/python3.8/site-packages/airflow/example_dags/example_task_group_decorator.py
[2023-11-22T19:41:49.106+0000] {processor.py:839} INFO - DAG(s) dict_keys(['example_task_group_decorator']) retrieved from /home/airflow/.local/lib/python3.8/site-packages/airflow/example_dags/example_task_group_decorator.py
[2023-11-22T19:41:49.129+0000] {logging_mixin.py:154} INFO - [2023-11-22T19:41:49.129+0000] {dag.py:2941} INFO - Sync 1 DAGs
[2023-11-22T19:41:49.146+0000] {logging_mixin.py:154} INFO - [2023-11-22T19:41:49.146+0000] {dag.py:3722} INFO - Setting next_dagrun for example_task_group_decorator to 2023-11-21T19:41:49.145969+00:00, run_after=2023-11-22T19:41:49.145969+00:00
[2023-11-22T19:41:49.158+0000] {processor.py:179} INFO - Processing /home/airflow/.local/lib/python3.8/site-packages/airflow/example_dags/example_task_group_decorator.py took 0.068 seconds
[2023-11-22T19:42:19.473+0000] {processor.py:157} INFO - Started process (PID=6067) to work on /home/airflow/.local/lib/python3.8/site-packages/airflow/example_dags/example_task_group_decorator.py
[2023-11-22T19:42:19.474+0000] {processor.py:829} INFO - Processing file /home/airflow/.local/lib/python3.8/site-packages/airflow/example_dags/example_task_group_decorator.py for tasks to queue
[2023-11-22T19:42:19.475+0000] {logging_mixin.py:154} INFO - [2023-11-22T19:42:19.474+0000] {dagbag.py:536} INFO - Filling up the DagBag from /home/airflow/.local/lib/python3.8/site-packages/airflow/example_dags/example_task_group_decorator.py
[2023-11-22T19:42:19.486+0000] {processor.py:839} INFO - DAG(s) dict_keys(['example_task_group_decorator']) retrieved from /home/airflow/.local/lib/python3.8/site-packages/airflow/example_dags/example_task_group_decorator.py
[2023-11-22T19:42:19.509+0000] {logging_mixin.py:154} INFO - [2023-11-22T19:42:19.509+0000] {dag.py:2941} INFO - Sync 1 DAGs
[2023-11-22T19:42:19.525+0000] {logging_mixin.py:154} INFO - [2023-11-22T19:42:19.525+0000] {dag.py:3722} INFO - Setting next_dagrun for example_task_group_decorator to 2023-11-21T19:42:19.525048+00:00, run_after=2023-11-22T19:42:19.525048+00:00
[2023-11-22T19:42:19.539+0000] {processor.py:179} INFO - Processing /home/airflow/.local/lib/python3.8/site-packages/airflow/example_dags/example_task_group_decorator.py took 0.069 seconds
[2023-11-22T19:42:49.911+0000] {processor.py:157} INFO - Started process (PID=6305) to work on /home/airflow/.local/lib/python3.8/site-packages/airflow/example_dags/example_task_group_decorator.py
[2023-11-22T19:42:49.912+0000] {processor.py:829} INFO - Processing file /home/airflow/.local/lib/python3.8/site-packages/airflow/example_dags/example_task_group_decorator.py for tasks to queue
[2023-11-22T19:42:49.913+0000] {logging_mixin.py:154} INFO - [2023-11-22T19:42:49.913+0000] {dagbag.py:536} INFO - Filling up the DagBag from /home/airflow/.local/lib/python3.8/site-packages/airflow/example_dags/example_task_group_decorator.py
[2023-11-22T19:42:49.924+0000] {processor.py:839} INFO - DAG(s) dict_keys(['example_task_group_decorator']) retrieved from /home/airflow/.local/lib/python3.8/site-packages/airflow/example_dags/example_task_group_decorator.py
[2023-11-22T19:42:49.948+0000] {logging_mixin.py:154} INFO - [2023-11-22T19:42:49.947+0000] {dag.py:2941} INFO - Sync 1 DAGs
[2023-11-22T19:42:49.964+0000] {logging_mixin.py:154} INFO - [2023-11-22T19:42:49.964+0000] {dag.py:3722} INFO - Setting next_dagrun for example_task_group_decorator to 2023-11-21T19:42:49.963955+00:00, run_after=2023-11-22T19:42:49.963955+00:00
[2023-11-22T19:42:49.976+0000] {processor.py:179} INFO - Processing /home/airflow/.local/lib/python3.8/site-packages/airflow/example_dags/example_task_group_decorator.py took 0.068 seconds
[2023-11-22T19:43:20.311+0000] {processor.py:157} INFO - Started process (PID=6545) to work on /home/airflow/.local/lib/python3.8/site-packages/airflow/example_dags/example_task_group_decorator.py
[2023-11-22T19:43:20.312+0000] {processor.py:829} INFO - Processing file /home/airflow/.local/lib/python3.8/site-packages/airflow/example_dags/example_task_group_decorator.py for tasks to queue
[2023-11-22T19:43:20.313+0000] {logging_mixin.py:154} INFO - [2023-11-22T19:43:20.313+0000] {dagbag.py:536} INFO - Filling up the DagBag from /home/airflow/.local/lib/python3.8/site-packages/airflow/example_dags/example_task_group_decorator.py
[2023-11-22T19:43:20.325+0000] {processor.py:839} INFO - DAG(s) dict_keys(['example_task_group_decorator']) retrieved from /home/airflow/.local/lib/python3.8/site-packages/airflow/example_dags/example_task_group_decorator.py
[2023-11-22T19:43:20.347+0000] {logging_mixin.py:154} INFO - [2023-11-22T19:43:20.347+0000] {dag.py:2941} INFO - Sync 1 DAGs
[2023-11-22T19:43:20.363+0000] {logging_mixin.py:154} INFO - [2023-11-22T19:43:20.362+0000] {dag.py:3722} INFO - Setting next_dagrun for example_task_group_decorator to 2023-11-21T19:43:20.362658+00:00, run_after=2023-11-22T19:43:20.362658+00:00
[2023-11-22T19:43:20.375+0000] {processor.py:179} INFO - Processing /home/airflow/.local/lib/python3.8/site-packages/airflow/example_dags/example_task_group_decorator.py took 0.067 seconds
[2023-11-22T19:43:50.859+0000] {processor.py:157} INFO - Started process (PID=6788) to work on /home/airflow/.local/lib/python3.8/site-packages/airflow/example_dags/example_task_group_decorator.py
[2023-11-22T19:43:50.860+0000] {processor.py:829} INFO - Processing file /home/airflow/.local/lib/python3.8/site-packages/airflow/example_dags/example_task_group_decorator.py for tasks to queue
[2023-11-22T19:43:50.861+0000] {logging_mixin.py:154} INFO - [2023-11-22T19:43:50.860+0000] {dagbag.py:536} INFO - Filling up the DagBag from /home/airflow/.local/lib/python3.8/site-packages/airflow/example_dags/example_task_group_decorator.py
[2023-11-22T19:43:50.873+0000] {processor.py:839} INFO - DAG(s) dict_keys(['example_task_group_decorator']) retrieved from /home/airflow/.local/lib/python3.8/site-packages/airflow/example_dags/example_task_group_decorator.py
[2023-11-22T19:43:50.896+0000] {logging_mixin.py:154} INFO - [2023-11-22T19:43:50.896+0000] {dag.py:2941} INFO - Sync 1 DAGs
[2023-11-22T19:43:50.913+0000] {logging_mixin.py:154} INFO - [2023-11-22T19:43:50.913+0000] {dag.py:3722} INFO - Setting next_dagrun for example_task_group_decorator to 2023-11-21T19:43:50.913135+00:00, run_after=2023-11-22T19:43:50.913135+00:00
[2023-11-22T19:43:50.926+0000] {processor.py:179} INFO - Processing /home/airflow/.local/lib/python3.8/site-packages/airflow/example_dags/example_task_group_decorator.py took 0.069 seconds
[2023-11-22T19:44:21.258+0000] {processor.py:157} INFO - Started process (PID=7026) to work on /home/airflow/.local/lib/python3.8/site-packages/airflow/example_dags/example_task_group_decorator.py
[2023-11-22T19:44:21.259+0000] {processor.py:829} INFO - Processing file /home/airflow/.local/lib/python3.8/site-packages/airflow/example_dags/example_task_group_decorator.py for tasks to queue
[2023-11-22T19:44:21.260+0000] {logging_mixin.py:154} INFO - [2023-11-22T19:44:21.260+0000] {dagbag.py:536} INFO - Filling up the DagBag from /home/airflow/.local/lib/python3.8/site-packages/airflow/example_dags/example_task_group_decorator.py
[2023-11-22T19:44:21.272+0000] {processor.py:839} INFO - DAG(s) dict_keys(['example_task_group_decorator']) retrieved from /home/airflow/.local/lib/python3.8/site-packages/airflow/example_dags/example_task_group_decorator.py
[2023-11-22T19:44:21.295+0000] {logging_mixin.py:154} INFO - [2023-11-22T19:44:21.295+0000] {dag.py:2941} INFO - Sync 1 DAGs
[2023-11-22T19:44:21.312+0000] {logging_mixin.py:154} INFO - [2023-11-22T19:44:21.312+0000] {dag.py:3722} INFO - Setting next_dagrun for example_task_group_decorator to 2023-11-21T19:44:21.312201+00:00, run_after=2023-11-22T19:44:21.312201+00:00
[2023-11-22T19:44:21.326+0000] {processor.py:179} INFO - Processing /home/airflow/.local/lib/python3.8/site-packages/airflow/example_dags/example_task_group_decorator.py took 0.070 seconds
[2023-11-22T19:44:51.722+0000] {processor.py:157} INFO - Started process (PID=7264) to work on /home/airflow/.local/lib/python3.8/site-packages/airflow/example_dags/example_task_group_decorator.py
[2023-11-22T19:44:51.723+0000] {processor.py:829} INFO - Processing file /home/airflow/.local/lib/python3.8/site-packages/airflow/example_dags/example_task_group_decorator.py for tasks to queue
[2023-11-22T19:44:51.724+0000] {logging_mixin.py:154} INFO - [2023-11-22T19:44:51.723+0000] {dagbag.py:536} INFO - Filling up the DagBag from /home/airflow/.local/lib/python3.8/site-packages/airflow/example_dags/example_task_group_decorator.py
[2023-11-22T19:44:51.735+0000] {processor.py:839} INFO - DAG(s) dict_keys(['example_task_group_decorator']) retrieved from /home/airflow/.local/lib/python3.8/site-packages/airflow/example_dags/example_task_group_decorator.py
[2023-11-22T19:44:51.758+0000] {logging_mixin.py:154} INFO - [2023-11-22T19:44:51.758+0000] {dag.py:2941} INFO - Sync 1 DAGs
[2023-11-22T19:44:51.775+0000] {logging_mixin.py:154} INFO - [2023-11-22T19:44:51.775+0000] {dag.py:3722} INFO - Setting next_dagrun for example_task_group_decorator to 2023-11-21T19:44:51.774887+00:00, run_after=2023-11-22T19:44:51.774887+00:00
[2023-11-22T19:44:51.787+0000] {processor.py:179} INFO - Processing /home/airflow/.local/lib/python3.8/site-packages/airflow/example_dags/example_task_group_decorator.py took 0.068 seconds
[2023-11-22T19:45:22.105+0000] {processor.py:157} INFO - Started process (PID=7502) to work on /home/airflow/.local/lib/python3.8/site-packages/airflow/example_dags/example_task_group_decorator.py
[2023-11-22T19:45:22.105+0000] {processor.py:829} INFO - Processing file /home/airflow/.local/lib/python3.8/site-packages/airflow/example_dags/example_task_group_decorator.py for tasks to queue
[2023-11-22T19:45:22.106+0000] {logging_mixin.py:154} INFO - [2023-11-22T19:45:22.106+0000] {dagbag.py:536} INFO - Filling up the DagBag from /home/airflow/.local/lib/python3.8/site-packages/airflow/example_dags/example_task_group_decorator.py
[2023-11-22T19:45:22.118+0000] {processor.py:839} INFO - DAG(s) dict_keys(['example_task_group_decorator']) retrieved from /home/airflow/.local/lib/python3.8/site-packages/airflow/example_dags/example_task_group_decorator.py
[2023-11-22T19:45:22.141+0000] {logging_mixin.py:154} INFO - [2023-11-22T19:45:22.141+0000] {dag.py:2941} INFO - Sync 1 DAGs
[2023-11-22T19:45:22.157+0000] {logging_mixin.py:154} INFO - [2023-11-22T19:45:22.157+0000] {dag.py:3722} INFO - Setting next_dagrun for example_task_group_decorator to 2023-11-21T19:45:22.157168+00:00, run_after=2023-11-22T19:45:22.157168+00:00
[2023-11-22T19:45:22.169+0000] {processor.py:179} INFO - Processing /home/airflow/.local/lib/python3.8/site-packages/airflow/example_dags/example_task_group_decorator.py took 0.068 seconds
[2023-11-22T19:45:52.622+0000] {processor.py:157} INFO - Started process (PID=7740) to work on /home/airflow/.local/lib/python3.8/site-packages/airflow/example_dags/example_task_group_decorator.py
[2023-11-22T19:45:52.623+0000] {processor.py:829} INFO - Processing file /home/airflow/.local/lib/python3.8/site-packages/airflow/example_dags/example_task_group_decorator.py for tasks to queue
[2023-11-22T19:45:52.623+0000] {logging_mixin.py:154} INFO - [2023-11-22T19:45:52.623+0000] {dagbag.py:536} INFO - Filling up the DagBag from /home/airflow/.local/lib/python3.8/site-packages/airflow/example_dags/example_task_group_decorator.py
[2023-11-22T19:45:52.635+0000] {processor.py:839} INFO - DAG(s) dict_keys(['example_task_group_decorator']) retrieved from /home/airflow/.local/lib/python3.8/site-packages/airflow/example_dags/example_task_group_decorator.py
[2023-11-22T19:45:52.659+0000] {logging_mixin.py:154} INFO - [2023-11-22T19:45:52.658+0000] {dag.py:2941} INFO - Sync 1 DAGs
[2023-11-22T19:45:52.675+0000] {logging_mixin.py:154} INFO - [2023-11-22T19:45:52.675+0000] {dag.py:3722} INFO - Setting next_dagrun for example_task_group_decorator to 2023-11-21T19:45:52.674910+00:00, run_after=2023-11-22T19:45:52.674910+00:00
[2023-11-22T19:45:52.687+0000] {processor.py:179} INFO - Processing /home/airflow/.local/lib/python3.8/site-packages/airflow/example_dags/example_task_group_decorator.py took 0.069 seconds
[2023-11-22T19:46:23.075+0000] {processor.py:157} INFO - Started process (PID=7978) to work on /home/airflow/.local/lib/python3.8/site-packages/airflow/example_dags/example_task_group_decorator.py
[2023-11-22T19:46:23.076+0000] {processor.py:829} INFO - Processing file /home/airflow/.local/lib/python3.8/site-packages/airflow/example_dags/example_task_group_decorator.py for tasks to queue
[2023-11-22T19:46:23.077+0000] {logging_mixin.py:154} INFO - [2023-11-22T19:46:23.077+0000] {dagbag.py:536} INFO - Filling up the DagBag from /home/airflow/.local/lib/python3.8/site-packages/airflow/example_dags/example_task_group_decorator.py
[2023-11-22T19:46:23.089+0000] {processor.py:839} INFO - DAG(s) dict_keys(['example_task_group_decorator']) retrieved from /home/airflow/.local/lib/python3.8/site-packages/airflow/example_dags/example_task_group_decorator.py
[2023-11-22T19:46:23.112+0000] {logging_mixin.py:154} INFO - [2023-11-22T19:46:23.112+0000] {dag.py:2941} INFO - Sync 1 DAGs
[2023-11-22T19:46:23.129+0000] {logging_mixin.py:154} INFO - [2023-11-22T19:46:23.128+0000] {dag.py:3722} INFO - Setting next_dagrun for example_task_group_decorator to 2023-11-21T19:46:23.128640+00:00, run_after=2023-11-22T19:46:23.128640+00:00
[2023-11-22T19:46:23.141+0000] {processor.py:179} INFO - Processing /home/airflow/.local/lib/python3.8/site-packages/airflow/example_dags/example_task_group_decorator.py took 0.069 seconds
[2023-11-22T19:46:53.505+0000] {processor.py:157} INFO - Started process (PID=8216) to work on /home/airflow/.local/lib/python3.8/site-packages/airflow/example_dags/example_task_group_decorator.py
[2023-11-22T19:46:53.506+0000] {processor.py:829} INFO - Processing file /home/airflow/.local/lib/python3.8/site-packages/airflow/example_dags/example_task_group_decorator.py for tasks to queue
[2023-11-22T19:46:53.507+0000] {logging_mixin.py:154} INFO - [2023-11-22T19:46:53.507+0000] {dagbag.py:536} INFO - Filling up the DagBag from /home/airflow/.local/lib/python3.8/site-packages/airflow/example_dags/example_task_group_decorator.py
[2023-11-22T19:46:53.518+0000] {processor.py:839} INFO - DAG(s) dict_keys(['example_task_group_decorator']) retrieved from /home/airflow/.local/lib/python3.8/site-packages/airflow/example_dags/example_task_group_decorator.py
[2023-11-22T19:46:53.542+0000] {logging_mixin.py:154} INFO - [2023-11-22T19:46:53.541+0000] {dag.py:2941} INFO - Sync 1 DAGs
[2023-11-22T19:46:53.558+0000] {logging_mixin.py:154} INFO - [2023-11-22T19:46:53.558+0000] {dag.py:3722} INFO - Setting next_dagrun for example_task_group_decorator to 2023-11-21T19:46:53.557961+00:00, run_after=2023-11-22T19:46:53.557961+00:00
[2023-11-22T19:46:53.570+0000] {processor.py:179} INFO - Processing /home/airflow/.local/lib/python3.8/site-packages/airflow/example_dags/example_task_group_decorator.py took 0.068 seconds
[2023-11-22T19:47:24.012+0000] {processor.py:157} INFO - Started process (PID=8453) to work on /home/airflow/.local/lib/python3.8/site-packages/airflow/example_dags/example_task_group_decorator.py
[2023-11-22T19:47:24.012+0000] {processor.py:829} INFO - Processing file /home/airflow/.local/lib/python3.8/site-packages/airflow/example_dags/example_task_group_decorator.py for tasks to queue
[2023-11-22T19:47:24.013+0000] {logging_mixin.py:154} INFO - [2023-11-22T19:47:24.013+0000] {dagbag.py:536} INFO - Filling up the DagBag from /home/airflow/.local/lib/python3.8/site-packages/airflow/example_dags/example_task_group_decorator.py
[2023-11-22T19:47:24.025+0000] {processor.py:839} INFO - DAG(s) dict_keys(['example_task_group_decorator']) retrieved from /home/airflow/.local/lib/python3.8/site-packages/airflow/example_dags/example_task_group_decorator.py
[2023-11-22T19:47:24.049+0000] {logging_mixin.py:154} INFO - [2023-11-22T19:47:24.049+0000] {dag.py:2941} INFO - Sync 1 DAGs
[2023-11-22T19:47:24.066+0000] {logging_mixin.py:154} INFO - [2023-11-22T19:47:24.065+0000] {dag.py:3722} INFO - Setting next_dagrun for example_task_group_decorator to 2023-11-21T19:47:24.065586+00:00, run_after=2023-11-22T19:47:24.065586+00:00
[2023-11-22T19:47:24.080+0000] {processor.py:179} INFO - Processing /home/airflow/.local/lib/python3.8/site-packages/airflow/example_dags/example_task_group_decorator.py took 0.071 seconds
[2023-11-22T19:47:54.842+0000] {processor.py:157} INFO - Started process (PID=8691) to work on /home/airflow/.local/lib/python3.8/site-packages/airflow/example_dags/example_task_group_decorator.py
[2023-11-22T19:47:54.843+0000] {processor.py:829} INFO - Processing file /home/airflow/.local/lib/python3.8/site-packages/airflow/example_dags/example_task_group_decorator.py for tasks to queue
[2023-11-22T19:47:54.844+0000] {logging_mixin.py:154} INFO - [2023-11-22T19:47:54.843+0000] {dagbag.py:536} INFO - Filling up the DagBag from /home/airflow/.local/lib/python3.8/site-packages/airflow/example_dags/example_task_group_decorator.py
[2023-11-22T19:47:54.855+0000] {processor.py:839} INFO - DAG(s) dict_keys(['example_task_group_decorator']) retrieved from /home/airflow/.local/lib/python3.8/site-packages/airflow/example_dags/example_task_group_decorator.py
[2023-11-22T19:47:54.879+0000] {logging_mixin.py:154} INFO - [2023-11-22T19:47:54.879+0000] {dag.py:2941} INFO - Sync 1 DAGs
[2023-11-22T19:47:54.895+0000] {logging_mixin.py:154} INFO - [2023-11-22T19:47:54.895+0000] {dag.py:3722} INFO - Setting next_dagrun for example_task_group_decorator to 2023-11-21T19:47:54.895356+00:00, run_after=2023-11-22T19:47:54.895356+00:00
[2023-11-22T19:47:54.909+0000] {processor.py:179} INFO - Processing /home/airflow/.local/lib/python3.8/site-packages/airflow/example_dags/example_task_group_decorator.py took 0.069 seconds
[2023-11-22T19:48:25.969+0000] {processor.py:157} INFO - Started process (PID=8929) to work on /home/airflow/.local/lib/python3.8/site-packages/airflow/example_dags/example_task_group_decorator.py
[2023-11-22T19:48:25.970+0000] {processor.py:829} INFO - Processing file /home/airflow/.local/lib/python3.8/site-packages/airflow/example_dags/example_task_group_decorator.py for tasks to queue
[2023-11-22T19:48:25.971+0000] {logging_mixin.py:154} INFO - [2023-11-22T19:48:25.971+0000] {dagbag.py:536} INFO - Filling up the DagBag from /home/airflow/.local/lib/python3.8/site-packages/airflow/example_dags/example_task_group_decorator.py
[2023-11-22T19:48:25.983+0000] {processor.py:839} INFO - DAG(s) dict_keys(['example_task_group_decorator']) retrieved from /home/airflow/.local/lib/python3.8/site-packages/airflow/example_dags/example_task_group_decorator.py
[2023-11-22T19:48:26.008+0000] {logging_mixin.py:154} INFO - [2023-11-22T19:48:26.008+0000] {dag.py:2941} INFO - Sync 1 DAGs
[2023-11-22T19:48:26.027+0000] {logging_mixin.py:154} INFO - [2023-11-22T19:48:26.027+0000] {dag.py:3722} INFO - Setting next_dagrun for example_task_group_decorator to 2023-11-21T19:48:26.026872+00:00, run_after=2023-11-22T19:48:26.026872+00:00
[2023-11-22T19:48:26.164+0000] {processor.py:179} INFO - Processing /home/airflow/.local/lib/python3.8/site-packages/airflow/example_dags/example_task_group_decorator.py took 0.198 seconds
[2023-11-22T19:48:56.207+0000] {processor.py:157} INFO - Started process (PID=9167) to work on /home/airflow/.local/lib/python3.8/site-packages/airflow/example_dags/example_task_group_decorator.py
[2023-11-22T19:48:56.208+0000] {processor.py:829} INFO - Processing file /home/airflow/.local/lib/python3.8/site-packages/airflow/example_dags/example_task_group_decorator.py for tasks to queue
[2023-11-22T19:48:56.208+0000] {logging_mixin.py:154} INFO - [2023-11-22T19:48:56.208+0000] {dagbag.py:536} INFO - Filling up the DagBag from /home/airflow/.local/lib/python3.8/site-packages/airflow/example_dags/example_task_group_decorator.py
[2023-11-22T19:48:56.220+0000] {processor.py:839} INFO - DAG(s) dict_keys(['example_task_group_decorator']) retrieved from /home/airflow/.local/lib/python3.8/site-packages/airflow/example_dags/example_task_group_decorator.py
[2023-11-22T19:48:56.243+0000] {logging_mixin.py:154} INFO - [2023-11-22T19:48:56.243+0000] {dag.py:2941} INFO - Sync 1 DAGs
[2023-11-22T19:48:56.260+0000] {logging_mixin.py:154} INFO - [2023-11-22T19:48:56.259+0000] {dag.py:3722} INFO - Setting next_dagrun for example_task_group_decorator to 2023-11-21T19:48:56.259684+00:00, run_after=2023-11-22T19:48:56.259684+00:00
[2023-11-22T19:48:56.272+0000] {processor.py:179} INFO - Processing /home/airflow/.local/lib/python3.8/site-packages/airflow/example_dags/example_task_group_decorator.py took 0.068 seconds
[2023-11-22T19:49:27.285+0000] {processor.py:157} INFO - Started process (PID=9405) to work on /home/airflow/.local/lib/python3.8/site-packages/airflow/example_dags/example_task_group_decorator.py
[2023-11-22T19:49:27.286+0000] {processor.py:829} INFO - Processing file /home/airflow/.local/lib/python3.8/site-packages/airflow/example_dags/example_task_group_decorator.py for tasks to queue
[2023-11-22T19:49:27.287+0000] {logging_mixin.py:154} INFO - [2023-11-22T19:49:27.287+0000] {dagbag.py:536} INFO - Filling up the DagBag from /home/airflow/.local/lib/python3.8/site-packages/airflow/example_dags/example_task_group_decorator.py
[2023-11-22T19:49:27.300+0000] {processor.py:839} INFO - DAG(s) dict_keys(['example_task_group_decorator']) retrieved from /home/airflow/.local/lib/python3.8/site-packages/airflow/example_dags/example_task_group_decorator.py
[2023-11-22T19:49:27.328+0000] {logging_mixin.py:154} INFO - [2023-11-22T19:49:27.328+0000] {dag.py:2941} INFO - Sync 1 DAGs
[2023-11-22T19:49:27.347+0000] {logging_mixin.py:154} INFO - [2023-11-22T19:49:27.347+0000] {dag.py:3722} INFO - Setting next_dagrun for example_task_group_decorator to 2023-11-21T19:49:27.347223+00:00, run_after=2023-11-22T19:49:27.347223+00:00
[2023-11-22T19:49:27.361+0000] {processor.py:179} INFO - Processing /home/airflow/.local/lib/python3.8/site-packages/airflow/example_dags/example_task_group_decorator.py took 0.080 seconds
[2023-11-22T19:49:58.272+0000] {processor.py:157} INFO - Started process (PID=9643) to work on /home/airflow/.local/lib/python3.8/site-packages/airflow/example_dags/example_task_group_decorator.py
[2023-11-22T19:49:58.273+0000] {processor.py:829} INFO - Processing file /home/airflow/.local/lib/python3.8/site-packages/airflow/example_dags/example_task_group_decorator.py for tasks to queue
[2023-11-22T19:49:58.274+0000] {logging_mixin.py:154} INFO - [2023-11-22T19:49:58.274+0000] {dagbag.py:536} INFO - Filling up the DagBag from /home/airflow/.local/lib/python3.8/site-packages/airflow/example_dags/example_task_group_decorator.py
[2023-11-22T19:49:58.286+0000] {processor.py:839} INFO - DAG(s) dict_keys(['example_task_group_decorator']) retrieved from /home/airflow/.local/lib/python3.8/site-packages/airflow/example_dags/example_task_group_decorator.py
[2023-11-22T19:49:58.311+0000] {logging_mixin.py:154} INFO - [2023-11-22T19:49:58.311+0000] {dag.py:2941} INFO - Sync 1 DAGs
[2023-11-22T19:49:58.329+0000] {logging_mixin.py:154} INFO - [2023-11-22T19:49:58.329+0000] {dag.py:3722} INFO - Setting next_dagrun for example_task_group_decorator to 2023-11-21T19:49:58.329012+00:00, run_after=2023-11-22T19:49:58.329012+00:00
[2023-11-22T19:49:58.342+0000] {processor.py:179} INFO - Processing /home/airflow/.local/lib/python3.8/site-packages/airflow/example_dags/example_task_group_decorator.py took 0.072 seconds
[2023-11-22T19:50:28.866+0000] {processor.py:157} INFO - Started process (PID=9881) to work on /home/airflow/.local/lib/python3.8/site-packages/airflow/example_dags/example_task_group_decorator.py
[2023-11-22T19:50:28.867+0000] {processor.py:829} INFO - Processing file /home/airflow/.local/lib/python3.8/site-packages/airflow/example_dags/example_task_group_decorator.py for tasks to queue
[2023-11-22T19:50:28.868+0000] {logging_mixin.py:154} INFO - [2023-11-22T19:50:28.868+0000] {dagbag.py:536} INFO - Filling up the DagBag from /home/airflow/.local/lib/python3.8/site-packages/airflow/example_dags/example_task_group_decorator.py
[2023-11-22T19:50:28.880+0000] {processor.py:839} INFO - DAG(s) dict_keys(['example_task_group_decorator']) retrieved from /home/airflow/.local/lib/python3.8/site-packages/airflow/example_dags/example_task_group_decorator.py
[2023-11-22T19:50:29.033+0000] {logging_mixin.py:154} INFO - [2023-11-22T19:50:29.032+0000] {dag.py:2941} INFO - Sync 1 DAGs
[2023-11-22T19:50:29.048+0000] {logging_mixin.py:154} INFO - [2023-11-22T19:50:29.048+0000] {dag.py:3722} INFO - Setting next_dagrun for example_task_group_decorator to 2023-11-21T19:50:29.048529+00:00, run_after=2023-11-22T19:50:29.048529+00:00
[2023-11-22T19:50:29.061+0000] {processor.py:179} INFO - Processing /home/airflow/.local/lib/python3.8/site-packages/airflow/example_dags/example_task_group_decorator.py took 0.198 seconds
[2023-11-22T19:50:59.128+0000] {processor.py:157} INFO - Started process (PID=10119) to work on /home/airflow/.local/lib/python3.8/site-packages/airflow/example_dags/example_task_group_decorator.py
[2023-11-22T19:50:59.128+0000] {processor.py:829} INFO - Processing file /home/airflow/.local/lib/python3.8/site-packages/airflow/example_dags/example_task_group_decorator.py for tasks to queue
[2023-11-22T19:50:59.129+0000] {logging_mixin.py:154} INFO - [2023-11-22T19:50:59.129+0000] {dagbag.py:536} INFO - Filling up the DagBag from /home/airflow/.local/lib/python3.8/site-packages/airflow/example_dags/example_task_group_decorator.py
[2023-11-22T19:50:59.140+0000] {processor.py:839} INFO - DAG(s) dict_keys(['example_task_group_decorator']) retrieved from /home/airflow/.local/lib/python3.8/site-packages/airflow/example_dags/example_task_group_decorator.py
[2023-11-22T19:50:59.164+0000] {logging_mixin.py:154} INFO - [2023-11-22T19:50:59.163+0000] {dag.py:2941} INFO - Sync 1 DAGs
[2023-11-22T19:50:59.293+0000] {logging_mixin.py:154} INFO - [2023-11-22T19:50:59.293+0000] {dag.py:3722} INFO - Setting next_dagrun for example_task_group_decorator to 2023-11-21T19:50:59.292893+00:00, run_after=2023-11-22T19:50:59.292893+00:00
[2023-11-22T19:50:59.308+0000] {processor.py:179} INFO - Processing /home/airflow/.local/lib/python3.8/site-packages/airflow/example_dags/example_task_group_decorator.py took 0.183 seconds
[2023-11-22T19:51:30.134+0000] {processor.py:157} INFO - Started process (PID=10357) to work on /home/airflow/.local/lib/python3.8/site-packages/airflow/example_dags/example_task_group_decorator.py
[2023-11-22T19:51:30.135+0000] {processor.py:829} INFO - Processing file /home/airflow/.local/lib/python3.8/site-packages/airflow/example_dags/example_task_group_decorator.py for tasks to queue
[2023-11-22T19:51:30.136+0000] {logging_mixin.py:154} INFO - [2023-11-22T19:51:30.136+0000] {dagbag.py:536} INFO - Filling up the DagBag from /home/airflow/.local/lib/python3.8/site-packages/airflow/example_dags/example_task_group_decorator.py
[2023-11-22T19:51:30.147+0000] {processor.py:839} INFO - DAG(s) dict_keys(['example_task_group_decorator']) retrieved from /home/airflow/.local/lib/python3.8/site-packages/airflow/example_dags/example_task_group_decorator.py
[2023-11-22T19:51:30.171+0000] {logging_mixin.py:154} INFO - [2023-11-22T19:51:30.171+0000] {dag.py:2941} INFO - Sync 1 DAGs
[2023-11-22T19:51:30.188+0000] {logging_mixin.py:154} INFO - [2023-11-22T19:51:30.187+0000] {dag.py:3722} INFO - Setting next_dagrun for example_task_group_decorator to 2023-11-21T19:51:30.187667+00:00, run_after=2023-11-22T19:51:30.187667+00:00
[2023-11-22T19:51:30.313+0000] {processor.py:179} INFO - Processing /home/airflow/.local/lib/python3.8/site-packages/airflow/example_dags/example_task_group_decorator.py took 0.182 seconds
[2023-11-22T19:52:00.347+0000] {processor.py:157} INFO - Started process (PID=10595) to work on /home/airflow/.local/lib/python3.8/site-packages/airflow/example_dags/example_task_group_decorator.py
[2023-11-22T19:52:00.348+0000] {processor.py:829} INFO - Processing file /home/airflow/.local/lib/python3.8/site-packages/airflow/example_dags/example_task_group_decorator.py for tasks to queue
[2023-11-22T19:52:00.349+0000] {logging_mixin.py:154} INFO - [2023-11-22T19:52:00.349+0000] {dagbag.py:536} INFO - Filling up the DagBag from /home/airflow/.local/lib/python3.8/site-packages/airflow/example_dags/example_task_group_decorator.py
[2023-11-22T19:52:00.361+0000] {processor.py:839} INFO - DAG(s) dict_keys(['example_task_group_decorator']) retrieved from /home/airflow/.local/lib/python3.8/site-packages/airflow/example_dags/example_task_group_decorator.py
[2023-11-22T19:52:00.384+0000] {logging_mixin.py:154} INFO - [2023-11-22T19:52:00.384+0000] {dag.py:2941} INFO - Sync 1 DAGs
[2023-11-22T19:52:00.401+0000] {logging_mixin.py:154} INFO - [2023-11-22T19:52:00.401+0000] {dag.py:3722} INFO - Setting next_dagrun for example_task_group_decorator to 2023-11-21T19:52:00.401442+00:00, run_after=2023-11-22T19:52:00.401442+00:00
[2023-11-22T19:52:00.414+0000] {processor.py:179} INFO - Processing /home/airflow/.local/lib/python3.8/site-packages/airflow/example_dags/example_task_group_decorator.py took 0.070 seconds
[2023-11-22T19:52:30.858+0000] {processor.py:157} INFO - Started process (PID=10834) to work on /home/airflow/.local/lib/python3.8/site-packages/airflow/example_dags/example_task_group_decorator.py
[2023-11-22T19:52:30.859+0000] {processor.py:829} INFO - Processing file /home/airflow/.local/lib/python3.8/site-packages/airflow/example_dags/example_task_group_decorator.py for tasks to queue
[2023-11-22T19:52:30.859+0000] {logging_mixin.py:154} INFO - [2023-11-22T19:52:30.859+0000] {dagbag.py:536} INFO - Filling up the DagBag from /home/airflow/.local/lib/python3.8/site-packages/airflow/example_dags/example_task_group_decorator.py
[2023-11-22T19:52:30.871+0000] {processor.py:839} INFO - DAG(s) dict_keys(['example_task_group_decorator']) retrieved from /home/airflow/.local/lib/python3.8/site-packages/airflow/example_dags/example_task_group_decorator.py
[2023-11-22T19:52:30.894+0000] {logging_mixin.py:154} INFO - [2023-11-22T19:52:30.894+0000] {dag.py:2941} INFO - Sync 1 DAGs
[2023-11-22T19:52:30.910+0000] {logging_mixin.py:154} INFO - [2023-11-22T19:52:30.910+0000] {dag.py:3722} INFO - Setting next_dagrun for example_task_group_decorator to 2023-11-21T19:52:30.910307+00:00, run_after=2023-11-22T19:52:30.910307+00:00
[2023-11-22T19:52:30.923+0000] {processor.py:179} INFO - Processing /home/airflow/.local/lib/python3.8/site-packages/airflow/example_dags/example_task_group_decorator.py took 0.069 seconds
[2023-11-22T19:53:01.358+0000] {processor.py:157} INFO - Started process (PID=11072) to work on /home/airflow/.local/lib/python3.8/site-packages/airflow/example_dags/example_task_group_decorator.py
[2023-11-22T19:53:01.359+0000] {processor.py:829} INFO - Processing file /home/airflow/.local/lib/python3.8/site-packages/airflow/example_dags/example_task_group_decorator.py for tasks to queue
[2023-11-22T19:53:01.360+0000] {logging_mixin.py:154} INFO - [2023-11-22T19:53:01.360+0000] {dagbag.py:536} INFO - Filling up the DagBag from /home/airflow/.local/lib/python3.8/site-packages/airflow/example_dags/example_task_group_decorator.py
[2023-11-22T19:53:01.372+0000] {processor.py:839} INFO - DAG(s) dict_keys(['example_task_group_decorator']) retrieved from /home/airflow/.local/lib/python3.8/site-packages/airflow/example_dags/example_task_group_decorator.py
[2023-11-22T19:53:01.395+0000] {logging_mixin.py:154} INFO - [2023-11-22T19:53:01.395+0000] {dag.py:2941} INFO - Sync 1 DAGs
[2023-11-22T19:53:01.411+0000] {logging_mixin.py:154} INFO - [2023-11-22T19:53:01.411+0000] {dag.py:3722} INFO - Setting next_dagrun for example_task_group_decorator to 2023-11-21T19:53:01.411363+00:00, run_after=2023-11-22T19:53:01.411363+00:00
[2023-11-22T19:53:01.424+0000] {processor.py:179} INFO - Processing /home/airflow/.local/lib/python3.8/site-packages/airflow/example_dags/example_task_group_decorator.py took 0.069 seconds
[2023-11-22T19:53:31.717+0000] {processor.py:157} INFO - Started process (PID=11310) to work on /home/airflow/.local/lib/python3.8/site-packages/airflow/example_dags/example_task_group_decorator.py
[2023-11-22T19:53:31.718+0000] {processor.py:829} INFO - Processing file /home/airflow/.local/lib/python3.8/site-packages/airflow/example_dags/example_task_group_decorator.py for tasks to queue
[2023-11-22T19:53:31.719+0000] {logging_mixin.py:154} INFO - [2023-11-22T19:53:31.719+0000] {dagbag.py:536} INFO - Filling up the DagBag from /home/airflow/.local/lib/python3.8/site-packages/airflow/example_dags/example_task_group_decorator.py
[2023-11-22T19:53:31.731+0000] {processor.py:839} INFO - DAG(s) dict_keys(['example_task_group_decorator']) retrieved from /home/airflow/.local/lib/python3.8/site-packages/airflow/example_dags/example_task_group_decorator.py
[2023-11-22T19:53:31.754+0000] {logging_mixin.py:154} INFO - [2023-11-22T19:53:31.754+0000] {dag.py:2941} INFO - Sync 1 DAGs
[2023-11-22T19:53:31.771+0000] {logging_mixin.py:154} INFO - [2023-11-22T19:53:31.770+0000] {dag.py:3722} INFO - Setting next_dagrun for example_task_group_decorator to 2023-11-21T19:53:31.770725+00:00, run_after=2023-11-22T19:53:31.770725+00:00
[2023-11-22T19:53:31.783+0000] {processor.py:179} INFO - Processing /home/airflow/.local/lib/python3.8/site-packages/airflow/example_dags/example_task_group_decorator.py took 0.069 seconds
[2023-11-22T19:54:03.210+0000] {processor.py:157} INFO - Started process (PID=11548) to work on /home/airflow/.local/lib/python3.8/site-packages/airflow/example_dags/example_task_group_decorator.py
[2023-11-22T19:54:03.211+0000] {processor.py:829} INFO - Processing file /home/airflow/.local/lib/python3.8/site-packages/airflow/example_dags/example_task_group_decorator.py for tasks to queue
[2023-11-22T19:54:03.212+0000] {logging_mixin.py:154} INFO - [2023-11-22T19:54:03.211+0000] {dagbag.py:536} INFO - Filling up the DagBag from /home/airflow/.local/lib/python3.8/site-packages/airflow/example_dags/example_task_group_decorator.py
[2023-11-22T19:54:03.227+0000] {processor.py:839} INFO - DAG(s) dict_keys(['example_task_group_decorator']) retrieved from /home/airflow/.local/lib/python3.8/site-packages/airflow/example_dags/example_task_group_decorator.py
[2023-11-22T19:54:03.257+0000] {logging_mixin.py:154} INFO - [2023-11-22T19:54:03.257+0000] {dag.py:2941} INFO - Sync 1 DAGs
[2023-11-22T19:54:03.278+0000] {logging_mixin.py:154} INFO - [2023-11-22T19:54:03.278+0000] {dag.py:3722} INFO - Setting next_dagrun for example_task_group_decorator to 2023-11-21T19:54:03.278479+00:00, run_after=2023-11-22T19:54:03.278479+00:00
[2023-11-22T19:54:03.295+0000] {processor.py:179} INFO - Processing /home/airflow/.local/lib/python3.8/site-packages/airflow/example_dags/example_task_group_decorator.py took 0.089 seconds
[2023-11-22T20:36:15.830+0000] {processor.py:157} INFO - Started process (PID=11788) to work on /home/airflow/.local/lib/python3.8/site-packages/airflow/example_dags/example_task_group_decorator.py
[2023-11-22T20:36:15.831+0000] {processor.py:829} INFO - Processing file /home/airflow/.local/lib/python3.8/site-packages/airflow/example_dags/example_task_group_decorator.py for tasks to queue
[2023-11-22T20:36:15.832+0000] {logging_mixin.py:154} INFO - [2023-11-22T20:36:15.832+0000] {dagbag.py:536} INFO - Filling up the DagBag from /home/airflow/.local/lib/python3.8/site-packages/airflow/example_dags/example_task_group_decorator.py
[2023-11-22T20:36:15.844+0000] {processor.py:839} INFO - DAG(s) dict_keys(['example_task_group_decorator']) retrieved from /home/airflow/.local/lib/python3.8/site-packages/airflow/example_dags/example_task_group_decorator.py
[2023-11-22T20:36:15.867+0000] {logging_mixin.py:154} INFO - [2023-11-22T20:36:15.867+0000] {dag.py:2941} INFO - Sync 1 DAGs
[2023-11-22T20:36:15.884+0000] {logging_mixin.py:154} INFO - [2023-11-22T20:36:15.884+0000] {dag.py:3722} INFO - Setting next_dagrun for example_task_group_decorator to 2023-11-21T20:36:15.884202+00:00, run_after=2023-11-22T20:36:15.884202+00:00
[2023-11-22T20:36:15.896+0000] {processor.py:179} INFO - Processing /home/airflow/.local/lib/python3.8/site-packages/airflow/example_dags/example_task_group_decorator.py took 0.069 seconds
[2023-11-22T21:01:35.605+0000] {processor.py:157} INFO - Started process (PID=12027) to work on /home/airflow/.local/lib/python3.8/site-packages/airflow/example_dags/example_task_group_decorator.py
[2023-11-22T21:01:35.609+0000] {processor.py:829} INFO - Processing file /home/airflow/.local/lib/python3.8/site-packages/airflow/example_dags/example_task_group_decorator.py for tasks to queue
[2023-11-22T21:01:35.611+0000] {logging_mixin.py:154} INFO - [2023-11-22T21:01:35.610+0000] {dagbag.py:536} INFO - Filling up the DagBag from /home/airflow/.local/lib/python3.8/site-packages/airflow/example_dags/example_task_group_decorator.py
[2023-11-22T21:01:35.652+0000] {processor.py:839} INFO - DAG(s) dict_keys(['example_task_group_decorator']) retrieved from /home/airflow/.local/lib/python3.8/site-packages/airflow/example_dags/example_task_group_decorator.py
[2023-11-22T21:01:35.704+0000] {logging_mixin.py:154} INFO - [2023-11-22T21:01:35.704+0000] {dag.py:2941} INFO - Sync 1 DAGs
[2023-11-22T21:01:35.737+0000] {logging_mixin.py:154} INFO - [2023-11-22T21:01:35.737+0000] {dag.py:3722} INFO - Setting next_dagrun for example_task_group_decorator to 2023-11-21T21:01:35.737218+00:00, run_after=2023-11-22T21:01:35.737218+00:00
[2023-11-22T21:01:35.760+0000] {processor.py:179} INFO - Processing /home/airflow/.local/lib/python3.8/site-packages/airflow/example_dags/example_task_group_decorator.py took 0.166 seconds
[2023-11-22T21:02:05.902+0000] {processor.py:157} INFO - Started process (PID=12265) to work on /home/airflow/.local/lib/python3.8/site-packages/airflow/example_dags/example_task_group_decorator.py
[2023-11-22T21:02:05.903+0000] {processor.py:829} INFO - Processing file /home/airflow/.local/lib/python3.8/site-packages/airflow/example_dags/example_task_group_decorator.py for tasks to queue
[2023-11-22T21:02:05.903+0000] {logging_mixin.py:154} INFO - [2023-11-22T21:02:05.903+0000] {dagbag.py:536} INFO - Filling up the DagBag from /home/airflow/.local/lib/python3.8/site-packages/airflow/example_dags/example_task_group_decorator.py
[2023-11-22T21:02:05.917+0000] {processor.py:839} INFO - DAG(s) dict_keys(['example_task_group_decorator']) retrieved from /home/airflow/.local/lib/python3.8/site-packages/airflow/example_dags/example_task_group_decorator.py
[2023-11-22T21:02:05.943+0000] {logging_mixin.py:154} INFO - [2023-11-22T21:02:05.943+0000] {dag.py:2941} INFO - Sync 1 DAGs
[2023-11-22T21:02:05.961+0000] {logging_mixin.py:154} INFO - [2023-11-22T21:02:05.961+0000] {dag.py:3722} INFO - Setting next_dagrun for example_task_group_decorator to 2023-11-21T21:02:05.960813+00:00, run_after=2023-11-22T21:02:05.960813+00:00
[2023-11-22T21:02:05.974+0000] {processor.py:179} INFO - Processing /home/airflow/.local/lib/python3.8/site-packages/airflow/example_dags/example_task_group_decorator.py took 0.076 seconds
[2023-11-22T21:02:36.782+0000] {processor.py:157} INFO - Started process (PID=12503) to work on /home/airflow/.local/lib/python3.8/site-packages/airflow/example_dags/example_task_group_decorator.py
[2023-11-22T21:02:36.783+0000] {processor.py:829} INFO - Processing file /home/airflow/.local/lib/python3.8/site-packages/airflow/example_dags/example_task_group_decorator.py for tasks to queue
[2023-11-22T21:02:36.783+0000] {logging_mixin.py:154} INFO - [2023-11-22T21:02:36.783+0000] {dagbag.py:536} INFO - Filling up the DagBag from /home/airflow/.local/lib/python3.8/site-packages/airflow/example_dags/example_task_group_decorator.py
[2023-11-22T21:02:36.795+0000] {processor.py:839} INFO - DAG(s) dict_keys(['example_task_group_decorator']) retrieved from /home/airflow/.local/lib/python3.8/site-packages/airflow/example_dags/example_task_group_decorator.py
[2023-11-22T21:02:36.819+0000] {logging_mixin.py:154} INFO - [2023-11-22T21:02:36.818+0000] {dag.py:2941} INFO - Sync 1 DAGs
[2023-11-22T21:02:36.835+0000] {logging_mixin.py:154} INFO - [2023-11-22T21:02:36.835+0000] {dag.py:3722} INFO - Setting next_dagrun for example_task_group_decorator to 2023-11-21T21:02:36.835387+00:00, run_after=2023-11-22T21:02:36.835387+00:00
[2023-11-22T21:02:36.848+0000] {processor.py:179} INFO - Processing /home/airflow/.local/lib/python3.8/site-packages/airflow/example_dags/example_task_group_decorator.py took 0.070 seconds
[2023-11-22T21:03:07.190+0000] {processor.py:157} INFO - Started process (PID=12741) to work on /home/airflow/.local/lib/python3.8/site-packages/airflow/example_dags/example_task_group_decorator.py
[2023-11-22T21:03:07.192+0000] {processor.py:829} INFO - Processing file /home/airflow/.local/lib/python3.8/site-packages/airflow/example_dags/example_task_group_decorator.py for tasks to queue
[2023-11-22T21:03:07.195+0000] {logging_mixin.py:154} INFO - [2023-11-22T21:03:07.194+0000] {dagbag.py:536} INFO - Filling up the DagBag from /home/airflow/.local/lib/python3.8/site-packages/airflow/example_dags/example_task_group_decorator.py
[2023-11-22T21:03:07.218+0000] {processor.py:839} INFO - DAG(s) dict_keys(['example_task_group_decorator']) retrieved from /home/airflow/.local/lib/python3.8/site-packages/airflow/example_dags/example_task_group_decorator.py
[2023-11-22T21:03:07.280+0000] {logging_mixin.py:154} INFO - [2023-11-22T21:03:07.280+0000] {dag.py:2941} INFO - Sync 1 DAGs
[2023-11-22T21:03:07.311+0000] {logging_mixin.py:154} INFO - [2023-11-22T21:03:07.310+0000] {dag.py:3722} INFO - Setting next_dagrun for example_task_group_decorator to 2023-11-21T21:03:07.310553+00:00, run_after=2023-11-22T21:03:07.310553+00:00
[2023-11-22T21:03:07.332+0000] {processor.py:179} INFO - Processing /home/airflow/.local/lib/python3.8/site-packages/airflow/example_dags/example_task_group_decorator.py took 0.148 seconds
[2023-11-22T21:03:38.008+0000] {processor.py:157} INFO - Started process (PID=12979) to work on /home/airflow/.local/lib/python3.8/site-packages/airflow/example_dags/example_task_group_decorator.py
[2023-11-22T21:03:38.009+0000] {processor.py:829} INFO - Processing file /home/airflow/.local/lib/python3.8/site-packages/airflow/example_dags/example_task_group_decorator.py for tasks to queue
[2023-11-22T21:03:38.009+0000] {logging_mixin.py:154} INFO - [2023-11-22T21:03:38.009+0000] {dagbag.py:536} INFO - Filling up the DagBag from /home/airflow/.local/lib/python3.8/site-packages/airflow/example_dags/example_task_group_decorator.py
[2023-11-22T21:03:38.022+0000] {processor.py:839} INFO - DAG(s) dict_keys(['example_task_group_decorator']) retrieved from /home/airflow/.local/lib/python3.8/site-packages/airflow/example_dags/example_task_group_decorator.py
[2023-11-22T21:03:38.047+0000] {logging_mixin.py:154} INFO - [2023-11-22T21:03:38.047+0000] {dag.py:2941} INFO - Sync 1 DAGs
[2023-11-22T21:03:38.064+0000] {logging_mixin.py:154} INFO - [2023-11-22T21:03:38.064+0000] {dag.py:3722} INFO - Setting next_dagrun for example_task_group_decorator to 2023-11-21T21:03:38.063871+00:00, run_after=2023-11-22T21:03:38.063871+00:00
[2023-11-22T21:03:38.079+0000] {processor.py:179} INFO - Processing /home/airflow/.local/lib/python3.8/site-packages/airflow/example_dags/example_task_group_decorator.py took 0.074 seconds
[2023-11-22T21:04:08.544+0000] {processor.py:157} INFO - Started process (PID=13217) to work on /home/airflow/.local/lib/python3.8/site-packages/airflow/example_dags/example_task_group_decorator.py
[2023-11-22T21:04:08.546+0000] {processor.py:829} INFO - Processing file /home/airflow/.local/lib/python3.8/site-packages/airflow/example_dags/example_task_group_decorator.py for tasks to queue
[2023-11-22T21:04:08.550+0000] {logging_mixin.py:154} INFO - [2023-11-22T21:04:08.550+0000] {dagbag.py:536} INFO - Filling up the DagBag from /home/airflow/.local/lib/python3.8/site-packages/airflow/example_dags/example_task_group_decorator.py
[2023-11-22T21:04:08.568+0000] {processor.py:839} INFO - DAG(s) dict_keys(['example_task_group_decorator']) retrieved from /home/airflow/.local/lib/python3.8/site-packages/airflow/example_dags/example_task_group_decorator.py
[2023-11-22T21:04:08.597+0000] {logging_mixin.py:154} INFO - [2023-11-22T21:04:08.597+0000] {dag.py:2941} INFO - Sync 1 DAGs
[2023-11-22T21:04:08.621+0000] {logging_mixin.py:154} INFO - [2023-11-22T21:04:08.621+0000] {dag.py:3722} INFO - Setting next_dagrun for example_task_group_decorator to 2023-11-21T21:04:08.620703+00:00, run_after=2023-11-22T21:04:08.620703+00:00
[2023-11-22T21:04:08.635+0000] {processor.py:179} INFO - Processing /home/airflow/.local/lib/python3.8/site-packages/airflow/example_dags/example_task_group_decorator.py took 0.095 seconds
[2023-11-22T21:04:39.144+0000] {processor.py:157} INFO - Started process (PID=13455) to work on /home/airflow/.local/lib/python3.8/site-packages/airflow/example_dags/example_task_group_decorator.py
[2023-11-22T21:04:39.145+0000] {processor.py:829} INFO - Processing file /home/airflow/.local/lib/python3.8/site-packages/airflow/example_dags/example_task_group_decorator.py for tasks to queue
[2023-11-22T21:04:39.146+0000] {logging_mixin.py:154} INFO - [2023-11-22T21:04:39.146+0000] {dagbag.py:536} INFO - Filling up the DagBag from /home/airflow/.local/lib/python3.8/site-packages/airflow/example_dags/example_task_group_decorator.py
[2023-11-22T21:04:39.158+0000] {processor.py:839} INFO - DAG(s) dict_keys(['example_task_group_decorator']) retrieved from /home/airflow/.local/lib/python3.8/site-packages/airflow/example_dags/example_task_group_decorator.py
[2023-11-22T21:04:39.182+0000] {logging_mixin.py:154} INFO - [2023-11-22T21:04:39.181+0000] {dag.py:2941} INFO - Sync 1 DAGs
[2023-11-22T21:04:39.198+0000] {logging_mixin.py:154} INFO - [2023-11-22T21:04:39.198+0000] {dag.py:3722} INFO - Setting next_dagrun for example_task_group_decorator to 2023-11-21T21:04:39.198203+00:00, run_after=2023-11-22T21:04:39.198203+00:00
[2023-11-22T21:04:39.211+0000] {processor.py:179} INFO - Processing /home/airflow/.local/lib/python3.8/site-packages/airflow/example_dags/example_task_group_decorator.py took 0.070 seconds
[2023-11-22T21:05:09.659+0000] {processor.py:157} INFO - Started process (PID=13693) to work on /home/airflow/.local/lib/python3.8/site-packages/airflow/example_dags/example_task_group_decorator.py
[2023-11-22T21:05:09.660+0000] {processor.py:829} INFO - Processing file /home/airflow/.local/lib/python3.8/site-packages/airflow/example_dags/example_task_group_decorator.py for tasks to queue
[2023-11-22T21:05:09.661+0000] {logging_mixin.py:154} INFO - [2023-11-22T21:05:09.660+0000] {dagbag.py:536} INFO - Filling up the DagBag from /home/airflow/.local/lib/python3.8/site-packages/airflow/example_dags/example_task_group_decorator.py
[2023-11-22T21:05:09.673+0000] {processor.py:839} INFO - DAG(s) dict_keys(['example_task_group_decorator']) retrieved from /home/airflow/.local/lib/python3.8/site-packages/airflow/example_dags/example_task_group_decorator.py
[2023-11-22T21:05:09.696+0000] {logging_mixin.py:154} INFO - [2023-11-22T21:05:09.696+0000] {dag.py:2941} INFO - Sync 1 DAGs
[2023-11-22T21:05:09.713+0000] {logging_mixin.py:154} INFO - [2023-11-22T21:05:09.713+0000] {dag.py:3722} INFO - Setting next_dagrun for example_task_group_decorator to 2023-11-21T21:05:09.713443+00:00, run_after=2023-11-22T21:05:09.713443+00:00
[2023-11-22T21:05:09.726+0000] {processor.py:179} INFO - Processing /home/airflow/.local/lib/python3.8/site-packages/airflow/example_dags/example_task_group_decorator.py took 0.070 seconds
[2023-11-22T21:05:40.599+0000] {processor.py:157} INFO - Started process (PID=13930) to work on /home/airflow/.local/lib/python3.8/site-packages/airflow/example_dags/example_task_group_decorator.py
[2023-11-22T21:05:40.600+0000] {processor.py:829} INFO - Processing file /home/airflow/.local/lib/python3.8/site-packages/airflow/example_dags/example_task_group_decorator.py for tasks to queue
[2023-11-22T21:05:40.601+0000] {logging_mixin.py:154} INFO - [2023-11-22T21:05:40.601+0000] {dagbag.py:536} INFO - Filling up the DagBag from /home/airflow/.local/lib/python3.8/site-packages/airflow/example_dags/example_task_group_decorator.py
[2023-11-22T21:05:40.614+0000] {processor.py:839} INFO - DAG(s) dict_keys(['example_task_group_decorator']) retrieved from /home/airflow/.local/lib/python3.8/site-packages/airflow/example_dags/example_task_group_decorator.py
[2023-11-22T21:05:40.645+0000] {logging_mixin.py:154} INFO - [2023-11-22T21:05:40.645+0000] {dag.py:2941} INFO - Sync 1 DAGs
[2023-11-22T21:05:40.667+0000] {logging_mixin.py:154} INFO - [2023-11-22T21:05:40.666+0000] {dag.py:3722} INFO - Setting next_dagrun for example_task_group_decorator to 2023-11-21T21:05:40.666565+00:00, run_after=2023-11-22T21:05:40.666565+00:00
[2023-11-22T21:05:40.690+0000] {processor.py:179} INFO - Processing /home/airflow/.local/lib/python3.8/site-packages/airflow/example_dags/example_task_group_decorator.py took 0.095 seconds
[2023-11-22T21:06:10.727+0000] {processor.py:157} INFO - Started process (PID=14168) to work on /home/airflow/.local/lib/python3.8/site-packages/airflow/example_dags/example_task_group_decorator.py
[2023-11-22T21:06:10.728+0000] {processor.py:829} INFO - Processing file /home/airflow/.local/lib/python3.8/site-packages/airflow/example_dags/example_task_group_decorator.py for tasks to queue
[2023-11-22T21:06:10.729+0000] {logging_mixin.py:154} INFO - [2023-11-22T21:06:10.728+0000] {dagbag.py:536} INFO - Filling up the DagBag from /home/airflow/.local/lib/python3.8/site-packages/airflow/example_dags/example_task_group_decorator.py
[2023-11-22T21:06:10.741+0000] {processor.py:839} INFO - DAG(s) dict_keys(['example_task_group_decorator']) retrieved from /home/airflow/.local/lib/python3.8/site-packages/airflow/example_dags/example_task_group_decorator.py
[2023-11-22T21:06:10.766+0000] {logging_mixin.py:154} INFO - [2023-11-22T21:06:10.766+0000] {dag.py:2941} INFO - Sync 1 DAGs
[2023-11-22T21:06:10.784+0000] {logging_mixin.py:154} INFO - [2023-11-22T21:06:10.784+0000] {dag.py:3722} INFO - Setting next_dagrun for example_task_group_decorator to 2023-11-21T21:06:10.783909+00:00, run_after=2023-11-22T21:06:10.783909+00:00
[2023-11-22T21:06:10.798+0000] {processor.py:179} INFO - Processing /home/airflow/.local/lib/python3.8/site-packages/airflow/example_dags/example_task_group_decorator.py took 0.074 seconds
[2023-11-22T21:06:41.638+0000] {processor.py:157} INFO - Started process (PID=14407) to work on /home/airflow/.local/lib/python3.8/site-packages/airflow/example_dags/example_task_group_decorator.py
[2023-11-22T21:06:41.639+0000] {processor.py:829} INFO - Processing file /home/airflow/.local/lib/python3.8/site-packages/airflow/example_dags/example_task_group_decorator.py for tasks to queue
[2023-11-22T21:06:41.640+0000] {logging_mixin.py:154} INFO - [2023-11-22T21:06:41.640+0000] {dagbag.py:536} INFO - Filling up the DagBag from /home/airflow/.local/lib/python3.8/site-packages/airflow/example_dags/example_task_group_decorator.py
[2023-11-22T21:06:41.652+0000] {processor.py:839} INFO - DAG(s) dict_keys(['example_task_group_decorator']) retrieved from /home/airflow/.local/lib/python3.8/site-packages/airflow/example_dags/example_task_group_decorator.py
[2023-11-22T21:06:41.676+0000] {logging_mixin.py:154} INFO - [2023-11-22T21:06:41.676+0000] {dag.py:2941} INFO - Sync 1 DAGs
[2023-11-22T21:06:41.693+0000] {logging_mixin.py:154} INFO - [2023-11-22T21:06:41.693+0000] {dag.py:3722} INFO - Setting next_dagrun for example_task_group_decorator to 2023-11-21T21:06:41.692749+00:00, run_after=2023-11-22T21:06:41.692749+00:00
[2023-11-22T21:06:41.706+0000] {processor.py:179} INFO - Processing /home/airflow/.local/lib/python3.8/site-packages/airflow/example_dags/example_task_group_decorator.py took 0.071 seconds
[2023-11-22T21:07:12.960+0000] {processor.py:157} INFO - Started process (PID=14646) to work on /home/airflow/.local/lib/python3.8/site-packages/airflow/example_dags/example_task_group_decorator.py
[2023-11-22T21:07:12.962+0000] {processor.py:829} INFO - Processing file /home/airflow/.local/lib/python3.8/site-packages/airflow/example_dags/example_task_group_decorator.py for tasks to queue
[2023-11-22T21:07:12.965+0000] {logging_mixin.py:154} INFO - [2023-11-22T21:07:12.964+0000] {dagbag.py:536} INFO - Filling up the DagBag from /home/airflow/.local/lib/python3.8/site-packages/airflow/example_dags/example_task_group_decorator.py
[2023-11-22T21:07:13.004+0000] {processor.py:839} INFO - DAG(s) dict_keys(['example_task_group_decorator']) retrieved from /home/airflow/.local/lib/python3.8/site-packages/airflow/example_dags/example_task_group_decorator.py
[2023-11-22T21:07:13.057+0000] {logging_mixin.py:154} INFO - [2023-11-22T21:07:13.057+0000] {dag.py:2941} INFO - Sync 1 DAGs
[2023-11-22T21:07:13.089+0000] {logging_mixin.py:154} INFO - [2023-11-22T21:07:13.089+0000] {dag.py:3722} INFO - Setting next_dagrun for example_task_group_decorator to 2023-11-21T21:07:13.088478+00:00, run_after=2023-11-22T21:07:13.088478+00:00
[2023-11-22T21:07:13.116+0000] {processor.py:179} INFO - Processing /home/airflow/.local/lib/python3.8/site-packages/airflow/example_dags/example_task_group_decorator.py took 0.165 seconds
[2023-11-22T21:07:43.767+0000] {processor.py:157} INFO - Started process (PID=14882) to work on /home/airflow/.local/lib/python3.8/site-packages/airflow/example_dags/example_task_group_decorator.py
[2023-11-22T21:07:43.768+0000] {processor.py:829} INFO - Processing file /home/airflow/.local/lib/python3.8/site-packages/airflow/example_dags/example_task_group_decorator.py for tasks to queue
[2023-11-22T21:07:43.769+0000] {logging_mixin.py:154} INFO - [2023-11-22T21:07:43.768+0000] {dagbag.py:536} INFO - Filling up the DagBag from /home/airflow/.local/lib/python3.8/site-packages/airflow/example_dags/example_task_group_decorator.py
[2023-11-22T21:07:43.781+0000] {processor.py:839} INFO - DAG(s) dict_keys(['example_task_group_decorator']) retrieved from /home/airflow/.local/lib/python3.8/site-packages/airflow/example_dags/example_task_group_decorator.py
[2023-11-22T21:07:43.805+0000] {logging_mixin.py:154} INFO - [2023-11-22T21:07:43.804+0000] {dag.py:2941} INFO - Sync 1 DAGs
[2023-11-22T21:07:43.822+0000] {logging_mixin.py:154} INFO - [2023-11-22T21:07:43.822+0000] {dag.py:3722} INFO - Setting next_dagrun for example_task_group_decorator to 2023-11-21T21:07:43.821835+00:00, run_after=2023-11-22T21:07:43.821835+00:00
[2023-11-22T21:07:43.835+0000] {processor.py:179} INFO - Processing /home/airflow/.local/lib/python3.8/site-packages/airflow/example_dags/example_task_group_decorator.py took 0.071 seconds
[2023-11-22T21:08:14.584+0000] {processor.py:157} INFO - Started process (PID=15120) to work on /home/airflow/.local/lib/python3.8/site-packages/airflow/example_dags/example_task_group_decorator.py
[2023-11-22T21:08:14.585+0000] {processor.py:829} INFO - Processing file /home/airflow/.local/lib/python3.8/site-packages/airflow/example_dags/example_task_group_decorator.py for tasks to queue
[2023-11-22T21:08:14.585+0000] {logging_mixin.py:154} INFO - [2023-11-22T21:08:14.585+0000] {dagbag.py:536} INFO - Filling up the DagBag from /home/airflow/.local/lib/python3.8/site-packages/airflow/example_dags/example_task_group_decorator.py
[2023-11-22T21:08:14.598+0000] {processor.py:839} INFO - DAG(s) dict_keys(['example_task_group_decorator']) retrieved from /home/airflow/.local/lib/python3.8/site-packages/airflow/example_dags/example_task_group_decorator.py
[2023-11-22T21:08:14.621+0000] {logging_mixin.py:154} INFO - [2023-11-22T21:08:14.621+0000] {dag.py:2941} INFO - Sync 1 DAGs
[2023-11-22T21:08:14.639+0000] {logging_mixin.py:154} INFO - [2023-11-22T21:08:14.639+0000] {dag.py:3722} INFO - Setting next_dagrun for example_task_group_decorator to 2023-11-21T21:08:14.639474+00:00, run_after=2023-11-22T21:08:14.639474+00:00
[2023-11-22T21:08:14.653+0000] {processor.py:179} INFO - Processing /home/airflow/.local/lib/python3.8/site-packages/airflow/example_dags/example_task_group_decorator.py took 0.073 seconds
[2023-11-22T21:08:45.166+0000] {processor.py:157} INFO - Started process (PID=15358) to work on /home/airflow/.local/lib/python3.8/site-packages/airflow/example_dags/example_task_group_decorator.py
[2023-11-22T21:08:45.168+0000] {processor.py:829} INFO - Processing file /home/airflow/.local/lib/python3.8/site-packages/airflow/example_dags/example_task_group_decorator.py for tasks to queue
[2023-11-22T21:08:45.170+0000] {logging_mixin.py:154} INFO - [2023-11-22T21:08:45.169+0000] {dagbag.py:536} INFO - Filling up the DagBag from /home/airflow/.local/lib/python3.8/site-packages/airflow/example_dags/example_task_group_decorator.py
[2023-11-22T21:08:45.196+0000] {processor.py:839} INFO - DAG(s) dict_keys(['example_task_group_decorator']) retrieved from /home/airflow/.local/lib/python3.8/site-packages/airflow/example_dags/example_task_group_decorator.py
[2023-11-22T21:08:45.248+0000] {logging_mixin.py:154} INFO - [2023-11-22T21:08:45.247+0000] {dag.py:2941} INFO - Sync 1 DAGs
[2023-11-22T21:08:45.289+0000] {logging_mixin.py:154} INFO - [2023-11-22T21:08:45.288+0000] {dag.py:3722} INFO - Setting next_dagrun for example_task_group_decorator to 2023-11-21T21:08:45.288237+00:00, run_after=2023-11-22T21:08:45.288237+00:00
[2023-11-22T21:08:45.334+0000] {processor.py:179} INFO - Processing /home/airflow/.local/lib/python3.8/site-packages/airflow/example_dags/example_task_group_decorator.py took 0.174 seconds
[2023-11-22T21:09:44.038+0000] {processor.py:157} INFO - Started process (PID=357) to work on /home/airflow/.local/lib/python3.8/site-packages/airflow/example_dags/example_task_group_decorator.py
[2023-11-22T21:09:44.040+0000] {processor.py:829} INFO - Processing file /home/airflow/.local/lib/python3.8/site-packages/airflow/example_dags/example_task_group_decorator.py for tasks to queue
[2023-11-22T21:09:44.048+0000] {logging_mixin.py:154} INFO - [2023-11-22T21:09:44.047+0000] {dagbag.py:536} INFO - Filling up the DagBag from /home/airflow/.local/lib/python3.8/site-packages/airflow/example_dags/example_task_group_decorator.py
[2023-11-22T21:09:44.064+0000] {processor.py:839} INFO - DAG(s) dict_keys(['example_task_group_decorator']) retrieved from /home/airflow/.local/lib/python3.8/site-packages/airflow/example_dags/example_task_group_decorator.py
[2023-11-22T21:09:44.093+0000] {logging_mixin.py:154} INFO - [2023-11-22T21:09:44.093+0000] {dag.py:2941} INFO - Sync 1 DAGs
[2023-11-22T21:09:44.127+0000] {logging_mixin.py:154} INFO - [2023-11-22T21:09:44.127+0000] {dag.py:3722} INFO - Setting next_dagrun for example_task_group_decorator to 2023-11-21T21:09:44.126910+00:00, run_after=2023-11-22T21:09:44.126910+00:00
[2023-11-22T21:09:44.150+0000] {processor.py:179} INFO - Processing /home/airflow/.local/lib/python3.8/site-packages/airflow/example_dags/example_task_group_decorator.py took 0.116 seconds
[2023-11-22T21:10:15.195+0000] {processor.py:157} INFO - Started process (PID=598) to work on /home/airflow/.local/lib/python3.8/site-packages/airflow/example_dags/example_task_group_decorator.py
[2023-11-22T21:10:15.197+0000] {processor.py:829} INFO - Processing file /home/airflow/.local/lib/python3.8/site-packages/airflow/example_dags/example_task_group_decorator.py for tasks to queue
[2023-11-22T21:10:15.198+0000] {logging_mixin.py:154} INFO - [2023-11-22T21:10:15.198+0000] {dagbag.py:536} INFO - Filling up the DagBag from /home/airflow/.local/lib/python3.8/site-packages/airflow/example_dags/example_task_group_decorator.py
[2023-11-22T21:10:15.216+0000] {processor.py:839} INFO - DAG(s) dict_keys(['example_task_group_decorator']) retrieved from /home/airflow/.local/lib/python3.8/site-packages/airflow/example_dags/example_task_group_decorator.py
[2023-11-22T21:10:15.241+0000] {logging_mixin.py:154} INFO - [2023-11-22T21:10:15.241+0000] {dag.py:2941} INFO - Sync 1 DAGs
[2023-11-22T21:10:15.258+0000] {logging_mixin.py:154} INFO - [2023-11-22T21:10:15.257+0000] {dag.py:3722} INFO - Setting next_dagrun for example_task_group_decorator to 2023-11-21T21:10:15.257526+00:00, run_after=2023-11-22T21:10:15.257526+00:00
[2023-11-22T21:10:15.273+0000] {processor.py:179} INFO - Processing /home/airflow/.local/lib/python3.8/site-packages/airflow/example_dags/example_task_group_decorator.py took 0.083 seconds
