[2023-11-22T19:30:06.826+0000] {processor.py:157} INFO - Started process (PID=352) to work on /home/airflow/.local/lib/python3.8/site-packages/airflow/example_dags/example_branch_day_of_week_operator.py
[2023-11-22T19:30:06.827+0000] {processor.py:829} INFO - Processing file /home/airflow/.local/lib/python3.8/site-packages/airflow/example_dags/example_branch_day_of_week_operator.py for tasks to queue
[2023-11-22T19:30:06.829+0000] {logging_mixin.py:154} INFO - [2023-11-22T19:30:06.828+0000] {dagbag.py:536} INFO - Filling up the DagBag from /home/airflow/.local/lib/python3.8/site-packages/airflow/example_dags/example_branch_day_of_week_operator.py
[2023-11-22T19:30:06.838+0000] {processor.py:839} INFO - DAG(s) dict_keys(['example_weekday_branch_operator']) retrieved from /home/airflow/.local/lib/python3.8/site-packages/airflow/example_dags/example_branch_day_of_week_operator.py
[2023-11-22T19:30:06.858+0000] {logging_mixin.py:154} INFO - [2023-11-22T19:30:06.858+0000] {dag.py:2941} INFO - Sync 1 DAGs
[2023-11-22T19:30:06.885+0000] {logging_mixin.py:154} INFO - [2023-11-22T19:30:06.885+0000] {dag.py:3722} INFO - Setting next_dagrun for example_weekday_branch_operator to 2023-11-21T00:00:00+00:00, run_after=2023-11-22T00:00:00+00:00
[2023-11-22T19:30:06.916+0000] {processor.py:179} INFO - Processing /home/airflow/.local/lib/python3.8/site-packages/airflow/example_dags/example_branch_day_of_week_operator.py took 0.094 seconds
[2023-11-22T19:30:37.364+0000] {processor.py:157} INFO - Started process (PID=590) to work on /home/airflow/.local/lib/python3.8/site-packages/airflow/example_dags/example_branch_day_of_week_operator.py
[2023-11-22T19:30:37.366+0000] {processor.py:829} INFO - Processing file /home/airflow/.local/lib/python3.8/site-packages/airflow/example_dags/example_branch_day_of_week_operator.py for tasks to queue
[2023-11-22T19:30:37.368+0000] {logging_mixin.py:154} INFO - [2023-11-22T19:30:37.367+0000] {dagbag.py:536} INFO - Filling up the DagBag from /home/airflow/.local/lib/python3.8/site-packages/airflow/example_dags/example_branch_day_of_week_operator.py
[2023-11-22T19:30:37.384+0000] {processor.py:839} INFO - DAG(s) dict_keys(['example_weekday_branch_operator']) retrieved from /home/airflow/.local/lib/python3.8/site-packages/airflow/example_dags/example_branch_day_of_week_operator.py
[2023-11-22T19:30:37.418+0000] {logging_mixin.py:154} INFO - [2023-11-22T19:30:37.418+0000] {dag.py:2941} INFO - Sync 1 DAGs
[2023-11-22T19:30:37.447+0000] {logging_mixin.py:154} INFO - [2023-11-22T19:30:37.446+0000] {dag.py:3722} INFO - Setting next_dagrun for example_weekday_branch_operator to 2023-11-21T00:00:00+00:00, run_after=2023-11-22T00:00:00+00:00
[2023-11-22T19:30:37.468+0000] {processor.py:179} INFO - Processing /home/airflow/.local/lib/python3.8/site-packages/airflow/example_dags/example_branch_day_of_week_operator.py took 0.111 seconds
[2023-11-22T19:31:08.003+0000] {processor.py:157} INFO - Started process (PID=828) to work on /home/airflow/.local/lib/python3.8/site-packages/airflow/example_dags/example_branch_day_of_week_operator.py
[2023-11-22T19:31:08.005+0000] {processor.py:829} INFO - Processing file /home/airflow/.local/lib/python3.8/site-packages/airflow/example_dags/example_branch_day_of_week_operator.py for tasks to queue
[2023-11-22T19:31:08.006+0000] {logging_mixin.py:154} INFO - [2023-11-22T19:31:08.006+0000] {dagbag.py:536} INFO - Filling up the DagBag from /home/airflow/.local/lib/python3.8/site-packages/airflow/example_dags/example_branch_day_of_week_operator.py
[2023-11-22T19:31:08.013+0000] {processor.py:839} INFO - DAG(s) dict_keys(['example_weekday_branch_operator']) retrieved from /home/airflow/.local/lib/python3.8/site-packages/airflow/example_dags/example_branch_day_of_week_operator.py
[2023-11-22T19:31:08.041+0000] {logging_mixin.py:154} INFO - [2023-11-22T19:31:08.041+0000] {dag.py:2941} INFO - Sync 1 DAGs
[2023-11-22T19:31:08.060+0000] {logging_mixin.py:154} INFO - [2023-11-22T19:31:08.060+0000] {dag.py:3722} INFO - Setting next_dagrun for example_weekday_branch_operator to 2023-11-21T00:00:00+00:00, run_after=2023-11-22T00:00:00+00:00
[2023-11-22T19:31:08.074+0000] {processor.py:179} INFO - Processing /home/airflow/.local/lib/python3.8/site-packages/airflow/example_dags/example_branch_day_of_week_operator.py took 0.074 seconds
[2023-11-22T19:31:38.884+0000] {processor.py:157} INFO - Started process (PID=1066) to work on /home/airflow/.local/lib/python3.8/site-packages/airflow/example_dags/example_branch_day_of_week_operator.py
[2023-11-22T19:31:38.885+0000] {processor.py:829} INFO - Processing file /home/airflow/.local/lib/python3.8/site-packages/airflow/example_dags/example_branch_day_of_week_operator.py for tasks to queue
[2023-11-22T19:31:38.886+0000] {logging_mixin.py:154} INFO - [2023-11-22T19:31:38.885+0000] {dagbag.py:536} INFO - Filling up the DagBag from /home/airflow/.local/lib/python3.8/site-packages/airflow/example_dags/example_branch_day_of_week_operator.py
[2023-11-22T19:31:38.892+0000] {processor.py:839} INFO - DAG(s) dict_keys(['example_weekday_branch_operator']) retrieved from /home/airflow/.local/lib/python3.8/site-packages/airflow/example_dags/example_branch_day_of_week_operator.py
[2023-11-22T19:31:38.914+0000] {logging_mixin.py:154} INFO - [2023-11-22T19:31:38.914+0000] {dag.py:2941} INFO - Sync 1 DAGs
[2023-11-22T19:31:38.933+0000] {logging_mixin.py:154} INFO - [2023-11-22T19:31:38.933+0000] {dag.py:3722} INFO - Setting next_dagrun for example_weekday_branch_operator to 2023-11-21T00:00:00+00:00, run_after=2023-11-22T00:00:00+00:00
[2023-11-22T19:31:38.946+0000] {processor.py:179} INFO - Processing /home/airflow/.local/lib/python3.8/site-packages/airflow/example_dags/example_branch_day_of_week_operator.py took 0.066 seconds
[2023-11-22T19:32:09.141+0000] {processor.py:157} INFO - Started process (PID=1306) to work on /home/airflow/.local/lib/python3.8/site-packages/airflow/example_dags/example_branch_day_of_week_operator.py
[2023-11-22T19:32:09.142+0000] {processor.py:829} INFO - Processing file /home/airflow/.local/lib/python3.8/site-packages/airflow/example_dags/example_branch_day_of_week_operator.py for tasks to queue
[2023-11-22T19:32:09.143+0000] {logging_mixin.py:154} INFO - [2023-11-22T19:32:09.142+0000] {dagbag.py:536} INFO - Filling up the DagBag from /home/airflow/.local/lib/python3.8/site-packages/airflow/example_dags/example_branch_day_of_week_operator.py
[2023-11-22T19:32:09.149+0000] {processor.py:839} INFO - DAG(s) dict_keys(['example_weekday_branch_operator']) retrieved from /home/airflow/.local/lib/python3.8/site-packages/airflow/example_dags/example_branch_day_of_week_operator.py
[2023-11-22T19:32:09.171+0000] {logging_mixin.py:154} INFO - [2023-11-22T19:32:09.171+0000] {dag.py:2941} INFO - Sync 1 DAGs
[2023-11-22T19:32:09.189+0000] {logging_mixin.py:154} INFO - [2023-11-22T19:32:09.188+0000] {dag.py:3722} INFO - Setting next_dagrun for example_weekday_branch_operator to 2023-11-21T00:00:00+00:00, run_after=2023-11-22T00:00:00+00:00
[2023-11-22T19:32:09.201+0000] {processor.py:179} INFO - Processing /home/airflow/.local/lib/python3.8/site-packages/airflow/example_dags/example_branch_day_of_week_operator.py took 0.063 seconds
[2023-11-22T19:32:39.651+0000] {processor.py:157} INFO - Started process (PID=1542) to work on /home/airflow/.local/lib/python3.8/site-packages/airflow/example_dags/example_branch_day_of_week_operator.py
[2023-11-22T19:32:39.651+0000] {processor.py:829} INFO - Processing file /home/airflow/.local/lib/python3.8/site-packages/airflow/example_dags/example_branch_day_of_week_operator.py for tasks to queue
[2023-11-22T19:32:39.652+0000] {logging_mixin.py:154} INFO - [2023-11-22T19:32:39.652+0000] {dagbag.py:536} INFO - Filling up the DagBag from /home/airflow/.local/lib/python3.8/site-packages/airflow/example_dags/example_branch_day_of_week_operator.py
[2023-11-22T19:32:39.659+0000] {processor.py:839} INFO - DAG(s) dict_keys(['example_weekday_branch_operator']) retrieved from /home/airflow/.local/lib/python3.8/site-packages/airflow/example_dags/example_branch_day_of_week_operator.py
[2023-11-22T19:32:39.680+0000] {logging_mixin.py:154} INFO - [2023-11-22T19:32:39.680+0000] {dag.py:2941} INFO - Sync 1 DAGs
[2023-11-22T19:32:39.698+0000] {logging_mixin.py:154} INFO - [2023-11-22T19:32:39.698+0000] {dag.py:3722} INFO - Setting next_dagrun for example_weekday_branch_operator to 2023-11-21T00:00:00+00:00, run_after=2023-11-22T00:00:00+00:00
[2023-11-22T19:32:39.711+0000] {processor.py:179} INFO - Processing /home/airflow/.local/lib/python3.8/site-packages/airflow/example_dags/example_branch_day_of_week_operator.py took 0.064 seconds
[2023-11-22T19:33:10.508+0000] {processor.py:157} INFO - Started process (PID=1782) to work on /home/airflow/.local/lib/python3.8/site-packages/airflow/example_dags/example_branch_day_of_week_operator.py
[2023-11-22T19:33:10.509+0000] {processor.py:829} INFO - Processing file /home/airflow/.local/lib/python3.8/site-packages/airflow/example_dags/example_branch_day_of_week_operator.py for tasks to queue
[2023-11-22T19:33:10.510+0000] {logging_mixin.py:154} INFO - [2023-11-22T19:33:10.510+0000] {dagbag.py:536} INFO - Filling up the DagBag from /home/airflow/.local/lib/python3.8/site-packages/airflow/example_dags/example_branch_day_of_week_operator.py
[2023-11-22T19:33:10.516+0000] {processor.py:839} INFO - DAG(s) dict_keys(['example_weekday_branch_operator']) retrieved from /home/airflow/.local/lib/python3.8/site-packages/airflow/example_dags/example_branch_day_of_week_operator.py
[2023-11-22T19:33:10.539+0000] {logging_mixin.py:154} INFO - [2023-11-22T19:33:10.539+0000] {dag.py:2941} INFO - Sync 1 DAGs
[2023-11-22T19:33:10.557+0000] {logging_mixin.py:154} INFO - [2023-11-22T19:33:10.557+0000] {dag.py:3722} INFO - Setting next_dagrun for example_weekday_branch_operator to 2023-11-21T00:00:00+00:00, run_after=2023-11-22T00:00:00+00:00
[2023-11-22T19:33:10.572+0000] {processor.py:179} INFO - Processing /home/airflow/.local/lib/python3.8/site-packages/airflow/example_dags/example_branch_day_of_week_operator.py took 0.067 seconds
[2023-11-22T19:33:41.029+0000] {processor.py:157} INFO - Started process (PID=2018) to work on /home/airflow/.local/lib/python3.8/site-packages/airflow/example_dags/example_branch_day_of_week_operator.py
[2023-11-22T19:33:41.030+0000] {processor.py:829} INFO - Processing file /home/airflow/.local/lib/python3.8/site-packages/airflow/example_dags/example_branch_day_of_week_operator.py for tasks to queue
[2023-11-22T19:33:41.031+0000] {logging_mixin.py:154} INFO - [2023-11-22T19:33:41.030+0000] {dagbag.py:536} INFO - Filling up the DagBag from /home/airflow/.local/lib/python3.8/site-packages/airflow/example_dags/example_branch_day_of_week_operator.py
[2023-11-22T19:33:41.037+0000] {processor.py:839} INFO - DAG(s) dict_keys(['example_weekday_branch_operator']) retrieved from /home/airflow/.local/lib/python3.8/site-packages/airflow/example_dags/example_branch_day_of_week_operator.py
[2023-11-22T19:33:41.060+0000] {logging_mixin.py:154} INFO - [2023-11-22T19:33:41.060+0000] {dag.py:2941} INFO - Sync 1 DAGs
[2023-11-22T19:33:41.080+0000] {logging_mixin.py:154} INFO - [2023-11-22T19:33:41.080+0000] {dag.py:3722} INFO - Setting next_dagrun for example_weekday_branch_operator to 2023-11-21T00:00:00+00:00, run_after=2023-11-22T00:00:00+00:00
[2023-11-22T19:33:41.094+0000] {processor.py:179} INFO - Processing /home/airflow/.local/lib/python3.8/site-packages/airflow/example_dags/example_branch_day_of_week_operator.py took 0.069 seconds
[2023-11-22T19:34:11.747+0000] {processor.py:157} INFO - Started process (PID=2256) to work on /home/airflow/.local/lib/python3.8/site-packages/airflow/example_dags/example_branch_day_of_week_operator.py
[2023-11-22T19:34:11.748+0000] {processor.py:829} INFO - Processing file /home/airflow/.local/lib/python3.8/site-packages/airflow/example_dags/example_branch_day_of_week_operator.py for tasks to queue
[2023-11-22T19:34:11.749+0000] {logging_mixin.py:154} INFO - [2023-11-22T19:34:11.748+0000] {dagbag.py:536} INFO - Filling up the DagBag from /home/airflow/.local/lib/python3.8/site-packages/airflow/example_dags/example_branch_day_of_week_operator.py
[2023-11-22T19:34:11.755+0000] {processor.py:839} INFO - DAG(s) dict_keys(['example_weekday_branch_operator']) retrieved from /home/airflow/.local/lib/python3.8/site-packages/airflow/example_dags/example_branch_day_of_week_operator.py
[2023-11-22T19:34:11.778+0000] {logging_mixin.py:154} INFO - [2023-11-22T19:34:11.777+0000] {dag.py:2941} INFO - Sync 1 DAGs
[2023-11-22T19:34:11.796+0000] {logging_mixin.py:154} INFO - [2023-11-22T19:34:11.796+0000] {dag.py:3722} INFO - Setting next_dagrun for example_weekday_branch_operator to 2023-11-21T00:00:00+00:00, run_after=2023-11-22T00:00:00+00:00
[2023-11-22T19:34:11.810+0000] {processor.py:179} INFO - Processing /home/airflow/.local/lib/python3.8/site-packages/airflow/example_dags/example_branch_day_of_week_operator.py took 0.067 seconds
[2023-11-22T19:34:42.048+0000] {processor.py:157} INFO - Started process (PID=2494) to work on /home/airflow/.local/lib/python3.8/site-packages/airflow/example_dags/example_branch_day_of_week_operator.py
[2023-11-22T19:34:42.049+0000] {processor.py:829} INFO - Processing file /home/airflow/.local/lib/python3.8/site-packages/airflow/example_dags/example_branch_day_of_week_operator.py for tasks to queue
[2023-11-22T19:34:42.050+0000] {logging_mixin.py:154} INFO - [2023-11-22T19:34:42.050+0000] {dagbag.py:536} INFO - Filling up the DagBag from /home/airflow/.local/lib/python3.8/site-packages/airflow/example_dags/example_branch_day_of_week_operator.py
[2023-11-22T19:34:42.056+0000] {processor.py:839} INFO - DAG(s) dict_keys(['example_weekday_branch_operator']) retrieved from /home/airflow/.local/lib/python3.8/site-packages/airflow/example_dags/example_branch_day_of_week_operator.py
[2023-11-22T19:34:42.078+0000] {logging_mixin.py:154} INFO - [2023-11-22T19:34:42.078+0000] {dag.py:2941} INFO - Sync 1 DAGs
[2023-11-22T19:34:42.096+0000] {logging_mixin.py:154} INFO - [2023-11-22T19:34:42.096+0000] {dag.py:3722} INFO - Setting next_dagrun for example_weekday_branch_operator to 2023-11-21T00:00:00+00:00, run_after=2023-11-22T00:00:00+00:00
[2023-11-22T19:34:42.110+0000] {processor.py:179} INFO - Processing /home/airflow/.local/lib/python3.8/site-packages/airflow/example_dags/example_branch_day_of_week_operator.py took 0.065 seconds
[2023-11-22T19:35:12.412+0000] {processor.py:157} INFO - Started process (PID=2732) to work on /home/airflow/.local/lib/python3.8/site-packages/airflow/example_dags/example_branch_day_of_week_operator.py
[2023-11-22T19:35:12.413+0000] {processor.py:829} INFO - Processing file /home/airflow/.local/lib/python3.8/site-packages/airflow/example_dags/example_branch_day_of_week_operator.py for tasks to queue
[2023-11-22T19:35:12.413+0000] {logging_mixin.py:154} INFO - [2023-11-22T19:35:12.413+0000] {dagbag.py:536} INFO - Filling up the DagBag from /home/airflow/.local/lib/python3.8/site-packages/airflow/example_dags/example_branch_day_of_week_operator.py
[2023-11-22T19:35:12.420+0000] {processor.py:839} INFO - DAG(s) dict_keys(['example_weekday_branch_operator']) retrieved from /home/airflow/.local/lib/python3.8/site-packages/airflow/example_dags/example_branch_day_of_week_operator.py
[2023-11-22T19:35:12.442+0000] {logging_mixin.py:154} INFO - [2023-11-22T19:35:12.442+0000] {dag.py:2941} INFO - Sync 1 DAGs
[2023-11-22T19:35:12.459+0000] {logging_mixin.py:154} INFO - [2023-11-22T19:35:12.459+0000] {dag.py:3722} INFO - Setting next_dagrun for example_weekday_branch_operator to 2023-11-21T00:00:00+00:00, run_after=2023-11-22T00:00:00+00:00
[2023-11-22T19:35:12.472+0000] {processor.py:179} INFO - Processing /home/airflow/.local/lib/python3.8/site-packages/airflow/example_dags/example_branch_day_of_week_operator.py took 0.063 seconds
[2023-11-22T19:35:42.909+0000] {processor.py:157} INFO - Started process (PID=2970) to work on /home/airflow/.local/lib/python3.8/site-packages/airflow/example_dags/example_branch_day_of_week_operator.py
[2023-11-22T19:35:42.910+0000] {processor.py:829} INFO - Processing file /home/airflow/.local/lib/python3.8/site-packages/airflow/example_dags/example_branch_day_of_week_operator.py for tasks to queue
[2023-11-22T19:35:42.911+0000] {logging_mixin.py:154} INFO - [2023-11-22T19:35:42.911+0000] {dagbag.py:536} INFO - Filling up the DagBag from /home/airflow/.local/lib/python3.8/site-packages/airflow/example_dags/example_branch_day_of_week_operator.py
[2023-11-22T19:35:42.918+0000] {processor.py:839} INFO - DAG(s) dict_keys(['example_weekday_branch_operator']) retrieved from /home/airflow/.local/lib/python3.8/site-packages/airflow/example_dags/example_branch_day_of_week_operator.py
[2023-11-22T19:35:42.940+0000] {logging_mixin.py:154} INFO - [2023-11-22T19:35:42.940+0000] {dag.py:2941} INFO - Sync 1 DAGs
[2023-11-22T19:35:42.959+0000] {logging_mixin.py:154} INFO - [2023-11-22T19:35:42.959+0000] {dag.py:3722} INFO - Setting next_dagrun for example_weekday_branch_operator to 2023-11-21T00:00:00+00:00, run_after=2023-11-22T00:00:00+00:00
[2023-11-22T19:35:42.973+0000] {processor.py:179} INFO - Processing /home/airflow/.local/lib/python3.8/site-packages/airflow/example_dags/example_branch_day_of_week_operator.py took 0.066 seconds
[2023-11-22T19:36:13.346+0000] {processor.py:157} INFO - Started process (PID=3208) to work on /home/airflow/.local/lib/python3.8/site-packages/airflow/example_dags/example_branch_day_of_week_operator.py
[2023-11-22T19:36:13.347+0000] {processor.py:829} INFO - Processing file /home/airflow/.local/lib/python3.8/site-packages/airflow/example_dags/example_branch_day_of_week_operator.py for tasks to queue
[2023-11-22T19:36:13.348+0000] {logging_mixin.py:154} INFO - [2023-11-22T19:36:13.348+0000] {dagbag.py:536} INFO - Filling up the DagBag from /home/airflow/.local/lib/python3.8/site-packages/airflow/example_dags/example_branch_day_of_week_operator.py
[2023-11-22T19:36:13.354+0000] {processor.py:839} INFO - DAG(s) dict_keys(['example_weekday_branch_operator']) retrieved from /home/airflow/.local/lib/python3.8/site-packages/airflow/example_dags/example_branch_day_of_week_operator.py
[2023-11-22T19:36:13.376+0000] {logging_mixin.py:154} INFO - [2023-11-22T19:36:13.376+0000] {dag.py:2941} INFO - Sync 1 DAGs
[2023-11-22T19:36:13.394+0000] {logging_mixin.py:154} INFO - [2023-11-22T19:36:13.393+0000] {dag.py:3722} INFO - Setting next_dagrun for example_weekday_branch_operator to 2023-11-21T00:00:00+00:00, run_after=2023-11-22T00:00:00+00:00
[2023-11-22T19:36:13.407+0000] {processor.py:179} INFO - Processing /home/airflow/.local/lib/python3.8/site-packages/airflow/example_dags/example_branch_day_of_week_operator.py took 0.064 seconds
[2023-11-22T19:36:44.385+0000] {processor.py:157} INFO - Started process (PID=3446) to work on /home/airflow/.local/lib/python3.8/site-packages/airflow/example_dags/example_branch_day_of_week_operator.py
[2023-11-22T19:36:44.386+0000] {processor.py:829} INFO - Processing file /home/airflow/.local/lib/python3.8/site-packages/airflow/example_dags/example_branch_day_of_week_operator.py for tasks to queue
[2023-11-22T19:36:44.387+0000] {logging_mixin.py:154} INFO - [2023-11-22T19:36:44.386+0000] {dagbag.py:536} INFO - Filling up the DagBag from /home/airflow/.local/lib/python3.8/site-packages/airflow/example_dags/example_branch_day_of_week_operator.py
[2023-11-22T19:36:44.394+0000] {processor.py:839} INFO - DAG(s) dict_keys(['example_weekday_branch_operator']) retrieved from /home/airflow/.local/lib/python3.8/site-packages/airflow/example_dags/example_branch_day_of_week_operator.py
[2023-11-22T19:36:44.419+0000] {logging_mixin.py:154} INFO - [2023-11-22T19:36:44.419+0000] {dag.py:2941} INFO - Sync 1 DAGs
[2023-11-22T19:36:44.438+0000] {logging_mixin.py:154} INFO - [2023-11-22T19:36:44.438+0000] {dag.py:3722} INFO - Setting next_dagrun for example_weekday_branch_operator to 2023-11-21T00:00:00+00:00, run_after=2023-11-22T00:00:00+00:00
[2023-11-22T19:36:44.461+0000] {processor.py:179} INFO - Processing /home/airflow/.local/lib/python3.8/site-packages/airflow/example_dags/example_branch_day_of_week_operator.py took 0.080 seconds
[2023-11-22T19:37:15.357+0000] {processor.py:157} INFO - Started process (PID=3684) to work on /home/airflow/.local/lib/python3.8/site-packages/airflow/example_dags/example_branch_day_of_week_operator.py
[2023-11-22T19:37:15.358+0000] {processor.py:829} INFO - Processing file /home/airflow/.local/lib/python3.8/site-packages/airflow/example_dags/example_branch_day_of_week_operator.py for tasks to queue
[2023-11-22T19:37:15.360+0000] {logging_mixin.py:154} INFO - [2023-11-22T19:37:15.359+0000] {dagbag.py:536} INFO - Filling up the DagBag from /home/airflow/.local/lib/python3.8/site-packages/airflow/example_dags/example_branch_day_of_week_operator.py
[2023-11-22T19:37:15.367+0000] {processor.py:839} INFO - DAG(s) dict_keys(['example_weekday_branch_operator']) retrieved from /home/airflow/.local/lib/python3.8/site-packages/airflow/example_dags/example_branch_day_of_week_operator.py
[2023-11-22T19:37:15.393+0000] {logging_mixin.py:154} INFO - [2023-11-22T19:37:15.393+0000] {dag.py:2941} INFO - Sync 1 DAGs
[2023-11-22T19:37:15.415+0000] {logging_mixin.py:154} INFO - [2023-11-22T19:37:15.415+0000] {dag.py:3722} INFO - Setting next_dagrun for example_weekday_branch_operator to 2023-11-21T00:00:00+00:00, run_after=2023-11-22T00:00:00+00:00
[2023-11-22T19:37:15.431+0000] {processor.py:179} INFO - Processing /home/airflow/.local/lib/python3.8/site-packages/airflow/example_dags/example_branch_day_of_week_operator.py took 0.077 seconds
[2023-11-22T19:37:45.683+0000] {processor.py:157} INFO - Started process (PID=3922) to work on /home/airflow/.local/lib/python3.8/site-packages/airflow/example_dags/example_branch_day_of_week_operator.py
[2023-11-22T19:37:45.685+0000] {processor.py:829} INFO - Processing file /home/airflow/.local/lib/python3.8/site-packages/airflow/example_dags/example_branch_day_of_week_operator.py for tasks to queue
[2023-11-22T19:37:45.687+0000] {logging_mixin.py:154} INFO - [2023-11-22T19:37:45.686+0000] {dagbag.py:536} INFO - Filling up the DagBag from /home/airflow/.local/lib/python3.8/site-packages/airflow/example_dags/example_branch_day_of_week_operator.py
[2023-11-22T19:37:45.706+0000] {processor.py:839} INFO - DAG(s) dict_keys(['example_weekday_branch_operator']) retrieved from /home/airflow/.local/lib/python3.8/site-packages/airflow/example_dags/example_branch_day_of_week_operator.py
[2023-11-22T19:37:45.755+0000] {logging_mixin.py:154} INFO - [2023-11-22T19:37:45.755+0000] {dag.py:2941} INFO - Sync 1 DAGs
[2023-11-22T19:37:45.794+0000] {logging_mixin.py:154} INFO - [2023-11-22T19:37:45.794+0000] {dag.py:3722} INFO - Setting next_dagrun for example_weekday_branch_operator to 2023-11-21T00:00:00+00:00, run_after=2023-11-22T00:00:00+00:00
[2023-11-22T19:37:45.825+0000] {processor.py:179} INFO - Processing /home/airflow/.local/lib/python3.8/site-packages/airflow/example_dags/example_branch_day_of_week_operator.py took 0.148 seconds
[2023-11-22T19:38:15.932+0000] {processor.py:157} INFO - Started process (PID=4162) to work on /home/airflow/.local/lib/python3.8/site-packages/airflow/example_dags/example_branch_day_of_week_operator.py
[2023-11-22T19:38:15.933+0000] {processor.py:829} INFO - Processing file /home/airflow/.local/lib/python3.8/site-packages/airflow/example_dags/example_branch_day_of_week_operator.py for tasks to queue
[2023-11-22T19:38:15.934+0000] {logging_mixin.py:154} INFO - [2023-11-22T19:38:15.934+0000] {dagbag.py:536} INFO - Filling up the DagBag from /home/airflow/.local/lib/python3.8/site-packages/airflow/example_dags/example_branch_day_of_week_operator.py
[2023-11-22T19:38:15.940+0000] {processor.py:839} INFO - DAG(s) dict_keys(['example_weekday_branch_operator']) retrieved from /home/airflow/.local/lib/python3.8/site-packages/airflow/example_dags/example_branch_day_of_week_operator.py
[2023-11-22T19:38:15.962+0000] {logging_mixin.py:154} INFO - [2023-11-22T19:38:15.962+0000] {dag.py:2941} INFO - Sync 1 DAGs
[2023-11-22T19:38:15.979+0000] {logging_mixin.py:154} INFO - [2023-11-22T19:38:15.978+0000] {dag.py:3722} INFO - Setting next_dagrun for example_weekday_branch_operator to 2023-11-21T00:00:00+00:00, run_after=2023-11-22T00:00:00+00:00
[2023-11-22T19:38:15.991+0000] {processor.py:179} INFO - Processing /home/airflow/.local/lib/python3.8/site-packages/airflow/example_dags/example_branch_day_of_week_operator.py took 0.061 seconds
[2023-11-22T19:38:46.052+0000] {processor.py:157} INFO - Started process (PID=4399) to work on /home/airflow/.local/lib/python3.8/site-packages/airflow/example_dags/example_branch_day_of_week_operator.py
[2023-11-22T19:38:46.053+0000] {processor.py:829} INFO - Processing file /home/airflow/.local/lib/python3.8/site-packages/airflow/example_dags/example_branch_day_of_week_operator.py for tasks to queue
[2023-11-22T19:38:46.054+0000] {logging_mixin.py:154} INFO - [2023-11-22T19:38:46.053+0000] {dagbag.py:536} INFO - Filling up the DagBag from /home/airflow/.local/lib/python3.8/site-packages/airflow/example_dags/example_branch_day_of_week_operator.py
[2023-11-22T19:38:46.060+0000] {processor.py:839} INFO - DAG(s) dict_keys(['example_weekday_branch_operator']) retrieved from /home/airflow/.local/lib/python3.8/site-packages/airflow/example_dags/example_branch_day_of_week_operator.py
[2023-11-22T19:38:46.081+0000] {logging_mixin.py:154} INFO - [2023-11-22T19:38:46.081+0000] {dag.py:2941} INFO - Sync 1 DAGs
[2023-11-22T19:38:46.098+0000] {logging_mixin.py:154} INFO - [2023-11-22T19:38:46.098+0000] {dag.py:3722} INFO - Setting next_dagrun for example_weekday_branch_operator to 2023-11-21T00:00:00+00:00, run_after=2023-11-22T00:00:00+00:00
[2023-11-22T19:38:46.110+0000] {processor.py:179} INFO - Processing /home/airflow/.local/lib/python3.8/site-packages/airflow/example_dags/example_branch_day_of_week_operator.py took 0.062 seconds
[2023-11-22T19:39:16.443+0000] {processor.py:157} INFO - Started process (PID=4637) to work on /home/airflow/.local/lib/python3.8/site-packages/airflow/example_dags/example_branch_day_of_week_operator.py
[2023-11-22T19:39:16.444+0000] {processor.py:829} INFO - Processing file /home/airflow/.local/lib/python3.8/site-packages/airflow/example_dags/example_branch_day_of_week_operator.py for tasks to queue
[2023-11-22T19:39:16.445+0000] {logging_mixin.py:154} INFO - [2023-11-22T19:39:16.445+0000] {dagbag.py:536} INFO - Filling up the DagBag from /home/airflow/.local/lib/python3.8/site-packages/airflow/example_dags/example_branch_day_of_week_operator.py
[2023-11-22T19:39:16.451+0000] {processor.py:839} INFO - DAG(s) dict_keys(['example_weekday_branch_operator']) retrieved from /home/airflow/.local/lib/python3.8/site-packages/airflow/example_dags/example_branch_day_of_week_operator.py
[2023-11-22T19:39:16.473+0000] {logging_mixin.py:154} INFO - [2023-11-22T19:39:16.473+0000] {dag.py:2941} INFO - Sync 1 DAGs
[2023-11-22T19:39:16.490+0000] {logging_mixin.py:154} INFO - [2023-11-22T19:39:16.490+0000] {dag.py:3722} INFO - Setting next_dagrun for example_weekday_branch_operator to 2023-11-21T00:00:00+00:00, run_after=2023-11-22T00:00:00+00:00
[2023-11-22T19:39:16.502+0000] {processor.py:179} INFO - Processing /home/airflow/.local/lib/python3.8/site-packages/airflow/example_dags/example_branch_day_of_week_operator.py took 0.062 seconds
[2023-11-22T19:39:46.959+0000] {processor.py:157} INFO - Started process (PID=4873) to work on /home/airflow/.local/lib/python3.8/site-packages/airflow/example_dags/example_branch_day_of_week_operator.py
[2023-11-22T19:39:46.960+0000] {processor.py:829} INFO - Processing file /home/airflow/.local/lib/python3.8/site-packages/airflow/example_dags/example_branch_day_of_week_operator.py for tasks to queue
[2023-11-22T19:39:46.961+0000] {logging_mixin.py:154} INFO - [2023-11-22T19:39:46.961+0000] {dagbag.py:536} INFO - Filling up the DagBag from /home/airflow/.local/lib/python3.8/site-packages/airflow/example_dags/example_branch_day_of_week_operator.py
[2023-11-22T19:39:46.967+0000] {processor.py:839} INFO - DAG(s) dict_keys(['example_weekday_branch_operator']) retrieved from /home/airflow/.local/lib/python3.8/site-packages/airflow/example_dags/example_branch_day_of_week_operator.py
[2023-11-22T19:39:46.989+0000] {logging_mixin.py:154} INFO - [2023-11-22T19:39:46.988+0000] {dag.py:2941} INFO - Sync 1 DAGs
[2023-11-22T19:39:47.007+0000] {logging_mixin.py:154} INFO - [2023-11-22T19:39:47.007+0000] {dag.py:3722} INFO - Setting next_dagrun for example_weekday_branch_operator to 2023-11-21T00:00:00+00:00, run_after=2023-11-22T00:00:00+00:00
[2023-11-22T19:39:47.019+0000] {processor.py:179} INFO - Processing /home/airflow/.local/lib/python3.8/site-packages/airflow/example_dags/example_branch_day_of_week_operator.py took 0.063 seconds
[2023-11-22T19:40:17.424+0000] {processor.py:157} INFO - Started process (PID=5111) to work on /home/airflow/.local/lib/python3.8/site-packages/airflow/example_dags/example_branch_day_of_week_operator.py
[2023-11-22T19:40:17.424+0000] {processor.py:829} INFO - Processing file /home/airflow/.local/lib/python3.8/site-packages/airflow/example_dags/example_branch_day_of_week_operator.py for tasks to queue
[2023-11-22T19:40:17.425+0000] {logging_mixin.py:154} INFO - [2023-11-22T19:40:17.425+0000] {dagbag.py:536} INFO - Filling up the DagBag from /home/airflow/.local/lib/python3.8/site-packages/airflow/example_dags/example_branch_day_of_week_operator.py
[2023-11-22T19:40:17.432+0000] {processor.py:839} INFO - DAG(s) dict_keys(['example_weekday_branch_operator']) retrieved from /home/airflow/.local/lib/python3.8/site-packages/airflow/example_dags/example_branch_day_of_week_operator.py
[2023-11-22T19:40:17.453+0000] {logging_mixin.py:154} INFO - [2023-11-22T19:40:17.453+0000] {dag.py:2941} INFO - Sync 1 DAGs
[2023-11-22T19:40:17.470+0000] {logging_mixin.py:154} INFO - [2023-11-22T19:40:17.470+0000] {dag.py:3722} INFO - Setting next_dagrun for example_weekday_branch_operator to 2023-11-21T00:00:00+00:00, run_after=2023-11-22T00:00:00+00:00
[2023-11-22T19:40:17.484+0000] {processor.py:179} INFO - Processing /home/airflow/.local/lib/python3.8/site-packages/airflow/example_dags/example_branch_day_of_week_operator.py took 0.063 seconds
[2023-11-22T19:40:48.127+0000] {processor.py:157} INFO - Started process (PID=5349) to work on /home/airflow/.local/lib/python3.8/site-packages/airflow/example_dags/example_branch_day_of_week_operator.py
[2023-11-22T19:40:48.128+0000] {processor.py:829} INFO - Processing file /home/airflow/.local/lib/python3.8/site-packages/airflow/example_dags/example_branch_day_of_week_operator.py for tasks to queue
[2023-11-22T19:40:48.129+0000] {logging_mixin.py:154} INFO - [2023-11-22T19:40:48.129+0000] {dagbag.py:536} INFO - Filling up the DagBag from /home/airflow/.local/lib/python3.8/site-packages/airflow/example_dags/example_branch_day_of_week_operator.py
[2023-11-22T19:40:48.136+0000] {processor.py:839} INFO - DAG(s) dict_keys(['example_weekday_branch_operator']) retrieved from /home/airflow/.local/lib/python3.8/site-packages/airflow/example_dags/example_branch_day_of_week_operator.py
[2023-11-22T19:40:48.160+0000] {logging_mixin.py:154} INFO - [2023-11-22T19:40:48.160+0000] {dag.py:2941} INFO - Sync 1 DAGs
[2023-11-22T19:40:48.193+0000] {logging_mixin.py:154} INFO - [2023-11-22T19:40:48.193+0000] {dag.py:3722} INFO - Setting next_dagrun for example_weekday_branch_operator to 2023-11-21T00:00:00+00:00, run_after=2023-11-22T00:00:00+00:00
[2023-11-22T19:40:48.208+0000] {processor.py:179} INFO - Processing /home/airflow/.local/lib/python3.8/site-packages/airflow/example_dags/example_branch_day_of_week_operator.py took 0.085 seconds
[2023-11-22T19:41:18.563+0000] {processor.py:157} INFO - Started process (PID=5587) to work on /home/airflow/.local/lib/python3.8/site-packages/airflow/example_dags/example_branch_day_of_week_operator.py
[2023-11-22T19:41:18.564+0000] {processor.py:829} INFO - Processing file /home/airflow/.local/lib/python3.8/site-packages/airflow/example_dags/example_branch_day_of_week_operator.py for tasks to queue
[2023-11-22T19:41:18.565+0000] {logging_mixin.py:154} INFO - [2023-11-22T19:41:18.565+0000] {dagbag.py:536} INFO - Filling up the DagBag from /home/airflow/.local/lib/python3.8/site-packages/airflow/example_dags/example_branch_day_of_week_operator.py
[2023-11-22T19:41:18.571+0000] {processor.py:839} INFO - DAG(s) dict_keys(['example_weekday_branch_operator']) retrieved from /home/airflow/.local/lib/python3.8/site-packages/airflow/example_dags/example_branch_day_of_week_operator.py
[2023-11-22T19:41:18.593+0000] {logging_mixin.py:154} INFO - [2023-11-22T19:41:18.593+0000] {dag.py:2941} INFO - Sync 1 DAGs
[2023-11-22T19:41:18.610+0000] {logging_mixin.py:154} INFO - [2023-11-22T19:41:18.610+0000] {dag.py:3722} INFO - Setting next_dagrun for example_weekday_branch_operator to 2023-11-21T00:00:00+00:00, run_after=2023-11-22T00:00:00+00:00
[2023-11-22T19:41:18.623+0000] {processor.py:179} INFO - Processing /home/airflow/.local/lib/python3.8/site-packages/airflow/example_dags/example_branch_day_of_week_operator.py took 0.063 seconds
[2023-11-22T19:41:49.030+0000] {processor.py:157} INFO - Started process (PID=5825) to work on /home/airflow/.local/lib/python3.8/site-packages/airflow/example_dags/example_branch_day_of_week_operator.py
[2023-11-22T19:41:49.031+0000] {processor.py:829} INFO - Processing file /home/airflow/.local/lib/python3.8/site-packages/airflow/example_dags/example_branch_day_of_week_operator.py for tasks to queue
[2023-11-22T19:41:49.032+0000] {logging_mixin.py:154} INFO - [2023-11-22T19:41:49.032+0000] {dagbag.py:536} INFO - Filling up the DagBag from /home/airflow/.local/lib/python3.8/site-packages/airflow/example_dags/example_branch_day_of_week_operator.py
[2023-11-22T19:41:49.038+0000] {processor.py:839} INFO - DAG(s) dict_keys(['example_weekday_branch_operator']) retrieved from /home/airflow/.local/lib/python3.8/site-packages/airflow/example_dags/example_branch_day_of_week_operator.py
[2023-11-22T19:41:49.061+0000] {logging_mixin.py:154} INFO - [2023-11-22T19:41:49.060+0000] {dag.py:2941} INFO - Sync 1 DAGs
[2023-11-22T19:41:49.079+0000] {logging_mixin.py:154} INFO - [2023-11-22T19:41:49.079+0000] {dag.py:3722} INFO - Setting next_dagrun for example_weekday_branch_operator to 2023-11-21T00:00:00+00:00, run_after=2023-11-22T00:00:00+00:00
[2023-11-22T19:41:49.091+0000] {processor.py:179} INFO - Processing /home/airflow/.local/lib/python3.8/site-packages/airflow/example_dags/example_branch_day_of_week_operator.py took 0.064 seconds
[2023-11-22T19:42:19.404+0000] {processor.py:157} INFO - Started process (PID=6062) to work on /home/airflow/.local/lib/python3.8/site-packages/airflow/example_dags/example_branch_day_of_week_operator.py
[2023-11-22T19:42:19.405+0000] {processor.py:829} INFO - Processing file /home/airflow/.local/lib/python3.8/site-packages/airflow/example_dags/example_branch_day_of_week_operator.py for tasks to queue
[2023-11-22T19:42:19.406+0000] {logging_mixin.py:154} INFO - [2023-11-22T19:42:19.405+0000] {dagbag.py:536} INFO - Filling up the DagBag from /home/airflow/.local/lib/python3.8/site-packages/airflow/example_dags/example_branch_day_of_week_operator.py
[2023-11-22T19:42:19.412+0000] {processor.py:839} INFO - DAG(s) dict_keys(['example_weekday_branch_operator']) retrieved from /home/airflow/.local/lib/python3.8/site-packages/airflow/example_dags/example_branch_day_of_week_operator.py
[2023-11-22T19:42:19.433+0000] {logging_mixin.py:154} INFO - [2023-11-22T19:42:19.433+0000] {dag.py:2941} INFO - Sync 1 DAGs
[2023-11-22T19:42:19.450+0000] {logging_mixin.py:154} INFO - [2023-11-22T19:42:19.450+0000] {dag.py:3722} INFO - Setting next_dagrun for example_weekday_branch_operator to 2023-11-21T00:00:00+00:00, run_after=2023-11-22T00:00:00+00:00
[2023-11-22T19:42:19.463+0000] {processor.py:179} INFO - Processing /home/airflow/.local/lib/python3.8/site-packages/airflow/example_dags/example_branch_day_of_week_operator.py took 0.062 seconds
[2023-11-22T19:42:49.850+0000] {processor.py:157} INFO - Started process (PID=6300) to work on /home/airflow/.local/lib/python3.8/site-packages/airflow/example_dags/example_branch_day_of_week_operator.py
[2023-11-22T19:42:49.851+0000] {processor.py:829} INFO - Processing file /home/airflow/.local/lib/python3.8/site-packages/airflow/example_dags/example_branch_day_of_week_operator.py for tasks to queue
[2023-11-22T19:42:49.852+0000] {logging_mixin.py:154} INFO - [2023-11-22T19:42:49.852+0000] {dagbag.py:536} INFO - Filling up the DagBag from /home/airflow/.local/lib/python3.8/site-packages/airflow/example_dags/example_branch_day_of_week_operator.py
[2023-11-22T19:42:49.858+0000] {processor.py:839} INFO - DAG(s) dict_keys(['example_weekday_branch_operator']) retrieved from /home/airflow/.local/lib/python3.8/site-packages/airflow/example_dags/example_branch_day_of_week_operator.py
[2023-11-22T19:42:49.880+0000] {logging_mixin.py:154} INFO - [2023-11-22T19:42:49.880+0000] {dag.py:2941} INFO - Sync 1 DAGs
[2023-11-22T19:42:49.898+0000] {logging_mixin.py:154} INFO - [2023-11-22T19:42:49.898+0000] {dag.py:3722} INFO - Setting next_dagrun for example_weekday_branch_operator to 2023-11-21T00:00:00+00:00, run_after=2023-11-22T00:00:00+00:00
[2023-11-22T19:42:49.911+0000] {processor.py:179} INFO - Processing /home/airflow/.local/lib/python3.8/site-packages/airflow/example_dags/example_branch_day_of_week_operator.py took 0.063 seconds
[2023-11-22T19:43:20.224+0000] {processor.py:157} INFO - Started process (PID=6540) to work on /home/airflow/.local/lib/python3.8/site-packages/airflow/example_dags/example_branch_day_of_week_operator.py
[2023-11-22T19:43:20.224+0000] {processor.py:829} INFO - Processing file /home/airflow/.local/lib/python3.8/site-packages/airflow/example_dags/example_branch_day_of_week_operator.py for tasks to queue
[2023-11-22T19:43:20.225+0000] {logging_mixin.py:154} INFO - [2023-11-22T19:43:20.225+0000] {dagbag.py:536} INFO - Filling up the DagBag from /home/airflow/.local/lib/python3.8/site-packages/airflow/example_dags/example_branch_day_of_week_operator.py
[2023-11-22T19:43:20.231+0000] {processor.py:839} INFO - DAG(s) dict_keys(['example_weekday_branch_operator']) retrieved from /home/airflow/.local/lib/python3.8/site-packages/airflow/example_dags/example_branch_day_of_week_operator.py
[2023-11-22T19:43:20.253+0000] {logging_mixin.py:154} INFO - [2023-11-22T19:43:20.253+0000] {dag.py:2941} INFO - Sync 1 DAGs
[2023-11-22T19:43:20.272+0000] {logging_mixin.py:154} INFO - [2023-11-22T19:43:20.271+0000] {dag.py:3722} INFO - Setting next_dagrun for example_weekday_branch_operator to 2023-11-21T00:00:00+00:00, run_after=2023-11-22T00:00:00+00:00
[2023-11-22T19:43:20.288+0000] {processor.py:179} INFO - Processing /home/airflow/.local/lib/python3.8/site-packages/airflow/example_dags/example_branch_day_of_week_operator.py took 0.067 seconds
[2023-11-22T19:43:50.855+0000] {processor.py:157} INFO - Started process (PID=6785) to work on /home/airflow/.local/lib/python3.8/site-packages/airflow/example_dags/example_branch_day_of_week_operator.py
[2023-11-22T19:43:50.856+0000] {processor.py:829} INFO - Processing file /home/airflow/.local/lib/python3.8/site-packages/airflow/example_dags/example_branch_day_of_week_operator.py for tasks to queue
[2023-11-22T19:43:50.856+0000] {logging_mixin.py:154} INFO - [2023-11-22T19:43:50.856+0000] {dagbag.py:536} INFO - Filling up the DagBag from /home/airflow/.local/lib/python3.8/site-packages/airflow/example_dags/example_branch_day_of_week_operator.py
[2023-11-22T19:43:50.863+0000] {processor.py:839} INFO - DAG(s) dict_keys(['example_weekday_branch_operator']) retrieved from /home/airflow/.local/lib/python3.8/site-packages/airflow/example_dags/example_branch_day_of_week_operator.py
[2023-11-22T19:43:50.885+0000] {logging_mixin.py:154} INFO - [2023-11-22T19:43:50.885+0000] {dag.py:2941} INFO - Sync 1 DAGs
[2023-11-22T19:43:50.904+0000] {logging_mixin.py:154} INFO - [2023-11-22T19:43:50.903+0000] {dag.py:3722} INFO - Setting next_dagrun for example_weekday_branch_operator to 2023-11-21T00:00:00+00:00, run_after=2023-11-22T00:00:00+00:00
[2023-11-22T19:43:50.916+0000] {processor.py:179} INFO - Processing /home/airflow/.local/lib/python3.8/site-packages/airflow/example_dags/example_branch_day_of_week_operator.py took 0.064 seconds
[2023-11-22T19:44:21.192+0000] {processor.py:157} INFO - Started process (PID=7021) to work on /home/airflow/.local/lib/python3.8/site-packages/airflow/example_dags/example_branch_day_of_week_operator.py
[2023-11-22T19:44:21.193+0000] {processor.py:829} INFO - Processing file /home/airflow/.local/lib/python3.8/site-packages/airflow/example_dags/example_branch_day_of_week_operator.py for tasks to queue
[2023-11-22T19:44:21.194+0000] {logging_mixin.py:154} INFO - [2023-11-22T19:44:21.194+0000] {dagbag.py:536} INFO - Filling up the DagBag from /home/airflow/.local/lib/python3.8/site-packages/airflow/example_dags/example_branch_day_of_week_operator.py
[2023-11-22T19:44:21.201+0000] {processor.py:839} INFO - DAG(s) dict_keys(['example_weekday_branch_operator']) retrieved from /home/airflow/.local/lib/python3.8/site-packages/airflow/example_dags/example_branch_day_of_week_operator.py
[2023-11-22T19:44:21.223+0000] {logging_mixin.py:154} INFO - [2023-11-22T19:44:21.222+0000] {dag.py:2941} INFO - Sync 1 DAGs
[2023-11-22T19:44:21.240+0000] {logging_mixin.py:154} INFO - [2023-11-22T19:44:21.240+0000] {dag.py:3722} INFO - Setting next_dagrun for example_weekday_branch_operator to 2023-11-21T00:00:00+00:00, run_after=2023-11-22T00:00:00+00:00
[2023-11-22T19:44:21.253+0000] {processor.py:179} INFO - Processing /home/airflow/.local/lib/python3.8/site-packages/airflow/example_dags/example_branch_day_of_week_operator.py took 0.064 seconds
[2023-11-22T19:44:51.656+0000] {processor.py:157} INFO - Started process (PID=7259) to work on /home/airflow/.local/lib/python3.8/site-packages/airflow/example_dags/example_branch_day_of_week_operator.py
[2023-11-22T19:44:51.657+0000] {processor.py:829} INFO - Processing file /home/airflow/.local/lib/python3.8/site-packages/airflow/example_dags/example_branch_day_of_week_operator.py for tasks to queue
[2023-11-22T19:44:51.658+0000] {logging_mixin.py:154} INFO - [2023-11-22T19:44:51.657+0000] {dagbag.py:536} INFO - Filling up the DagBag from /home/airflow/.local/lib/python3.8/site-packages/airflow/example_dags/example_branch_day_of_week_operator.py
[2023-11-22T19:44:51.664+0000] {processor.py:839} INFO - DAG(s) dict_keys(['example_weekday_branch_operator']) retrieved from /home/airflow/.local/lib/python3.8/site-packages/airflow/example_dags/example_branch_day_of_week_operator.py
[2023-11-22T19:44:51.686+0000] {logging_mixin.py:154} INFO - [2023-11-22T19:44:51.685+0000] {dag.py:2941} INFO - Sync 1 DAGs
[2023-11-22T19:44:51.703+0000] {logging_mixin.py:154} INFO - [2023-11-22T19:44:51.703+0000] {dag.py:3722} INFO - Setting next_dagrun for example_weekday_branch_operator to 2023-11-21T00:00:00+00:00, run_after=2023-11-22T00:00:00+00:00
[2023-11-22T19:44:51.715+0000] {processor.py:179} INFO - Processing /home/airflow/.local/lib/python3.8/site-packages/airflow/example_dags/example_branch_day_of_week_operator.py took 0.062 seconds
[2023-11-22T19:45:22.042+0000] {processor.py:157} INFO - Started process (PID=7497) to work on /home/airflow/.local/lib/python3.8/site-packages/airflow/example_dags/example_branch_day_of_week_operator.py
[2023-11-22T19:45:22.043+0000] {processor.py:829} INFO - Processing file /home/airflow/.local/lib/python3.8/site-packages/airflow/example_dags/example_branch_day_of_week_operator.py for tasks to queue
[2023-11-22T19:45:22.043+0000] {logging_mixin.py:154} INFO - [2023-11-22T19:45:22.043+0000] {dagbag.py:536} INFO - Filling up the DagBag from /home/airflow/.local/lib/python3.8/site-packages/airflow/example_dags/example_branch_day_of_week_operator.py
[2023-11-22T19:45:22.050+0000] {processor.py:839} INFO - DAG(s) dict_keys(['example_weekday_branch_operator']) retrieved from /home/airflow/.local/lib/python3.8/site-packages/airflow/example_dags/example_branch_day_of_week_operator.py
[2023-11-22T19:45:22.071+0000] {logging_mixin.py:154} INFO - [2023-11-22T19:45:22.071+0000] {dag.py:2941} INFO - Sync 1 DAGs
[2023-11-22T19:45:22.089+0000] {logging_mixin.py:154} INFO - [2023-11-22T19:45:22.089+0000] {dag.py:3722} INFO - Setting next_dagrun for example_weekday_branch_operator to 2023-11-21T00:00:00+00:00, run_after=2023-11-22T00:00:00+00:00
[2023-11-22T19:45:22.101+0000] {processor.py:179} INFO - Processing /home/airflow/.local/lib/python3.8/site-packages/airflow/example_dags/example_branch_day_of_week_operator.py took 0.063 seconds
[2023-11-22T19:45:52.555+0000] {processor.py:157} INFO - Started process (PID=7735) to work on /home/airflow/.local/lib/python3.8/site-packages/airflow/example_dags/example_branch_day_of_week_operator.py
[2023-11-22T19:45:52.556+0000] {processor.py:829} INFO - Processing file /home/airflow/.local/lib/python3.8/site-packages/airflow/example_dags/example_branch_day_of_week_operator.py for tasks to queue
[2023-11-22T19:45:52.556+0000] {logging_mixin.py:154} INFO - [2023-11-22T19:45:52.556+0000] {dagbag.py:536} INFO - Filling up the DagBag from /home/airflow/.local/lib/python3.8/site-packages/airflow/example_dags/example_branch_day_of_week_operator.py
[2023-11-22T19:45:52.563+0000] {processor.py:839} INFO - DAG(s) dict_keys(['example_weekday_branch_operator']) retrieved from /home/airflow/.local/lib/python3.8/site-packages/airflow/example_dags/example_branch_day_of_week_operator.py
[2023-11-22T19:45:52.584+0000] {logging_mixin.py:154} INFO - [2023-11-22T19:45:52.584+0000] {dag.py:2941} INFO - Sync 1 DAGs
[2023-11-22T19:45:52.601+0000] {logging_mixin.py:154} INFO - [2023-11-22T19:45:52.601+0000] {dag.py:3722} INFO - Setting next_dagrun for example_weekday_branch_operator to 2023-11-21T00:00:00+00:00, run_after=2023-11-22T00:00:00+00:00
[2023-11-22T19:45:52.614+0000] {processor.py:179} INFO - Processing /home/airflow/.local/lib/python3.8/site-packages/airflow/example_dags/example_branch_day_of_week_operator.py took 0.062 seconds
[2023-11-22T19:46:23.014+0000] {processor.py:157} INFO - Started process (PID=7973) to work on /home/airflow/.local/lib/python3.8/site-packages/airflow/example_dags/example_branch_day_of_week_operator.py
[2023-11-22T19:46:23.015+0000] {processor.py:829} INFO - Processing file /home/airflow/.local/lib/python3.8/site-packages/airflow/example_dags/example_branch_day_of_week_operator.py for tasks to queue
[2023-11-22T19:46:23.016+0000] {logging_mixin.py:154} INFO - [2023-11-22T19:46:23.016+0000] {dagbag.py:536} INFO - Filling up the DagBag from /home/airflow/.local/lib/python3.8/site-packages/airflow/example_dags/example_branch_day_of_week_operator.py
[2023-11-22T19:46:23.022+0000] {processor.py:839} INFO - DAG(s) dict_keys(['example_weekday_branch_operator']) retrieved from /home/airflow/.local/lib/python3.8/site-packages/airflow/example_dags/example_branch_day_of_week_operator.py
[2023-11-22T19:46:23.044+0000] {logging_mixin.py:154} INFO - [2023-11-22T19:46:23.044+0000] {dag.py:2941} INFO - Sync 1 DAGs
[2023-11-22T19:46:23.063+0000] {logging_mixin.py:154} INFO - [2023-11-22T19:46:23.063+0000] {dag.py:3722} INFO - Setting next_dagrun for example_weekday_branch_operator to 2023-11-21T00:00:00+00:00, run_after=2023-11-22T00:00:00+00:00
[2023-11-22T19:46:23.076+0000] {processor.py:179} INFO - Processing /home/airflow/.local/lib/python3.8/site-packages/airflow/example_dags/example_branch_day_of_week_operator.py took 0.064 seconds
[2023-11-22T19:46:53.439+0000] {processor.py:157} INFO - Started process (PID=8211) to work on /home/airflow/.local/lib/python3.8/site-packages/airflow/example_dags/example_branch_day_of_week_operator.py
[2023-11-22T19:46:53.440+0000] {processor.py:829} INFO - Processing file /home/airflow/.local/lib/python3.8/site-packages/airflow/example_dags/example_branch_day_of_week_operator.py for tasks to queue
[2023-11-22T19:46:53.441+0000] {logging_mixin.py:154} INFO - [2023-11-22T19:46:53.441+0000] {dagbag.py:536} INFO - Filling up the DagBag from /home/airflow/.local/lib/python3.8/site-packages/airflow/example_dags/example_branch_day_of_week_operator.py
[2023-11-22T19:46:53.448+0000] {processor.py:839} INFO - DAG(s) dict_keys(['example_weekday_branch_operator']) retrieved from /home/airflow/.local/lib/python3.8/site-packages/airflow/example_dags/example_branch_day_of_week_operator.py
[2023-11-22T19:46:53.469+0000] {logging_mixin.py:154} INFO - [2023-11-22T19:46:53.469+0000] {dag.py:2941} INFO - Sync 1 DAGs
[2023-11-22T19:46:53.487+0000] {logging_mixin.py:154} INFO - [2023-11-22T19:46:53.486+0000] {dag.py:3722} INFO - Setting next_dagrun for example_weekday_branch_operator to 2023-11-21T00:00:00+00:00, run_after=2023-11-22T00:00:00+00:00
[2023-11-22T19:46:53.499+0000] {processor.py:179} INFO - Processing /home/airflow/.local/lib/python3.8/site-packages/airflow/example_dags/example_branch_day_of_week_operator.py took 0.063 seconds
[2023-11-22T19:47:23.947+0000] {processor.py:157} INFO - Started process (PID=8448) to work on /home/airflow/.local/lib/python3.8/site-packages/airflow/example_dags/example_branch_day_of_week_operator.py
[2023-11-22T19:47:23.948+0000] {processor.py:829} INFO - Processing file /home/airflow/.local/lib/python3.8/site-packages/airflow/example_dags/example_branch_day_of_week_operator.py for tasks to queue
[2023-11-22T19:47:23.949+0000] {logging_mixin.py:154} INFO - [2023-11-22T19:47:23.949+0000] {dagbag.py:536} INFO - Filling up the DagBag from /home/airflow/.local/lib/python3.8/site-packages/airflow/example_dags/example_branch_day_of_week_operator.py
[2023-11-22T19:47:23.955+0000] {processor.py:839} INFO - DAG(s) dict_keys(['example_weekday_branch_operator']) retrieved from /home/airflow/.local/lib/python3.8/site-packages/airflow/example_dags/example_branch_day_of_week_operator.py
[2023-11-22T19:47:23.977+0000] {logging_mixin.py:154} INFO - [2023-11-22T19:47:23.977+0000] {dag.py:2941} INFO - Sync 1 DAGs
[2023-11-22T19:47:23.995+0000] {logging_mixin.py:154} INFO - [2023-11-22T19:47:23.995+0000] {dag.py:3722} INFO - Setting next_dagrun for example_weekday_branch_operator to 2023-11-21T00:00:00+00:00, run_after=2023-11-22T00:00:00+00:00
[2023-11-22T19:47:24.008+0000] {processor.py:179} INFO - Processing /home/airflow/.local/lib/python3.8/site-packages/airflow/example_dags/example_branch_day_of_week_operator.py took 0.064 seconds
[2023-11-22T19:47:54.776+0000] {processor.py:157} INFO - Started process (PID=8686) to work on /home/airflow/.local/lib/python3.8/site-packages/airflow/example_dags/example_branch_day_of_week_operator.py
[2023-11-22T19:47:54.777+0000] {processor.py:829} INFO - Processing file /home/airflow/.local/lib/python3.8/site-packages/airflow/example_dags/example_branch_day_of_week_operator.py for tasks to queue
[2023-11-22T19:47:54.778+0000] {logging_mixin.py:154} INFO - [2023-11-22T19:47:54.778+0000] {dagbag.py:536} INFO - Filling up the DagBag from /home/airflow/.local/lib/python3.8/site-packages/airflow/example_dags/example_branch_day_of_week_operator.py
[2023-11-22T19:47:54.784+0000] {processor.py:839} INFO - DAG(s) dict_keys(['example_weekday_branch_operator']) retrieved from /home/airflow/.local/lib/python3.8/site-packages/airflow/example_dags/example_branch_day_of_week_operator.py
[2023-11-22T19:47:54.806+0000] {logging_mixin.py:154} INFO - [2023-11-22T19:47:54.806+0000] {dag.py:2941} INFO - Sync 1 DAGs
[2023-11-22T19:47:54.824+0000] {logging_mixin.py:154} INFO - [2023-11-22T19:47:54.823+0000] {dag.py:3722} INFO - Setting next_dagrun for example_weekday_branch_operator to 2023-11-21T00:00:00+00:00, run_after=2023-11-22T00:00:00+00:00
[2023-11-22T19:47:54.837+0000] {processor.py:179} INFO - Processing /home/airflow/.local/lib/python3.8/site-packages/airflow/example_dags/example_branch_day_of_week_operator.py took 0.064 seconds
[2023-11-22T19:48:25.778+0000] {processor.py:157} INFO - Started process (PID=8924) to work on /home/airflow/.local/lib/python3.8/site-packages/airflow/example_dags/example_branch_day_of_week_operator.py
[2023-11-22T19:48:25.779+0000] {processor.py:829} INFO - Processing file /home/airflow/.local/lib/python3.8/site-packages/airflow/example_dags/example_branch_day_of_week_operator.py for tasks to queue
[2023-11-22T19:48:25.780+0000] {logging_mixin.py:154} INFO - [2023-11-22T19:48:25.780+0000] {dagbag.py:536} INFO - Filling up the DagBag from /home/airflow/.local/lib/python3.8/site-packages/airflow/example_dags/example_branch_day_of_week_operator.py
[2023-11-22T19:48:25.786+0000] {processor.py:839} INFO - DAG(s) dict_keys(['example_weekday_branch_operator']) retrieved from /home/airflow/.local/lib/python3.8/site-packages/airflow/example_dags/example_branch_day_of_week_operator.py
[2023-11-22T19:48:25.808+0000] {logging_mixin.py:154} INFO - [2023-11-22T19:48:25.808+0000] {dag.py:2941} INFO - Sync 1 DAGs
[2023-11-22T19:48:25.827+0000] {logging_mixin.py:154} INFO - [2023-11-22T19:48:25.826+0000] {dag.py:3722} INFO - Setting next_dagrun for example_weekday_branch_operator to 2023-11-21T00:00:00+00:00, run_after=2023-11-22T00:00:00+00:00
[2023-11-22T19:48:25.956+0000] {processor.py:179} INFO - Processing /home/airflow/.local/lib/python3.8/site-packages/airflow/example_dags/example_branch_day_of_week_operator.py took 0.181 seconds
[2023-11-22T19:48:56.134+0000] {processor.py:157} INFO - Started process (PID=9162) to work on /home/airflow/.local/lib/python3.8/site-packages/airflow/example_dags/example_branch_day_of_week_operator.py
[2023-11-22T19:48:56.135+0000] {processor.py:829} INFO - Processing file /home/airflow/.local/lib/python3.8/site-packages/airflow/example_dags/example_branch_day_of_week_operator.py for tasks to queue
[2023-11-22T19:48:56.136+0000] {logging_mixin.py:154} INFO - [2023-11-22T19:48:56.135+0000] {dagbag.py:536} INFO - Filling up the DagBag from /home/airflow/.local/lib/python3.8/site-packages/airflow/example_dags/example_branch_day_of_week_operator.py
[2023-11-22T19:48:56.144+0000] {processor.py:839} INFO - DAG(s) dict_keys(['example_weekday_branch_operator']) retrieved from /home/airflow/.local/lib/python3.8/site-packages/airflow/example_dags/example_branch_day_of_week_operator.py
[2023-11-22T19:48:56.166+0000] {logging_mixin.py:154} INFO - [2023-11-22T19:48:56.166+0000] {dag.py:2941} INFO - Sync 1 DAGs
[2023-11-22T19:48:56.187+0000] {logging_mixin.py:154} INFO - [2023-11-22T19:48:56.187+0000] {dag.py:3722} INFO - Setting next_dagrun for example_weekday_branch_operator to 2023-11-21T00:00:00+00:00, run_after=2023-11-22T00:00:00+00:00
[2023-11-22T19:48:56.201+0000] {processor.py:179} INFO - Processing /home/airflow/.local/lib/python3.8/site-packages/airflow/example_dags/example_branch_day_of_week_operator.py took 0.071 seconds
[2023-11-22T19:49:27.218+0000] {processor.py:157} INFO - Started process (PID=9400) to work on /home/airflow/.local/lib/python3.8/site-packages/airflow/example_dags/example_branch_day_of_week_operator.py
[2023-11-22T19:49:27.219+0000] {processor.py:829} INFO - Processing file /home/airflow/.local/lib/python3.8/site-packages/airflow/example_dags/example_branch_day_of_week_operator.py for tasks to queue
[2023-11-22T19:49:27.220+0000] {logging_mixin.py:154} INFO - [2023-11-22T19:49:27.220+0000] {dagbag.py:536} INFO - Filling up the DagBag from /home/airflow/.local/lib/python3.8/site-packages/airflow/example_dags/example_branch_day_of_week_operator.py
[2023-11-22T19:49:27.228+0000] {processor.py:839} INFO - DAG(s) dict_keys(['example_weekday_branch_operator']) retrieved from /home/airflow/.local/lib/python3.8/site-packages/airflow/example_dags/example_branch_day_of_week_operator.py
[2023-11-22T19:49:27.260+0000] {logging_mixin.py:154} INFO - [2023-11-22T19:49:27.260+0000] {dag.py:2941} INFO - Sync 1 DAGs
[2023-11-22T19:49:27.280+0000] {logging_mixin.py:154} INFO - [2023-11-22T19:49:27.280+0000] {dag.py:3722} INFO - Setting next_dagrun for example_weekday_branch_operator to 2023-11-21T00:00:00+00:00, run_after=2023-11-22T00:00:00+00:00
[2023-11-22T19:49:27.295+0000] {processor.py:179} INFO - Processing /home/airflow/.local/lib/python3.8/site-packages/airflow/example_dags/example_branch_day_of_week_operator.py took 0.081 seconds
[2023-11-22T19:49:58.225+0000] {processor.py:157} INFO - Started process (PID=9638) to work on /home/airflow/.local/lib/python3.8/site-packages/airflow/example_dags/example_branch_day_of_week_operator.py
[2023-11-22T19:49:58.226+0000] {processor.py:829} INFO - Processing file /home/airflow/.local/lib/python3.8/site-packages/airflow/example_dags/example_branch_day_of_week_operator.py for tasks to queue
[2023-11-22T19:49:58.227+0000] {logging_mixin.py:154} INFO - [2023-11-22T19:49:58.227+0000] {dagbag.py:536} INFO - Filling up the DagBag from /home/airflow/.local/lib/python3.8/site-packages/airflow/example_dags/example_branch_day_of_week_operator.py
[2023-11-22T19:49:58.234+0000] {processor.py:839} INFO - DAG(s) dict_keys(['example_weekday_branch_operator']) retrieved from /home/airflow/.local/lib/python3.8/site-packages/airflow/example_dags/example_branch_day_of_week_operator.py
[2023-11-22T19:49:58.256+0000] {logging_mixin.py:154} INFO - [2023-11-22T19:49:58.256+0000] {dag.py:2941} INFO - Sync 1 DAGs
[2023-11-22T19:49:58.275+0000] {logging_mixin.py:154} INFO - [2023-11-22T19:49:58.275+0000] {dag.py:3722} INFO - Setting next_dagrun for example_weekday_branch_operator to 2023-11-21T00:00:00+00:00, run_after=2023-11-22T00:00:00+00:00
[2023-11-22T19:49:58.288+0000] {processor.py:179} INFO - Processing /home/airflow/.local/lib/python3.8/site-packages/airflow/example_dags/example_branch_day_of_week_operator.py took 0.066 seconds
[2023-11-22T19:50:28.777+0000] {processor.py:157} INFO - Started process (PID=9876) to work on /home/airflow/.local/lib/python3.8/site-packages/airflow/example_dags/example_branch_day_of_week_operator.py
[2023-11-22T19:50:28.778+0000] {processor.py:829} INFO - Processing file /home/airflow/.local/lib/python3.8/site-packages/airflow/example_dags/example_branch_day_of_week_operator.py for tasks to queue
[2023-11-22T19:50:28.779+0000] {logging_mixin.py:154} INFO - [2023-11-22T19:50:28.778+0000] {dagbag.py:536} INFO - Filling up the DagBag from /home/airflow/.local/lib/python3.8/site-packages/airflow/example_dags/example_branch_day_of_week_operator.py
[2023-11-22T19:50:28.786+0000] {processor.py:839} INFO - DAG(s) dict_keys(['example_weekday_branch_operator']) retrieved from /home/airflow/.local/lib/python3.8/site-packages/airflow/example_dags/example_branch_day_of_week_operator.py
[2023-11-22T19:50:28.814+0000] {logging_mixin.py:154} INFO - [2023-11-22T19:50:28.814+0000] {dag.py:2941} INFO - Sync 1 DAGs
[2023-11-22T19:50:28.949+0000] {logging_mixin.py:154} INFO - [2023-11-22T19:50:28.949+0000] {dag.py:3722} INFO - Setting next_dagrun for example_weekday_branch_operator to 2023-11-21T00:00:00+00:00, run_after=2023-11-22T00:00:00+00:00
[2023-11-22T19:50:28.962+0000] {processor.py:179} INFO - Processing /home/airflow/.local/lib/python3.8/site-packages/airflow/example_dags/example_branch_day_of_week_operator.py took 0.188 seconds
[2023-11-22T19:50:59.123+0000] {processor.py:157} INFO - Started process (PID=10116) to work on /home/airflow/.local/lib/python3.8/site-packages/airflow/example_dags/example_branch_day_of_week_operator.py
[2023-11-22T19:50:59.124+0000] {processor.py:829} INFO - Processing file /home/airflow/.local/lib/python3.8/site-packages/airflow/example_dags/example_branch_day_of_week_operator.py for tasks to queue
[2023-11-22T19:50:59.125+0000] {logging_mixin.py:154} INFO - [2023-11-22T19:50:59.125+0000] {dagbag.py:536} INFO - Filling up the DagBag from /home/airflow/.local/lib/python3.8/site-packages/airflow/example_dags/example_branch_day_of_week_operator.py
[2023-11-22T19:50:59.131+0000] {processor.py:839} INFO - DAG(s) dict_keys(['example_weekday_branch_operator']) retrieved from /home/airflow/.local/lib/python3.8/site-packages/airflow/example_dags/example_branch_day_of_week_operator.py
[2023-11-22T19:50:59.154+0000] {logging_mixin.py:154} INFO - [2023-11-22T19:50:59.153+0000] {dag.py:2941} INFO - Sync 1 DAGs
[2023-11-22T19:50:59.286+0000] {logging_mixin.py:154} INFO - [2023-11-22T19:50:59.285+0000] {dag.py:3722} INFO - Setting next_dagrun for example_weekday_branch_operator to 2023-11-21T00:00:00+00:00, run_after=2023-11-22T00:00:00+00:00
[2023-11-22T19:50:59.298+0000] {processor.py:179} INFO - Processing /home/airflow/.local/lib/python3.8/site-packages/airflow/example_dags/example_branch_day_of_week_operator.py took 0.178 seconds
[2023-11-22T19:51:29.960+0000] {processor.py:157} INFO - Started process (PID=10352) to work on /home/airflow/.local/lib/python3.8/site-packages/airflow/example_dags/example_branch_day_of_week_operator.py
[2023-11-22T19:51:29.961+0000] {processor.py:829} INFO - Processing file /home/airflow/.local/lib/python3.8/site-packages/airflow/example_dags/example_branch_day_of_week_operator.py for tasks to queue
[2023-11-22T19:51:29.962+0000] {logging_mixin.py:154} INFO - [2023-11-22T19:51:29.961+0000] {dagbag.py:536} INFO - Filling up the DagBag from /home/airflow/.local/lib/python3.8/site-packages/airflow/example_dags/example_branch_day_of_week_operator.py
[2023-11-22T19:51:29.968+0000] {processor.py:839} INFO - DAG(s) dict_keys(['example_weekday_branch_operator']) retrieved from /home/airflow/.local/lib/python3.8/site-packages/airflow/example_dags/example_branch_day_of_week_operator.py
[2023-11-22T19:51:29.991+0000] {logging_mixin.py:154} INFO - [2023-11-22T19:51:29.991+0000] {dag.py:2941} INFO - Sync 1 DAGs
[2023-11-22T19:51:30.011+0000] {logging_mixin.py:154} INFO - [2023-11-22T19:51:30.010+0000] {dag.py:3722} INFO - Setting next_dagrun for example_weekday_branch_operator to 2023-11-21T00:00:00+00:00, run_after=2023-11-22T00:00:00+00:00
[2023-11-22T19:51:30.138+0000] {processor.py:179} INFO - Processing /home/airflow/.local/lib/python3.8/site-packages/airflow/example_dags/example_branch_day_of_week_operator.py took 0.181 seconds
[2023-11-22T19:52:00.298+0000] {processor.py:157} INFO - Started process (PID=10590) to work on /home/airflow/.local/lib/python3.8/site-packages/airflow/example_dags/example_branch_day_of_week_operator.py
[2023-11-22T19:52:00.299+0000] {processor.py:829} INFO - Processing file /home/airflow/.local/lib/python3.8/site-packages/airflow/example_dags/example_branch_day_of_week_operator.py for tasks to queue
[2023-11-22T19:52:00.300+0000] {logging_mixin.py:154} INFO - [2023-11-22T19:52:00.300+0000] {dagbag.py:536} INFO - Filling up the DagBag from /home/airflow/.local/lib/python3.8/site-packages/airflow/example_dags/example_branch_day_of_week_operator.py
[2023-11-22T19:52:00.306+0000] {processor.py:839} INFO - DAG(s) dict_keys(['example_weekday_branch_operator']) retrieved from /home/airflow/.local/lib/python3.8/site-packages/airflow/example_dags/example_branch_day_of_week_operator.py
[2023-11-22T19:52:00.329+0000] {logging_mixin.py:154} INFO - [2023-11-22T19:52:00.329+0000] {dag.py:2941} INFO - Sync 1 DAGs
[2023-11-22T19:52:00.347+0000] {logging_mixin.py:154} INFO - [2023-11-22T19:52:00.347+0000] {dag.py:3722} INFO - Setting next_dagrun for example_weekday_branch_operator to 2023-11-21T00:00:00+00:00, run_after=2023-11-22T00:00:00+00:00
[2023-11-22T19:52:00.360+0000] {processor.py:179} INFO - Processing /home/airflow/.local/lib/python3.8/site-packages/airflow/example_dags/example_branch_day_of_week_operator.py took 0.065 seconds
[2023-11-22T19:52:30.841+0000] {processor.py:157} INFO - Started process (PID=10829) to work on /home/airflow/.local/lib/python3.8/site-packages/airflow/example_dags/example_branch_day_of_week_operator.py
[2023-11-22T19:52:30.842+0000] {processor.py:829} INFO - Processing file /home/airflow/.local/lib/python3.8/site-packages/airflow/example_dags/example_branch_day_of_week_operator.py for tasks to queue
[2023-11-22T19:52:30.843+0000] {logging_mixin.py:154} INFO - [2023-11-22T19:52:30.842+0000] {dagbag.py:536} INFO - Filling up the DagBag from /home/airflow/.local/lib/python3.8/site-packages/airflow/example_dags/example_branch_day_of_week_operator.py
[2023-11-22T19:52:30.849+0000] {processor.py:839} INFO - DAG(s) dict_keys(['example_weekday_branch_operator']) retrieved from /home/airflow/.local/lib/python3.8/site-packages/airflow/example_dags/example_branch_day_of_week_operator.py
[2023-11-22T19:52:30.871+0000] {logging_mixin.py:154} INFO - [2023-11-22T19:52:30.871+0000] {dag.py:2941} INFO - Sync 1 DAGs
[2023-11-22T19:52:30.889+0000] {logging_mixin.py:154} INFO - [2023-11-22T19:52:30.888+0000] {dag.py:3722} INFO - Setting next_dagrun for example_weekday_branch_operator to 2023-11-21T00:00:00+00:00, run_after=2023-11-22T00:00:00+00:00
[2023-11-22T19:52:30.901+0000] {processor.py:179} INFO - Processing /home/airflow/.local/lib/python3.8/site-packages/airflow/example_dags/example_branch_day_of_week_operator.py took 0.063 seconds
[2023-11-22T19:53:01.288+0000] {processor.py:157} INFO - Started process (PID=11067) to work on /home/airflow/.local/lib/python3.8/site-packages/airflow/example_dags/example_branch_day_of_week_operator.py
[2023-11-22T19:53:01.289+0000] {processor.py:829} INFO - Processing file /home/airflow/.local/lib/python3.8/site-packages/airflow/example_dags/example_branch_day_of_week_operator.py for tasks to queue
[2023-11-22T19:53:01.290+0000] {logging_mixin.py:154} INFO - [2023-11-22T19:53:01.290+0000] {dagbag.py:536} INFO - Filling up the DagBag from /home/airflow/.local/lib/python3.8/site-packages/airflow/example_dags/example_branch_day_of_week_operator.py
[2023-11-22T19:53:01.296+0000] {processor.py:839} INFO - DAG(s) dict_keys(['example_weekday_branch_operator']) retrieved from /home/airflow/.local/lib/python3.8/site-packages/airflow/example_dags/example_branch_day_of_week_operator.py
[2023-11-22T19:53:01.318+0000] {logging_mixin.py:154} INFO - [2023-11-22T19:53:01.318+0000] {dag.py:2941} INFO - Sync 1 DAGs
[2023-11-22T19:53:01.336+0000] {logging_mixin.py:154} INFO - [2023-11-22T19:53:01.336+0000] {dag.py:3722} INFO - Setting next_dagrun for example_weekday_branch_operator to 2023-11-21T00:00:00+00:00, run_after=2023-11-22T00:00:00+00:00
[2023-11-22T19:53:01.348+0000] {processor.py:179} INFO - Processing /home/airflow/.local/lib/python3.8/site-packages/airflow/example_dags/example_branch_day_of_week_operator.py took 0.063 seconds
[2023-11-22T19:53:31.652+0000] {processor.py:157} INFO - Started process (PID=11305) to work on /home/airflow/.local/lib/python3.8/site-packages/airflow/example_dags/example_branch_day_of_week_operator.py
[2023-11-22T19:53:31.653+0000] {processor.py:829} INFO - Processing file /home/airflow/.local/lib/python3.8/site-packages/airflow/example_dags/example_branch_day_of_week_operator.py for tasks to queue
[2023-11-22T19:53:31.654+0000] {logging_mixin.py:154} INFO - [2023-11-22T19:53:31.654+0000] {dagbag.py:536} INFO - Filling up the DagBag from /home/airflow/.local/lib/python3.8/site-packages/airflow/example_dags/example_branch_day_of_week_operator.py
[2023-11-22T19:53:31.660+0000] {processor.py:839} INFO - DAG(s) dict_keys(['example_weekday_branch_operator']) retrieved from /home/airflow/.local/lib/python3.8/site-packages/airflow/example_dags/example_branch_day_of_week_operator.py
[2023-11-22T19:53:31.683+0000] {logging_mixin.py:154} INFO - [2023-11-22T19:53:31.682+0000] {dag.py:2941} INFO - Sync 1 DAGs
[2023-11-22T19:53:31.701+0000] {logging_mixin.py:154} INFO - [2023-11-22T19:53:31.700+0000] {dag.py:3722} INFO - Setting next_dagrun for example_weekday_branch_operator to 2023-11-21T00:00:00+00:00, run_after=2023-11-22T00:00:00+00:00
[2023-11-22T19:53:31.713+0000] {processor.py:179} INFO - Processing /home/airflow/.local/lib/python3.8/site-packages/airflow/example_dags/example_branch_day_of_week_operator.py took 0.064 seconds
[2023-11-22T19:54:03.077+0000] {processor.py:157} INFO - Started process (PID=11543) to work on /home/airflow/.local/lib/python3.8/site-packages/airflow/example_dags/example_branch_day_of_week_operator.py
[2023-11-22T19:54:03.080+0000] {processor.py:829} INFO - Processing file /home/airflow/.local/lib/python3.8/site-packages/airflow/example_dags/example_branch_day_of_week_operator.py for tasks to queue
[2023-11-22T19:54:03.083+0000] {logging_mixin.py:154} INFO - [2023-11-22T19:54:03.082+0000] {dagbag.py:536} INFO - Filling up the DagBag from /home/airflow/.local/lib/python3.8/site-packages/airflow/example_dags/example_branch_day_of_week_operator.py
[2023-11-22T19:54:03.095+0000] {processor.py:839} INFO - DAG(s) dict_keys(['example_weekday_branch_operator']) retrieved from /home/airflow/.local/lib/python3.8/site-packages/airflow/example_dags/example_branch_day_of_week_operator.py
[2023-11-22T19:54:03.159+0000] {logging_mixin.py:154} INFO - [2023-11-22T19:54:03.158+0000] {dag.py:2941} INFO - Sync 1 DAGs
[2023-11-22T19:54:03.195+0000] {logging_mixin.py:154} INFO - [2023-11-22T19:54:03.195+0000] {dag.py:3722} INFO - Setting next_dagrun for example_weekday_branch_operator to 2023-11-21T00:00:00+00:00, run_after=2023-11-22T00:00:00+00:00
[2023-11-22T19:54:03.213+0000] {processor.py:179} INFO - Processing /home/airflow/.local/lib/python3.8/site-packages/airflow/example_dags/example_branch_day_of_week_operator.py took 0.147 seconds
[2023-11-22T20:36:15.764+0000] {processor.py:157} INFO - Started process (PID=11783) to work on /home/airflow/.local/lib/python3.8/site-packages/airflow/example_dags/example_branch_day_of_week_operator.py
[2023-11-22T20:36:15.765+0000] {processor.py:829} INFO - Processing file /home/airflow/.local/lib/python3.8/site-packages/airflow/example_dags/example_branch_day_of_week_operator.py for tasks to queue
[2023-11-22T20:36:15.766+0000] {logging_mixin.py:154} INFO - [2023-11-22T20:36:15.766+0000] {dagbag.py:536} INFO - Filling up the DagBag from /home/airflow/.local/lib/python3.8/site-packages/airflow/example_dags/example_branch_day_of_week_operator.py
[2023-11-22T20:36:15.772+0000] {processor.py:839} INFO - DAG(s) dict_keys(['example_weekday_branch_operator']) retrieved from /home/airflow/.local/lib/python3.8/site-packages/airflow/example_dags/example_branch_day_of_week_operator.py
[2023-11-22T20:36:15.795+0000] {logging_mixin.py:154} INFO - [2023-11-22T20:36:15.794+0000] {dag.py:2941} INFO - Sync 1 DAGs
[2023-11-22T20:36:15.812+0000] {logging_mixin.py:154} INFO - [2023-11-22T20:36:15.812+0000] {dag.py:3722} INFO - Setting next_dagrun for example_weekday_branch_operator to 2023-11-21T00:00:00+00:00, run_after=2023-11-22T00:00:00+00:00
[2023-11-22T20:36:15.824+0000] {processor.py:179} INFO - Processing /home/airflow/.local/lib/python3.8/site-packages/airflow/example_dags/example_branch_day_of_week_operator.py took 0.063 seconds
[2023-11-22T21:01:35.440+0000] {processor.py:157} INFO - Started process (PID=12022) to work on /home/airflow/.local/lib/python3.8/site-packages/airflow/example_dags/example_branch_day_of_week_operator.py
[2023-11-22T21:01:35.443+0000] {processor.py:829} INFO - Processing file /home/airflow/.local/lib/python3.8/site-packages/airflow/example_dags/example_branch_day_of_week_operator.py for tasks to queue
[2023-11-22T21:01:35.445+0000] {logging_mixin.py:154} INFO - [2023-11-22T21:01:35.444+0000] {dagbag.py:536} INFO - Filling up the DagBag from /home/airflow/.local/lib/python3.8/site-packages/airflow/example_dags/example_branch_day_of_week_operator.py
[2023-11-22T21:01:35.458+0000] {processor.py:839} INFO - DAG(s) dict_keys(['example_weekday_branch_operator']) retrieved from /home/airflow/.local/lib/python3.8/site-packages/airflow/example_dags/example_branch_day_of_week_operator.py
[2023-11-22T21:01:35.503+0000] {logging_mixin.py:154} INFO - [2023-11-22T21:01:35.503+0000] {dag.py:2941} INFO - Sync 1 DAGs
[2023-11-22T21:01:35.555+0000] {logging_mixin.py:154} INFO - [2023-11-22T21:01:35.554+0000] {dag.py:3722} INFO - Setting next_dagrun for example_weekday_branch_operator to 2023-11-21T00:00:00+00:00, run_after=2023-11-22T00:00:00+00:00
[2023-11-22T21:01:35.594+0000] {processor.py:179} INFO - Processing /home/airflow/.local/lib/python3.8/site-packages/airflow/example_dags/example_branch_day_of_week_operator.py took 0.160 seconds
[2023-11-22T21:02:05.825+0000] {processor.py:157} INFO - Started process (PID=12260) to work on /home/airflow/.local/lib/python3.8/site-packages/airflow/example_dags/example_branch_day_of_week_operator.py
[2023-11-22T21:02:05.826+0000] {processor.py:829} INFO - Processing file /home/airflow/.local/lib/python3.8/site-packages/airflow/example_dags/example_branch_day_of_week_operator.py for tasks to queue
[2023-11-22T21:02:05.827+0000] {logging_mixin.py:154} INFO - [2023-11-22T21:02:05.827+0000] {dagbag.py:536} INFO - Filling up the DagBag from /home/airflow/.local/lib/python3.8/site-packages/airflow/example_dags/example_branch_day_of_week_operator.py
[2023-11-22T21:02:05.833+0000] {processor.py:839} INFO - DAG(s) dict_keys(['example_weekday_branch_operator']) retrieved from /home/airflow/.local/lib/python3.8/site-packages/airflow/example_dags/example_branch_day_of_week_operator.py
[2023-11-22T21:02:05.856+0000] {logging_mixin.py:154} INFO - [2023-11-22T21:02:05.856+0000] {dag.py:2941} INFO - Sync 1 DAGs
[2023-11-22T21:02:05.875+0000] {logging_mixin.py:154} INFO - [2023-11-22T21:02:05.874+0000] {dag.py:3722} INFO - Setting next_dagrun for example_weekday_branch_operator to 2023-11-21T00:00:00+00:00, run_after=2023-11-22T00:00:00+00:00
[2023-11-22T21:02:05.891+0000] {processor.py:179} INFO - Processing /home/airflow/.local/lib/python3.8/site-packages/airflow/example_dags/example_branch_day_of_week_operator.py took 0.069 seconds
[2023-11-22T21:02:36.715+0000] {processor.py:157} INFO - Started process (PID=12498) to work on /home/airflow/.local/lib/python3.8/site-packages/airflow/example_dags/example_branch_day_of_week_operator.py
[2023-11-22T21:02:36.716+0000] {processor.py:829} INFO - Processing file /home/airflow/.local/lib/python3.8/site-packages/airflow/example_dags/example_branch_day_of_week_operator.py for tasks to queue
[2023-11-22T21:02:36.717+0000] {logging_mixin.py:154} INFO - [2023-11-22T21:02:36.717+0000] {dagbag.py:536} INFO - Filling up the DagBag from /home/airflow/.local/lib/python3.8/site-packages/airflow/example_dags/example_branch_day_of_week_operator.py
[2023-11-22T21:02:36.724+0000] {processor.py:839} INFO - DAG(s) dict_keys(['example_weekday_branch_operator']) retrieved from /home/airflow/.local/lib/python3.8/site-packages/airflow/example_dags/example_branch_day_of_week_operator.py
[2023-11-22T21:02:36.746+0000] {logging_mixin.py:154} INFO - [2023-11-22T21:02:36.746+0000] {dag.py:2941} INFO - Sync 1 DAGs
[2023-11-22T21:02:36.764+0000] {logging_mixin.py:154} INFO - [2023-11-22T21:02:36.764+0000] {dag.py:3722} INFO - Setting next_dagrun for example_weekday_branch_operator to 2023-11-21T00:00:00+00:00, run_after=2023-11-22T00:00:00+00:00
[2023-11-22T21:02:36.777+0000] {processor.py:179} INFO - Processing /home/airflow/.local/lib/python3.8/site-packages/airflow/example_dags/example_branch_day_of_week_operator.py took 0.065 seconds
[2023-11-22T21:03:07.075+0000] {processor.py:157} INFO - Started process (PID=12736) to work on /home/airflow/.local/lib/python3.8/site-packages/airflow/example_dags/example_branch_day_of_week_operator.py
[2023-11-22T21:03:07.077+0000] {processor.py:829} INFO - Processing file /home/airflow/.local/lib/python3.8/site-packages/airflow/example_dags/example_branch_day_of_week_operator.py for tasks to queue
[2023-11-22T21:03:07.078+0000] {logging_mixin.py:154} INFO - [2023-11-22T21:03:07.078+0000] {dagbag.py:536} INFO - Filling up the DagBag from /home/airflow/.local/lib/python3.8/site-packages/airflow/example_dags/example_branch_day_of_week_operator.py
[2023-11-22T21:03:07.090+0000] {processor.py:839} INFO - DAG(s) dict_keys(['example_weekday_branch_operator']) retrieved from /home/airflow/.local/lib/python3.8/site-packages/airflow/example_dags/example_branch_day_of_week_operator.py
[2023-11-22T21:03:07.126+0000] {logging_mixin.py:154} INFO - [2023-11-22T21:03:07.126+0000] {dag.py:2941} INFO - Sync 1 DAGs
[2023-11-22T21:03:07.159+0000] {logging_mixin.py:154} INFO - [2023-11-22T21:03:07.159+0000] {dag.py:3722} INFO - Setting next_dagrun for example_weekday_branch_operator to 2023-11-21T00:00:00+00:00, run_after=2023-11-22T00:00:00+00:00
[2023-11-22T21:03:07.186+0000] {processor.py:179} INFO - Processing /home/airflow/.local/lib/python3.8/site-packages/airflow/example_dags/example_branch_day_of_week_operator.py took 0.116 seconds
[2023-11-22T21:03:37.940+0000] {processor.py:157} INFO - Started process (PID=12974) to work on /home/airflow/.local/lib/python3.8/site-packages/airflow/example_dags/example_branch_day_of_week_operator.py
[2023-11-22T21:03:37.941+0000] {processor.py:829} INFO - Processing file /home/airflow/.local/lib/python3.8/site-packages/airflow/example_dags/example_branch_day_of_week_operator.py for tasks to queue
[2023-11-22T21:03:37.942+0000] {logging_mixin.py:154} INFO - [2023-11-22T21:03:37.942+0000] {dagbag.py:536} INFO - Filling up the DagBag from /home/airflow/.local/lib/python3.8/site-packages/airflow/example_dags/example_branch_day_of_week_operator.py
[2023-11-22T21:03:37.949+0000] {processor.py:839} INFO - DAG(s) dict_keys(['example_weekday_branch_operator']) retrieved from /home/airflow/.local/lib/python3.8/site-packages/airflow/example_dags/example_branch_day_of_week_operator.py
[2023-11-22T21:03:37.975+0000] {logging_mixin.py:154} INFO - [2023-11-22T21:03:37.975+0000] {dag.py:2941} INFO - Sync 1 DAGs
[2023-11-22T21:03:37.994+0000] {logging_mixin.py:154} INFO - [2023-11-22T21:03:37.994+0000] {dag.py:3722} INFO - Setting next_dagrun for example_weekday_branch_operator to 2023-11-21T00:00:00+00:00, run_after=2023-11-22T00:00:00+00:00
[2023-11-22T21:03:38.009+0000] {processor.py:179} INFO - Processing /home/airflow/.local/lib/python3.8/site-packages/airflow/example_dags/example_branch_day_of_week_operator.py took 0.072 seconds
[2023-11-22T21:04:08.466+0000] {processor.py:157} INFO - Started process (PID=13212) to work on /home/airflow/.local/lib/python3.8/site-packages/airflow/example_dags/example_branch_day_of_week_operator.py
[2023-11-22T21:04:08.467+0000] {processor.py:829} INFO - Processing file /home/airflow/.local/lib/python3.8/site-packages/airflow/example_dags/example_branch_day_of_week_operator.py for tasks to queue
[2023-11-22T21:04:08.468+0000] {logging_mixin.py:154} INFO - [2023-11-22T21:04:08.467+0000] {dagbag.py:536} INFO - Filling up the DagBag from /home/airflow/.local/lib/python3.8/site-packages/airflow/example_dags/example_branch_day_of_week_operator.py
[2023-11-22T21:04:08.474+0000] {processor.py:839} INFO - DAG(s) dict_keys(['example_weekday_branch_operator']) retrieved from /home/airflow/.local/lib/python3.8/site-packages/airflow/example_dags/example_branch_day_of_week_operator.py
[2023-11-22T21:04:08.498+0000] {logging_mixin.py:154} INFO - [2023-11-22T21:04:08.498+0000] {dag.py:2941} INFO - Sync 1 DAGs
[2023-11-22T21:04:08.518+0000] {logging_mixin.py:154} INFO - [2023-11-22T21:04:08.518+0000] {dag.py:3722} INFO - Setting next_dagrun for example_weekday_branch_operator to 2023-11-21T00:00:00+00:00, run_after=2023-11-22T00:00:00+00:00
[2023-11-22T21:04:08.533+0000] {processor.py:179} INFO - Processing /home/airflow/.local/lib/python3.8/site-packages/airflow/example_dags/example_branch_day_of_week_operator.py took 0.071 seconds
[2023-11-22T21:04:39.077+0000] {processor.py:157} INFO - Started process (PID=13450) to work on /home/airflow/.local/lib/python3.8/site-packages/airflow/example_dags/example_branch_day_of_week_operator.py
[2023-11-22T21:04:39.078+0000] {processor.py:829} INFO - Processing file /home/airflow/.local/lib/python3.8/site-packages/airflow/example_dags/example_branch_day_of_week_operator.py for tasks to queue
[2023-11-22T21:04:39.079+0000] {logging_mixin.py:154} INFO - [2023-11-22T21:04:39.079+0000] {dagbag.py:536} INFO - Filling up the DagBag from /home/airflow/.local/lib/python3.8/site-packages/airflow/example_dags/example_branch_day_of_week_operator.py
[2023-11-22T21:04:39.086+0000] {processor.py:839} INFO - DAG(s) dict_keys(['example_weekday_branch_operator']) retrieved from /home/airflow/.local/lib/python3.8/site-packages/airflow/example_dags/example_branch_day_of_week_operator.py
[2023-11-22T21:04:39.108+0000] {logging_mixin.py:154} INFO - [2023-11-22T21:04:39.108+0000] {dag.py:2941} INFO - Sync 1 DAGs
[2023-11-22T21:04:39.126+0000] {logging_mixin.py:154} INFO - [2023-11-22T21:04:39.126+0000] {dag.py:3722} INFO - Setting next_dagrun for example_weekday_branch_operator to 2023-11-21T00:00:00+00:00, run_after=2023-11-22T00:00:00+00:00
[2023-11-22T21:04:39.140+0000] {processor.py:179} INFO - Processing /home/airflow/.local/lib/python3.8/site-packages/airflow/example_dags/example_branch_day_of_week_operator.py took 0.066 seconds
[2023-11-22T21:05:09.596+0000] {processor.py:157} INFO - Started process (PID=13688) to work on /home/airflow/.local/lib/python3.8/site-packages/airflow/example_dags/example_branch_day_of_week_operator.py
[2023-11-22T21:05:09.597+0000] {processor.py:829} INFO - Processing file /home/airflow/.local/lib/python3.8/site-packages/airflow/example_dags/example_branch_day_of_week_operator.py for tasks to queue
[2023-11-22T21:05:09.598+0000] {logging_mixin.py:154} INFO - [2023-11-22T21:05:09.598+0000] {dagbag.py:536} INFO - Filling up the DagBag from /home/airflow/.local/lib/python3.8/site-packages/airflow/example_dags/example_branch_day_of_week_operator.py
[2023-11-22T21:05:09.604+0000] {processor.py:839} INFO - DAG(s) dict_keys(['example_weekday_branch_operator']) retrieved from /home/airflow/.local/lib/python3.8/site-packages/airflow/example_dags/example_branch_day_of_week_operator.py
[2023-11-22T21:05:09.628+0000] {logging_mixin.py:154} INFO - [2023-11-22T21:05:09.628+0000] {dag.py:2941} INFO - Sync 1 DAGs
[2023-11-22T21:05:09.647+0000] {logging_mixin.py:154} INFO - [2023-11-22T21:05:09.646+0000] {dag.py:3722} INFO - Setting next_dagrun for example_weekday_branch_operator to 2023-11-21T00:00:00+00:00, run_after=2023-11-22T00:00:00+00:00
[2023-11-22T21:05:09.660+0000] {processor.py:179} INFO - Processing /home/airflow/.local/lib/python3.8/site-packages/airflow/example_dags/example_branch_day_of_week_operator.py took 0.067 seconds
[2023-11-22T21:05:40.593+0000] {processor.py:157} INFO - Started process (PID=13927) to work on /home/airflow/.local/lib/python3.8/site-packages/airflow/example_dags/example_branch_day_of_week_operator.py
[2023-11-22T21:05:40.594+0000] {processor.py:829} INFO - Processing file /home/airflow/.local/lib/python3.8/site-packages/airflow/example_dags/example_branch_day_of_week_operator.py for tasks to queue
[2023-11-22T21:05:40.595+0000] {logging_mixin.py:154} INFO - [2023-11-22T21:05:40.595+0000] {dagbag.py:536} INFO - Filling up the DagBag from /home/airflow/.local/lib/python3.8/site-packages/airflow/example_dags/example_branch_day_of_week_operator.py
[2023-11-22T21:05:40.603+0000] {processor.py:839} INFO - DAG(s) dict_keys(['example_weekday_branch_operator']) retrieved from /home/airflow/.local/lib/python3.8/site-packages/airflow/example_dags/example_branch_day_of_week_operator.py
[2023-11-22T21:05:40.630+0000] {logging_mixin.py:154} INFO - [2023-11-22T21:05:40.630+0000] {dag.py:2941} INFO - Sync 1 DAGs
[2023-11-22T21:05:40.656+0000] {logging_mixin.py:154} INFO - [2023-11-22T21:05:40.655+0000] {dag.py:3722} INFO - Setting next_dagrun for example_weekday_branch_operator to 2023-11-21T00:00:00+00:00, run_after=2023-11-22T00:00:00+00:00
[2023-11-22T21:05:40.676+0000] {processor.py:179} INFO - Processing /home/airflow/.local/lib/python3.8/site-packages/airflow/example_dags/example_branch_day_of_week_operator.py took 0.087 seconds
[2023-11-22T21:06:10.722+0000] {processor.py:157} INFO - Started process (PID=14165) to work on /home/airflow/.local/lib/python3.8/site-packages/airflow/example_dags/example_branch_day_of_week_operator.py
[2023-11-22T21:06:10.723+0000] {processor.py:829} INFO - Processing file /home/airflow/.local/lib/python3.8/site-packages/airflow/example_dags/example_branch_day_of_week_operator.py for tasks to queue
[2023-11-22T21:06:10.723+0000] {logging_mixin.py:154} INFO - [2023-11-22T21:06:10.723+0000] {dagbag.py:536} INFO - Filling up the DagBag from /home/airflow/.local/lib/python3.8/site-packages/airflow/example_dags/example_branch_day_of_week_operator.py
[2023-11-22T21:06:10.730+0000] {processor.py:839} INFO - DAG(s) dict_keys(['example_weekday_branch_operator']) retrieved from /home/airflow/.local/lib/python3.8/site-packages/airflow/example_dags/example_branch_day_of_week_operator.py
[2023-11-22T21:06:10.754+0000] {logging_mixin.py:154} INFO - [2023-11-22T21:06:10.754+0000] {dag.py:2941} INFO - Sync 1 DAGs
[2023-11-22T21:06:10.772+0000] {logging_mixin.py:154} INFO - [2023-11-22T21:06:10.772+0000] {dag.py:3722} INFO - Setting next_dagrun for example_weekday_branch_operator to 2023-11-21T00:00:00+00:00, run_after=2023-11-22T00:00:00+00:00
[2023-11-22T21:06:10.786+0000] {processor.py:179} INFO - Processing /home/airflow/.local/lib/python3.8/site-packages/airflow/example_dags/example_branch_day_of_week_operator.py took 0.068 seconds
[2023-11-22T21:06:41.566+0000] {processor.py:157} INFO - Started process (PID=14401) to work on /home/airflow/.local/lib/python3.8/site-packages/airflow/example_dags/example_branch_day_of_week_operator.py
[2023-11-22T21:06:41.567+0000] {processor.py:829} INFO - Processing file /home/airflow/.local/lib/python3.8/site-packages/airflow/example_dags/example_branch_day_of_week_operator.py for tasks to queue
[2023-11-22T21:06:41.568+0000] {logging_mixin.py:154} INFO - [2023-11-22T21:06:41.568+0000] {dagbag.py:536} INFO - Filling up the DagBag from /home/airflow/.local/lib/python3.8/site-packages/airflow/example_dags/example_branch_day_of_week_operator.py
[2023-11-22T21:06:41.574+0000] {processor.py:839} INFO - DAG(s) dict_keys(['example_weekday_branch_operator']) retrieved from /home/airflow/.local/lib/python3.8/site-packages/airflow/example_dags/example_branch_day_of_week_operator.py
[2023-11-22T21:06:41.596+0000] {logging_mixin.py:154} INFO - [2023-11-22T21:06:41.596+0000] {dag.py:2941} INFO - Sync 1 DAGs
[2023-11-22T21:06:41.613+0000] {logging_mixin.py:154} INFO - [2023-11-22T21:06:41.613+0000] {dag.py:3722} INFO - Setting next_dagrun for example_weekday_branch_operator to 2023-11-21T00:00:00+00:00, run_after=2023-11-22T00:00:00+00:00
[2023-11-22T21:06:41.626+0000] {processor.py:179} INFO - Processing /home/airflow/.local/lib/python3.8/site-packages/airflow/example_dags/example_branch_day_of_week_operator.py took 0.063 seconds
[2023-11-22T21:07:12.771+0000] {processor.py:157} INFO - Started process (PID=14639) to work on /home/airflow/.local/lib/python3.8/site-packages/airflow/example_dags/example_branch_day_of_week_operator.py
[2023-11-22T21:07:12.773+0000] {processor.py:829} INFO - Processing file /home/airflow/.local/lib/python3.8/site-packages/airflow/example_dags/example_branch_day_of_week_operator.py for tasks to queue
[2023-11-22T21:07:12.774+0000] {logging_mixin.py:154} INFO - [2023-11-22T21:07:12.773+0000] {dagbag.py:536} INFO - Filling up the DagBag from /home/airflow/.local/lib/python3.8/site-packages/airflow/example_dags/example_branch_day_of_week_operator.py
[2023-11-22T21:07:12.783+0000] {processor.py:839} INFO - DAG(s) dict_keys(['example_weekday_branch_operator']) retrieved from /home/airflow/.local/lib/python3.8/site-packages/airflow/example_dags/example_branch_day_of_week_operator.py
[2023-11-22T21:07:12.820+0000] {logging_mixin.py:154} INFO - [2023-11-22T21:07:12.820+0000] {dag.py:2941} INFO - Sync 1 DAGs
[2023-11-22T21:07:12.856+0000] {logging_mixin.py:154} INFO - [2023-11-22T21:07:12.856+0000] {dag.py:3722} INFO - Setting next_dagrun for example_weekday_branch_operator to 2023-11-21T00:00:00+00:00, run_after=2023-11-22T00:00:00+00:00
[2023-11-22T21:07:12.906+0000] {processor.py:179} INFO - Processing /home/airflow/.local/lib/python3.8/site-packages/airflow/example_dags/example_branch_day_of_week_operator.py took 0.139 seconds
[2023-11-22T21:07:43.713+0000] {processor.py:157} INFO - Started process (PID=14877) to work on /home/airflow/.local/lib/python3.8/site-packages/airflow/example_dags/example_branch_day_of_week_operator.py
[2023-11-22T21:07:43.714+0000] {processor.py:829} INFO - Processing file /home/airflow/.local/lib/python3.8/site-packages/airflow/example_dags/example_branch_day_of_week_operator.py for tasks to queue
[2023-11-22T21:07:43.714+0000] {logging_mixin.py:154} INFO - [2023-11-22T21:07:43.714+0000] {dagbag.py:536} INFO - Filling up the DagBag from /home/airflow/.local/lib/python3.8/site-packages/airflow/example_dags/example_branch_day_of_week_operator.py
[2023-11-22T21:07:43.721+0000] {processor.py:839} INFO - DAG(s) dict_keys(['example_weekday_branch_operator']) retrieved from /home/airflow/.local/lib/python3.8/site-packages/airflow/example_dags/example_branch_day_of_week_operator.py
[2023-11-22T21:07:43.744+0000] {logging_mixin.py:154} INFO - [2023-11-22T21:07:43.744+0000] {dag.py:2941} INFO - Sync 1 DAGs
[2023-11-22T21:07:43.763+0000] {logging_mixin.py:154} INFO - [2023-11-22T21:07:43.763+0000] {dag.py:3722} INFO - Setting next_dagrun for example_weekday_branch_operator to 2023-11-21T00:00:00+00:00, run_after=2023-11-22T00:00:00+00:00
[2023-11-22T21:07:43.776+0000] {processor.py:179} INFO - Processing /home/airflow/.local/lib/python3.8/site-packages/airflow/example_dags/example_branch_day_of_week_operator.py took 0.067 seconds
[2023-11-22T21:08:14.526+0000] {processor.py:157} INFO - Started process (PID=15115) to work on /home/airflow/.local/lib/python3.8/site-packages/airflow/example_dags/example_branch_day_of_week_operator.py
[2023-11-22T21:08:14.527+0000] {processor.py:829} INFO - Processing file /home/airflow/.local/lib/python3.8/site-packages/airflow/example_dags/example_branch_day_of_week_operator.py for tasks to queue
[2023-11-22T21:08:14.529+0000] {logging_mixin.py:154} INFO - [2023-11-22T21:08:14.528+0000] {dagbag.py:536} INFO - Filling up the DagBag from /home/airflow/.local/lib/python3.8/site-packages/airflow/example_dags/example_branch_day_of_week_operator.py
[2023-11-22T21:08:14.536+0000] {processor.py:839} INFO - DAG(s) dict_keys(['example_weekday_branch_operator']) retrieved from /home/airflow/.local/lib/python3.8/site-packages/airflow/example_dags/example_branch_day_of_week_operator.py
[2023-11-22T21:08:14.560+0000] {logging_mixin.py:154} INFO - [2023-11-22T21:08:14.560+0000] {dag.py:2941} INFO - Sync 1 DAGs
[2023-11-22T21:08:14.580+0000] {logging_mixin.py:154} INFO - [2023-11-22T21:08:14.579+0000] {dag.py:3722} INFO - Setting next_dagrun for example_weekday_branch_operator to 2023-11-21T00:00:00+00:00, run_after=2023-11-22T00:00:00+00:00
[2023-11-22T21:08:14.594+0000] {processor.py:179} INFO - Processing /home/airflow/.local/lib/python3.8/site-packages/airflow/example_dags/example_branch_day_of_week_operator.py took 0.071 seconds
[2023-11-22T21:08:45.026+0000] {processor.py:157} INFO - Started process (PID=15353) to work on /home/airflow/.local/lib/python3.8/site-packages/airflow/example_dags/example_branch_day_of_week_operator.py
[2023-11-22T21:08:45.027+0000] {processor.py:829} INFO - Processing file /home/airflow/.local/lib/python3.8/site-packages/airflow/example_dags/example_branch_day_of_week_operator.py for tasks to queue
[2023-11-22T21:08:45.028+0000] {logging_mixin.py:154} INFO - [2023-11-22T21:08:45.028+0000] {dagbag.py:536} INFO - Filling up the DagBag from /home/airflow/.local/lib/python3.8/site-packages/airflow/example_dags/example_branch_day_of_week_operator.py
[2023-11-22T21:08:45.040+0000] {processor.py:839} INFO - DAG(s) dict_keys(['example_weekday_branch_operator']) retrieved from /home/airflow/.local/lib/python3.8/site-packages/airflow/example_dags/example_branch_day_of_week_operator.py
[2023-11-22T21:08:45.100+0000] {logging_mixin.py:154} INFO - [2023-11-22T21:08:45.100+0000] {dag.py:2941} INFO - Sync 1 DAGs
[2023-11-22T21:08:45.145+0000] {logging_mixin.py:154} INFO - [2023-11-22T21:08:45.145+0000] {dag.py:3722} INFO - Setting next_dagrun for example_weekday_branch_operator to 2023-11-21T00:00:00+00:00, run_after=2023-11-22T00:00:00+00:00
[2023-11-22T21:08:45.181+0000] {processor.py:179} INFO - Processing /home/airflow/.local/lib/python3.8/site-packages/airflow/example_dags/example_branch_day_of_week_operator.py took 0.160 seconds
[2023-11-22T21:09:43.913+0000] {processor.py:157} INFO - Started process (PID=352) to work on /home/airflow/.local/lib/python3.8/site-packages/airflow/example_dags/example_branch_day_of_week_operator.py
[2023-11-22T21:09:43.915+0000] {processor.py:829} INFO - Processing file /home/airflow/.local/lib/python3.8/site-packages/airflow/example_dags/example_branch_day_of_week_operator.py for tasks to queue
[2023-11-22T21:09:43.916+0000] {logging_mixin.py:154} INFO - [2023-11-22T21:09:43.916+0000] {dagbag.py:536} INFO - Filling up the DagBag from /home/airflow/.local/lib/python3.8/site-packages/airflow/example_dags/example_branch_day_of_week_operator.py
[2023-11-22T21:09:43.926+0000] {processor.py:839} INFO - DAG(s) dict_keys(['example_weekday_branch_operator']) retrieved from /home/airflow/.local/lib/python3.8/site-packages/airflow/example_dags/example_branch_day_of_week_operator.py
[2023-11-22T21:09:43.947+0000] {logging_mixin.py:154} INFO - [2023-11-22T21:09:43.947+0000] {dag.py:2941} INFO - Sync 1 DAGs
[2023-11-22T21:09:43.984+0000] {logging_mixin.py:154} INFO - [2023-11-22T21:09:43.984+0000] {dag.py:3722} INFO - Setting next_dagrun for example_weekday_branch_operator to 2023-11-21T00:00:00+00:00, run_after=2023-11-22T00:00:00+00:00
[2023-11-22T21:09:44.011+0000] {processor.py:179} INFO - Processing /home/airflow/.local/lib/python3.8/site-packages/airflow/example_dags/example_branch_day_of_week_operator.py took 0.102 seconds
[2023-11-22T21:10:14.084+0000] {processor.py:157} INFO - Started process (PID=591) to work on /home/airflow/.local/lib/python3.8/site-packages/airflow/example_dags/example_branch_day_of_week_operator.py
[2023-11-22T21:10:14.085+0000] {processor.py:829} INFO - Processing file /home/airflow/.local/lib/python3.8/site-packages/airflow/example_dags/example_branch_day_of_week_operator.py for tasks to queue
[2023-11-22T21:10:14.086+0000] {logging_mixin.py:154} INFO - [2023-11-22T21:10:14.085+0000] {dagbag.py:536} INFO - Filling up the DagBag from /home/airflow/.local/lib/python3.8/site-packages/airflow/example_dags/example_branch_day_of_week_operator.py
[2023-11-22T21:10:14.092+0000] {processor.py:839} INFO - DAG(s) dict_keys(['example_weekday_branch_operator']) retrieved from /home/airflow/.local/lib/python3.8/site-packages/airflow/example_dags/example_branch_day_of_week_operator.py
[2023-11-22T21:10:14.116+0000] {logging_mixin.py:154} INFO - [2023-11-22T21:10:14.115+0000] {dag.py:2941} INFO - Sync 1 DAGs
[2023-11-22T21:10:14.133+0000] {logging_mixin.py:154} INFO - [2023-11-22T21:10:14.133+0000] {dag.py:3722} INFO - Setting next_dagrun for example_weekday_branch_operator to 2023-11-21T00:00:00+00:00, run_after=2023-11-22T00:00:00+00:00
[2023-11-22T21:10:14.147+0000] {processor.py:179} INFO - Processing /home/airflow/.local/lib/python3.8/site-packages/airflow/example_dags/example_branch_day_of_week_operator.py took 0.066 seconds
