[2023-11-22T19:30:04.899+0000] {processor.py:157} INFO - Started process (PID=227) to work on /home/airflow/.local/lib/python3.8/site-packages/airflow/example_dags/example_bash_operator.py
[2023-11-22T19:30:04.900+0000] {processor.py:829} INFO - Processing file /home/airflow/.local/lib/python3.8/site-packages/airflow/example_dags/example_bash_operator.py for tasks to queue
[2023-11-22T19:30:04.901+0000] {logging_mixin.py:154} INFO - [2023-11-22T19:30:04.901+0000] {dagbag.py:536} INFO - Filling up the DagBag from /home/airflow/.local/lib/python3.8/site-packages/airflow/example_dags/example_bash_operator.py
[2023-11-22T19:30:04.924+0000] {processor.py:839} INFO - DAG(s) dict_keys(['example_bash_operator']) retrieved from /home/airflow/.local/lib/python3.8/site-packages/airflow/example_dags/example_bash_operator.py
[2023-11-22T19:30:04.955+0000] {logging_mixin.py:154} INFO - [2023-11-22T19:30:04.955+0000] {dag.py:2941} INFO - Sync 1 DAGs
[2023-11-22T19:30:04.987+0000] {logging_mixin.py:154} INFO - [2023-11-22T19:30:04.987+0000] {dag.py:3722} INFO - Setting next_dagrun for example_bash_operator to 2023-11-21T00:00:00+00:00, run_after=2023-11-22T00:00:00+00:00
[2023-11-22T19:30:05.019+0000] {processor.py:179} INFO - Processing /home/airflow/.local/lib/python3.8/site-packages/airflow/example_dags/example_bash_operator.py took 0.125 seconds
[2023-11-22T19:30:35.075+0000] {processor.py:157} INFO - Started process (PID=467) to work on /home/airflow/.local/lib/python3.8/site-packages/airflow/example_dags/example_bash_operator.py
[2023-11-22T19:30:35.076+0000] {processor.py:829} INFO - Processing file /home/airflow/.local/lib/python3.8/site-packages/airflow/example_dags/example_bash_operator.py for tasks to queue
[2023-11-22T19:30:35.077+0000] {logging_mixin.py:154} INFO - [2023-11-22T19:30:35.077+0000] {dagbag.py:536} INFO - Filling up the DagBag from /home/airflow/.local/lib/python3.8/site-packages/airflow/example_dags/example_bash_operator.py
[2023-11-22T19:30:35.087+0000] {processor.py:839} INFO - DAG(s) dict_keys(['example_bash_operator']) retrieved from /home/airflow/.local/lib/python3.8/site-packages/airflow/example_dags/example_bash_operator.py
[2023-11-22T19:30:35.113+0000] {logging_mixin.py:154} INFO - [2023-11-22T19:30:35.113+0000] {dag.py:2941} INFO - Sync 1 DAGs
[2023-11-22T19:30:35.133+0000] {logging_mixin.py:154} INFO - [2023-11-22T19:30:35.133+0000] {dag.py:3722} INFO - Setting next_dagrun for example_bash_operator to 2023-11-21T00:00:00+00:00, run_after=2023-11-22T00:00:00+00:00
[2023-11-22T19:30:35.146+0000] {processor.py:179} INFO - Processing /home/airflow/.local/lib/python3.8/site-packages/airflow/example_dags/example_bash_operator.py took 0.074 seconds
[2023-11-22T19:31:05.759+0000] {processor.py:157} INFO - Started process (PID=705) to work on /home/airflow/.local/lib/python3.8/site-packages/airflow/example_dags/example_bash_operator.py
[2023-11-22T19:31:05.760+0000] {processor.py:829} INFO - Processing file /home/airflow/.local/lib/python3.8/site-packages/airflow/example_dags/example_bash_operator.py for tasks to queue
[2023-11-22T19:31:05.761+0000] {logging_mixin.py:154} INFO - [2023-11-22T19:31:05.761+0000] {dagbag.py:536} INFO - Filling up the DagBag from /home/airflow/.local/lib/python3.8/site-packages/airflow/example_dags/example_bash_operator.py
[2023-11-22T19:31:05.771+0000] {processor.py:839} INFO - DAG(s) dict_keys(['example_bash_operator']) retrieved from /home/airflow/.local/lib/python3.8/site-packages/airflow/example_dags/example_bash_operator.py
[2023-11-22T19:31:05.797+0000] {logging_mixin.py:154} INFO - [2023-11-22T19:31:05.797+0000] {dag.py:2941} INFO - Sync 1 DAGs
[2023-11-22T19:31:05.814+0000] {logging_mixin.py:154} INFO - [2023-11-22T19:31:05.813+0000] {dag.py:3722} INFO - Setting next_dagrun for example_bash_operator to 2023-11-21T00:00:00+00:00, run_after=2023-11-22T00:00:00+00:00
[2023-11-22T19:31:05.825+0000] {processor.py:179} INFO - Processing /home/airflow/.local/lib/python3.8/site-packages/airflow/example_dags/example_bash_operator.py took 0.069 seconds
[2023-11-22T19:31:36.151+0000] {processor.py:157} INFO - Started process (PID=941) to work on /home/airflow/.local/lib/python3.8/site-packages/airflow/example_dags/example_bash_operator.py
[2023-11-22T19:31:36.153+0000] {processor.py:829} INFO - Processing file /home/airflow/.local/lib/python3.8/site-packages/airflow/example_dags/example_bash_operator.py for tasks to queue
[2023-11-22T19:31:36.153+0000] {logging_mixin.py:154} INFO - [2023-11-22T19:31:36.153+0000] {dagbag.py:536} INFO - Filling up the DagBag from /home/airflow/.local/lib/python3.8/site-packages/airflow/example_dags/example_bash_operator.py
[2023-11-22T19:31:36.163+0000] {processor.py:839} INFO - DAG(s) dict_keys(['example_bash_operator']) retrieved from /home/airflow/.local/lib/python3.8/site-packages/airflow/example_dags/example_bash_operator.py
[2023-11-22T19:31:36.190+0000] {logging_mixin.py:154} INFO - [2023-11-22T19:31:36.189+0000] {dag.py:2941} INFO - Sync 1 DAGs
[2023-11-22T19:31:36.208+0000] {logging_mixin.py:154} INFO - [2023-11-22T19:31:36.208+0000] {dag.py:3722} INFO - Setting next_dagrun for example_bash_operator to 2023-11-21T00:00:00+00:00, run_after=2023-11-22T00:00:00+00:00
[2023-11-22T19:31:36.221+0000] {processor.py:179} INFO - Processing /home/airflow/.local/lib/python3.8/site-packages/airflow/example_dags/example_bash_operator.py took 0.072 seconds
[2023-11-22T19:32:06.737+0000] {processor.py:157} INFO - Started process (PID=1181) to work on /home/airflow/.local/lib/python3.8/site-packages/airflow/example_dags/example_bash_operator.py
[2023-11-22T19:32:06.738+0000] {processor.py:829} INFO - Processing file /home/airflow/.local/lib/python3.8/site-packages/airflow/example_dags/example_bash_operator.py for tasks to queue
[2023-11-22T19:32:06.741+0000] {logging_mixin.py:154} INFO - [2023-11-22T19:32:06.740+0000] {dagbag.py:536} INFO - Filling up the DagBag from /home/airflow/.local/lib/python3.8/site-packages/airflow/example_dags/example_bash_operator.py
[2023-11-22T19:32:06.764+0000] {processor.py:839} INFO - DAG(s) dict_keys(['example_bash_operator']) retrieved from /home/airflow/.local/lib/python3.8/site-packages/airflow/example_dags/example_bash_operator.py
[2023-11-22T19:32:06.834+0000] {logging_mixin.py:154} INFO - [2023-11-22T19:32:06.833+0000] {dag.py:2941} INFO - Sync 1 DAGs
[2023-11-22T19:32:06.931+0000] {logging_mixin.py:154} INFO - [2023-11-22T19:32:06.931+0000] {dag.py:3722} INFO - Setting next_dagrun for example_bash_operator to 2023-11-21T00:00:00+00:00, run_after=2023-11-22T00:00:00+00:00
[2023-11-22T19:32:06.972+0000] {processor.py:179} INFO - Processing /home/airflow/.local/lib/python3.8/site-packages/airflow/example_dags/example_bash_operator.py took 0.242 seconds
[2023-11-22T19:32:37.347+0000] {processor.py:157} INFO - Started process (PID=1417) to work on /home/airflow/.local/lib/python3.8/site-packages/airflow/example_dags/example_bash_operator.py
[2023-11-22T19:32:37.348+0000] {processor.py:829} INFO - Processing file /home/airflow/.local/lib/python3.8/site-packages/airflow/example_dags/example_bash_operator.py for tasks to queue
[2023-11-22T19:32:37.348+0000] {logging_mixin.py:154} INFO - [2023-11-22T19:32:37.348+0000] {dagbag.py:536} INFO - Filling up the DagBag from /home/airflow/.local/lib/python3.8/site-packages/airflow/example_dags/example_bash_operator.py
[2023-11-22T19:32:37.358+0000] {processor.py:839} INFO - DAG(s) dict_keys(['example_bash_operator']) retrieved from /home/airflow/.local/lib/python3.8/site-packages/airflow/example_dags/example_bash_operator.py
[2023-11-22T19:32:37.386+0000] {logging_mixin.py:154} INFO - [2023-11-22T19:32:37.386+0000] {dag.py:2941} INFO - Sync 1 DAGs
[2023-11-22T19:32:37.406+0000] {logging_mixin.py:154} INFO - [2023-11-22T19:32:37.406+0000] {dag.py:3722} INFO - Setting next_dagrun for example_bash_operator to 2023-11-21T00:00:00+00:00, run_after=2023-11-22T00:00:00+00:00
[2023-11-22T19:32:37.419+0000] {processor.py:179} INFO - Processing /home/airflow/.local/lib/python3.8/site-packages/airflow/example_dags/example_bash_operator.py took 0.075 seconds
[2023-11-22T19:33:08.290+0000] {processor.py:157} INFO - Started process (PID=1655) to work on /home/airflow/.local/lib/python3.8/site-packages/airflow/example_dags/example_bash_operator.py
[2023-11-22T19:33:08.292+0000] {processor.py:829} INFO - Processing file /home/airflow/.local/lib/python3.8/site-packages/airflow/example_dags/example_bash_operator.py for tasks to queue
[2023-11-22T19:33:08.292+0000] {logging_mixin.py:154} INFO - [2023-11-22T19:33:08.292+0000] {dagbag.py:536} INFO - Filling up the DagBag from /home/airflow/.local/lib/python3.8/site-packages/airflow/example_dags/example_bash_operator.py
[2023-11-22T19:33:08.302+0000] {processor.py:839} INFO - DAG(s) dict_keys(['example_bash_operator']) retrieved from /home/airflow/.local/lib/python3.8/site-packages/airflow/example_dags/example_bash_operator.py
[2023-11-22T19:33:08.328+0000] {logging_mixin.py:154} INFO - [2023-11-22T19:33:08.328+0000] {dag.py:2941} INFO - Sync 1 DAGs
[2023-11-22T19:33:08.346+0000] {logging_mixin.py:154} INFO - [2023-11-22T19:33:08.346+0000] {dag.py:3722} INFO - Setting next_dagrun for example_bash_operator to 2023-11-21T00:00:00+00:00, run_after=2023-11-22T00:00:00+00:00
[2023-11-22T19:33:08.359+0000] {processor.py:179} INFO - Processing /home/airflow/.local/lib/python3.8/site-packages/airflow/example_dags/example_bash_operator.py took 0.072 seconds
[2023-11-22T19:33:38.693+0000] {processor.py:157} INFO - Started process (PID=1893) to work on /home/airflow/.local/lib/python3.8/site-packages/airflow/example_dags/example_bash_operator.py
[2023-11-22T19:33:38.694+0000] {processor.py:829} INFO - Processing file /home/airflow/.local/lib/python3.8/site-packages/airflow/example_dags/example_bash_operator.py for tasks to queue
[2023-11-22T19:33:38.695+0000] {logging_mixin.py:154} INFO - [2023-11-22T19:33:38.694+0000] {dagbag.py:536} INFO - Filling up the DagBag from /home/airflow/.local/lib/python3.8/site-packages/airflow/example_dags/example_bash_operator.py
[2023-11-22T19:33:38.706+0000] {processor.py:839} INFO - DAG(s) dict_keys(['example_bash_operator']) retrieved from /home/airflow/.local/lib/python3.8/site-packages/airflow/example_dags/example_bash_operator.py
[2023-11-22T19:33:38.734+0000] {logging_mixin.py:154} INFO - [2023-11-22T19:33:38.733+0000] {dag.py:2941} INFO - Sync 1 DAGs
[2023-11-22T19:33:38.753+0000] {logging_mixin.py:154} INFO - [2023-11-22T19:33:38.752+0000] {dag.py:3722} INFO - Setting next_dagrun for example_bash_operator to 2023-11-21T00:00:00+00:00, run_after=2023-11-22T00:00:00+00:00
[2023-11-22T19:33:38.768+0000] {processor.py:179} INFO - Processing /home/airflow/.local/lib/python3.8/site-packages/airflow/example_dags/example_bash_operator.py took 0.078 seconds
[2023-11-22T19:34:09.389+0000] {processor.py:157} INFO - Started process (PID=2131) to work on /home/airflow/.local/lib/python3.8/site-packages/airflow/example_dags/example_bash_operator.py
[2023-11-22T19:34:09.390+0000] {processor.py:829} INFO - Processing file /home/airflow/.local/lib/python3.8/site-packages/airflow/example_dags/example_bash_operator.py for tasks to queue
[2023-11-22T19:34:09.391+0000] {logging_mixin.py:154} INFO - [2023-11-22T19:34:09.391+0000] {dagbag.py:536} INFO - Filling up the DagBag from /home/airflow/.local/lib/python3.8/site-packages/airflow/example_dags/example_bash_operator.py
[2023-11-22T19:34:09.402+0000] {processor.py:839} INFO - DAG(s) dict_keys(['example_bash_operator']) retrieved from /home/airflow/.local/lib/python3.8/site-packages/airflow/example_dags/example_bash_operator.py
[2023-11-22T19:34:09.430+0000] {logging_mixin.py:154} INFO - [2023-11-22T19:34:09.430+0000] {dag.py:2941} INFO - Sync 1 DAGs
[2023-11-22T19:34:09.449+0000] {logging_mixin.py:154} INFO - [2023-11-22T19:34:09.448+0000] {dag.py:3722} INFO - Setting next_dagrun for example_bash_operator to 2023-11-21T00:00:00+00:00, run_after=2023-11-22T00:00:00+00:00
[2023-11-22T19:34:09.464+0000] {processor.py:179} INFO - Processing /home/airflow/.local/lib/python3.8/site-packages/airflow/example_dags/example_bash_operator.py took 0.077 seconds
[2023-11-22T19:34:39.861+0000] {processor.py:157} INFO - Started process (PID=2369) to work on /home/airflow/.local/lib/python3.8/site-packages/airflow/example_dags/example_bash_operator.py
[2023-11-22T19:34:39.862+0000] {processor.py:829} INFO - Processing file /home/airflow/.local/lib/python3.8/site-packages/airflow/example_dags/example_bash_operator.py for tasks to queue
[2023-11-22T19:34:39.863+0000] {logging_mixin.py:154} INFO - [2023-11-22T19:34:39.863+0000] {dagbag.py:536} INFO - Filling up the DagBag from /home/airflow/.local/lib/python3.8/site-packages/airflow/example_dags/example_bash_operator.py
[2023-11-22T19:34:39.873+0000] {processor.py:839} INFO - DAG(s) dict_keys(['example_bash_operator']) retrieved from /home/airflow/.local/lib/python3.8/site-packages/airflow/example_dags/example_bash_operator.py
[2023-11-22T19:34:39.900+0000] {logging_mixin.py:154} INFO - [2023-11-22T19:34:39.899+0000] {dag.py:2941} INFO - Sync 1 DAGs
[2023-11-22T19:34:39.917+0000] {logging_mixin.py:154} INFO - [2023-11-22T19:34:39.917+0000] {dag.py:3722} INFO - Setting next_dagrun for example_bash_operator to 2023-11-21T00:00:00+00:00, run_after=2023-11-22T00:00:00+00:00
[2023-11-22T19:34:39.930+0000] {processor.py:179} INFO - Processing /home/airflow/.local/lib/python3.8/site-packages/airflow/example_dags/example_bash_operator.py took 0.072 seconds
[2023-11-22T19:35:10.186+0000] {processor.py:157} INFO - Started process (PID=2607) to work on /home/airflow/.local/lib/python3.8/site-packages/airflow/example_dags/example_bash_operator.py
[2023-11-22T19:35:10.187+0000] {processor.py:829} INFO - Processing file /home/airflow/.local/lib/python3.8/site-packages/airflow/example_dags/example_bash_operator.py for tasks to queue
[2023-11-22T19:35:10.188+0000] {logging_mixin.py:154} INFO - [2023-11-22T19:35:10.188+0000] {dagbag.py:536} INFO - Filling up the DagBag from /home/airflow/.local/lib/python3.8/site-packages/airflow/example_dags/example_bash_operator.py
[2023-11-22T19:35:10.198+0000] {processor.py:839} INFO - DAG(s) dict_keys(['example_bash_operator']) retrieved from /home/airflow/.local/lib/python3.8/site-packages/airflow/example_dags/example_bash_operator.py
[2023-11-22T19:35:10.223+0000] {logging_mixin.py:154} INFO - [2023-11-22T19:35:10.223+0000] {dag.py:2941} INFO - Sync 1 DAGs
[2023-11-22T19:35:10.241+0000] {logging_mixin.py:154} INFO - [2023-11-22T19:35:10.241+0000] {dag.py:3722} INFO - Setting next_dagrun for example_bash_operator to 2023-11-21T00:00:00+00:00, run_after=2023-11-22T00:00:00+00:00
[2023-11-22T19:35:10.254+0000] {processor.py:179} INFO - Processing /home/airflow/.local/lib/python3.8/site-packages/airflow/example_dags/example_bash_operator.py took 0.070 seconds
[2023-11-22T19:35:40.670+0000] {processor.py:157} INFO - Started process (PID=2847) to work on /home/airflow/.local/lib/python3.8/site-packages/airflow/example_dags/example_bash_operator.py
[2023-11-22T19:35:40.671+0000] {processor.py:829} INFO - Processing file /home/airflow/.local/lib/python3.8/site-packages/airflow/example_dags/example_bash_operator.py for tasks to queue
[2023-11-22T19:35:40.672+0000] {logging_mixin.py:154} INFO - [2023-11-22T19:35:40.671+0000] {dagbag.py:536} INFO - Filling up the DagBag from /home/airflow/.local/lib/python3.8/site-packages/airflow/example_dags/example_bash_operator.py
[2023-11-22T19:35:40.681+0000] {processor.py:839} INFO - DAG(s) dict_keys(['example_bash_operator']) retrieved from /home/airflow/.local/lib/python3.8/site-packages/airflow/example_dags/example_bash_operator.py
[2023-11-22T19:35:40.708+0000] {logging_mixin.py:154} INFO - [2023-11-22T19:35:40.707+0000] {dag.py:2941} INFO - Sync 1 DAGs
[2023-11-22T19:35:40.726+0000] {logging_mixin.py:154} INFO - [2023-11-22T19:35:40.725+0000] {dag.py:3722} INFO - Setting next_dagrun for example_bash_operator to 2023-11-21T00:00:00+00:00, run_after=2023-11-22T00:00:00+00:00
[2023-11-22T19:35:40.738+0000] {processor.py:179} INFO - Processing /home/airflow/.local/lib/python3.8/site-packages/airflow/example_dags/example_bash_operator.py took 0.071 seconds
[2023-11-22T19:36:11.143+0000] {processor.py:157} INFO - Started process (PID=3085) to work on /home/airflow/.local/lib/python3.8/site-packages/airflow/example_dags/example_bash_operator.py
[2023-11-22T19:36:11.144+0000] {processor.py:829} INFO - Processing file /home/airflow/.local/lib/python3.8/site-packages/airflow/example_dags/example_bash_operator.py for tasks to queue
[2023-11-22T19:36:11.145+0000] {logging_mixin.py:154} INFO - [2023-11-22T19:36:11.144+0000] {dagbag.py:536} INFO - Filling up the DagBag from /home/airflow/.local/lib/python3.8/site-packages/airflow/example_dags/example_bash_operator.py
[2023-11-22T19:36:11.156+0000] {processor.py:839} INFO - DAG(s) dict_keys(['example_bash_operator']) retrieved from /home/airflow/.local/lib/python3.8/site-packages/airflow/example_dags/example_bash_operator.py
[2023-11-22T19:36:11.184+0000] {logging_mixin.py:154} INFO - [2023-11-22T19:36:11.184+0000] {dag.py:2941} INFO - Sync 1 DAGs
[2023-11-22T19:36:11.203+0000] {logging_mixin.py:154} INFO - [2023-11-22T19:36:11.203+0000] {dag.py:3722} INFO - Setting next_dagrun for example_bash_operator to 2023-11-21T00:00:00+00:00, run_after=2023-11-22T00:00:00+00:00
[2023-11-22T19:36:11.216+0000] {processor.py:179} INFO - Processing /home/airflow/.local/lib/python3.8/site-packages/airflow/example_dags/example_bash_operator.py took 0.076 seconds
[2023-11-22T19:36:41.626+0000] {processor.py:157} INFO - Started process (PID=3323) to work on /home/airflow/.local/lib/python3.8/site-packages/airflow/example_dags/example_bash_operator.py
[2023-11-22T19:36:41.627+0000] {processor.py:829} INFO - Processing file /home/airflow/.local/lib/python3.8/site-packages/airflow/example_dags/example_bash_operator.py for tasks to queue
[2023-11-22T19:36:41.628+0000] {logging_mixin.py:154} INFO - [2023-11-22T19:36:41.628+0000] {dagbag.py:536} INFO - Filling up the DagBag from /home/airflow/.local/lib/python3.8/site-packages/airflow/example_dags/example_bash_operator.py
[2023-11-22T19:36:41.638+0000] {processor.py:839} INFO - DAG(s) dict_keys(['example_bash_operator']) retrieved from /home/airflow/.local/lib/python3.8/site-packages/airflow/example_dags/example_bash_operator.py
[2023-11-22T19:36:41.669+0000] {logging_mixin.py:154} INFO - [2023-11-22T19:36:41.668+0000] {dag.py:2941} INFO - Sync 1 DAGs
[2023-11-22T19:36:41.691+0000] {logging_mixin.py:154} INFO - [2023-11-22T19:36:41.690+0000] {dag.py:3722} INFO - Setting next_dagrun for example_bash_operator to 2023-11-21T00:00:00+00:00, run_after=2023-11-22T00:00:00+00:00
[2023-11-22T19:36:41.713+0000] {processor.py:179} INFO - Processing /home/airflow/.local/lib/python3.8/site-packages/airflow/example_dags/example_bash_operator.py took 0.090 seconds
[2023-11-22T19:37:11.813+0000] {processor.py:157} INFO - Started process (PID=3561) to work on /home/airflow/.local/lib/python3.8/site-packages/airflow/example_dags/example_bash_operator.py
[2023-11-22T19:37:11.814+0000] {processor.py:829} INFO - Processing file /home/airflow/.local/lib/python3.8/site-packages/airflow/example_dags/example_bash_operator.py for tasks to queue
[2023-11-22T19:37:11.815+0000] {logging_mixin.py:154} INFO - [2023-11-22T19:37:11.814+0000] {dagbag.py:536} INFO - Filling up the DagBag from /home/airflow/.local/lib/python3.8/site-packages/airflow/example_dags/example_bash_operator.py
[2023-11-22T19:37:11.824+0000] {processor.py:839} INFO - DAG(s) dict_keys(['example_bash_operator']) retrieved from /home/airflow/.local/lib/python3.8/site-packages/airflow/example_dags/example_bash_operator.py
[2023-11-22T19:37:11.851+0000] {logging_mixin.py:154} INFO - [2023-11-22T19:37:11.851+0000] {dag.py:2941} INFO - Sync 1 DAGs
[2023-11-22T19:37:11.869+0000] {logging_mixin.py:154} INFO - [2023-11-22T19:37:11.868+0000] {dag.py:3722} INFO - Setting next_dagrun for example_bash_operator to 2023-11-21T00:00:00+00:00, run_after=2023-11-22T00:00:00+00:00
[2023-11-22T19:37:11.881+0000] {processor.py:179} INFO - Processing /home/airflow/.local/lib/python3.8/site-packages/airflow/example_dags/example_bash_operator.py took 0.071 seconds
[2023-11-22T19:37:41.948+0000] {processor.py:157} INFO - Started process (PID=3797) to work on /home/airflow/.local/lib/python3.8/site-packages/airflow/example_dags/example_bash_operator.py
[2023-11-22T19:37:41.949+0000] {processor.py:829} INFO - Processing file /home/airflow/.local/lib/python3.8/site-packages/airflow/example_dags/example_bash_operator.py for tasks to queue
[2023-11-22T19:37:41.950+0000] {logging_mixin.py:154} INFO - [2023-11-22T19:37:41.950+0000] {dagbag.py:536} INFO - Filling up the DagBag from /home/airflow/.local/lib/python3.8/site-packages/airflow/example_dags/example_bash_operator.py
[2023-11-22T19:37:41.960+0000] {processor.py:839} INFO - DAG(s) dict_keys(['example_bash_operator']) retrieved from /home/airflow/.local/lib/python3.8/site-packages/airflow/example_dags/example_bash_operator.py
[2023-11-22T19:37:41.987+0000] {logging_mixin.py:154} INFO - [2023-11-22T19:37:41.987+0000] {dag.py:2941} INFO - Sync 1 DAGs
[2023-11-22T19:37:42.004+0000] {logging_mixin.py:154} INFO - [2023-11-22T19:37:42.004+0000] {dag.py:3722} INFO - Setting next_dagrun for example_bash_operator to 2023-11-21T00:00:00+00:00, run_after=2023-11-22T00:00:00+00:00
[2023-11-22T19:37:42.017+0000] {processor.py:179} INFO - Processing /home/airflow/.local/lib/python3.8/site-packages/airflow/example_dags/example_bash_operator.py took 0.072 seconds
[2023-11-22T19:38:12.199+0000] {processor.py:157} INFO - Started process (PID=4035) to work on /home/airflow/.local/lib/python3.8/site-packages/airflow/example_dags/example_bash_operator.py
[2023-11-22T19:38:12.200+0000] {processor.py:829} INFO - Processing file /home/airflow/.local/lib/python3.8/site-packages/airflow/example_dags/example_bash_operator.py for tasks to queue
[2023-11-22T19:38:12.201+0000] {logging_mixin.py:154} INFO - [2023-11-22T19:38:12.200+0000] {dagbag.py:536} INFO - Filling up the DagBag from /home/airflow/.local/lib/python3.8/site-packages/airflow/example_dags/example_bash_operator.py
[2023-11-22T19:38:12.210+0000] {processor.py:839} INFO - DAG(s) dict_keys(['example_bash_operator']) retrieved from /home/airflow/.local/lib/python3.8/site-packages/airflow/example_dags/example_bash_operator.py
[2023-11-22T19:38:12.237+0000] {logging_mixin.py:154} INFO - [2023-11-22T19:38:12.237+0000] {dag.py:2941} INFO - Sync 1 DAGs
[2023-11-22T19:38:12.255+0000] {logging_mixin.py:154} INFO - [2023-11-22T19:38:12.255+0000] {dag.py:3722} INFO - Setting next_dagrun for example_bash_operator to 2023-11-21T00:00:00+00:00, run_after=2023-11-22T00:00:00+00:00
[2023-11-22T19:38:12.270+0000] {processor.py:179} INFO - Processing /home/airflow/.local/lib/python3.8/site-packages/airflow/example_dags/example_bash_operator.py took 0.074 seconds
[2023-11-22T19:38:42.623+0000] {processor.py:157} INFO - Started process (PID=4272) to work on /home/airflow/.local/lib/python3.8/site-packages/airflow/example_dags/example_bash_operator.py
[2023-11-22T19:38:42.624+0000] {processor.py:829} INFO - Processing file /home/airflow/.local/lib/python3.8/site-packages/airflow/example_dags/example_bash_operator.py for tasks to queue
[2023-11-22T19:38:42.624+0000] {logging_mixin.py:154} INFO - [2023-11-22T19:38:42.624+0000] {dagbag.py:536} INFO - Filling up the DagBag from /home/airflow/.local/lib/python3.8/site-packages/airflow/example_dags/example_bash_operator.py
[2023-11-22T19:38:42.634+0000] {processor.py:839} INFO - DAG(s) dict_keys(['example_bash_operator']) retrieved from /home/airflow/.local/lib/python3.8/site-packages/airflow/example_dags/example_bash_operator.py
[2023-11-22T19:38:42.661+0000] {logging_mixin.py:154} INFO - [2023-11-22T19:38:42.661+0000] {dag.py:2941} INFO - Sync 1 DAGs
[2023-11-22T19:38:42.678+0000] {logging_mixin.py:154} INFO - [2023-11-22T19:38:42.678+0000] {dag.py:3722} INFO - Setting next_dagrun for example_bash_operator to 2023-11-21T00:00:00+00:00, run_after=2023-11-22T00:00:00+00:00
[2023-11-22T19:38:42.691+0000] {processor.py:179} INFO - Processing /home/airflow/.local/lib/python3.8/site-packages/airflow/example_dags/example_bash_operator.py took 0.071 seconds
[2023-11-22T19:39:13.241+0000] {processor.py:157} INFO - Started process (PID=4510) to work on /home/airflow/.local/lib/python3.8/site-packages/airflow/example_dags/example_bash_operator.py
[2023-11-22T19:39:13.242+0000] {processor.py:829} INFO - Processing file /home/airflow/.local/lib/python3.8/site-packages/airflow/example_dags/example_bash_operator.py for tasks to queue
[2023-11-22T19:39:13.243+0000] {logging_mixin.py:154} INFO - [2023-11-22T19:39:13.243+0000] {dagbag.py:536} INFO - Filling up the DagBag from /home/airflow/.local/lib/python3.8/site-packages/airflow/example_dags/example_bash_operator.py
[2023-11-22T19:39:13.253+0000] {processor.py:839} INFO - DAG(s) dict_keys(['example_bash_operator']) retrieved from /home/airflow/.local/lib/python3.8/site-packages/airflow/example_dags/example_bash_operator.py
[2023-11-22T19:39:13.279+0000] {logging_mixin.py:154} INFO - [2023-11-22T19:39:13.279+0000] {dag.py:2941} INFO - Sync 1 DAGs
[2023-11-22T19:39:13.297+0000] {logging_mixin.py:154} INFO - [2023-11-22T19:39:13.297+0000] {dag.py:3722} INFO - Setting next_dagrun for example_bash_operator to 2023-11-21T00:00:00+00:00, run_after=2023-11-22T00:00:00+00:00
[2023-11-22T19:39:13.311+0000] {processor.py:179} INFO - Processing /home/airflow/.local/lib/python3.8/site-packages/airflow/example_dags/example_bash_operator.py took 0.072 seconds
[2023-11-22T19:39:43.650+0000] {processor.py:157} INFO - Started process (PID=4748) to work on /home/airflow/.local/lib/python3.8/site-packages/airflow/example_dags/example_bash_operator.py
[2023-11-22T19:39:43.651+0000] {processor.py:829} INFO - Processing file /home/airflow/.local/lib/python3.8/site-packages/airflow/example_dags/example_bash_operator.py for tasks to queue
[2023-11-22T19:39:43.652+0000] {logging_mixin.py:154} INFO - [2023-11-22T19:39:43.651+0000] {dagbag.py:536} INFO - Filling up the DagBag from /home/airflow/.local/lib/python3.8/site-packages/airflow/example_dags/example_bash_operator.py
[2023-11-22T19:39:43.661+0000] {processor.py:839} INFO - DAG(s) dict_keys(['example_bash_operator']) retrieved from /home/airflow/.local/lib/python3.8/site-packages/airflow/example_dags/example_bash_operator.py
[2023-11-22T19:39:43.688+0000] {logging_mixin.py:154} INFO - [2023-11-22T19:39:43.688+0000] {dag.py:2941} INFO - Sync 1 DAGs
[2023-11-22T19:39:43.705+0000] {logging_mixin.py:154} INFO - [2023-11-22T19:39:43.705+0000] {dag.py:3722} INFO - Setting next_dagrun for example_bash_operator to 2023-11-21T00:00:00+00:00, run_after=2023-11-22T00:00:00+00:00
[2023-11-22T19:39:43.718+0000] {processor.py:179} INFO - Processing /home/airflow/.local/lib/python3.8/site-packages/airflow/example_dags/example_bash_operator.py took 0.071 seconds
[2023-11-22T19:40:14.192+0000] {processor.py:157} INFO - Started process (PID=4988) to work on /home/airflow/.local/lib/python3.8/site-packages/airflow/example_dags/example_bash_operator.py
[2023-11-22T19:40:14.193+0000] {processor.py:829} INFO - Processing file /home/airflow/.local/lib/python3.8/site-packages/airflow/example_dags/example_bash_operator.py for tasks to queue
[2023-11-22T19:40:14.194+0000] {logging_mixin.py:154} INFO - [2023-11-22T19:40:14.193+0000] {dagbag.py:536} INFO - Filling up the DagBag from /home/airflow/.local/lib/python3.8/site-packages/airflow/example_dags/example_bash_operator.py
[2023-11-22T19:40:14.203+0000] {processor.py:839} INFO - DAG(s) dict_keys(['example_bash_operator']) retrieved from /home/airflow/.local/lib/python3.8/site-packages/airflow/example_dags/example_bash_operator.py
[2023-11-22T19:40:14.229+0000] {logging_mixin.py:154} INFO - [2023-11-22T19:40:14.229+0000] {dag.py:2941} INFO - Sync 1 DAGs
[2023-11-22T19:40:14.246+0000] {logging_mixin.py:154} INFO - [2023-11-22T19:40:14.246+0000] {dag.py:3722} INFO - Setting next_dagrun for example_bash_operator to 2023-11-21T00:00:00+00:00, run_after=2023-11-22T00:00:00+00:00
[2023-11-22T19:40:14.259+0000] {processor.py:179} INFO - Processing /home/airflow/.local/lib/python3.8/site-packages/airflow/example_dags/example_bash_operator.py took 0.070 seconds
[2023-11-22T19:40:44.738+0000] {processor.py:157} INFO - Started process (PID=5224) to work on /home/airflow/.local/lib/python3.8/site-packages/airflow/example_dags/example_bash_operator.py
[2023-11-22T19:40:44.739+0000] {processor.py:829} INFO - Processing file /home/airflow/.local/lib/python3.8/site-packages/airflow/example_dags/example_bash_operator.py for tasks to queue
[2023-11-22T19:40:44.740+0000] {logging_mixin.py:154} INFO - [2023-11-22T19:40:44.739+0000] {dagbag.py:536} INFO - Filling up the DagBag from /home/airflow/.local/lib/python3.8/site-packages/airflow/example_dags/example_bash_operator.py
[2023-11-22T19:40:44.750+0000] {processor.py:839} INFO - DAG(s) dict_keys(['example_bash_operator']) retrieved from /home/airflow/.local/lib/python3.8/site-packages/airflow/example_dags/example_bash_operator.py
[2023-11-22T19:40:44.778+0000] {logging_mixin.py:154} INFO - [2023-11-22T19:40:44.778+0000] {dag.py:2941} INFO - Sync 1 DAGs
[2023-11-22T19:40:44.797+0000] {logging_mixin.py:154} INFO - [2023-11-22T19:40:44.796+0000] {dag.py:3722} INFO - Setting next_dagrun for example_bash_operator to 2023-11-21T00:00:00+00:00, run_after=2023-11-22T00:00:00+00:00
[2023-11-22T19:40:44.809+0000] {processor.py:179} INFO - Processing /home/airflow/.local/lib/python3.8/site-packages/airflow/example_dags/example_bash_operator.py took 0.075 seconds
[2023-11-22T19:41:15.300+0000] {processor.py:157} INFO - Started process (PID=5462) to work on /home/airflow/.local/lib/python3.8/site-packages/airflow/example_dags/example_bash_operator.py
[2023-11-22T19:41:15.300+0000] {processor.py:829} INFO - Processing file /home/airflow/.local/lib/python3.8/site-packages/airflow/example_dags/example_bash_operator.py for tasks to queue
[2023-11-22T19:41:15.301+0000] {logging_mixin.py:154} INFO - [2023-11-22T19:41:15.301+0000] {dagbag.py:536} INFO - Filling up the DagBag from /home/airflow/.local/lib/python3.8/site-packages/airflow/example_dags/example_bash_operator.py
[2023-11-22T19:41:15.311+0000] {processor.py:839} INFO - DAG(s) dict_keys(['example_bash_operator']) retrieved from /home/airflow/.local/lib/python3.8/site-packages/airflow/example_dags/example_bash_operator.py
[2023-11-22T19:41:15.337+0000] {logging_mixin.py:154} INFO - [2023-11-22T19:41:15.337+0000] {dag.py:2941} INFO - Sync 1 DAGs
[2023-11-22T19:41:15.355+0000] {logging_mixin.py:154} INFO - [2023-11-22T19:41:15.355+0000] {dag.py:3722} INFO - Setting next_dagrun for example_bash_operator to 2023-11-21T00:00:00+00:00, run_after=2023-11-22T00:00:00+00:00
[2023-11-22T19:41:15.368+0000] {processor.py:179} INFO - Processing /home/airflow/.local/lib/python3.8/site-packages/airflow/example_dags/example_bash_operator.py took 0.071 seconds
[2023-11-22T19:41:45.785+0000] {processor.py:157} INFO - Started process (PID=5700) to work on /home/airflow/.local/lib/python3.8/site-packages/airflow/example_dags/example_bash_operator.py
[2023-11-22T19:41:45.786+0000] {processor.py:829} INFO - Processing file /home/airflow/.local/lib/python3.8/site-packages/airflow/example_dags/example_bash_operator.py for tasks to queue
[2023-11-22T19:41:45.787+0000] {logging_mixin.py:154} INFO - [2023-11-22T19:41:45.787+0000] {dagbag.py:536} INFO - Filling up the DagBag from /home/airflow/.local/lib/python3.8/site-packages/airflow/example_dags/example_bash_operator.py
[2023-11-22T19:41:45.797+0000] {processor.py:839} INFO - DAG(s) dict_keys(['example_bash_operator']) retrieved from /home/airflow/.local/lib/python3.8/site-packages/airflow/example_dags/example_bash_operator.py
[2023-11-22T19:41:45.823+0000] {logging_mixin.py:154} INFO - [2023-11-22T19:41:45.822+0000] {dag.py:2941} INFO - Sync 1 DAGs
[2023-11-22T19:41:45.840+0000] {logging_mixin.py:154} INFO - [2023-11-22T19:41:45.840+0000] {dag.py:3722} INFO - Setting next_dagrun for example_bash_operator to 2023-11-21T00:00:00+00:00, run_after=2023-11-22T00:00:00+00:00
[2023-11-22T19:41:45.853+0000] {processor.py:179} INFO - Processing /home/airflow/.local/lib/python3.8/site-packages/airflow/example_dags/example_bash_operator.py took 0.070 seconds
[2023-11-22T19:42:16.231+0000] {processor.py:157} INFO - Started process (PID=5937) to work on /home/airflow/.local/lib/python3.8/site-packages/airflow/example_dags/example_bash_operator.py
[2023-11-22T19:42:16.232+0000] {processor.py:829} INFO - Processing file /home/airflow/.local/lib/python3.8/site-packages/airflow/example_dags/example_bash_operator.py for tasks to queue
[2023-11-22T19:42:16.233+0000] {logging_mixin.py:154} INFO - [2023-11-22T19:42:16.233+0000] {dagbag.py:536} INFO - Filling up the DagBag from /home/airflow/.local/lib/python3.8/site-packages/airflow/example_dags/example_bash_operator.py
[2023-11-22T19:42:16.242+0000] {processor.py:839} INFO - DAG(s) dict_keys(['example_bash_operator']) retrieved from /home/airflow/.local/lib/python3.8/site-packages/airflow/example_dags/example_bash_operator.py
[2023-11-22T19:42:16.268+0000] {logging_mixin.py:154} INFO - [2023-11-22T19:42:16.268+0000] {dag.py:2941} INFO - Sync 1 DAGs
[2023-11-22T19:42:16.285+0000] {logging_mixin.py:154} INFO - [2023-11-22T19:42:16.285+0000] {dag.py:3722} INFO - Setting next_dagrun for example_bash_operator to 2023-11-21T00:00:00+00:00, run_after=2023-11-22T00:00:00+00:00
[2023-11-22T19:42:16.298+0000] {processor.py:179} INFO - Processing /home/airflow/.local/lib/python3.8/site-packages/airflow/example_dags/example_bash_operator.py took 0.070 seconds
[2023-11-22T19:42:46.631+0000] {processor.py:157} INFO - Started process (PID=6175) to work on /home/airflow/.local/lib/python3.8/site-packages/airflow/example_dags/example_bash_operator.py
[2023-11-22T19:42:46.631+0000] {processor.py:829} INFO - Processing file /home/airflow/.local/lib/python3.8/site-packages/airflow/example_dags/example_bash_operator.py for tasks to queue
[2023-11-22T19:42:46.632+0000] {logging_mixin.py:154} INFO - [2023-11-22T19:42:46.632+0000] {dagbag.py:536} INFO - Filling up the DagBag from /home/airflow/.local/lib/python3.8/site-packages/airflow/example_dags/example_bash_operator.py
[2023-11-22T19:42:46.642+0000] {processor.py:839} INFO - DAG(s) dict_keys(['example_bash_operator']) retrieved from /home/airflow/.local/lib/python3.8/site-packages/airflow/example_dags/example_bash_operator.py
[2023-11-22T19:42:46.668+0000] {logging_mixin.py:154} INFO - [2023-11-22T19:42:46.668+0000] {dag.py:2941} INFO - Sync 1 DAGs
[2023-11-22T19:42:46.685+0000] {logging_mixin.py:154} INFO - [2023-11-22T19:42:46.685+0000] {dag.py:3722} INFO - Setting next_dagrun for example_bash_operator to 2023-11-21T00:00:00+00:00, run_after=2023-11-22T00:00:00+00:00
[2023-11-22T19:42:46.698+0000] {processor.py:179} INFO - Processing /home/airflow/.local/lib/python3.8/site-packages/airflow/example_dags/example_bash_operator.py took 0.071 seconds
[2023-11-22T19:43:17.039+0000] {processor.py:157} INFO - Started process (PID=6413) to work on /home/airflow/.local/lib/python3.8/site-packages/airflow/example_dags/example_bash_operator.py
[2023-11-22T19:43:17.040+0000] {processor.py:829} INFO - Processing file /home/airflow/.local/lib/python3.8/site-packages/airflow/example_dags/example_bash_operator.py for tasks to queue
[2023-11-22T19:43:17.041+0000] {logging_mixin.py:154} INFO - [2023-11-22T19:43:17.040+0000] {dagbag.py:536} INFO - Filling up the DagBag from /home/airflow/.local/lib/python3.8/site-packages/airflow/example_dags/example_bash_operator.py
[2023-11-22T19:43:17.050+0000] {processor.py:839} INFO - DAG(s) dict_keys(['example_bash_operator']) retrieved from /home/airflow/.local/lib/python3.8/site-packages/airflow/example_dags/example_bash_operator.py
[2023-11-22T19:43:17.077+0000] {logging_mixin.py:154} INFO - [2023-11-22T19:43:17.076+0000] {dag.py:2941} INFO - Sync 1 DAGs
[2023-11-22T19:43:17.094+0000] {logging_mixin.py:154} INFO - [2023-11-22T19:43:17.094+0000] {dag.py:3722} INFO - Setting next_dagrun for example_bash_operator to 2023-11-21T00:00:00+00:00, run_after=2023-11-22T00:00:00+00:00
[2023-11-22T19:43:17.107+0000] {processor.py:179} INFO - Processing /home/airflow/.local/lib/python3.8/site-packages/airflow/example_dags/example_bash_operator.py took 0.071 seconds
[2023-11-22T19:43:47.554+0000] {processor.py:157} INFO - Started process (PID=6651) to work on /home/airflow/.local/lib/python3.8/site-packages/airflow/example_dags/example_bash_operator.py
[2023-11-22T19:43:47.555+0000] {processor.py:829} INFO - Processing file /home/airflow/.local/lib/python3.8/site-packages/airflow/example_dags/example_bash_operator.py for tasks to queue
[2023-11-22T19:43:47.556+0000] {logging_mixin.py:154} INFO - [2023-11-22T19:43:47.555+0000] {dagbag.py:536} INFO - Filling up the DagBag from /home/airflow/.local/lib/python3.8/site-packages/airflow/example_dags/example_bash_operator.py
[2023-11-22T19:43:47.566+0000] {processor.py:839} INFO - DAG(s) dict_keys(['example_bash_operator']) retrieved from /home/airflow/.local/lib/python3.8/site-packages/airflow/example_dags/example_bash_operator.py
[2023-11-22T19:43:47.592+0000] {logging_mixin.py:154} INFO - [2023-11-22T19:43:47.592+0000] {dag.py:2941} INFO - Sync 1 DAGs
[2023-11-22T19:43:47.610+0000] {logging_mixin.py:154} INFO - [2023-11-22T19:43:47.609+0000] {dag.py:3722} INFO - Setting next_dagrun for example_bash_operator to 2023-11-21T00:00:00+00:00, run_after=2023-11-22T00:00:00+00:00
[2023-11-22T19:43:47.622+0000] {processor.py:179} INFO - Processing /home/airflow/.local/lib/python3.8/site-packages/airflow/example_dags/example_bash_operator.py took 0.072 seconds
[2023-11-22T19:44:18.011+0000] {processor.py:157} INFO - Started process (PID=6889) to work on /home/airflow/.local/lib/python3.8/site-packages/airflow/example_dags/example_bash_operator.py
[2023-11-22T19:44:18.012+0000] {processor.py:829} INFO - Processing file /home/airflow/.local/lib/python3.8/site-packages/airflow/example_dags/example_bash_operator.py for tasks to queue
[2023-11-22T19:44:18.013+0000] {logging_mixin.py:154} INFO - [2023-11-22T19:44:18.013+0000] {dagbag.py:536} INFO - Filling up the DagBag from /home/airflow/.local/lib/python3.8/site-packages/airflow/example_dags/example_bash_operator.py
[2023-11-22T19:44:18.023+0000] {processor.py:839} INFO - DAG(s) dict_keys(['example_bash_operator']) retrieved from /home/airflow/.local/lib/python3.8/site-packages/airflow/example_dags/example_bash_operator.py
[2023-11-22T19:44:18.049+0000] {logging_mixin.py:154} INFO - [2023-11-22T19:44:18.049+0000] {dag.py:2941} INFO - Sync 1 DAGs
[2023-11-22T19:44:18.067+0000] {logging_mixin.py:154} INFO - [2023-11-22T19:44:18.067+0000] {dag.py:3722} INFO - Setting next_dagrun for example_bash_operator to 2023-11-21T00:00:00+00:00, run_after=2023-11-22T00:00:00+00:00
[2023-11-22T19:44:18.079+0000] {processor.py:179} INFO - Processing /home/airflow/.local/lib/python3.8/site-packages/airflow/example_dags/example_bash_operator.py took 0.071 seconds
[2023-11-22T19:44:48.427+0000] {processor.py:157} INFO - Started process (PID=7127) to work on /home/airflow/.local/lib/python3.8/site-packages/airflow/example_dags/example_bash_operator.py
[2023-11-22T19:44:48.428+0000] {processor.py:829} INFO - Processing file /home/airflow/.local/lib/python3.8/site-packages/airflow/example_dags/example_bash_operator.py for tasks to queue
[2023-11-22T19:44:48.429+0000] {logging_mixin.py:154} INFO - [2023-11-22T19:44:48.428+0000] {dagbag.py:536} INFO - Filling up the DagBag from /home/airflow/.local/lib/python3.8/site-packages/airflow/example_dags/example_bash_operator.py
[2023-11-22T19:44:48.438+0000] {processor.py:839} INFO - DAG(s) dict_keys(['example_bash_operator']) retrieved from /home/airflow/.local/lib/python3.8/site-packages/airflow/example_dags/example_bash_operator.py
[2023-11-22T19:44:48.465+0000] {logging_mixin.py:154} INFO - [2023-11-22T19:44:48.465+0000] {dag.py:2941} INFO - Sync 1 DAGs
[2023-11-22T19:44:48.484+0000] {logging_mixin.py:154} INFO - [2023-11-22T19:44:48.484+0000] {dag.py:3722} INFO - Setting next_dagrun for example_bash_operator to 2023-11-21T00:00:00+00:00, run_after=2023-11-22T00:00:00+00:00
[2023-11-22T19:44:48.502+0000] {processor.py:179} INFO - Processing /home/airflow/.local/lib/python3.8/site-packages/airflow/example_dags/example_bash_operator.py took 0.078 seconds
[2023-11-22T19:45:18.831+0000] {processor.py:157} INFO - Started process (PID=7365) to work on /home/airflow/.local/lib/python3.8/site-packages/airflow/example_dags/example_bash_operator.py
[2023-11-22T19:45:18.832+0000] {processor.py:829} INFO - Processing file /home/airflow/.local/lib/python3.8/site-packages/airflow/example_dags/example_bash_operator.py for tasks to queue
[2023-11-22T19:45:18.833+0000] {logging_mixin.py:154} INFO - [2023-11-22T19:45:18.833+0000] {dagbag.py:536} INFO - Filling up the DagBag from /home/airflow/.local/lib/python3.8/site-packages/airflow/example_dags/example_bash_operator.py
[2023-11-22T19:45:18.843+0000] {processor.py:839} INFO - DAG(s) dict_keys(['example_bash_operator']) retrieved from /home/airflow/.local/lib/python3.8/site-packages/airflow/example_dags/example_bash_operator.py
[2023-11-22T19:45:18.869+0000] {logging_mixin.py:154} INFO - [2023-11-22T19:45:18.869+0000] {dag.py:2941} INFO - Sync 1 DAGs
[2023-11-22T19:45:18.886+0000] {logging_mixin.py:154} INFO - [2023-11-22T19:45:18.886+0000] {dag.py:3722} INFO - Setting next_dagrun for example_bash_operator to 2023-11-21T00:00:00+00:00, run_after=2023-11-22T00:00:00+00:00
[2023-11-22T19:45:18.899+0000] {processor.py:179} INFO - Processing /home/airflow/.local/lib/python3.8/site-packages/airflow/example_dags/example_bash_operator.py took 0.071 seconds
[2023-11-22T19:45:49.325+0000] {processor.py:157} INFO - Started process (PID=7605) to work on /home/airflow/.local/lib/python3.8/site-packages/airflow/example_dags/example_bash_operator.py
[2023-11-22T19:45:49.326+0000] {processor.py:829} INFO - Processing file /home/airflow/.local/lib/python3.8/site-packages/airflow/example_dags/example_bash_operator.py for tasks to queue
[2023-11-22T19:45:49.326+0000] {logging_mixin.py:154} INFO - [2023-11-22T19:45:49.326+0000] {dagbag.py:536} INFO - Filling up the DagBag from /home/airflow/.local/lib/python3.8/site-packages/airflow/example_dags/example_bash_operator.py
[2023-11-22T19:45:49.336+0000] {processor.py:839} INFO - DAG(s) dict_keys(['example_bash_operator']) retrieved from /home/airflow/.local/lib/python3.8/site-packages/airflow/example_dags/example_bash_operator.py
[2023-11-22T19:45:49.363+0000] {logging_mixin.py:154} INFO - [2023-11-22T19:45:49.363+0000] {dag.py:2941} INFO - Sync 1 DAGs
[2023-11-22T19:45:49.380+0000] {logging_mixin.py:154} INFO - [2023-11-22T19:45:49.380+0000] {dag.py:3722} INFO - Setting next_dagrun for example_bash_operator to 2023-11-21T00:00:00+00:00, run_after=2023-11-22T00:00:00+00:00
[2023-11-22T19:45:49.394+0000] {processor.py:179} INFO - Processing /home/airflow/.local/lib/python3.8/site-packages/airflow/example_dags/example_bash_operator.py took 0.072 seconds
[2023-11-22T19:46:19.830+0000] {processor.py:157} INFO - Started process (PID=7841) to work on /home/airflow/.local/lib/python3.8/site-packages/airflow/example_dags/example_bash_operator.py
[2023-11-22T19:46:19.831+0000] {processor.py:829} INFO - Processing file /home/airflow/.local/lib/python3.8/site-packages/airflow/example_dags/example_bash_operator.py for tasks to queue
[2023-11-22T19:46:19.832+0000] {logging_mixin.py:154} INFO - [2023-11-22T19:46:19.831+0000] {dagbag.py:536} INFO - Filling up the DagBag from /home/airflow/.local/lib/python3.8/site-packages/airflow/example_dags/example_bash_operator.py
[2023-11-22T19:46:19.841+0000] {processor.py:839} INFO - DAG(s) dict_keys(['example_bash_operator']) retrieved from /home/airflow/.local/lib/python3.8/site-packages/airflow/example_dags/example_bash_operator.py
[2023-11-22T19:46:19.870+0000] {logging_mixin.py:154} INFO - [2023-11-22T19:46:19.870+0000] {dag.py:2941} INFO - Sync 1 DAGs
[2023-11-22T19:46:19.887+0000] {logging_mixin.py:154} INFO - [2023-11-22T19:46:19.887+0000] {dag.py:3722} INFO - Setting next_dagrun for example_bash_operator to 2023-11-21T00:00:00+00:00, run_after=2023-11-22T00:00:00+00:00
[2023-11-22T19:46:19.900+0000] {processor.py:179} INFO - Processing /home/airflow/.local/lib/python3.8/site-packages/airflow/example_dags/example_bash_operator.py took 0.074 seconds
[2023-11-22T19:46:50.188+0000] {processor.py:157} INFO - Started process (PID=8079) to work on /home/airflow/.local/lib/python3.8/site-packages/airflow/example_dags/example_bash_operator.py
[2023-11-22T19:46:50.189+0000] {processor.py:829} INFO - Processing file /home/airflow/.local/lib/python3.8/site-packages/airflow/example_dags/example_bash_operator.py for tasks to queue
[2023-11-22T19:46:50.190+0000] {logging_mixin.py:154} INFO - [2023-11-22T19:46:50.190+0000] {dagbag.py:536} INFO - Filling up the DagBag from /home/airflow/.local/lib/python3.8/site-packages/airflow/example_dags/example_bash_operator.py
[2023-11-22T19:46:50.199+0000] {processor.py:839} INFO - DAG(s) dict_keys(['example_bash_operator']) retrieved from /home/airflow/.local/lib/python3.8/site-packages/airflow/example_dags/example_bash_operator.py
[2023-11-22T19:46:50.226+0000] {logging_mixin.py:154} INFO - [2023-11-22T19:46:50.225+0000] {dag.py:2941} INFO - Sync 1 DAGs
[2023-11-22T19:46:50.243+0000] {logging_mixin.py:154} INFO - [2023-11-22T19:46:50.243+0000] {dag.py:3722} INFO - Setting next_dagrun for example_bash_operator to 2023-11-21T00:00:00+00:00, run_after=2023-11-22T00:00:00+00:00
[2023-11-22T19:46:50.256+0000] {processor.py:179} INFO - Processing /home/airflow/.local/lib/python3.8/site-packages/airflow/example_dags/example_bash_operator.py took 0.071 seconds
[2023-11-22T19:47:20.646+0000] {processor.py:157} INFO - Started process (PID=8317) to work on /home/airflow/.local/lib/python3.8/site-packages/airflow/example_dags/example_bash_operator.py
[2023-11-22T19:47:20.647+0000] {processor.py:829} INFO - Processing file /home/airflow/.local/lib/python3.8/site-packages/airflow/example_dags/example_bash_operator.py for tasks to queue
[2023-11-22T19:47:20.648+0000] {logging_mixin.py:154} INFO - [2023-11-22T19:47:20.648+0000] {dagbag.py:536} INFO - Filling up the DagBag from /home/airflow/.local/lib/python3.8/site-packages/airflow/example_dags/example_bash_operator.py
[2023-11-22T19:47:20.658+0000] {processor.py:839} INFO - DAG(s) dict_keys(['example_bash_operator']) retrieved from /home/airflow/.local/lib/python3.8/site-packages/airflow/example_dags/example_bash_operator.py
[2023-11-22T19:47:20.684+0000] {logging_mixin.py:154} INFO - [2023-11-22T19:47:20.684+0000] {dag.py:2941} INFO - Sync 1 DAGs
[2023-11-22T19:47:20.702+0000] {logging_mixin.py:154} INFO - [2023-11-22T19:47:20.702+0000] {dag.py:3722} INFO - Setting next_dagrun for example_bash_operator to 2023-11-21T00:00:00+00:00, run_after=2023-11-22T00:00:00+00:00
[2023-11-22T19:47:20.715+0000] {processor.py:179} INFO - Processing /home/airflow/.local/lib/python3.8/site-packages/airflow/example_dags/example_bash_operator.py took 0.072 seconds
[2023-11-22T19:47:51.212+0000] {processor.py:157} INFO - Started process (PID=8561) to work on /home/airflow/.local/lib/python3.8/site-packages/airflow/example_dags/example_bash_operator.py
[2023-11-22T19:47:51.213+0000] {processor.py:829} INFO - Processing file /home/airflow/.local/lib/python3.8/site-packages/airflow/example_dags/example_bash_operator.py for tasks to queue
[2023-11-22T19:47:51.214+0000] {logging_mixin.py:154} INFO - [2023-11-22T19:47:51.214+0000] {dagbag.py:536} INFO - Filling up the DagBag from /home/airflow/.local/lib/python3.8/site-packages/airflow/example_dags/example_bash_operator.py
[2023-11-22T19:47:51.225+0000] {processor.py:839} INFO - DAG(s) dict_keys(['example_bash_operator']) retrieved from /home/airflow/.local/lib/python3.8/site-packages/airflow/example_dags/example_bash_operator.py
[2023-11-22T19:47:51.256+0000] {logging_mixin.py:154} INFO - [2023-11-22T19:47:51.256+0000] {dag.py:2941} INFO - Sync 1 DAGs
[2023-11-22T19:47:51.276+0000] {logging_mixin.py:154} INFO - [2023-11-22T19:47:51.276+0000] {dag.py:3722} INFO - Setting next_dagrun for example_bash_operator to 2023-11-21T00:00:00+00:00, run_after=2023-11-22T00:00:00+00:00
[2023-11-22T19:47:51.292+0000] {processor.py:179} INFO - Processing /home/airflow/.local/lib/python3.8/site-packages/airflow/example_dags/example_bash_operator.py took 0.084 seconds
[2023-11-22T19:48:21.371+0000] {processor.py:157} INFO - Started process (PID=8801) to work on /home/airflow/.local/lib/python3.8/site-packages/airflow/example_dags/example_bash_operator.py
[2023-11-22T19:48:21.372+0000] {processor.py:829} INFO - Processing file /home/airflow/.local/lib/python3.8/site-packages/airflow/example_dags/example_bash_operator.py for tasks to queue
[2023-11-22T19:48:21.373+0000] {logging_mixin.py:154} INFO - [2023-11-22T19:48:21.372+0000] {dagbag.py:536} INFO - Filling up the DagBag from /home/airflow/.local/lib/python3.8/site-packages/airflow/example_dags/example_bash_operator.py
[2023-11-22T19:48:21.382+0000] {processor.py:839} INFO - DAG(s) dict_keys(['example_bash_operator']) retrieved from /home/airflow/.local/lib/python3.8/site-packages/airflow/example_dags/example_bash_operator.py
[2023-11-22T19:48:21.408+0000] {logging_mixin.py:154} INFO - [2023-11-22T19:48:21.408+0000] {dag.py:2941} INFO - Sync 1 DAGs
[2023-11-22T19:48:21.425+0000] {logging_mixin.py:154} INFO - [2023-11-22T19:48:21.425+0000] {dag.py:3722} INFO - Setting next_dagrun for example_bash_operator to 2023-11-21T00:00:00+00:00, run_after=2023-11-22T00:00:00+00:00
[2023-11-22T19:48:21.437+0000] {processor.py:179} INFO - Processing /home/airflow/.local/lib/python3.8/site-packages/airflow/example_dags/example_bash_operator.py took 0.070 seconds
[2023-11-22T19:48:51.674+0000] {processor.py:157} INFO - Started process (PID=9039) to work on /home/airflow/.local/lib/python3.8/site-packages/airflow/example_dags/example_bash_operator.py
[2023-11-22T19:48:51.675+0000] {processor.py:829} INFO - Processing file /home/airflow/.local/lib/python3.8/site-packages/airflow/example_dags/example_bash_operator.py for tasks to queue
[2023-11-22T19:48:51.676+0000] {logging_mixin.py:154} INFO - [2023-11-22T19:48:51.675+0000] {dagbag.py:536} INFO - Filling up the DagBag from /home/airflow/.local/lib/python3.8/site-packages/airflow/example_dags/example_bash_operator.py
[2023-11-22T19:48:51.685+0000] {processor.py:839} INFO - DAG(s) dict_keys(['example_bash_operator']) retrieved from /home/airflow/.local/lib/python3.8/site-packages/airflow/example_dags/example_bash_operator.py
[2023-11-22T19:48:51.712+0000] {logging_mixin.py:154} INFO - [2023-11-22T19:48:51.712+0000] {dag.py:2941} INFO - Sync 1 DAGs
[2023-11-22T19:48:51.729+0000] {logging_mixin.py:154} INFO - [2023-11-22T19:48:51.729+0000] {dag.py:3722} INFO - Setting next_dagrun for example_bash_operator to 2023-11-21T00:00:00+00:00, run_after=2023-11-22T00:00:00+00:00
[2023-11-22T19:48:51.741+0000] {processor.py:179} INFO - Processing /home/airflow/.local/lib/python3.8/site-packages/airflow/example_dags/example_bash_operator.py took 0.070 seconds
[2023-11-22T19:49:22.415+0000] {processor.py:157} INFO - Started process (PID=9275) to work on /home/airflow/.local/lib/python3.8/site-packages/airflow/example_dags/example_bash_operator.py
[2023-11-22T19:49:22.416+0000] {processor.py:829} INFO - Processing file /home/airflow/.local/lib/python3.8/site-packages/airflow/example_dags/example_bash_operator.py for tasks to queue
[2023-11-22T19:49:22.416+0000] {logging_mixin.py:154} INFO - [2023-11-22T19:49:22.416+0000] {dagbag.py:536} INFO - Filling up the DagBag from /home/airflow/.local/lib/python3.8/site-packages/airflow/example_dags/example_bash_operator.py
[2023-11-22T19:49:22.426+0000] {processor.py:839} INFO - DAG(s) dict_keys(['example_bash_operator']) retrieved from /home/airflow/.local/lib/python3.8/site-packages/airflow/example_dags/example_bash_operator.py
[2023-11-22T19:49:22.454+0000] {logging_mixin.py:154} INFO - [2023-11-22T19:49:22.453+0000] {dag.py:2941} INFO - Sync 1 DAGs
[2023-11-22T19:49:22.584+0000] {logging_mixin.py:154} INFO - [2023-11-22T19:49:22.583+0000] {dag.py:3722} INFO - Setting next_dagrun for example_bash_operator to 2023-11-21T00:00:00+00:00, run_after=2023-11-22T00:00:00+00:00
[2023-11-22T19:49:22.597+0000] {processor.py:179} INFO - Processing /home/airflow/.local/lib/python3.8/site-packages/airflow/example_dags/example_bash_operator.py took 0.185 seconds
[2023-11-22T19:49:52.861+0000] {processor.py:157} INFO - Started process (PID=9513) to work on /home/airflow/.local/lib/python3.8/site-packages/airflow/example_dags/example_bash_operator.py
[2023-11-22T19:49:52.861+0000] {processor.py:829} INFO - Processing file /home/airflow/.local/lib/python3.8/site-packages/airflow/example_dags/example_bash_operator.py for tasks to queue
[2023-11-22T19:49:52.862+0000] {logging_mixin.py:154} INFO - [2023-11-22T19:49:52.862+0000] {dagbag.py:536} INFO - Filling up the DagBag from /home/airflow/.local/lib/python3.8/site-packages/airflow/example_dags/example_bash_operator.py
[2023-11-22T19:49:52.872+0000] {processor.py:839} INFO - DAG(s) dict_keys(['example_bash_operator']) retrieved from /home/airflow/.local/lib/python3.8/site-packages/airflow/example_dags/example_bash_operator.py
[2023-11-22T19:49:52.899+0000] {logging_mixin.py:154} INFO - [2023-11-22T19:49:52.899+0000] {dag.py:2941} INFO - Sync 1 DAGs
[2023-11-22T19:49:52.918+0000] {logging_mixin.py:154} INFO - [2023-11-22T19:49:52.918+0000] {dag.py:3722} INFO - Setting next_dagrun for example_bash_operator to 2023-11-21T00:00:00+00:00, run_after=2023-11-22T00:00:00+00:00
[2023-11-22T19:49:53.045+0000] {processor.py:179} INFO - Processing /home/airflow/.local/lib/python3.8/site-packages/airflow/example_dags/example_bash_operator.py took 0.187 seconds
[2023-11-22T19:50:23.988+0000] {processor.py:157} INFO - Started process (PID=9751) to work on /home/airflow/.local/lib/python3.8/site-packages/airflow/example_dags/example_bash_operator.py
[2023-11-22T19:50:23.989+0000] {processor.py:829} INFO - Processing file /home/airflow/.local/lib/python3.8/site-packages/airflow/example_dags/example_bash_operator.py for tasks to queue
[2023-11-22T19:50:23.990+0000] {logging_mixin.py:154} INFO - [2023-11-22T19:50:23.990+0000] {dagbag.py:536} INFO - Filling up the DagBag from /home/airflow/.local/lib/python3.8/site-packages/airflow/example_dags/example_bash_operator.py
[2023-11-22T19:50:24.000+0000] {processor.py:839} INFO - DAG(s) dict_keys(['example_bash_operator']) retrieved from /home/airflow/.local/lib/python3.8/site-packages/airflow/example_dags/example_bash_operator.py
[2023-11-22T19:50:24.027+0000] {logging_mixin.py:154} INFO - [2023-11-22T19:50:24.027+0000] {dag.py:2941} INFO - Sync 1 DAGs
[2023-11-22T19:50:24.047+0000] {logging_mixin.py:154} INFO - [2023-11-22T19:50:24.047+0000] {dag.py:3722} INFO - Setting next_dagrun for example_bash_operator to 2023-11-21T00:00:00+00:00, run_after=2023-11-22T00:00:00+00:00
[2023-11-22T19:50:24.180+0000] {processor.py:179} INFO - Processing /home/airflow/.local/lib/python3.8/site-packages/airflow/example_dags/example_bash_operator.py took 0.195 seconds
[2023-11-22T19:50:55.137+0000] {processor.py:157} INFO - Started process (PID=9991) to work on /home/airflow/.local/lib/python3.8/site-packages/airflow/example_dags/example_bash_operator.py
[2023-11-22T19:50:55.139+0000] {processor.py:829} INFO - Processing file /home/airflow/.local/lib/python3.8/site-packages/airflow/example_dags/example_bash_operator.py for tasks to queue
[2023-11-22T19:50:55.140+0000] {logging_mixin.py:154} INFO - [2023-11-22T19:50:55.140+0000] {dagbag.py:536} INFO - Filling up the DagBag from /home/airflow/.local/lib/python3.8/site-packages/airflow/example_dags/example_bash_operator.py
[2023-11-22T19:50:55.153+0000] {processor.py:839} INFO - DAG(s) dict_keys(['example_bash_operator']) retrieved from /home/airflow/.local/lib/python3.8/site-packages/airflow/example_dags/example_bash_operator.py
[2023-11-22T19:50:55.180+0000] {logging_mixin.py:154} INFO - [2023-11-22T19:50:55.180+0000] {dag.py:2941} INFO - Sync 1 DAGs
[2023-11-22T19:50:55.196+0000] {logging_mixin.py:154} INFO - [2023-11-22T19:50:55.196+0000] {dag.py:3722} INFO - Setting next_dagrun for example_bash_operator to 2023-11-21T00:00:00+00:00, run_after=2023-11-22T00:00:00+00:00
[2023-11-22T19:50:55.208+0000] {processor.py:179} INFO - Processing /home/airflow/.local/lib/python3.8/site-packages/airflow/example_dags/example_bash_operator.py took 0.075 seconds
[2023-11-22T19:51:25.580+0000] {processor.py:157} INFO - Started process (PID=10229) to work on /home/airflow/.local/lib/python3.8/site-packages/airflow/example_dags/example_bash_operator.py
[2023-11-22T19:51:25.581+0000] {processor.py:829} INFO - Processing file /home/airflow/.local/lib/python3.8/site-packages/airflow/example_dags/example_bash_operator.py for tasks to queue
[2023-11-22T19:51:25.583+0000] {logging_mixin.py:154} INFO - [2023-11-22T19:51:25.582+0000] {dagbag.py:536} INFO - Filling up the DagBag from /home/airflow/.local/lib/python3.8/site-packages/airflow/example_dags/example_bash_operator.py
[2023-11-22T19:51:25.593+0000] {processor.py:839} INFO - DAG(s) dict_keys(['example_bash_operator']) retrieved from /home/airflow/.local/lib/python3.8/site-packages/airflow/example_dags/example_bash_operator.py
[2023-11-22T19:51:25.620+0000] {logging_mixin.py:154} INFO - [2023-11-22T19:51:25.620+0000] {dag.py:2941} INFO - Sync 1 DAGs
[2023-11-22T19:51:25.636+0000] {logging_mixin.py:154} INFO - [2023-11-22T19:51:25.636+0000] {dag.py:3722} INFO - Setting next_dagrun for example_bash_operator to 2023-11-21T00:00:00+00:00, run_after=2023-11-22T00:00:00+00:00
[2023-11-22T19:51:25.648+0000] {processor.py:179} INFO - Processing /home/airflow/.local/lib/python3.8/site-packages/airflow/example_dags/example_bash_operator.py took 0.072 seconds
[2023-11-22T19:51:55.717+0000] {processor.py:157} INFO - Started process (PID=10467) to work on /home/airflow/.local/lib/python3.8/site-packages/airflow/example_dags/example_bash_operator.py
[2023-11-22T19:51:55.718+0000] {processor.py:829} INFO - Processing file /home/airflow/.local/lib/python3.8/site-packages/airflow/example_dags/example_bash_operator.py for tasks to queue
[2023-11-22T19:51:55.719+0000] {logging_mixin.py:154} INFO - [2023-11-22T19:51:55.719+0000] {dagbag.py:536} INFO - Filling up the DagBag from /home/airflow/.local/lib/python3.8/site-packages/airflow/example_dags/example_bash_operator.py
[2023-11-22T19:51:55.729+0000] {processor.py:839} INFO - DAG(s) dict_keys(['example_bash_operator']) retrieved from /home/airflow/.local/lib/python3.8/site-packages/airflow/example_dags/example_bash_operator.py
[2023-11-22T19:51:55.874+0000] {logging_mixin.py:154} INFO - [2023-11-22T19:51:55.873+0000] {dag.py:2941} INFO - Sync 1 DAGs
[2023-11-22T19:51:55.889+0000] {logging_mixin.py:154} INFO - [2023-11-22T19:51:55.889+0000] {dag.py:3722} INFO - Setting next_dagrun for example_bash_operator to 2023-11-21T00:00:00+00:00, run_after=2023-11-22T00:00:00+00:00
[2023-11-22T19:51:55.901+0000] {processor.py:179} INFO - Processing /home/airflow/.local/lib/python3.8/site-packages/airflow/example_dags/example_bash_operator.py took 0.187 seconds
[2023-11-22T19:52:26.534+0000] {processor.py:157} INFO - Started process (PID=10704) to work on /home/airflow/.local/lib/python3.8/site-packages/airflow/example_dags/example_bash_operator.py
[2023-11-22T19:52:26.535+0000] {processor.py:829} INFO - Processing file /home/airflow/.local/lib/python3.8/site-packages/airflow/example_dags/example_bash_operator.py for tasks to queue
[2023-11-22T19:52:26.536+0000] {logging_mixin.py:154} INFO - [2023-11-22T19:52:26.536+0000] {dagbag.py:536} INFO - Filling up the DagBag from /home/airflow/.local/lib/python3.8/site-packages/airflow/example_dags/example_bash_operator.py
[2023-11-22T19:52:26.546+0000] {processor.py:839} INFO - DAG(s) dict_keys(['example_bash_operator']) retrieved from /home/airflow/.local/lib/python3.8/site-packages/airflow/example_dags/example_bash_operator.py
[2023-11-22T19:52:26.571+0000] {logging_mixin.py:154} INFO - [2023-11-22T19:52:26.571+0000] {dag.py:2941} INFO - Sync 1 DAGs
[2023-11-22T19:52:26.589+0000] {logging_mixin.py:154} INFO - [2023-11-22T19:52:26.589+0000] {dag.py:3722} INFO - Setting next_dagrun for example_bash_operator to 2023-11-21T00:00:00+00:00, run_after=2023-11-22T00:00:00+00:00
[2023-11-22T19:52:26.601+0000] {processor.py:179} INFO - Processing /home/airflow/.local/lib/python3.8/site-packages/airflow/example_dags/example_bash_operator.py took 0.070 seconds
[2023-11-22T19:52:57.061+0000] {processor.py:157} INFO - Started process (PID=10944) to work on /home/airflow/.local/lib/python3.8/site-packages/airflow/example_dags/example_bash_operator.py
[2023-11-22T19:52:57.062+0000] {processor.py:829} INFO - Processing file /home/airflow/.local/lib/python3.8/site-packages/airflow/example_dags/example_bash_operator.py for tasks to queue
[2023-11-22T19:52:57.063+0000] {logging_mixin.py:154} INFO - [2023-11-22T19:52:57.062+0000] {dagbag.py:536} INFO - Filling up the DagBag from /home/airflow/.local/lib/python3.8/site-packages/airflow/example_dags/example_bash_operator.py
[2023-11-22T19:52:57.073+0000] {processor.py:839} INFO - DAG(s) dict_keys(['example_bash_operator']) retrieved from /home/airflow/.local/lib/python3.8/site-packages/airflow/example_dags/example_bash_operator.py
[2023-11-22T19:52:57.099+0000] {logging_mixin.py:154} INFO - [2023-11-22T19:52:57.099+0000] {dag.py:2941} INFO - Sync 1 DAGs
[2023-11-22T19:52:57.115+0000] {logging_mixin.py:154} INFO - [2023-11-22T19:52:57.115+0000] {dag.py:3722} INFO - Setting next_dagrun for example_bash_operator to 2023-11-21T00:00:00+00:00, run_after=2023-11-22T00:00:00+00:00
[2023-11-22T19:52:57.128+0000] {processor.py:179} INFO - Processing /home/airflow/.local/lib/python3.8/site-packages/airflow/example_dags/example_bash_operator.py took 0.071 seconds
[2023-11-22T19:53:27.464+0000] {processor.py:157} INFO - Started process (PID=11180) to work on /home/airflow/.local/lib/python3.8/site-packages/airflow/example_dags/example_bash_operator.py
[2023-11-22T19:53:27.465+0000] {processor.py:829} INFO - Processing file /home/airflow/.local/lib/python3.8/site-packages/airflow/example_dags/example_bash_operator.py for tasks to queue
[2023-11-22T19:53:27.466+0000] {logging_mixin.py:154} INFO - [2023-11-22T19:53:27.465+0000] {dagbag.py:536} INFO - Filling up the DagBag from /home/airflow/.local/lib/python3.8/site-packages/airflow/example_dags/example_bash_operator.py
[2023-11-22T19:53:27.475+0000] {processor.py:839} INFO - DAG(s) dict_keys(['example_bash_operator']) retrieved from /home/airflow/.local/lib/python3.8/site-packages/airflow/example_dags/example_bash_operator.py
[2023-11-22T19:53:27.501+0000] {logging_mixin.py:154} INFO - [2023-11-22T19:53:27.501+0000] {dag.py:2941} INFO - Sync 1 DAGs
[2023-11-22T19:53:27.518+0000] {logging_mixin.py:154} INFO - [2023-11-22T19:53:27.518+0000] {dag.py:3722} INFO - Setting next_dagrun for example_bash_operator to 2023-11-21T00:00:00+00:00, run_after=2023-11-22T00:00:00+00:00
[2023-11-22T19:53:27.530+0000] {processor.py:179} INFO - Processing /home/airflow/.local/lib/python3.8/site-packages/airflow/example_dags/example_bash_operator.py took 0.069 seconds
[2023-11-22T19:53:57.962+0000] {processor.py:157} INFO - Started process (PID=11418) to work on /home/airflow/.local/lib/python3.8/site-packages/airflow/example_dags/example_bash_operator.py
[2023-11-22T19:53:57.963+0000] {processor.py:829} INFO - Processing file /home/airflow/.local/lib/python3.8/site-packages/airflow/example_dags/example_bash_operator.py for tasks to queue
[2023-11-22T19:53:57.964+0000] {logging_mixin.py:154} INFO - [2023-11-22T19:53:57.964+0000] {dagbag.py:536} INFO - Filling up the DagBag from /home/airflow/.local/lib/python3.8/site-packages/airflow/example_dags/example_bash_operator.py
[2023-11-22T19:53:57.974+0000] {processor.py:839} INFO - DAG(s) dict_keys(['example_bash_operator']) retrieved from /home/airflow/.local/lib/python3.8/site-packages/airflow/example_dags/example_bash_operator.py
[2023-11-22T19:53:58.002+0000] {logging_mixin.py:154} INFO - [2023-11-22T19:53:58.001+0000] {dag.py:2941} INFO - Sync 1 DAGs
[2023-11-22T19:53:58.019+0000] {logging_mixin.py:154} INFO - [2023-11-22T19:53:58.019+0000] {dag.py:3722} INFO - Setting next_dagrun for example_bash_operator to 2023-11-21T00:00:00+00:00, run_after=2023-11-22T00:00:00+00:00
[2023-11-22T19:53:58.031+0000] {processor.py:179} INFO - Processing /home/airflow/.local/lib/python3.8/site-packages/airflow/example_dags/example_bash_operator.py took 0.072 seconds
[2023-11-22T20:36:14.119+0000] {processor.py:157} INFO - Started process (PID=11658) to work on /home/airflow/.local/lib/python3.8/site-packages/airflow/example_dags/example_bash_operator.py
[2023-11-22T20:36:14.122+0000] {processor.py:829} INFO - Processing file /home/airflow/.local/lib/python3.8/site-packages/airflow/example_dags/example_bash_operator.py for tasks to queue
[2023-11-22T20:36:14.125+0000] {logging_mixin.py:154} INFO - [2023-11-22T20:36:14.124+0000] {dagbag.py:536} INFO - Filling up the DagBag from /home/airflow/.local/lib/python3.8/site-packages/airflow/example_dags/example_bash_operator.py
[2023-11-22T20:36:14.161+0000] {processor.py:839} INFO - DAG(s) dict_keys(['example_bash_operator']) retrieved from /home/airflow/.local/lib/python3.8/site-packages/airflow/example_dags/example_bash_operator.py
[2023-11-22T20:36:14.229+0000] {logging_mixin.py:154} INFO - [2023-11-22T20:36:14.229+0000] {dag.py:2941} INFO - Sync 1 DAGs
[2023-11-22T20:36:14.269+0000] {logging_mixin.py:154} INFO - [2023-11-22T20:36:14.269+0000] {dag.py:3722} INFO - Setting next_dagrun for example_bash_operator to 2023-11-21T00:00:00+00:00, run_after=2023-11-22T00:00:00+00:00
[2023-11-22T20:36:14.315+0000] {processor.py:179} INFO - Processing /home/airflow/.local/lib/python3.8/site-packages/airflow/example_dags/example_bash_operator.py took 0.205 seconds
[2023-11-22T21:01:33.696+0000] {processor.py:157} INFO - Started process (PID=11897) to work on /home/airflow/.local/lib/python3.8/site-packages/airflow/example_dags/example_bash_operator.py
[2023-11-22T21:01:33.699+0000] {processor.py:829} INFO - Processing file /home/airflow/.local/lib/python3.8/site-packages/airflow/example_dags/example_bash_operator.py for tasks to queue
[2023-11-22T21:01:33.701+0000] {logging_mixin.py:154} INFO - [2023-11-22T21:01:33.700+0000] {dagbag.py:536} INFO - Filling up the DagBag from /home/airflow/.local/lib/python3.8/site-packages/airflow/example_dags/example_bash_operator.py
[2023-11-22T21:01:33.718+0000] {processor.py:839} INFO - DAG(s) dict_keys(['example_bash_operator']) retrieved from /home/airflow/.local/lib/python3.8/site-packages/airflow/example_dags/example_bash_operator.py
[2023-11-22T21:01:33.759+0000] {logging_mixin.py:154} INFO - [2023-11-22T21:01:33.758+0000] {dag.py:2941} INFO - Sync 1 DAGs
[2023-11-22T21:01:33.791+0000] {logging_mixin.py:154} INFO - [2023-11-22T21:01:33.791+0000] {dag.py:3722} INFO - Setting next_dagrun for example_bash_operator to 2023-11-21T00:00:00+00:00, run_after=2023-11-22T00:00:00+00:00
[2023-11-22T21:01:33.812+0000] {processor.py:179} INFO - Processing /home/airflow/.local/lib/python3.8/site-packages/airflow/example_dags/example_bash_operator.py took 0.120 seconds
[2023-11-22T21:02:04.048+0000] {processor.py:157} INFO - Started process (PID=12135) to work on /home/airflow/.local/lib/python3.8/site-packages/airflow/example_dags/example_bash_operator.py
[2023-11-22T21:02:04.049+0000] {processor.py:829} INFO - Processing file /home/airflow/.local/lib/python3.8/site-packages/airflow/example_dags/example_bash_operator.py for tasks to queue
[2023-11-22T21:02:04.050+0000] {logging_mixin.py:154} INFO - [2023-11-22T21:02:04.049+0000] {dagbag.py:536} INFO - Filling up the DagBag from /home/airflow/.local/lib/python3.8/site-packages/airflow/example_dags/example_bash_operator.py
[2023-11-22T21:02:04.060+0000] {processor.py:839} INFO - DAG(s) dict_keys(['example_bash_operator']) retrieved from /home/airflow/.local/lib/python3.8/site-packages/airflow/example_dags/example_bash_operator.py
[2023-11-22T21:02:04.089+0000] {logging_mixin.py:154} INFO - [2023-11-22T21:02:04.089+0000] {dag.py:2941} INFO - Sync 1 DAGs
[2023-11-22T21:02:04.111+0000] {logging_mixin.py:154} INFO - [2023-11-22T21:02:04.111+0000] {dag.py:3722} INFO - Setting next_dagrun for example_bash_operator to 2023-11-21T00:00:00+00:00, run_after=2023-11-22T00:00:00+00:00
[2023-11-22T21:02:04.127+0000] {processor.py:179} INFO - Processing /home/airflow/.local/lib/python3.8/site-packages/airflow/example_dags/example_bash_operator.py took 0.082 seconds
[2023-11-22T21:02:34.277+0000] {processor.py:157} INFO - Started process (PID=12373) to work on /home/airflow/.local/lib/python3.8/site-packages/airflow/example_dags/example_bash_operator.py
[2023-11-22T21:02:34.278+0000] {processor.py:829} INFO - Processing file /home/airflow/.local/lib/python3.8/site-packages/airflow/example_dags/example_bash_operator.py for tasks to queue
[2023-11-22T21:02:34.279+0000] {logging_mixin.py:154} INFO - [2023-11-22T21:02:34.279+0000] {dagbag.py:536} INFO - Filling up the DagBag from /home/airflow/.local/lib/python3.8/site-packages/airflow/example_dags/example_bash_operator.py
[2023-11-22T21:02:34.290+0000] {processor.py:839} INFO - DAG(s) dict_keys(['example_bash_operator']) retrieved from /home/airflow/.local/lib/python3.8/site-packages/airflow/example_dags/example_bash_operator.py
[2023-11-22T21:02:34.317+0000] {logging_mixin.py:154} INFO - [2023-11-22T21:02:34.317+0000] {dag.py:2941} INFO - Sync 1 DAGs
[2023-11-22T21:02:34.335+0000] {logging_mixin.py:154} INFO - [2023-11-22T21:02:34.335+0000] {dag.py:3722} INFO - Setting next_dagrun for example_bash_operator to 2023-11-21T00:00:00+00:00, run_after=2023-11-22T00:00:00+00:00
[2023-11-22T21:02:34.355+0000] {processor.py:179} INFO - Processing /home/airflow/.local/lib/python3.8/site-packages/airflow/example_dags/example_bash_operator.py took 0.081 seconds
[2023-11-22T21:03:04.833+0000] {processor.py:157} INFO - Started process (PID=12611) to work on /home/airflow/.local/lib/python3.8/site-packages/airflow/example_dags/example_bash_operator.py
[2023-11-22T21:03:04.834+0000] {processor.py:829} INFO - Processing file /home/airflow/.local/lib/python3.8/site-packages/airflow/example_dags/example_bash_operator.py for tasks to queue
[2023-11-22T21:03:04.835+0000] {logging_mixin.py:154} INFO - [2023-11-22T21:03:04.835+0000] {dagbag.py:536} INFO - Filling up the DagBag from /home/airflow/.local/lib/python3.8/site-packages/airflow/example_dags/example_bash_operator.py
[2023-11-22T21:03:04.845+0000] {processor.py:839} INFO - DAG(s) dict_keys(['example_bash_operator']) retrieved from /home/airflow/.local/lib/python3.8/site-packages/airflow/example_dags/example_bash_operator.py
[2023-11-22T21:03:04.872+0000] {logging_mixin.py:154} INFO - [2023-11-22T21:03:04.872+0000] {dag.py:2941} INFO - Sync 1 DAGs
[2023-11-22T21:03:04.889+0000] {logging_mixin.py:154} INFO - [2023-11-22T21:03:04.889+0000] {dag.py:3722} INFO - Setting next_dagrun for example_bash_operator to 2023-11-21T00:00:00+00:00, run_after=2023-11-22T00:00:00+00:00
[2023-11-22T21:03:04.902+0000] {processor.py:179} INFO - Processing /home/airflow/.local/lib/python3.8/site-packages/airflow/example_dags/example_bash_operator.py took 0.072 seconds
[2023-11-22T21:03:35.474+0000] {processor.py:157} INFO - Started process (PID=12849) to work on /home/airflow/.local/lib/python3.8/site-packages/airflow/example_dags/example_bash_operator.py
[2023-11-22T21:03:35.475+0000] {processor.py:829} INFO - Processing file /home/airflow/.local/lib/python3.8/site-packages/airflow/example_dags/example_bash_operator.py for tasks to queue
[2023-11-22T21:03:35.476+0000] {logging_mixin.py:154} INFO - [2023-11-22T21:03:35.476+0000] {dagbag.py:536} INFO - Filling up the DagBag from /home/airflow/.local/lib/python3.8/site-packages/airflow/example_dags/example_bash_operator.py
[2023-11-22T21:03:35.487+0000] {processor.py:839} INFO - DAG(s) dict_keys(['example_bash_operator']) retrieved from /home/airflow/.local/lib/python3.8/site-packages/airflow/example_dags/example_bash_operator.py
[2023-11-22T21:03:35.518+0000] {logging_mixin.py:154} INFO - [2023-11-22T21:03:35.518+0000] {dag.py:2941} INFO - Sync 1 DAGs
[2023-11-22T21:03:35.537+0000] {logging_mixin.py:154} INFO - [2023-11-22T21:03:35.537+0000] {dag.py:3722} INFO - Setting next_dagrun for example_bash_operator to 2023-11-21T00:00:00+00:00, run_after=2023-11-22T00:00:00+00:00
[2023-11-22T21:03:35.555+0000] {processor.py:179} INFO - Processing /home/airflow/.local/lib/python3.8/site-packages/airflow/example_dags/example_bash_operator.py took 0.086 seconds
[2023-11-22T21:04:06.172+0000] {processor.py:157} INFO - Started process (PID=13087) to work on /home/airflow/.local/lib/python3.8/site-packages/airflow/example_dags/example_bash_operator.py
[2023-11-22T21:04:06.173+0000] {processor.py:829} INFO - Processing file /home/airflow/.local/lib/python3.8/site-packages/airflow/example_dags/example_bash_operator.py for tasks to queue
[2023-11-22T21:04:06.174+0000] {logging_mixin.py:154} INFO - [2023-11-22T21:04:06.173+0000] {dagbag.py:536} INFO - Filling up the DagBag from /home/airflow/.local/lib/python3.8/site-packages/airflow/example_dags/example_bash_operator.py
[2023-11-22T21:04:06.184+0000] {processor.py:839} INFO - DAG(s) dict_keys(['example_bash_operator']) retrieved from /home/airflow/.local/lib/python3.8/site-packages/airflow/example_dags/example_bash_operator.py
[2023-11-22T21:04:06.211+0000] {logging_mixin.py:154} INFO - [2023-11-22T21:04:06.211+0000] {dag.py:2941} INFO - Sync 1 DAGs
[2023-11-22T21:04:06.229+0000] {logging_mixin.py:154} INFO - [2023-11-22T21:04:06.229+0000] {dag.py:3722} INFO - Setting next_dagrun for example_bash_operator to 2023-11-21T00:00:00+00:00, run_after=2023-11-22T00:00:00+00:00
[2023-11-22T21:04:06.242+0000] {processor.py:179} INFO - Processing /home/airflow/.local/lib/python3.8/site-packages/airflow/example_dags/example_bash_operator.py took 0.073 seconds
[2023-11-22T21:04:36.822+0000] {processor.py:157} INFO - Started process (PID=13325) to work on /home/airflow/.local/lib/python3.8/site-packages/airflow/example_dags/example_bash_operator.py
[2023-11-22T21:04:36.823+0000] {processor.py:829} INFO - Processing file /home/airflow/.local/lib/python3.8/site-packages/airflow/example_dags/example_bash_operator.py for tasks to queue
[2023-11-22T21:04:36.824+0000] {logging_mixin.py:154} INFO - [2023-11-22T21:04:36.824+0000] {dagbag.py:536} INFO - Filling up the DagBag from /home/airflow/.local/lib/python3.8/site-packages/airflow/example_dags/example_bash_operator.py
[2023-11-22T21:04:36.835+0000] {processor.py:839} INFO - DAG(s) dict_keys(['example_bash_operator']) retrieved from /home/airflow/.local/lib/python3.8/site-packages/airflow/example_dags/example_bash_operator.py
[2023-11-22T21:04:36.861+0000] {logging_mixin.py:154} INFO - [2023-11-22T21:04:36.861+0000] {dag.py:2941} INFO - Sync 1 DAGs
[2023-11-22T21:04:36.879+0000] {logging_mixin.py:154} INFO - [2023-11-22T21:04:36.879+0000] {dag.py:3722} INFO - Setting next_dagrun for example_bash_operator to 2023-11-21T00:00:00+00:00, run_after=2023-11-22T00:00:00+00:00
[2023-11-22T21:04:36.894+0000] {processor.py:179} INFO - Processing /home/airflow/.local/lib/python3.8/site-packages/airflow/example_dags/example_bash_operator.py took 0.075 seconds
[2023-11-22T21:05:07.275+0000] {processor.py:157} INFO - Started process (PID=13565) to work on /home/airflow/.local/lib/python3.8/site-packages/airflow/example_dags/example_bash_operator.py
[2023-11-22T21:05:07.276+0000] {processor.py:829} INFO - Processing file /home/airflow/.local/lib/python3.8/site-packages/airflow/example_dags/example_bash_operator.py for tasks to queue
[2023-11-22T21:05:07.276+0000] {logging_mixin.py:154} INFO - [2023-11-22T21:05:07.276+0000] {dagbag.py:536} INFO - Filling up the DagBag from /home/airflow/.local/lib/python3.8/site-packages/airflow/example_dags/example_bash_operator.py
[2023-11-22T21:05:07.288+0000] {processor.py:839} INFO - DAG(s) dict_keys(['example_bash_operator']) retrieved from /home/airflow/.local/lib/python3.8/site-packages/airflow/example_dags/example_bash_operator.py
[2023-11-22T21:05:07.316+0000] {logging_mixin.py:154} INFO - [2023-11-22T21:05:07.316+0000] {dag.py:2941} INFO - Sync 1 DAGs
[2023-11-22T21:05:07.335+0000] {logging_mixin.py:154} INFO - [2023-11-22T21:05:07.335+0000] {dag.py:3722} INFO - Setting next_dagrun for example_bash_operator to 2023-11-21T00:00:00+00:00, run_after=2023-11-22T00:00:00+00:00
[2023-11-22T21:05:07.350+0000] {processor.py:179} INFO - Processing /home/airflow/.local/lib/python3.8/site-packages/airflow/example_dags/example_bash_operator.py took 0.078 seconds
[2023-11-22T21:05:37.869+0000] {processor.py:157} INFO - Started process (PID=13800) to work on /home/airflow/.local/lib/python3.8/site-packages/airflow/example_dags/example_bash_operator.py
[2023-11-22T21:05:37.870+0000] {processor.py:829} INFO - Processing file /home/airflow/.local/lib/python3.8/site-packages/airflow/example_dags/example_bash_operator.py for tasks to queue
[2023-11-22T21:05:37.872+0000] {logging_mixin.py:154} INFO - [2023-11-22T21:05:37.871+0000] {dagbag.py:536} INFO - Filling up the DagBag from /home/airflow/.local/lib/python3.8/site-packages/airflow/example_dags/example_bash_operator.py
[2023-11-22T21:05:37.882+0000] {processor.py:839} INFO - DAG(s) dict_keys(['example_bash_operator']) retrieved from /home/airflow/.local/lib/python3.8/site-packages/airflow/example_dags/example_bash_operator.py
[2023-11-22T21:05:37.912+0000] {logging_mixin.py:154} INFO - [2023-11-22T21:05:37.912+0000] {dag.py:2941} INFO - Sync 1 DAGs
[2023-11-22T21:05:37.930+0000] {logging_mixin.py:154} INFO - [2023-11-22T21:05:37.930+0000] {dag.py:3722} INFO - Setting next_dagrun for example_bash_operator to 2023-11-21T00:00:00+00:00, run_after=2023-11-22T00:00:00+00:00
[2023-11-22T21:05:37.943+0000] {processor.py:179} INFO - Processing /home/airflow/.local/lib/python3.8/site-packages/airflow/example_dags/example_bash_operator.py took 0.077 seconds
[2023-11-22T21:06:08.151+0000] {processor.py:157} INFO - Started process (PID=14038) to work on /home/airflow/.local/lib/python3.8/site-packages/airflow/example_dags/example_bash_operator.py
[2023-11-22T21:06:08.152+0000] {processor.py:829} INFO - Processing file /home/airflow/.local/lib/python3.8/site-packages/airflow/example_dags/example_bash_operator.py for tasks to queue
[2023-11-22T21:06:08.153+0000] {logging_mixin.py:154} INFO - [2023-11-22T21:06:08.152+0000] {dagbag.py:536} INFO - Filling up the DagBag from /home/airflow/.local/lib/python3.8/site-packages/airflow/example_dags/example_bash_operator.py
[2023-11-22T21:06:08.164+0000] {processor.py:839} INFO - DAG(s) dict_keys(['example_bash_operator']) retrieved from /home/airflow/.local/lib/python3.8/site-packages/airflow/example_dags/example_bash_operator.py
[2023-11-22T21:06:08.199+0000] {logging_mixin.py:154} INFO - [2023-11-22T21:06:08.199+0000] {dag.py:2941} INFO - Sync 1 DAGs
[2023-11-22T21:06:08.230+0000] {logging_mixin.py:154} INFO - [2023-11-22T21:06:08.230+0000] {dag.py:3722} INFO - Setting next_dagrun for example_bash_operator to 2023-11-21T00:00:00+00:00, run_after=2023-11-22T00:00:00+00:00
[2023-11-22T21:06:08.243+0000] {processor.py:179} INFO - Processing /home/airflow/.local/lib/python3.8/site-packages/airflow/example_dags/example_bash_operator.py took 0.098 seconds
[2023-11-22T21:06:39.207+0000] {processor.py:157} INFO - Started process (PID=14278) to work on /home/airflow/.local/lib/python3.8/site-packages/airflow/example_dags/example_bash_operator.py
[2023-11-22T21:06:39.208+0000] {processor.py:829} INFO - Processing file /home/airflow/.local/lib/python3.8/site-packages/airflow/example_dags/example_bash_operator.py for tasks to queue
[2023-11-22T21:06:39.208+0000] {logging_mixin.py:154} INFO - [2023-11-22T21:06:39.208+0000] {dagbag.py:536} INFO - Filling up the DagBag from /home/airflow/.local/lib/python3.8/site-packages/airflow/example_dags/example_bash_operator.py
[2023-11-22T21:06:39.219+0000] {processor.py:839} INFO - DAG(s) dict_keys(['example_bash_operator']) retrieved from /home/airflow/.local/lib/python3.8/site-packages/airflow/example_dags/example_bash_operator.py
[2023-11-22T21:06:39.245+0000] {logging_mixin.py:154} INFO - [2023-11-22T21:06:39.245+0000] {dag.py:2941} INFO - Sync 1 DAGs
[2023-11-22T21:06:39.263+0000] {logging_mixin.py:154} INFO - [2023-11-22T21:06:39.263+0000] {dag.py:3722} INFO - Setting next_dagrun for example_bash_operator to 2023-11-21T00:00:00+00:00, run_after=2023-11-22T00:00:00+00:00
[2023-11-22T21:06:39.277+0000] {processor.py:179} INFO - Processing /home/airflow/.local/lib/python3.8/site-packages/airflow/example_dags/example_bash_operator.py took 0.073 seconds
[2023-11-22T21:07:10.022+0000] {processor.py:157} INFO - Started process (PID=14516) to work on /home/airflow/.local/lib/python3.8/site-packages/airflow/example_dags/example_bash_operator.py
[2023-11-22T21:07:10.022+0000] {processor.py:829} INFO - Processing file /home/airflow/.local/lib/python3.8/site-packages/airflow/example_dags/example_bash_operator.py for tasks to queue
[2023-11-22T21:07:10.023+0000] {logging_mixin.py:154} INFO - [2023-11-22T21:07:10.023+0000] {dagbag.py:536} INFO - Filling up the DagBag from /home/airflow/.local/lib/python3.8/site-packages/airflow/example_dags/example_bash_operator.py
[2023-11-22T21:07:10.035+0000] {processor.py:839} INFO - DAG(s) dict_keys(['example_bash_operator']) retrieved from /home/airflow/.local/lib/python3.8/site-packages/airflow/example_dags/example_bash_operator.py
[2023-11-22T21:07:10.063+0000] {logging_mixin.py:154} INFO - [2023-11-22T21:07:10.062+0000] {dag.py:2941} INFO - Sync 1 DAGs
[2023-11-22T21:07:10.082+0000] {logging_mixin.py:154} INFO - [2023-11-22T21:07:10.082+0000] {dag.py:3722} INFO - Setting next_dagrun for example_bash_operator to 2023-11-21T00:00:00+00:00, run_after=2023-11-22T00:00:00+00:00
[2023-11-22T21:07:10.098+0000] {processor.py:179} INFO - Processing /home/airflow/.local/lib/python3.8/site-packages/airflow/example_dags/example_bash_operator.py took 0.079 seconds
[2023-11-22T21:07:40.374+0000] {processor.py:157} INFO - Started process (PID=14754) to work on /home/airflow/.local/lib/python3.8/site-packages/airflow/example_dags/example_bash_operator.py
[2023-11-22T21:07:40.375+0000] {processor.py:829} INFO - Processing file /home/airflow/.local/lib/python3.8/site-packages/airflow/example_dags/example_bash_operator.py for tasks to queue
[2023-11-22T21:07:40.376+0000] {logging_mixin.py:154} INFO - [2023-11-22T21:07:40.375+0000] {dagbag.py:536} INFO - Filling up the DagBag from /home/airflow/.local/lib/python3.8/site-packages/airflow/example_dags/example_bash_operator.py
[2023-11-22T21:07:40.386+0000] {processor.py:839} INFO - DAG(s) dict_keys(['example_bash_operator']) retrieved from /home/airflow/.local/lib/python3.8/site-packages/airflow/example_dags/example_bash_operator.py
[2023-11-22T21:07:40.413+0000] {logging_mixin.py:154} INFO - [2023-11-22T21:07:40.413+0000] {dag.py:2941} INFO - Sync 1 DAGs
[2023-11-22T21:07:40.430+0000] {logging_mixin.py:154} INFO - [2023-11-22T21:07:40.430+0000] {dag.py:3722} INFO - Setting next_dagrun for example_bash_operator to 2023-11-21T00:00:00+00:00, run_after=2023-11-22T00:00:00+00:00
[2023-11-22T21:07:40.443+0000] {processor.py:179} INFO - Processing /home/airflow/.local/lib/python3.8/site-packages/airflow/example_dags/example_bash_operator.py took 0.072 seconds
[2023-11-22T21:08:10.889+0000] {processor.py:157} INFO - Started process (PID=14992) to work on /home/airflow/.local/lib/python3.8/site-packages/airflow/example_dags/example_bash_operator.py
[2023-11-22T21:08:10.890+0000] {processor.py:829} INFO - Processing file /home/airflow/.local/lib/python3.8/site-packages/airflow/example_dags/example_bash_operator.py for tasks to queue
[2023-11-22T21:08:10.891+0000] {logging_mixin.py:154} INFO - [2023-11-22T21:08:10.890+0000] {dagbag.py:536} INFO - Filling up the DagBag from /home/airflow/.local/lib/python3.8/site-packages/airflow/example_dags/example_bash_operator.py
[2023-11-22T21:08:10.901+0000] {processor.py:839} INFO - DAG(s) dict_keys(['example_bash_operator']) retrieved from /home/airflow/.local/lib/python3.8/site-packages/airflow/example_dags/example_bash_operator.py
[2023-11-22T21:08:10.927+0000] {logging_mixin.py:154} INFO - [2023-11-22T21:08:10.927+0000] {dag.py:2941} INFO - Sync 1 DAGs
[2023-11-22T21:08:10.944+0000] {logging_mixin.py:154} INFO - [2023-11-22T21:08:10.944+0000] {dag.py:3722} INFO - Setting next_dagrun for example_bash_operator to 2023-11-21T00:00:00+00:00, run_after=2023-11-22T00:00:00+00:00
[2023-11-22T21:08:10.956+0000] {processor.py:179} INFO - Processing /home/airflow/.local/lib/python3.8/site-packages/airflow/example_dags/example_bash_operator.py took 0.070 seconds
[2023-11-22T21:08:41.903+0000] {processor.py:157} INFO - Started process (PID=15230) to work on /home/airflow/.local/lib/python3.8/site-packages/airflow/example_dags/example_bash_operator.py
[2023-11-22T21:08:41.904+0000] {processor.py:829} INFO - Processing file /home/airflow/.local/lib/python3.8/site-packages/airflow/example_dags/example_bash_operator.py for tasks to queue
[2023-11-22T21:08:41.905+0000] {logging_mixin.py:154} INFO - [2023-11-22T21:08:41.904+0000] {dagbag.py:536} INFO - Filling up the DagBag from /home/airflow/.local/lib/python3.8/site-packages/airflow/example_dags/example_bash_operator.py
[2023-11-22T21:08:41.920+0000] {processor.py:839} INFO - DAG(s) dict_keys(['example_bash_operator']) retrieved from /home/airflow/.local/lib/python3.8/site-packages/airflow/example_dags/example_bash_operator.py
[2023-11-22T21:08:41.950+0000] {logging_mixin.py:154} INFO - [2023-11-22T21:08:41.950+0000] {dag.py:2941} INFO - Sync 1 DAGs
[2023-11-22T21:08:41.969+0000] {logging_mixin.py:154} INFO - [2023-11-22T21:08:41.969+0000] {dag.py:3722} INFO - Setting next_dagrun for example_bash_operator to 2023-11-21T00:00:00+00:00, run_after=2023-11-22T00:00:00+00:00
[2023-11-22T21:08:41.984+0000] {processor.py:179} INFO - Processing /home/airflow/.local/lib/python3.8/site-packages/airflow/example_dags/example_bash_operator.py took 0.084 seconds
[2023-11-22T21:09:41.414+0000] {processor.py:157} INFO - Started process (PID=227) to work on /home/airflow/.local/lib/python3.8/site-packages/airflow/example_dags/example_bash_operator.py
[2023-11-22T21:09:41.415+0000] {processor.py:829} INFO - Processing file /home/airflow/.local/lib/python3.8/site-packages/airflow/example_dags/example_bash_operator.py for tasks to queue
[2023-11-22T21:09:41.417+0000] {logging_mixin.py:154} INFO - [2023-11-22T21:09:41.416+0000] {dagbag.py:536} INFO - Filling up the DagBag from /home/airflow/.local/lib/python3.8/site-packages/airflow/example_dags/example_bash_operator.py
[2023-11-22T21:09:41.437+0000] {processor.py:839} INFO - DAG(s) dict_keys(['example_bash_operator']) retrieved from /home/airflow/.local/lib/python3.8/site-packages/airflow/example_dags/example_bash_operator.py
[2023-11-22T21:09:41.462+0000] {logging_mixin.py:154} INFO - [2023-11-22T21:09:41.462+0000] {dag.py:2941} INFO - Sync 1 DAGs
[2023-11-22T21:09:41.499+0000] {logging_mixin.py:154} INFO - [2023-11-22T21:09:41.499+0000] {dag.py:3722} INFO - Setting next_dagrun for example_bash_operator to 2023-11-21T00:00:00+00:00, run_after=2023-11-22T00:00:00+00:00
[2023-11-22T21:09:41.529+0000] {processor.py:179} INFO - Processing /home/airflow/.local/lib/python3.8/site-packages/airflow/example_dags/example_bash_operator.py took 0.121 seconds
[2023-11-22T21:10:12.386+0000] {processor.py:157} INFO - Started process (PID=468) to work on /home/airflow/.local/lib/python3.8/site-packages/airflow/example_dags/example_bash_operator.py
[2023-11-22T21:10:12.387+0000] {processor.py:829} INFO - Processing file /home/airflow/.local/lib/python3.8/site-packages/airflow/example_dags/example_bash_operator.py for tasks to queue
[2023-11-22T21:10:12.388+0000] {logging_mixin.py:154} INFO - [2023-11-22T21:10:12.387+0000] {dagbag.py:536} INFO - Filling up the DagBag from /home/airflow/.local/lib/python3.8/site-packages/airflow/example_dags/example_bash_operator.py
[2023-11-22T21:10:12.398+0000] {processor.py:839} INFO - DAG(s) dict_keys(['example_bash_operator']) retrieved from /home/airflow/.local/lib/python3.8/site-packages/airflow/example_dags/example_bash_operator.py
[2023-11-22T21:10:12.425+0000] {logging_mixin.py:154} INFO - [2023-11-22T21:10:12.424+0000] {dag.py:2941} INFO - Sync 1 DAGs
[2023-11-22T21:10:12.443+0000] {logging_mixin.py:154} INFO - [2023-11-22T21:10:12.443+0000] {dag.py:3722} INFO - Setting next_dagrun for example_bash_operator to 2023-11-21T00:00:00+00:00, run_after=2023-11-22T00:00:00+00:00
[2023-11-22T21:10:12.456+0000] {processor.py:179} INFO - Processing /home/airflow/.local/lib/python3.8/site-packages/airflow/example_dags/example_bash_operator.py took 0.073 seconds
