[2023-11-22T19:30:03.811+0000] {processor.py:157} INFO - Started process (PID=167) to work on /home/airflow/.local/lib/python3.8/site-packages/airflow/example_dags/example_trigger_target_dag.py
[2023-11-22T19:30:03.814+0000] {processor.py:829} INFO - Processing file /home/airflow/.local/lib/python3.8/site-packages/airflow/example_dags/example_trigger_target_dag.py for tasks to queue
[2023-11-22T19:30:03.816+0000] {logging_mixin.py:154} INFO - [2023-11-22T19:30:03.815+0000] {dagbag.py:536} INFO - Filling up the DagBag from /home/airflow/.local/lib/python3.8/site-packages/airflow/example_dags/example_trigger_target_dag.py
[2023-11-22T19:30:03.829+0000] {processor.py:839} INFO - DAG(s) dict_keys(['example_trigger_target_dag']) retrieved from /home/airflow/.local/lib/python3.8/site-packages/airflow/example_dags/example_trigger_target_dag.py
[2023-11-22T19:30:03.872+0000] {logging_mixin.py:154} INFO - [2023-11-22T19:30:03.872+0000] {dag.py:2941} INFO - Sync 1 DAGs
[2023-11-22T19:30:03.890+0000] {logging_mixin.py:154} INFO - [2023-11-22T19:30:03.890+0000] {dag.py:3722} INFO - Setting next_dagrun for example_trigger_target_dag to None, run_after=None
[2023-11-22T19:30:03.911+0000] {processor.py:179} INFO - Processing /home/airflow/.local/lib/python3.8/site-packages/airflow/example_dags/example_trigger_target_dag.py took 0.106 seconds
[2023-11-22T19:30:34.438+0000] {processor.py:157} INFO - Started process (PID=405) to work on /home/airflow/.local/lib/python3.8/site-packages/airflow/example_dags/example_trigger_target_dag.py
[2023-11-22T19:30:34.438+0000] {processor.py:829} INFO - Processing file /home/airflow/.local/lib/python3.8/site-packages/airflow/example_dags/example_trigger_target_dag.py for tasks to queue
[2023-11-22T19:30:34.440+0000] {logging_mixin.py:154} INFO - [2023-11-22T19:30:34.439+0000] {dagbag.py:536} INFO - Filling up the DagBag from /home/airflow/.local/lib/python3.8/site-packages/airflow/example_dags/example_trigger_target_dag.py
[2023-11-22T19:30:34.446+0000] {processor.py:839} INFO - DAG(s) dict_keys(['example_trigger_target_dag']) retrieved from /home/airflow/.local/lib/python3.8/site-packages/airflow/example_dags/example_trigger_target_dag.py
[2023-11-22T19:30:34.467+0000] {logging_mixin.py:154} INFO - [2023-11-22T19:30:34.467+0000] {dag.py:2941} INFO - Sync 1 DAGs
[2023-11-22T19:30:34.476+0000] {logging_mixin.py:154} INFO - [2023-11-22T19:30:34.476+0000] {dag.py:3722} INFO - Setting next_dagrun for example_trigger_target_dag to None, run_after=None
[2023-11-22T19:30:34.490+0000] {processor.py:179} INFO - Processing /home/airflow/.local/lib/python3.8/site-packages/airflow/example_dags/example_trigger_target_dag.py took 0.057 seconds
[2023-11-22T19:31:05.121+0000] {processor.py:157} INFO - Started process (PID=642) to work on /home/airflow/.local/lib/python3.8/site-packages/airflow/example_dags/example_trigger_target_dag.py
[2023-11-22T19:31:05.122+0000] {processor.py:829} INFO - Processing file /home/airflow/.local/lib/python3.8/site-packages/airflow/example_dags/example_trigger_target_dag.py for tasks to queue
[2023-11-22T19:31:05.123+0000] {logging_mixin.py:154} INFO - [2023-11-22T19:31:05.123+0000] {dagbag.py:536} INFO - Filling up the DagBag from /home/airflow/.local/lib/python3.8/site-packages/airflow/example_dags/example_trigger_target_dag.py
[2023-11-22T19:31:05.130+0000] {processor.py:839} INFO - DAG(s) dict_keys(['example_trigger_target_dag']) retrieved from /home/airflow/.local/lib/python3.8/site-packages/airflow/example_dags/example_trigger_target_dag.py
[2023-11-22T19:31:05.154+0000] {logging_mixin.py:154} INFO - [2023-11-22T19:31:05.154+0000] {dag.py:2941} INFO - Sync 1 DAGs
[2023-11-22T19:31:05.165+0000] {logging_mixin.py:154} INFO - [2023-11-22T19:31:05.165+0000] {dag.py:3722} INFO - Setting next_dagrun for example_trigger_target_dag to None, run_after=None
[2023-11-22T19:31:05.179+0000] {processor.py:179} INFO - Processing /home/airflow/.local/lib/python3.8/site-packages/airflow/example_dags/example_trigger_target_dag.py took 0.061 seconds
[2023-11-22T19:31:35.579+0000] {processor.py:157} INFO - Started process (PID=881) to work on /home/airflow/.local/lib/python3.8/site-packages/airflow/example_dags/example_trigger_target_dag.py
[2023-11-22T19:31:35.581+0000] {processor.py:829} INFO - Processing file /home/airflow/.local/lib/python3.8/site-packages/airflow/example_dags/example_trigger_target_dag.py for tasks to queue
[2023-11-22T19:31:35.582+0000] {logging_mixin.py:154} INFO - [2023-11-22T19:31:35.581+0000] {dagbag.py:536} INFO - Filling up the DagBag from /home/airflow/.local/lib/python3.8/site-packages/airflow/example_dags/example_trigger_target_dag.py
[2023-11-22T19:31:35.589+0000] {processor.py:839} INFO - DAG(s) dict_keys(['example_trigger_target_dag']) retrieved from /home/airflow/.local/lib/python3.8/site-packages/airflow/example_dags/example_trigger_target_dag.py
[2023-11-22T19:31:35.610+0000] {logging_mixin.py:154} INFO - [2023-11-22T19:31:35.610+0000] {dag.py:2941} INFO - Sync 1 DAGs
[2023-11-22T19:31:35.621+0000] {logging_mixin.py:154} INFO - [2023-11-22T19:31:35.620+0000] {dag.py:3722} INFO - Setting next_dagrun for example_trigger_target_dag to None, run_after=None
[2023-11-22T19:31:35.634+0000] {processor.py:179} INFO - Processing /home/airflow/.local/lib/python3.8/site-packages/airflow/example_dags/example_trigger_target_dag.py took 0.060 seconds
[2023-11-22T19:32:05.848+0000] {processor.py:157} INFO - Started process (PID=1119) to work on /home/airflow/.local/lib/python3.8/site-packages/airflow/example_dags/example_trigger_target_dag.py
[2023-11-22T19:32:05.849+0000] {processor.py:829} INFO - Processing file /home/airflow/.local/lib/python3.8/site-packages/airflow/example_dags/example_trigger_target_dag.py for tasks to queue
[2023-11-22T19:32:05.850+0000] {logging_mixin.py:154} INFO - [2023-11-22T19:32:05.850+0000] {dagbag.py:536} INFO - Filling up the DagBag from /home/airflow/.local/lib/python3.8/site-packages/airflow/example_dags/example_trigger_target_dag.py
[2023-11-22T19:32:05.857+0000] {processor.py:839} INFO - DAG(s) dict_keys(['example_trigger_target_dag']) retrieved from /home/airflow/.local/lib/python3.8/site-packages/airflow/example_dags/example_trigger_target_dag.py
[2023-11-22T19:32:05.879+0000] {logging_mixin.py:154} INFO - [2023-11-22T19:32:05.879+0000] {dag.py:2941} INFO - Sync 1 DAGs
[2023-11-22T19:32:05.889+0000] {logging_mixin.py:154} INFO - [2023-11-22T19:32:05.889+0000] {dag.py:3722} INFO - Setting next_dagrun for example_trigger_target_dag to None, run_after=None
[2023-11-22T19:32:05.906+0000] {processor.py:179} INFO - Processing /home/airflow/.local/lib/python3.8/site-packages/airflow/example_dags/example_trigger_target_dag.py took 0.063 seconds
[2023-11-22T19:32:36.048+0000] {processor.py:157} INFO - Started process (PID=1357) to work on /home/airflow/.local/lib/python3.8/site-packages/airflow/example_dags/example_trigger_target_dag.py
[2023-11-22T19:32:36.054+0000] {processor.py:829} INFO - Processing file /home/airflow/.local/lib/python3.8/site-packages/airflow/example_dags/example_trigger_target_dag.py for tasks to queue
[2023-11-22T19:32:36.058+0000] {logging_mixin.py:154} INFO - [2023-11-22T19:32:36.056+0000] {dagbag.py:536} INFO - Filling up the DagBag from /home/airflow/.local/lib/python3.8/site-packages/airflow/example_dags/example_trigger_target_dag.py
[2023-11-22T19:32:36.081+0000] {processor.py:839} INFO - DAG(s) dict_keys(['example_trigger_target_dag']) retrieved from /home/airflow/.local/lib/python3.8/site-packages/airflow/example_dags/example_trigger_target_dag.py
[2023-11-22T19:32:36.143+0000] {logging_mixin.py:154} INFO - [2023-11-22T19:32:36.143+0000] {dag.py:2941} INFO - Sync 1 DAGs
[2023-11-22T19:32:36.169+0000] {logging_mixin.py:154} INFO - [2023-11-22T19:32:36.169+0000] {dag.py:3722} INFO - Setting next_dagrun for example_trigger_target_dag to None, run_after=None
[2023-11-22T19:32:36.199+0000] {processor.py:179} INFO - Processing /home/airflow/.local/lib/python3.8/site-packages/airflow/example_dags/example_trigger_target_dag.py took 0.162 seconds
[2023-11-22T19:33:06.664+0000] {processor.py:157} INFO - Started process (PID=1595) to work on /home/airflow/.local/lib/python3.8/site-packages/airflow/example_dags/example_trigger_target_dag.py
[2023-11-22T19:33:06.665+0000] {processor.py:829} INFO - Processing file /home/airflow/.local/lib/python3.8/site-packages/airflow/example_dags/example_trigger_target_dag.py for tasks to queue
[2023-11-22T19:33:06.666+0000] {logging_mixin.py:154} INFO - [2023-11-22T19:33:06.666+0000] {dagbag.py:536} INFO - Filling up the DagBag from /home/airflow/.local/lib/python3.8/site-packages/airflow/example_dags/example_trigger_target_dag.py
[2023-11-22T19:33:06.674+0000] {processor.py:839} INFO - DAG(s) dict_keys(['example_trigger_target_dag']) retrieved from /home/airflow/.local/lib/python3.8/site-packages/airflow/example_dags/example_trigger_target_dag.py
[2023-11-22T19:33:06.694+0000] {logging_mixin.py:154} INFO - [2023-11-22T19:33:06.694+0000] {dag.py:2941} INFO - Sync 1 DAGs
[2023-11-22T19:33:06.706+0000] {logging_mixin.py:154} INFO - [2023-11-22T19:33:06.705+0000] {dag.py:3722} INFO - Setting next_dagrun for example_trigger_target_dag to None, run_after=None
[2023-11-22T19:33:06.719+0000] {processor.py:179} INFO - Processing /home/airflow/.local/lib/python3.8/site-packages/airflow/example_dags/example_trigger_target_dag.py took 0.060 seconds
[2023-11-22T19:33:37.060+0000] {processor.py:157} INFO - Started process (PID=1833) to work on /home/airflow/.local/lib/python3.8/site-packages/airflow/example_dags/example_trigger_target_dag.py
[2023-11-22T19:33:37.062+0000] {processor.py:829} INFO - Processing file /home/airflow/.local/lib/python3.8/site-packages/airflow/example_dags/example_trigger_target_dag.py for tasks to queue
[2023-11-22T19:33:37.063+0000] {logging_mixin.py:154} INFO - [2023-11-22T19:33:37.062+0000] {dagbag.py:536} INFO - Filling up the DagBag from /home/airflow/.local/lib/python3.8/site-packages/airflow/example_dags/example_trigger_target_dag.py
[2023-11-22T19:33:37.070+0000] {processor.py:839} INFO - DAG(s) dict_keys(['example_trigger_target_dag']) retrieved from /home/airflow/.local/lib/python3.8/site-packages/airflow/example_dags/example_trigger_target_dag.py
[2023-11-22T19:33:37.090+0000] {logging_mixin.py:154} INFO - [2023-11-22T19:33:37.090+0000] {dag.py:2941} INFO - Sync 1 DAGs
[2023-11-22T19:33:37.100+0000] {logging_mixin.py:154} INFO - [2023-11-22T19:33:37.100+0000] {dag.py:3722} INFO - Setting next_dagrun for example_trigger_target_dag to None, run_after=None
[2023-11-22T19:33:37.113+0000] {processor.py:179} INFO - Processing /home/airflow/.local/lib/python3.8/site-packages/airflow/example_dags/example_trigger_target_dag.py took 0.058 seconds
[2023-11-22T19:34:07.708+0000] {processor.py:157} INFO - Started process (PID=2071) to work on /home/airflow/.local/lib/python3.8/site-packages/airflow/example_dags/example_trigger_target_dag.py
[2023-11-22T19:34:07.709+0000] {processor.py:829} INFO - Processing file /home/airflow/.local/lib/python3.8/site-packages/airflow/example_dags/example_trigger_target_dag.py for tasks to queue
[2023-11-22T19:34:07.711+0000] {logging_mixin.py:154} INFO - [2023-11-22T19:34:07.710+0000] {dagbag.py:536} INFO - Filling up the DagBag from /home/airflow/.local/lib/python3.8/site-packages/airflow/example_dags/example_trigger_target_dag.py
[2023-11-22T19:34:07.720+0000] {processor.py:839} INFO - DAG(s) dict_keys(['example_trigger_target_dag']) retrieved from /home/airflow/.local/lib/python3.8/site-packages/airflow/example_dags/example_trigger_target_dag.py
[2023-11-22T19:34:07.744+0000] {logging_mixin.py:154} INFO - [2023-11-22T19:34:07.744+0000] {dag.py:2941} INFO - Sync 1 DAGs
[2023-11-22T19:34:07.757+0000] {logging_mixin.py:154} INFO - [2023-11-22T19:34:07.757+0000] {dag.py:3722} INFO - Setting next_dagrun for example_trigger_target_dag to None, run_after=None
[2023-11-22T19:34:07.773+0000] {processor.py:179} INFO - Processing /home/airflow/.local/lib/python3.8/site-packages/airflow/example_dags/example_trigger_target_dag.py took 0.071 seconds
[2023-11-22T19:34:38.308+0000] {processor.py:157} INFO - Started process (PID=2309) to work on /home/airflow/.local/lib/python3.8/site-packages/airflow/example_dags/example_trigger_target_dag.py
[2023-11-22T19:34:38.310+0000] {processor.py:829} INFO - Processing file /home/airflow/.local/lib/python3.8/site-packages/airflow/example_dags/example_trigger_target_dag.py for tasks to queue
[2023-11-22T19:34:38.311+0000] {logging_mixin.py:154} INFO - [2023-11-22T19:34:38.311+0000] {dagbag.py:536} INFO - Filling up the DagBag from /home/airflow/.local/lib/python3.8/site-packages/airflow/example_dags/example_trigger_target_dag.py
[2023-11-22T19:34:38.319+0000] {processor.py:839} INFO - DAG(s) dict_keys(['example_trigger_target_dag']) retrieved from /home/airflow/.local/lib/python3.8/site-packages/airflow/example_dags/example_trigger_target_dag.py
[2023-11-22T19:34:38.343+0000] {logging_mixin.py:154} INFO - [2023-11-22T19:34:38.343+0000] {dag.py:2941} INFO - Sync 1 DAGs
[2023-11-22T19:34:38.356+0000] {logging_mixin.py:154} INFO - [2023-11-22T19:34:38.355+0000] {dag.py:3722} INFO - Setting next_dagrun for example_trigger_target_dag to None, run_after=None
[2023-11-22T19:34:38.370+0000] {processor.py:179} INFO - Processing /home/airflow/.local/lib/python3.8/site-packages/airflow/example_dags/example_trigger_target_dag.py took 0.067 seconds
[2023-11-22T19:35:08.576+0000] {processor.py:157} INFO - Started process (PID=2547) to work on /home/airflow/.local/lib/python3.8/site-packages/airflow/example_dags/example_trigger_target_dag.py
[2023-11-22T19:35:08.577+0000] {processor.py:829} INFO - Processing file /home/airflow/.local/lib/python3.8/site-packages/airflow/example_dags/example_trigger_target_dag.py for tasks to queue
[2023-11-22T19:35:08.578+0000] {logging_mixin.py:154} INFO - [2023-11-22T19:35:08.578+0000] {dagbag.py:536} INFO - Filling up the DagBag from /home/airflow/.local/lib/python3.8/site-packages/airflow/example_dags/example_trigger_target_dag.py
[2023-11-22T19:35:08.586+0000] {processor.py:839} INFO - DAG(s) dict_keys(['example_trigger_target_dag']) retrieved from /home/airflow/.local/lib/python3.8/site-packages/airflow/example_dags/example_trigger_target_dag.py
[2023-11-22T19:35:08.606+0000] {logging_mixin.py:154} INFO - [2023-11-22T19:35:08.606+0000] {dag.py:2941} INFO - Sync 1 DAGs
[2023-11-22T19:35:08.616+0000] {logging_mixin.py:154} INFO - [2023-11-22T19:35:08.616+0000] {dag.py:3722} INFO - Setting next_dagrun for example_trigger_target_dag to None, run_after=None
[2023-11-22T19:35:08.629+0000] {processor.py:179} INFO - Processing /home/airflow/.local/lib/python3.8/site-packages/airflow/example_dags/example_trigger_target_dag.py took 0.059 seconds
[2023-11-22T19:35:39.010+0000] {processor.py:157} INFO - Started process (PID=2785) to work on /home/airflow/.local/lib/python3.8/site-packages/airflow/example_dags/example_trigger_target_dag.py
[2023-11-22T19:35:39.011+0000] {processor.py:829} INFO - Processing file /home/airflow/.local/lib/python3.8/site-packages/airflow/example_dags/example_trigger_target_dag.py for tasks to queue
[2023-11-22T19:35:39.012+0000] {logging_mixin.py:154} INFO - [2023-11-22T19:35:39.012+0000] {dagbag.py:536} INFO - Filling up the DagBag from /home/airflow/.local/lib/python3.8/site-packages/airflow/example_dags/example_trigger_target_dag.py
[2023-11-22T19:35:39.018+0000] {processor.py:839} INFO - DAG(s) dict_keys(['example_trigger_target_dag']) retrieved from /home/airflow/.local/lib/python3.8/site-packages/airflow/example_dags/example_trigger_target_dag.py
[2023-11-22T19:35:39.043+0000] {logging_mixin.py:154} INFO - [2023-11-22T19:35:39.042+0000] {dag.py:2941} INFO - Sync 1 DAGs
[2023-11-22T19:35:39.056+0000] {logging_mixin.py:154} INFO - [2023-11-22T19:35:39.056+0000] {dag.py:3722} INFO - Setting next_dagrun for example_trigger_target_dag to None, run_after=None
[2023-11-22T19:35:39.078+0000] {processor.py:179} INFO - Processing /home/airflow/.local/lib/python3.8/site-packages/airflow/example_dags/example_trigger_target_dag.py took 0.071 seconds
[2023-11-22T19:36:09.518+0000] {processor.py:157} INFO - Started process (PID=3023) to work on /home/airflow/.local/lib/python3.8/site-packages/airflow/example_dags/example_trigger_target_dag.py
[2023-11-22T19:36:09.519+0000] {processor.py:829} INFO - Processing file /home/airflow/.local/lib/python3.8/site-packages/airflow/example_dags/example_trigger_target_dag.py for tasks to queue
[2023-11-22T19:36:09.521+0000] {logging_mixin.py:154} INFO - [2023-11-22T19:36:09.520+0000] {dagbag.py:536} INFO - Filling up the DagBag from /home/airflow/.local/lib/python3.8/site-packages/airflow/example_dags/example_trigger_target_dag.py
[2023-11-22T19:36:09.528+0000] {processor.py:839} INFO - DAG(s) dict_keys(['example_trigger_target_dag']) retrieved from /home/airflow/.local/lib/python3.8/site-packages/airflow/example_dags/example_trigger_target_dag.py
[2023-11-22T19:36:09.552+0000] {logging_mixin.py:154} INFO - [2023-11-22T19:36:09.552+0000] {dag.py:2941} INFO - Sync 1 DAGs
[2023-11-22T19:36:09.564+0000] {logging_mixin.py:154} INFO - [2023-11-22T19:36:09.564+0000] {dag.py:3722} INFO - Setting next_dagrun for example_trigger_target_dag to None, run_after=None
[2023-11-22T19:36:09.579+0000] {processor.py:179} INFO - Processing /home/airflow/.local/lib/python3.8/site-packages/airflow/example_dags/example_trigger_target_dag.py took 0.067 seconds
[2023-11-22T19:36:39.946+0000] {processor.py:157} INFO - Started process (PID=3261) to work on /home/airflow/.local/lib/python3.8/site-packages/airflow/example_dags/example_trigger_target_dag.py
[2023-11-22T19:36:39.948+0000] {processor.py:829} INFO - Processing file /home/airflow/.local/lib/python3.8/site-packages/airflow/example_dags/example_trigger_target_dag.py for tasks to queue
[2023-11-22T19:36:39.949+0000] {logging_mixin.py:154} INFO - [2023-11-22T19:36:39.948+0000] {dagbag.py:536} INFO - Filling up the DagBag from /home/airflow/.local/lib/python3.8/site-packages/airflow/example_dags/example_trigger_target_dag.py
[2023-11-22T19:36:39.958+0000] {processor.py:839} INFO - DAG(s) dict_keys(['example_trigger_target_dag']) retrieved from /home/airflow/.local/lib/python3.8/site-packages/airflow/example_dags/example_trigger_target_dag.py
[2023-11-22T19:36:39.984+0000] {logging_mixin.py:154} INFO - [2023-11-22T19:36:39.983+0000] {dag.py:2941} INFO - Sync 1 DAGs
[2023-11-22T19:36:39.996+0000] {logging_mixin.py:154} INFO - [2023-11-22T19:36:39.996+0000] {dag.py:3722} INFO - Setting next_dagrun for example_trigger_target_dag to None, run_after=None
[2023-11-22T19:36:40.011+0000] {processor.py:179} INFO - Processing /home/airflow/.local/lib/python3.8/site-packages/airflow/example_dags/example_trigger_target_dag.py took 0.071 seconds
[2023-11-22T19:37:10.080+0000] {processor.py:157} INFO - Started process (PID=3499) to work on /home/airflow/.local/lib/python3.8/site-packages/airflow/example_dags/example_trigger_target_dag.py
[2023-11-22T19:37:10.081+0000] {processor.py:829} INFO - Processing file /home/airflow/.local/lib/python3.8/site-packages/airflow/example_dags/example_trigger_target_dag.py for tasks to queue
[2023-11-22T19:37:10.083+0000] {logging_mixin.py:154} INFO - [2023-11-22T19:37:10.082+0000] {dagbag.py:536} INFO - Filling up the DagBag from /home/airflow/.local/lib/python3.8/site-packages/airflow/example_dags/example_trigger_target_dag.py
[2023-11-22T19:37:10.092+0000] {processor.py:839} INFO - DAG(s) dict_keys(['example_trigger_target_dag']) retrieved from /home/airflow/.local/lib/python3.8/site-packages/airflow/example_dags/example_trigger_target_dag.py
[2023-11-22T19:37:10.118+0000] {logging_mixin.py:154} INFO - [2023-11-22T19:37:10.118+0000] {dag.py:2941} INFO - Sync 1 DAGs
[2023-11-22T19:37:10.133+0000] {logging_mixin.py:154} INFO - [2023-11-22T19:37:10.133+0000] {dag.py:3722} INFO - Setting next_dagrun for example_trigger_target_dag to None, run_after=None
[2023-11-22T19:37:10.150+0000] {processor.py:179} INFO - Processing /home/airflow/.local/lib/python3.8/site-packages/airflow/example_dags/example_trigger_target_dag.py took 0.077 seconds
[2023-11-22T19:37:40.352+0000] {processor.py:157} INFO - Started process (PID=3737) to work on /home/airflow/.local/lib/python3.8/site-packages/airflow/example_dags/example_trigger_target_dag.py
[2023-11-22T19:37:40.353+0000] {processor.py:829} INFO - Processing file /home/airflow/.local/lib/python3.8/site-packages/airflow/example_dags/example_trigger_target_dag.py for tasks to queue
[2023-11-22T19:37:40.355+0000] {logging_mixin.py:154} INFO - [2023-11-22T19:37:40.354+0000] {dagbag.py:536} INFO - Filling up the DagBag from /home/airflow/.local/lib/python3.8/site-packages/airflow/example_dags/example_trigger_target_dag.py
[2023-11-22T19:37:40.362+0000] {processor.py:839} INFO - DAG(s) dict_keys(['example_trigger_target_dag']) retrieved from /home/airflow/.local/lib/python3.8/site-packages/airflow/example_dags/example_trigger_target_dag.py
[2023-11-22T19:37:40.384+0000] {logging_mixin.py:154} INFO - [2023-11-22T19:37:40.383+0000] {dag.py:2941} INFO - Sync 1 DAGs
[2023-11-22T19:37:40.393+0000] {logging_mixin.py:154} INFO - [2023-11-22T19:37:40.393+0000] {dag.py:3722} INFO - Setting next_dagrun for example_trigger_target_dag to None, run_after=None
[2023-11-22T19:37:40.406+0000] {processor.py:179} INFO - Processing /home/airflow/.local/lib/python3.8/site-packages/airflow/example_dags/example_trigger_target_dag.py took 0.059 seconds
[2023-11-22T19:38:10.589+0000] {processor.py:157} INFO - Started process (PID=3975) to work on /home/airflow/.local/lib/python3.8/site-packages/airflow/example_dags/example_trigger_target_dag.py
[2023-11-22T19:38:10.590+0000] {processor.py:829} INFO - Processing file /home/airflow/.local/lib/python3.8/site-packages/airflow/example_dags/example_trigger_target_dag.py for tasks to queue
[2023-11-22T19:38:10.591+0000] {logging_mixin.py:154} INFO - [2023-11-22T19:38:10.591+0000] {dagbag.py:536} INFO - Filling up the DagBag from /home/airflow/.local/lib/python3.8/site-packages/airflow/example_dags/example_trigger_target_dag.py
[2023-11-22T19:38:10.599+0000] {processor.py:839} INFO - DAG(s) dict_keys(['example_trigger_target_dag']) retrieved from /home/airflow/.local/lib/python3.8/site-packages/airflow/example_dags/example_trigger_target_dag.py
[2023-11-22T19:38:10.621+0000] {logging_mixin.py:154} INFO - [2023-11-22T19:38:10.621+0000] {dag.py:2941} INFO - Sync 1 DAGs
[2023-11-22T19:38:10.630+0000] {logging_mixin.py:154} INFO - [2023-11-22T19:38:10.630+0000] {dag.py:3722} INFO - Setting next_dagrun for example_trigger_target_dag to None, run_after=None
[2023-11-22T19:38:10.644+0000] {processor.py:179} INFO - Processing /home/airflow/.local/lib/python3.8/site-packages/airflow/example_dags/example_trigger_target_dag.py took 0.061 seconds
[2023-11-22T19:38:41.005+0000] {processor.py:157} INFO - Started process (PID=4212) to work on /home/airflow/.local/lib/python3.8/site-packages/airflow/example_dags/example_trigger_target_dag.py
[2023-11-22T19:38:41.006+0000] {processor.py:829} INFO - Processing file /home/airflow/.local/lib/python3.8/site-packages/airflow/example_dags/example_trigger_target_dag.py for tasks to queue
[2023-11-22T19:38:41.007+0000] {logging_mixin.py:154} INFO - [2023-11-22T19:38:41.007+0000] {dagbag.py:536} INFO - Filling up the DagBag from /home/airflow/.local/lib/python3.8/site-packages/airflow/example_dags/example_trigger_target_dag.py
[2023-11-22T19:38:41.014+0000] {processor.py:839} INFO - DAG(s) dict_keys(['example_trigger_target_dag']) retrieved from /home/airflow/.local/lib/python3.8/site-packages/airflow/example_dags/example_trigger_target_dag.py
[2023-11-22T19:38:41.036+0000] {logging_mixin.py:154} INFO - [2023-11-22T19:38:41.036+0000] {dag.py:2941} INFO - Sync 1 DAGs
[2023-11-22T19:38:41.046+0000] {logging_mixin.py:154} INFO - [2023-11-22T19:38:41.046+0000] {dag.py:3722} INFO - Setting next_dagrun for example_trigger_target_dag to None, run_after=None
[2023-11-22T19:38:41.059+0000] {processor.py:179} INFO - Processing /home/airflow/.local/lib/python3.8/site-packages/airflow/example_dags/example_trigger_target_dag.py took 0.059 seconds
[2023-11-22T19:39:11.651+0000] {processor.py:157} INFO - Started process (PID=4450) to work on /home/airflow/.local/lib/python3.8/site-packages/airflow/example_dags/example_trigger_target_dag.py
[2023-11-22T19:39:11.653+0000] {processor.py:829} INFO - Processing file /home/airflow/.local/lib/python3.8/site-packages/airflow/example_dags/example_trigger_target_dag.py for tasks to queue
[2023-11-22T19:39:11.654+0000] {logging_mixin.py:154} INFO - [2023-11-22T19:39:11.653+0000] {dagbag.py:536} INFO - Filling up the DagBag from /home/airflow/.local/lib/python3.8/site-packages/airflow/example_dags/example_trigger_target_dag.py
[2023-11-22T19:39:11.660+0000] {processor.py:839} INFO - DAG(s) dict_keys(['example_trigger_target_dag']) retrieved from /home/airflow/.local/lib/python3.8/site-packages/airflow/example_dags/example_trigger_target_dag.py
[2023-11-22T19:39:11.680+0000] {logging_mixin.py:154} INFO - [2023-11-22T19:39:11.679+0000] {dag.py:2941} INFO - Sync 1 DAGs
[2023-11-22T19:39:11.689+0000] {logging_mixin.py:154} INFO - [2023-11-22T19:39:11.689+0000] {dag.py:3722} INFO - Setting next_dagrun for example_trigger_target_dag to None, run_after=None
[2023-11-22T19:39:11.702+0000] {processor.py:179} INFO - Processing /home/airflow/.local/lib/python3.8/site-packages/airflow/example_dags/example_trigger_target_dag.py took 0.055 seconds
[2023-11-22T19:39:42.047+0000] {processor.py:157} INFO - Started process (PID=4688) to work on /home/airflow/.local/lib/python3.8/site-packages/airflow/example_dags/example_trigger_target_dag.py
[2023-11-22T19:39:42.048+0000] {processor.py:829} INFO - Processing file /home/airflow/.local/lib/python3.8/site-packages/airflow/example_dags/example_trigger_target_dag.py for tasks to queue
[2023-11-22T19:39:42.049+0000] {logging_mixin.py:154} INFO - [2023-11-22T19:39:42.049+0000] {dagbag.py:536} INFO - Filling up the DagBag from /home/airflow/.local/lib/python3.8/site-packages/airflow/example_dags/example_trigger_target_dag.py
[2023-11-22T19:39:42.056+0000] {processor.py:839} INFO - DAG(s) dict_keys(['example_trigger_target_dag']) retrieved from /home/airflow/.local/lib/python3.8/site-packages/airflow/example_dags/example_trigger_target_dag.py
[2023-11-22T19:39:42.076+0000] {logging_mixin.py:154} INFO - [2023-11-22T19:39:42.076+0000] {dag.py:2941} INFO - Sync 1 DAGs
[2023-11-22T19:39:42.085+0000] {logging_mixin.py:154} INFO - [2023-11-22T19:39:42.085+0000] {dag.py:3722} INFO - Setting next_dagrun for example_trigger_target_dag to None, run_after=None
[2023-11-22T19:39:42.099+0000] {processor.py:179} INFO - Processing /home/airflow/.local/lib/python3.8/site-packages/airflow/example_dags/example_trigger_target_dag.py took 0.056 seconds
[2023-11-22T19:40:12.579+0000] {processor.py:157} INFO - Started process (PID=4926) to work on /home/airflow/.local/lib/python3.8/site-packages/airflow/example_dags/example_trigger_target_dag.py
[2023-11-22T19:40:12.580+0000] {processor.py:829} INFO - Processing file /home/airflow/.local/lib/python3.8/site-packages/airflow/example_dags/example_trigger_target_dag.py for tasks to queue
[2023-11-22T19:40:12.581+0000] {logging_mixin.py:154} INFO - [2023-11-22T19:40:12.581+0000] {dagbag.py:536} INFO - Filling up the DagBag from /home/airflow/.local/lib/python3.8/site-packages/airflow/example_dags/example_trigger_target_dag.py
[2023-11-22T19:40:12.590+0000] {processor.py:839} INFO - DAG(s) dict_keys(['example_trigger_target_dag']) retrieved from /home/airflow/.local/lib/python3.8/site-packages/airflow/example_dags/example_trigger_target_dag.py
[2023-11-22T19:40:12.612+0000] {logging_mixin.py:154} INFO - [2023-11-22T19:40:12.612+0000] {dag.py:2941} INFO - Sync 1 DAGs
[2023-11-22T19:40:12.623+0000] {logging_mixin.py:154} INFO - [2023-11-22T19:40:12.622+0000] {dag.py:3722} INFO - Setting next_dagrun for example_trigger_target_dag to None, run_after=None
[2023-11-22T19:40:12.636+0000] {processor.py:179} INFO - Processing /home/airflow/.local/lib/python3.8/site-packages/airflow/example_dags/example_trigger_target_dag.py took 0.063 seconds
[2023-11-22T19:40:43.043+0000] {processor.py:157} INFO - Started process (PID=5164) to work on /home/airflow/.local/lib/python3.8/site-packages/airflow/example_dags/example_trigger_target_dag.py
[2023-11-22T19:40:43.044+0000] {processor.py:829} INFO - Processing file /home/airflow/.local/lib/python3.8/site-packages/airflow/example_dags/example_trigger_target_dag.py for tasks to queue
[2023-11-22T19:40:43.046+0000] {logging_mixin.py:154} INFO - [2023-11-22T19:40:43.045+0000] {dagbag.py:536} INFO - Filling up the DagBag from /home/airflow/.local/lib/python3.8/site-packages/airflow/example_dags/example_trigger_target_dag.py
[2023-11-22T19:40:43.052+0000] {processor.py:839} INFO - DAG(s) dict_keys(['example_trigger_target_dag']) retrieved from /home/airflow/.local/lib/python3.8/site-packages/airflow/example_dags/example_trigger_target_dag.py
[2023-11-22T19:40:43.072+0000] {logging_mixin.py:154} INFO - [2023-11-22T19:40:43.072+0000] {dag.py:2941} INFO - Sync 1 DAGs
[2023-11-22T19:40:43.082+0000] {logging_mixin.py:154} INFO - [2023-11-22T19:40:43.082+0000] {dag.py:3722} INFO - Setting next_dagrun for example_trigger_target_dag to None, run_after=None
[2023-11-22T19:40:43.095+0000] {processor.py:179} INFO - Processing /home/airflow/.local/lib/python3.8/site-packages/airflow/example_dags/example_trigger_target_dag.py took 0.056 seconds
[2023-11-22T19:41:13.702+0000] {processor.py:157} INFO - Started process (PID=5402) to work on /home/airflow/.local/lib/python3.8/site-packages/airflow/example_dags/example_trigger_target_dag.py
[2023-11-22T19:41:13.703+0000] {processor.py:829} INFO - Processing file /home/airflow/.local/lib/python3.8/site-packages/airflow/example_dags/example_trigger_target_dag.py for tasks to queue
[2023-11-22T19:41:13.704+0000] {logging_mixin.py:154} INFO - [2023-11-22T19:41:13.704+0000] {dagbag.py:536} INFO - Filling up the DagBag from /home/airflow/.local/lib/python3.8/site-packages/airflow/example_dags/example_trigger_target_dag.py
[2023-11-22T19:41:13.712+0000] {processor.py:839} INFO - DAG(s) dict_keys(['example_trigger_target_dag']) retrieved from /home/airflow/.local/lib/python3.8/site-packages/airflow/example_dags/example_trigger_target_dag.py
[2023-11-22T19:41:13.736+0000] {logging_mixin.py:154} INFO - [2023-11-22T19:41:13.736+0000] {dag.py:2941} INFO - Sync 1 DAGs
[2023-11-22T19:41:13.747+0000] {logging_mixin.py:154} INFO - [2023-11-22T19:41:13.747+0000] {dag.py:3722} INFO - Setting next_dagrun for example_trigger_target_dag to None, run_after=None
[2023-11-22T19:41:13.761+0000] {processor.py:179} INFO - Processing /home/airflow/.local/lib/python3.8/site-packages/airflow/example_dags/example_trigger_target_dag.py took 0.064 seconds
[2023-11-22T19:41:44.186+0000] {processor.py:157} INFO - Started process (PID=5640) to work on /home/airflow/.local/lib/python3.8/site-packages/airflow/example_dags/example_trigger_target_dag.py
[2023-11-22T19:41:44.188+0000] {processor.py:829} INFO - Processing file /home/airflow/.local/lib/python3.8/site-packages/airflow/example_dags/example_trigger_target_dag.py for tasks to queue
[2023-11-22T19:41:44.190+0000] {logging_mixin.py:154} INFO - [2023-11-22T19:41:44.189+0000] {dagbag.py:536} INFO - Filling up the DagBag from /home/airflow/.local/lib/python3.8/site-packages/airflow/example_dags/example_trigger_target_dag.py
[2023-11-22T19:41:44.197+0000] {processor.py:839} INFO - DAG(s) dict_keys(['example_trigger_target_dag']) retrieved from /home/airflow/.local/lib/python3.8/site-packages/airflow/example_dags/example_trigger_target_dag.py
[2023-11-22T19:41:44.222+0000] {logging_mixin.py:154} INFO - [2023-11-22T19:41:44.222+0000] {dag.py:2941} INFO - Sync 1 DAGs
[2023-11-22T19:41:44.232+0000] {logging_mixin.py:154} INFO - [2023-11-22T19:41:44.232+0000] {dag.py:3722} INFO - Setting next_dagrun for example_trigger_target_dag to None, run_after=None
[2023-11-22T19:41:44.246+0000] {processor.py:179} INFO - Processing /home/airflow/.local/lib/python3.8/site-packages/airflow/example_dags/example_trigger_target_dag.py took 0.064 seconds
[2023-11-22T19:42:14.635+0000] {processor.py:157} INFO - Started process (PID=5877) to work on /home/airflow/.local/lib/python3.8/site-packages/airflow/example_dags/example_trigger_target_dag.py
[2023-11-22T19:42:14.636+0000] {processor.py:829} INFO - Processing file /home/airflow/.local/lib/python3.8/site-packages/airflow/example_dags/example_trigger_target_dag.py for tasks to queue
[2023-11-22T19:42:14.638+0000] {logging_mixin.py:154} INFO - [2023-11-22T19:42:14.637+0000] {dagbag.py:536} INFO - Filling up the DagBag from /home/airflow/.local/lib/python3.8/site-packages/airflow/example_dags/example_trigger_target_dag.py
[2023-11-22T19:42:14.645+0000] {processor.py:839} INFO - DAG(s) dict_keys(['example_trigger_target_dag']) retrieved from /home/airflow/.local/lib/python3.8/site-packages/airflow/example_dags/example_trigger_target_dag.py
[2023-11-22T19:42:14.666+0000] {logging_mixin.py:154} INFO - [2023-11-22T19:42:14.665+0000] {dag.py:2941} INFO - Sync 1 DAGs
[2023-11-22T19:42:14.675+0000] {logging_mixin.py:154} INFO - [2023-11-22T19:42:14.675+0000] {dag.py:3722} INFO - Setting next_dagrun for example_trigger_target_dag to None, run_after=None
[2023-11-22T19:42:14.688+0000] {processor.py:179} INFO - Processing /home/airflow/.local/lib/python3.8/site-packages/airflow/example_dags/example_trigger_target_dag.py took 0.058 seconds
[2023-11-22T19:42:45.027+0000] {processor.py:157} INFO - Started process (PID=6115) to work on /home/airflow/.local/lib/python3.8/site-packages/airflow/example_dags/example_trigger_target_dag.py
[2023-11-22T19:42:45.028+0000] {processor.py:829} INFO - Processing file /home/airflow/.local/lib/python3.8/site-packages/airflow/example_dags/example_trigger_target_dag.py for tasks to queue
[2023-11-22T19:42:45.029+0000] {logging_mixin.py:154} INFO - [2023-11-22T19:42:45.029+0000] {dagbag.py:536} INFO - Filling up the DagBag from /home/airflow/.local/lib/python3.8/site-packages/airflow/example_dags/example_trigger_target_dag.py
[2023-11-22T19:42:45.036+0000] {processor.py:839} INFO - DAG(s) dict_keys(['example_trigger_target_dag']) retrieved from /home/airflow/.local/lib/python3.8/site-packages/airflow/example_dags/example_trigger_target_dag.py
[2023-11-22T19:42:45.055+0000] {logging_mixin.py:154} INFO - [2023-11-22T19:42:45.055+0000] {dag.py:2941} INFO - Sync 1 DAGs
[2023-11-22T19:42:45.065+0000] {logging_mixin.py:154} INFO - [2023-11-22T19:42:45.065+0000] {dag.py:3722} INFO - Setting next_dagrun for example_trigger_target_dag to None, run_after=None
[2023-11-22T19:42:45.078+0000] {processor.py:179} INFO - Processing /home/airflow/.local/lib/python3.8/site-packages/airflow/example_dags/example_trigger_target_dag.py took 0.055 seconds
[2023-11-22T19:43:15.437+0000] {processor.py:157} INFO - Started process (PID=6353) to work on /home/airflow/.local/lib/python3.8/site-packages/airflow/example_dags/example_trigger_target_dag.py
[2023-11-22T19:43:15.438+0000] {processor.py:829} INFO - Processing file /home/airflow/.local/lib/python3.8/site-packages/airflow/example_dags/example_trigger_target_dag.py for tasks to queue
[2023-11-22T19:43:15.439+0000] {logging_mixin.py:154} INFO - [2023-11-22T19:43:15.438+0000] {dagbag.py:536} INFO - Filling up the DagBag from /home/airflow/.local/lib/python3.8/site-packages/airflow/example_dags/example_trigger_target_dag.py
[2023-11-22T19:43:15.445+0000] {processor.py:839} INFO - DAG(s) dict_keys(['example_trigger_target_dag']) retrieved from /home/airflow/.local/lib/python3.8/site-packages/airflow/example_dags/example_trigger_target_dag.py
[2023-11-22T19:43:15.465+0000] {logging_mixin.py:154} INFO - [2023-11-22T19:43:15.465+0000] {dag.py:2941} INFO - Sync 1 DAGs
[2023-11-22T19:43:15.474+0000] {logging_mixin.py:154} INFO - [2023-11-22T19:43:15.474+0000] {dag.py:3722} INFO - Setting next_dagrun for example_trigger_target_dag to None, run_after=None
[2023-11-22T19:43:15.488+0000] {processor.py:179} INFO - Processing /home/airflow/.local/lib/python3.8/site-packages/airflow/example_dags/example_trigger_target_dag.py took 0.056 seconds
[2023-11-22T19:43:45.897+0000] {processor.py:157} INFO - Started process (PID=6591) to work on /home/airflow/.local/lib/python3.8/site-packages/airflow/example_dags/example_trigger_target_dag.py
[2023-11-22T19:43:45.898+0000] {processor.py:829} INFO - Processing file /home/airflow/.local/lib/python3.8/site-packages/airflow/example_dags/example_trigger_target_dag.py for tasks to queue
[2023-11-22T19:43:45.899+0000] {logging_mixin.py:154} INFO - [2023-11-22T19:43:45.899+0000] {dagbag.py:536} INFO - Filling up the DagBag from /home/airflow/.local/lib/python3.8/site-packages/airflow/example_dags/example_trigger_target_dag.py
[2023-11-22T19:43:45.907+0000] {processor.py:839} INFO - DAG(s) dict_keys(['example_trigger_target_dag']) retrieved from /home/airflow/.local/lib/python3.8/site-packages/airflow/example_dags/example_trigger_target_dag.py
[2023-11-22T19:43:45.929+0000] {logging_mixin.py:154} INFO - [2023-11-22T19:43:45.929+0000] {dag.py:2941} INFO - Sync 1 DAGs
[2023-11-22T19:43:45.939+0000] {logging_mixin.py:154} INFO - [2023-11-22T19:43:45.939+0000] {dag.py:3722} INFO - Setting next_dagrun for example_trigger_target_dag to None, run_after=None
[2023-11-22T19:43:45.953+0000] {processor.py:179} INFO - Processing /home/airflow/.local/lib/python3.8/site-packages/airflow/example_dags/example_trigger_target_dag.py took 0.061 seconds
[2023-11-22T19:44:16.415+0000] {processor.py:157} INFO - Started process (PID=6829) to work on /home/airflow/.local/lib/python3.8/site-packages/airflow/example_dags/example_trigger_target_dag.py
[2023-11-22T19:44:16.416+0000] {processor.py:829} INFO - Processing file /home/airflow/.local/lib/python3.8/site-packages/airflow/example_dags/example_trigger_target_dag.py for tasks to queue
[2023-11-22T19:44:16.417+0000] {logging_mixin.py:154} INFO - [2023-11-22T19:44:16.417+0000] {dagbag.py:536} INFO - Filling up the DagBag from /home/airflow/.local/lib/python3.8/site-packages/airflow/example_dags/example_trigger_target_dag.py
[2023-11-22T19:44:16.424+0000] {processor.py:839} INFO - DAG(s) dict_keys(['example_trigger_target_dag']) retrieved from /home/airflow/.local/lib/python3.8/site-packages/airflow/example_dags/example_trigger_target_dag.py
[2023-11-22T19:44:16.444+0000] {logging_mixin.py:154} INFO - [2023-11-22T19:44:16.444+0000] {dag.py:2941} INFO - Sync 1 DAGs
[2023-11-22T19:44:16.454+0000] {logging_mixin.py:154} INFO - [2023-11-22T19:44:16.454+0000] {dag.py:3722} INFO - Setting next_dagrun for example_trigger_target_dag to None, run_after=None
[2023-11-22T19:44:16.467+0000] {processor.py:179} INFO - Processing /home/airflow/.local/lib/python3.8/site-packages/airflow/example_dags/example_trigger_target_dag.py took 0.057 seconds
[2023-11-22T19:44:46.817+0000] {processor.py:157} INFO - Started process (PID=7067) to work on /home/airflow/.local/lib/python3.8/site-packages/airflow/example_dags/example_trigger_target_dag.py
[2023-11-22T19:44:46.818+0000] {processor.py:829} INFO - Processing file /home/airflow/.local/lib/python3.8/site-packages/airflow/example_dags/example_trigger_target_dag.py for tasks to queue
[2023-11-22T19:44:46.819+0000] {logging_mixin.py:154} INFO - [2023-11-22T19:44:46.819+0000] {dagbag.py:536} INFO - Filling up the DagBag from /home/airflow/.local/lib/python3.8/site-packages/airflow/example_dags/example_trigger_target_dag.py
[2023-11-22T19:44:46.825+0000] {processor.py:839} INFO - DAG(s) dict_keys(['example_trigger_target_dag']) retrieved from /home/airflow/.local/lib/python3.8/site-packages/airflow/example_dags/example_trigger_target_dag.py
[2023-11-22T19:44:46.845+0000] {logging_mixin.py:154} INFO - [2023-11-22T19:44:46.845+0000] {dag.py:2941} INFO - Sync 1 DAGs
[2023-11-22T19:44:46.855+0000] {logging_mixin.py:154} INFO - [2023-11-22T19:44:46.855+0000] {dag.py:3722} INFO - Setting next_dagrun for example_trigger_target_dag to None, run_after=None
[2023-11-22T19:44:46.868+0000] {processor.py:179} INFO - Processing /home/airflow/.local/lib/python3.8/site-packages/airflow/example_dags/example_trigger_target_dag.py took 0.056 seconds
[2023-11-22T19:45:17.291+0000] {processor.py:157} INFO - Started process (PID=7305) to work on /home/airflow/.local/lib/python3.8/site-packages/airflow/example_dags/example_trigger_target_dag.py
[2023-11-22T19:45:17.292+0000] {processor.py:829} INFO - Processing file /home/airflow/.local/lib/python3.8/site-packages/airflow/example_dags/example_trigger_target_dag.py for tasks to queue
[2023-11-22T19:45:17.293+0000] {logging_mixin.py:154} INFO - [2023-11-22T19:45:17.293+0000] {dagbag.py:536} INFO - Filling up the DagBag from /home/airflow/.local/lib/python3.8/site-packages/airflow/example_dags/example_trigger_target_dag.py
[2023-11-22T19:45:17.298+0000] {processor.py:839} INFO - DAG(s) dict_keys(['example_trigger_target_dag']) retrieved from /home/airflow/.local/lib/python3.8/site-packages/airflow/example_dags/example_trigger_target_dag.py
[2023-11-22T19:45:17.318+0000] {logging_mixin.py:154} INFO - [2023-11-22T19:45:17.317+0000] {dag.py:2941} INFO - Sync 1 DAGs
[2023-11-22T19:45:17.327+0000] {logging_mixin.py:154} INFO - [2023-11-22T19:45:17.327+0000] {dag.py:3722} INFO - Setting next_dagrun for example_trigger_target_dag to None, run_after=None
[2023-11-22T19:45:17.341+0000] {processor.py:179} INFO - Processing /home/airflow/.local/lib/python3.8/site-packages/airflow/example_dags/example_trigger_target_dag.py took 0.053 seconds
[2023-11-22T19:45:47.714+0000] {processor.py:157} INFO - Started process (PID=7543) to work on /home/airflow/.local/lib/python3.8/site-packages/airflow/example_dags/example_trigger_target_dag.py
[2023-11-22T19:45:47.715+0000] {processor.py:829} INFO - Processing file /home/airflow/.local/lib/python3.8/site-packages/airflow/example_dags/example_trigger_target_dag.py for tasks to queue
[2023-11-22T19:45:47.716+0000] {logging_mixin.py:154} INFO - [2023-11-22T19:45:47.716+0000] {dagbag.py:536} INFO - Filling up the DagBag from /home/airflow/.local/lib/python3.8/site-packages/airflow/example_dags/example_trigger_target_dag.py
[2023-11-22T19:45:47.723+0000] {processor.py:839} INFO - DAG(s) dict_keys(['example_trigger_target_dag']) retrieved from /home/airflow/.local/lib/python3.8/site-packages/airflow/example_dags/example_trigger_target_dag.py
[2023-11-22T19:45:47.743+0000] {logging_mixin.py:154} INFO - [2023-11-22T19:45:47.743+0000] {dag.py:2941} INFO - Sync 1 DAGs
[2023-11-22T19:45:47.752+0000] {logging_mixin.py:154} INFO - [2023-11-22T19:45:47.752+0000] {dag.py:3722} INFO - Setting next_dagrun for example_trigger_target_dag to None, run_after=None
[2023-11-22T19:45:47.766+0000] {processor.py:179} INFO - Processing /home/airflow/.local/lib/python3.8/site-packages/airflow/example_dags/example_trigger_target_dag.py took 0.056 seconds
[2023-11-22T19:46:18.202+0000] {processor.py:157} INFO - Started process (PID=7781) to work on /home/airflow/.local/lib/python3.8/site-packages/airflow/example_dags/example_trigger_target_dag.py
[2023-11-22T19:46:18.203+0000] {processor.py:829} INFO - Processing file /home/airflow/.local/lib/python3.8/site-packages/airflow/example_dags/example_trigger_target_dag.py for tasks to queue
[2023-11-22T19:46:18.204+0000] {logging_mixin.py:154} INFO - [2023-11-22T19:46:18.203+0000] {dagbag.py:536} INFO - Filling up the DagBag from /home/airflow/.local/lib/python3.8/site-packages/airflow/example_dags/example_trigger_target_dag.py
[2023-11-22T19:46:18.209+0000] {processor.py:839} INFO - DAG(s) dict_keys(['example_trigger_target_dag']) retrieved from /home/airflow/.local/lib/python3.8/site-packages/airflow/example_dags/example_trigger_target_dag.py
[2023-11-22T19:46:18.229+0000] {logging_mixin.py:154} INFO - [2023-11-22T19:46:18.229+0000] {dag.py:2941} INFO - Sync 1 DAGs
[2023-11-22T19:46:18.238+0000] {logging_mixin.py:154} INFO - [2023-11-22T19:46:18.238+0000] {dag.py:3722} INFO - Setting next_dagrun for example_trigger_target_dag to None, run_after=None
[2023-11-22T19:46:18.260+0000] {processor.py:179} INFO - Processing /home/airflow/.local/lib/python3.8/site-packages/airflow/example_dags/example_trigger_target_dag.py took 0.061 seconds
[2023-11-22T19:46:48.626+0000] {processor.py:157} INFO - Started process (PID=8019) to work on /home/airflow/.local/lib/python3.8/site-packages/airflow/example_dags/example_trigger_target_dag.py
[2023-11-22T19:46:48.627+0000] {processor.py:829} INFO - Processing file /home/airflow/.local/lib/python3.8/site-packages/airflow/example_dags/example_trigger_target_dag.py for tasks to queue
[2023-11-22T19:46:48.628+0000] {logging_mixin.py:154} INFO - [2023-11-22T19:46:48.627+0000] {dagbag.py:536} INFO - Filling up the DagBag from /home/airflow/.local/lib/python3.8/site-packages/airflow/example_dags/example_trigger_target_dag.py
[2023-11-22T19:46:48.636+0000] {processor.py:839} INFO - DAG(s) dict_keys(['example_trigger_target_dag']) retrieved from /home/airflow/.local/lib/python3.8/site-packages/airflow/example_dags/example_trigger_target_dag.py
[2023-11-22T19:46:48.667+0000] {logging_mixin.py:154} INFO - [2023-11-22T19:46:48.667+0000] {dag.py:2941} INFO - Sync 1 DAGs
[2023-11-22T19:46:48.681+0000] {logging_mixin.py:154} INFO - [2023-11-22T19:46:48.681+0000] {dag.py:3722} INFO - Setting next_dagrun for example_trigger_target_dag to None, run_after=None
[2023-11-22T19:46:48.698+0000] {processor.py:179} INFO - Processing /home/airflow/.local/lib/python3.8/site-packages/airflow/example_dags/example_trigger_target_dag.py took 0.075 seconds
[2023-11-22T19:47:19.070+0000] {processor.py:157} INFO - Started process (PID=8257) to work on /home/airflow/.local/lib/python3.8/site-packages/airflow/example_dags/example_trigger_target_dag.py
[2023-11-22T19:47:19.071+0000] {processor.py:829} INFO - Processing file /home/airflow/.local/lib/python3.8/site-packages/airflow/example_dags/example_trigger_target_dag.py for tasks to queue
[2023-11-22T19:47:19.072+0000] {logging_mixin.py:154} INFO - [2023-11-22T19:47:19.071+0000] {dagbag.py:536} INFO - Filling up the DagBag from /home/airflow/.local/lib/python3.8/site-packages/airflow/example_dags/example_trigger_target_dag.py
[2023-11-22T19:47:19.077+0000] {processor.py:839} INFO - DAG(s) dict_keys(['example_trigger_target_dag']) retrieved from /home/airflow/.local/lib/python3.8/site-packages/airflow/example_dags/example_trigger_target_dag.py
[2023-11-22T19:47:19.097+0000] {logging_mixin.py:154} INFO - [2023-11-22T19:47:19.097+0000] {dag.py:2941} INFO - Sync 1 DAGs
[2023-11-22T19:47:19.106+0000] {logging_mixin.py:154} INFO - [2023-11-22T19:47:19.106+0000] {dag.py:3722} INFO - Setting next_dagrun for example_trigger_target_dag to None, run_after=None
[2023-11-22T19:47:19.122+0000] {processor.py:179} INFO - Processing /home/airflow/.local/lib/python3.8/site-packages/airflow/example_dags/example_trigger_target_dag.py took 0.055 seconds
[2023-11-22T19:47:49.560+0000] {processor.py:157} INFO - Started process (PID=8494) to work on /home/airflow/.local/lib/python3.8/site-packages/airflow/example_dags/example_trigger_target_dag.py
[2023-11-22T19:47:49.561+0000] {processor.py:829} INFO - Processing file /home/airflow/.local/lib/python3.8/site-packages/airflow/example_dags/example_trigger_target_dag.py for tasks to queue
[2023-11-22T19:47:49.562+0000] {logging_mixin.py:154} INFO - [2023-11-22T19:47:49.562+0000] {dagbag.py:536} INFO - Filling up the DagBag from /home/airflow/.local/lib/python3.8/site-packages/airflow/example_dags/example_trigger_target_dag.py
[2023-11-22T19:47:49.572+0000] {processor.py:839} INFO - DAG(s) dict_keys(['example_trigger_target_dag']) retrieved from /home/airflow/.local/lib/python3.8/site-packages/airflow/example_dags/example_trigger_target_dag.py
[2023-11-22T19:47:49.599+0000] {logging_mixin.py:154} INFO - [2023-11-22T19:47:49.599+0000] {dag.py:2941} INFO - Sync 1 DAGs
[2023-11-22T19:47:49.611+0000] {logging_mixin.py:154} INFO - [2023-11-22T19:47:49.611+0000] {dag.py:3722} INFO - Setting next_dagrun for example_trigger_target_dag to None, run_after=None
[2023-11-22T19:47:49.626+0000] {processor.py:179} INFO - Processing /home/airflow/.local/lib/python3.8/site-packages/airflow/example_dags/example_trigger_target_dag.py took 0.072 seconds
[2023-11-22T19:48:19.683+0000] {processor.py:157} INFO - Started process (PID=8732) to work on /home/airflow/.local/lib/python3.8/site-packages/airflow/example_dags/example_trigger_target_dag.py
[2023-11-22T19:48:19.684+0000] {processor.py:829} INFO - Processing file /home/airflow/.local/lib/python3.8/site-packages/airflow/example_dags/example_trigger_target_dag.py for tasks to queue
[2023-11-22T19:48:19.685+0000] {logging_mixin.py:154} INFO - [2023-11-22T19:48:19.685+0000] {dagbag.py:536} INFO - Filling up the DagBag from /home/airflow/.local/lib/python3.8/site-packages/airflow/example_dags/example_trigger_target_dag.py
[2023-11-22T19:48:19.691+0000] {processor.py:839} INFO - DAG(s) dict_keys(['example_trigger_target_dag']) retrieved from /home/airflow/.local/lib/python3.8/site-packages/airflow/example_dags/example_trigger_target_dag.py
[2023-11-22T19:48:19.711+0000] {logging_mixin.py:154} INFO - [2023-11-22T19:48:19.710+0000] {dag.py:2941} INFO - Sync 1 DAGs
[2023-11-22T19:48:19.720+0000] {logging_mixin.py:154} INFO - [2023-11-22T19:48:19.720+0000] {dag.py:3722} INFO - Setting next_dagrun for example_trigger_target_dag to None, run_after=None
[2023-11-22T19:48:19.733+0000] {processor.py:179} INFO - Processing /home/airflow/.local/lib/python3.8/site-packages/airflow/example_dags/example_trigger_target_dag.py took 0.054 seconds
[2023-11-22T19:48:50.011+0000] {processor.py:157} INFO - Started process (PID=8970) to work on /home/airflow/.local/lib/python3.8/site-packages/airflow/example_dags/example_trigger_target_dag.py
[2023-11-22T19:48:50.012+0000] {processor.py:829} INFO - Processing file /home/airflow/.local/lib/python3.8/site-packages/airflow/example_dags/example_trigger_target_dag.py for tasks to queue
[2023-11-22T19:48:50.013+0000] {logging_mixin.py:154} INFO - [2023-11-22T19:48:50.013+0000] {dagbag.py:536} INFO - Filling up the DagBag from /home/airflow/.local/lib/python3.8/site-packages/airflow/example_dags/example_trigger_target_dag.py
[2023-11-22T19:48:50.019+0000] {processor.py:839} INFO - DAG(s) dict_keys(['example_trigger_target_dag']) retrieved from /home/airflow/.local/lib/python3.8/site-packages/airflow/example_dags/example_trigger_target_dag.py
[2023-11-22T19:48:50.041+0000] {logging_mixin.py:154} INFO - [2023-11-22T19:48:50.040+0000] {dag.py:2941} INFO - Sync 1 DAGs
[2023-11-22T19:48:50.051+0000] {logging_mixin.py:154} INFO - [2023-11-22T19:48:50.051+0000] {dag.py:3722} INFO - Setting next_dagrun for example_trigger_target_dag to None, run_after=None
[2023-11-22T19:48:50.066+0000] {processor.py:179} INFO - Processing /home/airflow/.local/lib/python3.8/site-packages/airflow/example_dags/example_trigger_target_dag.py took 0.059 seconds
[2023-11-22T19:49:21.005+0000] {processor.py:157} INFO - Started process (PID=9208) to work on /home/airflow/.local/lib/python3.8/site-packages/airflow/example_dags/example_trigger_target_dag.py
[2023-11-22T19:49:21.006+0000] {processor.py:829} INFO - Processing file /home/airflow/.local/lib/python3.8/site-packages/airflow/example_dags/example_trigger_target_dag.py for tasks to queue
[2023-11-22T19:49:21.007+0000] {logging_mixin.py:154} INFO - [2023-11-22T19:49:21.007+0000] {dagbag.py:536} INFO - Filling up the DagBag from /home/airflow/.local/lib/python3.8/site-packages/airflow/example_dags/example_trigger_target_dag.py
[2023-11-22T19:49:21.014+0000] {processor.py:839} INFO - DAG(s) dict_keys(['example_trigger_target_dag']) retrieved from /home/airflow/.local/lib/python3.8/site-packages/airflow/example_dags/example_trigger_target_dag.py
[2023-11-22T19:49:21.037+0000] {logging_mixin.py:154} INFO - [2023-11-22T19:49:21.037+0000] {dag.py:2941} INFO - Sync 1 DAGs
[2023-11-22T19:49:21.047+0000] {logging_mixin.py:154} INFO - [2023-11-22T19:49:21.047+0000] {dag.py:3722} INFO - Setting next_dagrun for example_trigger_target_dag to None, run_after=None
[2023-11-22T19:49:21.196+0000] {processor.py:179} INFO - Processing /home/airflow/.local/lib/python3.8/site-packages/airflow/example_dags/example_trigger_target_dag.py took 0.196 seconds
[2023-11-22T19:49:51.849+0000] {processor.py:157} INFO - Started process (PID=9453) to work on /home/airflow/.local/lib/python3.8/site-packages/airflow/example_dags/example_trigger_target_dag.py
[2023-11-22T19:49:51.851+0000] {processor.py:829} INFO - Processing file /home/airflow/.local/lib/python3.8/site-packages/airflow/example_dags/example_trigger_target_dag.py for tasks to queue
[2023-11-22T19:49:51.852+0000] {logging_mixin.py:154} INFO - [2023-11-22T19:49:51.851+0000] {dagbag.py:536} INFO - Filling up the DagBag from /home/airflow/.local/lib/python3.8/site-packages/airflow/example_dags/example_trigger_target_dag.py
[2023-11-22T19:49:51.858+0000] {processor.py:839} INFO - DAG(s) dict_keys(['example_trigger_target_dag']) retrieved from /home/airflow/.local/lib/python3.8/site-packages/airflow/example_dags/example_trigger_target_dag.py
[2023-11-22T19:49:51.879+0000] {logging_mixin.py:154} INFO - [2023-11-22T19:49:51.879+0000] {dag.py:2941} INFO - Sync 1 DAGs
[2023-11-22T19:49:51.888+0000] {logging_mixin.py:154} INFO - [2023-11-22T19:49:51.888+0000] {dag.py:3722} INFO - Setting next_dagrun for example_trigger_target_dag to None, run_after=None
[2023-11-22T19:49:51.901+0000] {processor.py:179} INFO - Processing /home/airflow/.local/lib/python3.8/site-packages/airflow/example_dags/example_trigger_target_dag.py took 0.056 seconds
[2023-11-22T19:50:22.193+0000] {processor.py:157} INFO - Started process (PID=9691) to work on /home/airflow/.local/lib/python3.8/site-packages/airflow/example_dags/example_trigger_target_dag.py
[2023-11-22T19:50:22.194+0000] {processor.py:829} INFO - Processing file /home/airflow/.local/lib/python3.8/site-packages/airflow/example_dags/example_trigger_target_dag.py for tasks to queue
[2023-11-22T19:50:22.195+0000] {logging_mixin.py:154} INFO - [2023-11-22T19:50:22.195+0000] {dagbag.py:536} INFO - Filling up the DagBag from /home/airflow/.local/lib/python3.8/site-packages/airflow/example_dags/example_trigger_target_dag.py
[2023-11-22T19:50:22.201+0000] {processor.py:839} INFO - DAG(s) dict_keys(['example_trigger_target_dag']) retrieved from /home/airflow/.local/lib/python3.8/site-packages/airflow/example_dags/example_trigger_target_dag.py
[2023-11-22T19:50:22.221+0000] {logging_mixin.py:154} INFO - [2023-11-22T19:50:22.221+0000] {dag.py:2941} INFO - Sync 1 DAGs
[2023-11-22T19:50:22.230+0000] {logging_mixin.py:154} INFO - [2023-11-22T19:50:22.230+0000] {dag.py:3722} INFO - Setting next_dagrun for example_trigger_target_dag to None, run_after=None
[2023-11-22T19:50:22.243+0000] {processor.py:179} INFO - Processing /home/airflow/.local/lib/python3.8/site-packages/airflow/example_dags/example_trigger_target_dag.py took 0.054 seconds
[2023-11-22T19:50:52.559+0000] {processor.py:157} INFO - Started process (PID=9929) to work on /home/airflow/.local/lib/python3.8/site-packages/airflow/example_dags/example_trigger_target_dag.py
[2023-11-22T19:50:52.560+0000] {processor.py:829} INFO - Processing file /home/airflow/.local/lib/python3.8/site-packages/airflow/example_dags/example_trigger_target_dag.py for tasks to queue
[2023-11-22T19:50:52.561+0000] {logging_mixin.py:154} INFO - [2023-11-22T19:50:52.561+0000] {dagbag.py:536} INFO - Filling up the DagBag from /home/airflow/.local/lib/python3.8/site-packages/airflow/example_dags/example_trigger_target_dag.py
[2023-11-22T19:50:52.567+0000] {processor.py:839} INFO - DAG(s) dict_keys(['example_trigger_target_dag']) retrieved from /home/airflow/.local/lib/python3.8/site-packages/airflow/example_dags/example_trigger_target_dag.py
[2023-11-22T19:50:52.587+0000] {logging_mixin.py:154} INFO - [2023-11-22T19:50:52.587+0000] {dag.py:2941} INFO - Sync 1 DAGs
[2023-11-22T19:50:52.597+0000] {logging_mixin.py:154} INFO - [2023-11-22T19:50:52.596+0000] {dag.py:3722} INFO - Setting next_dagrun for example_trigger_target_dag to None, run_after=None
[2023-11-22T19:50:52.610+0000] {processor.py:179} INFO - Processing /home/airflow/.local/lib/python3.8/site-packages/airflow/example_dags/example_trigger_target_dag.py took 0.055 seconds
[2023-11-22T19:51:23.032+0000] {processor.py:157} INFO - Started process (PID=10167) to work on /home/airflow/.local/lib/python3.8/site-packages/airflow/example_dags/example_trigger_target_dag.py
[2023-11-22T19:51:23.033+0000] {processor.py:829} INFO - Processing file /home/airflow/.local/lib/python3.8/site-packages/airflow/example_dags/example_trigger_target_dag.py for tasks to queue
[2023-11-22T19:51:23.034+0000] {logging_mixin.py:154} INFO - [2023-11-22T19:51:23.034+0000] {dagbag.py:536} INFO - Filling up the DagBag from /home/airflow/.local/lib/python3.8/site-packages/airflow/example_dags/example_trigger_target_dag.py
[2023-11-22T19:51:23.040+0000] {processor.py:839} INFO - DAG(s) dict_keys(['example_trigger_target_dag']) retrieved from /home/airflow/.local/lib/python3.8/site-packages/airflow/example_dags/example_trigger_target_dag.py
[2023-11-22T19:51:23.061+0000] {logging_mixin.py:154} INFO - [2023-11-22T19:51:23.061+0000] {dag.py:2941} INFO - Sync 1 DAGs
[2023-11-22T19:51:23.070+0000] {logging_mixin.py:154} INFO - [2023-11-22T19:51:23.070+0000] {dag.py:3722} INFO - Setting next_dagrun for example_trigger_target_dag to None, run_after=None
[2023-11-22T19:51:23.083+0000] {processor.py:179} INFO - Processing /home/airflow/.local/lib/python3.8/site-packages/airflow/example_dags/example_trigger_target_dag.py took 0.056 seconds
[2023-11-22T19:51:53.140+0000] {processor.py:157} INFO - Started process (PID=10405) to work on /home/airflow/.local/lib/python3.8/site-packages/airflow/example_dags/example_trigger_target_dag.py
[2023-11-22T19:51:53.141+0000] {processor.py:829} INFO - Processing file /home/airflow/.local/lib/python3.8/site-packages/airflow/example_dags/example_trigger_target_dag.py for tasks to queue
[2023-11-22T19:51:53.142+0000] {logging_mixin.py:154} INFO - [2023-11-22T19:51:53.142+0000] {dagbag.py:536} INFO - Filling up the DagBag from /home/airflow/.local/lib/python3.8/site-packages/airflow/example_dags/example_trigger_target_dag.py
[2023-11-22T19:51:53.148+0000] {processor.py:839} INFO - DAG(s) dict_keys(['example_trigger_target_dag']) retrieved from /home/airflow/.local/lib/python3.8/site-packages/airflow/example_dags/example_trigger_target_dag.py
[2023-11-22T19:51:53.168+0000] {logging_mixin.py:154} INFO - [2023-11-22T19:51:53.168+0000] {dag.py:2941} INFO - Sync 1 DAGs
[2023-11-22T19:51:53.285+0000] {logging_mixin.py:154} INFO - [2023-11-22T19:51:53.285+0000] {dag.py:3722} INFO - Setting next_dagrun for example_trigger_target_dag to None, run_after=None
[2023-11-22T19:51:53.297+0000] {processor.py:179} INFO - Processing /home/airflow/.local/lib/python3.8/site-packages/airflow/example_dags/example_trigger_target_dag.py took 0.161 seconds
[2023-11-22T19:52:23.928+0000] {processor.py:157} INFO - Started process (PID=10644) to work on /home/airflow/.local/lib/python3.8/site-packages/airflow/example_dags/example_trigger_target_dag.py
[2023-11-22T19:52:23.929+0000] {processor.py:829} INFO - Processing file /home/airflow/.local/lib/python3.8/site-packages/airflow/example_dags/example_trigger_target_dag.py for tasks to queue
[2023-11-22T19:52:23.930+0000] {logging_mixin.py:154} INFO - [2023-11-22T19:52:23.930+0000] {dagbag.py:536} INFO - Filling up the DagBag from /home/airflow/.local/lib/python3.8/site-packages/airflow/example_dags/example_trigger_target_dag.py
[2023-11-22T19:52:23.937+0000] {processor.py:839} INFO - DAG(s) dict_keys(['example_trigger_target_dag']) retrieved from /home/airflow/.local/lib/python3.8/site-packages/airflow/example_dags/example_trigger_target_dag.py
[2023-11-22T19:52:23.957+0000] {logging_mixin.py:154} INFO - [2023-11-22T19:52:23.957+0000] {dag.py:2941} INFO - Sync 1 DAGs
[2023-11-22T19:52:23.967+0000] {logging_mixin.py:154} INFO - [2023-11-22T19:52:23.966+0000] {dag.py:3722} INFO - Setting next_dagrun for example_trigger_target_dag to None, run_after=None
[2023-11-22T19:52:23.981+0000] {processor.py:179} INFO - Processing /home/airflow/.local/lib/python3.8/site-packages/airflow/example_dags/example_trigger_target_dag.py took 0.057 seconds
[2023-11-22T19:52:54.418+0000] {processor.py:157} INFO - Started process (PID=10882) to work on /home/airflow/.local/lib/python3.8/site-packages/airflow/example_dags/example_trigger_target_dag.py
[2023-11-22T19:52:54.419+0000] {processor.py:829} INFO - Processing file /home/airflow/.local/lib/python3.8/site-packages/airflow/example_dags/example_trigger_target_dag.py for tasks to queue
[2023-11-22T19:52:54.420+0000] {logging_mixin.py:154} INFO - [2023-11-22T19:52:54.420+0000] {dagbag.py:536} INFO - Filling up the DagBag from /home/airflow/.local/lib/python3.8/site-packages/airflow/example_dags/example_trigger_target_dag.py
[2023-11-22T19:52:54.425+0000] {processor.py:839} INFO - DAG(s) dict_keys(['example_trigger_target_dag']) retrieved from /home/airflow/.local/lib/python3.8/site-packages/airflow/example_dags/example_trigger_target_dag.py
[2023-11-22T19:52:54.445+0000] {logging_mixin.py:154} INFO - [2023-11-22T19:52:54.445+0000] {dag.py:2941} INFO - Sync 1 DAGs
[2023-11-22T19:52:54.454+0000] {logging_mixin.py:154} INFO - [2023-11-22T19:52:54.454+0000] {dag.py:3722} INFO - Setting next_dagrun for example_trigger_target_dag to None, run_after=None
[2023-11-22T19:52:54.468+0000] {processor.py:179} INFO - Processing /home/airflow/.local/lib/python3.8/site-packages/airflow/example_dags/example_trigger_target_dag.py took 0.054 seconds
[2023-11-22T19:53:24.918+0000] {processor.py:157} INFO - Started process (PID=11120) to work on /home/airflow/.local/lib/python3.8/site-packages/airflow/example_dags/example_trigger_target_dag.py
[2023-11-22T19:53:24.919+0000] {processor.py:829} INFO - Processing file /home/airflow/.local/lib/python3.8/site-packages/airflow/example_dags/example_trigger_target_dag.py for tasks to queue
[2023-11-22T19:53:24.921+0000] {logging_mixin.py:154} INFO - [2023-11-22T19:53:24.920+0000] {dagbag.py:536} INFO - Filling up the DagBag from /home/airflow/.local/lib/python3.8/site-packages/airflow/example_dags/example_trigger_target_dag.py
[2023-11-22T19:53:24.927+0000] {processor.py:839} INFO - DAG(s) dict_keys(['example_trigger_target_dag']) retrieved from /home/airflow/.local/lib/python3.8/site-packages/airflow/example_dags/example_trigger_target_dag.py
[2023-11-22T19:53:24.947+0000] {logging_mixin.py:154} INFO - [2023-11-22T19:53:24.947+0000] {dag.py:2941} INFO - Sync 1 DAGs
[2023-11-22T19:53:24.956+0000] {logging_mixin.py:154} INFO - [2023-11-22T19:53:24.956+0000] {dag.py:3722} INFO - Setting next_dagrun for example_trigger_target_dag to None, run_after=None
[2023-11-22T19:53:24.969+0000] {processor.py:179} INFO - Processing /home/airflow/.local/lib/python3.8/site-packages/airflow/example_dags/example_trigger_target_dag.py took 0.055 seconds
[2023-11-22T19:53:55.265+0000] {processor.py:157} INFO - Started process (PID=11358) to work on /home/airflow/.local/lib/python3.8/site-packages/airflow/example_dags/example_trigger_target_dag.py
[2023-11-22T19:53:55.266+0000] {processor.py:829} INFO - Processing file /home/airflow/.local/lib/python3.8/site-packages/airflow/example_dags/example_trigger_target_dag.py for tasks to queue
[2023-11-22T19:53:55.271+0000] {logging_mixin.py:154} INFO - [2023-11-22T19:53:55.269+0000] {dagbag.py:536} INFO - Filling up the DagBag from /home/airflow/.local/lib/python3.8/site-packages/airflow/example_dags/example_trigger_target_dag.py
[2023-11-22T19:53:55.284+0000] {processor.py:839} INFO - DAG(s) dict_keys(['example_trigger_target_dag']) retrieved from /home/airflow/.local/lib/python3.8/site-packages/airflow/example_dags/example_trigger_target_dag.py
[2023-11-22T19:53:55.315+0000] {logging_mixin.py:154} INFO - [2023-11-22T19:53:55.315+0000] {dag.py:2941} INFO - Sync 1 DAGs
[2023-11-22T19:53:55.328+0000] {logging_mixin.py:154} INFO - [2023-11-22T19:53:55.328+0000] {dag.py:3722} INFO - Setting next_dagrun for example_trigger_target_dag to None, run_after=None
[2023-11-22T19:53:55.356+0000] {processor.py:179} INFO - Processing /home/airflow/.local/lib/python3.8/site-packages/airflow/example_dags/example_trigger_target_dag.py took 0.097 seconds
[2023-11-22T20:36:13.238+0000] {processor.py:157} INFO - Started process (PID=11596) to work on /home/airflow/.local/lib/python3.8/site-packages/airflow/example_dags/example_trigger_target_dag.py
[2023-11-22T20:36:13.240+0000] {processor.py:829} INFO - Processing file /home/airflow/.local/lib/python3.8/site-packages/airflow/example_dags/example_trigger_target_dag.py for tasks to queue
[2023-11-22T20:36:13.241+0000] {logging_mixin.py:154} INFO - [2023-11-22T20:36:13.241+0000] {dagbag.py:536} INFO - Filling up the DagBag from /home/airflow/.local/lib/python3.8/site-packages/airflow/example_dags/example_trigger_target_dag.py
[2023-11-22T20:36:13.250+0000] {processor.py:839} INFO - DAG(s) dict_keys(['example_trigger_target_dag']) retrieved from /home/airflow/.local/lib/python3.8/site-packages/airflow/example_dags/example_trigger_target_dag.py
[2023-11-22T20:36:13.277+0000] {logging_mixin.py:154} INFO - [2023-11-22T20:36:13.277+0000] {dag.py:2941} INFO - Sync 1 DAGs
[2023-11-22T20:36:13.290+0000] {logging_mixin.py:154} INFO - [2023-11-22T20:36:13.290+0000] {dag.py:3722} INFO - Setting next_dagrun for example_trigger_target_dag to None, run_after=None
[2023-11-22T20:36:13.306+0000] {processor.py:179} INFO - Processing /home/airflow/.local/lib/python3.8/site-packages/airflow/example_dags/example_trigger_target_dag.py took 0.071 seconds
[2023-11-22T21:01:31.922+0000] {processor.py:157} INFO - Started process (PID=11833) to work on /home/airflow/.local/lib/python3.8/site-packages/airflow/example_dags/example_trigger_target_dag.py
[2023-11-22T21:01:31.944+0000] {processor.py:829} INFO - Processing file /home/airflow/.local/lib/python3.8/site-packages/airflow/example_dags/example_trigger_target_dag.py for tasks to queue
[2023-11-22T21:01:31.950+0000] {logging_mixin.py:154} INFO - [2023-11-22T21:01:31.949+0000] {dagbag.py:536} INFO - Filling up the DagBag from /home/airflow/.local/lib/python3.8/site-packages/airflow/example_dags/example_trigger_target_dag.py
[2023-11-22T21:01:31.986+0000] {processor.py:839} INFO - DAG(s) dict_keys(['example_trigger_target_dag']) retrieved from /home/airflow/.local/lib/python3.8/site-packages/airflow/example_dags/example_trigger_target_dag.py
[2023-11-22T21:01:32.111+0000] {logging_mixin.py:154} INFO - [2023-11-22T21:01:32.110+0000] {dag.py:2941} INFO - Sync 1 DAGs
[2023-11-22T21:01:32.138+0000] {logging_mixin.py:154} INFO - [2023-11-22T21:01:32.137+0000] {dag.py:3722} INFO - Setting next_dagrun for example_trigger_target_dag to None, run_after=None
[2023-11-22T21:01:32.192+0000] {processor.py:179} INFO - Processing /home/airflow/.local/lib/python3.8/site-packages/airflow/example_dags/example_trigger_target_dag.py took 0.285 seconds
[2023-11-22T21:02:02.463+0000] {processor.py:157} INFO - Started process (PID=12075) to work on /home/airflow/.local/lib/python3.8/site-packages/airflow/example_dags/example_trigger_target_dag.py
[2023-11-22T21:02:02.465+0000] {processor.py:829} INFO - Processing file /home/airflow/.local/lib/python3.8/site-packages/airflow/example_dags/example_trigger_target_dag.py for tasks to queue
[2023-11-22T21:02:02.466+0000] {logging_mixin.py:154} INFO - [2023-11-22T21:02:02.466+0000] {dagbag.py:536} INFO - Filling up the DagBag from /home/airflow/.local/lib/python3.8/site-packages/airflow/example_dags/example_trigger_target_dag.py
[2023-11-22T21:02:02.475+0000] {processor.py:839} INFO - DAG(s) dict_keys(['example_trigger_target_dag']) retrieved from /home/airflow/.local/lib/python3.8/site-packages/airflow/example_dags/example_trigger_target_dag.py
[2023-11-22T21:02:02.503+0000] {logging_mixin.py:154} INFO - [2023-11-22T21:02:02.503+0000] {dag.py:2941} INFO - Sync 1 DAGs
[2023-11-22T21:02:02.516+0000] {logging_mixin.py:154} INFO - [2023-11-22T21:02:02.516+0000] {dag.py:3722} INFO - Setting next_dagrun for example_trigger_target_dag to None, run_after=None
[2023-11-22T21:02:02.532+0000] {processor.py:179} INFO - Processing /home/airflow/.local/lib/python3.8/site-packages/airflow/example_dags/example_trigger_target_dag.py took 0.073 seconds
[2023-11-22T21:02:32.668+0000] {processor.py:157} INFO - Started process (PID=12313) to work on /home/airflow/.local/lib/python3.8/site-packages/airflow/example_dags/example_trigger_target_dag.py
[2023-11-22T21:02:32.669+0000] {processor.py:829} INFO - Processing file /home/airflow/.local/lib/python3.8/site-packages/airflow/example_dags/example_trigger_target_dag.py for tasks to queue
[2023-11-22T21:02:32.670+0000] {logging_mixin.py:154} INFO - [2023-11-22T21:02:32.670+0000] {dagbag.py:536} INFO - Filling up the DagBag from /home/airflow/.local/lib/python3.8/site-packages/airflow/example_dags/example_trigger_target_dag.py
[2023-11-22T21:02:32.676+0000] {processor.py:839} INFO - DAG(s) dict_keys(['example_trigger_target_dag']) retrieved from /home/airflow/.local/lib/python3.8/site-packages/airflow/example_dags/example_trigger_target_dag.py
[2023-11-22T21:02:32.702+0000] {logging_mixin.py:154} INFO - [2023-11-22T21:02:32.702+0000] {dag.py:2941} INFO - Sync 1 DAGs
[2023-11-22T21:02:32.716+0000] {logging_mixin.py:154} INFO - [2023-11-22T21:02:32.716+0000] {dag.py:3722} INFO - Setting next_dagrun for example_trigger_target_dag to None, run_after=None
[2023-11-22T21:02:32.731+0000] {processor.py:179} INFO - Processing /home/airflow/.local/lib/python3.8/site-packages/airflow/example_dags/example_trigger_target_dag.py took 0.066 seconds
[2023-11-22T21:03:03.270+0000] {processor.py:157} INFO - Started process (PID=12551) to work on /home/airflow/.local/lib/python3.8/site-packages/airflow/example_dags/example_trigger_target_dag.py
[2023-11-22T21:03:03.270+0000] {processor.py:829} INFO - Processing file /home/airflow/.local/lib/python3.8/site-packages/airflow/example_dags/example_trigger_target_dag.py for tasks to queue
[2023-11-22T21:03:03.271+0000] {logging_mixin.py:154} INFO - [2023-11-22T21:03:03.271+0000] {dagbag.py:536} INFO - Filling up the DagBag from /home/airflow/.local/lib/python3.8/site-packages/airflow/example_dags/example_trigger_target_dag.py
[2023-11-22T21:03:03.277+0000] {processor.py:839} INFO - DAG(s) dict_keys(['example_trigger_target_dag']) retrieved from /home/airflow/.local/lib/python3.8/site-packages/airflow/example_dags/example_trigger_target_dag.py
[2023-11-22T21:03:03.297+0000] {logging_mixin.py:154} INFO - [2023-11-22T21:03:03.297+0000] {dag.py:2941} INFO - Sync 1 DAGs
[2023-11-22T21:03:03.307+0000] {logging_mixin.py:154} INFO - [2023-11-22T21:03:03.306+0000] {dag.py:3722} INFO - Setting next_dagrun for example_trigger_target_dag to None, run_after=None
[2023-11-22T21:03:03.319+0000] {processor.py:179} INFO - Processing /home/airflow/.local/lib/python3.8/site-packages/airflow/example_dags/example_trigger_target_dag.py took 0.053 seconds
[2023-11-22T21:03:33.850+0000] {processor.py:157} INFO - Started process (PID=12789) to work on /home/airflow/.local/lib/python3.8/site-packages/airflow/example_dags/example_trigger_target_dag.py
[2023-11-22T21:03:33.851+0000] {processor.py:829} INFO - Processing file /home/airflow/.local/lib/python3.8/site-packages/airflow/example_dags/example_trigger_target_dag.py for tasks to queue
[2023-11-22T21:03:33.853+0000] {logging_mixin.py:154} INFO - [2023-11-22T21:03:33.853+0000] {dagbag.py:536} INFO - Filling up the DagBag from /home/airflow/.local/lib/python3.8/site-packages/airflow/example_dags/example_trigger_target_dag.py
[2023-11-22T21:03:33.859+0000] {processor.py:839} INFO - DAG(s) dict_keys(['example_trigger_target_dag']) retrieved from /home/airflow/.local/lib/python3.8/site-packages/airflow/example_dags/example_trigger_target_dag.py
[2023-11-22T21:03:33.881+0000] {logging_mixin.py:154} INFO - [2023-11-22T21:03:33.880+0000] {dag.py:2941} INFO - Sync 1 DAGs
[2023-11-22T21:03:33.893+0000] {logging_mixin.py:154} INFO - [2023-11-22T21:03:33.893+0000] {dag.py:3722} INFO - Setting next_dagrun for example_trigger_target_dag to None, run_after=None
[2023-11-22T21:03:33.907+0000] {processor.py:179} INFO - Processing /home/airflow/.local/lib/python3.8/site-packages/airflow/example_dags/example_trigger_target_dag.py took 0.062 seconds
[2023-11-22T21:04:04.526+0000] {processor.py:157} INFO - Started process (PID=13027) to work on /home/airflow/.local/lib/python3.8/site-packages/airflow/example_dags/example_trigger_target_dag.py
[2023-11-22T21:04:04.527+0000] {processor.py:829} INFO - Processing file /home/airflow/.local/lib/python3.8/site-packages/airflow/example_dags/example_trigger_target_dag.py for tasks to queue
[2023-11-22T21:04:04.530+0000] {logging_mixin.py:154} INFO - [2023-11-22T21:04:04.530+0000] {dagbag.py:536} INFO - Filling up the DagBag from /home/airflow/.local/lib/python3.8/site-packages/airflow/example_dags/example_trigger_target_dag.py
[2023-11-22T21:04:04.538+0000] {processor.py:839} INFO - DAG(s) dict_keys(['example_trigger_target_dag']) retrieved from /home/airflow/.local/lib/python3.8/site-packages/airflow/example_dags/example_trigger_target_dag.py
[2023-11-22T21:04:04.568+0000] {logging_mixin.py:154} INFO - [2023-11-22T21:04:04.568+0000] {dag.py:2941} INFO - Sync 1 DAGs
[2023-11-22T21:04:04.582+0000] {logging_mixin.py:154} INFO - [2023-11-22T21:04:04.581+0000] {dag.py:3722} INFO - Setting next_dagrun for example_trigger_target_dag to None, run_after=None
[2023-11-22T21:04:04.599+0000] {processor.py:179} INFO - Processing /home/airflow/.local/lib/python3.8/site-packages/airflow/example_dags/example_trigger_target_dag.py took 0.078 seconds
[2023-11-22T21:04:35.157+0000] {processor.py:157} INFO - Started process (PID=13264) to work on /home/airflow/.local/lib/python3.8/site-packages/airflow/example_dags/example_trigger_target_dag.py
[2023-11-22T21:04:35.158+0000] {processor.py:829} INFO - Processing file /home/airflow/.local/lib/python3.8/site-packages/airflow/example_dags/example_trigger_target_dag.py for tasks to queue
[2023-11-22T21:04:35.160+0000] {logging_mixin.py:154} INFO - [2023-11-22T21:04:35.159+0000] {dagbag.py:536} INFO - Filling up the DagBag from /home/airflow/.local/lib/python3.8/site-packages/airflow/example_dags/example_trigger_target_dag.py
[2023-11-22T21:04:35.173+0000] {processor.py:839} INFO - DAG(s) dict_keys(['example_trigger_target_dag']) retrieved from /home/airflow/.local/lib/python3.8/site-packages/airflow/example_dags/example_trigger_target_dag.py
[2023-11-22T21:04:35.202+0000] {logging_mixin.py:154} INFO - [2023-11-22T21:04:35.202+0000] {dag.py:2941} INFO - Sync 1 DAGs
[2023-11-22T21:04:35.215+0000] {logging_mixin.py:154} INFO - [2023-11-22T21:04:35.214+0000] {dag.py:3722} INFO - Setting next_dagrun for example_trigger_target_dag to None, run_after=None
[2023-11-22T21:04:35.230+0000] {processor.py:179} INFO - Processing /home/airflow/.local/lib/python3.8/site-packages/airflow/example_dags/example_trigger_target_dag.py took 0.078 seconds
[2023-11-22T21:05:05.635+0000] {processor.py:157} INFO - Started process (PID=13503) to work on /home/airflow/.local/lib/python3.8/site-packages/airflow/example_dags/example_trigger_target_dag.py
[2023-11-22T21:05:05.636+0000] {processor.py:829} INFO - Processing file /home/airflow/.local/lib/python3.8/site-packages/airflow/example_dags/example_trigger_target_dag.py for tasks to queue
[2023-11-22T21:05:05.638+0000] {logging_mixin.py:154} INFO - [2023-11-22T21:05:05.637+0000] {dagbag.py:536} INFO - Filling up the DagBag from /home/airflow/.local/lib/python3.8/site-packages/airflow/example_dags/example_trigger_target_dag.py
[2023-11-22T21:05:05.644+0000] {processor.py:839} INFO - DAG(s) dict_keys(['example_trigger_target_dag']) retrieved from /home/airflow/.local/lib/python3.8/site-packages/airflow/example_dags/example_trigger_target_dag.py
[2023-11-22T21:05:05.665+0000] {logging_mixin.py:154} INFO - [2023-11-22T21:05:05.665+0000] {dag.py:2941} INFO - Sync 1 DAGs
[2023-11-22T21:05:05.674+0000] {logging_mixin.py:154} INFO - [2023-11-22T21:05:05.674+0000] {dag.py:3722} INFO - Setting next_dagrun for example_trigger_target_dag to None, run_after=None
[2023-11-22T21:05:05.687+0000] {processor.py:179} INFO - Processing /home/airflow/.local/lib/python3.8/site-packages/airflow/example_dags/example_trigger_target_dag.py took 0.057 seconds
[2023-11-22T21:05:36.199+0000] {processor.py:157} INFO - Started process (PID=13740) to work on /home/airflow/.local/lib/python3.8/site-packages/airflow/example_dags/example_trigger_target_dag.py
[2023-11-22T21:05:36.201+0000] {processor.py:829} INFO - Processing file /home/airflow/.local/lib/python3.8/site-packages/airflow/example_dags/example_trigger_target_dag.py for tasks to queue
[2023-11-22T21:05:36.204+0000] {logging_mixin.py:154} INFO - [2023-11-22T21:05:36.203+0000] {dagbag.py:536} INFO - Filling up the DagBag from /home/airflow/.local/lib/python3.8/site-packages/airflow/example_dags/example_trigger_target_dag.py
[2023-11-22T21:05:36.212+0000] {processor.py:839} INFO - DAG(s) dict_keys(['example_trigger_target_dag']) retrieved from /home/airflow/.local/lib/python3.8/site-packages/airflow/example_dags/example_trigger_target_dag.py
[2023-11-22T21:05:36.239+0000] {logging_mixin.py:154} INFO - [2023-11-22T21:05:36.239+0000] {dag.py:2941} INFO - Sync 1 DAGs
[2023-11-22T21:05:36.254+0000] {logging_mixin.py:154} INFO - [2023-11-22T21:05:36.253+0000] {dag.py:3722} INFO - Setting next_dagrun for example_trigger_target_dag to None, run_after=None
[2023-11-22T21:05:36.271+0000] {processor.py:179} INFO - Processing /home/airflow/.local/lib/python3.8/site-packages/airflow/example_dags/example_trigger_target_dag.py took 0.079 seconds
[2023-11-22T21:06:06.466+0000] {processor.py:157} INFO - Started process (PID=13978) to work on /home/airflow/.local/lib/python3.8/site-packages/airflow/example_dags/example_trigger_target_dag.py
[2023-11-22T21:06:06.467+0000] {processor.py:829} INFO - Processing file /home/airflow/.local/lib/python3.8/site-packages/airflow/example_dags/example_trigger_target_dag.py for tasks to queue
[2023-11-22T21:06:06.468+0000] {logging_mixin.py:154} INFO - [2023-11-22T21:06:06.468+0000] {dagbag.py:536} INFO - Filling up the DagBag from /home/airflow/.local/lib/python3.8/site-packages/airflow/example_dags/example_trigger_target_dag.py
[2023-11-22T21:06:06.476+0000] {processor.py:839} INFO - DAG(s) dict_keys(['example_trigger_target_dag']) retrieved from /home/airflow/.local/lib/python3.8/site-packages/airflow/example_dags/example_trigger_target_dag.py
[2023-11-22T21:06:06.498+0000] {logging_mixin.py:154} INFO - [2023-11-22T21:06:06.498+0000] {dag.py:2941} INFO - Sync 1 DAGs
[2023-11-22T21:06:06.510+0000] {logging_mixin.py:154} INFO - [2023-11-22T21:06:06.510+0000] {dag.py:3722} INFO - Setting next_dagrun for example_trigger_target_dag to None, run_after=None
[2023-11-22T21:06:06.525+0000] {processor.py:179} INFO - Processing /home/airflow/.local/lib/python3.8/site-packages/airflow/example_dags/example_trigger_target_dag.py took 0.062 seconds
[2023-11-22T21:06:37.405+0000] {processor.py:157} INFO - Started process (PID=14216) to work on /home/airflow/.local/lib/python3.8/site-packages/airflow/example_dags/example_trigger_target_dag.py
[2023-11-22T21:06:37.407+0000] {processor.py:829} INFO - Processing file /home/airflow/.local/lib/python3.8/site-packages/airflow/example_dags/example_trigger_target_dag.py for tasks to queue
[2023-11-22T21:06:37.409+0000] {logging_mixin.py:154} INFO - [2023-11-22T21:06:37.408+0000] {dagbag.py:536} INFO - Filling up the DagBag from /home/airflow/.local/lib/python3.8/site-packages/airflow/example_dags/example_trigger_target_dag.py
[2023-11-22T21:06:37.421+0000] {processor.py:839} INFO - DAG(s) dict_keys(['example_trigger_target_dag']) retrieved from /home/airflow/.local/lib/python3.8/site-packages/airflow/example_dags/example_trigger_target_dag.py
[2023-11-22T21:06:37.449+0000] {logging_mixin.py:154} INFO - [2023-11-22T21:06:37.449+0000] {dag.py:2941} INFO - Sync 1 DAGs
[2023-11-22T21:06:37.462+0000] {logging_mixin.py:154} INFO - [2023-11-22T21:06:37.462+0000] {dag.py:3722} INFO - Setting next_dagrun for example_trigger_target_dag to None, run_after=None
[2023-11-22T21:06:37.478+0000] {processor.py:179} INFO - Processing /home/airflow/.local/lib/python3.8/site-packages/airflow/example_dags/example_trigger_target_dag.py took 0.079 seconds
[2023-11-22T21:07:08.176+0000] {processor.py:157} INFO - Started process (PID=14454) to work on /home/airflow/.local/lib/python3.8/site-packages/airflow/example_dags/example_trigger_target_dag.py
[2023-11-22T21:07:08.178+0000] {processor.py:829} INFO - Processing file /home/airflow/.local/lib/python3.8/site-packages/airflow/example_dags/example_trigger_target_dag.py for tasks to queue
[2023-11-22T21:07:08.181+0000] {logging_mixin.py:154} INFO - [2023-11-22T21:07:08.180+0000] {dagbag.py:536} INFO - Filling up the DagBag from /home/airflow/.local/lib/python3.8/site-packages/airflow/example_dags/example_trigger_target_dag.py
[2023-11-22T21:07:08.190+0000] {processor.py:839} INFO - DAG(s) dict_keys(['example_trigger_target_dag']) retrieved from /home/airflow/.local/lib/python3.8/site-packages/airflow/example_dags/example_trigger_target_dag.py
[2023-11-22T21:07:08.222+0000] {logging_mixin.py:154} INFO - [2023-11-22T21:07:08.222+0000] {dag.py:2941} INFO - Sync 1 DAGs
[2023-11-22T21:07:08.264+0000] {logging_mixin.py:154} INFO - [2023-11-22T21:07:08.264+0000] {dag.py:3722} INFO - Setting next_dagrun for example_trigger_target_dag to None, run_after=None
[2023-11-22T21:07:08.293+0000] {processor.py:179} INFO - Processing /home/airflow/.local/lib/python3.8/site-packages/airflow/example_dags/example_trigger_target_dag.py took 0.122 seconds
[2023-11-22T21:07:38.702+0000] {processor.py:157} INFO - Started process (PID=14692) to work on /home/airflow/.local/lib/python3.8/site-packages/airflow/example_dags/example_trigger_target_dag.py
[2023-11-22T21:07:38.703+0000] {processor.py:829} INFO - Processing file /home/airflow/.local/lib/python3.8/site-packages/airflow/example_dags/example_trigger_target_dag.py for tasks to queue
[2023-11-22T21:07:38.705+0000] {logging_mixin.py:154} INFO - [2023-11-22T21:07:38.704+0000] {dagbag.py:536} INFO - Filling up the DagBag from /home/airflow/.local/lib/python3.8/site-packages/airflow/example_dags/example_trigger_target_dag.py
[2023-11-22T21:07:38.713+0000] {processor.py:839} INFO - DAG(s) dict_keys(['example_trigger_target_dag']) retrieved from /home/airflow/.local/lib/python3.8/site-packages/airflow/example_dags/example_trigger_target_dag.py
[2023-11-22T21:07:38.741+0000] {logging_mixin.py:154} INFO - [2023-11-22T21:07:38.741+0000] {dag.py:2941} INFO - Sync 1 DAGs
[2023-11-22T21:07:38.753+0000] {logging_mixin.py:154} INFO - [2023-11-22T21:07:38.753+0000] {dag.py:3722} INFO - Setting next_dagrun for example_trigger_target_dag to None, run_after=None
[2023-11-22T21:07:38.769+0000] {processor.py:179} INFO - Processing /home/airflow/.local/lib/python3.8/site-packages/airflow/example_dags/example_trigger_target_dag.py took 0.072 seconds
[2023-11-22T21:08:09.257+0000] {processor.py:157} INFO - Started process (PID=14930) to work on /home/airflow/.local/lib/python3.8/site-packages/airflow/example_dags/example_trigger_target_dag.py
[2023-11-22T21:08:09.259+0000] {processor.py:829} INFO - Processing file /home/airflow/.local/lib/python3.8/site-packages/airflow/example_dags/example_trigger_target_dag.py for tasks to queue
[2023-11-22T21:08:09.260+0000] {logging_mixin.py:154} INFO - [2023-11-22T21:08:09.259+0000] {dagbag.py:536} INFO - Filling up the DagBag from /home/airflow/.local/lib/python3.8/site-packages/airflow/example_dags/example_trigger_target_dag.py
[2023-11-22T21:08:09.270+0000] {processor.py:839} INFO - DAG(s) dict_keys(['example_trigger_target_dag']) retrieved from /home/airflow/.local/lib/python3.8/site-packages/airflow/example_dags/example_trigger_target_dag.py
[2023-11-22T21:08:09.297+0000] {logging_mixin.py:154} INFO - [2023-11-22T21:08:09.297+0000] {dag.py:2941} INFO - Sync 1 DAGs
[2023-11-22T21:08:09.310+0000] {logging_mixin.py:154} INFO - [2023-11-22T21:08:09.310+0000] {dag.py:3722} INFO - Setting next_dagrun for example_trigger_target_dag to None, run_after=None
[2023-11-22T21:08:09.326+0000] {processor.py:179} INFO - Processing /home/airflow/.local/lib/python3.8/site-packages/airflow/example_dags/example_trigger_target_dag.py took 0.076 seconds
[2023-11-22T21:08:40.082+0000] {processor.py:157} INFO - Started process (PID=15168) to work on /home/airflow/.local/lib/python3.8/site-packages/airflow/example_dags/example_trigger_target_dag.py
[2023-11-22T21:08:40.083+0000] {processor.py:829} INFO - Processing file /home/airflow/.local/lib/python3.8/site-packages/airflow/example_dags/example_trigger_target_dag.py for tasks to queue
[2023-11-22T21:08:40.084+0000] {logging_mixin.py:154} INFO - [2023-11-22T21:08:40.083+0000] {dagbag.py:536} INFO - Filling up the DagBag from /home/airflow/.local/lib/python3.8/site-packages/airflow/example_dags/example_trigger_target_dag.py
[2023-11-22T21:08:40.091+0000] {processor.py:839} INFO - DAG(s) dict_keys(['example_trigger_target_dag']) retrieved from /home/airflow/.local/lib/python3.8/site-packages/airflow/example_dags/example_trigger_target_dag.py
[2023-11-22T21:08:40.116+0000] {logging_mixin.py:154} INFO - [2023-11-22T21:08:40.116+0000] {dag.py:2941} INFO - Sync 1 DAGs
[2023-11-22T21:08:40.127+0000] {logging_mixin.py:154} INFO - [2023-11-22T21:08:40.127+0000] {dag.py:3722} INFO - Setting next_dagrun for example_trigger_target_dag to None, run_after=None
[2023-11-22T21:08:40.144+0000] {processor.py:179} INFO - Processing /home/airflow/.local/lib/python3.8/site-packages/airflow/example_dags/example_trigger_target_dag.py took 0.066 seconds
[2023-11-22T21:09:40.300+0000] {processor.py:157} INFO - Started process (PID=167) to work on /home/airflow/.local/lib/python3.8/site-packages/airflow/example_dags/example_trigger_target_dag.py
[2023-11-22T21:09:40.307+0000] {processor.py:829} INFO - Processing file /home/airflow/.local/lib/python3.8/site-packages/airflow/example_dags/example_trigger_target_dag.py for tasks to queue
[2023-11-22T21:09:40.311+0000] {logging_mixin.py:154} INFO - [2023-11-22T21:09:40.310+0000] {dagbag.py:536} INFO - Filling up the DagBag from /home/airflow/.local/lib/python3.8/site-packages/airflow/example_dags/example_trigger_target_dag.py
[2023-11-22T21:09:40.336+0000] {processor.py:839} INFO - DAG(s) dict_keys(['example_trigger_target_dag']) retrieved from /home/airflow/.local/lib/python3.8/site-packages/airflow/example_dags/example_trigger_target_dag.py
[2023-11-22T21:09:40.377+0000] {logging_mixin.py:154} INFO - [2023-11-22T21:09:40.377+0000] {dag.py:2941} INFO - Sync 1 DAGs
[2023-11-22T21:09:40.395+0000] {logging_mixin.py:154} INFO - [2023-11-22T21:09:40.395+0000] {dag.py:3722} INFO - Setting next_dagrun for example_trigger_target_dag to None, run_after=None
[2023-11-22T21:09:40.418+0000] {processor.py:179} INFO - Processing /home/airflow/.local/lib/python3.8/site-packages/airflow/example_dags/example_trigger_target_dag.py took 0.122 seconds
[2023-11-22T21:10:10.706+0000] {processor.py:157} INFO - Started process (PID=406) to work on /home/airflow/.local/lib/python3.8/site-packages/airflow/example_dags/example_trigger_target_dag.py
[2023-11-22T21:10:10.707+0000] {processor.py:829} INFO - Processing file /home/airflow/.local/lib/python3.8/site-packages/airflow/example_dags/example_trigger_target_dag.py for tasks to queue
[2023-11-22T21:10:10.708+0000] {logging_mixin.py:154} INFO - [2023-11-22T21:10:10.708+0000] {dagbag.py:536} INFO - Filling up the DagBag from /home/airflow/.local/lib/python3.8/site-packages/airflow/example_dags/example_trigger_target_dag.py
[2023-11-22T21:10:10.714+0000] {processor.py:839} INFO - DAG(s) dict_keys(['example_trigger_target_dag']) retrieved from /home/airflow/.local/lib/python3.8/site-packages/airflow/example_dags/example_trigger_target_dag.py
[2023-11-22T21:10:10.737+0000] {logging_mixin.py:154} INFO - [2023-11-22T21:10:10.737+0000] {dag.py:2941} INFO - Sync 1 DAGs
[2023-11-22T21:10:10.748+0000] {logging_mixin.py:154} INFO - [2023-11-22T21:10:10.747+0000] {dag.py:3722} INFO - Setting next_dagrun for example_trigger_target_dag to None, run_after=None
[2023-11-22T21:10:10.763+0000] {processor.py:179} INFO - Processing /home/airflow/.local/lib/python3.8/site-packages/airflow/example_dags/example_trigger_target_dag.py took 0.060 seconds
