[2023-11-22T19:30:06.572+0000] {processor.py:157} INFO - Started process (PID=337) to work on /home/airflow/.local/lib/python3.8/site-packages/airflow/example_dags/example_params_ui_tutorial.py
[2023-11-22T19:30:06.573+0000] {processor.py:829} INFO - Processing file /home/airflow/.local/lib/python3.8/site-packages/airflow/example_dags/example_params_ui_tutorial.py for tasks to queue
[2023-11-22T19:30:06.575+0000] {logging_mixin.py:154} INFO - [2023-11-22T19:30:06.574+0000] {dagbag.py:536} INFO - Filling up the DagBag from /home/airflow/.local/lib/python3.8/site-packages/airflow/example_dags/example_params_ui_tutorial.py
[2023-11-22T19:30:06.616+0000] {processor.py:839} INFO - DAG(s) dict_keys(['example_params_ui_tutorial']) retrieved from /home/airflow/.local/lib/python3.8/site-packages/airflow/example_dags/example_params_ui_tutorial.py
[2023-11-22T19:30:06.642+0000] {logging_mixin.py:154} INFO - [2023-11-22T19:30:06.637+0000] {dag.py:2941} INFO - Sync 1 DAGs
[2023-11-22T19:30:06.659+0000] {logging_mixin.py:154} INFO - [2023-11-22T19:30:06.659+0000] {dag.py:3722} INFO - Setting next_dagrun for example_params_ui_tutorial to None, run_after=None
[2023-11-22T19:30:06.682+0000] {processor.py:179} INFO - Processing /home/airflow/.local/lib/python3.8/site-packages/airflow/example_dags/example_params_ui_tutorial.py took 0.114 seconds
[2023-11-22T19:30:37.203+0000] {processor.py:157} INFO - Started process (PID=575) to work on /home/airflow/.local/lib/python3.8/site-packages/airflow/example_dags/example_params_ui_tutorial.py
[2023-11-22T19:30:37.204+0000] {processor.py:829} INFO - Processing file /home/airflow/.local/lib/python3.8/site-packages/airflow/example_dags/example_params_ui_tutorial.py for tasks to queue
[2023-11-22T19:30:37.205+0000] {logging_mixin.py:154} INFO - [2023-11-22T19:30:37.204+0000] {dagbag.py:536} INFO - Filling up the DagBag from /home/airflow/.local/lib/python3.8/site-packages/airflow/example_dags/example_params_ui_tutorial.py
[2023-11-22T19:30:37.232+0000] {processor.py:839} INFO - DAG(s) dict_keys(['example_params_ui_tutorial']) retrieved from /home/airflow/.local/lib/python3.8/site-packages/airflow/example_dags/example_params_ui_tutorial.py
[2023-11-22T19:30:37.271+0000] {logging_mixin.py:154} INFO - [2023-11-22T19:30:37.271+0000] {dag.py:2941} INFO - Sync 1 DAGs
[2023-11-22T19:30:37.281+0000] {logging_mixin.py:154} INFO - [2023-11-22T19:30:37.281+0000] {dag.py:3722} INFO - Setting next_dagrun for example_params_ui_tutorial to None, run_after=None
[2023-11-22T19:30:37.306+0000] {processor.py:179} INFO - Processing /home/airflow/.local/lib/python3.8/site-packages/airflow/example_dags/example_params_ui_tutorial.py took 0.106 seconds
[2023-11-22T19:31:07.845+0000] {processor.py:157} INFO - Started process (PID=813) to work on /home/airflow/.local/lib/python3.8/site-packages/airflow/example_dags/example_params_ui_tutorial.py
[2023-11-22T19:31:07.846+0000] {processor.py:829} INFO - Processing file /home/airflow/.local/lib/python3.8/site-packages/airflow/example_dags/example_params_ui_tutorial.py for tasks to queue
[2023-11-22T19:31:07.847+0000] {logging_mixin.py:154} INFO - [2023-11-22T19:31:07.846+0000] {dagbag.py:536} INFO - Filling up the DagBag from /home/airflow/.local/lib/python3.8/site-packages/airflow/example_dags/example_params_ui_tutorial.py
[2023-11-22T19:31:07.873+0000] {processor.py:839} INFO - DAG(s) dict_keys(['example_params_ui_tutorial']) retrieved from /home/airflow/.local/lib/python3.8/site-packages/airflow/example_dags/example_params_ui_tutorial.py
[2023-11-22T19:31:07.916+0000] {logging_mixin.py:154} INFO - [2023-11-22T19:31:07.916+0000] {dag.py:2941} INFO - Sync 1 DAGs
[2023-11-22T19:31:07.926+0000] {logging_mixin.py:154} INFO - [2023-11-22T19:31:07.926+0000] {dag.py:3722} INFO - Setting next_dagrun for example_params_ui_tutorial to None, run_after=None
[2023-11-22T19:31:07.939+0000] {processor.py:179} INFO - Processing /home/airflow/.local/lib/python3.8/site-packages/airflow/example_dags/example_params_ui_tutorial.py took 0.097 seconds
[2023-11-22T19:31:38.734+0000] {processor.py:157} INFO - Started process (PID=1051) to work on /home/airflow/.local/lib/python3.8/site-packages/airflow/example_dags/example_params_ui_tutorial.py
[2023-11-22T19:31:38.735+0000] {processor.py:829} INFO - Processing file /home/airflow/.local/lib/python3.8/site-packages/airflow/example_dags/example_params_ui_tutorial.py for tasks to queue
[2023-11-22T19:31:38.736+0000] {logging_mixin.py:154} INFO - [2023-11-22T19:31:38.736+0000] {dagbag.py:536} INFO - Filling up the DagBag from /home/airflow/.local/lib/python3.8/site-packages/airflow/example_dags/example_params_ui_tutorial.py
[2023-11-22T19:31:38.763+0000] {processor.py:839} INFO - DAG(s) dict_keys(['example_params_ui_tutorial']) retrieved from /home/airflow/.local/lib/python3.8/site-packages/airflow/example_dags/example_params_ui_tutorial.py
[2023-11-22T19:31:38.804+0000] {logging_mixin.py:154} INFO - [2023-11-22T19:31:38.804+0000] {dag.py:2941} INFO - Sync 1 DAGs
[2023-11-22T19:31:38.815+0000] {logging_mixin.py:154} INFO - [2023-11-22T19:31:38.814+0000] {dag.py:3722} INFO - Setting next_dagrun for example_params_ui_tutorial to None, run_after=None
[2023-11-22T19:31:38.828+0000] {processor.py:179} INFO - Processing /home/airflow/.local/lib/python3.8/site-packages/airflow/example_dags/example_params_ui_tutorial.py took 0.097 seconds
[2023-11-22T19:32:08.949+0000] {processor.py:157} INFO - Started process (PID=1289) to work on /home/airflow/.local/lib/python3.8/site-packages/airflow/example_dags/example_params_ui_tutorial.py
[2023-11-22T19:32:08.950+0000] {processor.py:829} INFO - Processing file /home/airflow/.local/lib/python3.8/site-packages/airflow/example_dags/example_params_ui_tutorial.py for tasks to queue
[2023-11-22T19:32:08.951+0000] {logging_mixin.py:154} INFO - [2023-11-22T19:32:08.951+0000] {dagbag.py:536} INFO - Filling up the DagBag from /home/airflow/.local/lib/python3.8/site-packages/airflow/example_dags/example_params_ui_tutorial.py
[2023-11-22T19:32:08.978+0000] {processor.py:839} INFO - DAG(s) dict_keys(['example_params_ui_tutorial']) retrieved from /home/airflow/.local/lib/python3.8/site-packages/airflow/example_dags/example_params_ui_tutorial.py
[2023-11-22T19:32:09.020+0000] {logging_mixin.py:154} INFO - [2023-11-22T19:32:09.020+0000] {dag.py:2941} INFO - Sync 1 DAGs
[2023-11-22T19:32:09.029+0000] {logging_mixin.py:154} INFO - [2023-11-22T19:32:09.029+0000] {dag.py:3722} INFO - Setting next_dagrun for example_params_ui_tutorial to None, run_after=None
[2023-11-22T19:32:09.041+0000] {processor.py:179} INFO - Processing /home/airflow/.local/lib/python3.8/site-packages/airflow/example_dags/example_params_ui_tutorial.py took 0.095 seconds
[2023-11-22T19:32:39.533+0000] {processor.py:157} INFO - Started process (PID=1527) to work on /home/airflow/.local/lib/python3.8/site-packages/airflow/example_dags/example_params_ui_tutorial.py
[2023-11-22T19:32:39.534+0000] {processor.py:829} INFO - Processing file /home/airflow/.local/lib/python3.8/site-packages/airflow/example_dags/example_params_ui_tutorial.py for tasks to queue
[2023-11-22T19:32:39.534+0000] {logging_mixin.py:154} INFO - [2023-11-22T19:32:39.534+0000] {dagbag.py:536} INFO - Filling up the DagBag from /home/airflow/.local/lib/python3.8/site-packages/airflow/example_dags/example_params_ui_tutorial.py
[2023-11-22T19:32:39.562+0000] {processor.py:839} INFO - DAG(s) dict_keys(['example_params_ui_tutorial']) retrieved from /home/airflow/.local/lib/python3.8/site-packages/airflow/example_dags/example_params_ui_tutorial.py
[2023-11-22T19:32:39.604+0000] {logging_mixin.py:154} INFO - [2023-11-22T19:32:39.604+0000] {dag.py:2941} INFO - Sync 1 DAGs
[2023-11-22T19:32:39.613+0000] {logging_mixin.py:154} INFO - [2023-11-22T19:32:39.612+0000] {dag.py:3722} INFO - Setting next_dagrun for example_params_ui_tutorial to None, run_after=None
[2023-11-22T19:32:39.626+0000] {processor.py:179} INFO - Processing /home/airflow/.local/lib/python3.8/site-packages/airflow/example_dags/example_params_ui_tutorial.py took 0.096 seconds
[2023-11-22T19:33:10.309+0000] {processor.py:157} INFO - Started process (PID=1765) to work on /home/airflow/.local/lib/python3.8/site-packages/airflow/example_dags/example_params_ui_tutorial.py
[2023-11-22T19:33:10.311+0000] {processor.py:829} INFO - Processing file /home/airflow/.local/lib/python3.8/site-packages/airflow/example_dags/example_params_ui_tutorial.py for tasks to queue
[2023-11-22T19:33:10.311+0000] {logging_mixin.py:154} INFO - [2023-11-22T19:33:10.311+0000] {dagbag.py:536} INFO - Filling up the DagBag from /home/airflow/.local/lib/python3.8/site-packages/airflow/example_dags/example_params_ui_tutorial.py
[2023-11-22T19:33:10.339+0000] {processor.py:839} INFO - DAG(s) dict_keys(['example_params_ui_tutorial']) retrieved from /home/airflow/.local/lib/python3.8/site-packages/airflow/example_dags/example_params_ui_tutorial.py
[2023-11-22T19:33:10.380+0000] {logging_mixin.py:154} INFO - [2023-11-22T19:33:10.380+0000] {dag.py:2941} INFO - Sync 1 DAGs
[2023-11-22T19:33:10.390+0000] {logging_mixin.py:154} INFO - [2023-11-22T19:33:10.390+0000] {dag.py:3722} INFO - Setting next_dagrun for example_params_ui_tutorial to None, run_after=None
[2023-11-22T19:33:10.403+0000] {processor.py:179} INFO - Processing /home/airflow/.local/lib/python3.8/site-packages/airflow/example_dags/example_params_ui_tutorial.py took 0.097 seconds
[2023-11-22T19:33:40.872+0000] {processor.py:157} INFO - Started process (PID=2003) to work on /home/airflow/.local/lib/python3.8/site-packages/airflow/example_dags/example_params_ui_tutorial.py
[2023-11-22T19:33:40.873+0000] {processor.py:829} INFO - Processing file /home/airflow/.local/lib/python3.8/site-packages/airflow/example_dags/example_params_ui_tutorial.py for tasks to queue
[2023-11-22T19:33:40.874+0000] {logging_mixin.py:154} INFO - [2023-11-22T19:33:40.874+0000] {dagbag.py:536} INFO - Filling up the DagBag from /home/airflow/.local/lib/python3.8/site-packages/airflow/example_dags/example_params_ui_tutorial.py
[2023-11-22T19:33:40.900+0000] {processor.py:839} INFO - DAG(s) dict_keys(['example_params_ui_tutorial']) retrieved from /home/airflow/.local/lib/python3.8/site-packages/airflow/example_dags/example_params_ui_tutorial.py
[2023-11-22T19:33:40.942+0000] {logging_mixin.py:154} INFO - [2023-11-22T19:33:40.942+0000] {dag.py:2941} INFO - Sync 1 DAGs
[2023-11-22T19:33:40.953+0000] {logging_mixin.py:154} INFO - [2023-11-22T19:33:40.953+0000] {dag.py:3722} INFO - Setting next_dagrun for example_params_ui_tutorial to None, run_after=None
[2023-11-22T19:33:40.966+0000] {processor.py:179} INFO - Processing /home/airflow/.local/lib/python3.8/site-packages/airflow/example_dags/example_params_ui_tutorial.py took 0.097 seconds
[2023-11-22T19:34:11.621+0000] {processor.py:157} INFO - Started process (PID=2241) to work on /home/airflow/.local/lib/python3.8/site-packages/airflow/example_dags/example_params_ui_tutorial.py
[2023-11-22T19:34:11.623+0000] {processor.py:829} INFO - Processing file /home/airflow/.local/lib/python3.8/site-packages/airflow/example_dags/example_params_ui_tutorial.py for tasks to queue
[2023-11-22T19:34:11.623+0000] {logging_mixin.py:154} INFO - [2023-11-22T19:34:11.623+0000] {dagbag.py:536} INFO - Filling up the DagBag from /home/airflow/.local/lib/python3.8/site-packages/airflow/example_dags/example_params_ui_tutorial.py
[2023-11-22T19:34:11.656+0000] {processor.py:839} INFO - DAG(s) dict_keys(['example_params_ui_tutorial']) retrieved from /home/airflow/.local/lib/python3.8/site-packages/airflow/example_dags/example_params_ui_tutorial.py
[2023-11-22T19:34:11.698+0000] {logging_mixin.py:154} INFO - [2023-11-22T19:34:11.698+0000] {dag.py:2941} INFO - Sync 1 DAGs
[2023-11-22T19:34:11.707+0000] {logging_mixin.py:154} INFO - [2023-11-22T19:34:11.707+0000] {dag.py:3722} INFO - Setting next_dagrun for example_params_ui_tutorial to None, run_after=None
[2023-11-22T19:34:11.721+0000] {processor.py:179} INFO - Processing /home/airflow/.local/lib/python3.8/site-packages/airflow/example_dags/example_params_ui_tutorial.py took 0.103 seconds
[2023-11-22T19:34:41.931+0000] {processor.py:157} INFO - Started process (PID=2479) to work on /home/airflow/.local/lib/python3.8/site-packages/airflow/example_dags/example_params_ui_tutorial.py
[2023-11-22T19:34:41.932+0000] {processor.py:829} INFO - Processing file /home/airflow/.local/lib/python3.8/site-packages/airflow/example_dags/example_params_ui_tutorial.py for tasks to queue
[2023-11-22T19:34:41.933+0000] {logging_mixin.py:154} INFO - [2023-11-22T19:34:41.932+0000] {dagbag.py:536} INFO - Filling up the DagBag from /home/airflow/.local/lib/python3.8/site-packages/airflow/example_dags/example_params_ui_tutorial.py
[2023-11-22T19:34:41.961+0000] {processor.py:839} INFO - DAG(s) dict_keys(['example_params_ui_tutorial']) retrieved from /home/airflow/.local/lib/python3.8/site-packages/airflow/example_dags/example_params_ui_tutorial.py
[2023-11-22T19:34:42.000+0000] {logging_mixin.py:154} INFO - [2023-11-22T19:34:42.000+0000] {dag.py:2941} INFO - Sync 1 DAGs
[2023-11-22T19:34:42.010+0000] {logging_mixin.py:154} INFO - [2023-11-22T19:34:42.010+0000] {dag.py:3722} INFO - Setting next_dagrun for example_params_ui_tutorial to None, run_after=None
[2023-11-22T19:34:42.023+0000] {processor.py:179} INFO - Processing /home/airflow/.local/lib/python3.8/site-packages/airflow/example_dags/example_params_ui_tutorial.py took 0.096 seconds
[2023-11-22T19:35:12.294+0000] {processor.py:157} INFO - Started process (PID=2717) to work on /home/airflow/.local/lib/python3.8/site-packages/airflow/example_dags/example_params_ui_tutorial.py
[2023-11-22T19:35:12.295+0000] {processor.py:829} INFO - Processing file /home/airflow/.local/lib/python3.8/site-packages/airflow/example_dags/example_params_ui_tutorial.py for tasks to queue
[2023-11-22T19:35:12.296+0000] {logging_mixin.py:154} INFO - [2023-11-22T19:35:12.296+0000] {dagbag.py:536} INFO - Filling up the DagBag from /home/airflow/.local/lib/python3.8/site-packages/airflow/example_dags/example_params_ui_tutorial.py
[2023-11-22T19:35:12.323+0000] {processor.py:839} INFO - DAG(s) dict_keys(['example_params_ui_tutorial']) retrieved from /home/airflow/.local/lib/python3.8/site-packages/airflow/example_dags/example_params_ui_tutorial.py
[2023-11-22T19:35:12.364+0000] {logging_mixin.py:154} INFO - [2023-11-22T19:35:12.364+0000] {dag.py:2941} INFO - Sync 1 DAGs
[2023-11-22T19:35:12.373+0000] {logging_mixin.py:154} INFO - [2023-11-22T19:35:12.373+0000] {dag.py:3722} INFO - Setting next_dagrun for example_params_ui_tutorial to None, run_after=None
[2023-11-22T19:35:12.386+0000] {processor.py:179} INFO - Processing /home/airflow/.local/lib/python3.8/site-packages/airflow/example_dags/example_params_ui_tutorial.py took 0.095 seconds
[2023-11-22T19:35:42.783+0000] {processor.py:157} INFO - Started process (PID=2957) to work on /home/airflow/.local/lib/python3.8/site-packages/airflow/example_dags/example_params_ui_tutorial.py
[2023-11-22T19:35:42.784+0000] {processor.py:829} INFO - Processing file /home/airflow/.local/lib/python3.8/site-packages/airflow/example_dags/example_params_ui_tutorial.py for tasks to queue
[2023-11-22T19:35:42.785+0000] {logging_mixin.py:154} INFO - [2023-11-22T19:35:42.784+0000] {dagbag.py:536} INFO - Filling up the DagBag from /home/airflow/.local/lib/python3.8/site-packages/airflow/example_dags/example_params_ui_tutorial.py
[2023-11-22T19:35:42.812+0000] {processor.py:839} INFO - DAG(s) dict_keys(['example_params_ui_tutorial']) retrieved from /home/airflow/.local/lib/python3.8/site-packages/airflow/example_dags/example_params_ui_tutorial.py
[2023-11-22T19:35:42.854+0000] {logging_mixin.py:154} INFO - [2023-11-22T19:35:42.854+0000] {dag.py:2941} INFO - Sync 1 DAGs
[2023-11-22T19:35:42.865+0000] {logging_mixin.py:154} INFO - [2023-11-22T19:35:42.865+0000] {dag.py:3722} INFO - Setting next_dagrun for example_params_ui_tutorial to None, run_after=None
[2023-11-22T19:35:42.881+0000] {processor.py:179} INFO - Processing /home/airflow/.local/lib/python3.8/site-packages/airflow/example_dags/example_params_ui_tutorial.py took 0.101 seconds
[2023-11-22T19:36:13.228+0000] {processor.py:157} INFO - Started process (PID=3193) to work on /home/airflow/.local/lib/python3.8/site-packages/airflow/example_dags/example_params_ui_tutorial.py
[2023-11-22T19:36:13.229+0000] {processor.py:829} INFO - Processing file /home/airflow/.local/lib/python3.8/site-packages/airflow/example_dags/example_params_ui_tutorial.py for tasks to queue
[2023-11-22T19:36:13.230+0000] {logging_mixin.py:154} INFO - [2023-11-22T19:36:13.229+0000] {dagbag.py:536} INFO - Filling up the DagBag from /home/airflow/.local/lib/python3.8/site-packages/airflow/example_dags/example_params_ui_tutorial.py
[2023-11-22T19:36:13.258+0000] {processor.py:839} INFO - DAG(s) dict_keys(['example_params_ui_tutorial']) retrieved from /home/airflow/.local/lib/python3.8/site-packages/airflow/example_dags/example_params_ui_tutorial.py
[2023-11-22T19:36:13.298+0000] {logging_mixin.py:154} INFO - [2023-11-22T19:36:13.298+0000] {dag.py:2941} INFO - Sync 1 DAGs
[2023-11-22T19:36:13.308+0000] {logging_mixin.py:154} INFO - [2023-11-22T19:36:13.307+0000] {dag.py:3722} INFO - Setting next_dagrun for example_params_ui_tutorial to None, run_after=None
[2023-11-22T19:36:13.322+0000] {processor.py:179} INFO - Processing /home/airflow/.local/lib/python3.8/site-packages/airflow/example_dags/example_params_ui_tutorial.py took 0.097 seconds
[2023-11-22T19:36:44.225+0000] {processor.py:157} INFO - Started process (PID=3431) to work on /home/airflow/.local/lib/python3.8/site-packages/airflow/example_dags/example_params_ui_tutorial.py
[2023-11-22T19:36:44.226+0000] {processor.py:829} INFO - Processing file /home/airflow/.local/lib/python3.8/site-packages/airflow/example_dags/example_params_ui_tutorial.py for tasks to queue
[2023-11-22T19:36:44.227+0000] {logging_mixin.py:154} INFO - [2023-11-22T19:36:44.227+0000] {dagbag.py:536} INFO - Filling up the DagBag from /home/airflow/.local/lib/python3.8/site-packages/airflow/example_dags/example_params_ui_tutorial.py
[2023-11-22T19:36:44.262+0000] {processor.py:839} INFO - DAG(s) dict_keys(['example_params_ui_tutorial']) retrieved from /home/airflow/.local/lib/python3.8/site-packages/airflow/example_dags/example_params_ui_tutorial.py
[2023-11-22T19:36:44.316+0000] {logging_mixin.py:154} INFO - [2023-11-22T19:36:44.315+0000] {dag.py:2941} INFO - Sync 1 DAGs
[2023-11-22T19:36:44.327+0000] {logging_mixin.py:154} INFO - [2023-11-22T19:36:44.327+0000] {dag.py:3722} INFO - Setting next_dagrun for example_params_ui_tutorial to None, run_after=None
[2023-11-22T19:36:44.344+0000] {processor.py:179} INFO - Processing /home/airflow/.local/lib/python3.8/site-packages/airflow/example_dags/example_params_ui_tutorial.py took 0.126 seconds
[2023-11-22T19:37:15.186+0000] {processor.py:157} INFO - Started process (PID=3669) to work on /home/airflow/.local/lib/python3.8/site-packages/airflow/example_dags/example_params_ui_tutorial.py
[2023-11-22T19:37:15.187+0000] {processor.py:829} INFO - Processing file /home/airflow/.local/lib/python3.8/site-packages/airflow/example_dags/example_params_ui_tutorial.py for tasks to queue
[2023-11-22T19:37:15.188+0000] {logging_mixin.py:154} INFO - [2023-11-22T19:37:15.188+0000] {dagbag.py:536} INFO - Filling up the DagBag from /home/airflow/.local/lib/python3.8/site-packages/airflow/example_dags/example_params_ui_tutorial.py
[2023-11-22T19:37:15.217+0000] {processor.py:839} INFO - DAG(s) dict_keys(['example_params_ui_tutorial']) retrieved from /home/airflow/.local/lib/python3.8/site-packages/airflow/example_dags/example_params_ui_tutorial.py
[2023-11-22T19:37:15.262+0000] {logging_mixin.py:154} INFO - [2023-11-22T19:37:15.262+0000] {dag.py:2941} INFO - Sync 1 DAGs
[2023-11-22T19:37:15.273+0000] {logging_mixin.py:154} INFO - [2023-11-22T19:37:15.273+0000] {dag.py:3722} INFO - Setting next_dagrun for example_params_ui_tutorial to None, run_after=None
[2023-11-22T19:37:15.287+0000] {processor.py:179} INFO - Processing /home/airflow/.local/lib/python3.8/site-packages/airflow/example_dags/example_params_ui_tutorial.py took 0.104 seconds
[2023-11-22T19:37:45.499+0000] {processor.py:157} INFO - Started process (PID=3907) to work on /home/airflow/.local/lib/python3.8/site-packages/airflow/example_dags/example_params_ui_tutorial.py
[2023-11-22T19:37:45.500+0000] {processor.py:829} INFO - Processing file /home/airflow/.local/lib/python3.8/site-packages/airflow/example_dags/example_params_ui_tutorial.py for tasks to queue
[2023-11-22T19:37:45.502+0000] {logging_mixin.py:154} INFO - [2023-11-22T19:37:45.501+0000] {dagbag.py:536} INFO - Filling up the DagBag from /home/airflow/.local/lib/python3.8/site-packages/airflow/example_dags/example_params_ui_tutorial.py
[2023-11-22T19:37:45.535+0000] {processor.py:839} INFO - DAG(s) dict_keys(['example_params_ui_tutorial']) retrieved from /home/airflow/.local/lib/python3.8/site-packages/airflow/example_dags/example_params_ui_tutorial.py
[2023-11-22T19:37:45.594+0000] {logging_mixin.py:154} INFO - [2023-11-22T19:37:45.593+0000] {dag.py:2941} INFO - Sync 1 DAGs
[2023-11-22T19:37:45.609+0000] {logging_mixin.py:154} INFO - [2023-11-22T19:37:45.609+0000] {dag.py:3722} INFO - Setting next_dagrun for example_params_ui_tutorial to None, run_after=None
[2023-11-22T19:37:45.637+0000] {processor.py:179} INFO - Processing /home/airflow/.local/lib/python3.8/site-packages/airflow/example_dags/example_params_ui_tutorial.py took 0.142 seconds
[2023-11-22T19:38:15.738+0000] {processor.py:157} INFO - Started process (PID=4152) to work on /home/airflow/.local/lib/python3.8/site-packages/airflow/example_dags/example_params_ui_tutorial.py
[2023-11-22T19:38:15.739+0000] {processor.py:829} INFO - Processing file /home/airflow/.local/lib/python3.8/site-packages/airflow/example_dags/example_params_ui_tutorial.py for tasks to queue
[2023-11-22T19:38:15.739+0000] {logging_mixin.py:154} INFO - [2023-11-22T19:38:15.739+0000] {dagbag.py:536} INFO - Filling up the DagBag from /home/airflow/.local/lib/python3.8/site-packages/airflow/example_dags/example_params_ui_tutorial.py
[2023-11-22T19:38:15.766+0000] {processor.py:839} INFO - DAG(s) dict_keys(['example_params_ui_tutorial']) retrieved from /home/airflow/.local/lib/python3.8/site-packages/airflow/example_dags/example_params_ui_tutorial.py
[2023-11-22T19:38:15.806+0000] {logging_mixin.py:154} INFO - [2023-11-22T19:38:15.806+0000] {dag.py:2941} INFO - Sync 1 DAGs
[2023-11-22T19:38:15.815+0000] {logging_mixin.py:154} INFO - [2023-11-22T19:38:15.815+0000] {dag.py:3722} INFO - Setting next_dagrun for example_params_ui_tutorial to None, run_after=None
[2023-11-22T19:38:15.829+0000] {processor.py:179} INFO - Processing /home/airflow/.local/lib/python3.8/site-packages/airflow/example_dags/example_params_ui_tutorial.py took 0.094 seconds
[2023-11-22T19:38:45.862+0000] {processor.py:157} INFO - Started process (PID=4387) to work on /home/airflow/.local/lib/python3.8/site-packages/airflow/example_dags/example_params_ui_tutorial.py
[2023-11-22T19:38:45.863+0000] {processor.py:829} INFO - Processing file /home/airflow/.local/lib/python3.8/site-packages/airflow/example_dags/example_params_ui_tutorial.py for tasks to queue
[2023-11-22T19:38:45.864+0000] {logging_mixin.py:154} INFO - [2023-11-22T19:38:45.864+0000] {dagbag.py:536} INFO - Filling up the DagBag from /home/airflow/.local/lib/python3.8/site-packages/airflow/example_dags/example_params_ui_tutorial.py
[2023-11-22T19:38:45.890+0000] {processor.py:839} INFO - DAG(s) dict_keys(['example_params_ui_tutorial']) retrieved from /home/airflow/.local/lib/python3.8/site-packages/airflow/example_dags/example_params_ui_tutorial.py
[2023-11-22T19:38:45.931+0000] {logging_mixin.py:154} INFO - [2023-11-22T19:38:45.930+0000] {dag.py:2941} INFO - Sync 1 DAGs
[2023-11-22T19:38:45.940+0000] {logging_mixin.py:154} INFO - [2023-11-22T19:38:45.939+0000] {dag.py:3722} INFO - Setting next_dagrun for example_params_ui_tutorial to None, run_after=None
[2023-11-22T19:38:45.952+0000] {processor.py:179} INFO - Processing /home/airflow/.local/lib/python3.8/site-packages/airflow/example_dags/example_params_ui_tutorial.py took 0.092 seconds
[2023-11-22T19:39:16.334+0000] {processor.py:157} INFO - Started process (PID=4625) to work on /home/airflow/.local/lib/python3.8/site-packages/airflow/example_dags/example_params_ui_tutorial.py
[2023-11-22T19:39:16.335+0000] {processor.py:829} INFO - Processing file /home/airflow/.local/lib/python3.8/site-packages/airflow/example_dags/example_params_ui_tutorial.py for tasks to queue
[2023-11-22T19:39:16.336+0000] {logging_mixin.py:154} INFO - [2023-11-22T19:39:16.336+0000] {dagbag.py:536} INFO - Filling up the DagBag from /home/airflow/.local/lib/python3.8/site-packages/airflow/example_dags/example_params_ui_tutorial.py
[2023-11-22T19:39:16.363+0000] {processor.py:839} INFO - DAG(s) dict_keys(['example_params_ui_tutorial']) retrieved from /home/airflow/.local/lib/python3.8/site-packages/airflow/example_dags/example_params_ui_tutorial.py
[2023-11-22T19:39:16.404+0000] {logging_mixin.py:154} INFO - [2023-11-22T19:39:16.404+0000] {dag.py:2941} INFO - Sync 1 DAGs
[2023-11-22T19:39:16.413+0000] {logging_mixin.py:154} INFO - [2023-11-22T19:39:16.413+0000] {dag.py:3722} INFO - Setting next_dagrun for example_params_ui_tutorial to None, run_after=None
[2023-11-22T19:39:16.425+0000] {processor.py:179} INFO - Processing /home/airflow/.local/lib/python3.8/site-packages/airflow/example_dags/example_params_ui_tutorial.py took 0.094 seconds
[2023-11-22T19:39:46.805+0000] {processor.py:157} INFO - Started process (PID=4858) to work on /home/airflow/.local/lib/python3.8/site-packages/airflow/example_dags/example_params_ui_tutorial.py
[2023-11-22T19:39:46.806+0000] {processor.py:829} INFO - Processing file /home/airflow/.local/lib/python3.8/site-packages/airflow/example_dags/example_params_ui_tutorial.py for tasks to queue
[2023-11-22T19:39:46.807+0000] {logging_mixin.py:154} INFO - [2023-11-22T19:39:46.806+0000] {dagbag.py:536} INFO - Filling up the DagBag from /home/airflow/.local/lib/python3.8/site-packages/airflow/example_dags/example_params_ui_tutorial.py
[2023-11-22T19:39:46.833+0000] {processor.py:839} INFO - DAG(s) dict_keys(['example_params_ui_tutorial']) retrieved from /home/airflow/.local/lib/python3.8/site-packages/airflow/example_dags/example_params_ui_tutorial.py
[2023-11-22T19:39:46.873+0000] {logging_mixin.py:154} INFO - [2023-11-22T19:39:46.873+0000] {dag.py:2941} INFO - Sync 1 DAGs
[2023-11-22T19:39:46.884+0000] {logging_mixin.py:154} INFO - [2023-11-22T19:39:46.884+0000] {dag.py:3722} INFO - Setting next_dagrun for example_params_ui_tutorial to None, run_after=None
[2023-11-22T19:39:46.896+0000] {processor.py:179} INFO - Processing /home/airflow/.local/lib/python3.8/site-packages/airflow/example_dags/example_params_ui_tutorial.py took 0.094 seconds
[2023-11-22T19:40:17.306+0000] {processor.py:157} INFO - Started process (PID=5096) to work on /home/airflow/.local/lib/python3.8/site-packages/airflow/example_dags/example_params_ui_tutorial.py
[2023-11-22T19:40:17.307+0000] {processor.py:829} INFO - Processing file /home/airflow/.local/lib/python3.8/site-packages/airflow/example_dags/example_params_ui_tutorial.py for tasks to queue
[2023-11-22T19:40:17.307+0000] {logging_mixin.py:154} INFO - [2023-11-22T19:40:17.307+0000] {dagbag.py:536} INFO - Filling up the DagBag from /home/airflow/.local/lib/python3.8/site-packages/airflow/example_dags/example_params_ui_tutorial.py
[2023-11-22T19:40:17.335+0000] {processor.py:839} INFO - DAG(s) dict_keys(['example_params_ui_tutorial']) retrieved from /home/airflow/.local/lib/python3.8/site-packages/airflow/example_dags/example_params_ui_tutorial.py
[2023-11-22T19:40:17.376+0000] {logging_mixin.py:154} INFO - [2023-11-22T19:40:17.376+0000] {dag.py:2941} INFO - Sync 1 DAGs
[2023-11-22T19:40:17.385+0000] {logging_mixin.py:154} INFO - [2023-11-22T19:40:17.385+0000] {dag.py:3722} INFO - Setting next_dagrun for example_params_ui_tutorial to None, run_after=None
[2023-11-22T19:40:17.399+0000] {processor.py:179} INFO - Processing /home/airflow/.local/lib/python3.8/site-packages/airflow/example_dags/example_params_ui_tutorial.py took 0.096 seconds
[2023-11-22T19:40:47.970+0000] {processor.py:157} INFO - Started process (PID=5334) to work on /home/airflow/.local/lib/python3.8/site-packages/airflow/example_dags/example_params_ui_tutorial.py
[2023-11-22T19:40:47.971+0000] {processor.py:829} INFO - Processing file /home/airflow/.local/lib/python3.8/site-packages/airflow/example_dags/example_params_ui_tutorial.py for tasks to queue
[2023-11-22T19:40:47.972+0000] {logging_mixin.py:154} INFO - [2023-11-22T19:40:47.972+0000] {dagbag.py:536} INFO - Filling up the DagBag from /home/airflow/.local/lib/python3.8/site-packages/airflow/example_dags/example_params_ui_tutorial.py
[2023-11-22T19:40:47.998+0000] {processor.py:839} INFO - DAG(s) dict_keys(['example_params_ui_tutorial']) retrieved from /home/airflow/.local/lib/python3.8/site-packages/airflow/example_dags/example_params_ui_tutorial.py
[2023-11-22T19:40:48.041+0000] {logging_mixin.py:154} INFO - [2023-11-22T19:40:48.041+0000] {dag.py:2941} INFO - Sync 1 DAGs
[2023-11-22T19:40:48.054+0000] {logging_mixin.py:154} INFO - [2023-11-22T19:40:48.054+0000] {dag.py:3722} INFO - Setting next_dagrun for example_params_ui_tutorial to None, run_after=None
[2023-11-22T19:40:48.068+0000] {processor.py:179} INFO - Processing /home/airflow/.local/lib/python3.8/site-packages/airflow/example_dags/example_params_ui_tutorial.py took 0.101 seconds
[2023-11-22T19:41:18.447+0000] {processor.py:157} INFO - Started process (PID=5572) to work on /home/airflow/.local/lib/python3.8/site-packages/airflow/example_dags/example_params_ui_tutorial.py
[2023-11-22T19:41:18.448+0000] {processor.py:829} INFO - Processing file /home/airflow/.local/lib/python3.8/site-packages/airflow/example_dags/example_params_ui_tutorial.py for tasks to queue
[2023-11-22T19:41:18.448+0000] {logging_mixin.py:154} INFO - [2023-11-22T19:41:18.448+0000] {dagbag.py:536} INFO - Filling up the DagBag from /home/airflow/.local/lib/python3.8/site-packages/airflow/example_dags/example_params_ui_tutorial.py
[2023-11-22T19:41:18.475+0000] {processor.py:839} INFO - DAG(s) dict_keys(['example_params_ui_tutorial']) retrieved from /home/airflow/.local/lib/python3.8/site-packages/airflow/example_dags/example_params_ui_tutorial.py
[2023-11-22T19:41:18.516+0000] {logging_mixin.py:154} INFO - [2023-11-22T19:41:18.516+0000] {dag.py:2941} INFO - Sync 1 DAGs
[2023-11-22T19:41:18.525+0000] {logging_mixin.py:154} INFO - [2023-11-22T19:41:18.525+0000] {dag.py:3722} INFO - Setting next_dagrun for example_params_ui_tutorial to None, run_after=None
[2023-11-22T19:41:18.538+0000] {processor.py:179} INFO - Processing /home/airflow/.local/lib/python3.8/site-packages/airflow/example_dags/example_params_ui_tutorial.py took 0.095 seconds
[2023-11-22T19:41:48.912+0000] {processor.py:157} INFO - Started process (PID=5810) to work on /home/airflow/.local/lib/python3.8/site-packages/airflow/example_dags/example_params_ui_tutorial.py
[2023-11-22T19:41:48.913+0000] {processor.py:829} INFO - Processing file /home/airflow/.local/lib/python3.8/site-packages/airflow/example_dags/example_params_ui_tutorial.py for tasks to queue
[2023-11-22T19:41:48.913+0000] {logging_mixin.py:154} INFO - [2023-11-22T19:41:48.913+0000] {dagbag.py:536} INFO - Filling up the DagBag from /home/airflow/.local/lib/python3.8/site-packages/airflow/example_dags/example_params_ui_tutorial.py
[2023-11-22T19:41:48.940+0000] {processor.py:839} INFO - DAG(s) dict_keys(['example_params_ui_tutorial']) retrieved from /home/airflow/.local/lib/python3.8/site-packages/airflow/example_dags/example_params_ui_tutorial.py
[2023-11-22T19:41:48.981+0000] {logging_mixin.py:154} INFO - [2023-11-22T19:41:48.981+0000] {dag.py:2941} INFO - Sync 1 DAGs
[2023-11-22T19:41:48.992+0000] {logging_mixin.py:154} INFO - [2023-11-22T19:41:48.992+0000] {dag.py:3722} INFO - Setting next_dagrun for example_params_ui_tutorial to None, run_after=None
[2023-11-22T19:41:49.005+0000] {processor.py:179} INFO - Processing /home/airflow/.local/lib/python3.8/site-packages/airflow/example_dags/example_params_ui_tutorial.py took 0.096 seconds
[2023-11-22T19:42:19.288+0000] {processor.py:157} INFO - Started process (PID=6047) to work on /home/airflow/.local/lib/python3.8/site-packages/airflow/example_dags/example_params_ui_tutorial.py
[2023-11-22T19:42:19.289+0000] {processor.py:829} INFO - Processing file /home/airflow/.local/lib/python3.8/site-packages/airflow/example_dags/example_params_ui_tutorial.py for tasks to queue
[2023-11-22T19:42:19.290+0000] {logging_mixin.py:154} INFO - [2023-11-22T19:42:19.289+0000] {dagbag.py:536} INFO - Filling up the DagBag from /home/airflow/.local/lib/python3.8/site-packages/airflow/example_dags/example_params_ui_tutorial.py
[2023-11-22T19:42:19.316+0000] {processor.py:839} INFO - DAG(s) dict_keys(['example_params_ui_tutorial']) retrieved from /home/airflow/.local/lib/python3.8/site-packages/airflow/example_dags/example_params_ui_tutorial.py
[2023-11-22T19:42:19.357+0000] {logging_mixin.py:154} INFO - [2023-11-22T19:42:19.357+0000] {dag.py:2941} INFO - Sync 1 DAGs
[2023-11-22T19:42:19.366+0000] {logging_mixin.py:154} INFO - [2023-11-22T19:42:19.366+0000] {dag.py:3722} INFO - Setting next_dagrun for example_params_ui_tutorial to None, run_after=None
[2023-11-22T19:42:19.379+0000] {processor.py:179} INFO - Processing /home/airflow/.local/lib/python3.8/site-packages/airflow/example_dags/example_params_ui_tutorial.py took 0.095 seconds
[2023-11-22T19:42:49.734+0000] {processor.py:157} INFO - Started process (PID=6285) to work on /home/airflow/.local/lib/python3.8/site-packages/airflow/example_dags/example_params_ui_tutorial.py
[2023-11-22T19:42:49.735+0000] {processor.py:829} INFO - Processing file /home/airflow/.local/lib/python3.8/site-packages/airflow/example_dags/example_params_ui_tutorial.py for tasks to queue
[2023-11-22T19:42:49.736+0000] {logging_mixin.py:154} INFO - [2023-11-22T19:42:49.735+0000] {dagbag.py:536} INFO - Filling up the DagBag from /home/airflow/.local/lib/python3.8/site-packages/airflow/example_dags/example_params_ui_tutorial.py
[2023-11-22T19:42:49.763+0000] {processor.py:839} INFO - DAG(s) dict_keys(['example_params_ui_tutorial']) retrieved from /home/airflow/.local/lib/python3.8/site-packages/airflow/example_dags/example_params_ui_tutorial.py
[2023-11-22T19:42:49.803+0000] {logging_mixin.py:154} INFO - [2023-11-22T19:42:49.803+0000] {dag.py:2941} INFO - Sync 1 DAGs
[2023-11-22T19:42:49.813+0000] {logging_mixin.py:154} INFO - [2023-11-22T19:42:49.812+0000] {dag.py:3722} INFO - Setting next_dagrun for example_params_ui_tutorial to None, run_after=None
[2023-11-22T19:42:49.826+0000] {processor.py:179} INFO - Processing /home/airflow/.local/lib/python3.8/site-packages/airflow/example_dags/example_params_ui_tutorial.py took 0.095 seconds
[2023-11-22T19:43:20.027+0000] {processor.py:157} INFO - Started process (PID=6523) to work on /home/airflow/.local/lib/python3.8/site-packages/airflow/example_dags/example_params_ui_tutorial.py
[2023-11-22T19:43:20.028+0000] {processor.py:829} INFO - Processing file /home/airflow/.local/lib/python3.8/site-packages/airflow/example_dags/example_params_ui_tutorial.py for tasks to queue
[2023-11-22T19:43:20.029+0000] {logging_mixin.py:154} INFO - [2023-11-22T19:43:20.029+0000] {dagbag.py:536} INFO - Filling up the DagBag from /home/airflow/.local/lib/python3.8/site-packages/airflow/example_dags/example_params_ui_tutorial.py
[2023-11-22T19:43:20.056+0000] {processor.py:839} INFO - DAG(s) dict_keys(['example_params_ui_tutorial']) retrieved from /home/airflow/.local/lib/python3.8/site-packages/airflow/example_dags/example_params_ui_tutorial.py
[2023-11-22T19:43:20.097+0000] {logging_mixin.py:154} INFO - [2023-11-22T19:43:20.097+0000] {dag.py:2941} INFO - Sync 1 DAGs
[2023-11-22T19:43:20.106+0000] {logging_mixin.py:154} INFO - [2023-11-22T19:43:20.106+0000] {dag.py:3722} INFO - Setting next_dagrun for example_params_ui_tutorial to None, run_after=None
[2023-11-22T19:43:20.119+0000] {processor.py:179} INFO - Processing /home/airflow/.local/lib/python3.8/site-packages/airflow/example_dags/example_params_ui_tutorial.py took 0.094 seconds
[2023-11-22T19:43:50.636+0000] {processor.py:157} INFO - Started process (PID=6768) to work on /home/airflow/.local/lib/python3.8/site-packages/airflow/example_dags/example_params_ui_tutorial.py
[2023-11-22T19:43:50.637+0000] {processor.py:829} INFO - Processing file /home/airflow/.local/lib/python3.8/site-packages/airflow/example_dags/example_params_ui_tutorial.py for tasks to queue
[2023-11-22T19:43:50.638+0000] {logging_mixin.py:154} INFO - [2023-11-22T19:43:50.637+0000] {dagbag.py:536} INFO - Filling up the DagBag from /home/airflow/.local/lib/python3.8/site-packages/airflow/example_dags/example_params_ui_tutorial.py
[2023-11-22T19:43:50.670+0000] {processor.py:839} INFO - DAG(s) dict_keys(['example_params_ui_tutorial']) retrieved from /home/airflow/.local/lib/python3.8/site-packages/airflow/example_dags/example_params_ui_tutorial.py
[2023-11-22T19:43:50.717+0000] {logging_mixin.py:154} INFO - [2023-11-22T19:43:50.717+0000] {dag.py:2941} INFO - Sync 1 DAGs
[2023-11-22T19:43:50.728+0000] {logging_mixin.py:154} INFO - [2023-11-22T19:43:50.728+0000] {dag.py:3722} INFO - Setting next_dagrun for example_params_ui_tutorial to None, run_after=None
[2023-11-22T19:43:50.743+0000] {processor.py:179} INFO - Processing /home/airflow/.local/lib/python3.8/site-packages/airflow/example_dags/example_params_ui_tutorial.py took 0.110 seconds
[2023-11-22T19:44:21.075+0000] {processor.py:157} INFO - Started process (PID=7006) to work on /home/airflow/.local/lib/python3.8/site-packages/airflow/example_dags/example_params_ui_tutorial.py
[2023-11-22T19:44:21.076+0000] {processor.py:829} INFO - Processing file /home/airflow/.local/lib/python3.8/site-packages/airflow/example_dags/example_params_ui_tutorial.py for tasks to queue
[2023-11-22T19:44:21.077+0000] {logging_mixin.py:154} INFO - [2023-11-22T19:44:21.077+0000] {dagbag.py:536} INFO - Filling up the DagBag from /home/airflow/.local/lib/python3.8/site-packages/airflow/example_dags/example_params_ui_tutorial.py
[2023-11-22T19:44:21.104+0000] {processor.py:839} INFO - DAG(s) dict_keys(['example_params_ui_tutorial']) retrieved from /home/airflow/.local/lib/python3.8/site-packages/airflow/example_dags/example_params_ui_tutorial.py
[2023-11-22T19:44:21.145+0000] {logging_mixin.py:154} INFO - [2023-11-22T19:44:21.145+0000] {dag.py:2941} INFO - Sync 1 DAGs
[2023-11-22T19:44:21.154+0000] {logging_mixin.py:154} INFO - [2023-11-22T19:44:21.154+0000] {dag.py:3722} INFO - Setting next_dagrun for example_params_ui_tutorial to None, run_after=None
[2023-11-22T19:44:21.168+0000] {processor.py:179} INFO - Processing /home/airflow/.local/lib/python3.8/site-packages/airflow/example_dags/example_params_ui_tutorial.py took 0.095 seconds
[2023-11-22T19:44:51.541+0000] {processor.py:157} INFO - Started process (PID=7244) to work on /home/airflow/.local/lib/python3.8/site-packages/airflow/example_dags/example_params_ui_tutorial.py
[2023-11-22T19:44:51.542+0000] {processor.py:829} INFO - Processing file /home/airflow/.local/lib/python3.8/site-packages/airflow/example_dags/example_params_ui_tutorial.py for tasks to queue
[2023-11-22T19:44:51.543+0000] {logging_mixin.py:154} INFO - [2023-11-22T19:44:51.542+0000] {dagbag.py:536} INFO - Filling up the DagBag from /home/airflow/.local/lib/python3.8/site-packages/airflow/example_dags/example_params_ui_tutorial.py
[2023-11-22T19:44:51.569+0000] {processor.py:839} INFO - DAG(s) dict_keys(['example_params_ui_tutorial']) retrieved from /home/airflow/.local/lib/python3.8/site-packages/airflow/example_dags/example_params_ui_tutorial.py
[2023-11-22T19:44:51.610+0000] {logging_mixin.py:154} INFO - [2023-11-22T19:44:51.610+0000] {dag.py:2941} INFO - Sync 1 DAGs
[2023-11-22T19:44:51.619+0000] {logging_mixin.py:154} INFO - [2023-11-22T19:44:51.619+0000] {dag.py:3722} INFO - Setting next_dagrun for example_params_ui_tutorial to None, run_after=None
[2023-11-22T19:44:51.632+0000] {processor.py:179} INFO - Processing /home/airflow/.local/lib/python3.8/site-packages/airflow/example_dags/example_params_ui_tutorial.py took 0.094 seconds
[2023-11-22T19:45:21.927+0000] {processor.py:157} INFO - Started process (PID=7482) to work on /home/airflow/.local/lib/python3.8/site-packages/airflow/example_dags/example_params_ui_tutorial.py
[2023-11-22T19:45:21.928+0000] {processor.py:829} INFO - Processing file /home/airflow/.local/lib/python3.8/site-packages/airflow/example_dags/example_params_ui_tutorial.py for tasks to queue
[2023-11-22T19:45:21.928+0000] {logging_mixin.py:154} INFO - [2023-11-22T19:45:21.928+0000] {dagbag.py:536} INFO - Filling up the DagBag from /home/airflow/.local/lib/python3.8/site-packages/airflow/example_dags/example_params_ui_tutorial.py
[2023-11-22T19:45:21.955+0000] {processor.py:839} INFO - DAG(s) dict_keys(['example_params_ui_tutorial']) retrieved from /home/airflow/.local/lib/python3.8/site-packages/airflow/example_dags/example_params_ui_tutorial.py
[2023-11-22T19:45:21.995+0000] {logging_mixin.py:154} INFO - [2023-11-22T19:45:21.995+0000] {dag.py:2941} INFO - Sync 1 DAGs
[2023-11-22T19:45:22.005+0000] {logging_mixin.py:154} INFO - [2023-11-22T19:45:22.005+0000] {dag.py:3722} INFO - Setting next_dagrun for example_params_ui_tutorial to None, run_after=None
[2023-11-22T19:45:22.017+0000] {processor.py:179} INFO - Processing /home/airflow/.local/lib/python3.8/site-packages/airflow/example_dags/example_params_ui_tutorial.py took 0.094 seconds
[2023-11-22T19:45:52.439+0000] {processor.py:157} INFO - Started process (PID=7720) to work on /home/airflow/.local/lib/python3.8/site-packages/airflow/example_dags/example_params_ui_tutorial.py
[2023-11-22T19:45:52.440+0000] {processor.py:829} INFO - Processing file /home/airflow/.local/lib/python3.8/site-packages/airflow/example_dags/example_params_ui_tutorial.py for tasks to queue
[2023-11-22T19:45:52.441+0000] {logging_mixin.py:154} INFO - [2023-11-22T19:45:52.440+0000] {dagbag.py:536} INFO - Filling up the DagBag from /home/airflow/.local/lib/python3.8/site-packages/airflow/example_dags/example_params_ui_tutorial.py
[2023-11-22T19:45:52.468+0000] {processor.py:839} INFO - DAG(s) dict_keys(['example_params_ui_tutorial']) retrieved from /home/airflow/.local/lib/python3.8/site-packages/airflow/example_dags/example_params_ui_tutorial.py
[2023-11-22T19:45:52.508+0000] {logging_mixin.py:154} INFO - [2023-11-22T19:45:52.508+0000] {dag.py:2941} INFO - Sync 1 DAGs
[2023-11-22T19:45:52.517+0000] {logging_mixin.py:154} INFO - [2023-11-22T19:45:52.517+0000] {dag.py:3722} INFO - Setting next_dagrun for example_params_ui_tutorial to None, run_after=None
[2023-11-22T19:45:52.530+0000] {processor.py:179} INFO - Processing /home/airflow/.local/lib/python3.8/site-packages/airflow/example_dags/example_params_ui_tutorial.py took 0.094 seconds
[2023-11-22T19:46:22.897+0000] {processor.py:157} INFO - Started process (PID=7958) to work on /home/airflow/.local/lib/python3.8/site-packages/airflow/example_dags/example_params_ui_tutorial.py
[2023-11-22T19:46:22.898+0000] {processor.py:829} INFO - Processing file /home/airflow/.local/lib/python3.8/site-packages/airflow/example_dags/example_params_ui_tutorial.py for tasks to queue
[2023-11-22T19:46:22.899+0000] {logging_mixin.py:154} INFO - [2023-11-22T19:46:22.898+0000] {dagbag.py:536} INFO - Filling up the DagBag from /home/airflow/.local/lib/python3.8/site-packages/airflow/example_dags/example_params_ui_tutorial.py
[2023-11-22T19:46:22.926+0000] {processor.py:839} INFO - DAG(s) dict_keys(['example_params_ui_tutorial']) retrieved from /home/airflow/.local/lib/python3.8/site-packages/airflow/example_dags/example_params_ui_tutorial.py
[2023-11-22T19:46:22.966+0000] {logging_mixin.py:154} INFO - [2023-11-22T19:46:22.966+0000] {dag.py:2941} INFO - Sync 1 DAGs
[2023-11-22T19:46:22.976+0000] {logging_mixin.py:154} INFO - [2023-11-22T19:46:22.976+0000] {dag.py:3722} INFO - Setting next_dagrun for example_params_ui_tutorial to None, run_after=None
[2023-11-22T19:46:22.990+0000] {processor.py:179} INFO - Processing /home/airflow/.local/lib/python3.8/site-packages/airflow/example_dags/example_params_ui_tutorial.py took 0.096 seconds
[2023-11-22T19:46:53.323+0000] {processor.py:157} INFO - Started process (PID=8196) to work on /home/airflow/.local/lib/python3.8/site-packages/airflow/example_dags/example_params_ui_tutorial.py
[2023-11-22T19:46:53.324+0000] {processor.py:829} INFO - Processing file /home/airflow/.local/lib/python3.8/site-packages/airflow/example_dags/example_params_ui_tutorial.py for tasks to queue
[2023-11-22T19:46:53.325+0000] {logging_mixin.py:154} INFO - [2023-11-22T19:46:53.325+0000] {dagbag.py:536} INFO - Filling up the DagBag from /home/airflow/.local/lib/python3.8/site-packages/airflow/example_dags/example_params_ui_tutorial.py
[2023-11-22T19:46:53.352+0000] {processor.py:839} INFO - DAG(s) dict_keys(['example_params_ui_tutorial']) retrieved from /home/airflow/.local/lib/python3.8/site-packages/airflow/example_dags/example_params_ui_tutorial.py
[2023-11-22T19:46:53.392+0000] {logging_mixin.py:154} INFO - [2023-11-22T19:46:53.392+0000] {dag.py:2941} INFO - Sync 1 DAGs
[2023-11-22T19:46:53.401+0000] {logging_mixin.py:154} INFO - [2023-11-22T19:46:53.401+0000] {dag.py:3722} INFO - Setting next_dagrun for example_params_ui_tutorial to None, run_after=None
[2023-11-22T19:46:53.414+0000] {processor.py:179} INFO - Processing /home/airflow/.local/lib/python3.8/site-packages/airflow/example_dags/example_params_ui_tutorial.py took 0.094 seconds
[2023-11-22T19:47:23.799+0000] {processor.py:157} INFO - Started process (PID=8433) to work on /home/airflow/.local/lib/python3.8/site-packages/airflow/example_dags/example_params_ui_tutorial.py
[2023-11-22T19:47:23.800+0000] {processor.py:829} INFO - Processing file /home/airflow/.local/lib/python3.8/site-packages/airflow/example_dags/example_params_ui_tutorial.py for tasks to queue
[2023-11-22T19:47:23.801+0000] {logging_mixin.py:154} INFO - [2023-11-22T19:47:23.801+0000] {dagbag.py:536} INFO - Filling up the DagBag from /home/airflow/.local/lib/python3.8/site-packages/airflow/example_dags/example_params_ui_tutorial.py
[2023-11-22T19:47:23.828+0000] {processor.py:839} INFO - DAG(s) dict_keys(['example_params_ui_tutorial']) retrieved from /home/airflow/.local/lib/python3.8/site-packages/airflow/example_dags/example_params_ui_tutorial.py
[2023-11-22T19:47:23.871+0000] {logging_mixin.py:154} INFO - [2023-11-22T19:47:23.871+0000] {dag.py:2941} INFO - Sync 1 DAGs
[2023-11-22T19:47:23.881+0000] {logging_mixin.py:154} INFO - [2023-11-22T19:47:23.881+0000] {dag.py:3722} INFO - Setting next_dagrun for example_params_ui_tutorial to None, run_after=None
[2023-11-22T19:47:23.894+0000] {processor.py:179} INFO - Processing /home/airflow/.local/lib/python3.8/site-packages/airflow/example_dags/example_params_ui_tutorial.py took 0.098 seconds
[2023-11-22T19:47:54.660+0000] {processor.py:157} INFO - Started process (PID=8671) to work on /home/airflow/.local/lib/python3.8/site-packages/airflow/example_dags/example_params_ui_tutorial.py
[2023-11-22T19:47:54.661+0000] {processor.py:829} INFO - Processing file /home/airflow/.local/lib/python3.8/site-packages/airflow/example_dags/example_params_ui_tutorial.py for tasks to queue
[2023-11-22T19:47:54.662+0000] {logging_mixin.py:154} INFO - [2023-11-22T19:47:54.662+0000] {dagbag.py:536} INFO - Filling up the DagBag from /home/airflow/.local/lib/python3.8/site-packages/airflow/example_dags/example_params_ui_tutorial.py
[2023-11-22T19:47:54.689+0000] {processor.py:839} INFO - DAG(s) dict_keys(['example_params_ui_tutorial']) retrieved from /home/airflow/.local/lib/python3.8/site-packages/airflow/example_dags/example_params_ui_tutorial.py
[2023-11-22T19:47:54.729+0000] {logging_mixin.py:154} INFO - [2023-11-22T19:47:54.729+0000] {dag.py:2941} INFO - Sync 1 DAGs
[2023-11-22T19:47:54.739+0000] {logging_mixin.py:154} INFO - [2023-11-22T19:47:54.738+0000] {dag.py:3722} INFO - Setting next_dagrun for example_params_ui_tutorial to None, run_after=None
[2023-11-22T19:47:54.751+0000] {processor.py:179} INFO - Processing /home/airflow/.local/lib/python3.8/site-packages/airflow/example_dags/example_params_ui_tutorial.py took 0.094 seconds
[2023-11-22T19:48:25.527+0000] {processor.py:157} INFO - Started process (PID=8909) to work on /home/airflow/.local/lib/python3.8/site-packages/airflow/example_dags/example_params_ui_tutorial.py
[2023-11-22T19:48:25.528+0000] {processor.py:829} INFO - Processing file /home/airflow/.local/lib/python3.8/site-packages/airflow/example_dags/example_params_ui_tutorial.py for tasks to queue
[2023-11-22T19:48:25.528+0000] {logging_mixin.py:154} INFO - [2023-11-22T19:48:25.528+0000] {dagbag.py:536} INFO - Filling up the DagBag from /home/airflow/.local/lib/python3.8/site-packages/airflow/example_dags/example_params_ui_tutorial.py
[2023-11-22T19:48:25.556+0000] {processor.py:839} INFO - DAG(s) dict_keys(['example_params_ui_tutorial']) retrieved from /home/airflow/.local/lib/python3.8/site-packages/airflow/example_dags/example_params_ui_tutorial.py
[2023-11-22T19:48:25.598+0000] {logging_mixin.py:154} INFO - [2023-11-22T19:48:25.598+0000] {dag.py:2941} INFO - Sync 1 DAGs
[2023-11-22T19:48:25.608+0000] {logging_mixin.py:154} INFO - [2023-11-22T19:48:25.608+0000] {dag.py:3722} INFO - Setting next_dagrun for example_params_ui_tutorial to None, run_after=None
[2023-11-22T19:48:25.748+0000] {processor.py:179} INFO - Processing /home/airflow/.local/lib/python3.8/site-packages/airflow/example_dags/example_params_ui_tutorial.py took 0.225 seconds
[2023-11-22T19:48:55.987+0000] {processor.py:157} INFO - Started process (PID=9147) to work on /home/airflow/.local/lib/python3.8/site-packages/airflow/example_dags/example_params_ui_tutorial.py
[2023-11-22T19:48:55.989+0000] {processor.py:829} INFO - Processing file /home/airflow/.local/lib/python3.8/site-packages/airflow/example_dags/example_params_ui_tutorial.py for tasks to queue
[2023-11-22T19:48:55.990+0000] {logging_mixin.py:154} INFO - [2023-11-22T19:48:55.989+0000] {dagbag.py:536} INFO - Filling up the DagBag from /home/airflow/.local/lib/python3.8/site-packages/airflow/example_dags/example_params_ui_tutorial.py
[2023-11-22T19:48:56.025+0000] {processor.py:839} INFO - DAG(s) dict_keys(['example_params_ui_tutorial']) retrieved from /home/airflow/.local/lib/python3.8/site-packages/airflow/example_dags/example_params_ui_tutorial.py
[2023-11-22T19:48:56.069+0000] {logging_mixin.py:154} INFO - [2023-11-22T19:48:56.069+0000] {dag.py:2941} INFO - Sync 1 DAGs
[2023-11-22T19:48:56.079+0000] {logging_mixin.py:154} INFO - [2023-11-22T19:48:56.079+0000] {dag.py:3722} INFO - Setting next_dagrun for example_params_ui_tutorial to None, run_after=None
[2023-11-22T19:48:56.098+0000] {processor.py:179} INFO - Processing /home/airflow/.local/lib/python3.8/site-packages/airflow/example_dags/example_params_ui_tutorial.py took 0.115 seconds
[2023-11-22T19:49:27.078+0000] {processor.py:157} INFO - Started process (PID=9385) to work on /home/airflow/.local/lib/python3.8/site-packages/airflow/example_dags/example_params_ui_tutorial.py
[2023-11-22T19:49:27.079+0000] {processor.py:829} INFO - Processing file /home/airflow/.local/lib/python3.8/site-packages/airflow/example_dags/example_params_ui_tutorial.py for tasks to queue
[2023-11-22T19:49:27.080+0000] {logging_mixin.py:154} INFO - [2023-11-22T19:49:27.080+0000] {dagbag.py:536} INFO - Filling up the DagBag from /home/airflow/.local/lib/python3.8/site-packages/airflow/example_dags/example_params_ui_tutorial.py
[2023-11-22T19:49:27.111+0000] {processor.py:839} INFO - DAG(s) dict_keys(['example_params_ui_tutorial']) retrieved from /home/airflow/.local/lib/python3.8/site-packages/airflow/example_dags/example_params_ui_tutorial.py
[2023-11-22T19:49:27.156+0000] {logging_mixin.py:154} INFO - [2023-11-22T19:49:27.156+0000] {dag.py:2941} INFO - Sync 1 DAGs
[2023-11-22T19:49:27.167+0000] {logging_mixin.py:154} INFO - [2023-11-22T19:49:27.166+0000] {dag.py:3722} INFO - Setting next_dagrun for example_params_ui_tutorial to None, run_after=None
[2023-11-22T19:49:27.183+0000] {processor.py:179} INFO - Processing /home/airflow/.local/lib/python3.8/site-packages/airflow/example_dags/example_params_ui_tutorial.py took 0.108 seconds
[2023-11-22T19:49:58.101+0000] {processor.py:157} INFO - Started process (PID=9625) to work on /home/airflow/.local/lib/python3.8/site-packages/airflow/example_dags/example_params_ui_tutorial.py
[2023-11-22T19:49:58.102+0000] {processor.py:829} INFO - Processing file /home/airflow/.local/lib/python3.8/site-packages/airflow/example_dags/example_params_ui_tutorial.py for tasks to queue
[2023-11-22T19:49:58.102+0000] {logging_mixin.py:154} INFO - [2023-11-22T19:49:58.102+0000] {dagbag.py:536} INFO - Filling up the DagBag from /home/airflow/.local/lib/python3.8/site-packages/airflow/example_dags/example_params_ui_tutorial.py
[2023-11-22T19:49:58.130+0000] {processor.py:839} INFO - DAG(s) dict_keys(['example_params_ui_tutorial']) retrieved from /home/airflow/.local/lib/python3.8/site-packages/airflow/example_dags/example_params_ui_tutorial.py
[2023-11-22T19:49:58.172+0000] {logging_mixin.py:154} INFO - [2023-11-22T19:49:58.172+0000] {dag.py:2941} INFO - Sync 1 DAGs
[2023-11-22T19:49:58.182+0000] {logging_mixin.py:154} INFO - [2023-11-22T19:49:58.181+0000] {dag.py:3722} INFO - Setting next_dagrun for example_params_ui_tutorial to None, run_after=None
[2023-11-22T19:49:58.198+0000] {processor.py:179} INFO - Processing /home/airflow/.local/lib/python3.8/site-packages/airflow/example_dags/example_params_ui_tutorial.py took 0.101 seconds
[2023-11-22T19:50:28.372+0000] {processor.py:157} INFO - Started process (PID=9861) to work on /home/airflow/.local/lib/python3.8/site-packages/airflow/example_dags/example_params_ui_tutorial.py
[2023-11-22T19:50:28.373+0000] {processor.py:829} INFO - Processing file /home/airflow/.local/lib/python3.8/site-packages/airflow/example_dags/example_params_ui_tutorial.py for tasks to queue
[2023-11-22T19:50:28.374+0000] {logging_mixin.py:154} INFO - [2023-11-22T19:50:28.374+0000] {dagbag.py:536} INFO - Filling up the DagBag from /home/airflow/.local/lib/python3.8/site-packages/airflow/example_dags/example_params_ui_tutorial.py
[2023-11-22T19:50:28.401+0000] {processor.py:839} INFO - DAG(s) dict_keys(['example_params_ui_tutorial']) retrieved from /home/airflow/.local/lib/python3.8/site-packages/airflow/example_dags/example_params_ui_tutorial.py
[2023-11-22T19:50:28.595+0000] {logging_mixin.py:154} INFO - [2023-11-22T19:50:28.595+0000] {dag.py:2941} INFO - Sync 1 DAGs
[2023-11-22T19:50:28.604+0000] {logging_mixin.py:154} INFO - [2023-11-22T19:50:28.604+0000] {dag.py:3722} INFO - Setting next_dagrun for example_params_ui_tutorial to None, run_after=None
[2023-11-22T19:50:28.618+0000] {processor.py:179} INFO - Processing /home/airflow/.local/lib/python3.8/site-packages/airflow/example_dags/example_params_ui_tutorial.py took 0.249 seconds
[2023-11-22T19:50:58.689+0000] {processor.py:157} INFO - Started process (PID=10099) to work on /home/airflow/.local/lib/python3.8/site-packages/airflow/example_dags/example_params_ui_tutorial.py
[2023-11-22T19:50:58.690+0000] {processor.py:829} INFO - Processing file /home/airflow/.local/lib/python3.8/site-packages/airflow/example_dags/example_params_ui_tutorial.py for tasks to queue
[2023-11-22T19:50:58.691+0000] {logging_mixin.py:154} INFO - [2023-11-22T19:50:58.691+0000] {dagbag.py:536} INFO - Filling up the DagBag from /home/airflow/.local/lib/python3.8/site-packages/airflow/example_dags/example_params_ui_tutorial.py
[2023-11-22T19:50:58.719+0000] {processor.py:839} INFO - DAG(s) dict_keys(['example_params_ui_tutorial']) retrieved from /home/airflow/.local/lib/python3.8/site-packages/airflow/example_dags/example_params_ui_tutorial.py
[2023-11-22T19:50:58.761+0000] {logging_mixin.py:154} INFO - [2023-11-22T19:50:58.761+0000] {dag.py:2941} INFO - Sync 1 DAGs
[2023-11-22T19:50:58.883+0000] {logging_mixin.py:154} INFO - [2023-11-22T19:50:58.883+0000] {dag.py:3722} INFO - Setting next_dagrun for example_params_ui_tutorial to None, run_after=None
[2023-11-22T19:50:58.897+0000] {processor.py:179} INFO - Processing /home/airflow/.local/lib/python3.8/site-packages/airflow/example_dags/example_params_ui_tutorial.py took 0.211 seconds
[2023-11-22T19:51:29.720+0000] {processor.py:157} INFO - Started process (PID=10337) to work on /home/airflow/.local/lib/python3.8/site-packages/airflow/example_dags/example_params_ui_tutorial.py
[2023-11-22T19:51:29.721+0000] {processor.py:829} INFO - Processing file /home/airflow/.local/lib/python3.8/site-packages/airflow/example_dags/example_params_ui_tutorial.py for tasks to queue
[2023-11-22T19:51:29.722+0000] {logging_mixin.py:154} INFO - [2023-11-22T19:51:29.722+0000] {dagbag.py:536} INFO - Filling up the DagBag from /home/airflow/.local/lib/python3.8/site-packages/airflow/example_dags/example_params_ui_tutorial.py
[2023-11-22T19:51:29.749+0000] {processor.py:839} INFO - DAG(s) dict_keys(['example_params_ui_tutorial']) retrieved from /home/airflow/.local/lib/python3.8/site-packages/airflow/example_dags/example_params_ui_tutorial.py
[2023-11-22T19:51:29.792+0000] {logging_mixin.py:154} INFO - [2023-11-22T19:51:29.791+0000] {dag.py:2941} INFO - Sync 1 DAGs
[2023-11-22T19:51:29.802+0000] {logging_mixin.py:154} INFO - [2023-11-22T19:51:29.802+0000] {dag.py:3722} INFO - Setting next_dagrun for example_params_ui_tutorial to None, run_after=None
[2023-11-22T19:51:29.932+0000] {processor.py:179} INFO - Processing /home/airflow/.local/lib/python3.8/site-packages/airflow/example_dags/example_params_ui_tutorial.py took 0.215 seconds
[2023-11-22T19:52:00.163+0000] {processor.py:157} INFO - Started process (PID=10577) to work on /home/airflow/.local/lib/python3.8/site-packages/airflow/example_dags/example_params_ui_tutorial.py
[2023-11-22T19:52:00.164+0000] {processor.py:829} INFO - Processing file /home/airflow/.local/lib/python3.8/site-packages/airflow/example_dags/example_params_ui_tutorial.py for tasks to queue
[2023-11-22T19:52:00.165+0000] {logging_mixin.py:154} INFO - [2023-11-22T19:52:00.165+0000] {dagbag.py:536} INFO - Filling up the DagBag from /home/airflow/.local/lib/python3.8/site-packages/airflow/example_dags/example_params_ui_tutorial.py
[2023-11-22T19:52:00.192+0000] {processor.py:839} INFO - DAG(s) dict_keys(['example_params_ui_tutorial']) retrieved from /home/airflow/.local/lib/python3.8/site-packages/airflow/example_dags/example_params_ui_tutorial.py
[2023-11-22T19:52:00.238+0000] {logging_mixin.py:154} INFO - [2023-11-22T19:52:00.238+0000] {dag.py:2941} INFO - Sync 1 DAGs
[2023-11-22T19:52:00.256+0000] {logging_mixin.py:154} INFO - [2023-11-22T19:52:00.255+0000] {dag.py:3722} INFO - Setting next_dagrun for example_params_ui_tutorial to None, run_after=None
[2023-11-22T19:52:00.271+0000] {processor.py:179} INFO - Processing /home/airflow/.local/lib/python3.8/site-packages/airflow/example_dags/example_params_ui_tutorial.py took 0.111 seconds
[2023-11-22T19:52:30.727+0000] {processor.py:157} INFO - Started process (PID=10819) to work on /home/airflow/.local/lib/python3.8/site-packages/airflow/example_dags/example_params_ui_tutorial.py
[2023-11-22T19:52:30.728+0000] {processor.py:829} INFO - Processing file /home/airflow/.local/lib/python3.8/site-packages/airflow/example_dags/example_params_ui_tutorial.py for tasks to queue
[2023-11-22T19:52:30.729+0000] {logging_mixin.py:154} INFO - [2023-11-22T19:52:30.728+0000] {dagbag.py:536} INFO - Filling up the DagBag from /home/airflow/.local/lib/python3.8/site-packages/airflow/example_dags/example_params_ui_tutorial.py
[2023-11-22T19:52:30.756+0000] {processor.py:839} INFO - DAG(s) dict_keys(['example_params_ui_tutorial']) retrieved from /home/airflow/.local/lib/python3.8/site-packages/airflow/example_dags/example_params_ui_tutorial.py
[2023-11-22T19:52:30.796+0000] {logging_mixin.py:154} INFO - [2023-11-22T19:52:30.796+0000] {dag.py:2941} INFO - Sync 1 DAGs
[2023-11-22T19:52:30.805+0000] {logging_mixin.py:154} INFO - [2023-11-22T19:52:30.805+0000] {dag.py:3722} INFO - Setting next_dagrun for example_params_ui_tutorial to None, run_after=None
[2023-11-22T19:52:30.818+0000] {processor.py:179} INFO - Processing /home/airflow/.local/lib/python3.8/site-packages/airflow/example_dags/example_params_ui_tutorial.py took 0.094 seconds
[2023-11-22T19:53:01.162+0000] {processor.py:157} INFO - Started process (PID=11052) to work on /home/airflow/.local/lib/python3.8/site-packages/airflow/example_dags/example_params_ui_tutorial.py
[2023-11-22T19:53:01.163+0000] {processor.py:829} INFO - Processing file /home/airflow/.local/lib/python3.8/site-packages/airflow/example_dags/example_params_ui_tutorial.py for tasks to queue
[2023-11-22T19:53:01.164+0000] {logging_mixin.py:154} INFO - [2023-11-22T19:53:01.164+0000] {dagbag.py:536} INFO - Filling up the DagBag from /home/airflow/.local/lib/python3.8/site-packages/airflow/example_dags/example_params_ui_tutorial.py
[2023-11-22T19:53:01.196+0000] {processor.py:839} INFO - DAG(s) dict_keys(['example_params_ui_tutorial']) retrieved from /home/airflow/.local/lib/python3.8/site-packages/airflow/example_dags/example_params_ui_tutorial.py
[2023-11-22T19:53:01.241+0000] {logging_mixin.py:154} INFO - [2023-11-22T19:53:01.241+0000] {dag.py:2941} INFO - Sync 1 DAGs
[2023-11-22T19:53:01.250+0000] {logging_mixin.py:154} INFO - [2023-11-22T19:53:01.250+0000] {dag.py:3722} INFO - Setting next_dagrun for example_params_ui_tutorial to None, run_after=None
[2023-11-22T19:53:01.263+0000] {processor.py:179} INFO - Processing /home/airflow/.local/lib/python3.8/site-packages/airflow/example_dags/example_params_ui_tutorial.py took 0.104 seconds
[2023-11-22T19:53:31.535+0000] {processor.py:157} INFO - Started process (PID=11290) to work on /home/airflow/.local/lib/python3.8/site-packages/airflow/example_dags/example_params_ui_tutorial.py
[2023-11-22T19:53:31.536+0000] {processor.py:829} INFO - Processing file /home/airflow/.local/lib/python3.8/site-packages/airflow/example_dags/example_params_ui_tutorial.py for tasks to queue
[2023-11-22T19:53:31.537+0000] {logging_mixin.py:154} INFO - [2023-11-22T19:53:31.536+0000] {dagbag.py:536} INFO - Filling up the DagBag from /home/airflow/.local/lib/python3.8/site-packages/airflow/example_dags/example_params_ui_tutorial.py
[2023-11-22T19:53:31.564+0000] {processor.py:839} INFO - DAG(s) dict_keys(['example_params_ui_tutorial']) retrieved from /home/airflow/.local/lib/python3.8/site-packages/airflow/example_dags/example_params_ui_tutorial.py
[2023-11-22T19:53:31.604+0000] {logging_mixin.py:154} INFO - [2023-11-22T19:53:31.604+0000] {dag.py:2941} INFO - Sync 1 DAGs
[2023-11-22T19:53:31.613+0000] {logging_mixin.py:154} INFO - [2023-11-22T19:53:31.613+0000] {dag.py:3722} INFO - Setting next_dagrun for example_params_ui_tutorial to None, run_after=None
[2023-11-22T19:53:31.626+0000] {processor.py:179} INFO - Processing /home/airflow/.local/lib/python3.8/site-packages/airflow/example_dags/example_params_ui_tutorial.py took 0.095 seconds
[2023-11-22T19:54:02.581+0000] {processor.py:157} INFO - Started process (PID=11528) to work on /home/airflow/.local/lib/python3.8/site-packages/airflow/example_dags/example_params_ui_tutorial.py
[2023-11-22T19:54:02.584+0000] {processor.py:829} INFO - Processing file /home/airflow/.local/lib/python3.8/site-packages/airflow/example_dags/example_params_ui_tutorial.py for tasks to queue
[2023-11-22T19:54:02.587+0000] {logging_mixin.py:154} INFO - [2023-11-22T19:54:02.586+0000] {dagbag.py:536} INFO - Filling up the DagBag from /home/airflow/.local/lib/python3.8/site-packages/airflow/example_dags/example_params_ui_tutorial.py
[2023-11-22T19:54:02.684+0000] {processor.py:839} INFO - DAG(s) dict_keys(['example_params_ui_tutorial']) retrieved from /home/airflow/.local/lib/python3.8/site-packages/airflow/example_dags/example_params_ui_tutorial.py
[2023-11-22T19:54:02.831+0000] {logging_mixin.py:154} INFO - [2023-11-22T19:54:02.830+0000] {dag.py:2941} INFO - Sync 1 DAGs
[2023-11-22T19:54:02.865+0000] {logging_mixin.py:154} INFO - [2023-11-22T19:54:02.864+0000] {dag.py:3722} INFO - Setting next_dagrun for example_params_ui_tutorial to None, run_after=None
[2023-11-22T19:54:02.910+0000] {processor.py:179} INFO - Processing /home/airflow/.local/lib/python3.8/site-packages/airflow/example_dags/example_params_ui_tutorial.py took 0.338 seconds
[2023-11-22T20:36:15.647+0000] {processor.py:157} INFO - Started process (PID=11768) to work on /home/airflow/.local/lib/python3.8/site-packages/airflow/example_dags/example_params_ui_tutorial.py
[2023-11-22T20:36:15.647+0000] {processor.py:829} INFO - Processing file /home/airflow/.local/lib/python3.8/site-packages/airflow/example_dags/example_params_ui_tutorial.py for tasks to queue
[2023-11-22T20:36:15.648+0000] {logging_mixin.py:154} INFO - [2023-11-22T20:36:15.648+0000] {dagbag.py:536} INFO - Filling up the DagBag from /home/airflow/.local/lib/python3.8/site-packages/airflow/example_dags/example_params_ui_tutorial.py
[2023-11-22T20:36:15.676+0000] {processor.py:839} INFO - DAG(s) dict_keys(['example_params_ui_tutorial']) retrieved from /home/airflow/.local/lib/python3.8/site-packages/airflow/example_dags/example_params_ui_tutorial.py
[2023-11-22T20:36:15.717+0000] {logging_mixin.py:154} INFO - [2023-11-22T20:36:15.717+0000] {dag.py:2941} INFO - Sync 1 DAGs
[2023-11-22T20:36:15.726+0000] {logging_mixin.py:154} INFO - [2023-11-22T20:36:15.726+0000] {dag.py:3722} INFO - Setting next_dagrun for example_params_ui_tutorial to None, run_after=None
[2023-11-22T20:36:15.739+0000] {processor.py:179} INFO - Processing /home/airflow/.local/lib/python3.8/site-packages/airflow/example_dags/example_params_ui_tutorial.py took 0.096 seconds
[2023-11-22T21:01:35.188+0000] {processor.py:157} INFO - Started process (PID=12007) to work on /home/airflow/.local/lib/python3.8/site-packages/airflow/example_dags/example_params_ui_tutorial.py
[2023-11-22T21:01:35.190+0000] {processor.py:829} INFO - Processing file /home/airflow/.local/lib/python3.8/site-packages/airflow/example_dags/example_params_ui_tutorial.py for tasks to queue
[2023-11-22T21:01:35.192+0000] {logging_mixin.py:154} INFO - [2023-11-22T21:01:35.191+0000] {dagbag.py:536} INFO - Filling up the DagBag from /home/airflow/.local/lib/python3.8/site-packages/airflow/example_dags/example_params_ui_tutorial.py
[2023-11-22T21:01:35.246+0000] {processor.py:839} INFO - DAG(s) dict_keys(['example_params_ui_tutorial']) retrieved from /home/airflow/.local/lib/python3.8/site-packages/airflow/example_dags/example_params_ui_tutorial.py
[2023-11-22T21:01:35.337+0000] {logging_mixin.py:154} INFO - [2023-11-22T21:01:35.336+0000] {dag.py:2941} INFO - Sync 1 DAGs
[2023-11-22T21:01:35.356+0000] {logging_mixin.py:154} INFO - [2023-11-22T21:01:35.356+0000] {dag.py:3722} INFO - Setting next_dagrun for example_params_ui_tutorial to None, run_after=None
[2023-11-22T21:01:35.384+0000] {processor.py:179} INFO - Processing /home/airflow/.local/lib/python3.8/site-packages/airflow/example_dags/example_params_ui_tutorial.py took 0.202 seconds
[2023-11-22T21:02:05.694+0000] {processor.py:157} INFO - Started process (PID=12245) to work on /home/airflow/.local/lib/python3.8/site-packages/airflow/example_dags/example_params_ui_tutorial.py
[2023-11-22T21:02:05.695+0000] {processor.py:829} INFO - Processing file /home/airflow/.local/lib/python3.8/site-packages/airflow/example_dags/example_params_ui_tutorial.py for tasks to queue
[2023-11-22T21:02:05.696+0000] {logging_mixin.py:154} INFO - [2023-11-22T21:02:05.695+0000] {dagbag.py:536} INFO - Filling up the DagBag from /home/airflow/.local/lib/python3.8/site-packages/airflow/example_dags/example_params_ui_tutorial.py
[2023-11-22T21:02:05.726+0000] {processor.py:839} INFO - DAG(s) dict_keys(['example_params_ui_tutorial']) retrieved from /home/airflow/.local/lib/python3.8/site-packages/airflow/example_dags/example_params_ui_tutorial.py
[2023-11-22T21:02:05.771+0000] {logging_mixin.py:154} INFO - [2023-11-22T21:02:05.771+0000] {dag.py:2941} INFO - Sync 1 DAGs
[2023-11-22T21:02:05.781+0000] {logging_mixin.py:154} INFO - [2023-11-22T21:02:05.781+0000] {dag.py:3722} INFO - Setting next_dagrun for example_params_ui_tutorial to None, run_after=None
[2023-11-22T21:02:05.798+0000] {processor.py:179} INFO - Processing /home/airflow/.local/lib/python3.8/site-packages/airflow/example_dags/example_params_ui_tutorial.py took 0.108 seconds
[2023-11-22T21:02:36.597+0000] {processor.py:157} INFO - Started process (PID=12483) to work on /home/airflow/.local/lib/python3.8/site-packages/airflow/example_dags/example_params_ui_tutorial.py
[2023-11-22T21:02:36.598+0000] {processor.py:829} INFO - Processing file /home/airflow/.local/lib/python3.8/site-packages/airflow/example_dags/example_params_ui_tutorial.py for tasks to queue
[2023-11-22T21:02:36.598+0000] {logging_mixin.py:154} INFO - [2023-11-22T21:02:36.598+0000] {dagbag.py:536} INFO - Filling up the DagBag from /home/airflow/.local/lib/python3.8/site-packages/airflow/example_dags/example_params_ui_tutorial.py
[2023-11-22T21:02:36.627+0000] {processor.py:839} INFO - DAG(s) dict_keys(['example_params_ui_tutorial']) retrieved from /home/airflow/.local/lib/python3.8/site-packages/airflow/example_dags/example_params_ui_tutorial.py
[2023-11-22T21:02:36.668+0000] {logging_mixin.py:154} INFO - [2023-11-22T21:02:36.668+0000] {dag.py:2941} INFO - Sync 1 DAGs
[2023-11-22T21:02:36.677+0000] {logging_mixin.py:154} INFO - [2023-11-22T21:02:36.677+0000] {dag.py:3722} INFO - Setting next_dagrun for example_params_ui_tutorial to None, run_after=None
[2023-11-22T21:02:36.690+0000] {processor.py:179} INFO - Processing /home/airflow/.local/lib/python3.8/site-packages/airflow/example_dags/example_params_ui_tutorial.py took 0.097 seconds
[2023-11-22T21:03:06.841+0000] {processor.py:157} INFO - Started process (PID=12721) to work on /home/airflow/.local/lib/python3.8/site-packages/airflow/example_dags/example_params_ui_tutorial.py
[2023-11-22T21:03:06.843+0000] {processor.py:829} INFO - Processing file /home/airflow/.local/lib/python3.8/site-packages/airflow/example_dags/example_params_ui_tutorial.py for tasks to queue
[2023-11-22T21:03:06.844+0000] {logging_mixin.py:154} INFO - [2023-11-22T21:03:06.843+0000] {dagbag.py:536} INFO - Filling up the DagBag from /home/airflow/.local/lib/python3.8/site-packages/airflow/example_dags/example_params_ui_tutorial.py
[2023-11-22T21:03:06.875+0000] {processor.py:839} INFO - DAG(s) dict_keys(['example_params_ui_tutorial']) retrieved from /home/airflow/.local/lib/python3.8/site-packages/airflow/example_dags/example_params_ui_tutorial.py
[2023-11-22T21:03:06.918+0000] {logging_mixin.py:154} INFO - [2023-11-22T21:03:06.918+0000] {dag.py:2941} INFO - Sync 1 DAGs
[2023-11-22T21:03:06.930+0000] {logging_mixin.py:154} INFO - [2023-11-22T21:03:06.930+0000] {dag.py:3722} INFO - Setting next_dagrun for example_params_ui_tutorial to None, run_after=None
[2023-11-22T21:03:07.017+0000] {processor.py:179} INFO - Processing /home/airflow/.local/lib/python3.8/site-packages/airflow/example_dags/example_params_ui_tutorial.py took 0.178 seconds
[2023-11-22T21:03:37.807+0000] {processor.py:157} INFO - Started process (PID=12959) to work on /home/airflow/.local/lib/python3.8/site-packages/airflow/example_dags/example_params_ui_tutorial.py
[2023-11-22T21:03:37.808+0000] {processor.py:829} INFO - Processing file /home/airflow/.local/lib/python3.8/site-packages/airflow/example_dags/example_params_ui_tutorial.py for tasks to queue
[2023-11-22T21:03:37.809+0000] {logging_mixin.py:154} INFO - [2023-11-22T21:03:37.809+0000] {dagbag.py:536} INFO - Filling up the DagBag from /home/airflow/.local/lib/python3.8/site-packages/airflow/example_dags/example_params_ui_tutorial.py
[2023-11-22T21:03:37.839+0000] {processor.py:839} INFO - DAG(s) dict_keys(['example_params_ui_tutorial']) retrieved from /home/airflow/.local/lib/python3.8/site-packages/airflow/example_dags/example_params_ui_tutorial.py
[2023-11-22T21:03:37.884+0000] {logging_mixin.py:154} INFO - [2023-11-22T21:03:37.884+0000] {dag.py:2941} INFO - Sync 1 DAGs
[2023-11-22T21:03:37.895+0000] {logging_mixin.py:154} INFO - [2023-11-22T21:03:37.895+0000] {dag.py:3722} INFO - Setting next_dagrun for example_params_ui_tutorial to None, run_after=None
[2023-11-22T21:03:37.911+0000] {processor.py:179} INFO - Processing /home/airflow/.local/lib/python3.8/site-packages/airflow/example_dags/example_params_ui_tutorial.py took 0.107 seconds
[2023-11-22T21:04:08.334+0000] {processor.py:157} INFO - Started process (PID=13197) to work on /home/airflow/.local/lib/python3.8/site-packages/airflow/example_dags/example_params_ui_tutorial.py
[2023-11-22T21:04:08.335+0000] {processor.py:829} INFO - Processing file /home/airflow/.local/lib/python3.8/site-packages/airflow/example_dags/example_params_ui_tutorial.py for tasks to queue
[2023-11-22T21:04:08.336+0000] {logging_mixin.py:154} INFO - [2023-11-22T21:04:08.336+0000] {dagbag.py:536} INFO - Filling up the DagBag from /home/airflow/.local/lib/python3.8/site-packages/airflow/example_dags/example_params_ui_tutorial.py
[2023-11-22T21:04:08.367+0000] {processor.py:839} INFO - DAG(s) dict_keys(['example_params_ui_tutorial']) retrieved from /home/airflow/.local/lib/python3.8/site-packages/airflow/example_dags/example_params_ui_tutorial.py
[2023-11-22T21:04:08.412+0000] {logging_mixin.py:154} INFO - [2023-11-22T21:04:08.411+0000] {dag.py:2941} INFO - Sync 1 DAGs
[2023-11-22T21:04:08.423+0000] {logging_mixin.py:154} INFO - [2023-11-22T21:04:08.423+0000] {dag.py:3722} INFO - Setting next_dagrun for example_params_ui_tutorial to None, run_after=None
[2023-11-22T21:04:08.439+0000] {processor.py:179} INFO - Processing /home/airflow/.local/lib/python3.8/site-packages/airflow/example_dags/example_params_ui_tutorial.py took 0.108 seconds
[2023-11-22T21:04:38.946+0000] {processor.py:157} INFO - Started process (PID=13435) to work on /home/airflow/.local/lib/python3.8/site-packages/airflow/example_dags/example_params_ui_tutorial.py
[2023-11-22T21:04:38.947+0000] {processor.py:829} INFO - Processing file /home/airflow/.local/lib/python3.8/site-packages/airflow/example_dags/example_params_ui_tutorial.py for tasks to queue
[2023-11-22T21:04:38.948+0000] {logging_mixin.py:154} INFO - [2023-11-22T21:04:38.948+0000] {dagbag.py:536} INFO - Filling up the DagBag from /home/airflow/.local/lib/python3.8/site-packages/airflow/example_dags/example_params_ui_tutorial.py
[2023-11-22T21:04:38.978+0000] {processor.py:839} INFO - DAG(s) dict_keys(['example_params_ui_tutorial']) retrieved from /home/airflow/.local/lib/python3.8/site-packages/airflow/example_dags/example_params_ui_tutorial.py
[2023-11-22T21:04:39.026+0000] {logging_mixin.py:154} INFO - [2023-11-22T21:04:39.026+0000] {dag.py:2941} INFO - Sync 1 DAGs
[2023-11-22T21:04:39.037+0000] {logging_mixin.py:154} INFO - [2023-11-22T21:04:39.036+0000] {dag.py:3722} INFO - Setting next_dagrun for example_params_ui_tutorial to None, run_after=None
[2023-11-22T21:04:39.051+0000] {processor.py:179} INFO - Processing /home/airflow/.local/lib/python3.8/site-packages/airflow/example_dags/example_params_ui_tutorial.py took 0.108 seconds
[2023-11-22T21:05:09.474+0000] {processor.py:157} INFO - Started process (PID=13673) to work on /home/airflow/.local/lib/python3.8/site-packages/airflow/example_dags/example_params_ui_tutorial.py
[2023-11-22T21:05:09.475+0000] {processor.py:829} INFO - Processing file /home/airflow/.local/lib/python3.8/site-packages/airflow/example_dags/example_params_ui_tutorial.py for tasks to queue
[2023-11-22T21:05:09.476+0000] {logging_mixin.py:154} INFO - [2023-11-22T21:05:09.475+0000] {dagbag.py:536} INFO - Filling up the DagBag from /home/airflow/.local/lib/python3.8/site-packages/airflow/example_dags/example_params_ui_tutorial.py
[2023-11-22T21:05:09.504+0000] {processor.py:839} INFO - DAG(s) dict_keys(['example_params_ui_tutorial']) retrieved from /home/airflow/.local/lib/python3.8/site-packages/airflow/example_dags/example_params_ui_tutorial.py
[2023-11-22T21:05:09.545+0000] {logging_mixin.py:154} INFO - [2023-11-22T21:05:09.545+0000] {dag.py:2941} INFO - Sync 1 DAGs
[2023-11-22T21:05:09.555+0000] {logging_mixin.py:154} INFO - [2023-11-22T21:05:09.555+0000] {dag.py:3722} INFO - Setting next_dagrun for example_params_ui_tutorial to None, run_after=None
[2023-11-22T21:05:09.569+0000] {processor.py:179} INFO - Processing /home/airflow/.local/lib/python3.8/site-packages/airflow/example_dags/example_params_ui_tutorial.py took 0.098 seconds
[2023-11-22T21:05:40.292+0000] {processor.py:157} INFO - Started process (PID=13910) to work on /home/airflow/.local/lib/python3.8/site-packages/airflow/example_dags/example_params_ui_tutorial.py
[2023-11-22T21:05:40.293+0000] {processor.py:829} INFO - Processing file /home/airflow/.local/lib/python3.8/site-packages/airflow/example_dags/example_params_ui_tutorial.py for tasks to queue
[2023-11-22T21:05:40.294+0000] {logging_mixin.py:154} INFO - [2023-11-22T21:05:40.294+0000] {dagbag.py:536} INFO - Filling up the DagBag from /home/airflow/.local/lib/python3.8/site-packages/airflow/example_dags/example_params_ui_tutorial.py
[2023-11-22T21:05:40.343+0000] {processor.py:839} INFO - DAG(s) dict_keys(['example_params_ui_tutorial']) retrieved from /home/airflow/.local/lib/python3.8/site-packages/airflow/example_dags/example_params_ui_tutorial.py
[2023-11-22T21:05:40.413+0000] {logging_mixin.py:154} INFO - [2023-11-22T21:05:40.412+0000] {dag.py:2941} INFO - Sync 1 DAGs
[2023-11-22T21:05:40.427+0000] {logging_mixin.py:154} INFO - [2023-11-22T21:05:40.426+0000] {dag.py:3722} INFO - Setting next_dagrun for example_params_ui_tutorial to None, run_after=None
[2023-11-22T21:05:40.448+0000] {processor.py:179} INFO - Processing /home/airflow/.local/lib/python3.8/site-packages/airflow/example_dags/example_params_ui_tutorial.py took 0.160 seconds
[2023-11-22T21:06:10.543+0000] {processor.py:157} INFO - Started process (PID=14150) to work on /home/airflow/.local/lib/python3.8/site-packages/airflow/example_dags/example_params_ui_tutorial.py
[2023-11-22T21:06:10.544+0000] {processor.py:829} INFO - Processing file /home/airflow/.local/lib/python3.8/site-packages/airflow/example_dags/example_params_ui_tutorial.py for tasks to queue
[2023-11-22T21:06:10.545+0000] {logging_mixin.py:154} INFO - [2023-11-22T21:06:10.544+0000] {dagbag.py:536} INFO - Filling up the DagBag from /home/airflow/.local/lib/python3.8/site-packages/airflow/example_dags/example_params_ui_tutorial.py
[2023-11-22T21:06:10.574+0000] {processor.py:839} INFO - DAG(s) dict_keys(['example_params_ui_tutorial']) retrieved from /home/airflow/.local/lib/python3.8/site-packages/airflow/example_dags/example_params_ui_tutorial.py
[2023-11-22T21:06:10.622+0000] {logging_mixin.py:154} INFO - [2023-11-22T21:06:10.622+0000] {dag.py:2941} INFO - Sync 1 DAGs
[2023-11-22T21:06:10.634+0000] {logging_mixin.py:154} INFO - [2023-11-22T21:06:10.633+0000] {dag.py:3722} INFO - Setting next_dagrun for example_params_ui_tutorial to None, run_after=None
[2023-11-22T21:06:10.649+0000] {processor.py:179} INFO - Processing /home/airflow/.local/lib/python3.8/site-packages/airflow/example_dags/example_params_ui_tutorial.py took 0.109 seconds
[2023-11-22T21:06:41.443+0000] {processor.py:157} INFO - Started process (PID=14386) to work on /home/airflow/.local/lib/python3.8/site-packages/airflow/example_dags/example_params_ui_tutorial.py
[2023-11-22T21:06:41.443+0000] {processor.py:829} INFO - Processing file /home/airflow/.local/lib/python3.8/site-packages/airflow/example_dags/example_params_ui_tutorial.py for tasks to queue
[2023-11-22T21:06:41.444+0000] {logging_mixin.py:154} INFO - [2023-11-22T21:06:41.444+0000] {dagbag.py:536} INFO - Filling up the DagBag from /home/airflow/.local/lib/python3.8/site-packages/airflow/example_dags/example_params_ui_tutorial.py
[2023-11-22T21:06:41.474+0000] {processor.py:839} INFO - DAG(s) dict_keys(['example_params_ui_tutorial']) retrieved from /home/airflow/.local/lib/python3.8/site-packages/airflow/example_dags/example_params_ui_tutorial.py
[2023-11-22T21:06:41.516+0000] {logging_mixin.py:154} INFO - [2023-11-22T21:06:41.516+0000] {dag.py:2941} INFO - Sync 1 DAGs
[2023-11-22T21:06:41.526+0000] {logging_mixin.py:154} INFO - [2023-11-22T21:06:41.526+0000] {dag.py:3722} INFO - Setting next_dagrun for example_params_ui_tutorial to None, run_after=None
[2023-11-22T21:06:41.540+0000] {processor.py:179} INFO - Processing /home/airflow/.local/lib/python3.8/site-packages/airflow/example_dags/example_params_ui_tutorial.py took 0.101 seconds
[2023-11-22T21:07:12.580+0000] {processor.py:157} INFO - Started process (PID=14624) to work on /home/airflow/.local/lib/python3.8/site-packages/airflow/example_dags/example_params_ui_tutorial.py
[2023-11-22T21:07:12.582+0000] {processor.py:829} INFO - Processing file /home/airflow/.local/lib/python3.8/site-packages/airflow/example_dags/example_params_ui_tutorial.py for tasks to queue
[2023-11-22T21:07:12.583+0000] {logging_mixin.py:154} INFO - [2023-11-22T21:07:12.583+0000] {dagbag.py:536} INFO - Filling up the DagBag from /home/airflow/.local/lib/python3.8/site-packages/airflow/example_dags/example_params_ui_tutorial.py
[2023-11-22T21:07:12.620+0000] {processor.py:839} INFO - DAG(s) dict_keys(['example_params_ui_tutorial']) retrieved from /home/airflow/.local/lib/python3.8/site-packages/airflow/example_dags/example_params_ui_tutorial.py
[2023-11-22T21:07:12.679+0000] {logging_mixin.py:154} INFO - [2023-11-22T21:07:12.679+0000] {dag.py:2941} INFO - Sync 1 DAGs
[2023-11-22T21:07:12.700+0000] {logging_mixin.py:154} INFO - [2023-11-22T21:07:12.700+0000] {dag.py:3722} INFO - Setting next_dagrun for example_params_ui_tutorial to None, run_after=None
[2023-11-22T21:07:12.728+0000] {processor.py:179} INFO - Processing /home/airflow/.local/lib/python3.8/site-packages/airflow/example_dags/example_params_ui_tutorial.py took 0.152 seconds
[2023-11-22T21:07:43.591+0000] {processor.py:157} INFO - Started process (PID=14864) to work on /home/airflow/.local/lib/python3.8/site-packages/airflow/example_dags/example_params_ui_tutorial.py
[2023-11-22T21:07:43.592+0000] {processor.py:829} INFO - Processing file /home/airflow/.local/lib/python3.8/site-packages/airflow/example_dags/example_params_ui_tutorial.py for tasks to queue
[2023-11-22T21:07:43.593+0000] {logging_mixin.py:154} INFO - [2023-11-22T21:07:43.592+0000] {dagbag.py:536} INFO - Filling up the DagBag from /home/airflow/.local/lib/python3.8/site-packages/airflow/example_dags/example_params_ui_tutorial.py
[2023-11-22T21:07:43.621+0000] {processor.py:839} INFO - DAG(s) dict_keys(['example_params_ui_tutorial']) retrieved from /home/airflow/.local/lib/python3.8/site-packages/airflow/example_dags/example_params_ui_tutorial.py
[2023-11-22T21:07:43.661+0000] {logging_mixin.py:154} INFO - [2023-11-22T21:07:43.661+0000] {dag.py:2941} INFO - Sync 1 DAGs
[2023-11-22T21:07:43.671+0000] {logging_mixin.py:154} INFO - [2023-11-22T21:07:43.671+0000] {dag.py:3722} INFO - Setting next_dagrun for example_params_ui_tutorial to None, run_after=None
[2023-11-22T21:07:43.686+0000] {processor.py:179} INFO - Processing /home/airflow/.local/lib/python3.8/site-packages/airflow/example_dags/example_params_ui_tutorial.py took 0.098 seconds
[2023-11-22T21:08:14.394+0000] {processor.py:157} INFO - Started process (PID=15102) to work on /home/airflow/.local/lib/python3.8/site-packages/airflow/example_dags/example_params_ui_tutorial.py
[2023-11-22T21:08:14.395+0000] {processor.py:829} INFO - Processing file /home/airflow/.local/lib/python3.8/site-packages/airflow/example_dags/example_params_ui_tutorial.py for tasks to queue
[2023-11-22T21:08:14.396+0000] {logging_mixin.py:154} INFO - [2023-11-22T21:08:14.395+0000] {dagbag.py:536} INFO - Filling up the DagBag from /home/airflow/.local/lib/python3.8/site-packages/airflow/example_dags/example_params_ui_tutorial.py
[2023-11-22T21:08:14.425+0000] {processor.py:839} INFO - DAG(s) dict_keys(['example_params_ui_tutorial']) retrieved from /home/airflow/.local/lib/python3.8/site-packages/airflow/example_dags/example_params_ui_tutorial.py
[2023-11-22T21:08:14.470+0000] {logging_mixin.py:154} INFO - [2023-11-22T21:08:14.470+0000] {dag.py:2941} INFO - Sync 1 DAGs
[2023-11-22T21:08:14.480+0000] {logging_mixin.py:154} INFO - [2023-11-22T21:08:14.480+0000] {dag.py:3722} INFO - Setting next_dagrun for example_params_ui_tutorial to None, run_after=None
[2023-11-22T21:08:14.494+0000] {processor.py:179} INFO - Processing /home/airflow/.local/lib/python3.8/site-packages/airflow/example_dags/example_params_ui_tutorial.py took 0.103 seconds
[2023-11-22T21:08:44.873+0000] {processor.py:157} INFO - Started process (PID=15340) to work on /home/airflow/.local/lib/python3.8/site-packages/airflow/example_dags/example_params_ui_tutorial.py
[2023-11-22T21:08:44.874+0000] {processor.py:829} INFO - Processing file /home/airflow/.local/lib/python3.8/site-packages/airflow/example_dags/example_params_ui_tutorial.py for tasks to queue
[2023-11-22T21:08:44.875+0000] {logging_mixin.py:154} INFO - [2023-11-22T21:08:44.875+0000] {dagbag.py:536} INFO - Filling up the DagBag from /home/airflow/.local/lib/python3.8/site-packages/airflow/example_dags/example_params_ui_tutorial.py
[2023-11-22T21:08:44.904+0000] {processor.py:839} INFO - DAG(s) dict_keys(['example_params_ui_tutorial']) retrieved from /home/airflow/.local/lib/python3.8/site-packages/airflow/example_dags/example_params_ui_tutorial.py
[2023-11-22T21:08:44.955+0000] {logging_mixin.py:154} INFO - [2023-11-22T21:08:44.955+0000] {dag.py:2941} INFO - Sync 1 DAGs
[2023-11-22T21:08:44.967+0000] {logging_mixin.py:154} INFO - [2023-11-22T21:08:44.967+0000] {dag.py:3722} INFO - Setting next_dagrun for example_params_ui_tutorial to None, run_after=None
[2023-11-22T21:08:44.986+0000] {processor.py:179} INFO - Processing /home/airflow/.local/lib/python3.8/site-packages/airflow/example_dags/example_params_ui_tutorial.py took 0.117 seconds
[2023-11-22T21:09:43.722+0000] {processor.py:157} INFO - Started process (PID=337) to work on /home/airflow/.local/lib/python3.8/site-packages/airflow/example_dags/example_params_ui_tutorial.py
[2023-11-22T21:09:43.723+0000] {processor.py:829} INFO - Processing file /home/airflow/.local/lib/python3.8/site-packages/airflow/example_dags/example_params_ui_tutorial.py for tasks to queue
[2023-11-22T21:09:43.725+0000] {logging_mixin.py:154} INFO - [2023-11-22T21:09:43.725+0000] {dagbag.py:536} INFO - Filling up the DagBag from /home/airflow/.local/lib/python3.8/site-packages/airflow/example_dags/example_params_ui_tutorial.py
[2023-11-22T21:09:43.772+0000] {processor.py:839} INFO - DAG(s) dict_keys(['example_params_ui_tutorial']) retrieved from /home/airflow/.local/lib/python3.8/site-packages/airflow/example_dags/example_params_ui_tutorial.py
[2023-11-22T21:09:43.794+0000] {logging_mixin.py:154} INFO - [2023-11-22T21:09:43.793+0000] {dag.py:2941} INFO - Sync 1 DAGs
[2023-11-22T21:09:43.810+0000] {logging_mixin.py:154} INFO - [2023-11-22T21:09:43.810+0000] {dag.py:3722} INFO - Setting next_dagrun for example_params_ui_tutorial to None, run_after=None
[2023-11-22T21:09:43.834+0000] {processor.py:179} INFO - Processing /home/airflow/.local/lib/python3.8/site-packages/airflow/example_dags/example_params_ui_tutorial.py took 0.117 seconds
[2023-11-22T21:10:13.893+0000] {processor.py:157} INFO - Started process (PID=578) to work on /home/airflow/.local/lib/python3.8/site-packages/airflow/example_dags/example_params_ui_tutorial.py
[2023-11-22T21:10:13.894+0000] {processor.py:829} INFO - Processing file /home/airflow/.local/lib/python3.8/site-packages/airflow/example_dags/example_params_ui_tutorial.py for tasks to queue
[2023-11-22T21:10:13.895+0000] {logging_mixin.py:154} INFO - [2023-11-22T21:10:13.895+0000] {dagbag.py:536} INFO - Filling up the DagBag from /home/airflow/.local/lib/python3.8/site-packages/airflow/example_dags/example_params_ui_tutorial.py
[2023-11-22T21:10:13.922+0000] {processor.py:839} INFO - DAG(s) dict_keys(['example_params_ui_tutorial']) retrieved from /home/airflow/.local/lib/python3.8/site-packages/airflow/example_dags/example_params_ui_tutorial.py
[2023-11-22T21:10:13.962+0000] {logging_mixin.py:154} INFO - [2023-11-22T21:10:13.962+0000] {dag.py:2941} INFO - Sync 1 DAGs
[2023-11-22T21:10:13.971+0000] {logging_mixin.py:154} INFO - [2023-11-22T21:10:13.971+0000] {dag.py:3722} INFO - Setting next_dagrun for example_params_ui_tutorial to None, run_after=None
[2023-11-22T21:10:13.983+0000] {processor.py:179} INFO - Processing /home/airflow/.local/lib/python3.8/site-packages/airflow/example_dags/example_params_ui_tutorial.py took 0.093 seconds
