[2023-11-22T19:30:04.213+0000] {processor.py:157} INFO - Started process (PID=189) to work on /home/airflow/.local/lib/python3.8/site-packages/airflow/example_dags/example_latest_only.py
[2023-11-22T19:30:04.214+0000] {processor.py:829} INFO - Processing file /home/airflow/.local/lib/python3.8/site-packages/airflow/example_dags/example_latest_only.py for tasks to queue
[2023-11-22T19:30:04.216+0000] {logging_mixin.py:154} INFO - [2023-11-22T19:30:04.215+0000] {dagbag.py:536} INFO - Filling up the DagBag from /home/airflow/.local/lib/python3.8/site-packages/airflow/example_dags/example_latest_only.py
[2023-11-22T19:30:04.226+0000] {processor.py:839} INFO - DAG(s) dict_keys(['latest_only']) retrieved from /home/airflow/.local/lib/python3.8/site-packages/airflow/example_dags/example_latest_only.py
[2023-11-22T19:30:04.245+0000] {logging_mixin.py:154} INFO - [2023-11-22T19:30:04.245+0000] {dag.py:2941} INFO - Sync 1 DAGs
[2023-11-22T19:30:04.277+0000] {logging_mixin.py:154} INFO - [2023-11-22T19:30:04.277+0000] {dag.py:3722} INFO - Setting next_dagrun for latest_only to 2023-11-22T15:30:04.276727+00:00, run_after=2023-11-22T19:30:04.276727+00:00
[2023-11-22T19:30:04.300+0000] {processor.py:179} INFO - Processing /home/airflow/.local/lib/python3.8/site-packages/airflow/example_dags/example_latest_only.py took 0.091 seconds
[2023-11-22T19:30:34.671+0000] {processor.py:157} INFO - Started process (PID=427) to work on /home/airflow/.local/lib/python3.8/site-packages/airflow/example_dags/example_latest_only.py
[2023-11-22T19:30:34.672+0000] {processor.py:829} INFO - Processing file /home/airflow/.local/lib/python3.8/site-packages/airflow/example_dags/example_latest_only.py for tasks to queue
[2023-11-22T19:30:34.673+0000] {logging_mixin.py:154} INFO - [2023-11-22T19:30:34.673+0000] {dagbag.py:536} INFO - Filling up the DagBag from /home/airflow/.local/lib/python3.8/site-packages/airflow/example_dags/example_latest_only.py
[2023-11-22T19:30:34.678+0000] {processor.py:839} INFO - DAG(s) dict_keys(['latest_only']) retrieved from /home/airflow/.local/lib/python3.8/site-packages/airflow/example_dags/example_latest_only.py
[2023-11-22T19:30:34.699+0000] {logging_mixin.py:154} INFO - [2023-11-22T19:30:34.699+0000] {dag.py:2941} INFO - Sync 1 DAGs
[2023-11-22T19:30:34.716+0000] {logging_mixin.py:154} INFO - [2023-11-22T19:30:34.716+0000] {dag.py:3722} INFO - Setting next_dagrun for latest_only to 2023-11-22T15:30:34.715782+00:00, run_after=2023-11-22T19:30:34.715782+00:00
[2023-11-22T19:30:34.728+0000] {processor.py:179} INFO - Processing /home/airflow/.local/lib/python3.8/site-packages/airflow/example_dags/example_latest_only.py took 0.060 seconds
[2023-11-22T19:31:05.360+0000] {processor.py:157} INFO - Started process (PID=665) to work on /home/airflow/.local/lib/python3.8/site-packages/airflow/example_dags/example_latest_only.py
[2023-11-22T19:31:05.361+0000] {processor.py:829} INFO - Processing file /home/airflow/.local/lib/python3.8/site-packages/airflow/example_dags/example_latest_only.py for tasks to queue
[2023-11-22T19:31:05.362+0000] {logging_mixin.py:154} INFO - [2023-11-22T19:31:05.362+0000] {dagbag.py:536} INFO - Filling up the DagBag from /home/airflow/.local/lib/python3.8/site-packages/airflow/example_dags/example_latest_only.py
[2023-11-22T19:31:05.368+0000] {processor.py:839} INFO - DAG(s) dict_keys(['latest_only']) retrieved from /home/airflow/.local/lib/python3.8/site-packages/airflow/example_dags/example_latest_only.py
[2023-11-22T19:31:05.388+0000] {logging_mixin.py:154} INFO - [2023-11-22T19:31:05.388+0000] {dag.py:2941} INFO - Sync 1 DAGs
[2023-11-22T19:31:05.404+0000] {logging_mixin.py:154} INFO - [2023-11-22T19:31:05.404+0000] {dag.py:3722} INFO - Setting next_dagrun for latest_only to 2023-11-22T15:31:05.404222+00:00, run_after=2023-11-22T19:31:05.404222+00:00
[2023-11-22T19:31:05.417+0000] {processor.py:179} INFO - Processing /home/airflow/.local/lib/python3.8/site-packages/airflow/example_dags/example_latest_only.py took 0.060 seconds
[2023-11-22T19:31:35.821+0000] {processor.py:157} INFO - Started process (PID=901) to work on /home/airflow/.local/lib/python3.8/site-packages/airflow/example_dags/example_latest_only.py
[2023-11-22T19:31:35.822+0000] {processor.py:829} INFO - Processing file /home/airflow/.local/lib/python3.8/site-packages/airflow/example_dags/example_latest_only.py for tasks to queue
[2023-11-22T19:31:35.823+0000] {logging_mixin.py:154} INFO - [2023-11-22T19:31:35.823+0000] {dagbag.py:536} INFO - Filling up the DagBag from /home/airflow/.local/lib/python3.8/site-packages/airflow/example_dags/example_latest_only.py
[2023-11-22T19:31:35.828+0000] {processor.py:839} INFO - DAG(s) dict_keys(['latest_only']) retrieved from /home/airflow/.local/lib/python3.8/site-packages/airflow/example_dags/example_latest_only.py
[2023-11-22T19:31:35.848+0000] {logging_mixin.py:154} INFO - [2023-11-22T19:31:35.848+0000] {dag.py:2941} INFO - Sync 1 DAGs
[2023-11-22T19:31:35.865+0000] {logging_mixin.py:154} INFO - [2023-11-22T19:31:35.865+0000] {dag.py:3722} INFO - Setting next_dagrun for latest_only to 2023-11-22T15:31:35.864785+00:00, run_after=2023-11-22T19:31:35.864785+00:00
[2023-11-22T19:31:35.877+0000] {processor.py:179} INFO - Processing /home/airflow/.local/lib/python3.8/site-packages/airflow/example_dags/example_latest_only.py took 0.059 seconds
[2023-11-22T19:32:06.108+0000] {processor.py:157} INFO - Started process (PID=1139) to work on /home/airflow/.local/lib/python3.8/site-packages/airflow/example_dags/example_latest_only.py
[2023-11-22T19:32:06.109+0000] {processor.py:829} INFO - Processing file /home/airflow/.local/lib/python3.8/site-packages/airflow/example_dags/example_latest_only.py for tasks to queue
[2023-11-22T19:32:06.110+0000] {logging_mixin.py:154} INFO - [2023-11-22T19:32:06.110+0000] {dagbag.py:536} INFO - Filling up the DagBag from /home/airflow/.local/lib/python3.8/site-packages/airflow/example_dags/example_latest_only.py
[2023-11-22T19:32:06.116+0000] {processor.py:839} INFO - DAG(s) dict_keys(['latest_only']) retrieved from /home/airflow/.local/lib/python3.8/site-packages/airflow/example_dags/example_latest_only.py
[2023-11-22T19:32:06.137+0000] {logging_mixin.py:154} INFO - [2023-11-22T19:32:06.137+0000] {dag.py:2941} INFO - Sync 1 DAGs
[2023-11-22T19:32:06.154+0000] {logging_mixin.py:154} INFO - [2023-11-22T19:32:06.154+0000] {dag.py:3722} INFO - Setting next_dagrun for latest_only to 2023-11-22T15:32:06.153852+00:00, run_after=2023-11-22T19:32:06.153852+00:00
[2023-11-22T19:32:06.168+0000] {processor.py:179} INFO - Processing /home/airflow/.local/lib/python3.8/site-packages/airflow/example_dags/example_latest_only.py took 0.062 seconds
[2023-11-22T19:32:36.708+0000] {processor.py:157} INFO - Started process (PID=1379) to work on /home/airflow/.local/lib/python3.8/site-packages/airflow/example_dags/example_latest_only.py
[2023-11-22T19:32:36.710+0000] {processor.py:829} INFO - Processing file /home/airflow/.local/lib/python3.8/site-packages/airflow/example_dags/example_latest_only.py for tasks to queue
[2023-11-22T19:32:36.712+0000] {logging_mixin.py:154} INFO - [2023-11-22T19:32:36.711+0000] {dagbag.py:536} INFO - Filling up the DagBag from /home/airflow/.local/lib/python3.8/site-packages/airflow/example_dags/example_latest_only.py
[2023-11-22T19:32:36.725+0000] {processor.py:839} INFO - DAG(s) dict_keys(['latest_only']) retrieved from /home/airflow/.local/lib/python3.8/site-packages/airflow/example_dags/example_latest_only.py
[2023-11-22T19:32:36.763+0000] {logging_mixin.py:154} INFO - [2023-11-22T19:32:36.762+0000] {dag.py:2941} INFO - Sync 1 DAGs
[2023-11-22T19:32:36.791+0000] {logging_mixin.py:154} INFO - [2023-11-22T19:32:36.791+0000] {dag.py:3722} INFO - Setting next_dagrun for latest_only to 2023-11-22T15:32:36.790865+00:00, run_after=2023-11-22T19:32:36.790865+00:00
[2023-11-22T19:32:36.818+0000] {processor.py:179} INFO - Processing /home/airflow/.local/lib/python3.8/site-packages/airflow/example_dags/example_latest_only.py took 0.115 seconds
[2023-11-22T19:33:06.912+0000] {processor.py:157} INFO - Started process (PID=1617) to work on /home/airflow/.local/lib/python3.8/site-packages/airflow/example_dags/example_latest_only.py
[2023-11-22T19:33:06.913+0000] {processor.py:829} INFO - Processing file /home/airflow/.local/lib/python3.8/site-packages/airflow/example_dags/example_latest_only.py for tasks to queue
[2023-11-22T19:33:06.914+0000] {logging_mixin.py:154} INFO - [2023-11-22T19:33:06.913+0000] {dagbag.py:536} INFO - Filling up the DagBag from /home/airflow/.local/lib/python3.8/site-packages/airflow/example_dags/example_latest_only.py
[2023-11-22T19:33:06.919+0000] {processor.py:839} INFO - DAG(s) dict_keys(['latest_only']) retrieved from /home/airflow/.local/lib/python3.8/site-packages/airflow/example_dags/example_latest_only.py
[2023-11-22T19:33:06.941+0000] {logging_mixin.py:154} INFO - [2023-11-22T19:33:06.941+0000] {dag.py:2941} INFO - Sync 1 DAGs
[2023-11-22T19:33:06.958+0000] {logging_mixin.py:154} INFO - [2023-11-22T19:33:06.958+0000] {dag.py:3722} INFO - Setting next_dagrun for latest_only to 2023-11-22T15:33:06.957837+00:00, run_after=2023-11-22T19:33:06.957837+00:00
[2023-11-22T19:33:06.973+0000] {processor.py:179} INFO - Processing /home/airflow/.local/lib/python3.8/site-packages/airflow/example_dags/example_latest_only.py took 0.064 seconds
[2023-11-22T19:33:37.295+0000] {processor.py:157} INFO - Started process (PID=1855) to work on /home/airflow/.local/lib/python3.8/site-packages/airflow/example_dags/example_latest_only.py
[2023-11-22T19:33:37.296+0000] {processor.py:829} INFO - Processing file /home/airflow/.local/lib/python3.8/site-packages/airflow/example_dags/example_latest_only.py for tasks to queue
[2023-11-22T19:33:37.296+0000] {logging_mixin.py:154} INFO - [2023-11-22T19:33:37.296+0000] {dagbag.py:536} INFO - Filling up the DagBag from /home/airflow/.local/lib/python3.8/site-packages/airflow/example_dags/example_latest_only.py
[2023-11-22T19:33:37.302+0000] {processor.py:839} INFO - DAG(s) dict_keys(['latest_only']) retrieved from /home/airflow/.local/lib/python3.8/site-packages/airflow/example_dags/example_latest_only.py
[2023-11-22T19:33:37.321+0000] {logging_mixin.py:154} INFO - [2023-11-22T19:33:37.321+0000] {dag.py:2941} INFO - Sync 1 DAGs
[2023-11-22T19:33:37.337+0000] {logging_mixin.py:154} INFO - [2023-11-22T19:33:37.337+0000] {dag.py:3722} INFO - Setting next_dagrun for latest_only to 2023-11-22T15:33:37.337334+00:00, run_after=2023-11-22T19:33:37.337334+00:00
[2023-11-22T19:33:37.350+0000] {processor.py:179} INFO - Processing /home/airflow/.local/lib/python3.8/site-packages/airflow/example_dags/example_latest_only.py took 0.058 seconds
[2023-11-22T19:34:07.994+0000] {processor.py:157} INFO - Started process (PID=2093) to work on /home/airflow/.local/lib/python3.8/site-packages/airflow/example_dags/example_latest_only.py
[2023-11-22T19:34:07.995+0000] {processor.py:829} INFO - Processing file /home/airflow/.local/lib/python3.8/site-packages/airflow/example_dags/example_latest_only.py for tasks to queue
[2023-11-22T19:34:07.995+0000] {logging_mixin.py:154} INFO - [2023-11-22T19:34:07.995+0000] {dagbag.py:536} INFO - Filling up the DagBag from /home/airflow/.local/lib/python3.8/site-packages/airflow/example_dags/example_latest_only.py
[2023-11-22T19:34:08.002+0000] {processor.py:839} INFO - DAG(s) dict_keys(['latest_only']) retrieved from /home/airflow/.local/lib/python3.8/site-packages/airflow/example_dags/example_latest_only.py
[2023-11-22T19:34:08.031+0000] {logging_mixin.py:154} INFO - [2023-11-22T19:34:08.031+0000] {dag.py:2941} INFO - Sync 1 DAGs
[2023-11-22T19:34:08.056+0000] {logging_mixin.py:154} INFO - [2023-11-22T19:34:08.056+0000] {dag.py:3722} INFO - Setting next_dagrun for latest_only to 2023-11-22T15:34:08.056532+00:00, run_after=2023-11-22T19:34:08.056532+00:00
[2023-11-22T19:34:08.073+0000] {processor.py:179} INFO - Processing /home/airflow/.local/lib/python3.8/site-packages/airflow/example_dags/example_latest_only.py took 0.082 seconds
[2023-11-22T19:34:38.556+0000] {processor.py:157} INFO - Started process (PID=2330) to work on /home/airflow/.local/lib/python3.8/site-packages/airflow/example_dags/example_latest_only.py
[2023-11-22T19:34:38.557+0000] {processor.py:829} INFO - Processing file /home/airflow/.local/lib/python3.8/site-packages/airflow/example_dags/example_latest_only.py for tasks to queue
[2023-11-22T19:34:38.558+0000] {logging_mixin.py:154} INFO - [2023-11-22T19:34:38.558+0000] {dagbag.py:536} INFO - Filling up the DagBag from /home/airflow/.local/lib/python3.8/site-packages/airflow/example_dags/example_latest_only.py
[2023-11-22T19:34:38.563+0000] {processor.py:839} INFO - DAG(s) dict_keys(['latest_only']) retrieved from /home/airflow/.local/lib/python3.8/site-packages/airflow/example_dags/example_latest_only.py
[2023-11-22T19:34:38.583+0000] {logging_mixin.py:154} INFO - [2023-11-22T19:34:38.583+0000] {dag.py:2941} INFO - Sync 1 DAGs
[2023-11-22T19:34:38.599+0000] {logging_mixin.py:154} INFO - [2023-11-22T19:34:38.599+0000] {dag.py:3722} INFO - Setting next_dagrun for latest_only to 2023-11-22T15:34:38.599385+00:00, run_after=2023-11-22T19:34:38.599385+00:00
[2023-11-22T19:34:38.613+0000] {processor.py:179} INFO - Processing /home/airflow/.local/lib/python3.8/site-packages/airflow/example_dags/example_latest_only.py took 0.060 seconds
[2023-11-22T19:35:08.817+0000] {processor.py:157} INFO - Started process (PID=2569) to work on /home/airflow/.local/lib/python3.8/site-packages/airflow/example_dags/example_latest_only.py
[2023-11-22T19:35:08.818+0000] {processor.py:829} INFO - Processing file /home/airflow/.local/lib/python3.8/site-packages/airflow/example_dags/example_latest_only.py for tasks to queue
[2023-11-22T19:35:08.819+0000] {logging_mixin.py:154} INFO - [2023-11-22T19:35:08.819+0000] {dagbag.py:536} INFO - Filling up the DagBag from /home/airflow/.local/lib/python3.8/site-packages/airflow/example_dags/example_latest_only.py
[2023-11-22T19:35:08.825+0000] {processor.py:839} INFO - DAG(s) dict_keys(['latest_only']) retrieved from /home/airflow/.local/lib/python3.8/site-packages/airflow/example_dags/example_latest_only.py
[2023-11-22T19:35:08.844+0000] {logging_mixin.py:154} INFO - [2023-11-22T19:35:08.844+0000] {dag.py:2941} INFO - Sync 1 DAGs
[2023-11-22T19:35:08.860+0000] {logging_mixin.py:154} INFO - [2023-11-22T19:35:08.860+0000] {dag.py:3722} INFO - Setting next_dagrun for latest_only to 2023-11-22T15:35:08.860451+00:00, run_after=2023-11-22T19:35:08.860451+00:00
[2023-11-22T19:35:08.874+0000] {processor.py:179} INFO - Processing /home/airflow/.local/lib/python3.8/site-packages/airflow/example_dags/example_latest_only.py took 0.059 seconds
[2023-11-22T19:35:39.314+0000] {processor.py:157} INFO - Started process (PID=2807) to work on /home/airflow/.local/lib/python3.8/site-packages/airflow/example_dags/example_latest_only.py
[2023-11-22T19:35:39.315+0000] {processor.py:829} INFO - Processing file /home/airflow/.local/lib/python3.8/site-packages/airflow/example_dags/example_latest_only.py for tasks to queue
[2023-11-22T19:35:39.317+0000] {logging_mixin.py:154} INFO - [2023-11-22T19:35:39.316+0000] {dagbag.py:536} INFO - Filling up the DagBag from /home/airflow/.local/lib/python3.8/site-packages/airflow/example_dags/example_latest_only.py
[2023-11-22T19:35:39.326+0000] {processor.py:839} INFO - DAG(s) dict_keys(['latest_only']) retrieved from /home/airflow/.local/lib/python3.8/site-packages/airflow/example_dags/example_latest_only.py
[2023-11-22T19:35:39.367+0000] {logging_mixin.py:154} INFO - [2023-11-22T19:35:39.367+0000] {dag.py:2941} INFO - Sync 1 DAGs
[2023-11-22T19:35:39.405+0000] {logging_mixin.py:154} INFO - [2023-11-22T19:35:39.405+0000] {dag.py:3722} INFO - Setting next_dagrun for latest_only to 2023-11-22T15:35:39.404680+00:00, run_after=2023-11-22T19:35:39.404680+00:00
[2023-11-22T19:35:39.435+0000] {processor.py:179} INFO - Processing /home/airflow/.local/lib/python3.8/site-packages/airflow/example_dags/example_latest_only.py took 0.125 seconds
[2023-11-22T19:36:09.766+0000] {processor.py:157} INFO - Started process (PID=3044) to work on /home/airflow/.local/lib/python3.8/site-packages/airflow/example_dags/example_latest_only.py
[2023-11-22T19:36:09.766+0000] {processor.py:829} INFO - Processing file /home/airflow/.local/lib/python3.8/site-packages/airflow/example_dags/example_latest_only.py for tasks to queue
[2023-11-22T19:36:09.767+0000] {logging_mixin.py:154} INFO - [2023-11-22T19:36:09.767+0000] {dagbag.py:536} INFO - Filling up the DagBag from /home/airflow/.local/lib/python3.8/site-packages/airflow/example_dags/example_latest_only.py
[2023-11-22T19:36:09.772+0000] {processor.py:839} INFO - DAG(s) dict_keys(['latest_only']) retrieved from /home/airflow/.local/lib/python3.8/site-packages/airflow/example_dags/example_latest_only.py
[2023-11-22T19:36:09.794+0000] {logging_mixin.py:154} INFO - [2023-11-22T19:36:09.794+0000] {dag.py:2941} INFO - Sync 1 DAGs
[2023-11-22T19:36:09.811+0000] {logging_mixin.py:154} INFO - [2023-11-22T19:36:09.811+0000] {dag.py:3722} INFO - Setting next_dagrun for latest_only to 2023-11-22T15:36:09.810861+00:00, run_after=2023-11-22T19:36:09.810861+00:00
[2023-11-22T19:36:09.824+0000] {processor.py:179} INFO - Processing /home/airflow/.local/lib/python3.8/site-packages/airflow/example_dags/example_latest_only.py took 0.062 seconds
[2023-11-22T19:36:40.232+0000] {processor.py:157} INFO - Started process (PID=3281) to work on /home/airflow/.local/lib/python3.8/site-packages/airflow/example_dags/example_latest_only.py
[2023-11-22T19:36:40.233+0000] {processor.py:829} INFO - Processing file /home/airflow/.local/lib/python3.8/site-packages/airflow/example_dags/example_latest_only.py for tasks to queue
[2023-11-22T19:36:40.234+0000] {logging_mixin.py:154} INFO - [2023-11-22T19:36:40.234+0000] {dagbag.py:536} INFO - Filling up the DagBag from /home/airflow/.local/lib/python3.8/site-packages/airflow/example_dags/example_latest_only.py
[2023-11-22T19:36:40.241+0000] {processor.py:839} INFO - DAG(s) dict_keys(['latest_only']) retrieved from /home/airflow/.local/lib/python3.8/site-packages/airflow/example_dags/example_latest_only.py
[2023-11-22T19:36:40.263+0000] {logging_mixin.py:154} INFO - [2023-11-22T19:36:40.262+0000] {dag.py:2941} INFO - Sync 1 DAGs
[2023-11-22T19:36:40.279+0000] {logging_mixin.py:154} INFO - [2023-11-22T19:36:40.279+0000] {dag.py:3722} INFO - Setting next_dagrun for latest_only to 2023-11-22T15:36:40.279285+00:00, run_after=2023-11-22T19:36:40.279285+00:00
[2023-11-22T19:36:40.294+0000] {processor.py:179} INFO - Processing /home/airflow/.local/lib/python3.8/site-packages/airflow/example_dags/example_latest_only.py took 0.066 seconds
[2023-11-22T19:37:10.348+0000] {processor.py:157} INFO - Started process (PID=3519) to work on /home/airflow/.local/lib/python3.8/site-packages/airflow/example_dags/example_latest_only.py
[2023-11-22T19:37:10.349+0000] {processor.py:829} INFO - Processing file /home/airflow/.local/lib/python3.8/site-packages/airflow/example_dags/example_latest_only.py for tasks to queue
[2023-11-22T19:37:10.350+0000] {logging_mixin.py:154} INFO - [2023-11-22T19:37:10.349+0000] {dagbag.py:536} INFO - Filling up the DagBag from /home/airflow/.local/lib/python3.8/site-packages/airflow/example_dags/example_latest_only.py
[2023-11-22T19:37:10.356+0000] {processor.py:839} INFO - DAG(s) dict_keys(['latest_only']) retrieved from /home/airflow/.local/lib/python3.8/site-packages/airflow/example_dags/example_latest_only.py
[2023-11-22T19:37:10.378+0000] {logging_mixin.py:154} INFO - [2023-11-22T19:37:10.378+0000] {dag.py:2941} INFO - Sync 1 DAGs
[2023-11-22T19:37:10.396+0000] {logging_mixin.py:154} INFO - [2023-11-22T19:37:10.396+0000] {dag.py:3722} INFO - Setting next_dagrun for latest_only to 2023-11-22T15:37:10.396004+00:00, run_after=2023-11-22T19:37:10.396004+00:00
[2023-11-22T19:37:10.411+0000] {processor.py:179} INFO - Processing /home/airflow/.local/lib/python3.8/site-packages/airflow/example_dags/example_latest_only.py took 0.067 seconds
[2023-11-22T19:37:40.592+0000] {processor.py:157} INFO - Started process (PID=3759) to work on /home/airflow/.local/lib/python3.8/site-packages/airflow/example_dags/example_latest_only.py
[2023-11-22T19:37:40.593+0000] {processor.py:829} INFO - Processing file /home/airflow/.local/lib/python3.8/site-packages/airflow/example_dags/example_latest_only.py for tasks to queue
[2023-11-22T19:37:40.594+0000] {logging_mixin.py:154} INFO - [2023-11-22T19:37:40.593+0000] {dagbag.py:536} INFO - Filling up the DagBag from /home/airflow/.local/lib/python3.8/site-packages/airflow/example_dags/example_latest_only.py
[2023-11-22T19:37:40.599+0000] {processor.py:839} INFO - DAG(s) dict_keys(['latest_only']) retrieved from /home/airflow/.local/lib/python3.8/site-packages/airflow/example_dags/example_latest_only.py
[2023-11-22T19:37:40.619+0000] {logging_mixin.py:154} INFO - [2023-11-22T19:37:40.619+0000] {dag.py:2941} INFO - Sync 1 DAGs
[2023-11-22T19:37:40.635+0000] {logging_mixin.py:154} INFO - [2023-11-22T19:37:40.635+0000] {dag.py:3722} INFO - Setting next_dagrun for latest_only to 2023-11-22T15:37:40.635484+00:00, run_after=2023-11-22T19:37:40.635484+00:00
[2023-11-22T19:37:40.648+0000] {processor.py:179} INFO - Processing /home/airflow/.local/lib/python3.8/site-packages/airflow/example_dags/example_latest_only.py took 0.059 seconds
[2023-11-22T19:38:10.839+0000] {processor.py:157} INFO - Started process (PID=3995) to work on /home/airflow/.local/lib/python3.8/site-packages/airflow/example_dags/example_latest_only.py
[2023-11-22T19:38:10.839+0000] {processor.py:829} INFO - Processing file /home/airflow/.local/lib/python3.8/site-packages/airflow/example_dags/example_latest_only.py for tasks to queue
[2023-11-22T19:38:10.840+0000] {logging_mixin.py:154} INFO - [2023-11-22T19:38:10.840+0000] {dagbag.py:536} INFO - Filling up the DagBag from /home/airflow/.local/lib/python3.8/site-packages/airflow/example_dags/example_latest_only.py
[2023-11-22T19:38:10.846+0000] {processor.py:839} INFO - DAG(s) dict_keys(['latest_only']) retrieved from /home/airflow/.local/lib/python3.8/site-packages/airflow/example_dags/example_latest_only.py
[2023-11-22T19:38:10.866+0000] {logging_mixin.py:154} INFO - [2023-11-22T19:38:10.866+0000] {dag.py:2941} INFO - Sync 1 DAGs
[2023-11-22T19:38:10.883+0000] {logging_mixin.py:154} INFO - [2023-11-22T19:38:10.883+0000] {dag.py:3722} INFO - Setting next_dagrun for latest_only to 2023-11-22T15:38:10.883399+00:00, run_after=2023-11-22T19:38:10.883399+00:00
[2023-11-22T19:38:10.896+0000] {processor.py:179} INFO - Processing /home/airflow/.local/lib/python3.8/site-packages/airflow/example_dags/example_latest_only.py took 0.060 seconds
[2023-11-22T19:38:41.240+0000] {processor.py:157} INFO - Started process (PID=4234) to work on /home/airflow/.local/lib/python3.8/site-packages/airflow/example_dags/example_latest_only.py
[2023-11-22T19:38:41.240+0000] {processor.py:829} INFO - Processing file /home/airflow/.local/lib/python3.8/site-packages/airflow/example_dags/example_latest_only.py for tasks to queue
[2023-11-22T19:38:41.241+0000] {logging_mixin.py:154} INFO - [2023-11-22T19:38:41.241+0000] {dagbag.py:536} INFO - Filling up the DagBag from /home/airflow/.local/lib/python3.8/site-packages/airflow/example_dags/example_latest_only.py
[2023-11-22T19:38:41.247+0000] {processor.py:839} INFO - DAG(s) dict_keys(['latest_only']) retrieved from /home/airflow/.local/lib/python3.8/site-packages/airflow/example_dags/example_latest_only.py
[2023-11-22T19:38:41.266+0000] {logging_mixin.py:154} INFO - [2023-11-22T19:38:41.266+0000] {dag.py:2941} INFO - Sync 1 DAGs
[2023-11-22T19:38:41.283+0000] {logging_mixin.py:154} INFO - [2023-11-22T19:38:41.283+0000] {dag.py:3722} INFO - Setting next_dagrun for latest_only to 2023-11-22T15:38:41.283071+00:00, run_after=2023-11-22T19:38:41.283071+00:00
[2023-11-22T19:38:41.295+0000] {processor.py:179} INFO - Processing /home/airflow/.local/lib/python3.8/site-packages/airflow/example_dags/example_latest_only.py took 0.058 seconds
[2023-11-22T19:39:11.882+0000] {processor.py:157} INFO - Started process (PID=4472) to work on /home/airflow/.local/lib/python3.8/site-packages/airflow/example_dags/example_latest_only.py
[2023-11-22T19:39:11.883+0000] {processor.py:829} INFO - Processing file /home/airflow/.local/lib/python3.8/site-packages/airflow/example_dags/example_latest_only.py for tasks to queue
[2023-11-22T19:39:11.884+0000] {logging_mixin.py:154} INFO - [2023-11-22T19:39:11.884+0000] {dagbag.py:536} INFO - Filling up the DagBag from /home/airflow/.local/lib/python3.8/site-packages/airflow/example_dags/example_latest_only.py
[2023-11-22T19:39:11.890+0000] {processor.py:839} INFO - DAG(s) dict_keys(['latest_only']) retrieved from /home/airflow/.local/lib/python3.8/site-packages/airflow/example_dags/example_latest_only.py
[2023-11-22T19:39:11.910+0000] {logging_mixin.py:154} INFO - [2023-11-22T19:39:11.909+0000] {dag.py:2941} INFO - Sync 1 DAGs
[2023-11-22T19:39:11.926+0000] {logging_mixin.py:154} INFO - [2023-11-22T19:39:11.925+0000] {dag.py:3722} INFO - Setting next_dagrun for latest_only to 2023-11-22T15:39:11.925740+00:00, run_after=2023-11-22T19:39:11.925740+00:00
[2023-11-22T19:39:11.939+0000] {processor.py:179} INFO - Processing /home/airflow/.local/lib/python3.8/site-packages/airflow/example_dags/example_latest_only.py took 0.060 seconds
[2023-11-22T19:39:42.280+0000] {processor.py:157} INFO - Started process (PID=4710) to work on /home/airflow/.local/lib/python3.8/site-packages/airflow/example_dags/example_latest_only.py
[2023-11-22T19:39:42.281+0000] {processor.py:829} INFO - Processing file /home/airflow/.local/lib/python3.8/site-packages/airflow/example_dags/example_latest_only.py for tasks to queue
[2023-11-22T19:39:42.282+0000] {logging_mixin.py:154} INFO - [2023-11-22T19:39:42.281+0000] {dagbag.py:536} INFO - Filling up the DagBag from /home/airflow/.local/lib/python3.8/site-packages/airflow/example_dags/example_latest_only.py
[2023-11-22T19:39:42.287+0000] {processor.py:839} INFO - DAG(s) dict_keys(['latest_only']) retrieved from /home/airflow/.local/lib/python3.8/site-packages/airflow/example_dags/example_latest_only.py
[2023-11-22T19:39:42.306+0000] {logging_mixin.py:154} INFO - [2023-11-22T19:39:42.306+0000] {dag.py:2941} INFO - Sync 1 DAGs
[2023-11-22T19:39:42.322+0000] {logging_mixin.py:154} INFO - [2023-11-22T19:39:42.322+0000] {dag.py:3722} INFO - Setting next_dagrun for latest_only to 2023-11-22T15:39:42.322270+00:00, run_after=2023-11-22T19:39:42.322270+00:00
[2023-11-22T19:39:42.335+0000] {processor.py:179} INFO - Processing /home/airflow/.local/lib/python3.8/site-packages/airflow/example_dags/example_latest_only.py took 0.058 seconds
[2023-11-22T19:40:12.817+0000] {processor.py:157} INFO - Started process (PID=4948) to work on /home/airflow/.local/lib/python3.8/site-packages/airflow/example_dags/example_latest_only.py
[2023-11-22T19:40:12.821+0000] {processor.py:829} INFO - Processing file /home/airflow/.local/lib/python3.8/site-packages/airflow/example_dags/example_latest_only.py for tasks to queue
[2023-11-22T19:40:12.822+0000] {logging_mixin.py:154} INFO - [2023-11-22T19:40:12.821+0000] {dagbag.py:536} INFO - Filling up the DagBag from /home/airflow/.local/lib/python3.8/site-packages/airflow/example_dags/example_latest_only.py
[2023-11-22T19:40:12.828+0000] {processor.py:839} INFO - DAG(s) dict_keys(['latest_only']) retrieved from /home/airflow/.local/lib/python3.8/site-packages/airflow/example_dags/example_latest_only.py
[2023-11-22T19:40:12.848+0000] {logging_mixin.py:154} INFO - [2023-11-22T19:40:12.848+0000] {dag.py:2941} INFO - Sync 1 DAGs
[2023-11-22T19:40:12.864+0000] {logging_mixin.py:154} INFO - [2023-11-22T19:40:12.864+0000] {dag.py:3722} INFO - Setting next_dagrun for latest_only to 2023-11-22T15:40:12.863976+00:00, run_after=2023-11-22T19:40:12.863976+00:00
[2023-11-22T19:40:12.876+0000] {processor.py:179} INFO - Processing /home/airflow/.local/lib/python3.8/site-packages/airflow/example_dags/example_latest_only.py took 0.062 seconds
[2023-11-22T19:40:43.277+0000] {processor.py:157} INFO - Started process (PID=5186) to work on /home/airflow/.local/lib/python3.8/site-packages/airflow/example_dags/example_latest_only.py
[2023-11-22T19:40:43.278+0000] {processor.py:829} INFO - Processing file /home/airflow/.local/lib/python3.8/site-packages/airflow/example_dags/example_latest_only.py for tasks to queue
[2023-11-22T19:40:43.279+0000] {logging_mixin.py:154} INFO - [2023-11-22T19:40:43.279+0000] {dagbag.py:536} INFO - Filling up the DagBag from /home/airflow/.local/lib/python3.8/site-packages/airflow/example_dags/example_latest_only.py
[2023-11-22T19:40:43.284+0000] {processor.py:839} INFO - DAG(s) dict_keys(['latest_only']) retrieved from /home/airflow/.local/lib/python3.8/site-packages/airflow/example_dags/example_latest_only.py
[2023-11-22T19:40:43.304+0000] {logging_mixin.py:154} INFO - [2023-11-22T19:40:43.304+0000] {dag.py:2941} INFO - Sync 1 DAGs
[2023-11-22T19:40:43.320+0000] {logging_mixin.py:154} INFO - [2023-11-22T19:40:43.320+0000] {dag.py:3722} INFO - Setting next_dagrun for latest_only to 2023-11-22T15:40:43.320413+00:00, run_after=2023-11-22T19:40:43.320413+00:00
[2023-11-22T19:40:43.333+0000] {processor.py:179} INFO - Processing /home/airflow/.local/lib/python3.8/site-packages/airflow/example_dags/example_latest_only.py took 0.059 seconds
[2023-11-22T19:41:13.944+0000] {processor.py:157} INFO - Started process (PID=5424) to work on /home/airflow/.local/lib/python3.8/site-packages/airflow/example_dags/example_latest_only.py
[2023-11-22T19:41:13.945+0000] {processor.py:829} INFO - Processing file /home/airflow/.local/lib/python3.8/site-packages/airflow/example_dags/example_latest_only.py for tasks to queue
[2023-11-22T19:41:13.946+0000] {logging_mixin.py:154} INFO - [2023-11-22T19:41:13.945+0000] {dagbag.py:536} INFO - Filling up the DagBag from /home/airflow/.local/lib/python3.8/site-packages/airflow/example_dags/example_latest_only.py
[2023-11-22T19:41:13.951+0000] {processor.py:839} INFO - DAG(s) dict_keys(['latest_only']) retrieved from /home/airflow/.local/lib/python3.8/site-packages/airflow/example_dags/example_latest_only.py
[2023-11-22T19:41:13.971+0000] {logging_mixin.py:154} INFO - [2023-11-22T19:41:13.971+0000] {dag.py:2941} INFO - Sync 1 DAGs
[2023-11-22T19:41:13.987+0000] {logging_mixin.py:154} INFO - [2023-11-22T19:41:13.987+0000] {dag.py:3722} INFO - Setting next_dagrun for latest_only to 2023-11-22T15:41:13.987043+00:00, run_after=2023-11-22T19:41:13.987043+00:00
[2023-11-22T19:41:14.000+0000] {processor.py:179} INFO - Processing /home/airflow/.local/lib/python3.8/site-packages/airflow/example_dags/example_latest_only.py took 0.059 seconds
[2023-11-22T19:41:44.426+0000] {processor.py:157} INFO - Started process (PID=5662) to work on /home/airflow/.local/lib/python3.8/site-packages/airflow/example_dags/example_latest_only.py
[2023-11-22T19:41:44.426+0000] {processor.py:829} INFO - Processing file /home/airflow/.local/lib/python3.8/site-packages/airflow/example_dags/example_latest_only.py for tasks to queue
[2023-11-22T19:41:44.427+0000] {logging_mixin.py:154} INFO - [2023-11-22T19:41:44.427+0000] {dagbag.py:536} INFO - Filling up the DagBag from /home/airflow/.local/lib/python3.8/site-packages/airflow/example_dags/example_latest_only.py
[2023-11-22T19:41:44.432+0000] {processor.py:839} INFO - DAG(s) dict_keys(['latest_only']) retrieved from /home/airflow/.local/lib/python3.8/site-packages/airflow/example_dags/example_latest_only.py
[2023-11-22T19:41:44.452+0000] {logging_mixin.py:154} INFO - [2023-11-22T19:41:44.452+0000] {dag.py:2941} INFO - Sync 1 DAGs
[2023-11-22T19:41:44.468+0000] {logging_mixin.py:154} INFO - [2023-11-22T19:41:44.468+0000] {dag.py:3722} INFO - Setting next_dagrun for latest_only to 2023-11-22T15:41:44.467823+00:00, run_after=2023-11-22T19:41:44.467823+00:00
[2023-11-22T19:41:44.480+0000] {processor.py:179} INFO - Processing /home/airflow/.local/lib/python3.8/site-packages/airflow/example_dags/example_latest_only.py took 0.057 seconds
[2023-11-22T19:42:14.869+0000] {processor.py:157} INFO - Started process (PID=5899) to work on /home/airflow/.local/lib/python3.8/site-packages/airflow/example_dags/example_latest_only.py
[2023-11-22T19:42:14.869+0000] {processor.py:829} INFO - Processing file /home/airflow/.local/lib/python3.8/site-packages/airflow/example_dags/example_latest_only.py for tasks to queue
[2023-11-22T19:42:14.870+0000] {logging_mixin.py:154} INFO - [2023-11-22T19:42:14.870+0000] {dagbag.py:536} INFO - Filling up the DagBag from /home/airflow/.local/lib/python3.8/site-packages/airflow/example_dags/example_latest_only.py
[2023-11-22T19:42:14.876+0000] {processor.py:839} INFO - DAG(s) dict_keys(['latest_only']) retrieved from /home/airflow/.local/lib/python3.8/site-packages/airflow/example_dags/example_latest_only.py
[2023-11-22T19:42:14.895+0000] {logging_mixin.py:154} INFO - [2023-11-22T19:42:14.895+0000] {dag.py:2941} INFO - Sync 1 DAGs
[2023-11-22T19:42:14.911+0000] {logging_mixin.py:154} INFO - [2023-11-22T19:42:14.911+0000] {dag.py:3722} INFO - Setting next_dagrun for latest_only to 2023-11-22T15:42:14.911213+00:00, run_after=2023-11-22T19:42:14.911213+00:00
[2023-11-22T19:42:14.924+0000] {processor.py:179} INFO - Processing /home/airflow/.local/lib/python3.8/site-packages/airflow/example_dags/example_latest_only.py took 0.058 seconds
[2023-11-22T19:42:45.261+0000] {processor.py:157} INFO - Started process (PID=6137) to work on /home/airflow/.local/lib/python3.8/site-packages/airflow/example_dags/example_latest_only.py
[2023-11-22T19:42:45.262+0000] {processor.py:829} INFO - Processing file /home/airflow/.local/lib/python3.8/site-packages/airflow/example_dags/example_latest_only.py for tasks to queue
[2023-11-22T19:42:45.262+0000] {logging_mixin.py:154} INFO - [2023-11-22T19:42:45.262+0000] {dagbag.py:536} INFO - Filling up the DagBag from /home/airflow/.local/lib/python3.8/site-packages/airflow/example_dags/example_latest_only.py
[2023-11-22T19:42:45.268+0000] {processor.py:839} INFO - DAG(s) dict_keys(['latest_only']) retrieved from /home/airflow/.local/lib/python3.8/site-packages/airflow/example_dags/example_latest_only.py
[2023-11-22T19:42:45.287+0000] {logging_mixin.py:154} INFO - [2023-11-22T19:42:45.287+0000] {dag.py:2941} INFO - Sync 1 DAGs
[2023-11-22T19:42:45.303+0000] {logging_mixin.py:154} INFO - [2023-11-22T19:42:45.303+0000] {dag.py:3722} INFO - Setting next_dagrun for latest_only to 2023-11-22T15:42:45.303300+00:00, run_after=2023-11-22T19:42:45.303300+00:00
[2023-11-22T19:42:45.316+0000] {processor.py:179} INFO - Processing /home/airflow/.local/lib/python3.8/site-packages/airflow/example_dags/example_latest_only.py took 0.058 seconds
[2023-11-22T19:43:15.670+0000] {processor.py:157} INFO - Started process (PID=6374) to work on /home/airflow/.local/lib/python3.8/site-packages/airflow/example_dags/example_latest_only.py
[2023-11-22T19:43:15.671+0000] {processor.py:829} INFO - Processing file /home/airflow/.local/lib/python3.8/site-packages/airflow/example_dags/example_latest_only.py for tasks to queue
[2023-11-22T19:43:15.671+0000] {logging_mixin.py:154} INFO - [2023-11-22T19:43:15.671+0000] {dagbag.py:536} INFO - Filling up the DagBag from /home/airflow/.local/lib/python3.8/site-packages/airflow/example_dags/example_latest_only.py
[2023-11-22T19:43:15.677+0000] {processor.py:839} INFO - DAG(s) dict_keys(['latest_only']) retrieved from /home/airflow/.local/lib/python3.8/site-packages/airflow/example_dags/example_latest_only.py
[2023-11-22T19:43:15.696+0000] {logging_mixin.py:154} INFO - [2023-11-22T19:43:15.696+0000] {dag.py:2941} INFO - Sync 1 DAGs
[2023-11-22T19:43:15.712+0000] {logging_mixin.py:154} INFO - [2023-11-22T19:43:15.712+0000] {dag.py:3722} INFO - Setting next_dagrun for latest_only to 2023-11-22T15:43:15.711917+00:00, run_after=2023-11-22T19:43:15.711917+00:00
[2023-11-22T19:43:15.724+0000] {processor.py:179} INFO - Processing /home/airflow/.local/lib/python3.8/site-packages/airflow/example_dags/example_latest_only.py took 0.058 seconds
[2023-11-22T19:43:46.137+0000] {processor.py:157} INFO - Started process (PID=6613) to work on /home/airflow/.local/lib/python3.8/site-packages/airflow/example_dags/example_latest_only.py
[2023-11-22T19:43:46.137+0000] {processor.py:829} INFO - Processing file /home/airflow/.local/lib/python3.8/site-packages/airflow/example_dags/example_latest_only.py for tasks to queue
[2023-11-22T19:43:46.138+0000] {logging_mixin.py:154} INFO - [2023-11-22T19:43:46.138+0000] {dagbag.py:536} INFO - Filling up the DagBag from /home/airflow/.local/lib/python3.8/site-packages/airflow/example_dags/example_latest_only.py
[2023-11-22T19:43:46.144+0000] {processor.py:839} INFO - DAG(s) dict_keys(['latest_only']) retrieved from /home/airflow/.local/lib/python3.8/site-packages/airflow/example_dags/example_latest_only.py
[2023-11-22T19:43:46.164+0000] {logging_mixin.py:154} INFO - [2023-11-22T19:43:46.164+0000] {dag.py:2941} INFO - Sync 1 DAGs
[2023-11-22T19:43:46.180+0000] {logging_mixin.py:154} INFO - [2023-11-22T19:43:46.180+0000] {dag.py:3722} INFO - Setting next_dagrun for latest_only to 2023-11-22T15:43:46.179770+00:00, run_after=2023-11-22T19:43:46.179770+00:00
[2023-11-22T19:43:46.192+0000] {processor.py:179} INFO - Processing /home/airflow/.local/lib/python3.8/site-packages/airflow/example_dags/example_latest_only.py took 0.058 seconds
[2023-11-22T19:44:16.647+0000] {processor.py:157} INFO - Started process (PID=6851) to work on /home/airflow/.local/lib/python3.8/site-packages/airflow/example_dags/example_latest_only.py
[2023-11-22T19:44:16.648+0000] {processor.py:829} INFO - Processing file /home/airflow/.local/lib/python3.8/site-packages/airflow/example_dags/example_latest_only.py for tasks to queue
[2023-11-22T19:44:16.649+0000] {logging_mixin.py:154} INFO - [2023-11-22T19:44:16.649+0000] {dagbag.py:536} INFO - Filling up the DagBag from /home/airflow/.local/lib/python3.8/site-packages/airflow/example_dags/example_latest_only.py
[2023-11-22T19:44:16.654+0000] {processor.py:839} INFO - DAG(s) dict_keys(['latest_only']) retrieved from /home/airflow/.local/lib/python3.8/site-packages/airflow/example_dags/example_latest_only.py
[2023-11-22T19:44:16.674+0000] {logging_mixin.py:154} INFO - [2023-11-22T19:44:16.674+0000] {dag.py:2941} INFO - Sync 1 DAGs
[2023-11-22T19:44:16.690+0000] {logging_mixin.py:154} INFO - [2023-11-22T19:44:16.690+0000] {dag.py:3722} INFO - Setting next_dagrun for latest_only to 2023-11-22T15:44:16.690046+00:00, run_after=2023-11-22T19:44:16.690046+00:00
[2023-11-22T19:44:16.703+0000] {processor.py:179} INFO - Processing /home/airflow/.local/lib/python3.8/site-packages/airflow/example_dags/example_latest_only.py took 0.059 seconds
[2023-11-22T19:44:47.047+0000] {processor.py:157} INFO - Started process (PID=7089) to work on /home/airflow/.local/lib/python3.8/site-packages/airflow/example_dags/example_latest_only.py
[2023-11-22T19:44:47.048+0000] {processor.py:829} INFO - Processing file /home/airflow/.local/lib/python3.8/site-packages/airflow/example_dags/example_latest_only.py for tasks to queue
[2023-11-22T19:44:47.048+0000] {logging_mixin.py:154} INFO - [2023-11-22T19:44:47.048+0000] {dagbag.py:536} INFO - Filling up the DagBag from /home/airflow/.local/lib/python3.8/site-packages/airflow/example_dags/example_latest_only.py
[2023-11-22T19:44:47.053+0000] {processor.py:839} INFO - DAG(s) dict_keys(['latest_only']) retrieved from /home/airflow/.local/lib/python3.8/site-packages/airflow/example_dags/example_latest_only.py
[2023-11-22T19:44:47.073+0000] {logging_mixin.py:154} INFO - [2023-11-22T19:44:47.073+0000] {dag.py:2941} INFO - Sync 1 DAGs
[2023-11-22T19:44:47.089+0000] {logging_mixin.py:154} INFO - [2023-11-22T19:44:47.089+0000] {dag.py:3722} INFO - Setting next_dagrun for latest_only to 2023-11-22T15:44:47.089169+00:00, run_after=2023-11-22T19:44:47.089169+00:00
[2023-11-22T19:44:47.102+0000] {processor.py:179} INFO - Processing /home/airflow/.local/lib/python3.8/site-packages/airflow/example_dags/example_latest_only.py took 0.058 seconds
[2023-11-22T19:45:17.464+0000] {processor.py:157} INFO - Started process (PID=7325) to work on /home/airflow/.local/lib/python3.8/site-packages/airflow/example_dags/example_latest_only.py
[2023-11-22T19:45:17.465+0000] {processor.py:829} INFO - Processing file /home/airflow/.local/lib/python3.8/site-packages/airflow/example_dags/example_latest_only.py for tasks to queue
[2023-11-22T19:45:17.466+0000] {logging_mixin.py:154} INFO - [2023-11-22T19:45:17.466+0000] {dagbag.py:536} INFO - Filling up the DagBag from /home/airflow/.local/lib/python3.8/site-packages/airflow/example_dags/example_latest_only.py
[2023-11-22T19:45:17.471+0000] {processor.py:839} INFO - DAG(s) dict_keys(['latest_only']) retrieved from /home/airflow/.local/lib/python3.8/site-packages/airflow/example_dags/example_latest_only.py
[2023-11-22T19:45:17.492+0000] {logging_mixin.py:154} INFO - [2023-11-22T19:45:17.492+0000] {dag.py:2941} INFO - Sync 1 DAGs
[2023-11-22T19:45:17.511+0000] {logging_mixin.py:154} INFO - [2023-11-22T19:45:17.511+0000] {dag.py:3722} INFO - Setting next_dagrun for latest_only to 2023-11-22T15:45:17.511490+00:00, run_after=2023-11-22T19:45:17.511490+00:00
[2023-11-22T19:45:17.527+0000] {processor.py:179} INFO - Processing /home/airflow/.local/lib/python3.8/site-packages/airflow/example_dags/example_latest_only.py took 0.066 seconds
[2023-11-22T19:45:47.944+0000] {processor.py:157} INFO - Started process (PID=7565) to work on /home/airflow/.local/lib/python3.8/site-packages/airflow/example_dags/example_latest_only.py
[2023-11-22T19:45:47.945+0000] {processor.py:829} INFO - Processing file /home/airflow/.local/lib/python3.8/site-packages/airflow/example_dags/example_latest_only.py for tasks to queue
[2023-11-22T19:45:47.946+0000] {logging_mixin.py:154} INFO - [2023-11-22T19:45:47.945+0000] {dagbag.py:536} INFO - Filling up the DagBag from /home/airflow/.local/lib/python3.8/site-packages/airflow/example_dags/example_latest_only.py
[2023-11-22T19:45:47.951+0000] {processor.py:839} INFO - DAG(s) dict_keys(['latest_only']) retrieved from /home/airflow/.local/lib/python3.8/site-packages/airflow/example_dags/example_latest_only.py
[2023-11-22T19:45:47.970+0000] {logging_mixin.py:154} INFO - [2023-11-22T19:45:47.970+0000] {dag.py:2941} INFO - Sync 1 DAGs
[2023-11-22T19:45:47.986+0000] {logging_mixin.py:154} INFO - [2023-11-22T19:45:47.986+0000] {dag.py:3722} INFO - Setting next_dagrun for latest_only to 2023-11-22T15:45:47.986233+00:00, run_after=2023-11-22T19:45:47.986233+00:00
[2023-11-22T19:45:47.998+0000] {processor.py:179} INFO - Processing /home/airflow/.local/lib/python3.8/site-packages/airflow/example_dags/example_latest_only.py took 0.057 seconds
[2023-11-22T19:46:18.405+0000] {processor.py:157} INFO - Started process (PID=7801) to work on /home/airflow/.local/lib/python3.8/site-packages/airflow/example_dags/example_latest_only.py
[2023-11-22T19:46:18.406+0000] {processor.py:829} INFO - Processing file /home/airflow/.local/lib/python3.8/site-packages/airflow/example_dags/example_latest_only.py for tasks to queue
[2023-11-22T19:46:18.407+0000] {logging_mixin.py:154} INFO - [2023-11-22T19:46:18.406+0000] {dagbag.py:536} INFO - Filling up the DagBag from /home/airflow/.local/lib/python3.8/site-packages/airflow/example_dags/example_latest_only.py
[2023-11-22T19:46:18.413+0000] {processor.py:839} INFO - DAG(s) dict_keys(['latest_only']) retrieved from /home/airflow/.local/lib/python3.8/site-packages/airflow/example_dags/example_latest_only.py
[2023-11-22T19:46:18.437+0000] {logging_mixin.py:154} INFO - [2023-11-22T19:46:18.437+0000] {dag.py:2941} INFO - Sync 1 DAGs
[2023-11-22T19:46:18.455+0000] {logging_mixin.py:154} INFO - [2023-11-22T19:46:18.455+0000] {dag.py:3722} INFO - Setting next_dagrun for latest_only to 2023-11-22T15:46:18.455336+00:00, run_after=2023-11-22T19:46:18.455336+00:00
[2023-11-22T19:46:18.478+0000] {processor.py:179} INFO - Processing /home/airflow/.local/lib/python3.8/site-packages/airflow/example_dags/example_latest_only.py took 0.076 seconds
[2023-11-22T19:46:48.828+0000] {processor.py:157} INFO - Started process (PID=8039) to work on /home/airflow/.local/lib/python3.8/site-packages/airflow/example_dags/example_latest_only.py
[2023-11-22T19:46:48.829+0000] {processor.py:829} INFO - Processing file /home/airflow/.local/lib/python3.8/site-packages/airflow/example_dags/example_latest_only.py for tasks to queue
[2023-11-22T19:46:48.829+0000] {logging_mixin.py:154} INFO - [2023-11-22T19:46:48.829+0000] {dagbag.py:536} INFO - Filling up the DagBag from /home/airflow/.local/lib/python3.8/site-packages/airflow/example_dags/example_latest_only.py
[2023-11-22T19:46:48.835+0000] {processor.py:839} INFO - DAG(s) dict_keys(['latest_only']) retrieved from /home/airflow/.local/lib/python3.8/site-packages/airflow/example_dags/example_latest_only.py
[2023-11-22T19:46:48.855+0000] {logging_mixin.py:154} INFO - [2023-11-22T19:46:48.855+0000] {dag.py:2941} INFO - Sync 1 DAGs
[2023-11-22T19:46:48.871+0000] {logging_mixin.py:154} INFO - [2023-11-22T19:46:48.871+0000] {dag.py:3722} INFO - Setting next_dagrun for latest_only to 2023-11-22T15:46:48.871323+00:00, run_after=2023-11-22T19:46:48.871323+00:00
[2023-11-22T19:46:48.884+0000] {processor.py:179} INFO - Processing /home/airflow/.local/lib/python3.8/site-packages/airflow/example_dags/example_latest_only.py took 0.059 seconds
[2023-11-22T19:47:19.326+0000] {processor.py:157} INFO - Started process (PID=8279) to work on /home/airflow/.local/lib/python3.8/site-packages/airflow/example_dags/example_latest_only.py
[2023-11-22T19:47:19.327+0000] {processor.py:829} INFO - Processing file /home/airflow/.local/lib/python3.8/site-packages/airflow/example_dags/example_latest_only.py for tasks to queue
[2023-11-22T19:47:19.328+0000] {logging_mixin.py:154} INFO - [2023-11-22T19:47:19.328+0000] {dagbag.py:536} INFO - Filling up the DagBag from /home/airflow/.local/lib/python3.8/site-packages/airflow/example_dags/example_latest_only.py
[2023-11-22T19:47:19.334+0000] {processor.py:839} INFO - DAG(s) dict_keys(['latest_only']) retrieved from /home/airflow/.local/lib/python3.8/site-packages/airflow/example_dags/example_latest_only.py
[2023-11-22T19:47:19.354+0000] {logging_mixin.py:154} INFO - [2023-11-22T19:47:19.354+0000] {dag.py:2941} INFO - Sync 1 DAGs
[2023-11-22T19:47:19.371+0000] {logging_mixin.py:154} INFO - [2023-11-22T19:47:19.371+0000] {dag.py:3722} INFO - Setting next_dagrun for latest_only to 2023-11-22T15:47:19.371492+00:00, run_after=2023-11-22T19:47:19.371492+00:00
[2023-11-22T19:47:19.384+0000] {processor.py:179} INFO - Processing /home/airflow/.local/lib/python3.8/site-packages/airflow/example_dags/example_latest_only.py took 0.061 seconds
[2023-11-22T19:47:49.810+0000] {processor.py:157} INFO - Started process (PID=8516) to work on /home/airflow/.local/lib/python3.8/site-packages/airflow/example_dags/example_latest_only.py
[2023-11-22T19:47:49.810+0000] {processor.py:829} INFO - Processing file /home/airflow/.local/lib/python3.8/site-packages/airflow/example_dags/example_latest_only.py for tasks to queue
[2023-11-22T19:47:49.811+0000] {logging_mixin.py:154} INFO - [2023-11-22T19:47:49.811+0000] {dagbag.py:536} INFO - Filling up the DagBag from /home/airflow/.local/lib/python3.8/site-packages/airflow/example_dags/example_latest_only.py
[2023-11-22T19:47:49.817+0000] {processor.py:839} INFO - DAG(s) dict_keys(['latest_only']) retrieved from /home/airflow/.local/lib/python3.8/site-packages/airflow/example_dags/example_latest_only.py
[2023-11-22T19:47:49.837+0000] {logging_mixin.py:154} INFO - [2023-11-22T19:47:49.836+0000] {dag.py:2941} INFO - Sync 1 DAGs
[2023-11-22T19:47:49.853+0000] {logging_mixin.py:154} INFO - [2023-11-22T19:47:49.853+0000] {dag.py:3722} INFO - Setting next_dagrun for latest_only to 2023-11-22T15:47:49.852789+00:00, run_after=2023-11-22T19:47:49.852789+00:00
[2023-11-22T19:47:49.865+0000] {processor.py:179} INFO - Processing /home/airflow/.local/lib/python3.8/site-packages/airflow/example_dags/example_latest_only.py took 0.059 seconds
[2023-11-22T19:48:19.917+0000] {processor.py:157} INFO - Started process (PID=8752) to work on /home/airflow/.local/lib/python3.8/site-packages/airflow/example_dags/example_latest_only.py
[2023-11-22T19:48:19.918+0000] {processor.py:829} INFO - Processing file /home/airflow/.local/lib/python3.8/site-packages/airflow/example_dags/example_latest_only.py for tasks to queue
[2023-11-22T19:48:19.919+0000] {logging_mixin.py:154} INFO - [2023-11-22T19:48:19.918+0000] {dagbag.py:536} INFO - Filling up the DagBag from /home/airflow/.local/lib/python3.8/site-packages/airflow/example_dags/example_latest_only.py
[2023-11-22T19:48:19.924+0000] {processor.py:839} INFO - DAG(s) dict_keys(['latest_only']) retrieved from /home/airflow/.local/lib/python3.8/site-packages/airflow/example_dags/example_latest_only.py
[2023-11-22T19:48:19.943+0000] {logging_mixin.py:154} INFO - [2023-11-22T19:48:19.943+0000] {dag.py:2941} INFO - Sync 1 DAGs
[2023-11-22T19:48:19.958+0000] {logging_mixin.py:154} INFO - [2023-11-22T19:48:19.958+0000] {dag.py:3722} INFO - Setting next_dagrun for latest_only to 2023-11-22T15:48:19.958295+00:00, run_after=2023-11-22T19:48:19.958295+00:00
[2023-11-22T19:48:19.970+0000] {processor.py:179} INFO - Processing /home/airflow/.local/lib/python3.8/site-packages/airflow/example_dags/example_latest_only.py took 0.056 seconds
[2023-11-22T19:48:50.249+0000] {processor.py:157} INFO - Started process (PID=8992) to work on /home/airflow/.local/lib/python3.8/site-packages/airflow/example_dags/example_latest_only.py
[2023-11-22T19:48:50.250+0000] {processor.py:829} INFO - Processing file /home/airflow/.local/lib/python3.8/site-packages/airflow/example_dags/example_latest_only.py for tasks to queue
[2023-11-22T19:48:50.251+0000] {logging_mixin.py:154} INFO - [2023-11-22T19:48:50.250+0000] {dagbag.py:536} INFO - Filling up the DagBag from /home/airflow/.local/lib/python3.8/site-packages/airflow/example_dags/example_latest_only.py
[2023-11-22T19:48:50.256+0000] {processor.py:839} INFO - DAG(s) dict_keys(['latest_only']) retrieved from /home/airflow/.local/lib/python3.8/site-packages/airflow/example_dags/example_latest_only.py
[2023-11-22T19:48:50.275+0000] {logging_mixin.py:154} INFO - [2023-11-22T19:48:50.275+0000] {dag.py:2941} INFO - Sync 1 DAGs
[2023-11-22T19:48:50.291+0000] {logging_mixin.py:154} INFO - [2023-11-22T19:48:50.291+0000] {dag.py:3722} INFO - Setting next_dagrun for latest_only to 2023-11-22T15:48:50.291385+00:00, run_after=2023-11-22T19:48:50.291385+00:00
[2023-11-22T19:48:50.303+0000] {processor.py:179} INFO - Processing /home/airflow/.local/lib/python3.8/site-packages/airflow/example_dags/example_latest_only.py took 0.057 seconds
[2023-11-22T19:49:21.630+0000] {processor.py:157} INFO - Started process (PID=9237) to work on /home/airflow/.local/lib/python3.8/site-packages/airflow/example_dags/example_latest_only.py
[2023-11-22T19:49:21.630+0000] {processor.py:829} INFO - Processing file /home/airflow/.local/lib/python3.8/site-packages/airflow/example_dags/example_latest_only.py for tasks to queue
[2023-11-22T19:49:21.631+0000] {logging_mixin.py:154} INFO - [2023-11-22T19:49:21.631+0000] {dagbag.py:536} INFO - Filling up the DagBag from /home/airflow/.local/lib/python3.8/site-packages/airflow/example_dags/example_latest_only.py
[2023-11-22T19:49:21.636+0000] {processor.py:839} INFO - DAG(s) dict_keys(['latest_only']) retrieved from /home/airflow/.local/lib/python3.8/site-packages/airflow/example_dags/example_latest_only.py
[2023-11-22T19:49:21.657+0000] {logging_mixin.py:154} INFO - [2023-11-22T19:49:21.656+0000] {dag.py:2941} INFO - Sync 1 DAGs
[2023-11-22T19:49:21.787+0000] {logging_mixin.py:154} INFO - [2023-11-22T19:49:21.787+0000] {dag.py:3722} INFO - Setting next_dagrun for latest_only to 2023-11-22T15:49:21.786812+00:00, run_after=2023-11-22T19:49:21.786812+00:00
[2023-11-22T19:49:21.800+0000] {processor.py:179} INFO - Processing /home/airflow/.local/lib/python3.8/site-packages/airflow/example_dags/example_latest_only.py took 0.173 seconds
[2023-11-22T19:49:52.154+0000] {processor.py:157} INFO - Started process (PID=9473) to work on /home/airflow/.local/lib/python3.8/site-packages/airflow/example_dags/example_latest_only.py
[2023-11-22T19:49:52.155+0000] {processor.py:829} INFO - Processing file /home/airflow/.local/lib/python3.8/site-packages/airflow/example_dags/example_latest_only.py for tasks to queue
[2023-11-22T19:49:52.155+0000] {logging_mixin.py:154} INFO - [2023-11-22T19:49:52.155+0000] {dagbag.py:536} INFO - Filling up the DagBag from /home/airflow/.local/lib/python3.8/site-packages/airflow/example_dags/example_latest_only.py
[2023-11-22T19:49:52.161+0000] {processor.py:839} INFO - DAG(s) dict_keys(['latest_only']) retrieved from /home/airflow/.local/lib/python3.8/site-packages/airflow/example_dags/example_latest_only.py
[2023-11-22T19:49:52.181+0000] {logging_mixin.py:154} INFO - [2023-11-22T19:49:52.181+0000] {dag.py:2941} INFO - Sync 1 DAGs
[2023-11-22T19:49:52.197+0000] {logging_mixin.py:154} INFO - [2023-11-22T19:49:52.197+0000] {dag.py:3722} INFO - Setting next_dagrun for latest_only to 2023-11-22T15:49:52.197311+00:00, run_after=2023-11-22T19:49:52.197311+00:00
[2023-11-22T19:49:52.323+0000] {processor.py:179} INFO - Processing /home/airflow/.local/lib/python3.8/site-packages/airflow/example_dags/example_latest_only.py took 0.173 seconds
[2023-11-22T19:50:22.426+0000] {processor.py:157} INFO - Started process (PID=9713) to work on /home/airflow/.local/lib/python3.8/site-packages/airflow/example_dags/example_latest_only.py
[2023-11-22T19:50:22.427+0000] {processor.py:829} INFO - Processing file /home/airflow/.local/lib/python3.8/site-packages/airflow/example_dags/example_latest_only.py for tasks to queue
[2023-11-22T19:50:22.427+0000] {logging_mixin.py:154} INFO - [2023-11-22T19:50:22.427+0000] {dagbag.py:536} INFO - Filling up the DagBag from /home/airflow/.local/lib/python3.8/site-packages/airflow/example_dags/example_latest_only.py
[2023-11-22T19:50:22.433+0000] {processor.py:839} INFO - DAG(s) dict_keys(['latest_only']) retrieved from /home/airflow/.local/lib/python3.8/site-packages/airflow/example_dags/example_latest_only.py
[2023-11-22T19:50:22.453+0000] {logging_mixin.py:154} INFO - [2023-11-22T19:50:22.452+0000] {dag.py:2941} INFO - Sync 1 DAGs
[2023-11-22T19:50:22.468+0000] {logging_mixin.py:154} INFO - [2023-11-22T19:50:22.468+0000] {dag.py:3722} INFO - Setting next_dagrun for latest_only to 2023-11-22T15:50:22.468499+00:00, run_after=2023-11-22T19:50:22.468499+00:00
[2023-11-22T19:50:22.481+0000] {processor.py:179} INFO - Processing /home/airflow/.local/lib/python3.8/site-packages/airflow/example_dags/example_latest_only.py took 0.058 seconds
[2023-11-22T19:50:52.789+0000] {processor.py:157} INFO - Started process (PID=9951) to work on /home/airflow/.local/lib/python3.8/site-packages/airflow/example_dags/example_latest_only.py
[2023-11-22T19:50:52.790+0000] {processor.py:829} INFO - Processing file /home/airflow/.local/lib/python3.8/site-packages/airflow/example_dags/example_latest_only.py for tasks to queue
[2023-11-22T19:50:52.790+0000] {logging_mixin.py:154} INFO - [2023-11-22T19:50:52.790+0000] {dagbag.py:536} INFO - Filling up the DagBag from /home/airflow/.local/lib/python3.8/site-packages/airflow/example_dags/example_latest_only.py
[2023-11-22T19:50:52.796+0000] {processor.py:839} INFO - DAG(s) dict_keys(['latest_only']) retrieved from /home/airflow/.local/lib/python3.8/site-packages/airflow/example_dags/example_latest_only.py
[2023-11-22T19:50:52.815+0000] {logging_mixin.py:154} INFO - [2023-11-22T19:50:52.815+0000] {dag.py:2941} INFO - Sync 1 DAGs
[2023-11-22T19:50:52.831+0000] {logging_mixin.py:154} INFO - [2023-11-22T19:50:52.831+0000] {dag.py:3722} INFO - Setting next_dagrun for latest_only to 2023-11-22T15:50:52.831151+00:00, run_after=2023-11-22T19:50:52.831151+00:00
[2023-11-22T19:50:52.843+0000] {processor.py:179} INFO - Processing /home/airflow/.local/lib/python3.8/site-packages/airflow/example_dags/example_latest_only.py took 0.058 seconds
[2023-11-22T19:51:23.262+0000] {processor.py:157} INFO - Started process (PID=10189) to work on /home/airflow/.local/lib/python3.8/site-packages/airflow/example_dags/example_latest_only.py
[2023-11-22T19:51:23.263+0000] {processor.py:829} INFO - Processing file /home/airflow/.local/lib/python3.8/site-packages/airflow/example_dags/example_latest_only.py for tasks to queue
[2023-11-22T19:51:23.264+0000] {logging_mixin.py:154} INFO - [2023-11-22T19:51:23.264+0000] {dagbag.py:536} INFO - Filling up the DagBag from /home/airflow/.local/lib/python3.8/site-packages/airflow/example_dags/example_latest_only.py
[2023-11-22T19:51:23.269+0000] {processor.py:839} INFO - DAG(s) dict_keys(['latest_only']) retrieved from /home/airflow/.local/lib/python3.8/site-packages/airflow/example_dags/example_latest_only.py
[2023-11-22T19:51:23.289+0000] {logging_mixin.py:154} INFO - [2023-11-22T19:51:23.289+0000] {dag.py:2941} INFO - Sync 1 DAGs
[2023-11-22T19:51:23.305+0000] {logging_mixin.py:154} INFO - [2023-11-22T19:51:23.305+0000] {dag.py:3722} INFO - Setting next_dagrun for latest_only to 2023-11-22T15:51:23.305242+00:00, run_after=2023-11-22T19:51:23.305242+00:00
[2023-11-22T19:51:23.318+0000] {processor.py:179} INFO - Processing /home/airflow/.local/lib/python3.8/site-packages/airflow/example_dags/example_latest_only.py took 0.059 seconds
[2023-11-22T19:51:53.703+0000] {processor.py:157} INFO - Started process (PID=10427) to work on /home/airflow/.local/lib/python3.8/site-packages/airflow/example_dags/example_latest_only.py
[2023-11-22T19:51:53.704+0000] {processor.py:829} INFO - Processing file /home/airflow/.local/lib/python3.8/site-packages/airflow/example_dags/example_latest_only.py for tasks to queue
[2023-11-22T19:51:53.705+0000] {logging_mixin.py:154} INFO - [2023-11-22T19:51:53.705+0000] {dagbag.py:536} INFO - Filling up the DagBag from /home/airflow/.local/lib/python3.8/site-packages/airflow/example_dags/example_latest_only.py
[2023-11-22T19:51:53.710+0000] {processor.py:839} INFO - DAG(s) dict_keys(['latest_only']) retrieved from /home/airflow/.local/lib/python3.8/site-packages/airflow/example_dags/example_latest_only.py
[2023-11-22T19:51:53.730+0000] {logging_mixin.py:154} INFO - [2023-11-22T19:51:53.730+0000] {dag.py:2941} INFO - Sync 1 DAGs
[2023-11-22T19:51:53.853+0000] {logging_mixin.py:154} INFO - [2023-11-22T19:51:53.853+0000] {dag.py:3722} INFO - Setting next_dagrun for latest_only to 2023-11-22T15:51:53.853262+00:00, run_after=2023-11-22T19:51:53.853262+00:00
[2023-11-22T19:51:53.865+0000] {processor.py:179} INFO - Processing /home/airflow/.local/lib/python3.8/site-packages/airflow/example_dags/example_latest_only.py took 0.165 seconds
[2023-11-22T19:52:24.163+0000] {processor.py:157} INFO - Started process (PID=10666) to work on /home/airflow/.local/lib/python3.8/site-packages/airflow/example_dags/example_latest_only.py
[2023-11-22T19:52:24.164+0000] {processor.py:829} INFO - Processing file /home/airflow/.local/lib/python3.8/site-packages/airflow/example_dags/example_latest_only.py for tasks to queue
[2023-11-22T19:52:24.165+0000] {logging_mixin.py:154} INFO - [2023-11-22T19:52:24.164+0000] {dagbag.py:536} INFO - Filling up the DagBag from /home/airflow/.local/lib/python3.8/site-packages/airflow/example_dags/example_latest_only.py
[2023-11-22T19:52:24.170+0000] {processor.py:839} INFO - DAG(s) dict_keys(['latest_only']) retrieved from /home/airflow/.local/lib/python3.8/site-packages/airflow/example_dags/example_latest_only.py
[2023-11-22T19:52:24.190+0000] {logging_mixin.py:154} INFO - [2023-11-22T19:52:24.190+0000] {dag.py:2941} INFO - Sync 1 DAGs
[2023-11-22T19:52:24.206+0000] {logging_mixin.py:154} INFO - [2023-11-22T19:52:24.206+0000] {dag.py:3722} INFO - Setting next_dagrun for latest_only to 2023-11-22T15:52:24.206522+00:00, run_after=2023-11-22T19:52:24.206522+00:00
[2023-11-22T19:52:24.219+0000] {processor.py:179} INFO - Processing /home/airflow/.local/lib/python3.8/site-packages/airflow/example_dags/example_latest_only.py took 0.059 seconds
[2023-11-22T19:52:54.652+0000] {processor.py:157} INFO - Started process (PID=10904) to work on /home/airflow/.local/lib/python3.8/site-packages/airflow/example_dags/example_latest_only.py
[2023-11-22T19:52:54.653+0000] {processor.py:829} INFO - Processing file /home/airflow/.local/lib/python3.8/site-packages/airflow/example_dags/example_latest_only.py for tasks to queue
[2023-11-22T19:52:54.654+0000] {logging_mixin.py:154} INFO - [2023-11-22T19:52:54.653+0000] {dagbag.py:536} INFO - Filling up the DagBag from /home/airflow/.local/lib/python3.8/site-packages/airflow/example_dags/example_latest_only.py
[2023-11-22T19:52:54.659+0000] {processor.py:839} INFO - DAG(s) dict_keys(['latest_only']) retrieved from /home/airflow/.local/lib/python3.8/site-packages/airflow/example_dags/example_latest_only.py
[2023-11-22T19:52:54.679+0000] {logging_mixin.py:154} INFO - [2023-11-22T19:52:54.679+0000] {dag.py:2941} INFO - Sync 1 DAGs
[2023-11-22T19:52:54.695+0000] {logging_mixin.py:154} INFO - [2023-11-22T19:52:54.695+0000] {dag.py:3722} INFO - Setting next_dagrun for latest_only to 2023-11-22T15:52:54.695366+00:00, run_after=2023-11-22T19:52:54.695366+00:00
[2023-11-22T19:52:54.709+0000] {processor.py:179} INFO - Processing /home/airflow/.local/lib/python3.8/site-packages/airflow/example_dags/example_latest_only.py took 0.059 seconds
[2023-11-22T19:53:25.149+0000] {processor.py:157} INFO - Started process (PID=11140) to work on /home/airflow/.local/lib/python3.8/site-packages/airflow/example_dags/example_latest_only.py
[2023-11-22T19:53:25.150+0000] {processor.py:829} INFO - Processing file /home/airflow/.local/lib/python3.8/site-packages/airflow/example_dags/example_latest_only.py for tasks to queue
[2023-11-22T19:53:25.151+0000] {logging_mixin.py:154} INFO - [2023-11-22T19:53:25.150+0000] {dagbag.py:536} INFO - Filling up the DagBag from /home/airflow/.local/lib/python3.8/site-packages/airflow/example_dags/example_latest_only.py
[2023-11-22T19:53:25.156+0000] {processor.py:839} INFO - DAG(s) dict_keys(['latest_only']) retrieved from /home/airflow/.local/lib/python3.8/site-packages/airflow/example_dags/example_latest_only.py
[2023-11-22T19:53:25.176+0000] {logging_mixin.py:154} INFO - [2023-11-22T19:53:25.176+0000] {dag.py:2941} INFO - Sync 1 DAGs
[2023-11-22T19:53:25.192+0000] {logging_mixin.py:154} INFO - [2023-11-22T19:53:25.192+0000] {dag.py:3722} INFO - Setting next_dagrun for latest_only to 2023-11-22T15:53:25.192225+00:00, run_after=2023-11-22T19:53:25.192225+00:00
[2023-11-22T19:53:25.204+0000] {processor.py:179} INFO - Processing /home/airflow/.local/lib/python3.8/site-packages/airflow/example_dags/example_latest_only.py took 0.059 seconds
[2023-11-22T19:53:55.582+0000] {processor.py:157} INFO - Started process (PID=11379) to work on /home/airflow/.local/lib/python3.8/site-packages/airflow/example_dags/example_latest_only.py
[2023-11-22T19:53:55.583+0000] {processor.py:829} INFO - Processing file /home/airflow/.local/lib/python3.8/site-packages/airflow/example_dags/example_latest_only.py for tasks to queue
[2023-11-22T19:53:55.584+0000] {logging_mixin.py:154} INFO - [2023-11-22T19:53:55.583+0000] {dagbag.py:536} INFO - Filling up the DagBag from /home/airflow/.local/lib/python3.8/site-packages/airflow/example_dags/example_latest_only.py
[2023-11-22T19:53:55.591+0000] {processor.py:839} INFO - DAG(s) dict_keys(['latest_only']) retrieved from /home/airflow/.local/lib/python3.8/site-packages/airflow/example_dags/example_latest_only.py
[2023-11-22T19:53:55.617+0000] {logging_mixin.py:154} INFO - [2023-11-22T19:53:55.616+0000] {dag.py:2941} INFO - Sync 1 DAGs
[2023-11-22T19:53:55.641+0000] {logging_mixin.py:154} INFO - [2023-11-22T19:53:55.641+0000] {dag.py:3722} INFO - Setting next_dagrun for latest_only to 2023-11-22T15:53:55.641239+00:00, run_after=2023-11-22T19:53:55.641239+00:00
[2023-11-22T19:53:55.658+0000] {processor.py:179} INFO - Processing /home/airflow/.local/lib/python3.8/site-packages/airflow/example_dags/example_latest_only.py took 0.080 seconds
[2023-11-22T20:36:13.500+0000] {processor.py:157} INFO - Started process (PID=11618) to work on /home/airflow/.local/lib/python3.8/site-packages/airflow/example_dags/example_latest_only.py
[2023-11-22T20:36:13.501+0000] {processor.py:829} INFO - Processing file /home/airflow/.local/lib/python3.8/site-packages/airflow/example_dags/example_latest_only.py for tasks to queue
[2023-11-22T20:36:13.502+0000] {logging_mixin.py:154} INFO - [2023-11-22T20:36:13.502+0000] {dagbag.py:536} INFO - Filling up the DagBag from /home/airflow/.local/lib/python3.8/site-packages/airflow/example_dags/example_latest_only.py
[2023-11-22T20:36:13.507+0000] {processor.py:839} INFO - DAG(s) dict_keys(['latest_only']) retrieved from /home/airflow/.local/lib/python3.8/site-packages/airflow/example_dags/example_latest_only.py
[2023-11-22T20:36:13.528+0000] {logging_mixin.py:154} INFO - [2023-11-22T20:36:13.528+0000] {dag.py:2941} INFO - Sync 1 DAGs
[2023-11-22T20:36:13.546+0000] {logging_mixin.py:154} INFO - [2023-11-22T20:36:13.546+0000] {dag.py:3722} INFO - Setting next_dagrun for latest_only to 2023-11-22T16:36:13.546434+00:00, run_after=2023-11-22T20:36:13.546434+00:00
[2023-11-22T20:36:13.559+0000] {processor.py:179} INFO - Processing /home/airflow/.local/lib/python3.8/site-packages/airflow/example_dags/example_latest_only.py took 0.061 seconds
[2023-11-22T21:01:32.649+0000] {processor.py:157} INFO - Started process (PID=11857) to work on /home/airflow/.local/lib/python3.8/site-packages/airflow/example_dags/example_latest_only.py
[2023-11-22T21:01:32.652+0000] {processor.py:829} INFO - Processing file /home/airflow/.local/lib/python3.8/site-packages/airflow/example_dags/example_latest_only.py for tasks to queue
[2023-11-22T21:01:32.653+0000] {logging_mixin.py:154} INFO - [2023-11-22T21:01:32.653+0000] {dagbag.py:536} INFO - Filling up the DagBag from /home/airflow/.local/lib/python3.8/site-packages/airflow/example_dags/example_latest_only.py
[2023-11-22T21:01:32.681+0000] {processor.py:839} INFO - DAG(s) dict_keys(['latest_only']) retrieved from /home/airflow/.local/lib/python3.8/site-packages/airflow/example_dags/example_latest_only.py
[2023-11-22T21:01:32.736+0000] {logging_mixin.py:154} INFO - [2023-11-22T21:01:32.736+0000] {dag.py:2941} INFO - Sync 1 DAGs
[2023-11-22T21:01:32.806+0000] {logging_mixin.py:154} INFO - [2023-11-22T21:01:32.805+0000] {dag.py:3722} INFO - Setting next_dagrun for latest_only to 2023-11-22T17:01:32.805129+00:00, run_after=2023-11-22T21:01:32.805129+00:00
[2023-11-22T21:01:32.885+0000] {processor.py:179} INFO - Processing /home/airflow/.local/lib/python3.8/site-packages/airflow/example_dags/example_latest_only.py took 0.248 seconds
[2023-11-22T21:02:03.664+0000] {processor.py:157} INFO - Started process (PID=12095) to work on /home/airflow/.local/lib/python3.8/site-packages/airflow/example_dags/example_latest_only.py
[2023-11-22T21:02:03.665+0000] {processor.py:829} INFO - Processing file /home/airflow/.local/lib/python3.8/site-packages/airflow/example_dags/example_latest_only.py for tasks to queue
[2023-11-22T21:02:03.666+0000] {logging_mixin.py:154} INFO - [2023-11-22T21:02:03.666+0000] {dagbag.py:536} INFO - Filling up the DagBag from /home/airflow/.local/lib/python3.8/site-packages/airflow/example_dags/example_latest_only.py
[2023-11-22T21:02:03.672+0000] {processor.py:839} INFO - DAG(s) dict_keys(['latest_only']) retrieved from /home/airflow/.local/lib/python3.8/site-packages/airflow/example_dags/example_latest_only.py
[2023-11-22T21:02:03.696+0000] {logging_mixin.py:154} INFO - [2023-11-22T21:02:03.696+0000] {dag.py:2941} INFO - Sync 1 DAGs
[2023-11-22T21:02:03.729+0000] {logging_mixin.py:154} INFO - [2023-11-22T21:02:03.729+0000] {dag.py:3722} INFO - Setting next_dagrun for latest_only to 2023-11-22T17:02:03.729410+00:00, run_after=2023-11-22T21:02:03.729410+00:00
[2023-11-22T21:02:03.744+0000] {processor.py:179} INFO - Processing /home/airflow/.local/lib/python3.8/site-packages/airflow/example_dags/example_latest_only.py took 0.083 seconds
[2023-11-22T21:02:33.858+0000] {processor.py:157} INFO - Started process (PID=12333) to work on /home/airflow/.local/lib/python3.8/site-packages/airflow/example_dags/example_latest_only.py
[2023-11-22T21:02:33.858+0000] {processor.py:829} INFO - Processing file /home/airflow/.local/lib/python3.8/site-packages/airflow/example_dags/example_latest_only.py for tasks to queue
[2023-11-22T21:02:33.859+0000] {logging_mixin.py:154} INFO - [2023-11-22T21:02:33.859+0000] {dagbag.py:536} INFO - Filling up the DagBag from /home/airflow/.local/lib/python3.8/site-packages/airflow/example_dags/example_latest_only.py
[2023-11-22T21:02:33.864+0000] {processor.py:839} INFO - DAG(s) dict_keys(['latest_only']) retrieved from /home/airflow/.local/lib/python3.8/site-packages/airflow/example_dags/example_latest_only.py
[2023-11-22T21:02:33.885+0000] {logging_mixin.py:154} INFO - [2023-11-22T21:02:33.885+0000] {dag.py:2941} INFO - Sync 1 DAGs
[2023-11-22T21:02:33.902+0000] {logging_mixin.py:154} INFO - [2023-11-22T21:02:33.902+0000] {dag.py:3722} INFO - Setting next_dagrun for latest_only to 2023-11-22T17:02:33.902368+00:00, run_after=2023-11-22T21:02:33.902368+00:00
[2023-11-22T21:02:33.915+0000] {processor.py:179} INFO - Processing /home/airflow/.local/lib/python3.8/site-packages/airflow/example_dags/example_latest_only.py took 0.060 seconds
[2023-11-22T21:03:04.437+0000] {processor.py:157} INFO - Started process (PID=12571) to work on /home/airflow/.local/lib/python3.8/site-packages/airflow/example_dags/example_latest_only.py
[2023-11-22T21:03:04.439+0000] {processor.py:829} INFO - Processing file /home/airflow/.local/lib/python3.8/site-packages/airflow/example_dags/example_latest_only.py for tasks to queue
[2023-11-22T21:03:04.440+0000] {logging_mixin.py:154} INFO - [2023-11-22T21:03:04.440+0000] {dagbag.py:536} INFO - Filling up the DagBag from /home/airflow/.local/lib/python3.8/site-packages/airflow/example_dags/example_latest_only.py
[2023-11-22T21:03:04.445+0000] {processor.py:839} INFO - DAG(s) dict_keys(['latest_only']) retrieved from /home/airflow/.local/lib/python3.8/site-packages/airflow/example_dags/example_latest_only.py
[2023-11-22T21:03:04.464+0000] {logging_mixin.py:154} INFO - [2023-11-22T21:03:04.464+0000] {dag.py:2941} INFO - Sync 1 DAGs
[2023-11-22T21:03:04.480+0000] {logging_mixin.py:154} INFO - [2023-11-22T21:03:04.480+0000] {dag.py:3722} INFO - Setting next_dagrun for latest_only to 2023-11-22T17:03:04.480007+00:00, run_after=2023-11-22T21:03:04.480007+00:00
[2023-11-22T21:03:04.492+0000] {processor.py:179} INFO - Processing /home/airflow/.local/lib/python3.8/site-packages/airflow/example_dags/example_latest_only.py took 0.058 seconds
[2023-11-22T21:03:35.044+0000] {processor.py:157} INFO - Started process (PID=12809) to work on /home/airflow/.local/lib/python3.8/site-packages/airflow/example_dags/example_latest_only.py
[2023-11-22T21:03:35.045+0000] {processor.py:829} INFO - Processing file /home/airflow/.local/lib/python3.8/site-packages/airflow/example_dags/example_latest_only.py for tasks to queue
[2023-11-22T21:03:35.046+0000] {logging_mixin.py:154} INFO - [2023-11-22T21:03:35.046+0000] {dagbag.py:536} INFO - Filling up the DagBag from /home/airflow/.local/lib/python3.8/site-packages/airflow/example_dags/example_latest_only.py
[2023-11-22T21:03:35.053+0000] {processor.py:839} INFO - DAG(s) dict_keys(['latest_only']) retrieved from /home/airflow/.local/lib/python3.8/site-packages/airflow/example_dags/example_latest_only.py
[2023-11-22T21:03:35.076+0000] {logging_mixin.py:154} INFO - [2023-11-22T21:03:35.076+0000] {dag.py:2941} INFO - Sync 1 DAGs
[2023-11-22T21:03:35.095+0000] {logging_mixin.py:154} INFO - [2023-11-22T21:03:35.095+0000] {dag.py:3722} INFO - Setting next_dagrun for latest_only to 2023-11-22T17:03:35.094823+00:00, run_after=2023-11-22T21:03:35.094823+00:00
[2023-11-22T21:03:35.109+0000] {processor.py:179} INFO - Processing /home/airflow/.local/lib/python3.8/site-packages/airflow/example_dags/example_latest_only.py took 0.068 seconds
[2023-11-22T21:04:05.761+0000] {processor.py:157} INFO - Started process (PID=13047) to work on /home/airflow/.local/lib/python3.8/site-packages/airflow/example_dags/example_latest_only.py
[2023-11-22T21:04:05.763+0000] {processor.py:829} INFO - Processing file /home/airflow/.local/lib/python3.8/site-packages/airflow/example_dags/example_latest_only.py for tasks to queue
[2023-11-22T21:04:05.764+0000] {logging_mixin.py:154} INFO - [2023-11-22T21:04:05.764+0000] {dagbag.py:536} INFO - Filling up the DagBag from /home/airflow/.local/lib/python3.8/site-packages/airflow/example_dags/example_latest_only.py
[2023-11-22T21:04:05.772+0000] {processor.py:839} INFO - DAG(s) dict_keys(['latest_only']) retrieved from /home/airflow/.local/lib/python3.8/site-packages/airflow/example_dags/example_latest_only.py
[2023-11-22T21:04:05.792+0000] {logging_mixin.py:154} INFO - [2023-11-22T21:04:05.792+0000] {dag.py:2941} INFO - Sync 1 DAGs
[2023-11-22T21:04:05.809+0000] {logging_mixin.py:154} INFO - [2023-11-22T21:04:05.809+0000] {dag.py:3722} INFO - Setting next_dagrun for latest_only to 2023-11-22T17:04:05.809056+00:00, run_after=2023-11-22T21:04:05.809056+00:00
[2023-11-22T21:04:05.822+0000] {processor.py:179} INFO - Processing /home/airflow/.local/lib/python3.8/site-packages/airflow/example_dags/example_latest_only.py took 0.065 seconds
[2023-11-22T21:04:36.369+0000] {processor.py:157} INFO - Started process (PID=13285) to work on /home/airflow/.local/lib/python3.8/site-packages/airflow/example_dags/example_latest_only.py
[2023-11-22T21:04:36.370+0000] {processor.py:829} INFO - Processing file /home/airflow/.local/lib/python3.8/site-packages/airflow/example_dags/example_latest_only.py for tasks to queue
[2023-11-22T21:04:36.371+0000] {logging_mixin.py:154} INFO - [2023-11-22T21:04:36.371+0000] {dagbag.py:536} INFO - Filling up the DagBag from /home/airflow/.local/lib/python3.8/site-packages/airflow/example_dags/example_latest_only.py
[2023-11-22T21:04:36.377+0000] {processor.py:839} INFO - DAG(s) dict_keys(['latest_only']) retrieved from /home/airflow/.local/lib/python3.8/site-packages/airflow/example_dags/example_latest_only.py
[2023-11-22T21:04:36.398+0000] {logging_mixin.py:154} INFO - [2023-11-22T21:04:36.398+0000] {dag.py:2941} INFO - Sync 1 DAGs
[2023-11-22T21:04:36.415+0000] {logging_mixin.py:154} INFO - [2023-11-22T21:04:36.415+0000] {dag.py:3722} INFO - Setting next_dagrun for latest_only to 2023-11-22T17:04:36.415470+00:00, run_after=2023-11-22T21:04:36.415470+00:00
[2023-11-22T21:04:36.430+0000] {processor.py:179} INFO - Processing /home/airflow/.local/lib/python3.8/site-packages/airflow/example_dags/example_latest_only.py took 0.064 seconds
[2023-11-22T21:05:06.810+0000] {processor.py:157} INFO - Started process (PID=13523) to work on /home/airflow/.local/lib/python3.8/site-packages/airflow/example_dags/example_latest_only.py
[2023-11-22T21:05:06.811+0000] {processor.py:829} INFO - Processing file /home/airflow/.local/lib/python3.8/site-packages/airflow/example_dags/example_latest_only.py for tasks to queue
[2023-11-22T21:05:06.812+0000] {logging_mixin.py:154} INFO - [2023-11-22T21:05:06.812+0000] {dagbag.py:536} INFO - Filling up the DagBag from /home/airflow/.local/lib/python3.8/site-packages/airflow/example_dags/example_latest_only.py
[2023-11-22T21:05:06.818+0000] {processor.py:839} INFO - DAG(s) dict_keys(['latest_only']) retrieved from /home/airflow/.local/lib/python3.8/site-packages/airflow/example_dags/example_latest_only.py
[2023-11-22T21:05:06.840+0000] {logging_mixin.py:154} INFO - [2023-11-22T21:05:06.840+0000] {dag.py:2941} INFO - Sync 1 DAGs
[2023-11-22T21:05:06.857+0000] {logging_mixin.py:154} INFO - [2023-11-22T21:05:06.857+0000] {dag.py:3722} INFO - Setting next_dagrun for latest_only to 2023-11-22T17:05:06.857015+00:00, run_after=2023-11-22T21:05:06.857015+00:00
[2023-11-22T21:05:06.870+0000] {processor.py:179} INFO - Processing /home/airflow/.local/lib/python3.8/site-packages/airflow/example_dags/example_latest_only.py took 0.063 seconds
[2023-11-22T21:05:37.433+0000] {processor.py:157} INFO - Started process (PID=13760) to work on /home/airflow/.local/lib/python3.8/site-packages/airflow/example_dags/example_latest_only.py
[2023-11-22T21:05:37.435+0000] {processor.py:829} INFO - Processing file /home/airflow/.local/lib/python3.8/site-packages/airflow/example_dags/example_latest_only.py for tasks to queue
[2023-11-22T21:05:37.436+0000] {logging_mixin.py:154} INFO - [2023-11-22T21:05:37.435+0000] {dagbag.py:536} INFO - Filling up the DagBag from /home/airflow/.local/lib/python3.8/site-packages/airflow/example_dags/example_latest_only.py
[2023-11-22T21:05:37.441+0000] {processor.py:839} INFO - DAG(s) dict_keys(['latest_only']) retrieved from /home/airflow/.local/lib/python3.8/site-packages/airflow/example_dags/example_latest_only.py
[2023-11-22T21:05:37.463+0000] {logging_mixin.py:154} INFO - [2023-11-22T21:05:37.463+0000] {dag.py:2941} INFO - Sync 1 DAGs
[2023-11-22T21:05:37.482+0000] {logging_mixin.py:154} INFO - [2023-11-22T21:05:37.482+0000] {dag.py:3722} INFO - Setting next_dagrun for latest_only to 2023-11-22T17:05:37.482253+00:00, run_after=2023-11-22T21:05:37.482253+00:00
[2023-11-22T21:05:37.496+0000] {processor.py:179} INFO - Processing /home/airflow/.local/lib/python3.8/site-packages/airflow/example_dags/example_latest_only.py took 0.066 seconds
[2023-11-22T21:06:07.579+0000] {processor.py:157} INFO - Started process (PID=13998) to work on /home/airflow/.local/lib/python3.8/site-packages/airflow/example_dags/example_latest_only.py
[2023-11-22T21:06:07.581+0000] {processor.py:829} INFO - Processing file /home/airflow/.local/lib/python3.8/site-packages/airflow/example_dags/example_latest_only.py for tasks to queue
[2023-11-22T21:06:07.582+0000] {logging_mixin.py:154} INFO - [2023-11-22T21:06:07.581+0000] {dagbag.py:536} INFO - Filling up the DagBag from /home/airflow/.local/lib/python3.8/site-packages/airflow/example_dags/example_latest_only.py
[2023-11-22T21:06:07.588+0000] {processor.py:839} INFO - DAG(s) dict_keys(['latest_only']) retrieved from /home/airflow/.local/lib/python3.8/site-packages/airflow/example_dags/example_latest_only.py
[2023-11-22T21:06:07.612+0000] {logging_mixin.py:154} INFO - [2023-11-22T21:06:07.612+0000] {dag.py:2941} INFO - Sync 1 DAGs
[2023-11-22T21:06:07.633+0000] {logging_mixin.py:154} INFO - [2023-11-22T21:06:07.632+0000] {dag.py:3722} INFO - Setting next_dagrun for latest_only to 2023-11-22T17:06:07.632532+00:00, run_after=2023-11-22T21:06:07.632532+00:00
[2023-11-22T21:06:07.652+0000] {processor.py:179} INFO - Processing /home/airflow/.local/lib/python3.8/site-packages/airflow/example_dags/example_latest_only.py took 0.076 seconds
[2023-11-22T21:06:37.761+0000] {processor.py:157} INFO - Started process (PID=14238) to work on /home/airflow/.local/lib/python3.8/site-packages/airflow/example_dags/example_latest_only.py
[2023-11-22T21:06:37.762+0000] {processor.py:829} INFO - Processing file /home/airflow/.local/lib/python3.8/site-packages/airflow/example_dags/example_latest_only.py for tasks to queue
[2023-11-22T21:06:37.763+0000] {logging_mixin.py:154} INFO - [2023-11-22T21:06:37.763+0000] {dagbag.py:536} INFO - Filling up the DagBag from /home/airflow/.local/lib/python3.8/site-packages/airflow/example_dags/example_latest_only.py
[2023-11-22T21:06:37.769+0000] {processor.py:839} INFO - DAG(s) dict_keys(['latest_only']) retrieved from /home/airflow/.local/lib/python3.8/site-packages/airflow/example_dags/example_latest_only.py
[2023-11-22T21:06:37.789+0000] {logging_mixin.py:154} INFO - [2023-11-22T21:06:37.789+0000] {dag.py:2941} INFO - Sync 1 DAGs
[2023-11-22T21:06:37.806+0000] {logging_mixin.py:154} INFO - [2023-11-22T21:06:37.806+0000] {dag.py:3722} INFO - Setting next_dagrun for latest_only to 2023-11-22T17:06:37.805814+00:00, run_after=2023-11-22T21:06:37.805814+00:00
[2023-11-22T21:06:37.818+0000] {processor.py:179} INFO - Processing /home/airflow/.local/lib/python3.8/site-packages/airflow/example_dags/example_latest_only.py took 0.060 seconds
[2023-11-22T21:07:08.542+0000] {processor.py:157} INFO - Started process (PID=14474) to work on /home/airflow/.local/lib/python3.8/site-packages/airflow/example_dags/example_latest_only.py
[2023-11-22T21:07:08.544+0000] {processor.py:829} INFO - Processing file /home/airflow/.local/lib/python3.8/site-packages/airflow/example_dags/example_latest_only.py for tasks to queue
[2023-11-22T21:07:08.545+0000] {logging_mixin.py:154} INFO - [2023-11-22T21:07:08.544+0000] {dagbag.py:536} INFO - Filling up the DagBag from /home/airflow/.local/lib/python3.8/site-packages/airflow/example_dags/example_latest_only.py
[2023-11-22T21:07:08.552+0000] {processor.py:839} INFO - DAG(s) dict_keys(['latest_only']) retrieved from /home/airflow/.local/lib/python3.8/site-packages/airflow/example_dags/example_latest_only.py
[2023-11-22T21:07:08.577+0000] {logging_mixin.py:154} INFO - [2023-11-22T21:07:08.577+0000] {dag.py:2941} INFO - Sync 1 DAGs
[2023-11-22T21:07:08.600+0000] {logging_mixin.py:154} INFO - [2023-11-22T21:07:08.600+0000] {dag.py:3722} INFO - Setting next_dagrun for latest_only to 2023-11-22T17:07:08.600347+00:00, run_after=2023-11-22T21:07:08.600347+00:00
[2023-11-22T21:07:08.621+0000] {processor.py:179} INFO - Processing /home/airflow/.local/lib/python3.8/site-packages/airflow/example_dags/example_latest_only.py took 0.082 seconds
[2023-11-22T21:07:38.957+0000] {processor.py:157} INFO - Started process (PID=14714) to work on /home/airflow/.local/lib/python3.8/site-packages/airflow/example_dags/example_latest_only.py
[2023-11-22T21:07:38.958+0000] {processor.py:829} INFO - Processing file /home/airflow/.local/lib/python3.8/site-packages/airflow/example_dags/example_latest_only.py for tasks to queue
[2023-11-22T21:07:38.959+0000] {logging_mixin.py:154} INFO - [2023-11-22T21:07:38.958+0000] {dagbag.py:536} INFO - Filling up the DagBag from /home/airflow/.local/lib/python3.8/site-packages/airflow/example_dags/example_latest_only.py
[2023-11-22T21:07:38.964+0000] {processor.py:839} INFO - DAG(s) dict_keys(['latest_only']) retrieved from /home/airflow/.local/lib/python3.8/site-packages/airflow/example_dags/example_latest_only.py
[2023-11-22T21:07:38.984+0000] {logging_mixin.py:154} INFO - [2023-11-22T21:07:38.984+0000] {dag.py:2941} INFO - Sync 1 DAGs
[2023-11-22T21:07:39.001+0000] {logging_mixin.py:154} INFO - [2023-11-22T21:07:39.000+0000] {dag.py:3722} INFO - Setting next_dagrun for latest_only to 2023-11-22T17:07:39.000673+00:00, run_after=2023-11-22T21:07:39.000673+00:00
[2023-11-22T21:07:39.012+0000] {processor.py:179} INFO - Processing /home/airflow/.local/lib/python3.8/site-packages/airflow/example_dags/example_latest_only.py took 0.059 seconds
[2023-11-22T21:08:09.520+0000] {processor.py:157} INFO - Started process (PID=14952) to work on /home/airflow/.local/lib/python3.8/site-packages/airflow/example_dags/example_latest_only.py
[2023-11-22T21:08:09.521+0000] {processor.py:829} INFO - Processing file /home/airflow/.local/lib/python3.8/site-packages/airflow/example_dags/example_latest_only.py for tasks to queue
[2023-11-22T21:08:09.521+0000] {logging_mixin.py:154} INFO - [2023-11-22T21:08:09.521+0000] {dagbag.py:536} INFO - Filling up the DagBag from /home/airflow/.local/lib/python3.8/site-packages/airflow/example_dags/example_latest_only.py
[2023-11-22T21:08:09.527+0000] {processor.py:839} INFO - DAG(s) dict_keys(['latest_only']) retrieved from /home/airflow/.local/lib/python3.8/site-packages/airflow/example_dags/example_latest_only.py
[2023-11-22T21:08:09.548+0000] {logging_mixin.py:154} INFO - [2023-11-22T21:08:09.547+0000] {dag.py:2941} INFO - Sync 1 DAGs
[2023-11-22T21:08:09.565+0000] {logging_mixin.py:154} INFO - [2023-11-22T21:08:09.564+0000] {dag.py:3722} INFO - Setting next_dagrun for latest_only to 2023-11-22T17:08:09.564731+00:00, run_after=2023-11-22T21:08:09.564731+00:00
[2023-11-22T21:08:09.578+0000] {processor.py:179} INFO - Processing /home/airflow/.local/lib/python3.8/site-packages/airflow/example_dags/example_latest_only.py took 0.061 seconds
[2023-11-22T21:08:40.464+0000] {processor.py:157} INFO - Started process (PID=15188) to work on /home/airflow/.local/lib/python3.8/site-packages/airflow/example_dags/example_latest_only.py
[2023-11-22T21:08:40.466+0000] {processor.py:829} INFO - Processing file /home/airflow/.local/lib/python3.8/site-packages/airflow/example_dags/example_latest_only.py for tasks to queue
[2023-11-22T21:08:40.468+0000] {logging_mixin.py:154} INFO - [2023-11-22T21:08:40.467+0000] {dagbag.py:536} INFO - Filling up the DagBag from /home/airflow/.local/lib/python3.8/site-packages/airflow/example_dags/example_latest_only.py
[2023-11-22T21:08:40.475+0000] {processor.py:839} INFO - DAG(s) dict_keys(['latest_only']) retrieved from /home/airflow/.local/lib/python3.8/site-packages/airflow/example_dags/example_latest_only.py
[2023-11-22T21:08:40.515+0000] {logging_mixin.py:154} INFO - [2023-11-22T21:08:40.514+0000] {dag.py:2941} INFO - Sync 1 DAGs
[2023-11-22T21:08:40.547+0000] {logging_mixin.py:154} INFO - [2023-11-22T21:08:40.547+0000] {dag.py:3722} INFO - Setting next_dagrun for latest_only to 2023-11-22T17:08:40.546971+00:00, run_after=2023-11-22T21:08:40.546971+00:00
[2023-11-22T21:08:40.568+0000] {processor.py:179} INFO - Processing /home/airflow/.local/lib/python3.8/site-packages/airflow/example_dags/example_latest_only.py took 0.110 seconds
[2023-11-22T21:09:40.615+0000] {processor.py:157} INFO - Started process (PID=187) to work on /home/airflow/.local/lib/python3.8/site-packages/airflow/example_dags/example_latest_only.py
[2023-11-22T21:09:40.617+0000] {processor.py:829} INFO - Processing file /home/airflow/.local/lib/python3.8/site-packages/airflow/example_dags/example_latest_only.py for tasks to queue
[2023-11-22T21:09:40.618+0000] {logging_mixin.py:154} INFO - [2023-11-22T21:09:40.618+0000] {dagbag.py:536} INFO - Filling up the DagBag from /home/airflow/.local/lib/python3.8/site-packages/airflow/example_dags/example_latest_only.py
[2023-11-22T21:09:40.631+0000] {processor.py:839} INFO - DAG(s) dict_keys(['latest_only']) retrieved from /home/airflow/.local/lib/python3.8/site-packages/airflow/example_dags/example_latest_only.py
[2023-11-22T21:09:40.650+0000] {logging_mixin.py:154} INFO - [2023-11-22T21:09:40.650+0000] {dag.py:2941} INFO - Sync 1 DAGs
[2023-11-22T21:09:40.681+0000] {logging_mixin.py:154} INFO - [2023-11-22T21:09:40.681+0000] {dag.py:3722} INFO - Setting next_dagrun for latest_only to 2023-11-22T17:09:40.680699+00:00, run_after=2023-11-22T21:09:40.680699+00:00
[2023-11-22T21:09:40.699+0000] {processor.py:179} INFO - Processing /home/airflow/.local/lib/python3.8/site-packages/airflow/example_dags/example_latest_only.py took 0.088 seconds
[2023-11-22T21:10:10.893+0000] {processor.py:157} INFO - Started process (PID=426) to work on /home/airflow/.local/lib/python3.8/site-packages/airflow/example_dags/example_latest_only.py
[2023-11-22T21:10:10.894+0000] {processor.py:829} INFO - Processing file /home/airflow/.local/lib/python3.8/site-packages/airflow/example_dags/example_latest_only.py for tasks to queue
[2023-11-22T21:10:10.896+0000] {logging_mixin.py:154} INFO - [2023-11-22T21:10:10.895+0000] {dagbag.py:536} INFO - Filling up the DagBag from /home/airflow/.local/lib/python3.8/site-packages/airflow/example_dags/example_latest_only.py
[2023-11-22T21:10:10.903+0000] {processor.py:839} INFO - DAG(s) dict_keys(['latest_only']) retrieved from /home/airflow/.local/lib/python3.8/site-packages/airflow/example_dags/example_latest_only.py
[2023-11-22T21:10:10.926+0000] {logging_mixin.py:154} INFO - [2023-11-22T21:10:10.926+0000] {dag.py:2941} INFO - Sync 1 DAGs
[2023-11-22T21:10:10.945+0000] {logging_mixin.py:154} INFO - [2023-11-22T21:10:10.944+0000] {dag.py:3722} INFO - Setting next_dagrun for latest_only to 2023-11-22T17:10:10.944654+00:00, run_after=2023-11-22T21:10:10.944654+00:00
[2023-11-22T21:10:10.960+0000] {processor.py:179} INFO - Processing /home/airflow/.local/lib/python3.8/site-packages/airflow/example_dags/example_latest_only.py took 0.071 seconds
