[2023-11-22T19:30:04.086+0000] {processor.py:157} INFO - Started process (PID=184) to work on /home/airflow/.local/lib/python3.8/site-packages/airflow/example_dags/example_latest_only_with_trigger.py
[2023-11-22T19:30:04.087+0000] {processor.py:829} INFO - Processing file /home/airflow/.local/lib/python3.8/site-packages/airflow/example_dags/example_latest_only_with_trigger.py for tasks to queue
[2023-11-22T19:30:04.088+0000] {logging_mixin.py:154} INFO - [2023-11-22T19:30:04.088+0000] {dagbag.py:536} INFO - Filling up the DagBag from /home/airflow/.local/lib/python3.8/site-packages/airflow/example_dags/example_latest_only_with_trigger.py
[2023-11-22T19:30:04.101+0000] {processor.py:839} INFO - DAG(s) dict_keys(['latest_only_with_trigger']) retrieved from /home/airflow/.local/lib/python3.8/site-packages/airflow/example_dags/example_latest_only_with_trigger.py
[2023-11-22T19:30:04.121+0000] {logging_mixin.py:154} INFO - [2023-11-22T19:30:04.121+0000] {dag.py:2941} INFO - Sync 1 DAGs
[2023-11-22T19:30:04.152+0000] {logging_mixin.py:154} INFO - [2023-11-22T19:30:04.152+0000] {dag.py:3722} INFO - Setting next_dagrun for latest_only_with_trigger to 2023-11-22T15:30:04.152354+00:00, run_after=2023-11-22T19:30:04.152354+00:00
[2023-11-22T19:30:04.174+0000] {processor.py:179} INFO - Processing /home/airflow/.local/lib/python3.8/site-packages/airflow/example_dags/example_latest_only_with_trigger.py took 0.093 seconds
[2023-11-22T19:30:34.592+0000] {processor.py:157} INFO - Started process (PID=422) to work on /home/airflow/.local/lib/python3.8/site-packages/airflow/example_dags/example_latest_only_with_trigger.py
[2023-11-22T19:30:34.593+0000] {processor.py:829} INFO - Processing file /home/airflow/.local/lib/python3.8/site-packages/airflow/example_dags/example_latest_only_with_trigger.py for tasks to queue
[2023-11-22T19:30:34.594+0000] {logging_mixin.py:154} INFO - [2023-11-22T19:30:34.593+0000] {dagbag.py:536} INFO - Filling up the DagBag from /home/airflow/.local/lib/python3.8/site-packages/airflow/example_dags/example_latest_only_with_trigger.py
[2023-11-22T19:30:34.599+0000] {processor.py:839} INFO - DAG(s) dict_keys(['latest_only_with_trigger']) retrieved from /home/airflow/.local/lib/python3.8/site-packages/airflow/example_dags/example_latest_only_with_trigger.py
[2023-11-22T19:30:34.620+0000] {logging_mixin.py:154} INFO - [2023-11-22T19:30:34.619+0000] {dag.py:2941} INFO - Sync 1 DAGs
[2023-11-22T19:30:34.636+0000] {logging_mixin.py:154} INFO - [2023-11-22T19:30:34.636+0000] {dag.py:3722} INFO - Setting next_dagrun for latest_only_with_trigger to 2023-11-22T15:30:34.636113+00:00, run_after=2023-11-22T19:30:34.636113+00:00
[2023-11-22T19:30:34.648+0000] {processor.py:179} INFO - Processing /home/airflow/.local/lib/python3.8/site-packages/airflow/example_dags/example_latest_only_with_trigger.py took 0.060 seconds
[2023-11-22T19:31:05.283+0000] {processor.py:157} INFO - Started process (PID=660) to work on /home/airflow/.local/lib/python3.8/site-packages/airflow/example_dags/example_latest_only_with_trigger.py
[2023-11-22T19:31:05.284+0000] {processor.py:829} INFO - Processing file /home/airflow/.local/lib/python3.8/site-packages/airflow/example_dags/example_latest_only_with_trigger.py for tasks to queue
[2023-11-22T19:31:05.284+0000] {logging_mixin.py:154} INFO - [2023-11-22T19:31:05.284+0000] {dagbag.py:536} INFO - Filling up the DagBag from /home/airflow/.local/lib/python3.8/site-packages/airflow/example_dags/example_latest_only_with_trigger.py
[2023-11-22T19:31:05.290+0000] {processor.py:839} INFO - DAG(s) dict_keys(['latest_only_with_trigger']) retrieved from /home/airflow/.local/lib/python3.8/site-packages/airflow/example_dags/example_latest_only_with_trigger.py
[2023-11-22T19:31:05.311+0000] {logging_mixin.py:154} INFO - [2023-11-22T19:31:05.311+0000] {dag.py:2941} INFO - Sync 1 DAGs
[2023-11-22T19:31:05.326+0000] {logging_mixin.py:154} INFO - [2023-11-22T19:31:05.326+0000] {dag.py:3722} INFO - Setting next_dagrun for latest_only_with_trigger to 2023-11-22T15:31:05.326554+00:00, run_after=2023-11-22T19:31:05.326554+00:00
[2023-11-22T19:31:05.339+0000] {processor.py:179} INFO - Processing /home/airflow/.local/lib/python3.8/site-packages/airflow/example_dags/example_latest_only_with_trigger.py took 0.059 seconds
[2023-11-22T19:31:35.752+0000] {processor.py:157} INFO - Started process (PID=896) to work on /home/airflow/.local/lib/python3.8/site-packages/airflow/example_dags/example_latest_only_with_trigger.py
[2023-11-22T19:31:35.753+0000] {processor.py:829} INFO - Processing file /home/airflow/.local/lib/python3.8/site-packages/airflow/example_dags/example_latest_only_with_trigger.py for tasks to queue
[2023-11-22T19:31:35.753+0000] {logging_mixin.py:154} INFO - [2023-11-22T19:31:35.753+0000] {dagbag.py:536} INFO - Filling up the DagBag from /home/airflow/.local/lib/python3.8/site-packages/airflow/example_dags/example_latest_only_with_trigger.py
[2023-11-22T19:31:35.759+0000] {processor.py:839} INFO - DAG(s) dict_keys(['latest_only_with_trigger']) retrieved from /home/airflow/.local/lib/python3.8/site-packages/airflow/example_dags/example_latest_only_with_trigger.py
[2023-11-22T19:31:35.780+0000] {logging_mixin.py:154} INFO - [2023-11-22T19:31:35.780+0000] {dag.py:2941} INFO - Sync 1 DAGs
[2023-11-22T19:31:35.796+0000] {logging_mixin.py:154} INFO - [2023-11-22T19:31:35.796+0000] {dag.py:3722} INFO - Setting next_dagrun for latest_only_with_trigger to 2023-11-22T15:31:35.796492+00:00, run_after=2023-11-22T19:31:35.796492+00:00
[2023-11-22T19:31:35.812+0000] {processor.py:179} INFO - Processing /home/airflow/.local/lib/python3.8/site-packages/airflow/example_dags/example_latest_only_with_trigger.py took 0.064 seconds
[2023-11-22T19:32:06.103+0000] {processor.py:157} INFO - Started process (PID=1136) to work on /home/airflow/.local/lib/python3.8/site-packages/airflow/example_dags/example_latest_only_with_trigger.py
[2023-11-22T19:32:06.105+0000] {processor.py:829} INFO - Processing file /home/airflow/.local/lib/python3.8/site-packages/airflow/example_dags/example_latest_only_with_trigger.py for tasks to queue
[2023-11-22T19:32:06.105+0000] {logging_mixin.py:154} INFO - [2023-11-22T19:32:06.105+0000] {dagbag.py:536} INFO - Filling up the DagBag from /home/airflow/.local/lib/python3.8/site-packages/airflow/example_dags/example_latest_only_with_trigger.py
[2023-11-22T19:32:06.111+0000] {processor.py:839} INFO - DAG(s) dict_keys(['latest_only_with_trigger']) retrieved from /home/airflow/.local/lib/python3.8/site-packages/airflow/example_dags/example_latest_only_with_trigger.py
[2023-11-22T19:32:06.133+0000] {logging_mixin.py:154} INFO - [2023-11-22T19:32:06.133+0000] {dag.py:2941} INFO - Sync 1 DAGs
[2023-11-22T19:32:06.151+0000] {logging_mixin.py:154} INFO - [2023-11-22T19:32:06.150+0000] {dag.py:3722} INFO - Setting next_dagrun for latest_only_with_trigger to 2023-11-22T15:32:06.150589+00:00, run_after=2023-11-22T19:32:06.150589+00:00
[2023-11-22T19:32:06.166+0000] {processor.py:179} INFO - Processing /home/airflow/.local/lib/python3.8/site-packages/airflow/example_dags/example_latest_only_with_trigger.py took 0.065 seconds
[2023-11-22T19:32:36.483+0000] {processor.py:157} INFO - Started process (PID=1374) to work on /home/airflow/.local/lib/python3.8/site-packages/airflow/example_dags/example_latest_only_with_trigger.py
[2023-11-22T19:32:36.485+0000] {processor.py:829} INFO - Processing file /home/airflow/.local/lib/python3.8/site-packages/airflow/example_dags/example_latest_only_with_trigger.py for tasks to queue
[2023-11-22T19:32:36.486+0000] {logging_mixin.py:154} INFO - [2023-11-22T19:32:36.486+0000] {dagbag.py:536} INFO - Filling up the DagBag from /home/airflow/.local/lib/python3.8/site-packages/airflow/example_dags/example_latest_only_with_trigger.py
[2023-11-22T19:32:36.499+0000] {processor.py:839} INFO - DAG(s) dict_keys(['latest_only_with_trigger']) retrieved from /home/airflow/.local/lib/python3.8/site-packages/airflow/example_dags/example_latest_only_with_trigger.py
[2023-11-22T19:32:36.559+0000] {logging_mixin.py:154} INFO - [2023-11-22T19:32:36.559+0000] {dag.py:2941} INFO - Sync 1 DAGs
[2023-11-22T19:32:36.612+0000] {logging_mixin.py:154} INFO - [2023-11-22T19:32:36.611+0000] {dag.py:3722} INFO - Setting next_dagrun for latest_only_with_trigger to 2023-11-22T15:32:36.611205+00:00, run_after=2023-11-22T19:32:36.611205+00:00
[2023-11-22T19:32:36.659+0000] {processor.py:179} INFO - Processing /home/airflow/.local/lib/python3.8/site-packages/airflow/example_dags/example_latest_only_with_trigger.py took 0.181 seconds
[2023-11-22T19:33:06.826+0000] {processor.py:157} INFO - Started process (PID=1612) to work on /home/airflow/.local/lib/python3.8/site-packages/airflow/example_dags/example_latest_only_with_trigger.py
[2023-11-22T19:33:06.827+0000] {processor.py:829} INFO - Processing file /home/airflow/.local/lib/python3.8/site-packages/airflow/example_dags/example_latest_only_with_trigger.py for tasks to queue
[2023-11-22T19:33:06.828+0000] {logging_mixin.py:154} INFO - [2023-11-22T19:33:06.828+0000] {dagbag.py:536} INFO - Filling up the DagBag from /home/airflow/.local/lib/python3.8/site-packages/airflow/example_dags/example_latest_only_with_trigger.py
[2023-11-22T19:33:06.834+0000] {processor.py:839} INFO - DAG(s) dict_keys(['latest_only_with_trigger']) retrieved from /home/airflow/.local/lib/python3.8/site-packages/airflow/example_dags/example_latest_only_with_trigger.py
[2023-11-22T19:33:06.856+0000] {logging_mixin.py:154} INFO - [2023-11-22T19:33:06.856+0000] {dag.py:2941} INFO - Sync 1 DAGs
[2023-11-22T19:33:06.873+0000] {logging_mixin.py:154} INFO - [2023-11-22T19:33:06.873+0000] {dag.py:3722} INFO - Setting next_dagrun for latest_only_with_trigger to 2023-11-22T15:33:06.873388+00:00, run_after=2023-11-22T19:33:06.873388+00:00
[2023-11-22T19:33:06.888+0000] {processor.py:179} INFO - Processing /home/airflow/.local/lib/python3.8/site-packages/airflow/example_dags/example_latest_only_with_trigger.py took 0.065 seconds
[2023-11-22T19:33:37.226+0000] {processor.py:157} INFO - Started process (PID=1848) to work on /home/airflow/.local/lib/python3.8/site-packages/airflow/example_dags/example_latest_only_with_trigger.py
[2023-11-22T19:33:37.227+0000] {processor.py:829} INFO - Processing file /home/airflow/.local/lib/python3.8/site-packages/airflow/example_dags/example_latest_only_with_trigger.py for tasks to queue
[2023-11-22T19:33:37.227+0000] {logging_mixin.py:154} INFO - [2023-11-22T19:33:37.227+0000] {dagbag.py:536} INFO - Filling up the DagBag from /home/airflow/.local/lib/python3.8/site-packages/airflow/example_dags/example_latest_only_with_trigger.py
[2023-11-22T19:33:37.233+0000] {processor.py:839} INFO - DAG(s) dict_keys(['latest_only_with_trigger']) retrieved from /home/airflow/.local/lib/python3.8/site-packages/airflow/example_dags/example_latest_only_with_trigger.py
[2023-11-22T19:33:37.253+0000] {logging_mixin.py:154} INFO - [2023-11-22T19:33:37.253+0000] {dag.py:2941} INFO - Sync 1 DAGs
[2023-11-22T19:33:37.270+0000] {logging_mixin.py:154} INFO - [2023-11-22T19:33:37.269+0000] {dag.py:3722} INFO - Setting next_dagrun for latest_only_with_trigger to 2023-11-22T15:33:37.269721+00:00, run_after=2023-11-22T19:33:37.269721+00:00
[2023-11-22T19:33:37.282+0000] {processor.py:179} INFO - Processing /home/airflow/.local/lib/python3.8/site-packages/airflow/example_dags/example_latest_only_with_trigger.py took 0.060 seconds
[2023-11-22T19:34:07.894+0000] {processor.py:157} INFO - Started process (PID=2088) to work on /home/airflow/.local/lib/python3.8/site-packages/airflow/example_dags/example_latest_only_with_trigger.py
[2023-11-22T19:34:07.895+0000] {processor.py:829} INFO - Processing file /home/airflow/.local/lib/python3.8/site-packages/airflow/example_dags/example_latest_only_with_trigger.py for tasks to queue
[2023-11-22T19:34:07.896+0000] {logging_mixin.py:154} INFO - [2023-11-22T19:34:07.895+0000] {dagbag.py:536} INFO - Filling up the DagBag from /home/airflow/.local/lib/python3.8/site-packages/airflow/example_dags/example_latest_only_with_trigger.py
[2023-11-22T19:34:07.902+0000] {processor.py:839} INFO - DAG(s) dict_keys(['latest_only_with_trigger']) retrieved from /home/airflow/.local/lib/python3.8/site-packages/airflow/example_dags/example_latest_only_with_trigger.py
[2023-11-22T19:34:07.925+0000] {logging_mixin.py:154} INFO - [2023-11-22T19:34:07.925+0000] {dag.py:2941} INFO - Sync 1 DAGs
[2023-11-22T19:34:07.951+0000] {logging_mixin.py:154} INFO - [2023-11-22T19:34:07.951+0000] {dag.py:3722} INFO - Setting next_dagrun for latest_only_with_trigger to 2023-11-22T15:34:07.950838+00:00, run_after=2023-11-22T19:34:07.950838+00:00
[2023-11-22T19:34:07.966+0000] {processor.py:179} INFO - Processing /home/airflow/.local/lib/python3.8/site-packages/airflow/example_dags/example_latest_only_with_trigger.py took 0.075 seconds
[2023-11-22T19:34:38.485+0000] {processor.py:157} INFO - Started process (PID=2324) to work on /home/airflow/.local/lib/python3.8/site-packages/airflow/example_dags/example_latest_only_with_trigger.py
[2023-11-22T19:34:38.486+0000] {processor.py:829} INFO - Processing file /home/airflow/.local/lib/python3.8/site-packages/airflow/example_dags/example_latest_only_with_trigger.py for tasks to queue
[2023-11-22T19:34:38.487+0000] {logging_mixin.py:154} INFO - [2023-11-22T19:34:38.487+0000] {dagbag.py:536} INFO - Filling up the DagBag from /home/airflow/.local/lib/python3.8/site-packages/airflow/example_dags/example_latest_only_with_trigger.py
[2023-11-22T19:34:38.493+0000] {processor.py:839} INFO - DAG(s) dict_keys(['latest_only_with_trigger']) retrieved from /home/airflow/.local/lib/python3.8/site-packages/airflow/example_dags/example_latest_only_with_trigger.py
[2023-11-22T19:34:38.514+0000] {logging_mixin.py:154} INFO - [2023-11-22T19:34:38.514+0000] {dag.py:2941} INFO - Sync 1 DAGs
[2023-11-22T19:34:38.531+0000] {logging_mixin.py:154} INFO - [2023-11-22T19:34:38.531+0000] {dag.py:3722} INFO - Setting next_dagrun for latest_only_with_trigger to 2023-11-22T15:34:38.531069+00:00, run_after=2023-11-22T19:34:38.531069+00:00
[2023-11-22T19:34:38.544+0000] {processor.py:179} INFO - Processing /home/airflow/.local/lib/python3.8/site-packages/airflow/example_dags/example_latest_only_with_trigger.py took 0.062 seconds
[2023-11-22T19:35:08.738+0000] {processor.py:157} INFO - Started process (PID=2564) to work on /home/airflow/.local/lib/python3.8/site-packages/airflow/example_dags/example_latest_only_with_trigger.py
[2023-11-22T19:35:08.739+0000] {processor.py:829} INFO - Processing file /home/airflow/.local/lib/python3.8/site-packages/airflow/example_dags/example_latest_only_with_trigger.py for tasks to queue
[2023-11-22T19:35:08.740+0000] {logging_mixin.py:154} INFO - [2023-11-22T19:35:08.740+0000] {dagbag.py:536} INFO - Filling up the DagBag from /home/airflow/.local/lib/python3.8/site-packages/airflow/example_dags/example_latest_only_with_trigger.py
[2023-11-22T19:35:08.746+0000] {processor.py:839} INFO - DAG(s) dict_keys(['latest_only_with_trigger']) retrieved from /home/airflow/.local/lib/python3.8/site-packages/airflow/example_dags/example_latest_only_with_trigger.py
[2023-11-22T19:35:08.767+0000] {logging_mixin.py:154} INFO - [2023-11-22T19:35:08.767+0000] {dag.py:2941} INFO - Sync 1 DAGs
[2023-11-22T19:35:08.783+0000] {logging_mixin.py:154} INFO - [2023-11-22T19:35:08.783+0000] {dag.py:3722} INFO - Setting next_dagrun for latest_only_with_trigger to 2023-11-22T15:35:08.783210+00:00, run_after=2023-11-22T19:35:08.783210+00:00
[2023-11-22T19:35:08.796+0000] {processor.py:179} INFO - Processing /home/airflow/.local/lib/python3.8/site-packages/airflow/example_dags/example_latest_only_with_trigger.py took 0.061 seconds
[2023-11-22T19:35:39.209+0000] {processor.py:157} INFO - Started process (PID=2800) to work on /home/airflow/.local/lib/python3.8/site-packages/airflow/example_dags/example_latest_only_with_trigger.py
[2023-11-22T19:35:39.210+0000] {processor.py:829} INFO - Processing file /home/airflow/.local/lib/python3.8/site-packages/airflow/example_dags/example_latest_only_with_trigger.py for tasks to queue
[2023-11-22T19:35:39.211+0000] {logging_mixin.py:154} INFO - [2023-11-22T19:35:39.210+0000] {dagbag.py:536} INFO - Filling up the DagBag from /home/airflow/.local/lib/python3.8/site-packages/airflow/example_dags/example_latest_only_with_trigger.py
[2023-11-22T19:35:39.223+0000] {processor.py:839} INFO - DAG(s) dict_keys(['latest_only_with_trigger']) retrieved from /home/airflow/.local/lib/python3.8/site-packages/airflow/example_dags/example_latest_only_with_trigger.py
[2023-11-22T19:35:39.248+0000] {logging_mixin.py:154} INFO - [2023-11-22T19:35:39.247+0000] {dag.py:2941} INFO - Sync 1 DAGs
[2023-11-22T19:35:39.267+0000] {logging_mixin.py:154} INFO - [2023-11-22T19:35:39.267+0000] {dag.py:3722} INFO - Setting next_dagrun for latest_only_with_trigger to 2023-11-22T15:35:39.266699+00:00, run_after=2023-11-22T19:35:39.266699+00:00
[2023-11-22T19:35:39.286+0000] {processor.py:179} INFO - Processing /home/airflow/.local/lib/python3.8/site-packages/airflow/example_dags/example_latest_only_with_trigger.py took 0.081 seconds
[2023-11-22T19:36:09.691+0000] {processor.py:157} INFO - Started process (PID=3038) to work on /home/airflow/.local/lib/python3.8/site-packages/airflow/example_dags/example_latest_only_with_trigger.py
[2023-11-22T19:36:09.692+0000] {processor.py:829} INFO - Processing file /home/airflow/.local/lib/python3.8/site-packages/airflow/example_dags/example_latest_only_with_trigger.py for tasks to queue
[2023-11-22T19:36:09.693+0000] {logging_mixin.py:154} INFO - [2023-11-22T19:36:09.693+0000] {dagbag.py:536} INFO - Filling up the DagBag from /home/airflow/.local/lib/python3.8/site-packages/airflow/example_dags/example_latest_only_with_trigger.py
[2023-11-22T19:36:09.701+0000] {processor.py:839} INFO - DAG(s) dict_keys(['latest_only_with_trigger']) retrieved from /home/airflow/.local/lib/python3.8/site-packages/airflow/example_dags/example_latest_only_with_trigger.py
[2023-11-22T19:36:09.724+0000] {logging_mixin.py:154} INFO - [2023-11-22T19:36:09.723+0000] {dag.py:2941} INFO - Sync 1 DAGs
[2023-11-22T19:36:09.741+0000] {logging_mixin.py:154} INFO - [2023-11-22T19:36:09.741+0000] {dag.py:3722} INFO - Setting next_dagrun for latest_only_with_trigger to 2023-11-22T15:36:09.741404+00:00, run_after=2023-11-22T19:36:09.741404+00:00
[2023-11-22T19:36:09.755+0000] {processor.py:179} INFO - Processing /home/airflow/.local/lib/python3.8/site-packages/airflow/example_dags/example_latest_only_with_trigger.py took 0.067 seconds
[2023-11-22T19:36:40.139+0000] {processor.py:157} INFO - Started process (PID=3276) to work on /home/airflow/.local/lib/python3.8/site-packages/airflow/example_dags/example_latest_only_with_trigger.py
[2023-11-22T19:36:40.140+0000] {processor.py:829} INFO - Processing file /home/airflow/.local/lib/python3.8/site-packages/airflow/example_dags/example_latest_only_with_trigger.py for tasks to queue
[2023-11-22T19:36:40.142+0000] {logging_mixin.py:154} INFO - [2023-11-22T19:36:40.141+0000] {dagbag.py:536} INFO - Filling up the DagBag from /home/airflow/.local/lib/python3.8/site-packages/airflow/example_dags/example_latest_only_with_trigger.py
[2023-11-22T19:36:40.150+0000] {processor.py:839} INFO - DAG(s) dict_keys(['latest_only_with_trigger']) retrieved from /home/airflow/.local/lib/python3.8/site-packages/airflow/example_dags/example_latest_only_with_trigger.py
[2023-11-22T19:36:40.176+0000] {logging_mixin.py:154} INFO - [2023-11-22T19:36:40.176+0000] {dag.py:2941} INFO - Sync 1 DAGs
[2023-11-22T19:36:40.200+0000] {logging_mixin.py:154} INFO - [2023-11-22T19:36:40.199+0000] {dag.py:3722} INFO - Setting next_dagrun for latest_only_with_trigger to 2023-11-22T15:36:40.199462+00:00, run_after=2023-11-22T19:36:40.199462+00:00
[2023-11-22T19:36:40.219+0000] {processor.py:179} INFO - Processing /home/airflow/.local/lib/python3.8/site-packages/airflow/example_dags/example_latest_only_with_trigger.py took 0.084 seconds
[2023-11-22T19:37:10.268+0000] {processor.py:157} INFO - Started process (PID=3514) to work on /home/airflow/.local/lib/python3.8/site-packages/airflow/example_dags/example_latest_only_with_trigger.py
[2023-11-22T19:37:10.269+0000] {processor.py:829} INFO - Processing file /home/airflow/.local/lib/python3.8/site-packages/airflow/example_dags/example_latest_only_with_trigger.py for tasks to queue
[2023-11-22T19:37:10.270+0000] {logging_mixin.py:154} INFO - [2023-11-22T19:37:10.270+0000] {dagbag.py:536} INFO - Filling up the DagBag from /home/airflow/.local/lib/python3.8/site-packages/airflow/example_dags/example_latest_only_with_trigger.py
[2023-11-22T19:37:10.276+0000] {processor.py:839} INFO - DAG(s) dict_keys(['latest_only_with_trigger']) retrieved from /home/airflow/.local/lib/python3.8/site-packages/airflow/example_dags/example_latest_only_with_trigger.py
[2023-11-22T19:37:10.297+0000] {logging_mixin.py:154} INFO - [2023-11-22T19:37:10.296+0000] {dag.py:2941} INFO - Sync 1 DAGs
[2023-11-22T19:37:10.318+0000] {logging_mixin.py:154} INFO - [2023-11-22T19:37:10.318+0000] {dag.py:3722} INFO - Setting next_dagrun for latest_only_with_trigger to 2023-11-22T15:37:10.317988+00:00, run_after=2023-11-22T19:37:10.317988+00:00
[2023-11-22T19:37:10.335+0000] {processor.py:179} INFO - Processing /home/airflow/.local/lib/python3.8/site-packages/airflow/example_dags/example_latest_only_with_trigger.py took 0.070 seconds
[2023-11-22T19:37:40.513+0000] {processor.py:157} INFO - Started process (PID=3754) to work on /home/airflow/.local/lib/python3.8/site-packages/airflow/example_dags/example_latest_only_with_trigger.py
[2023-11-22T19:37:40.514+0000] {processor.py:829} INFO - Processing file /home/airflow/.local/lib/python3.8/site-packages/airflow/example_dags/example_latest_only_with_trigger.py for tasks to queue
[2023-11-22T19:37:40.514+0000] {logging_mixin.py:154} INFO - [2023-11-22T19:37:40.514+0000] {dagbag.py:536} INFO - Filling up the DagBag from /home/airflow/.local/lib/python3.8/site-packages/airflow/example_dags/example_latest_only_with_trigger.py
[2023-11-22T19:37:40.520+0000] {processor.py:839} INFO - DAG(s) dict_keys(['latest_only_with_trigger']) retrieved from /home/airflow/.local/lib/python3.8/site-packages/airflow/example_dags/example_latest_only_with_trigger.py
[2023-11-22T19:37:40.541+0000] {logging_mixin.py:154} INFO - [2023-11-22T19:37:40.541+0000] {dag.py:2941} INFO - Sync 1 DAGs
[2023-11-22T19:37:40.557+0000] {logging_mixin.py:154} INFO - [2023-11-22T19:37:40.557+0000] {dag.py:3722} INFO - Setting next_dagrun for latest_only_with_trigger to 2023-11-22T15:37:40.556950+00:00, run_after=2023-11-22T19:37:40.556950+00:00
[2023-11-22T19:37:40.570+0000] {processor.py:179} INFO - Processing /home/airflow/.local/lib/python3.8/site-packages/airflow/example_dags/example_latest_only_with_trigger.py took 0.060 seconds
[2023-11-22T19:38:10.834+0000] {processor.py:157} INFO - Started process (PID=3992) to work on /home/airflow/.local/lib/python3.8/site-packages/airflow/example_dags/example_latest_only_with_trigger.py
[2023-11-22T19:38:10.835+0000] {processor.py:829} INFO - Processing file /home/airflow/.local/lib/python3.8/site-packages/airflow/example_dags/example_latest_only_with_trigger.py for tasks to queue
[2023-11-22T19:38:10.836+0000] {logging_mixin.py:154} INFO - [2023-11-22T19:38:10.835+0000] {dagbag.py:536} INFO - Filling up the DagBag from /home/airflow/.local/lib/python3.8/site-packages/airflow/example_dags/example_latest_only_with_trigger.py
[2023-11-22T19:38:10.841+0000] {processor.py:839} INFO - DAG(s) dict_keys(['latest_only_with_trigger']) retrieved from /home/airflow/.local/lib/python3.8/site-packages/airflow/example_dags/example_latest_only_with_trigger.py
[2023-11-22T19:38:10.864+0000] {logging_mixin.py:154} INFO - [2023-11-22T19:38:10.864+0000] {dag.py:2941} INFO - Sync 1 DAGs
[2023-11-22T19:38:10.881+0000] {logging_mixin.py:154} INFO - [2023-11-22T19:38:10.881+0000] {dag.py:3722} INFO - Setting next_dagrun for latest_only_with_trigger to 2023-11-22T15:38:10.881260+00:00, run_after=2023-11-22T19:38:10.881260+00:00
[2023-11-22T19:38:10.895+0000] {processor.py:179} INFO - Processing /home/airflow/.local/lib/python3.8/site-packages/airflow/example_dags/example_latest_only_with_trigger.py took 0.065 seconds
[2023-11-22T19:38:41.171+0000] {processor.py:157} INFO - Started process (PID=4227) to work on /home/airflow/.local/lib/python3.8/site-packages/airflow/example_dags/example_latest_only_with_trigger.py
[2023-11-22T19:38:41.172+0000] {processor.py:829} INFO - Processing file /home/airflow/.local/lib/python3.8/site-packages/airflow/example_dags/example_latest_only_with_trigger.py for tasks to queue
[2023-11-22T19:38:41.173+0000] {logging_mixin.py:154} INFO - [2023-11-22T19:38:41.173+0000] {dagbag.py:536} INFO - Filling up the DagBag from /home/airflow/.local/lib/python3.8/site-packages/airflow/example_dags/example_latest_only_with_trigger.py
[2023-11-22T19:38:41.179+0000] {processor.py:839} INFO - DAG(s) dict_keys(['latest_only_with_trigger']) retrieved from /home/airflow/.local/lib/python3.8/site-packages/airflow/example_dags/example_latest_only_with_trigger.py
[2023-11-22T19:38:41.199+0000] {logging_mixin.py:154} INFO - [2023-11-22T19:38:41.198+0000] {dag.py:2941} INFO - Sync 1 DAGs
[2023-11-22T19:38:41.215+0000] {logging_mixin.py:154} INFO - [2023-11-22T19:38:41.215+0000] {dag.py:3722} INFO - Setting next_dagrun for latest_only_with_trigger to 2023-11-22T15:38:41.215021+00:00, run_after=2023-11-22T19:38:41.215021+00:00
[2023-11-22T19:38:41.228+0000] {processor.py:179} INFO - Processing /home/airflow/.local/lib/python3.8/site-packages/airflow/example_dags/example_latest_only_with_trigger.py took 0.060 seconds
[2023-11-22T19:39:11.803+0000] {processor.py:157} INFO - Started process (PID=4467) to work on /home/airflow/.local/lib/python3.8/site-packages/airflow/example_dags/example_latest_only_with_trigger.py
[2023-11-22T19:39:11.804+0000] {processor.py:829} INFO - Processing file /home/airflow/.local/lib/python3.8/site-packages/airflow/example_dags/example_latest_only_with_trigger.py for tasks to queue
[2023-11-22T19:39:11.805+0000] {logging_mixin.py:154} INFO - [2023-11-22T19:39:11.805+0000] {dagbag.py:536} INFO - Filling up the DagBag from /home/airflow/.local/lib/python3.8/site-packages/airflow/example_dags/example_latest_only_with_trigger.py
[2023-11-22T19:39:11.811+0000] {processor.py:839} INFO - DAG(s) dict_keys(['latest_only_with_trigger']) retrieved from /home/airflow/.local/lib/python3.8/site-packages/airflow/example_dags/example_latest_only_with_trigger.py
[2023-11-22T19:39:11.832+0000] {logging_mixin.py:154} INFO - [2023-11-22T19:39:11.831+0000] {dag.py:2941} INFO - Sync 1 DAGs
[2023-11-22T19:39:11.848+0000] {logging_mixin.py:154} INFO - [2023-11-22T19:39:11.848+0000] {dag.py:3722} INFO - Setting next_dagrun for latest_only_with_trigger to 2023-11-22T15:39:11.847749+00:00, run_after=2023-11-22T19:39:11.847749+00:00
[2023-11-22T19:39:11.861+0000] {processor.py:179} INFO - Processing /home/airflow/.local/lib/python3.8/site-packages/airflow/example_dags/example_latest_only_with_trigger.py took 0.060 seconds
[2023-11-22T19:39:42.211+0000] {processor.py:157} INFO - Started process (PID=4703) to work on /home/airflow/.local/lib/python3.8/site-packages/airflow/example_dags/example_latest_only_with_trigger.py
[2023-11-22T19:39:42.212+0000] {processor.py:829} INFO - Processing file /home/airflow/.local/lib/python3.8/site-packages/airflow/example_dags/example_latest_only_with_trigger.py for tasks to queue
[2023-11-22T19:39:42.213+0000] {logging_mixin.py:154} INFO - [2023-11-22T19:39:42.213+0000] {dagbag.py:536} INFO - Filling up the DagBag from /home/airflow/.local/lib/python3.8/site-packages/airflow/example_dags/example_latest_only_with_trigger.py
[2023-11-22T19:39:42.218+0000] {processor.py:839} INFO - DAG(s) dict_keys(['latest_only_with_trigger']) retrieved from /home/airflow/.local/lib/python3.8/site-packages/airflow/example_dags/example_latest_only_with_trigger.py
[2023-11-22T19:39:42.238+0000] {logging_mixin.py:154} INFO - [2023-11-22T19:39:42.238+0000] {dag.py:2941} INFO - Sync 1 DAGs
[2023-11-22T19:39:42.254+0000] {logging_mixin.py:154} INFO - [2023-11-22T19:39:42.254+0000] {dag.py:3722} INFO - Setting next_dagrun for latest_only_with_trigger to 2023-11-22T15:39:42.254035+00:00, run_after=2023-11-22T19:39:42.254035+00:00
[2023-11-22T19:39:42.267+0000] {processor.py:179} INFO - Processing /home/airflow/.local/lib/python3.8/site-packages/airflow/example_dags/example_latest_only_with_trigger.py took 0.058 seconds
[2023-11-22T19:40:12.748+0000] {processor.py:157} INFO - Started process (PID=4941) to work on /home/airflow/.local/lib/python3.8/site-packages/airflow/example_dags/example_latest_only_with_trigger.py
[2023-11-22T19:40:12.749+0000] {processor.py:829} INFO - Processing file /home/airflow/.local/lib/python3.8/site-packages/airflow/example_dags/example_latest_only_with_trigger.py for tasks to queue
[2023-11-22T19:40:12.750+0000] {logging_mixin.py:154} INFO - [2023-11-22T19:40:12.750+0000] {dagbag.py:536} INFO - Filling up the DagBag from /home/airflow/.local/lib/python3.8/site-packages/airflow/example_dags/example_latest_only_with_trigger.py
[2023-11-22T19:40:12.756+0000] {processor.py:839} INFO - DAG(s) dict_keys(['latest_only_with_trigger']) retrieved from /home/airflow/.local/lib/python3.8/site-packages/airflow/example_dags/example_latest_only_with_trigger.py
[2023-11-22T19:40:12.775+0000] {logging_mixin.py:154} INFO - [2023-11-22T19:40:12.775+0000] {dag.py:2941} INFO - Sync 1 DAGs
[2023-11-22T19:40:12.791+0000] {logging_mixin.py:154} INFO - [2023-11-22T19:40:12.791+0000] {dag.py:3722} INFO - Setting next_dagrun for latest_only_with_trigger to 2023-11-22T15:40:12.791003+00:00, run_after=2023-11-22T19:40:12.791003+00:00
[2023-11-22T19:40:12.804+0000] {processor.py:179} INFO - Processing /home/airflow/.local/lib/python3.8/site-packages/airflow/example_dags/example_latest_only_with_trigger.py took 0.058 seconds
[2023-11-22T19:40:43.208+0000] {processor.py:157} INFO - Started process (PID=5179) to work on /home/airflow/.local/lib/python3.8/site-packages/airflow/example_dags/example_latest_only_with_trigger.py
[2023-11-22T19:40:43.209+0000] {processor.py:829} INFO - Processing file /home/airflow/.local/lib/python3.8/site-packages/airflow/example_dags/example_latest_only_with_trigger.py for tasks to queue
[2023-11-22T19:40:43.210+0000] {logging_mixin.py:154} INFO - [2023-11-22T19:40:43.209+0000] {dagbag.py:536} INFO - Filling up the DagBag from /home/airflow/.local/lib/python3.8/site-packages/airflow/example_dags/example_latest_only_with_trigger.py
[2023-11-22T19:40:43.215+0000] {processor.py:839} INFO - DAG(s) dict_keys(['latest_only_with_trigger']) retrieved from /home/airflow/.local/lib/python3.8/site-packages/airflow/example_dags/example_latest_only_with_trigger.py
[2023-11-22T19:40:43.237+0000] {logging_mixin.py:154} INFO - [2023-11-22T19:40:43.237+0000] {dag.py:2941} INFO - Sync 1 DAGs
[2023-11-22T19:40:43.253+0000] {logging_mixin.py:154} INFO - [2023-11-22T19:40:43.253+0000] {dag.py:3722} INFO - Setting next_dagrun for latest_only_with_trigger to 2023-11-22T15:40:43.253216+00:00, run_after=2023-11-22T19:40:43.253216+00:00
[2023-11-22T19:40:43.266+0000] {processor.py:179} INFO - Processing /home/airflow/.local/lib/python3.8/site-packages/airflow/example_dags/example_latest_only_with_trigger.py took 0.061 seconds
[2023-11-22T19:41:13.865+0000] {processor.py:157} INFO - Started process (PID=5419) to work on /home/airflow/.local/lib/python3.8/site-packages/airflow/example_dags/example_latest_only_with_trigger.py
[2023-11-22T19:41:13.866+0000] {processor.py:829} INFO - Processing file /home/airflow/.local/lib/python3.8/site-packages/airflow/example_dags/example_latest_only_with_trigger.py for tasks to queue
[2023-11-22T19:41:13.867+0000] {logging_mixin.py:154} INFO - [2023-11-22T19:41:13.866+0000] {dagbag.py:536} INFO - Filling up the DagBag from /home/airflow/.local/lib/python3.8/site-packages/airflow/example_dags/example_latest_only_with_trigger.py
[2023-11-22T19:41:13.872+0000] {processor.py:839} INFO - DAG(s) dict_keys(['latest_only_with_trigger']) retrieved from /home/airflow/.local/lib/python3.8/site-packages/airflow/example_dags/example_latest_only_with_trigger.py
[2023-11-22T19:41:13.893+0000] {logging_mixin.py:154} INFO - [2023-11-22T19:41:13.893+0000] {dag.py:2941} INFO - Sync 1 DAGs
[2023-11-22T19:41:13.909+0000] {logging_mixin.py:154} INFO - [2023-11-22T19:41:13.909+0000] {dag.py:3722} INFO - Setting next_dagrun for latest_only_with_trigger to 2023-11-22T15:41:13.909232+00:00, run_after=2023-11-22T19:41:13.909232+00:00
[2023-11-22T19:41:13.922+0000] {processor.py:179} INFO - Processing /home/airflow/.local/lib/python3.8/site-packages/airflow/example_dags/example_latest_only_with_trigger.py took 0.061 seconds
[2023-11-22T19:41:44.357+0000] {processor.py:157} INFO - Started process (PID=5655) to work on /home/airflow/.local/lib/python3.8/site-packages/airflow/example_dags/example_latest_only_with_trigger.py
[2023-11-22T19:41:44.358+0000] {processor.py:829} INFO - Processing file /home/airflow/.local/lib/python3.8/site-packages/airflow/example_dags/example_latest_only_with_trigger.py for tasks to queue
[2023-11-22T19:41:44.359+0000] {logging_mixin.py:154} INFO - [2023-11-22T19:41:44.358+0000] {dagbag.py:536} INFO - Filling up the DagBag from /home/airflow/.local/lib/python3.8/site-packages/airflow/example_dags/example_latest_only_with_trigger.py
[2023-11-22T19:41:44.365+0000] {processor.py:839} INFO - DAG(s) dict_keys(['latest_only_with_trigger']) retrieved from /home/airflow/.local/lib/python3.8/site-packages/airflow/example_dags/example_latest_only_with_trigger.py
[2023-11-22T19:41:44.384+0000] {logging_mixin.py:154} INFO - [2023-11-22T19:41:44.384+0000] {dag.py:2941} INFO - Sync 1 DAGs
[2023-11-22T19:41:44.400+0000] {logging_mixin.py:154} INFO - [2023-11-22T19:41:44.400+0000] {dag.py:3722} INFO - Setting next_dagrun for latest_only_with_trigger to 2023-11-22T15:41:44.400550+00:00, run_after=2023-11-22T19:41:44.400550+00:00
[2023-11-22T19:41:44.413+0000] {processor.py:179} INFO - Processing /home/airflow/.local/lib/python3.8/site-packages/airflow/example_dags/example_latest_only_with_trigger.py took 0.059 seconds
[2023-11-22T19:42:14.800+0000] {processor.py:157} INFO - Started process (PID=5892) to work on /home/airflow/.local/lib/python3.8/site-packages/airflow/example_dags/example_latest_only_with_trigger.py
[2023-11-22T19:42:14.801+0000] {processor.py:829} INFO - Processing file /home/airflow/.local/lib/python3.8/site-packages/airflow/example_dags/example_latest_only_with_trigger.py for tasks to queue
[2023-11-22T19:42:14.802+0000] {logging_mixin.py:154} INFO - [2023-11-22T19:42:14.802+0000] {dagbag.py:536} INFO - Filling up the DagBag from /home/airflow/.local/lib/python3.8/site-packages/airflow/example_dags/example_latest_only_with_trigger.py
[2023-11-22T19:42:14.808+0000] {processor.py:839} INFO - DAG(s) dict_keys(['latest_only_with_trigger']) retrieved from /home/airflow/.local/lib/python3.8/site-packages/airflow/example_dags/example_latest_only_with_trigger.py
[2023-11-22T19:42:14.828+0000] {logging_mixin.py:154} INFO - [2023-11-22T19:42:14.827+0000] {dag.py:2941} INFO - Sync 1 DAGs
[2023-11-22T19:42:14.843+0000] {logging_mixin.py:154} INFO - [2023-11-22T19:42:14.843+0000] {dag.py:3722} INFO - Setting next_dagrun for latest_only_with_trigger to 2023-11-22T15:42:14.843353+00:00, run_after=2023-11-22T19:42:14.843353+00:00
[2023-11-22T19:42:14.856+0000] {processor.py:179} INFO - Processing /home/airflow/.local/lib/python3.8/site-packages/airflow/example_dags/example_latest_only_with_trigger.py took 0.059 seconds
[2023-11-22T19:42:45.192+0000] {processor.py:157} INFO - Started process (PID=6130) to work on /home/airflow/.local/lib/python3.8/site-packages/airflow/example_dags/example_latest_only_with_trigger.py
[2023-11-22T19:42:45.193+0000] {processor.py:829} INFO - Processing file /home/airflow/.local/lib/python3.8/site-packages/airflow/example_dags/example_latest_only_with_trigger.py for tasks to queue
[2023-11-22T19:42:45.194+0000] {logging_mixin.py:154} INFO - [2023-11-22T19:42:45.193+0000] {dagbag.py:536} INFO - Filling up the DagBag from /home/airflow/.local/lib/python3.8/site-packages/airflow/example_dags/example_latest_only_with_trigger.py
[2023-11-22T19:42:45.199+0000] {processor.py:839} INFO - DAG(s) dict_keys(['latest_only_with_trigger']) retrieved from /home/airflow/.local/lib/python3.8/site-packages/airflow/example_dags/example_latest_only_with_trigger.py
[2023-11-22T19:42:45.219+0000] {logging_mixin.py:154} INFO - [2023-11-22T19:42:45.219+0000] {dag.py:2941} INFO - Sync 1 DAGs
[2023-11-22T19:42:45.236+0000] {logging_mixin.py:154} INFO - [2023-11-22T19:42:45.236+0000] {dag.py:3722} INFO - Setting next_dagrun for latest_only_with_trigger to 2023-11-22T15:42:45.235809+00:00, run_after=2023-11-22T19:42:45.235809+00:00
[2023-11-22T19:42:45.249+0000] {processor.py:179} INFO - Processing /home/airflow/.local/lib/python3.8/site-packages/airflow/example_dags/example_latest_only_with_trigger.py took 0.059 seconds
[2023-11-22T19:43:15.602+0000] {processor.py:157} INFO - Started process (PID=6368) to work on /home/airflow/.local/lib/python3.8/site-packages/airflow/example_dags/example_latest_only_with_trigger.py
[2023-11-22T19:43:15.602+0000] {processor.py:829} INFO - Processing file /home/airflow/.local/lib/python3.8/site-packages/airflow/example_dags/example_latest_only_with_trigger.py for tasks to queue
[2023-11-22T19:43:15.603+0000] {logging_mixin.py:154} INFO - [2023-11-22T19:43:15.603+0000] {dagbag.py:536} INFO - Filling up the DagBag from /home/airflow/.local/lib/python3.8/site-packages/airflow/example_dags/example_latest_only_with_trigger.py
[2023-11-22T19:43:15.609+0000] {processor.py:839} INFO - DAG(s) dict_keys(['latest_only_with_trigger']) retrieved from /home/airflow/.local/lib/python3.8/site-packages/airflow/example_dags/example_latest_only_with_trigger.py
[2023-11-22T19:43:15.629+0000] {logging_mixin.py:154} INFO - [2023-11-22T19:43:15.629+0000] {dag.py:2941} INFO - Sync 1 DAGs
[2023-11-22T19:43:15.645+0000] {logging_mixin.py:154} INFO - [2023-11-22T19:43:15.644+0000] {dag.py:3722} INFO - Setting next_dagrun for latest_only_with_trigger to 2023-11-22T15:43:15.644645+00:00, run_after=2023-11-22T19:43:15.644645+00:00
[2023-11-22T19:43:15.658+0000] {processor.py:179} INFO - Processing /home/airflow/.local/lib/python3.8/site-packages/airflow/example_dags/example_latest_only_with_trigger.py took 0.059 seconds
[2023-11-22T19:43:46.058+0000] {processor.py:157} INFO - Started process (PID=6608) to work on /home/airflow/.local/lib/python3.8/site-packages/airflow/example_dags/example_latest_only_with_trigger.py
[2023-11-22T19:43:46.059+0000] {processor.py:829} INFO - Processing file /home/airflow/.local/lib/python3.8/site-packages/airflow/example_dags/example_latest_only_with_trigger.py for tasks to queue
[2023-11-22T19:43:46.060+0000] {logging_mixin.py:154} INFO - [2023-11-22T19:43:46.060+0000] {dagbag.py:536} INFO - Filling up the DagBag from /home/airflow/.local/lib/python3.8/site-packages/airflow/example_dags/example_latest_only_with_trigger.py
[2023-11-22T19:43:46.066+0000] {processor.py:839} INFO - DAG(s) dict_keys(['latest_only_with_trigger']) retrieved from /home/airflow/.local/lib/python3.8/site-packages/airflow/example_dags/example_latest_only_with_trigger.py
[2023-11-22T19:43:46.087+0000] {logging_mixin.py:154} INFO - [2023-11-22T19:43:46.086+0000] {dag.py:2941} INFO - Sync 1 DAGs
[2023-11-22T19:43:46.103+0000] {logging_mixin.py:154} INFO - [2023-11-22T19:43:46.103+0000] {dag.py:3722} INFO - Setting next_dagrun for latest_only_with_trigger to 2023-11-22T15:43:46.103102+00:00, run_after=2023-11-22T19:43:46.103102+00:00
[2023-11-22T19:43:46.116+0000] {processor.py:179} INFO - Processing /home/airflow/.local/lib/python3.8/site-packages/airflow/example_dags/example_latest_only_with_trigger.py took 0.060 seconds
[2023-11-22T19:44:16.569+0000] {processor.py:157} INFO - Started process (PID=6846) to work on /home/airflow/.local/lib/python3.8/site-packages/airflow/example_dags/example_latest_only_with_trigger.py
[2023-11-22T19:44:16.570+0000] {processor.py:829} INFO - Processing file /home/airflow/.local/lib/python3.8/site-packages/airflow/example_dags/example_latest_only_with_trigger.py for tasks to queue
[2023-11-22T19:44:16.571+0000] {logging_mixin.py:154} INFO - [2023-11-22T19:44:16.570+0000] {dagbag.py:536} INFO - Filling up the DagBag from /home/airflow/.local/lib/python3.8/site-packages/airflow/example_dags/example_latest_only_with_trigger.py
[2023-11-22T19:44:16.577+0000] {processor.py:839} INFO - DAG(s) dict_keys(['latest_only_with_trigger']) retrieved from /home/airflow/.local/lib/python3.8/site-packages/airflow/example_dags/example_latest_only_with_trigger.py
[2023-11-22T19:44:16.597+0000] {logging_mixin.py:154} INFO - [2023-11-22T19:44:16.597+0000] {dag.py:2941} INFO - Sync 1 DAGs
[2023-11-22T19:44:16.613+0000] {logging_mixin.py:154} INFO - [2023-11-22T19:44:16.613+0000] {dag.py:3722} INFO - Setting next_dagrun for latest_only_with_trigger to 2023-11-22T15:44:16.613191+00:00, run_after=2023-11-22T19:44:16.613191+00:00
[2023-11-22T19:44:16.626+0000] {processor.py:179} INFO - Processing /home/airflow/.local/lib/python3.8/site-packages/airflow/example_dags/example_latest_only_with_trigger.py took 0.060 seconds
[2023-11-22T19:44:46.979+0000] {processor.py:157} INFO - Started process (PID=7082) to work on /home/airflow/.local/lib/python3.8/site-packages/airflow/example_dags/example_latest_only_with_trigger.py
[2023-11-22T19:44:46.980+0000] {processor.py:829} INFO - Processing file /home/airflow/.local/lib/python3.8/site-packages/airflow/example_dags/example_latest_only_with_trigger.py for tasks to queue
[2023-11-22T19:44:46.981+0000] {logging_mixin.py:154} INFO - [2023-11-22T19:44:46.981+0000] {dagbag.py:536} INFO - Filling up the DagBag from /home/airflow/.local/lib/python3.8/site-packages/airflow/example_dags/example_latest_only_with_trigger.py
[2023-11-22T19:44:46.987+0000] {processor.py:839} INFO - DAG(s) dict_keys(['latest_only_with_trigger']) retrieved from /home/airflow/.local/lib/python3.8/site-packages/airflow/example_dags/example_latest_only_with_trigger.py
[2023-11-22T19:44:47.006+0000] {logging_mixin.py:154} INFO - [2023-11-22T19:44:47.006+0000] {dag.py:2941} INFO - Sync 1 DAGs
[2023-11-22T19:44:47.022+0000] {logging_mixin.py:154} INFO - [2023-11-22T19:44:47.022+0000] {dag.py:3722} INFO - Setting next_dagrun for latest_only_with_trigger to 2023-11-22T15:44:47.022241+00:00, run_after=2023-11-22T19:44:47.022241+00:00
[2023-11-22T19:44:47.035+0000] {processor.py:179} INFO - Processing /home/airflow/.local/lib/python3.8/site-packages/airflow/example_dags/example_latest_only_with_trigger.py took 0.058 seconds
[2023-11-22T19:45:17.453+0000] {processor.py:157} INFO - Started process (PID=7322) to work on /home/airflow/.local/lib/python3.8/site-packages/airflow/example_dags/example_latest_only_with_trigger.py
[2023-11-22T19:45:17.454+0000] {processor.py:829} INFO - Processing file /home/airflow/.local/lib/python3.8/site-packages/airflow/example_dags/example_latest_only_with_trigger.py for tasks to queue
[2023-11-22T19:45:17.455+0000] {logging_mixin.py:154} INFO - [2023-11-22T19:45:17.454+0000] {dagbag.py:536} INFO - Filling up the DagBag from /home/airflow/.local/lib/python3.8/site-packages/airflow/example_dags/example_latest_only_with_trigger.py
[2023-11-22T19:45:17.461+0000] {processor.py:839} INFO - DAG(s) dict_keys(['latest_only_with_trigger']) retrieved from /home/airflow/.local/lib/python3.8/site-packages/airflow/example_dags/example_latest_only_with_trigger.py
[2023-11-22T19:45:17.482+0000] {logging_mixin.py:154} INFO - [2023-11-22T19:45:17.482+0000] {dag.py:2941} INFO - Sync 1 DAGs
[2023-11-22T19:45:17.501+0000] {logging_mixin.py:154} INFO - [2023-11-22T19:45:17.501+0000] {dag.py:3722} INFO - Setting next_dagrun for latest_only_with_trigger to 2023-11-22T15:45:17.501359+00:00, run_after=2023-11-22T19:45:17.501359+00:00
[2023-11-22T19:45:17.515+0000] {processor.py:179} INFO - Processing /home/airflow/.local/lib/python3.8/site-packages/airflow/example_dags/example_latest_only_with_trigger.py took 0.066 seconds
[2023-11-22T19:45:47.877+0000] {processor.py:157} INFO - Started process (PID=7558) to work on /home/airflow/.local/lib/python3.8/site-packages/airflow/example_dags/example_latest_only_with_trigger.py
[2023-11-22T19:45:47.877+0000] {processor.py:829} INFO - Processing file /home/airflow/.local/lib/python3.8/site-packages/airflow/example_dags/example_latest_only_with_trigger.py for tasks to queue
[2023-11-22T19:45:47.878+0000] {logging_mixin.py:154} INFO - [2023-11-22T19:45:47.878+0000] {dagbag.py:536} INFO - Filling up the DagBag from /home/airflow/.local/lib/python3.8/site-packages/airflow/example_dags/example_latest_only_with_trigger.py
[2023-11-22T19:45:47.884+0000] {processor.py:839} INFO - DAG(s) dict_keys(['latest_only_with_trigger']) retrieved from /home/airflow/.local/lib/python3.8/site-packages/airflow/example_dags/example_latest_only_with_trigger.py
[2023-11-22T19:45:47.904+0000] {logging_mixin.py:154} INFO - [2023-11-22T19:45:47.904+0000] {dag.py:2941} INFO - Sync 1 DAGs
[2023-11-22T19:45:47.919+0000] {logging_mixin.py:154} INFO - [2023-11-22T19:45:47.919+0000] {dag.py:3722} INFO - Setting next_dagrun for latest_only_with_trigger to 2023-11-22T15:45:47.919501+00:00, run_after=2023-11-22T19:45:47.919501+00:00
[2023-11-22T19:45:47.932+0000] {processor.py:179} INFO - Processing /home/airflow/.local/lib/python3.8/site-packages/airflow/example_dags/example_latest_only_with_trigger.py took 0.058 seconds
[2023-11-22T19:46:18.398+0000] {processor.py:157} INFO - Started process (PID=7798) to work on /home/airflow/.local/lib/python3.8/site-packages/airflow/example_dags/example_latest_only_with_trigger.py
[2023-11-22T19:46:18.399+0000] {processor.py:829} INFO - Processing file /home/airflow/.local/lib/python3.8/site-packages/airflow/example_dags/example_latest_only_with_trigger.py for tasks to queue
[2023-11-22T19:46:18.400+0000] {logging_mixin.py:154} INFO - [2023-11-22T19:46:18.400+0000] {dagbag.py:536} INFO - Filling up the DagBag from /home/airflow/.local/lib/python3.8/site-packages/airflow/example_dags/example_latest_only_with_trigger.py
[2023-11-22T19:46:18.407+0000] {processor.py:839} INFO - DAG(s) dict_keys(['latest_only_with_trigger']) retrieved from /home/airflow/.local/lib/python3.8/site-packages/airflow/example_dags/example_latest_only_with_trigger.py
[2023-11-22T19:46:18.431+0000] {logging_mixin.py:154} INFO - [2023-11-22T19:46:18.431+0000] {dag.py:2941} INFO - Sync 1 DAGs
[2023-11-22T19:46:18.450+0000] {logging_mixin.py:154} INFO - [2023-11-22T19:46:18.450+0000] {dag.py:3722} INFO - Setting next_dagrun for latest_only_with_trigger to 2023-11-22T15:46:18.449807+00:00, run_after=2023-11-22T19:46:18.449807+00:00
[2023-11-22T19:46:18.465+0000] {processor.py:179} INFO - Processing /home/airflow/.local/lib/python3.8/site-packages/airflow/example_dags/example_latest_only_with_trigger.py took 0.070 seconds
[2023-11-22T19:46:48.816+0000] {processor.py:157} INFO - Started process (PID=8036) to work on /home/airflow/.local/lib/python3.8/site-packages/airflow/example_dags/example_latest_only_with_trigger.py
[2023-11-22T19:46:48.817+0000] {processor.py:829} INFO - Processing file /home/airflow/.local/lib/python3.8/site-packages/airflow/example_dags/example_latest_only_with_trigger.py for tasks to queue
[2023-11-22T19:46:48.818+0000] {logging_mixin.py:154} INFO - [2023-11-22T19:46:48.817+0000] {dagbag.py:536} INFO - Filling up the DagBag from /home/airflow/.local/lib/python3.8/site-packages/airflow/example_dags/example_latest_only_with_trigger.py
[2023-11-22T19:46:48.823+0000] {processor.py:839} INFO - DAG(s) dict_keys(['latest_only_with_trigger']) retrieved from /home/airflow/.local/lib/python3.8/site-packages/airflow/example_dags/example_latest_only_with_trigger.py
[2023-11-22T19:46:48.844+0000] {logging_mixin.py:154} INFO - [2023-11-22T19:46:48.844+0000] {dag.py:2941} INFO - Sync 1 DAGs
[2023-11-22T19:46:48.861+0000] {logging_mixin.py:154} INFO - [2023-11-22T19:46:48.861+0000] {dag.py:3722} INFO - Setting next_dagrun for latest_only_with_trigger to 2023-11-22T15:46:48.860843+00:00, run_after=2023-11-22T19:46:48.860843+00:00
[2023-11-22T19:46:48.874+0000] {processor.py:179} INFO - Processing /home/airflow/.local/lib/python3.8/site-packages/airflow/example_dags/example_latest_only_with_trigger.py took 0.060 seconds
[2023-11-22T19:47:19.246+0000] {processor.py:157} INFO - Started process (PID=8274) to work on /home/airflow/.local/lib/python3.8/site-packages/airflow/example_dags/example_latest_only_with_trigger.py
[2023-11-22T19:47:19.247+0000] {processor.py:829} INFO - Processing file /home/airflow/.local/lib/python3.8/site-packages/airflow/example_dags/example_latest_only_with_trigger.py for tasks to queue
[2023-11-22T19:47:19.248+0000] {logging_mixin.py:154} INFO - [2023-11-22T19:47:19.247+0000] {dagbag.py:536} INFO - Filling up the DagBag from /home/airflow/.local/lib/python3.8/site-packages/airflow/example_dags/example_latest_only_with_trigger.py
[2023-11-22T19:47:19.253+0000] {processor.py:839} INFO - DAG(s) dict_keys(['latest_only_with_trigger']) retrieved from /home/airflow/.local/lib/python3.8/site-packages/airflow/example_dags/example_latest_only_with_trigger.py
[2023-11-22T19:47:19.274+0000] {logging_mixin.py:154} INFO - [2023-11-22T19:47:19.274+0000] {dag.py:2941} INFO - Sync 1 DAGs
[2023-11-22T19:47:19.291+0000] {logging_mixin.py:154} INFO - [2023-11-22T19:47:19.291+0000] {dag.py:3722} INFO - Setting next_dagrun for latest_only_with_trigger to 2023-11-22T15:47:19.291227+00:00, run_after=2023-11-22T19:47:19.291227+00:00
[2023-11-22T19:47:19.305+0000] {processor.py:179} INFO - Processing /home/airflow/.local/lib/python3.8/site-packages/airflow/example_dags/example_latest_only_with_trigger.py took 0.062 seconds
[2023-11-22T19:47:49.731+0000] {processor.py:157} INFO - Started process (PID=8511) to work on /home/airflow/.local/lib/python3.8/site-packages/airflow/example_dags/example_latest_only_with_trigger.py
[2023-11-22T19:47:49.732+0000] {processor.py:829} INFO - Processing file /home/airflow/.local/lib/python3.8/site-packages/airflow/example_dags/example_latest_only_with_trigger.py for tasks to queue
[2023-11-22T19:47:49.733+0000] {logging_mixin.py:154} INFO - [2023-11-22T19:47:49.732+0000] {dagbag.py:536} INFO - Filling up the DagBag from /home/airflow/.local/lib/python3.8/site-packages/airflow/example_dags/example_latest_only_with_trigger.py
[2023-11-22T19:47:49.739+0000] {processor.py:839} INFO - DAG(s) dict_keys(['latest_only_with_trigger']) retrieved from /home/airflow/.local/lib/python3.8/site-packages/airflow/example_dags/example_latest_only_with_trigger.py
[2023-11-22T19:47:49.759+0000] {logging_mixin.py:154} INFO - [2023-11-22T19:47:49.759+0000] {dag.py:2941} INFO - Sync 1 DAGs
[2023-11-22T19:47:49.775+0000] {logging_mixin.py:154} INFO - [2023-11-22T19:47:49.775+0000] {dag.py:3722} INFO - Setting next_dagrun for latest_only_with_trigger to 2023-11-22T15:47:49.775416+00:00, run_after=2023-11-22T19:47:49.775416+00:00
[2023-11-22T19:47:49.788+0000] {processor.py:179} INFO - Processing /home/airflow/.local/lib/python3.8/site-packages/airflow/example_dags/example_latest_only_with_trigger.py took 0.060 seconds
[2023-11-22T19:48:19.913+0000] {processor.py:157} INFO - Started process (PID=8749) to work on /home/airflow/.local/lib/python3.8/site-packages/airflow/example_dags/example_latest_only_with_trigger.py
[2023-11-22T19:48:19.914+0000] {processor.py:829} INFO - Processing file /home/airflow/.local/lib/python3.8/site-packages/airflow/example_dags/example_latest_only_with_trigger.py for tasks to queue
[2023-11-22T19:48:19.914+0000] {logging_mixin.py:154} INFO - [2023-11-22T19:48:19.914+0000] {dagbag.py:536} INFO - Filling up the DagBag from /home/airflow/.local/lib/python3.8/site-packages/airflow/example_dags/example_latest_only_with_trigger.py
[2023-11-22T19:48:19.920+0000] {processor.py:839} INFO - DAG(s) dict_keys(['latest_only_with_trigger']) retrieved from /home/airflow/.local/lib/python3.8/site-packages/airflow/example_dags/example_latest_only_with_trigger.py
[2023-11-22T19:48:19.941+0000] {logging_mixin.py:154} INFO - [2023-11-22T19:48:19.941+0000] {dag.py:2941} INFO - Sync 1 DAGs
[2023-11-22T19:48:19.957+0000] {logging_mixin.py:154} INFO - [2023-11-22T19:48:19.957+0000] {dag.py:3722} INFO - Setting next_dagrun for latest_only_with_trigger to 2023-11-22T15:48:19.957322+00:00, run_after=2023-11-22T19:48:19.957322+00:00
[2023-11-22T19:48:19.970+0000] {processor.py:179} INFO - Processing /home/airflow/.local/lib/python3.8/site-packages/airflow/example_dags/example_latest_only_with_trigger.py took 0.060 seconds
[2023-11-22T19:48:50.180+0000] {processor.py:157} INFO - Started process (PID=8985) to work on /home/airflow/.local/lib/python3.8/site-packages/airflow/example_dags/example_latest_only_with_trigger.py
[2023-11-22T19:48:50.181+0000] {processor.py:829} INFO - Processing file /home/airflow/.local/lib/python3.8/site-packages/airflow/example_dags/example_latest_only_with_trigger.py for tasks to queue
[2023-11-22T19:48:50.182+0000] {logging_mixin.py:154} INFO - [2023-11-22T19:48:50.182+0000] {dagbag.py:536} INFO - Filling up the DagBag from /home/airflow/.local/lib/python3.8/site-packages/airflow/example_dags/example_latest_only_with_trigger.py
[2023-11-22T19:48:50.188+0000] {processor.py:839} INFO - DAG(s) dict_keys(['latest_only_with_trigger']) retrieved from /home/airflow/.local/lib/python3.8/site-packages/airflow/example_dags/example_latest_only_with_trigger.py
[2023-11-22T19:48:50.208+0000] {logging_mixin.py:154} INFO - [2023-11-22T19:48:50.208+0000] {dag.py:2941} INFO - Sync 1 DAGs
[2023-11-22T19:48:50.224+0000] {logging_mixin.py:154} INFO - [2023-11-22T19:48:50.224+0000] {dag.py:3722} INFO - Setting next_dagrun for latest_only_with_trigger to 2023-11-22T15:48:50.223971+00:00, run_after=2023-11-22T19:48:50.223971+00:00
[2023-11-22T19:48:50.237+0000] {processor.py:179} INFO - Processing /home/airflow/.local/lib/python3.8/site-packages/airflow/example_dags/example_latest_only_with_trigger.py took 0.059 seconds
[2023-11-22T19:49:21.439+0000] {processor.py:157} INFO - Started process (PID=9230) to work on /home/airflow/.local/lib/python3.8/site-packages/airflow/example_dags/example_latest_only_with_trigger.py
[2023-11-22T19:49:21.440+0000] {processor.py:829} INFO - Processing file /home/airflow/.local/lib/python3.8/site-packages/airflow/example_dags/example_latest_only_with_trigger.py for tasks to queue
[2023-11-22T19:49:21.441+0000] {logging_mixin.py:154} INFO - [2023-11-22T19:49:21.441+0000] {dagbag.py:536} INFO - Filling up the DagBag from /home/airflow/.local/lib/python3.8/site-packages/airflow/example_dags/example_latest_only_with_trigger.py
[2023-11-22T19:49:21.447+0000] {processor.py:839} INFO - DAG(s) dict_keys(['latest_only_with_trigger']) retrieved from /home/airflow/.local/lib/python3.8/site-packages/airflow/example_dags/example_latest_only_with_trigger.py
[2023-11-22T19:49:21.467+0000] {logging_mixin.py:154} INFO - [2023-11-22T19:49:21.467+0000] {dag.py:2941} INFO - Sync 1 DAGs
[2023-11-22T19:49:21.599+0000] {logging_mixin.py:154} INFO - [2023-11-22T19:49:21.599+0000] {dag.py:3722} INFO - Setting next_dagrun for latest_only_with_trigger to 2023-11-22T15:49:21.599035+00:00, run_after=2023-11-22T19:49:21.599035+00:00
[2023-11-22T19:49:21.611+0000] {processor.py:179} INFO - Processing /home/airflow/.local/lib/python3.8/site-packages/airflow/example_dags/example_latest_only_with_trigger.py took 0.175 seconds
[2023-11-22T19:49:52.138+0000] {processor.py:157} INFO - Started process (PID=9470) to work on /home/airflow/.local/lib/python3.8/site-packages/airflow/example_dags/example_latest_only_with_trigger.py
[2023-11-22T19:49:52.139+0000] {processor.py:829} INFO - Processing file /home/airflow/.local/lib/python3.8/site-packages/airflow/example_dags/example_latest_only_with_trigger.py for tasks to queue
[2023-11-22T19:49:52.140+0000] {logging_mixin.py:154} INFO - [2023-11-22T19:49:52.139+0000] {dagbag.py:536} INFO - Filling up the DagBag from /home/airflow/.local/lib/python3.8/site-packages/airflow/example_dags/example_latest_only_with_trigger.py
[2023-11-22T19:49:52.145+0000] {processor.py:839} INFO - DAG(s) dict_keys(['latest_only_with_trigger']) retrieved from /home/airflow/.local/lib/python3.8/site-packages/airflow/example_dags/example_latest_only_with_trigger.py
[2023-11-22T19:49:52.166+0000] {logging_mixin.py:154} INFO - [2023-11-22T19:49:52.166+0000] {dag.py:2941} INFO - Sync 1 DAGs
[2023-11-22T19:49:52.183+0000] {logging_mixin.py:154} INFO - [2023-11-22T19:49:52.183+0000] {dag.py:3722} INFO - Setting next_dagrun for latest_only_with_trigger to 2023-11-22T15:49:52.182815+00:00, run_after=2023-11-22T19:49:52.182815+00:00
[2023-11-22T19:49:52.307+0000] {processor.py:179} INFO - Processing /home/airflow/.local/lib/python3.8/site-packages/airflow/example_dags/example_latest_only_with_trigger.py took 0.173 seconds
[2023-11-22T19:50:22.346+0000] {processor.py:157} INFO - Started process (PID=9708) to work on /home/airflow/.local/lib/python3.8/site-packages/airflow/example_dags/example_latest_only_with_trigger.py
[2023-11-22T19:50:22.347+0000] {processor.py:829} INFO - Processing file /home/airflow/.local/lib/python3.8/site-packages/airflow/example_dags/example_latest_only_with_trigger.py for tasks to queue
[2023-11-22T19:50:22.348+0000] {logging_mixin.py:154} INFO - [2023-11-22T19:50:22.348+0000] {dagbag.py:536} INFO - Filling up the DagBag from /home/airflow/.local/lib/python3.8/site-packages/airflow/example_dags/example_latest_only_with_trigger.py
[2023-11-22T19:50:22.354+0000] {processor.py:839} INFO - DAG(s) dict_keys(['latest_only_with_trigger']) retrieved from /home/airflow/.local/lib/python3.8/site-packages/airflow/example_dags/example_latest_only_with_trigger.py
[2023-11-22T19:50:22.374+0000] {logging_mixin.py:154} INFO - [2023-11-22T19:50:22.374+0000] {dag.py:2941} INFO - Sync 1 DAGs
[2023-11-22T19:50:22.390+0000] {logging_mixin.py:154} INFO - [2023-11-22T19:50:22.390+0000] {dag.py:3722} INFO - Setting next_dagrun for latest_only_with_trigger to 2023-11-22T15:50:22.390259+00:00, run_after=2023-11-22T19:50:22.390259+00:00
[2023-11-22T19:50:22.404+0000] {processor.py:179} INFO - Processing /home/airflow/.local/lib/python3.8/site-packages/airflow/example_dags/example_latest_only_with_trigger.py took 0.061 seconds
[2023-11-22T19:50:52.722+0000] {processor.py:157} INFO - Started process (PID=9944) to work on /home/airflow/.local/lib/python3.8/site-packages/airflow/example_dags/example_latest_only_with_trigger.py
[2023-11-22T19:50:52.722+0000] {processor.py:829} INFO - Processing file /home/airflow/.local/lib/python3.8/site-packages/airflow/example_dags/example_latest_only_with_trigger.py for tasks to queue
[2023-11-22T19:50:52.723+0000] {logging_mixin.py:154} INFO - [2023-11-22T19:50:52.723+0000] {dagbag.py:536} INFO - Filling up the DagBag from /home/airflow/.local/lib/python3.8/site-packages/airflow/example_dags/example_latest_only_with_trigger.py
[2023-11-22T19:50:52.729+0000] {processor.py:839} INFO - DAG(s) dict_keys(['latest_only_with_trigger']) retrieved from /home/airflow/.local/lib/python3.8/site-packages/airflow/example_dags/example_latest_only_with_trigger.py
[2023-11-22T19:50:52.749+0000] {logging_mixin.py:154} INFO - [2023-11-22T19:50:52.749+0000] {dag.py:2941} INFO - Sync 1 DAGs
[2023-11-22T19:50:52.765+0000] {logging_mixin.py:154} INFO - [2023-11-22T19:50:52.764+0000] {dag.py:3722} INFO - Setting next_dagrun for latest_only_with_trigger to 2023-11-22T15:50:52.764675+00:00, run_after=2023-11-22T19:50:52.764675+00:00
[2023-11-22T19:50:52.778+0000] {processor.py:179} INFO - Processing /home/airflow/.local/lib/python3.8/site-packages/airflow/example_dags/example_latest_only_with_trigger.py took 0.059 seconds
[2023-11-22T19:51:23.195+0000] {processor.py:157} INFO - Started process (PID=10182) to work on /home/airflow/.local/lib/python3.8/site-packages/airflow/example_dags/example_latest_only_with_trigger.py
[2023-11-22T19:51:23.196+0000] {processor.py:829} INFO - Processing file /home/airflow/.local/lib/python3.8/site-packages/airflow/example_dags/example_latest_only_with_trigger.py for tasks to queue
[2023-11-22T19:51:23.197+0000] {logging_mixin.py:154} INFO - [2023-11-22T19:51:23.196+0000] {dagbag.py:536} INFO - Filling up the DagBag from /home/airflow/.local/lib/python3.8/site-packages/airflow/example_dags/example_latest_only_with_trigger.py
[2023-11-22T19:51:23.202+0000] {processor.py:839} INFO - DAG(s) dict_keys(['latest_only_with_trigger']) retrieved from /home/airflow/.local/lib/python3.8/site-packages/airflow/example_dags/example_latest_only_with_trigger.py
[2023-11-22T19:51:23.222+0000] {logging_mixin.py:154} INFO - [2023-11-22T19:51:23.222+0000] {dag.py:2941} INFO - Sync 1 DAGs
[2023-11-22T19:51:23.238+0000] {logging_mixin.py:154} INFO - [2023-11-22T19:51:23.238+0000] {dag.py:3722} INFO - Setting next_dagrun for latest_only_with_trigger to 2023-11-22T15:51:23.237735+00:00, run_after=2023-11-22T19:51:23.237735+00:00
[2023-11-22T19:51:23.250+0000] {processor.py:179} INFO - Processing /home/airflow/.local/lib/python3.8/site-packages/airflow/example_dags/example_latest_only_with_trigger.py took 0.058 seconds
[2023-11-22T19:51:53.521+0000] {processor.py:157} INFO - Started process (PID=10420) to work on /home/airflow/.local/lib/python3.8/site-packages/airflow/example_dags/example_latest_only_with_trigger.py
[2023-11-22T19:51:53.522+0000] {processor.py:829} INFO - Processing file /home/airflow/.local/lib/python3.8/site-packages/airflow/example_dags/example_latest_only_with_trigger.py for tasks to queue
[2023-11-22T19:51:53.523+0000] {logging_mixin.py:154} INFO - [2023-11-22T19:51:53.522+0000] {dagbag.py:536} INFO - Filling up the DagBag from /home/airflow/.local/lib/python3.8/site-packages/airflow/example_dags/example_latest_only_with_trigger.py
[2023-11-22T19:51:53.528+0000] {processor.py:839} INFO - DAG(s) dict_keys(['latest_only_with_trigger']) retrieved from /home/airflow/.local/lib/python3.8/site-packages/airflow/example_dags/example_latest_only_with_trigger.py
[2023-11-22T19:51:53.548+0000] {logging_mixin.py:154} INFO - [2023-11-22T19:51:53.548+0000] {dag.py:2941} INFO - Sync 1 DAGs
[2023-11-22T19:51:53.671+0000] {logging_mixin.py:154} INFO - [2023-11-22T19:51:53.671+0000] {dag.py:3722} INFO - Setting next_dagrun for latest_only_with_trigger to 2023-11-22T15:51:53.671308+00:00, run_after=2023-11-22T19:51:53.671308+00:00
[2023-11-22T19:51:53.682+0000] {processor.py:179} INFO - Processing /home/airflow/.local/lib/python3.8/site-packages/airflow/example_dags/example_latest_only_with_trigger.py took 0.164 seconds
[2023-11-22T19:52:24.094+0000] {processor.py:157} INFO - Started process (PID=10659) to work on /home/airflow/.local/lib/python3.8/site-packages/airflow/example_dags/example_latest_only_with_trigger.py
[2023-11-22T19:52:24.095+0000] {processor.py:829} INFO - Processing file /home/airflow/.local/lib/python3.8/site-packages/airflow/example_dags/example_latest_only_with_trigger.py for tasks to queue
[2023-11-22T19:52:24.096+0000] {logging_mixin.py:154} INFO - [2023-11-22T19:52:24.095+0000] {dagbag.py:536} INFO - Filling up the DagBag from /home/airflow/.local/lib/python3.8/site-packages/airflow/example_dags/example_latest_only_with_trigger.py
[2023-11-22T19:52:24.101+0000] {processor.py:839} INFO - DAG(s) dict_keys(['latest_only_with_trigger']) retrieved from /home/airflow/.local/lib/python3.8/site-packages/airflow/example_dags/example_latest_only_with_trigger.py
[2023-11-22T19:52:24.121+0000] {logging_mixin.py:154} INFO - [2023-11-22T19:52:24.121+0000] {dag.py:2941} INFO - Sync 1 DAGs
[2023-11-22T19:52:24.138+0000] {logging_mixin.py:154} INFO - [2023-11-22T19:52:24.138+0000] {dag.py:3722} INFO - Setting next_dagrun for latest_only_with_trigger to 2023-11-22T15:52:24.137817+00:00, run_after=2023-11-22T19:52:24.137817+00:00
[2023-11-22T19:52:24.150+0000] {processor.py:179} INFO - Processing /home/airflow/.local/lib/python3.8/site-packages/airflow/example_dags/example_latest_only_with_trigger.py took 0.059 seconds
[2023-11-22T19:52:54.584+0000] {processor.py:157} INFO - Started process (PID=10897) to work on /home/airflow/.local/lib/python3.8/site-packages/airflow/example_dags/example_latest_only_with_trigger.py
[2023-11-22T19:52:54.584+0000] {processor.py:829} INFO - Processing file /home/airflow/.local/lib/python3.8/site-packages/airflow/example_dags/example_latest_only_with_trigger.py for tasks to queue
[2023-11-22T19:52:54.585+0000] {logging_mixin.py:154} INFO - [2023-11-22T19:52:54.585+0000] {dagbag.py:536} INFO - Filling up the DagBag from /home/airflow/.local/lib/python3.8/site-packages/airflow/example_dags/example_latest_only_with_trigger.py
[2023-11-22T19:52:54.591+0000] {processor.py:839} INFO - DAG(s) dict_keys(['latest_only_with_trigger']) retrieved from /home/airflow/.local/lib/python3.8/site-packages/airflow/example_dags/example_latest_only_with_trigger.py
[2023-11-22T19:52:54.611+0000] {logging_mixin.py:154} INFO - [2023-11-22T19:52:54.611+0000] {dag.py:2941} INFO - Sync 1 DAGs
[2023-11-22T19:52:54.627+0000] {logging_mixin.py:154} INFO - [2023-11-22T19:52:54.626+0000] {dag.py:3722} INFO - Setting next_dagrun for latest_only_with_trigger to 2023-11-22T15:52:54.626714+00:00, run_after=2023-11-22T19:52:54.626714+00:00
[2023-11-22T19:52:54.640+0000] {processor.py:179} INFO - Processing /home/airflow/.local/lib/python3.8/site-packages/airflow/example_dags/example_latest_only_with_trigger.py took 0.059 seconds
[2023-11-22T19:53:25.080+0000] {processor.py:157} INFO - Started process (PID=11135) to work on /home/airflow/.local/lib/python3.8/site-packages/airflow/example_dags/example_latest_only_with_trigger.py
[2023-11-22T19:53:25.081+0000] {processor.py:829} INFO - Processing file /home/airflow/.local/lib/python3.8/site-packages/airflow/example_dags/example_latest_only_with_trigger.py for tasks to queue
[2023-11-22T19:53:25.082+0000] {logging_mixin.py:154} INFO - [2023-11-22T19:53:25.082+0000] {dagbag.py:536} INFO - Filling up the DagBag from /home/airflow/.local/lib/python3.8/site-packages/airflow/example_dags/example_latest_only_with_trigger.py
[2023-11-22T19:53:25.088+0000] {processor.py:839} INFO - DAG(s) dict_keys(['latest_only_with_trigger']) retrieved from /home/airflow/.local/lib/python3.8/site-packages/airflow/example_dags/example_latest_only_with_trigger.py
[2023-11-22T19:53:25.108+0000] {logging_mixin.py:154} INFO - [2023-11-22T19:53:25.108+0000] {dag.py:2941} INFO - Sync 1 DAGs
[2023-11-22T19:53:25.123+0000] {logging_mixin.py:154} INFO - [2023-11-22T19:53:25.123+0000] {dag.py:3722} INFO - Setting next_dagrun for latest_only_with_trigger to 2023-11-22T15:53:25.123500+00:00, run_after=2023-11-22T19:53:25.123500+00:00
[2023-11-22T19:53:25.140+0000] {processor.py:179} INFO - Processing /home/airflow/.local/lib/python3.8/site-packages/airflow/example_dags/example_latest_only_with_trigger.py took 0.062 seconds
[2023-11-22T19:53:55.500+0000] {processor.py:157} INFO - Started process (PID=11373) to work on /home/airflow/.local/lib/python3.8/site-packages/airflow/example_dags/example_latest_only_with_trigger.py
[2023-11-22T19:53:55.501+0000] {processor.py:829} INFO - Processing file /home/airflow/.local/lib/python3.8/site-packages/airflow/example_dags/example_latest_only_with_trigger.py for tasks to queue
[2023-11-22T19:53:55.502+0000] {logging_mixin.py:154} INFO - [2023-11-22T19:53:55.502+0000] {dagbag.py:536} INFO - Filling up the DagBag from /home/airflow/.local/lib/python3.8/site-packages/airflow/example_dags/example_latest_only_with_trigger.py
[2023-11-22T19:53:55.508+0000] {processor.py:839} INFO - DAG(s) dict_keys(['latest_only_with_trigger']) retrieved from /home/airflow/.local/lib/python3.8/site-packages/airflow/example_dags/example_latest_only_with_trigger.py
[2023-11-22T19:53:55.531+0000] {logging_mixin.py:154} INFO - [2023-11-22T19:53:55.531+0000] {dag.py:2941} INFO - Sync 1 DAGs
[2023-11-22T19:53:55.550+0000] {logging_mixin.py:154} INFO - [2023-11-22T19:53:55.550+0000] {dag.py:3722} INFO - Setting next_dagrun for latest_only_with_trigger to 2023-11-22T15:53:55.549793+00:00, run_after=2023-11-22T19:53:55.549793+00:00
[2023-11-22T19:53:55.568+0000] {processor.py:179} INFO - Processing /home/airflow/.local/lib/python3.8/site-packages/airflow/example_dags/example_latest_only_with_trigger.py took 0.072 seconds
[2023-11-22T20:36:13.426+0000] {processor.py:157} INFO - Started process (PID=11611) to work on /home/airflow/.local/lib/python3.8/site-packages/airflow/example_dags/example_latest_only_with_trigger.py
[2023-11-22T20:36:13.427+0000] {processor.py:829} INFO - Processing file /home/airflow/.local/lib/python3.8/site-packages/airflow/example_dags/example_latest_only_with_trigger.py for tasks to queue
[2023-11-22T20:36:13.427+0000] {logging_mixin.py:154} INFO - [2023-11-22T20:36:13.427+0000] {dagbag.py:536} INFO - Filling up the DagBag from /home/airflow/.local/lib/python3.8/site-packages/airflow/example_dags/example_latest_only_with_trigger.py
[2023-11-22T20:36:13.433+0000] {processor.py:839} INFO - DAG(s) dict_keys(['latest_only_with_trigger']) retrieved from /home/airflow/.local/lib/python3.8/site-packages/airflow/example_dags/example_latest_only_with_trigger.py
[2023-11-22T20:36:13.454+0000] {logging_mixin.py:154} INFO - [2023-11-22T20:36:13.453+0000] {dag.py:2941} INFO - Sync 1 DAGs
[2023-11-22T20:36:13.474+0000] {logging_mixin.py:154} INFO - [2023-11-22T20:36:13.474+0000] {dag.py:3722} INFO - Setting next_dagrun for latest_only_with_trigger to 2023-11-22T16:36:13.473836+00:00, run_after=2023-11-22T20:36:13.473836+00:00
[2023-11-22T20:36:13.488+0000] {processor.py:179} INFO - Processing /home/airflow/.local/lib/python3.8/site-packages/airflow/example_dags/example_latest_only_with_trigger.py took 0.065 seconds
[2023-11-22T21:01:32.602+0000] {processor.py:157} INFO - Started process (PID=11854) to work on /home/airflow/.local/lib/python3.8/site-packages/airflow/example_dags/example_latest_only_with_trigger.py
[2023-11-22T21:01:32.604+0000] {processor.py:829} INFO - Processing file /home/airflow/.local/lib/python3.8/site-packages/airflow/example_dags/example_latest_only_with_trigger.py for tasks to queue
[2023-11-22T21:01:32.609+0000] {logging_mixin.py:154} INFO - [2023-11-22T21:01:32.608+0000] {dagbag.py:536} INFO - Filling up the DagBag from /home/airflow/.local/lib/python3.8/site-packages/airflow/example_dags/example_latest_only_with_trigger.py
[2023-11-22T21:01:32.631+0000] {processor.py:839} INFO - DAG(s) dict_keys(['latest_only_with_trigger']) retrieved from /home/airflow/.local/lib/python3.8/site-packages/airflow/example_dags/example_latest_only_with_trigger.py
[2023-11-22T21:01:32.694+0000] {logging_mixin.py:154} INFO - [2023-11-22T21:01:32.694+0000] {dag.py:2941} INFO - Sync 1 DAGs
[2023-11-22T21:01:32.753+0000] {logging_mixin.py:154} INFO - [2023-11-22T21:01:32.752+0000] {dag.py:3722} INFO - Setting next_dagrun for latest_only_with_trigger to 2023-11-22T17:01:32.752352+00:00, run_after=2023-11-22T21:01:32.752352+00:00
[2023-11-22T21:01:32.807+0000] {processor.py:179} INFO - Processing /home/airflow/.local/lib/python3.8/site-packages/airflow/example_dags/example_latest_only_with_trigger.py took 0.212 seconds
[2023-11-22T21:02:03.660+0000] {processor.py:157} INFO - Started process (PID=12092) to work on /home/airflow/.local/lib/python3.8/site-packages/airflow/example_dags/example_latest_only_with_trigger.py
[2023-11-22T21:02:03.661+0000] {processor.py:829} INFO - Processing file /home/airflow/.local/lib/python3.8/site-packages/airflow/example_dags/example_latest_only_with_trigger.py for tasks to queue
[2023-11-22T21:02:03.661+0000] {logging_mixin.py:154} INFO - [2023-11-22T21:02:03.661+0000] {dagbag.py:536} INFO - Filling up the DagBag from /home/airflow/.local/lib/python3.8/site-packages/airflow/example_dags/example_latest_only_with_trigger.py
[2023-11-22T21:02:03.668+0000] {processor.py:839} INFO - DAG(s) dict_keys(['latest_only_with_trigger']) retrieved from /home/airflow/.local/lib/python3.8/site-packages/airflow/example_dags/example_latest_only_with_trigger.py
[2023-11-22T21:02:03.696+0000] {logging_mixin.py:154} INFO - [2023-11-22T21:02:03.696+0000] {dag.py:2941} INFO - Sync 1 DAGs
[2023-11-22T21:02:03.718+0000] {logging_mixin.py:154} INFO - [2023-11-22T21:02:03.718+0000] {dag.py:3722} INFO - Setting next_dagrun for latest_only_with_trigger to 2023-11-22T17:02:03.718340+00:00, run_after=2023-11-22T21:02:03.718340+00:00
[2023-11-22T21:02:03.735+0000] {processor.py:179} INFO - Processing /home/airflow/.local/lib/python3.8/site-packages/airflow/example_dags/example_latest_only_with_trigger.py took 0.079 seconds
[2023-11-22T21:02:33.854+0000] {processor.py:157} INFO - Started process (PID=12330) to work on /home/airflow/.local/lib/python3.8/site-packages/airflow/example_dags/example_latest_only_with_trigger.py
[2023-11-22T21:02:33.855+0000] {processor.py:829} INFO - Processing file /home/airflow/.local/lib/python3.8/site-packages/airflow/example_dags/example_latest_only_with_trigger.py for tasks to queue
[2023-11-22T21:02:33.856+0000] {logging_mixin.py:154} INFO - [2023-11-22T21:02:33.856+0000] {dagbag.py:536} INFO - Filling up the DagBag from /home/airflow/.local/lib/python3.8/site-packages/airflow/example_dags/example_latest_only_with_trigger.py
[2023-11-22T21:02:33.862+0000] {processor.py:839} INFO - DAG(s) dict_keys(['latest_only_with_trigger']) retrieved from /home/airflow/.local/lib/python3.8/site-packages/airflow/example_dags/example_latest_only_with_trigger.py
[2023-11-22T21:02:33.885+0000] {logging_mixin.py:154} INFO - [2023-11-22T21:02:33.885+0000] {dag.py:2941} INFO - Sync 1 DAGs
[2023-11-22T21:02:33.902+0000] {logging_mixin.py:154} INFO - [2023-11-22T21:02:33.901+0000] {dag.py:3722} INFO - Setting next_dagrun for latest_only_with_trigger to 2023-11-22T17:02:33.901703+00:00, run_after=2023-11-22T21:02:33.901703+00:00
[2023-11-22T21:02:33.915+0000] {processor.py:179} INFO - Processing /home/airflow/.local/lib/python3.8/site-packages/airflow/example_dags/example_latest_only_with_trigger.py took 0.064 seconds
[2023-11-22T21:03:04.434+0000] {processor.py:157} INFO - Started process (PID=12568) to work on /home/airflow/.local/lib/python3.8/site-packages/airflow/example_dags/example_latest_only_with_trigger.py
[2023-11-22T21:03:04.435+0000] {processor.py:829} INFO - Processing file /home/airflow/.local/lib/python3.8/site-packages/airflow/example_dags/example_latest_only_with_trigger.py for tasks to queue
[2023-11-22T21:03:04.435+0000] {logging_mixin.py:154} INFO - [2023-11-22T21:03:04.435+0000] {dagbag.py:536} INFO - Filling up the DagBag from /home/airflow/.local/lib/python3.8/site-packages/airflow/example_dags/example_latest_only_with_trigger.py
[2023-11-22T21:03:04.441+0000] {processor.py:839} INFO - DAG(s) dict_keys(['latest_only_with_trigger']) retrieved from /home/airflow/.local/lib/python3.8/site-packages/airflow/example_dags/example_latest_only_with_trigger.py
[2023-11-22T21:03:04.463+0000] {logging_mixin.py:154} INFO - [2023-11-22T21:03:04.463+0000] {dag.py:2941} INFO - Sync 1 DAGs
[2023-11-22T21:03:04.479+0000] {logging_mixin.py:154} INFO - [2023-11-22T21:03:04.479+0000] {dag.py:3722} INFO - Setting next_dagrun for latest_only_with_trigger to 2023-11-22T17:03:04.479314+00:00, run_after=2023-11-22T21:03:04.479314+00:00
[2023-11-22T21:03:04.492+0000] {processor.py:179} INFO - Processing /home/airflow/.local/lib/python3.8/site-packages/airflow/example_dags/example_latest_only_with_trigger.py took 0.061 seconds
[2023-11-22T21:03:35.038+0000] {processor.py:157} INFO - Started process (PID=12806) to work on /home/airflow/.local/lib/python3.8/site-packages/airflow/example_dags/example_latest_only_with_trigger.py
[2023-11-22T21:03:35.040+0000] {processor.py:829} INFO - Processing file /home/airflow/.local/lib/python3.8/site-packages/airflow/example_dags/example_latest_only_with_trigger.py for tasks to queue
[2023-11-22T21:03:35.041+0000] {logging_mixin.py:154} INFO - [2023-11-22T21:03:35.040+0000] {dagbag.py:536} INFO - Filling up the DagBag from /home/airflow/.local/lib/python3.8/site-packages/airflow/example_dags/example_latest_only_with_trigger.py
[2023-11-22T21:03:35.047+0000] {processor.py:839} INFO - DAG(s) dict_keys(['latest_only_with_trigger']) retrieved from /home/airflow/.local/lib/python3.8/site-packages/airflow/example_dags/example_latest_only_with_trigger.py
[2023-11-22T21:03:35.072+0000] {logging_mixin.py:154} INFO - [2023-11-22T21:03:35.072+0000] {dag.py:2941} INFO - Sync 1 DAGs
[2023-11-22T21:03:35.091+0000] {logging_mixin.py:154} INFO - [2023-11-22T21:03:35.090+0000] {dag.py:3722} INFO - Setting next_dagrun for latest_only_with_trigger to 2023-11-22T17:03:35.090657+00:00, run_after=2023-11-22T21:03:35.090657+00:00
[2023-11-22T21:03:35.106+0000] {processor.py:179} INFO - Processing /home/airflow/.local/lib/python3.8/site-packages/airflow/example_dags/example_latest_only_with_trigger.py took 0.072 seconds
[2023-11-22T21:04:05.755+0000] {processor.py:157} INFO - Started process (PID=13044) to work on /home/airflow/.local/lib/python3.8/site-packages/airflow/example_dags/example_latest_only_with_trigger.py
[2023-11-22T21:04:05.756+0000] {processor.py:829} INFO - Processing file /home/airflow/.local/lib/python3.8/site-packages/airflow/example_dags/example_latest_only_with_trigger.py for tasks to queue
[2023-11-22T21:04:05.757+0000] {logging_mixin.py:154} INFO - [2023-11-22T21:04:05.757+0000] {dagbag.py:536} INFO - Filling up the DagBag from /home/airflow/.local/lib/python3.8/site-packages/airflow/example_dags/example_latest_only_with_trigger.py
[2023-11-22T21:04:05.766+0000] {processor.py:839} INFO - DAG(s) dict_keys(['latest_only_with_trigger']) retrieved from /home/airflow/.local/lib/python3.8/site-packages/airflow/example_dags/example_latest_only_with_trigger.py
[2023-11-22T21:04:05.791+0000] {logging_mixin.py:154} INFO - [2023-11-22T21:04:05.791+0000] {dag.py:2941} INFO - Sync 1 DAGs
[2023-11-22T21:04:05.808+0000] {logging_mixin.py:154} INFO - [2023-11-22T21:04:05.808+0000] {dag.py:3722} INFO - Setting next_dagrun for latest_only_with_trigger to 2023-11-22T17:04:05.808141+00:00, run_after=2023-11-22T21:04:05.808141+00:00
[2023-11-22T21:04:05.822+0000] {processor.py:179} INFO - Processing /home/airflow/.local/lib/python3.8/site-packages/airflow/example_dags/example_latest_only_with_trigger.py took 0.072 seconds
[2023-11-22T21:04:36.364+0000] {processor.py:157} INFO - Started process (PID=13282) to work on /home/airflow/.local/lib/python3.8/site-packages/airflow/example_dags/example_latest_only_with_trigger.py
[2023-11-22T21:04:36.365+0000] {processor.py:829} INFO - Processing file /home/airflow/.local/lib/python3.8/site-packages/airflow/example_dags/example_latest_only_with_trigger.py for tasks to queue
[2023-11-22T21:04:36.366+0000] {logging_mixin.py:154} INFO - [2023-11-22T21:04:36.366+0000] {dagbag.py:536} INFO - Filling up the DagBag from /home/airflow/.local/lib/python3.8/site-packages/airflow/example_dags/example_latest_only_with_trigger.py
[2023-11-22T21:04:36.372+0000] {processor.py:839} INFO - DAG(s) dict_keys(['latest_only_with_trigger']) retrieved from /home/airflow/.local/lib/python3.8/site-packages/airflow/example_dags/example_latest_only_with_trigger.py
[2023-11-22T21:04:36.394+0000] {logging_mixin.py:154} INFO - [2023-11-22T21:04:36.394+0000] {dag.py:2941} INFO - Sync 1 DAGs
[2023-11-22T21:04:36.412+0000] {logging_mixin.py:154} INFO - [2023-11-22T21:04:36.412+0000] {dag.py:3722} INFO - Setting next_dagrun for latest_only_with_trigger to 2023-11-22T17:04:36.412381+00:00, run_after=2023-11-22T21:04:36.412381+00:00
[2023-11-22T21:04:36.430+0000] {processor.py:179} INFO - Processing /home/airflow/.local/lib/python3.8/site-packages/airflow/example_dags/example_latest_only_with_trigger.py took 0.070 seconds
[2023-11-22T21:05:06.806+0000] {processor.py:157} INFO - Started process (PID=13520) to work on /home/airflow/.local/lib/python3.8/site-packages/airflow/example_dags/example_latest_only_with_trigger.py
[2023-11-22T21:05:06.807+0000] {processor.py:829} INFO - Processing file /home/airflow/.local/lib/python3.8/site-packages/airflow/example_dags/example_latest_only_with_trigger.py for tasks to queue
[2023-11-22T21:05:06.807+0000] {logging_mixin.py:154} INFO - [2023-11-22T21:05:06.807+0000] {dagbag.py:536} INFO - Filling up the DagBag from /home/airflow/.local/lib/python3.8/site-packages/airflow/example_dags/example_latest_only_with_trigger.py
[2023-11-22T21:05:06.813+0000] {processor.py:839} INFO - DAG(s) dict_keys(['latest_only_with_trigger']) retrieved from /home/airflow/.local/lib/python3.8/site-packages/airflow/example_dags/example_latest_only_with_trigger.py
[2023-11-22T21:05:06.835+0000] {logging_mixin.py:154} INFO - [2023-11-22T21:05:06.835+0000] {dag.py:2941} INFO - Sync 1 DAGs
[2023-11-22T21:05:06.852+0000] {logging_mixin.py:154} INFO - [2023-11-22T21:05:06.852+0000] {dag.py:3722} INFO - Setting next_dagrun for latest_only_with_trigger to 2023-11-22T17:05:06.852338+00:00, run_after=2023-11-22T21:05:06.852338+00:00
[2023-11-22T21:05:06.867+0000] {processor.py:179} INFO - Processing /home/airflow/.local/lib/python3.8/site-packages/airflow/example_dags/example_latest_only_with_trigger.py took 0.064 seconds
[2023-11-22T21:05:37.428+0000] {processor.py:157} INFO - Started process (PID=13757) to work on /home/airflow/.local/lib/python3.8/site-packages/airflow/example_dags/example_latest_only_with_trigger.py
[2023-11-22T21:05:37.429+0000] {processor.py:829} INFO - Processing file /home/airflow/.local/lib/python3.8/site-packages/airflow/example_dags/example_latest_only_with_trigger.py for tasks to queue
[2023-11-22T21:05:37.430+0000] {logging_mixin.py:154} INFO - [2023-11-22T21:05:37.429+0000] {dagbag.py:536} INFO - Filling up the DagBag from /home/airflow/.local/lib/python3.8/site-packages/airflow/example_dags/example_latest_only_with_trigger.py
[2023-11-22T21:05:37.436+0000] {processor.py:839} INFO - DAG(s) dict_keys(['latest_only_with_trigger']) retrieved from /home/airflow/.local/lib/python3.8/site-packages/airflow/example_dags/example_latest_only_with_trigger.py
[2023-11-22T21:05:37.459+0000] {logging_mixin.py:154} INFO - [2023-11-22T21:05:37.459+0000] {dag.py:2941} INFO - Sync 1 DAGs
[2023-11-22T21:05:37.479+0000] {logging_mixin.py:154} INFO - [2023-11-22T21:05:37.479+0000] {dag.py:3722} INFO - Setting next_dagrun for latest_only_with_trigger to 2023-11-22T17:05:37.478759+00:00, run_after=2023-11-22T21:05:37.478759+00:00
[2023-11-22T21:05:37.493+0000] {processor.py:179} INFO - Processing /home/airflow/.local/lib/python3.8/site-packages/airflow/example_dags/example_latest_only_with_trigger.py took 0.069 seconds
[2023-11-22T21:06:07.574+0000] {processor.py:157} INFO - Started process (PID=13995) to work on /home/airflow/.local/lib/python3.8/site-packages/airflow/example_dags/example_latest_only_with_trigger.py
[2023-11-22T21:06:07.575+0000] {processor.py:829} INFO - Processing file /home/airflow/.local/lib/python3.8/site-packages/airflow/example_dags/example_latest_only_with_trigger.py for tasks to queue
[2023-11-22T21:06:07.576+0000] {logging_mixin.py:154} INFO - [2023-11-22T21:06:07.575+0000] {dagbag.py:536} INFO - Filling up the DagBag from /home/airflow/.local/lib/python3.8/site-packages/airflow/example_dags/example_latest_only_with_trigger.py
[2023-11-22T21:06:07.582+0000] {processor.py:839} INFO - DAG(s) dict_keys(['latest_only_with_trigger']) retrieved from /home/airflow/.local/lib/python3.8/site-packages/airflow/example_dags/example_latest_only_with_trigger.py
[2023-11-22T21:06:07.607+0000] {logging_mixin.py:154} INFO - [2023-11-22T21:06:07.606+0000] {dag.py:2941} INFO - Sync 1 DAGs
[2023-11-22T21:06:07.627+0000] {logging_mixin.py:154} INFO - [2023-11-22T21:06:07.627+0000] {dag.py:3722} INFO - Setting next_dagrun for latest_only_with_trigger to 2023-11-22T17:06:07.627081+00:00, run_after=2023-11-22T21:06:07.627081+00:00
[2023-11-22T21:06:07.649+0000] {processor.py:179} INFO - Processing /home/airflow/.local/lib/python3.8/site-packages/airflow/example_dags/example_latest_only_with_trigger.py took 0.079 seconds
[2023-11-22T21:06:37.679+0000] {processor.py:157} INFO - Started process (PID=14233) to work on /home/airflow/.local/lib/python3.8/site-packages/airflow/example_dags/example_latest_only_with_trigger.py
[2023-11-22T21:06:37.679+0000] {processor.py:829} INFO - Processing file /home/airflow/.local/lib/python3.8/site-packages/airflow/example_dags/example_latest_only_with_trigger.py for tasks to queue
[2023-11-22T21:06:37.680+0000] {logging_mixin.py:154} INFO - [2023-11-22T21:06:37.680+0000] {dagbag.py:536} INFO - Filling up the DagBag from /home/airflow/.local/lib/python3.8/site-packages/airflow/example_dags/example_latest_only_with_trigger.py
[2023-11-22T21:06:37.686+0000] {processor.py:839} INFO - DAG(s) dict_keys(['latest_only_with_trigger']) retrieved from /home/airflow/.local/lib/python3.8/site-packages/airflow/example_dags/example_latest_only_with_trigger.py
[2023-11-22T21:06:37.707+0000] {logging_mixin.py:154} INFO - [2023-11-22T21:06:37.707+0000] {dag.py:2941} INFO - Sync 1 DAGs
[2023-11-22T21:06:37.724+0000] {logging_mixin.py:154} INFO - [2023-11-22T21:06:37.724+0000] {dag.py:3722} INFO - Setting next_dagrun for latest_only_with_trigger to 2023-11-22T17:06:37.724240+00:00, run_after=2023-11-22T21:06:37.724240+00:00
[2023-11-22T21:06:37.737+0000] {processor.py:179} INFO - Processing /home/airflow/.local/lib/python3.8/site-packages/airflow/example_dags/example_latest_only_with_trigger.py took 0.062 seconds
[2023-11-22T21:07:08.455+0000] {processor.py:157} INFO - Started process (PID=14469) to work on /home/airflow/.local/lib/python3.8/site-packages/airflow/example_dags/example_latest_only_with_trigger.py
[2023-11-22T21:07:08.456+0000] {processor.py:829} INFO - Processing file /home/airflow/.local/lib/python3.8/site-packages/airflow/example_dags/example_latest_only_with_trigger.py for tasks to queue
[2023-11-22T21:07:08.457+0000] {logging_mixin.py:154} INFO - [2023-11-22T21:07:08.457+0000] {dagbag.py:536} INFO - Filling up the DagBag from /home/airflow/.local/lib/python3.8/site-packages/airflow/example_dags/example_latest_only_with_trigger.py
[2023-11-22T21:07:08.464+0000] {processor.py:839} INFO - DAG(s) dict_keys(['latest_only_with_trigger']) retrieved from /home/airflow/.local/lib/python3.8/site-packages/airflow/example_dags/example_latest_only_with_trigger.py
[2023-11-22T21:07:08.488+0000] {logging_mixin.py:154} INFO - [2023-11-22T21:07:08.487+0000] {dag.py:2941} INFO - Sync 1 DAGs
[2023-11-22T21:07:08.506+0000] {logging_mixin.py:154} INFO - [2023-11-22T21:07:08.506+0000] {dag.py:3722} INFO - Setting next_dagrun for latest_only_with_trigger to 2023-11-22T17:07:08.506512+00:00, run_after=2023-11-22T21:07:08.506512+00:00
[2023-11-22T21:07:08.529+0000] {processor.py:179} INFO - Processing /home/airflow/.local/lib/python3.8/site-packages/airflow/example_dags/example_latest_only_with_trigger.py took 0.077 seconds
[2023-11-22T21:07:38.879+0000] {processor.py:157} INFO - Started process (PID=14709) to work on /home/airflow/.local/lib/python3.8/site-packages/airflow/example_dags/example_latest_only_with_trigger.py
[2023-11-22T21:07:38.880+0000] {processor.py:829} INFO - Processing file /home/airflow/.local/lib/python3.8/site-packages/airflow/example_dags/example_latest_only_with_trigger.py for tasks to queue
[2023-11-22T21:07:38.881+0000] {logging_mixin.py:154} INFO - [2023-11-22T21:07:38.880+0000] {dagbag.py:536} INFO - Filling up the DagBag from /home/airflow/.local/lib/python3.8/site-packages/airflow/example_dags/example_latest_only_with_trigger.py
[2023-11-22T21:07:38.886+0000] {processor.py:839} INFO - DAG(s) dict_keys(['latest_only_with_trigger']) retrieved from /home/airflow/.local/lib/python3.8/site-packages/airflow/example_dags/example_latest_only_with_trigger.py
[2023-11-22T21:07:38.907+0000] {logging_mixin.py:154} INFO - [2023-11-22T21:07:38.907+0000] {dag.py:2941} INFO - Sync 1 DAGs
[2023-11-22T21:07:38.923+0000] {logging_mixin.py:154} INFO - [2023-11-22T21:07:38.923+0000] {dag.py:3722} INFO - Setting next_dagrun for latest_only_with_trigger to 2023-11-22T17:07:38.922977+00:00, run_after=2023-11-22T21:07:38.922977+00:00
[2023-11-22T21:07:38.935+0000] {processor.py:179} INFO - Processing /home/airflow/.local/lib/python3.8/site-packages/airflow/example_dags/example_latest_only_with_trigger.py took 0.059 seconds
[2023-11-22T21:08:09.448+0000] {processor.py:157} INFO - Started process (PID=14945) to work on /home/airflow/.local/lib/python3.8/site-packages/airflow/example_dags/example_latest_only_with_trigger.py
[2023-11-22T21:08:09.448+0000] {processor.py:829} INFO - Processing file /home/airflow/.local/lib/python3.8/site-packages/airflow/example_dags/example_latest_only_with_trigger.py for tasks to queue
[2023-11-22T21:08:09.449+0000] {logging_mixin.py:154} INFO - [2023-11-22T21:08:09.449+0000] {dagbag.py:536} INFO - Filling up the DagBag from /home/airflow/.local/lib/python3.8/site-packages/airflow/example_dags/example_latest_only_with_trigger.py
[2023-11-22T21:08:09.455+0000] {processor.py:839} INFO - DAG(s) dict_keys(['latest_only_with_trigger']) retrieved from /home/airflow/.local/lib/python3.8/site-packages/airflow/example_dags/example_latest_only_with_trigger.py
[2023-11-22T21:08:09.476+0000] {logging_mixin.py:154} INFO - [2023-11-22T21:08:09.475+0000] {dag.py:2941} INFO - Sync 1 DAGs
[2023-11-22T21:08:09.492+0000] {logging_mixin.py:154} INFO - [2023-11-22T21:08:09.492+0000] {dag.py:3722} INFO - Setting next_dagrun for latest_only_with_trigger to 2023-11-22T17:08:09.492064+00:00, run_after=2023-11-22T21:08:09.492064+00:00
[2023-11-22T21:08:09.506+0000] {processor.py:179} INFO - Processing /home/airflow/.local/lib/python3.8/site-packages/airflow/example_dags/example_latest_only_with_trigger.py took 0.061 seconds
[2023-11-22T21:08:40.277+0000] {processor.py:157} INFO - Started process (PID=15183) to work on /home/airflow/.local/lib/python3.8/site-packages/airflow/example_dags/example_latest_only_with_trigger.py
[2023-11-22T21:08:40.278+0000] {processor.py:829} INFO - Processing file /home/airflow/.local/lib/python3.8/site-packages/airflow/example_dags/example_latest_only_with_trigger.py for tasks to queue
[2023-11-22T21:08:40.278+0000] {logging_mixin.py:154} INFO - [2023-11-22T21:08:40.278+0000] {dagbag.py:536} INFO - Filling up the DagBag from /home/airflow/.local/lib/python3.8/site-packages/airflow/example_dags/example_latest_only_with_trigger.py
[2023-11-22T21:08:40.284+0000] {processor.py:839} INFO - DAG(s) dict_keys(['latest_only_with_trigger']) retrieved from /home/airflow/.local/lib/python3.8/site-packages/airflow/example_dags/example_latest_only_with_trigger.py
[2023-11-22T21:08:40.306+0000] {logging_mixin.py:154} INFO - [2023-11-22T21:08:40.306+0000] {dag.py:2941} INFO - Sync 1 DAGs
[2023-11-22T21:08:40.326+0000] {logging_mixin.py:154} INFO - [2023-11-22T21:08:40.326+0000] {dag.py:3722} INFO - Setting next_dagrun for latest_only_with_trigger to 2023-11-22T17:08:40.325736+00:00, run_after=2023-11-22T21:08:40.325736+00:00
[2023-11-22T21:08:40.446+0000] {processor.py:179} INFO - Processing /home/airflow/.local/lib/python3.8/site-packages/airflow/example_dags/example_latest_only_with_trigger.py took 0.172 seconds
[2023-11-22T21:09:40.589+0000] {processor.py:157} INFO - Started process (PID=182) to work on /home/airflow/.local/lib/python3.8/site-packages/airflow/example_dags/example_latest_only_with_trigger.py
[2023-11-22T21:09:40.590+0000] {processor.py:829} INFO - Processing file /home/airflow/.local/lib/python3.8/site-packages/airflow/example_dags/example_latest_only_with_trigger.py for tasks to queue
[2023-11-22T21:09:40.591+0000] {logging_mixin.py:154} INFO - [2023-11-22T21:09:40.591+0000] {dagbag.py:536} INFO - Filling up the DagBag from /home/airflow/.local/lib/python3.8/site-packages/airflow/example_dags/example_latest_only_with_trigger.py
[2023-11-22T21:09:40.602+0000] {processor.py:839} INFO - DAG(s) dict_keys(['latest_only_with_trigger']) retrieved from /home/airflow/.local/lib/python3.8/site-packages/airflow/example_dags/example_latest_only_with_trigger.py
[2023-11-22T21:09:40.621+0000] {logging_mixin.py:154} INFO - [2023-11-22T21:09:40.621+0000] {dag.py:2941} INFO - Sync 1 DAGs
[2023-11-22T21:09:40.650+0000] {logging_mixin.py:154} INFO - [2023-11-22T21:09:40.650+0000] {dag.py:3722} INFO - Setting next_dagrun for latest_only_with_trigger to 2023-11-22T17:09:40.650099+00:00, run_after=2023-11-22T21:09:40.650099+00:00
[2023-11-22T21:09:40.671+0000] {processor.py:179} INFO - Processing /home/airflow/.local/lib/python3.8/site-packages/airflow/example_dags/example_latest_only_with_trigger.py took 0.087 seconds
[2023-11-22T21:10:10.882+0000] {processor.py:157} INFO - Started process (PID=423) to work on /home/airflow/.local/lib/python3.8/site-packages/airflow/example_dags/example_latest_only_with_trigger.py
[2023-11-22T21:10:10.884+0000] {processor.py:829} INFO - Processing file /home/airflow/.local/lib/python3.8/site-packages/airflow/example_dags/example_latest_only_with_trigger.py for tasks to queue
[2023-11-22T21:10:10.885+0000] {logging_mixin.py:154} INFO - [2023-11-22T21:10:10.885+0000] {dagbag.py:536} INFO - Filling up the DagBag from /home/airflow/.local/lib/python3.8/site-packages/airflow/example_dags/example_latest_only_with_trigger.py
[2023-11-22T21:10:10.892+0000] {processor.py:839} INFO - DAG(s) dict_keys(['latest_only_with_trigger']) retrieved from /home/airflow/.local/lib/python3.8/site-packages/airflow/example_dags/example_latest_only_with_trigger.py
[2023-11-22T21:10:10.916+0000] {logging_mixin.py:154} INFO - [2023-11-22T21:10:10.916+0000] {dag.py:2941} INFO - Sync 1 DAGs
[2023-11-22T21:10:10.934+0000] {logging_mixin.py:154} INFO - [2023-11-22T21:10:10.934+0000] {dag.py:3722} INFO - Setting next_dagrun for latest_only_with_trigger to 2023-11-22T17:10:10.933755+00:00, run_after=2023-11-22T21:10:10.933755+00:00
[2023-11-22T21:10:10.950+0000] {processor.py:179} INFO - Processing /home/airflow/.local/lib/python3.8/site-packages/airflow/example_dags/example_latest_only_with_trigger.py took 0.071 seconds
