[2023-11-22T19:30:05.321+0000] {processor.py:157} INFO - Started process (PID=252) to work on /home/airflow/.local/lib/python3.8/site-packages/airflow/example_dags/example_short_circuit_decorator.py
[2023-11-22T19:30:05.323+0000] {processor.py:829} INFO - Processing file /home/airflow/.local/lib/python3.8/site-packages/airflow/example_dags/example_short_circuit_decorator.py for tasks to queue
[2023-11-22T19:30:05.329+0000] {logging_mixin.py:154} INFO - [2023-11-22T19:30:05.329+0000] {dagbag.py:536} INFO - Filling up the DagBag from /home/airflow/.local/lib/python3.8/site-packages/airflow/example_dags/example_short_circuit_decorator.py
[2023-11-22T19:30:05.355+0000] {processor.py:839} INFO - DAG(s) dict_keys(['example_short_circuit_decorator']) retrieved from /home/airflow/.local/lib/python3.8/site-packages/airflow/example_dags/example_short_circuit_decorator.py
[2023-11-22T19:30:05.377+0000] {logging_mixin.py:154} INFO - [2023-11-22T19:30:05.377+0000] {dag.py:2941} INFO - Sync 1 DAGs
[2023-11-22T19:30:05.405+0000] {logging_mixin.py:154} INFO - [2023-11-22T19:30:05.405+0000] {dag.py:3722} INFO - Setting next_dagrun for example_short_circuit_decorator to 2023-11-21T19:30:05.405166+00:00, run_after=2023-11-22T19:30:05.405166+00:00
[2023-11-22T19:30:05.426+0000] {processor.py:179} INFO - Processing /home/airflow/.local/lib/python3.8/site-packages/airflow/example_dags/example_short_circuit_decorator.py took 0.110 seconds
[2023-11-22T19:30:36.371+0000] {processor.py:157} INFO - Started process (PID=490) to work on /home/airflow/.local/lib/python3.8/site-packages/airflow/example_dags/example_short_circuit_decorator.py
[2023-11-22T19:30:36.372+0000] {processor.py:829} INFO - Processing file /home/airflow/.local/lib/python3.8/site-packages/airflow/example_dags/example_short_circuit_decorator.py for tasks to queue
[2023-11-22T19:30:36.373+0000] {logging_mixin.py:154} INFO - [2023-11-22T19:30:36.373+0000] {dagbag.py:536} INFO - Filling up the DagBag from /home/airflow/.local/lib/python3.8/site-packages/airflow/example_dags/example_short_circuit_decorator.py
[2023-11-22T19:30:36.381+0000] {processor.py:839} INFO - DAG(s) dict_keys(['example_short_circuit_decorator']) retrieved from /home/airflow/.local/lib/python3.8/site-packages/airflow/example_dags/example_short_circuit_decorator.py
[2023-11-22T19:30:36.403+0000] {logging_mixin.py:154} INFO - [2023-11-22T19:30:36.403+0000] {dag.py:2941} INFO - Sync 1 DAGs
[2023-11-22T19:30:36.420+0000] {logging_mixin.py:154} INFO - [2023-11-22T19:30:36.420+0000] {dag.py:3722} INFO - Setting next_dagrun for example_short_circuit_decorator to 2023-11-21T19:30:36.420097+00:00, run_after=2023-11-22T19:30:36.420097+00:00
[2023-11-22T19:30:36.433+0000] {processor.py:179} INFO - Processing /home/airflow/.local/lib/python3.8/site-packages/airflow/example_dags/example_short_circuit_decorator.py took 0.064 seconds
[2023-11-22T19:31:07.037+0000] {processor.py:157} INFO - Started process (PID=728) to work on /home/airflow/.local/lib/python3.8/site-packages/airflow/example_dags/example_short_circuit_decorator.py
[2023-11-22T19:31:07.038+0000] {processor.py:829} INFO - Processing file /home/airflow/.local/lib/python3.8/site-packages/airflow/example_dags/example_short_circuit_decorator.py for tasks to queue
[2023-11-22T19:31:07.039+0000] {logging_mixin.py:154} INFO - [2023-11-22T19:31:07.038+0000] {dagbag.py:536} INFO - Filling up the DagBag from /home/airflow/.local/lib/python3.8/site-packages/airflow/example_dags/example_short_circuit_decorator.py
[2023-11-22T19:31:07.046+0000] {processor.py:839} INFO - DAG(s) dict_keys(['example_short_circuit_decorator']) retrieved from /home/airflow/.local/lib/python3.8/site-packages/airflow/example_dags/example_short_circuit_decorator.py
[2023-11-22T19:31:07.069+0000] {logging_mixin.py:154} INFO - [2023-11-22T19:31:07.069+0000] {dag.py:2941} INFO - Sync 1 DAGs
[2023-11-22T19:31:07.086+0000] {logging_mixin.py:154} INFO - [2023-11-22T19:31:07.086+0000] {dag.py:3722} INFO - Setting next_dagrun for example_short_circuit_decorator to 2023-11-21T19:31:07.086108+00:00, run_after=2023-11-22T19:31:07.086108+00:00
[2023-11-22T19:31:07.100+0000] {processor.py:179} INFO - Processing /home/airflow/.local/lib/python3.8/site-packages/airflow/example_dags/example_short_circuit_decorator.py took 0.066 seconds
[2023-11-22T19:31:37.600+0000] {processor.py:157} INFO - Started process (PID=968) to work on /home/airflow/.local/lib/python3.8/site-packages/airflow/example_dags/example_short_circuit_decorator.py
[2023-11-22T19:31:37.602+0000] {processor.py:829} INFO - Processing file /home/airflow/.local/lib/python3.8/site-packages/airflow/example_dags/example_short_circuit_decorator.py for tasks to queue
[2023-11-22T19:31:37.608+0000] {logging_mixin.py:154} INFO - [2023-11-22T19:31:37.607+0000] {dagbag.py:536} INFO - Filling up the DagBag from /home/airflow/.local/lib/python3.8/site-packages/airflow/example_dags/example_short_circuit_decorator.py
[2023-11-22T19:31:37.625+0000] {processor.py:839} INFO - DAG(s) dict_keys(['example_short_circuit_decorator']) retrieved from /home/airflow/.local/lib/python3.8/site-packages/airflow/example_dags/example_short_circuit_decorator.py
[2023-11-22T19:31:37.679+0000] {logging_mixin.py:154} INFO - [2023-11-22T19:31:37.678+0000] {dag.py:2941} INFO - Sync 1 DAGs
[2023-11-22T19:31:37.700+0000] {logging_mixin.py:154} INFO - [2023-11-22T19:31:37.700+0000] {dag.py:3722} INFO - Setting next_dagrun for example_short_circuit_decorator to 2023-11-21T19:31:37.700203+00:00, run_after=2023-11-22T19:31:37.700203+00:00
[2023-11-22T19:31:37.724+0000] {processor.py:179} INFO - Processing /home/airflow/.local/lib/python3.8/site-packages/airflow/example_dags/example_short_circuit_decorator.py took 0.129 seconds
[2023-11-22T19:32:08.234+0000] {processor.py:157} INFO - Started process (PID=1205) to work on /home/airflow/.local/lib/python3.8/site-packages/airflow/example_dags/example_short_circuit_decorator.py
[2023-11-22T19:32:08.235+0000] {processor.py:829} INFO - Processing file /home/airflow/.local/lib/python3.8/site-packages/airflow/example_dags/example_short_circuit_decorator.py for tasks to queue
[2023-11-22T19:32:08.236+0000] {logging_mixin.py:154} INFO - [2023-11-22T19:32:08.235+0000] {dagbag.py:536} INFO - Filling up the DagBag from /home/airflow/.local/lib/python3.8/site-packages/airflow/example_dags/example_short_circuit_decorator.py
[2023-11-22T19:32:08.244+0000] {processor.py:839} INFO - DAG(s) dict_keys(['example_short_circuit_decorator']) retrieved from /home/airflow/.local/lib/python3.8/site-packages/airflow/example_dags/example_short_circuit_decorator.py
[2023-11-22T19:32:08.266+0000] {logging_mixin.py:154} INFO - [2023-11-22T19:32:08.266+0000] {dag.py:2941} INFO - Sync 1 DAGs
[2023-11-22T19:32:08.282+0000] {logging_mixin.py:154} INFO - [2023-11-22T19:32:08.282+0000] {dag.py:3722} INFO - Setting next_dagrun for example_short_circuit_decorator to 2023-11-21T19:32:08.282373+00:00, run_after=2023-11-22T19:32:08.282373+00:00
[2023-11-22T19:32:08.294+0000] {processor.py:179} INFO - Processing /home/airflow/.local/lib/python3.8/site-packages/airflow/example_dags/example_short_circuit_decorator.py took 0.063 seconds
[2023-11-22T19:32:38.671+0000] {processor.py:157} INFO - Started process (PID=1442) to work on /home/airflow/.local/lib/python3.8/site-packages/airflow/example_dags/example_short_circuit_decorator.py
[2023-11-22T19:32:38.672+0000] {processor.py:829} INFO - Processing file /home/airflow/.local/lib/python3.8/site-packages/airflow/example_dags/example_short_circuit_decorator.py for tasks to queue
[2023-11-22T19:32:38.673+0000] {logging_mixin.py:154} INFO - [2023-11-22T19:32:38.673+0000] {dagbag.py:536} INFO - Filling up the DagBag from /home/airflow/.local/lib/python3.8/site-packages/airflow/example_dags/example_short_circuit_decorator.py
[2023-11-22T19:32:38.683+0000] {processor.py:839} INFO - DAG(s) dict_keys(['example_short_circuit_decorator']) retrieved from /home/airflow/.local/lib/python3.8/site-packages/airflow/example_dags/example_short_circuit_decorator.py
[2023-11-22T19:32:38.707+0000] {logging_mixin.py:154} INFO - [2023-11-22T19:32:38.707+0000] {dag.py:2941} INFO - Sync 1 DAGs
[2023-11-22T19:32:38.727+0000] {logging_mixin.py:154} INFO - [2023-11-22T19:32:38.727+0000] {dag.py:3722} INFO - Setting next_dagrun for example_short_circuit_decorator to 2023-11-21T19:32:38.726764+00:00, run_after=2023-11-22T19:32:38.726764+00:00
[2023-11-22T19:32:38.743+0000] {processor.py:179} INFO - Processing /home/airflow/.local/lib/python3.8/site-packages/airflow/example_dags/example_short_circuit_decorator.py took 0.076 seconds
[2023-11-22T19:33:09.582+0000] {processor.py:157} INFO - Started process (PID=1680) to work on /home/airflow/.local/lib/python3.8/site-packages/airflow/example_dags/example_short_circuit_decorator.py
[2023-11-22T19:33:09.583+0000] {processor.py:829} INFO - Processing file /home/airflow/.local/lib/python3.8/site-packages/airflow/example_dags/example_short_circuit_decorator.py for tasks to queue
[2023-11-22T19:33:09.584+0000] {logging_mixin.py:154} INFO - [2023-11-22T19:33:09.584+0000] {dagbag.py:536} INFO - Filling up the DagBag from /home/airflow/.local/lib/python3.8/site-packages/airflow/example_dags/example_short_circuit_decorator.py
[2023-11-22T19:33:09.592+0000] {processor.py:839} INFO - DAG(s) dict_keys(['example_short_circuit_decorator']) retrieved from /home/airflow/.local/lib/python3.8/site-packages/airflow/example_dags/example_short_circuit_decorator.py
[2023-11-22T19:33:09.614+0000] {logging_mixin.py:154} INFO - [2023-11-22T19:33:09.614+0000] {dag.py:2941} INFO - Sync 1 DAGs
[2023-11-22T19:33:09.631+0000] {logging_mixin.py:154} INFO - [2023-11-22T19:33:09.631+0000] {dag.py:3722} INFO - Setting next_dagrun for example_short_circuit_decorator to 2023-11-21T19:33:09.630997+00:00, run_after=2023-11-22T19:33:09.630997+00:00
[2023-11-22T19:33:09.644+0000] {processor.py:179} INFO - Processing /home/airflow/.local/lib/python3.8/site-packages/airflow/example_dags/example_short_circuit_decorator.py took 0.065 seconds
[2023-11-22T19:33:40.003+0000] {processor.py:157} INFO - Started process (PID=1918) to work on /home/airflow/.local/lib/python3.8/site-packages/airflow/example_dags/example_short_circuit_decorator.py
[2023-11-22T19:33:40.004+0000] {processor.py:829} INFO - Processing file /home/airflow/.local/lib/python3.8/site-packages/airflow/example_dags/example_short_circuit_decorator.py for tasks to queue
[2023-11-22T19:33:40.004+0000] {logging_mixin.py:154} INFO - [2023-11-22T19:33:40.004+0000] {dagbag.py:536} INFO - Filling up the DagBag from /home/airflow/.local/lib/python3.8/site-packages/airflow/example_dags/example_short_circuit_decorator.py
[2023-11-22T19:33:40.013+0000] {processor.py:839} INFO - DAG(s) dict_keys(['example_short_circuit_decorator']) retrieved from /home/airflow/.local/lib/python3.8/site-packages/airflow/example_dags/example_short_circuit_decorator.py
[2023-11-22T19:33:40.035+0000] {logging_mixin.py:154} INFO - [2023-11-22T19:33:40.035+0000] {dag.py:2941} INFO - Sync 1 DAGs
[2023-11-22T19:33:40.052+0000] {logging_mixin.py:154} INFO - [2023-11-22T19:33:40.052+0000] {dag.py:3722} INFO - Setting next_dagrun for example_short_circuit_decorator to 2023-11-21T19:33:40.051902+00:00, run_after=2023-11-22T19:33:40.051902+00:00
[2023-11-22T19:33:40.067+0000] {processor.py:179} INFO - Processing /home/airflow/.local/lib/python3.8/site-packages/airflow/example_dags/example_short_circuit_decorator.py took 0.068 seconds
[2023-11-22T19:34:10.730+0000] {processor.py:157} INFO - Started process (PID=2156) to work on /home/airflow/.local/lib/python3.8/site-packages/airflow/example_dags/example_short_circuit_decorator.py
[2023-11-22T19:34:10.731+0000] {processor.py:829} INFO - Processing file /home/airflow/.local/lib/python3.8/site-packages/airflow/example_dags/example_short_circuit_decorator.py for tasks to queue
[2023-11-22T19:34:10.732+0000] {logging_mixin.py:154} INFO - [2023-11-22T19:34:10.732+0000] {dagbag.py:536} INFO - Filling up the DagBag from /home/airflow/.local/lib/python3.8/site-packages/airflow/example_dags/example_short_circuit_decorator.py
[2023-11-22T19:34:10.746+0000] {processor.py:839} INFO - DAG(s) dict_keys(['example_short_circuit_decorator']) retrieved from /home/airflow/.local/lib/python3.8/site-packages/airflow/example_dags/example_short_circuit_decorator.py
[2023-11-22T19:34:10.773+0000] {logging_mixin.py:154} INFO - [2023-11-22T19:34:10.773+0000] {dag.py:2941} INFO - Sync 1 DAGs
[2023-11-22T19:34:10.792+0000] {logging_mixin.py:154} INFO - [2023-11-22T19:34:10.792+0000] {dag.py:3722} INFO - Setting next_dagrun for example_short_circuit_decorator to 2023-11-21T19:34:10.792556+00:00, run_after=2023-11-22T19:34:10.792556+00:00
[2023-11-22T19:34:10.807+0000] {processor.py:179} INFO - Processing /home/airflow/.local/lib/python3.8/site-packages/airflow/example_dags/example_short_circuit_decorator.py took 0.080 seconds
[2023-11-22T19:34:41.137+0000] {processor.py:157} INFO - Started process (PID=2394) to work on /home/airflow/.local/lib/python3.8/site-packages/airflow/example_dags/example_short_circuit_decorator.py
[2023-11-22T19:34:41.138+0000] {processor.py:829} INFO - Processing file /home/airflow/.local/lib/python3.8/site-packages/airflow/example_dags/example_short_circuit_decorator.py for tasks to queue
[2023-11-22T19:34:41.139+0000] {logging_mixin.py:154} INFO - [2023-11-22T19:34:41.138+0000] {dagbag.py:536} INFO - Filling up the DagBag from /home/airflow/.local/lib/python3.8/site-packages/airflow/example_dags/example_short_circuit_decorator.py
[2023-11-22T19:34:41.147+0000] {processor.py:839} INFO - DAG(s) dict_keys(['example_short_circuit_decorator']) retrieved from /home/airflow/.local/lib/python3.8/site-packages/airflow/example_dags/example_short_circuit_decorator.py
[2023-11-22T19:34:41.169+0000] {logging_mixin.py:154} INFO - [2023-11-22T19:34:41.169+0000] {dag.py:2941} INFO - Sync 1 DAGs
[2023-11-22T19:34:41.187+0000] {logging_mixin.py:154} INFO - [2023-11-22T19:34:41.186+0000] {dag.py:3722} INFO - Setting next_dagrun for example_short_circuit_decorator to 2023-11-21T19:34:41.186700+00:00, run_after=2023-11-22T19:34:41.186700+00:00
[2023-11-22T19:34:41.199+0000] {processor.py:179} INFO - Processing /home/airflow/.local/lib/python3.8/site-packages/airflow/example_dags/example_short_circuit_decorator.py took 0.065 seconds
[2023-11-22T19:35:11.462+0000] {processor.py:157} INFO - Started process (PID=2634) to work on /home/airflow/.local/lib/python3.8/site-packages/airflow/example_dags/example_short_circuit_decorator.py
[2023-11-22T19:35:11.463+0000] {processor.py:829} INFO - Processing file /home/airflow/.local/lib/python3.8/site-packages/airflow/example_dags/example_short_circuit_decorator.py for tasks to queue
[2023-11-22T19:35:11.464+0000] {logging_mixin.py:154} INFO - [2023-11-22T19:35:11.463+0000] {dagbag.py:536} INFO - Filling up the DagBag from /home/airflow/.local/lib/python3.8/site-packages/airflow/example_dags/example_short_circuit_decorator.py
[2023-11-22T19:35:11.472+0000] {processor.py:839} INFO - DAG(s) dict_keys(['example_short_circuit_decorator']) retrieved from /home/airflow/.local/lib/python3.8/site-packages/airflow/example_dags/example_short_circuit_decorator.py
[2023-11-22T19:35:11.494+0000] {logging_mixin.py:154} INFO - [2023-11-22T19:35:11.494+0000] {dag.py:2941} INFO - Sync 1 DAGs
[2023-11-22T19:35:11.511+0000] {logging_mixin.py:154} INFO - [2023-11-22T19:35:11.511+0000] {dag.py:3722} INFO - Setting next_dagrun for example_short_circuit_decorator to 2023-11-21T19:35:11.511051+00:00, run_after=2023-11-22T19:35:11.511051+00:00
[2023-11-22T19:35:11.524+0000] {processor.py:179} INFO - Processing /home/airflow/.local/lib/python3.8/site-packages/airflow/example_dags/example_short_circuit_decorator.py took 0.065 seconds
[2023-11-22T19:35:41.979+0000] {processor.py:157} INFO - Started process (PID=2870) to work on /home/airflow/.local/lib/python3.8/site-packages/airflow/example_dags/example_short_circuit_decorator.py
[2023-11-22T19:35:41.980+0000] {processor.py:829} INFO - Processing file /home/airflow/.local/lib/python3.8/site-packages/airflow/example_dags/example_short_circuit_decorator.py for tasks to queue
[2023-11-22T19:35:41.981+0000] {logging_mixin.py:154} INFO - [2023-11-22T19:35:41.981+0000] {dagbag.py:536} INFO - Filling up the DagBag from /home/airflow/.local/lib/python3.8/site-packages/airflow/example_dags/example_short_circuit_decorator.py
[2023-11-22T19:35:41.989+0000] {processor.py:839} INFO - DAG(s) dict_keys(['example_short_circuit_decorator']) retrieved from /home/airflow/.local/lib/python3.8/site-packages/airflow/example_dags/example_short_circuit_decorator.py
[2023-11-22T19:35:42.012+0000] {logging_mixin.py:154} INFO - [2023-11-22T19:35:42.011+0000] {dag.py:2941} INFO - Sync 1 DAGs
[2023-11-22T19:35:42.028+0000] {logging_mixin.py:154} INFO - [2023-11-22T19:35:42.028+0000] {dag.py:3722} INFO - Setting next_dagrun for example_short_circuit_decorator to 2023-11-21T19:35:42.028273+00:00, run_after=2023-11-22T19:35:42.028273+00:00
[2023-11-22T19:35:42.043+0000] {processor.py:179} INFO - Processing /home/airflow/.local/lib/python3.8/site-packages/airflow/example_dags/example_short_circuit_decorator.py took 0.067 seconds
[2023-11-22T19:36:12.454+0000] {processor.py:157} INFO - Started process (PID=3108) to work on /home/airflow/.local/lib/python3.8/site-packages/airflow/example_dags/example_short_circuit_decorator.py
[2023-11-22T19:36:12.455+0000] {processor.py:829} INFO - Processing file /home/airflow/.local/lib/python3.8/site-packages/airflow/example_dags/example_short_circuit_decorator.py for tasks to queue
[2023-11-22T19:36:12.456+0000] {logging_mixin.py:154} INFO - [2023-11-22T19:36:12.456+0000] {dagbag.py:536} INFO - Filling up the DagBag from /home/airflow/.local/lib/python3.8/site-packages/airflow/example_dags/example_short_circuit_decorator.py
[2023-11-22T19:36:12.464+0000] {processor.py:839} INFO - DAG(s) dict_keys(['example_short_circuit_decorator']) retrieved from /home/airflow/.local/lib/python3.8/site-packages/airflow/example_dags/example_short_circuit_decorator.py
[2023-11-22T19:36:12.486+0000] {logging_mixin.py:154} INFO - [2023-11-22T19:36:12.486+0000] {dag.py:2941} INFO - Sync 1 DAGs
[2023-11-22T19:36:12.503+0000] {logging_mixin.py:154} INFO - [2023-11-22T19:36:12.503+0000] {dag.py:3722} INFO - Setting next_dagrun for example_short_circuit_decorator to 2023-11-21T19:36:12.502975+00:00, run_after=2023-11-22T19:36:12.502975+00:00
[2023-11-22T19:36:12.517+0000] {processor.py:179} INFO - Processing /home/airflow/.local/lib/python3.8/site-packages/airflow/example_dags/example_short_circuit_decorator.py took 0.066 seconds
[2023-11-22T19:36:42.916+0000] {processor.py:157} INFO - Started process (PID=3346) to work on /home/airflow/.local/lib/python3.8/site-packages/airflow/example_dags/example_short_circuit_decorator.py
[2023-11-22T19:36:42.921+0000] {processor.py:829} INFO - Processing file /home/airflow/.local/lib/python3.8/site-packages/airflow/example_dags/example_short_circuit_decorator.py for tasks to queue
[2023-11-22T19:36:42.924+0000] {logging_mixin.py:154} INFO - [2023-11-22T19:36:42.923+0000] {dagbag.py:536} INFO - Filling up the DagBag from /home/airflow/.local/lib/python3.8/site-packages/airflow/example_dags/example_short_circuit_decorator.py
[2023-11-22T19:36:42.942+0000] {processor.py:839} INFO - DAG(s) dict_keys(['example_short_circuit_decorator']) retrieved from /home/airflow/.local/lib/python3.8/site-packages/airflow/example_dags/example_short_circuit_decorator.py
[2023-11-22T19:36:42.989+0000] {logging_mixin.py:154} INFO - [2023-11-22T19:36:42.988+0000] {dag.py:2941} INFO - Sync 1 DAGs
[2023-11-22T19:36:43.013+0000] {logging_mixin.py:154} INFO - [2023-11-22T19:36:43.012+0000] {dag.py:3722} INFO - Setting next_dagrun for example_short_circuit_decorator to 2023-11-21T19:36:43.012494+00:00, run_after=2023-11-22T19:36:43.012494+00:00
[2023-11-22T19:36:43.033+0000] {processor.py:179} INFO - Processing /home/airflow/.local/lib/python3.8/site-packages/airflow/example_dags/example_short_circuit_decorator.py took 0.129 seconds
[2023-11-22T19:37:14.029+0000] {processor.py:157} INFO - Started process (PID=3584) to work on /home/airflow/.local/lib/python3.8/site-packages/airflow/example_dags/example_short_circuit_decorator.py
[2023-11-22T19:37:14.030+0000] {processor.py:829} INFO - Processing file /home/airflow/.local/lib/python3.8/site-packages/airflow/example_dags/example_short_circuit_decorator.py for tasks to queue
[2023-11-22T19:37:14.031+0000] {logging_mixin.py:154} INFO - [2023-11-22T19:37:14.031+0000] {dagbag.py:536} INFO - Filling up the DagBag from /home/airflow/.local/lib/python3.8/site-packages/airflow/example_dags/example_short_circuit_decorator.py
[2023-11-22T19:37:14.040+0000] {processor.py:839} INFO - DAG(s) dict_keys(['example_short_circuit_decorator']) retrieved from /home/airflow/.local/lib/python3.8/site-packages/airflow/example_dags/example_short_circuit_decorator.py
[2023-11-22T19:37:14.065+0000] {logging_mixin.py:154} INFO - [2023-11-22T19:37:14.065+0000] {dag.py:2941} INFO - Sync 1 DAGs
[2023-11-22T19:37:14.089+0000] {logging_mixin.py:154} INFO - [2023-11-22T19:37:14.088+0000] {dag.py:3722} INFO - Setting next_dagrun for example_short_circuit_decorator to 2023-11-21T19:37:14.088534+00:00, run_after=2023-11-22T19:37:14.088534+00:00
[2023-11-22T19:37:14.105+0000] {processor.py:179} INFO - Processing /home/airflow/.local/lib/python3.8/site-packages/airflow/example_dags/example_short_circuit_decorator.py took 0.079 seconds
[2023-11-22T19:37:44.179+0000] {processor.py:157} INFO - Started process (PID=3819) to work on /home/airflow/.local/lib/python3.8/site-packages/airflow/example_dags/example_short_circuit_decorator.py
[2023-11-22T19:37:44.181+0000] {processor.py:829} INFO - Processing file /home/airflow/.local/lib/python3.8/site-packages/airflow/example_dags/example_short_circuit_decorator.py for tasks to queue
[2023-11-22T19:37:44.182+0000] {logging_mixin.py:154} INFO - [2023-11-22T19:37:44.182+0000] {dagbag.py:536} INFO - Filling up the DagBag from /home/airflow/.local/lib/python3.8/site-packages/airflow/example_dags/example_short_circuit_decorator.py
[2023-11-22T19:37:44.191+0000] {processor.py:839} INFO - DAG(s) dict_keys(['example_short_circuit_decorator']) retrieved from /home/airflow/.local/lib/python3.8/site-packages/airflow/example_dags/example_short_circuit_decorator.py
[2023-11-22T19:37:44.214+0000] {logging_mixin.py:154} INFO - [2023-11-22T19:37:44.214+0000] {dag.py:2941} INFO - Sync 1 DAGs
[2023-11-22T19:37:44.233+0000] {logging_mixin.py:154} INFO - [2023-11-22T19:37:44.232+0000] {dag.py:3722} INFO - Setting next_dagrun for example_short_circuit_decorator to 2023-11-21T19:37:44.232556+00:00, run_after=2023-11-22T19:37:44.232556+00:00
[2023-11-22T19:37:44.248+0000] {processor.py:179} INFO - Processing /home/airflow/.local/lib/python3.8/site-packages/airflow/example_dags/example_short_circuit_decorator.py took 0.073 seconds
[2023-11-22T19:38:14.440+0000] {processor.py:157} INFO - Started process (PID=4057) to work on /home/airflow/.local/lib/python3.8/site-packages/airflow/example_dags/example_short_circuit_decorator.py
[2023-11-22T19:38:14.441+0000] {processor.py:829} INFO - Processing file /home/airflow/.local/lib/python3.8/site-packages/airflow/example_dags/example_short_circuit_decorator.py for tasks to queue
[2023-11-22T19:38:14.443+0000] {logging_mixin.py:154} INFO - [2023-11-22T19:38:14.442+0000] {dagbag.py:536} INFO - Filling up the DagBag from /home/airflow/.local/lib/python3.8/site-packages/airflow/example_dags/example_short_circuit_decorator.py
[2023-11-22T19:38:14.454+0000] {processor.py:839} INFO - DAG(s) dict_keys(['example_short_circuit_decorator']) retrieved from /home/airflow/.local/lib/python3.8/site-packages/airflow/example_dags/example_short_circuit_decorator.py
[2023-11-22T19:38:14.477+0000] {logging_mixin.py:154} INFO - [2023-11-22T19:38:14.477+0000] {dag.py:2941} INFO - Sync 1 DAGs
[2023-11-22T19:38:14.493+0000] {logging_mixin.py:154} INFO - [2023-11-22T19:38:14.493+0000] {dag.py:3722} INFO - Setting next_dagrun for example_short_circuit_decorator to 2023-11-21T19:38:14.492829+00:00, run_after=2023-11-22T19:38:14.492829+00:00
[2023-11-22T19:38:14.504+0000] {processor.py:179} INFO - Processing /home/airflow/.local/lib/python3.8/site-packages/airflow/example_dags/example_short_circuit_decorator.py took 0.070 seconds
[2023-11-22T19:38:44.866+0000] {processor.py:157} INFO - Started process (PID=4297) to work on /home/airflow/.local/lib/python3.8/site-packages/airflow/example_dags/example_short_circuit_decorator.py
[2023-11-22T19:38:44.867+0000] {processor.py:829} INFO - Processing file /home/airflow/.local/lib/python3.8/site-packages/airflow/example_dags/example_short_circuit_decorator.py for tasks to queue
[2023-11-22T19:38:44.868+0000] {logging_mixin.py:154} INFO - [2023-11-22T19:38:44.868+0000] {dagbag.py:536} INFO - Filling up the DagBag from /home/airflow/.local/lib/python3.8/site-packages/airflow/example_dags/example_short_circuit_decorator.py
[2023-11-22T19:38:44.878+0000] {processor.py:839} INFO - DAG(s) dict_keys(['example_short_circuit_decorator']) retrieved from /home/airflow/.local/lib/python3.8/site-packages/airflow/example_dags/example_short_circuit_decorator.py
[2023-11-22T19:38:44.901+0000] {logging_mixin.py:154} INFO - [2023-11-22T19:38:44.901+0000] {dag.py:2941} INFO - Sync 1 DAGs
[2023-11-22T19:38:44.918+0000] {logging_mixin.py:154} INFO - [2023-11-22T19:38:44.917+0000] {dag.py:3722} INFO - Setting next_dagrun for example_short_circuit_decorator to 2023-11-21T19:38:44.917608+00:00, run_after=2023-11-22T19:38:44.917608+00:00
[2023-11-22T19:38:44.931+0000] {processor.py:179} INFO - Processing /home/airflow/.local/lib/python3.8/site-packages/airflow/example_dags/example_short_circuit_decorator.py took 0.069 seconds
[2023-11-22T19:39:15.490+0000] {processor.py:157} INFO - Started process (PID=4535) to work on /home/airflow/.local/lib/python3.8/site-packages/airflow/example_dags/example_short_circuit_decorator.py
[2023-11-22T19:39:15.491+0000] {processor.py:829} INFO - Processing file /home/airflow/.local/lib/python3.8/site-packages/airflow/example_dags/example_short_circuit_decorator.py for tasks to queue
[2023-11-22T19:39:15.492+0000] {logging_mixin.py:154} INFO - [2023-11-22T19:39:15.492+0000] {dagbag.py:536} INFO - Filling up the DagBag from /home/airflow/.local/lib/python3.8/site-packages/airflow/example_dags/example_short_circuit_decorator.py
[2023-11-22T19:39:15.503+0000] {processor.py:839} INFO - DAG(s) dict_keys(['example_short_circuit_decorator']) retrieved from /home/airflow/.local/lib/python3.8/site-packages/airflow/example_dags/example_short_circuit_decorator.py
[2023-11-22T19:39:15.526+0000] {logging_mixin.py:154} INFO - [2023-11-22T19:39:15.525+0000] {dag.py:2941} INFO - Sync 1 DAGs
[2023-11-22T19:39:15.544+0000] {logging_mixin.py:154} INFO - [2023-11-22T19:39:15.543+0000] {dag.py:3722} INFO - Setting next_dagrun for example_short_circuit_decorator to 2023-11-21T19:39:15.543599+00:00, run_after=2023-11-22T19:39:15.543599+00:00
[2023-11-22T19:39:15.558+0000] {processor.py:179} INFO - Processing /home/airflow/.local/lib/python3.8/site-packages/airflow/example_dags/example_short_circuit_decorator.py took 0.072 seconds
[2023-11-22T19:39:45.861+0000] {processor.py:157} INFO - Started process (PID=4773) to work on /home/airflow/.local/lib/python3.8/site-packages/airflow/example_dags/example_short_circuit_decorator.py
[2023-11-22T19:39:45.862+0000] {processor.py:829} INFO - Processing file /home/airflow/.local/lib/python3.8/site-packages/airflow/example_dags/example_short_circuit_decorator.py for tasks to queue
[2023-11-22T19:39:45.863+0000] {logging_mixin.py:154} INFO - [2023-11-22T19:39:45.862+0000] {dagbag.py:536} INFO - Filling up the DagBag from /home/airflow/.local/lib/python3.8/site-packages/airflow/example_dags/example_short_circuit_decorator.py
[2023-11-22T19:39:45.873+0000] {processor.py:839} INFO - DAG(s) dict_keys(['example_short_circuit_decorator']) retrieved from /home/airflow/.local/lib/python3.8/site-packages/airflow/example_dags/example_short_circuit_decorator.py
[2023-11-22T19:39:45.895+0000] {logging_mixin.py:154} INFO - [2023-11-22T19:39:45.895+0000] {dag.py:2941} INFO - Sync 1 DAGs
[2023-11-22T19:39:45.913+0000] {logging_mixin.py:154} INFO - [2023-11-22T19:39:45.913+0000] {dag.py:3722} INFO - Setting next_dagrun for example_short_circuit_decorator to 2023-11-21T19:39:45.913106+00:00, run_after=2023-11-22T19:39:45.913106+00:00
[2023-11-22T19:39:45.927+0000] {processor.py:179} INFO - Processing /home/airflow/.local/lib/python3.8/site-packages/airflow/example_dags/example_short_circuit_decorator.py took 0.069 seconds
[2023-11-22T19:40:16.445+0000] {processor.py:157} INFO - Started process (PID=5011) to work on /home/airflow/.local/lib/python3.8/site-packages/airflow/example_dags/example_short_circuit_decorator.py
[2023-11-22T19:40:16.446+0000] {processor.py:829} INFO - Processing file /home/airflow/.local/lib/python3.8/site-packages/airflow/example_dags/example_short_circuit_decorator.py for tasks to queue
[2023-11-22T19:40:16.447+0000] {logging_mixin.py:154} INFO - [2023-11-22T19:40:16.447+0000] {dagbag.py:536} INFO - Filling up the DagBag from /home/airflow/.local/lib/python3.8/site-packages/airflow/example_dags/example_short_circuit_decorator.py
[2023-11-22T19:40:16.457+0000] {processor.py:839} INFO - DAG(s) dict_keys(['example_short_circuit_decorator']) retrieved from /home/airflow/.local/lib/python3.8/site-packages/airflow/example_dags/example_short_circuit_decorator.py
[2023-11-22T19:40:16.479+0000] {logging_mixin.py:154} INFO - [2023-11-22T19:40:16.479+0000] {dag.py:2941} INFO - Sync 1 DAGs
[2023-11-22T19:40:16.496+0000] {logging_mixin.py:154} INFO - [2023-11-22T19:40:16.496+0000] {dag.py:3722} INFO - Setting next_dagrun for example_short_circuit_decorator to 2023-11-21T19:40:16.495861+00:00, run_after=2023-11-22T19:40:16.495861+00:00
[2023-11-22T19:40:16.509+0000] {processor.py:179} INFO - Processing /home/airflow/.local/lib/python3.8/site-packages/airflow/example_dags/example_short_circuit_decorator.py took 0.068 seconds
[2023-11-22T19:40:46.979+0000] {processor.py:157} INFO - Started process (PID=5249) to work on /home/airflow/.local/lib/python3.8/site-packages/airflow/example_dags/example_short_circuit_decorator.py
[2023-11-22T19:40:46.980+0000] {processor.py:829} INFO - Processing file /home/airflow/.local/lib/python3.8/site-packages/airflow/example_dags/example_short_circuit_decorator.py for tasks to queue
[2023-11-22T19:40:46.981+0000] {logging_mixin.py:154} INFO - [2023-11-22T19:40:46.981+0000] {dagbag.py:536} INFO - Filling up the DagBag from /home/airflow/.local/lib/python3.8/site-packages/airflow/example_dags/example_short_circuit_decorator.py
[2023-11-22T19:40:46.991+0000] {processor.py:839} INFO - DAG(s) dict_keys(['example_short_circuit_decorator']) retrieved from /home/airflow/.local/lib/python3.8/site-packages/airflow/example_dags/example_short_circuit_decorator.py
[2023-11-22T19:40:47.014+0000] {logging_mixin.py:154} INFO - [2023-11-22T19:40:47.014+0000] {dag.py:2941} INFO - Sync 1 DAGs
[2023-11-22T19:40:47.031+0000] {logging_mixin.py:154} INFO - [2023-11-22T19:40:47.031+0000] {dag.py:3722} INFO - Setting next_dagrun for example_short_circuit_decorator to 2023-11-21T19:40:47.031440+00:00, run_after=2023-11-22T19:40:47.031440+00:00
[2023-11-22T19:40:47.045+0000] {processor.py:179} INFO - Processing /home/airflow/.local/lib/python3.8/site-packages/airflow/example_dags/example_short_circuit_decorator.py took 0.070 seconds
[2023-11-22T19:41:17.550+0000] {processor.py:157} INFO - Started process (PID=5487) to work on /home/airflow/.local/lib/python3.8/site-packages/airflow/example_dags/example_short_circuit_decorator.py
[2023-11-22T19:41:17.551+0000] {processor.py:829} INFO - Processing file /home/airflow/.local/lib/python3.8/site-packages/airflow/example_dags/example_short_circuit_decorator.py for tasks to queue
[2023-11-22T19:41:17.552+0000] {logging_mixin.py:154} INFO - [2023-11-22T19:41:17.552+0000] {dagbag.py:536} INFO - Filling up the DagBag from /home/airflow/.local/lib/python3.8/site-packages/airflow/example_dags/example_short_circuit_decorator.py
[2023-11-22T19:41:17.562+0000] {processor.py:839} INFO - DAG(s) dict_keys(['example_short_circuit_decorator']) retrieved from /home/airflow/.local/lib/python3.8/site-packages/airflow/example_dags/example_short_circuit_decorator.py
[2023-11-22T19:41:17.584+0000] {logging_mixin.py:154} INFO - [2023-11-22T19:41:17.584+0000] {dag.py:2941} INFO - Sync 1 DAGs
[2023-11-22T19:41:17.601+0000] {logging_mixin.py:154} INFO - [2023-11-22T19:41:17.601+0000] {dag.py:3722} INFO - Setting next_dagrun for example_short_circuit_decorator to 2023-11-21T19:41:17.601108+00:00, run_after=2023-11-22T19:41:17.601108+00:00
[2023-11-22T19:41:17.614+0000] {processor.py:179} INFO - Processing /home/airflow/.local/lib/python3.8/site-packages/airflow/example_dags/example_short_circuit_decorator.py took 0.068 seconds
[2023-11-22T19:41:48.032+0000] {processor.py:157} INFO - Started process (PID=5725) to work on /home/airflow/.local/lib/python3.8/site-packages/airflow/example_dags/example_short_circuit_decorator.py
[2023-11-22T19:41:48.033+0000] {processor.py:829} INFO - Processing file /home/airflow/.local/lib/python3.8/site-packages/airflow/example_dags/example_short_circuit_decorator.py for tasks to queue
[2023-11-22T19:41:48.034+0000] {logging_mixin.py:154} INFO - [2023-11-22T19:41:48.033+0000] {dagbag.py:536} INFO - Filling up the DagBag from /home/airflow/.local/lib/python3.8/site-packages/airflow/example_dags/example_short_circuit_decorator.py
[2023-11-22T19:41:48.043+0000] {processor.py:839} INFO - DAG(s) dict_keys(['example_short_circuit_decorator']) retrieved from /home/airflow/.local/lib/python3.8/site-packages/airflow/example_dags/example_short_circuit_decorator.py
[2023-11-22T19:41:48.066+0000] {logging_mixin.py:154} INFO - [2023-11-22T19:41:48.066+0000] {dag.py:2941} INFO - Sync 1 DAGs
[2023-11-22T19:41:48.082+0000] {logging_mixin.py:154} INFO - [2023-11-22T19:41:48.082+0000] {dag.py:3722} INFO - Setting next_dagrun for example_short_circuit_decorator to 2023-11-21T19:41:48.082375+00:00, run_after=2023-11-22T19:41:48.082375+00:00
[2023-11-22T19:41:48.096+0000] {processor.py:179} INFO - Processing /home/airflow/.local/lib/python3.8/site-packages/airflow/example_dags/example_short_circuit_decorator.py took 0.069 seconds
[2023-11-22T19:42:18.423+0000] {processor.py:157} INFO - Started process (PID=5962) to work on /home/airflow/.local/lib/python3.8/site-packages/airflow/example_dags/example_short_circuit_decorator.py
[2023-11-22T19:42:18.424+0000] {processor.py:829} INFO - Processing file /home/airflow/.local/lib/python3.8/site-packages/airflow/example_dags/example_short_circuit_decorator.py for tasks to queue
[2023-11-22T19:42:18.425+0000] {logging_mixin.py:154} INFO - [2023-11-22T19:42:18.424+0000] {dagbag.py:536} INFO - Filling up the DagBag from /home/airflow/.local/lib/python3.8/site-packages/airflow/example_dags/example_short_circuit_decorator.py
[2023-11-22T19:42:18.433+0000] {processor.py:839} INFO - DAG(s) dict_keys(['example_short_circuit_decorator']) retrieved from /home/airflow/.local/lib/python3.8/site-packages/airflow/example_dags/example_short_circuit_decorator.py
[2023-11-22T19:42:18.455+0000] {logging_mixin.py:154} INFO - [2023-11-22T19:42:18.455+0000] {dag.py:2941} INFO - Sync 1 DAGs
[2023-11-22T19:42:18.471+0000] {logging_mixin.py:154} INFO - [2023-11-22T19:42:18.471+0000] {dag.py:3722} INFO - Setting next_dagrun for example_short_circuit_decorator to 2023-11-21T19:42:18.471281+00:00, run_after=2023-11-22T19:42:18.471281+00:00
[2023-11-22T19:42:18.485+0000] {processor.py:179} INFO - Processing /home/airflow/.local/lib/python3.8/site-packages/airflow/example_dags/example_short_circuit_decorator.py took 0.065 seconds
[2023-11-22T19:42:48.860+0000] {processor.py:157} INFO - Started process (PID=6200) to work on /home/airflow/.local/lib/python3.8/site-packages/airflow/example_dags/example_short_circuit_decorator.py
[2023-11-22T19:42:48.861+0000] {processor.py:829} INFO - Processing file /home/airflow/.local/lib/python3.8/site-packages/airflow/example_dags/example_short_circuit_decorator.py for tasks to queue
[2023-11-22T19:42:48.862+0000] {logging_mixin.py:154} INFO - [2023-11-22T19:42:48.862+0000] {dagbag.py:536} INFO - Filling up the DagBag from /home/airflow/.local/lib/python3.8/site-packages/airflow/example_dags/example_short_circuit_decorator.py
[2023-11-22T19:42:48.873+0000] {processor.py:839} INFO - DAG(s) dict_keys(['example_short_circuit_decorator']) retrieved from /home/airflow/.local/lib/python3.8/site-packages/airflow/example_dags/example_short_circuit_decorator.py
[2023-11-22T19:42:48.896+0000] {logging_mixin.py:154} INFO - [2023-11-22T19:42:48.896+0000] {dag.py:2941} INFO - Sync 1 DAGs
[2023-11-22T19:42:48.913+0000] {logging_mixin.py:154} INFO - [2023-11-22T19:42:48.913+0000] {dag.py:3722} INFO - Setting next_dagrun for example_short_circuit_decorator to 2023-11-21T19:42:48.912742+00:00, run_after=2023-11-22T19:42:48.912742+00:00
[2023-11-22T19:42:48.926+0000] {processor.py:179} INFO - Processing /home/airflow/.local/lib/python3.8/site-packages/airflow/example_dags/example_short_circuit_decorator.py took 0.070 seconds
[2023-11-22T19:43:19.251+0000] {processor.py:157} INFO - Started process (PID=6438) to work on /home/airflow/.local/lib/python3.8/site-packages/airflow/example_dags/example_short_circuit_decorator.py
[2023-11-22T19:43:19.252+0000] {processor.py:829} INFO - Processing file /home/airflow/.local/lib/python3.8/site-packages/airflow/example_dags/example_short_circuit_decorator.py for tasks to queue
[2023-11-22T19:43:19.253+0000] {logging_mixin.py:154} INFO - [2023-11-22T19:43:19.253+0000] {dagbag.py:536} INFO - Filling up the DagBag from /home/airflow/.local/lib/python3.8/site-packages/airflow/example_dags/example_short_circuit_decorator.py
[2023-11-22T19:43:19.263+0000] {processor.py:839} INFO - DAG(s) dict_keys(['example_short_circuit_decorator']) retrieved from /home/airflow/.local/lib/python3.8/site-packages/airflow/example_dags/example_short_circuit_decorator.py
[2023-11-22T19:43:19.285+0000] {logging_mixin.py:154} INFO - [2023-11-22T19:43:19.285+0000] {dag.py:2941} INFO - Sync 1 DAGs
[2023-11-22T19:43:19.305+0000] {logging_mixin.py:154} INFO - [2023-11-22T19:43:19.304+0000] {dag.py:3722} INFO - Setting next_dagrun for example_short_circuit_decorator to 2023-11-21T19:43:19.304667+00:00, run_after=2023-11-22T19:43:19.304667+00:00
[2023-11-22T19:43:19.318+0000] {processor.py:179} INFO - Processing /home/airflow/.local/lib/python3.8/site-packages/airflow/example_dags/example_short_circuit_decorator.py took 0.071 seconds
[2023-11-22T19:43:49.811+0000] {processor.py:157} INFO - Started process (PID=6676) to work on /home/airflow/.local/lib/python3.8/site-packages/airflow/example_dags/example_short_circuit_decorator.py
[2023-11-22T19:43:49.812+0000] {processor.py:829} INFO - Processing file /home/airflow/.local/lib/python3.8/site-packages/airflow/example_dags/example_short_circuit_decorator.py for tasks to queue
[2023-11-22T19:43:49.813+0000] {logging_mixin.py:154} INFO - [2023-11-22T19:43:49.812+0000] {dagbag.py:536} INFO - Filling up the DagBag from /home/airflow/.local/lib/python3.8/site-packages/airflow/example_dags/example_short_circuit_decorator.py
[2023-11-22T19:43:49.823+0000] {processor.py:839} INFO - DAG(s) dict_keys(['example_short_circuit_decorator']) retrieved from /home/airflow/.local/lib/python3.8/site-packages/airflow/example_dags/example_short_circuit_decorator.py
[2023-11-22T19:43:49.845+0000] {logging_mixin.py:154} INFO - [2023-11-22T19:43:49.845+0000] {dag.py:2941} INFO - Sync 1 DAGs
[2023-11-22T19:43:49.862+0000] {logging_mixin.py:154} INFO - [2023-11-22T19:43:49.862+0000] {dag.py:3722} INFO - Setting next_dagrun for example_short_circuit_decorator to 2023-11-21T19:43:49.861871+00:00, run_after=2023-11-22T19:43:49.861871+00:00
[2023-11-22T19:43:49.875+0000] {processor.py:179} INFO - Processing /home/airflow/.local/lib/python3.8/site-packages/airflow/example_dags/example_short_circuit_decorator.py took 0.069 seconds
[2023-11-22T19:44:20.258+0000] {processor.py:157} INFO - Started process (PID=6914) to work on /home/airflow/.local/lib/python3.8/site-packages/airflow/example_dags/example_short_circuit_decorator.py
[2023-11-22T19:44:20.259+0000] {processor.py:829} INFO - Processing file /home/airflow/.local/lib/python3.8/site-packages/airflow/example_dags/example_short_circuit_decorator.py for tasks to queue
[2023-11-22T19:44:20.261+0000] {logging_mixin.py:154} INFO - [2023-11-22T19:44:20.260+0000] {dagbag.py:536} INFO - Filling up the DagBag from /home/airflow/.local/lib/python3.8/site-packages/airflow/example_dags/example_short_circuit_decorator.py
[2023-11-22T19:44:20.272+0000] {processor.py:839} INFO - DAG(s) dict_keys(['example_short_circuit_decorator']) retrieved from /home/airflow/.local/lib/python3.8/site-packages/airflow/example_dags/example_short_circuit_decorator.py
[2023-11-22T19:44:20.299+0000] {logging_mixin.py:154} INFO - [2023-11-22T19:44:20.299+0000] {dag.py:2941} INFO - Sync 1 DAGs
[2023-11-22T19:44:20.317+0000] {logging_mixin.py:154} INFO - [2023-11-22T19:44:20.317+0000] {dag.py:3722} INFO - Setting next_dagrun for example_short_circuit_decorator to 2023-11-21T19:44:20.317281+00:00, run_after=2023-11-22T19:44:20.317281+00:00
[2023-11-22T19:44:20.330+0000] {processor.py:179} INFO - Processing /home/airflow/.local/lib/python3.8/site-packages/airflow/example_dags/example_short_circuit_decorator.py took 0.076 seconds
[2023-11-22T19:44:50.662+0000] {processor.py:157} INFO - Started process (PID=7158) to work on /home/airflow/.local/lib/python3.8/site-packages/airflow/example_dags/example_short_circuit_decorator.py
[2023-11-22T19:44:50.663+0000] {processor.py:829} INFO - Processing file /home/airflow/.local/lib/python3.8/site-packages/airflow/example_dags/example_short_circuit_decorator.py for tasks to queue
[2023-11-22T19:44:50.664+0000] {logging_mixin.py:154} INFO - [2023-11-22T19:44:50.663+0000] {dagbag.py:536} INFO - Filling up the DagBag from /home/airflow/.local/lib/python3.8/site-packages/airflow/example_dags/example_short_circuit_decorator.py
[2023-11-22T19:44:50.672+0000] {processor.py:839} INFO - DAG(s) dict_keys(['example_short_circuit_decorator']) retrieved from /home/airflow/.local/lib/python3.8/site-packages/airflow/example_dags/example_short_circuit_decorator.py
[2023-11-22T19:44:50.694+0000] {logging_mixin.py:154} INFO - [2023-11-22T19:44:50.694+0000] {dag.py:2941} INFO - Sync 1 DAGs
[2023-11-22T19:44:50.711+0000] {logging_mixin.py:154} INFO - [2023-11-22T19:44:50.710+0000] {dag.py:3722} INFO - Setting next_dagrun for example_short_circuit_decorator to 2023-11-21T19:44:50.710602+00:00, run_after=2023-11-22T19:44:50.710602+00:00
[2023-11-22T19:44:50.723+0000] {processor.py:179} INFO - Processing /home/airflow/.local/lib/python3.8/site-packages/airflow/example_dags/example_short_circuit_decorator.py took 0.064 seconds
[2023-11-22T19:45:21.063+0000] {processor.py:157} INFO - Started process (PID=7397) to work on /home/airflow/.local/lib/python3.8/site-packages/airflow/example_dags/example_short_circuit_decorator.py
[2023-11-22T19:45:21.064+0000] {processor.py:829} INFO - Processing file /home/airflow/.local/lib/python3.8/site-packages/airflow/example_dags/example_short_circuit_decorator.py for tasks to queue
[2023-11-22T19:45:21.065+0000] {logging_mixin.py:154} INFO - [2023-11-22T19:45:21.065+0000] {dagbag.py:536} INFO - Filling up the DagBag from /home/airflow/.local/lib/python3.8/site-packages/airflow/example_dags/example_short_circuit_decorator.py
[2023-11-22T19:45:21.074+0000] {processor.py:839} INFO - DAG(s) dict_keys(['example_short_circuit_decorator']) retrieved from /home/airflow/.local/lib/python3.8/site-packages/airflow/example_dags/example_short_circuit_decorator.py
[2023-11-22T19:45:21.096+0000] {logging_mixin.py:154} INFO - [2023-11-22T19:45:21.096+0000] {dag.py:2941} INFO - Sync 1 DAGs
[2023-11-22T19:45:21.113+0000] {logging_mixin.py:154} INFO - [2023-11-22T19:45:21.113+0000] {dag.py:3722} INFO - Setting next_dagrun for example_short_circuit_decorator to 2023-11-21T19:45:21.112936+00:00, run_after=2023-11-22T19:45:21.112936+00:00
[2023-11-22T19:45:21.126+0000] {processor.py:179} INFO - Processing /home/airflow/.local/lib/python3.8/site-packages/airflow/example_dags/example_short_circuit_decorator.py took 0.066 seconds
[2023-11-22T19:45:51.567+0000] {processor.py:157} INFO - Started process (PID=7635) to work on /home/airflow/.local/lib/python3.8/site-packages/airflow/example_dags/example_short_circuit_decorator.py
[2023-11-22T19:45:51.568+0000] {processor.py:829} INFO - Processing file /home/airflow/.local/lib/python3.8/site-packages/airflow/example_dags/example_short_circuit_decorator.py for tasks to queue
[2023-11-22T19:45:51.569+0000] {logging_mixin.py:154} INFO - [2023-11-22T19:45:51.569+0000] {dagbag.py:536} INFO - Filling up the DagBag from /home/airflow/.local/lib/python3.8/site-packages/airflow/example_dags/example_short_circuit_decorator.py
[2023-11-22T19:45:51.579+0000] {processor.py:839} INFO - DAG(s) dict_keys(['example_short_circuit_decorator']) retrieved from /home/airflow/.local/lib/python3.8/site-packages/airflow/example_dags/example_short_circuit_decorator.py
[2023-11-22T19:45:51.602+0000] {logging_mixin.py:154} INFO - [2023-11-22T19:45:51.602+0000] {dag.py:2941} INFO - Sync 1 DAGs
[2023-11-22T19:45:51.618+0000] {logging_mixin.py:154} INFO - [2023-11-22T19:45:51.618+0000] {dag.py:3722} INFO - Setting next_dagrun for example_short_circuit_decorator to 2023-11-21T19:45:51.618337+00:00, run_after=2023-11-22T19:45:51.618337+00:00
[2023-11-22T19:45:51.632+0000] {processor.py:179} INFO - Processing /home/airflow/.local/lib/python3.8/site-packages/airflow/example_dags/example_short_circuit_decorator.py took 0.070 seconds
[2023-11-22T19:46:22.024+0000] {processor.py:157} INFO - Started process (PID=7873) to work on /home/airflow/.local/lib/python3.8/site-packages/airflow/example_dags/example_short_circuit_decorator.py
[2023-11-22T19:46:22.027+0000] {processor.py:829} INFO - Processing file /home/airflow/.local/lib/python3.8/site-packages/airflow/example_dags/example_short_circuit_decorator.py for tasks to queue
[2023-11-22T19:46:22.029+0000] {logging_mixin.py:154} INFO - [2023-11-22T19:46:22.028+0000] {dagbag.py:536} INFO - Filling up the DagBag from /home/airflow/.local/lib/python3.8/site-packages/airflow/example_dags/example_short_circuit_decorator.py
[2023-11-22T19:46:22.041+0000] {processor.py:839} INFO - DAG(s) dict_keys(['example_short_circuit_decorator']) retrieved from /home/airflow/.local/lib/python3.8/site-packages/airflow/example_dags/example_short_circuit_decorator.py
[2023-11-22T19:46:22.066+0000] {logging_mixin.py:154} INFO - [2023-11-22T19:46:22.066+0000] {dag.py:2941} INFO - Sync 1 DAGs
[2023-11-22T19:46:22.083+0000] {logging_mixin.py:154} INFO - [2023-11-22T19:46:22.083+0000] {dag.py:3722} INFO - Setting next_dagrun for example_short_circuit_decorator to 2023-11-21T19:46:22.082769+00:00, run_after=2023-11-22T19:46:22.082769+00:00
[2023-11-22T19:46:22.096+0000] {processor.py:179} INFO - Processing /home/airflow/.local/lib/python3.8/site-packages/airflow/example_dags/example_short_circuit_decorator.py took 0.074 seconds
[2023-11-22T19:46:52.443+0000] {processor.py:157} INFO - Started process (PID=8111) to work on /home/airflow/.local/lib/python3.8/site-packages/airflow/example_dags/example_short_circuit_decorator.py
[2023-11-22T19:46:52.444+0000] {processor.py:829} INFO - Processing file /home/airflow/.local/lib/python3.8/site-packages/airflow/example_dags/example_short_circuit_decorator.py for tasks to queue
[2023-11-22T19:46:52.445+0000] {logging_mixin.py:154} INFO - [2023-11-22T19:46:52.445+0000] {dagbag.py:536} INFO - Filling up the DagBag from /home/airflow/.local/lib/python3.8/site-packages/airflow/example_dags/example_short_circuit_decorator.py
[2023-11-22T19:46:52.455+0000] {processor.py:839} INFO - DAG(s) dict_keys(['example_short_circuit_decorator']) retrieved from /home/airflow/.local/lib/python3.8/site-packages/airflow/example_dags/example_short_circuit_decorator.py
[2023-11-22T19:46:52.478+0000] {logging_mixin.py:154} INFO - [2023-11-22T19:46:52.478+0000] {dag.py:2941} INFO - Sync 1 DAGs
[2023-11-22T19:46:52.494+0000] {logging_mixin.py:154} INFO - [2023-11-22T19:46:52.494+0000] {dag.py:3722} INFO - Setting next_dagrun for example_short_circuit_decorator to 2023-11-21T19:46:52.494459+00:00, run_after=2023-11-22T19:46:52.494459+00:00
[2023-11-22T19:46:52.508+0000] {processor.py:179} INFO - Processing /home/airflow/.local/lib/python3.8/site-packages/airflow/example_dags/example_short_circuit_decorator.py took 0.069 seconds
[2023-11-22T19:47:22.852+0000] {processor.py:157} INFO - Started process (PID=8348) to work on /home/airflow/.local/lib/python3.8/site-packages/airflow/example_dags/example_short_circuit_decorator.py
[2023-11-22T19:47:22.853+0000] {processor.py:829} INFO - Processing file /home/airflow/.local/lib/python3.8/site-packages/airflow/example_dags/example_short_circuit_decorator.py for tasks to queue
[2023-11-22T19:47:22.854+0000] {logging_mixin.py:154} INFO - [2023-11-22T19:47:22.854+0000] {dagbag.py:536} INFO - Filling up the DagBag from /home/airflow/.local/lib/python3.8/site-packages/airflow/example_dags/example_short_circuit_decorator.py
[2023-11-22T19:47:22.862+0000] {processor.py:839} INFO - DAG(s) dict_keys(['example_short_circuit_decorator']) retrieved from /home/airflow/.local/lib/python3.8/site-packages/airflow/example_dags/example_short_circuit_decorator.py
[2023-11-22T19:47:22.884+0000] {logging_mixin.py:154} INFO - [2023-11-22T19:47:22.884+0000] {dag.py:2941} INFO - Sync 1 DAGs
[2023-11-22T19:47:22.902+0000] {logging_mixin.py:154} INFO - [2023-11-22T19:47:22.902+0000] {dag.py:3722} INFO - Setting next_dagrun for example_short_circuit_decorator to 2023-11-21T19:47:22.901812+00:00, run_after=2023-11-22T19:47:22.901812+00:00
[2023-11-22T19:47:22.914+0000] {processor.py:179} INFO - Processing /home/airflow/.local/lib/python3.8/site-packages/airflow/example_dags/example_short_circuit_decorator.py took 0.066 seconds
[2023-11-22T19:47:53.445+0000] {processor.py:157} INFO - Started process (PID=8586) to work on /home/airflow/.local/lib/python3.8/site-packages/airflow/example_dags/example_short_circuit_decorator.py
[2023-11-22T19:47:53.446+0000] {processor.py:829} INFO - Processing file /home/airflow/.local/lib/python3.8/site-packages/airflow/example_dags/example_short_circuit_decorator.py for tasks to queue
[2023-11-22T19:47:53.446+0000] {logging_mixin.py:154} INFO - [2023-11-22T19:47:53.446+0000] {dagbag.py:536} INFO - Filling up the DagBag from /home/airflow/.local/lib/python3.8/site-packages/airflow/example_dags/example_short_circuit_decorator.py
[2023-11-22T19:47:53.456+0000] {processor.py:839} INFO - DAG(s) dict_keys(['example_short_circuit_decorator']) retrieved from /home/airflow/.local/lib/python3.8/site-packages/airflow/example_dags/example_short_circuit_decorator.py
[2023-11-22T19:47:53.478+0000] {logging_mixin.py:154} INFO - [2023-11-22T19:47:53.478+0000] {dag.py:2941} INFO - Sync 1 DAGs
[2023-11-22T19:47:53.494+0000] {logging_mixin.py:154} INFO - [2023-11-22T19:47:53.494+0000] {dag.py:3722} INFO - Setting next_dagrun for example_short_circuit_decorator to 2023-11-21T19:47:53.494340+00:00, run_after=2023-11-22T19:47:53.494340+00:00
[2023-11-22T19:47:53.509+0000] {processor.py:179} INFO - Processing /home/airflow/.local/lib/python3.8/site-packages/airflow/example_dags/example_short_circuit_decorator.py took 0.067 seconds
[2023-11-22T19:48:23.590+0000] {processor.py:157} INFO - Started process (PID=8821) to work on /home/airflow/.local/lib/python3.8/site-packages/airflow/example_dags/example_short_circuit_decorator.py
[2023-11-22T19:48:23.591+0000] {processor.py:829} INFO - Processing file /home/airflow/.local/lib/python3.8/site-packages/airflow/example_dags/example_short_circuit_decorator.py for tasks to queue
[2023-11-22T19:48:23.592+0000] {logging_mixin.py:154} INFO - [2023-11-22T19:48:23.592+0000] {dagbag.py:536} INFO - Filling up the DagBag from /home/airflow/.local/lib/python3.8/site-packages/airflow/example_dags/example_short_circuit_decorator.py
[2023-11-22T19:48:23.600+0000] {processor.py:839} INFO - DAG(s) dict_keys(['example_short_circuit_decorator']) retrieved from /home/airflow/.local/lib/python3.8/site-packages/airflow/example_dags/example_short_circuit_decorator.py
[2023-11-22T19:48:23.622+0000] {logging_mixin.py:154} INFO - [2023-11-22T19:48:23.622+0000] {dag.py:2941} INFO - Sync 1 DAGs
[2023-11-22T19:48:23.641+0000] {logging_mixin.py:154} INFO - [2023-11-22T19:48:23.641+0000] {dag.py:3722} INFO - Setting next_dagrun for example_short_circuit_decorator to 2023-11-21T19:48:23.641055+00:00, run_after=2023-11-22T19:48:23.641055+00:00
[2023-11-22T19:48:23.655+0000] {processor.py:179} INFO - Processing /home/airflow/.local/lib/python3.8/site-packages/airflow/example_dags/example_short_circuit_decorator.py took 0.068 seconds
[2023-11-22T19:48:53.911+0000] {processor.py:157} INFO - Started process (PID=9059) to work on /home/airflow/.local/lib/python3.8/site-packages/airflow/example_dags/example_short_circuit_decorator.py
[2023-11-22T19:48:53.912+0000] {processor.py:829} INFO - Processing file /home/airflow/.local/lib/python3.8/site-packages/airflow/example_dags/example_short_circuit_decorator.py for tasks to queue
[2023-11-22T19:48:53.914+0000] {logging_mixin.py:154} INFO - [2023-11-22T19:48:53.913+0000] {dagbag.py:536} INFO - Filling up the DagBag from /home/airflow/.local/lib/python3.8/site-packages/airflow/example_dags/example_short_circuit_decorator.py
[2023-11-22T19:48:53.925+0000] {processor.py:839} INFO - DAG(s) dict_keys(['example_short_circuit_decorator']) retrieved from /home/airflow/.local/lib/python3.8/site-packages/airflow/example_dags/example_short_circuit_decorator.py
[2023-11-22T19:48:53.950+0000] {logging_mixin.py:154} INFO - [2023-11-22T19:48:53.949+0000] {dag.py:2941} INFO - Sync 1 DAGs
[2023-11-22T19:48:53.966+0000] {logging_mixin.py:154} INFO - [2023-11-22T19:48:53.966+0000] {dag.py:3722} INFO - Setting next_dagrun for example_short_circuit_decorator to 2023-11-21T19:48:53.966496+00:00, run_after=2023-11-22T19:48:53.966496+00:00
[2023-11-22T19:48:53.979+0000] {processor.py:179} INFO - Processing /home/airflow/.local/lib/python3.8/site-packages/airflow/example_dags/example_short_circuit_decorator.py took 0.073 seconds
[2023-11-22T19:49:24.889+0000] {processor.py:157} INFO - Started process (PID=9297) to work on /home/airflow/.local/lib/python3.8/site-packages/airflow/example_dags/example_short_circuit_decorator.py
[2023-11-22T19:49:24.891+0000] {processor.py:829} INFO - Processing file /home/airflow/.local/lib/python3.8/site-packages/airflow/example_dags/example_short_circuit_decorator.py for tasks to queue
[2023-11-22T19:49:24.892+0000] {logging_mixin.py:154} INFO - [2023-11-22T19:49:24.892+0000] {dagbag.py:536} INFO - Filling up the DagBag from /home/airflow/.local/lib/python3.8/site-packages/airflow/example_dags/example_short_circuit_decorator.py
[2023-11-22T19:49:24.904+0000] {processor.py:839} INFO - DAG(s) dict_keys(['example_short_circuit_decorator']) retrieved from /home/airflow/.local/lib/python3.8/site-packages/airflow/example_dags/example_short_circuit_decorator.py
[2023-11-22T19:49:24.929+0000] {logging_mixin.py:154} INFO - [2023-11-22T19:49:24.929+0000] {dag.py:2941} INFO - Sync 1 DAGs
[2023-11-22T19:49:25.059+0000] {logging_mixin.py:154} INFO - [2023-11-22T19:49:25.059+0000] {dag.py:3722} INFO - Setting next_dagrun for example_short_circuit_decorator to 2023-11-21T19:49:25.059563+00:00, run_after=2023-11-22T19:49:25.059563+00:00
[2023-11-22T19:49:25.071+0000] {processor.py:179} INFO - Processing /home/airflow/.local/lib/python3.8/site-packages/airflow/example_dags/example_short_circuit_decorator.py took 0.188 seconds
[2023-11-22T19:49:55.192+0000] {processor.py:157} INFO - Started process (PID=9535) to work on /home/airflow/.local/lib/python3.8/site-packages/airflow/example_dags/example_short_circuit_decorator.py
[2023-11-22T19:49:55.194+0000] {processor.py:829} INFO - Processing file /home/airflow/.local/lib/python3.8/site-packages/airflow/example_dags/example_short_circuit_decorator.py for tasks to queue
[2023-11-22T19:49:55.195+0000] {logging_mixin.py:154} INFO - [2023-11-22T19:49:55.195+0000] {dagbag.py:536} INFO - Filling up the DagBag from /home/airflow/.local/lib/python3.8/site-packages/airflow/example_dags/example_short_circuit_decorator.py
[2023-11-22T19:49:55.208+0000] {processor.py:839} INFO - DAG(s) dict_keys(['example_short_circuit_decorator']) retrieved from /home/airflow/.local/lib/python3.8/site-packages/airflow/example_dags/example_short_circuit_decorator.py
[2023-11-22T19:49:55.231+0000] {logging_mixin.py:154} INFO - [2023-11-22T19:49:55.231+0000] {dag.py:2941} INFO - Sync 1 DAGs
[2023-11-22T19:49:55.248+0000] {logging_mixin.py:154} INFO - [2023-11-22T19:49:55.248+0000] {dag.py:3722} INFO - Setting next_dagrun for example_short_circuit_decorator to 2023-11-21T19:49:55.248019+00:00, run_after=2023-11-22T19:49:55.248019+00:00
[2023-11-22T19:49:55.369+0000] {processor.py:179} INFO - Processing /home/airflow/.local/lib/python3.8/site-packages/airflow/example_dags/example_short_circuit_decorator.py took 0.182 seconds
[2023-11-22T19:50:25.540+0000] {processor.py:157} INFO - Started process (PID=9773) to work on /home/airflow/.local/lib/python3.8/site-packages/airflow/example_dags/example_short_circuit_decorator.py
[2023-11-22T19:50:25.541+0000] {processor.py:829} INFO - Processing file /home/airflow/.local/lib/python3.8/site-packages/airflow/example_dags/example_short_circuit_decorator.py for tasks to queue
[2023-11-22T19:50:25.542+0000] {logging_mixin.py:154} INFO - [2023-11-22T19:50:25.542+0000] {dagbag.py:536} INFO - Filling up the DagBag from /home/airflow/.local/lib/python3.8/site-packages/airflow/example_dags/example_short_circuit_decorator.py
[2023-11-22T19:50:25.553+0000] {processor.py:839} INFO - DAG(s) dict_keys(['example_short_circuit_decorator']) retrieved from /home/airflow/.local/lib/python3.8/site-packages/airflow/example_dags/example_short_circuit_decorator.py
[2023-11-22T19:50:25.577+0000] {logging_mixin.py:154} INFO - [2023-11-22T19:50:25.577+0000] {dag.py:2941} INFO - Sync 1 DAGs
[2023-11-22T19:50:25.592+0000] {logging_mixin.py:154} INFO - [2023-11-22T19:50:25.592+0000] {dag.py:3722} INFO - Setting next_dagrun for example_short_circuit_decorator to 2023-11-21T19:50:25.592517+00:00, run_after=2023-11-22T19:50:25.592517+00:00
[2023-11-22T19:50:25.744+0000] {processor.py:179} INFO - Processing /home/airflow/.local/lib/python3.8/site-packages/airflow/example_dags/example_short_circuit_decorator.py took 0.209 seconds
[2023-11-22T19:50:56.350+0000] {processor.py:157} INFO - Started process (PID=10011) to work on /home/airflow/.local/lib/python3.8/site-packages/airflow/example_dags/example_short_circuit_decorator.py
[2023-11-22T19:50:56.351+0000] {processor.py:829} INFO - Processing file /home/airflow/.local/lib/python3.8/site-packages/airflow/example_dags/example_short_circuit_decorator.py for tasks to queue
[2023-11-22T19:50:56.352+0000] {logging_mixin.py:154} INFO - [2023-11-22T19:50:56.352+0000] {dagbag.py:536} INFO - Filling up the DagBag from /home/airflow/.local/lib/python3.8/site-packages/airflow/example_dags/example_short_circuit_decorator.py
[2023-11-22T19:50:56.364+0000] {processor.py:839} INFO - DAG(s) dict_keys(['example_short_circuit_decorator']) retrieved from /home/airflow/.local/lib/python3.8/site-packages/airflow/example_dags/example_short_circuit_decorator.py
[2023-11-22T19:50:56.388+0000] {logging_mixin.py:154} INFO - [2023-11-22T19:50:56.388+0000] {dag.py:2941} INFO - Sync 1 DAGs
[2023-11-22T19:50:56.404+0000] {logging_mixin.py:154} INFO - [2023-11-22T19:50:56.403+0000] {dag.py:3722} INFO - Setting next_dagrun for example_short_circuit_decorator to 2023-11-21T19:50:56.403688+00:00, run_after=2023-11-22T19:50:56.403688+00:00
[2023-11-22T19:50:56.416+0000] {processor.py:179} INFO - Processing /home/airflow/.local/lib/python3.8/site-packages/airflow/example_dags/example_short_circuit_decorator.py took 0.072 seconds
[2023-11-22T19:51:26.801+0000] {processor.py:157} INFO - Started process (PID=10249) to work on /home/airflow/.local/lib/python3.8/site-packages/airflow/example_dags/example_short_circuit_decorator.py
[2023-11-22T19:51:26.803+0000] {processor.py:829} INFO - Processing file /home/airflow/.local/lib/python3.8/site-packages/airflow/example_dags/example_short_circuit_decorator.py for tasks to queue
[2023-11-22T19:51:26.804+0000] {logging_mixin.py:154} INFO - [2023-11-22T19:51:26.803+0000] {dagbag.py:536} INFO - Filling up the DagBag from /home/airflow/.local/lib/python3.8/site-packages/airflow/example_dags/example_short_circuit_decorator.py
[2023-11-22T19:51:26.815+0000] {processor.py:839} INFO - DAG(s) dict_keys(['example_short_circuit_decorator']) retrieved from /home/airflow/.local/lib/python3.8/site-packages/airflow/example_dags/example_short_circuit_decorator.py
[2023-11-22T19:51:26.837+0000] {logging_mixin.py:154} INFO - [2023-11-22T19:51:26.837+0000] {dag.py:2941} INFO - Sync 1 DAGs
[2023-11-22T19:51:26.853+0000] {logging_mixin.py:154} INFO - [2023-11-22T19:51:26.853+0000] {dag.py:3722} INFO - Setting next_dagrun for example_short_circuit_decorator to 2023-11-21T19:51:26.852985+00:00, run_after=2023-11-22T19:51:26.852985+00:00
[2023-11-22T19:51:26.865+0000] {processor.py:179} INFO - Processing /home/airflow/.local/lib/python3.8/site-packages/airflow/example_dags/example_short_circuit_decorator.py took 0.068 seconds
[2023-11-22T19:51:57.176+0000] {processor.py:157} INFO - Started process (PID=10487) to work on /home/airflow/.local/lib/python3.8/site-packages/airflow/example_dags/example_short_circuit_decorator.py
[2023-11-22T19:51:57.177+0000] {processor.py:829} INFO - Processing file /home/airflow/.local/lib/python3.8/site-packages/airflow/example_dags/example_short_circuit_decorator.py for tasks to queue
[2023-11-22T19:51:57.179+0000] {logging_mixin.py:154} INFO - [2023-11-22T19:51:57.178+0000] {dagbag.py:536} INFO - Filling up the DagBag from /home/airflow/.local/lib/python3.8/site-packages/airflow/example_dags/example_short_circuit_decorator.py
[2023-11-22T19:51:57.189+0000] {processor.py:839} INFO - DAG(s) dict_keys(['example_short_circuit_decorator']) retrieved from /home/airflow/.local/lib/python3.8/site-packages/airflow/example_dags/example_short_circuit_decorator.py
[2023-11-22T19:51:57.323+0000] {logging_mixin.py:154} INFO - [2023-11-22T19:51:57.322+0000] {dag.py:2941} INFO - Sync 1 DAGs
[2023-11-22T19:51:57.337+0000] {logging_mixin.py:154} INFO - [2023-11-22T19:51:57.337+0000] {dag.py:3722} INFO - Setting next_dagrun for example_short_circuit_decorator to 2023-11-21T19:51:57.337009+00:00, run_after=2023-11-22T19:51:57.337009+00:00
[2023-11-22T19:51:57.349+0000] {processor.py:179} INFO - Processing /home/airflow/.local/lib/python3.8/site-packages/airflow/example_dags/example_short_circuit_decorator.py took 0.177 seconds
[2023-11-22T19:52:27.737+0000] {processor.py:157} INFO - Started process (PID=10726) to work on /home/airflow/.local/lib/python3.8/site-packages/airflow/example_dags/example_short_circuit_decorator.py
[2023-11-22T19:52:27.738+0000] {processor.py:829} INFO - Processing file /home/airflow/.local/lib/python3.8/site-packages/airflow/example_dags/example_short_circuit_decorator.py for tasks to queue
[2023-11-22T19:52:27.739+0000] {logging_mixin.py:154} INFO - [2023-11-22T19:52:27.738+0000] {dagbag.py:536} INFO - Filling up the DagBag from /home/airflow/.local/lib/python3.8/site-packages/airflow/example_dags/example_short_circuit_decorator.py
[2023-11-22T19:52:27.748+0000] {processor.py:839} INFO - DAG(s) dict_keys(['example_short_circuit_decorator']) retrieved from /home/airflow/.local/lib/python3.8/site-packages/airflow/example_dags/example_short_circuit_decorator.py
[2023-11-22T19:52:27.771+0000] {logging_mixin.py:154} INFO - [2023-11-22T19:52:27.770+0000] {dag.py:2941} INFO - Sync 1 DAGs
[2023-11-22T19:52:27.786+0000] {logging_mixin.py:154} INFO - [2023-11-22T19:52:27.786+0000] {dag.py:3722} INFO - Setting next_dagrun for example_short_circuit_decorator to 2023-11-21T19:52:27.786315+00:00, run_after=2023-11-22T19:52:27.786315+00:00
[2023-11-22T19:52:27.798+0000] {processor.py:179} INFO - Processing /home/airflow/.local/lib/python3.8/site-packages/airflow/example_dags/example_short_circuit_decorator.py took 0.065 seconds
[2023-11-22T19:52:58.262+0000] {processor.py:157} INFO - Started process (PID=10964) to work on /home/airflow/.local/lib/python3.8/site-packages/airflow/example_dags/example_short_circuit_decorator.py
[2023-11-22T19:52:58.263+0000] {processor.py:829} INFO - Processing file /home/airflow/.local/lib/python3.8/site-packages/airflow/example_dags/example_short_circuit_decorator.py for tasks to queue
[2023-11-22T19:52:58.264+0000] {logging_mixin.py:154} INFO - [2023-11-22T19:52:58.264+0000] {dagbag.py:536} INFO - Filling up the DagBag from /home/airflow/.local/lib/python3.8/site-packages/airflow/example_dags/example_short_circuit_decorator.py
[2023-11-22T19:52:58.273+0000] {processor.py:839} INFO - DAG(s) dict_keys(['example_short_circuit_decorator']) retrieved from /home/airflow/.local/lib/python3.8/site-packages/airflow/example_dags/example_short_circuit_decorator.py
[2023-11-22T19:52:58.295+0000] {logging_mixin.py:154} INFO - [2023-11-22T19:52:58.295+0000] {dag.py:2941} INFO - Sync 1 DAGs
[2023-11-22T19:52:58.311+0000] {logging_mixin.py:154} INFO - [2023-11-22T19:52:58.310+0000] {dag.py:3722} INFO - Setting next_dagrun for example_short_circuit_decorator to 2023-11-21T19:52:58.310653+00:00, run_after=2023-11-22T19:52:58.310653+00:00
[2023-11-22T19:52:58.323+0000] {processor.py:179} INFO - Processing /home/airflow/.local/lib/python3.8/site-packages/airflow/example_dags/example_short_circuit_decorator.py took 0.064 seconds
[2023-11-22T19:53:28.658+0000] {processor.py:157} INFO - Started process (PID=11202) to work on /home/airflow/.local/lib/python3.8/site-packages/airflow/example_dags/example_short_circuit_decorator.py
[2023-11-22T19:53:28.659+0000] {processor.py:829} INFO - Processing file /home/airflow/.local/lib/python3.8/site-packages/airflow/example_dags/example_short_circuit_decorator.py for tasks to queue
[2023-11-22T19:53:28.660+0000] {logging_mixin.py:154} INFO - [2023-11-22T19:53:28.660+0000] {dagbag.py:536} INFO - Filling up the DagBag from /home/airflow/.local/lib/python3.8/site-packages/airflow/example_dags/example_short_circuit_decorator.py
[2023-11-22T19:53:28.669+0000] {processor.py:839} INFO - DAG(s) dict_keys(['example_short_circuit_decorator']) retrieved from /home/airflow/.local/lib/python3.8/site-packages/airflow/example_dags/example_short_circuit_decorator.py
[2023-11-22T19:53:28.691+0000] {logging_mixin.py:154} INFO - [2023-11-22T19:53:28.691+0000] {dag.py:2941} INFO - Sync 1 DAGs
[2023-11-22T19:53:28.706+0000] {logging_mixin.py:154} INFO - [2023-11-22T19:53:28.706+0000] {dag.py:3722} INFO - Setting next_dagrun for example_short_circuit_decorator to 2023-11-21T19:53:28.706457+00:00, run_after=2023-11-22T19:53:28.706457+00:00
[2023-11-22T19:53:28.718+0000] {processor.py:179} INFO - Processing /home/airflow/.local/lib/python3.8/site-packages/airflow/example_dags/example_short_circuit_decorator.py took 0.063 seconds
[2023-11-22T19:53:59.237+0000] {processor.py:157} INFO - Started process (PID=11440) to work on /home/airflow/.local/lib/python3.8/site-packages/airflow/example_dags/example_short_circuit_decorator.py
[2023-11-22T19:53:59.238+0000] {processor.py:829} INFO - Processing file /home/airflow/.local/lib/python3.8/site-packages/airflow/example_dags/example_short_circuit_decorator.py for tasks to queue
[2023-11-22T19:53:59.239+0000] {logging_mixin.py:154} INFO - [2023-11-22T19:53:59.239+0000] {dagbag.py:536} INFO - Filling up the DagBag from /home/airflow/.local/lib/python3.8/site-packages/airflow/example_dags/example_short_circuit_decorator.py
[2023-11-22T19:53:59.250+0000] {processor.py:839} INFO - DAG(s) dict_keys(['example_short_circuit_decorator']) retrieved from /home/airflow/.local/lib/python3.8/site-packages/airflow/example_dags/example_short_circuit_decorator.py
[2023-11-22T19:53:59.274+0000] {logging_mixin.py:154} INFO - [2023-11-22T19:53:59.273+0000] {dag.py:2941} INFO - Sync 1 DAGs
[2023-11-22T19:53:59.289+0000] {logging_mixin.py:154} INFO - [2023-11-22T19:53:59.289+0000] {dag.py:3722} INFO - Setting next_dagrun for example_short_circuit_decorator to 2023-11-21T19:53:59.289042+00:00, run_after=2023-11-22T19:53:59.289042+00:00
[2023-11-22T19:53:59.301+0000] {processor.py:179} INFO - Processing /home/airflow/.local/lib/python3.8/site-packages/airflow/example_dags/example_short_circuit_decorator.py took 0.069 seconds
[2023-11-22T20:36:14.860+0000] {processor.py:157} INFO - Started process (PID=11683) to work on /home/airflow/.local/lib/python3.8/site-packages/airflow/example_dags/example_short_circuit_decorator.py
[2023-11-22T20:36:14.861+0000] {processor.py:829} INFO - Processing file /home/airflow/.local/lib/python3.8/site-packages/airflow/example_dags/example_short_circuit_decorator.py for tasks to queue
[2023-11-22T20:36:14.862+0000] {logging_mixin.py:154} INFO - [2023-11-22T20:36:14.861+0000] {dagbag.py:536} INFO - Filling up the DagBag from /home/airflow/.local/lib/python3.8/site-packages/airflow/example_dags/example_short_circuit_decorator.py
[2023-11-22T20:36:14.872+0000] {processor.py:839} INFO - DAG(s) dict_keys(['example_short_circuit_decorator']) retrieved from /home/airflow/.local/lib/python3.8/site-packages/airflow/example_dags/example_short_circuit_decorator.py
[2023-11-22T20:36:14.898+0000] {logging_mixin.py:154} INFO - [2023-11-22T20:36:14.898+0000] {dag.py:2941} INFO - Sync 1 DAGs
[2023-11-22T20:36:14.917+0000] {logging_mixin.py:154} INFO - [2023-11-22T20:36:14.917+0000] {dag.py:3722} INFO - Setting next_dagrun for example_short_circuit_decorator to 2023-11-21T20:36:14.917085+00:00, run_after=2023-11-22T20:36:14.917085+00:00
[2023-11-22T20:36:14.931+0000] {processor.py:179} INFO - Processing /home/airflow/.local/lib/python3.8/site-packages/airflow/example_dags/example_short_circuit_decorator.py took 0.076 seconds
[2023-11-22T21:01:34.084+0000] {processor.py:157} INFO - Started process (PID=11924) to work on /home/airflow/.local/lib/python3.8/site-packages/airflow/example_dags/example_short_circuit_decorator.py
[2023-11-22T21:01:34.085+0000] {processor.py:829} INFO - Processing file /home/airflow/.local/lib/python3.8/site-packages/airflow/example_dags/example_short_circuit_decorator.py for tasks to queue
[2023-11-22T21:01:34.086+0000] {logging_mixin.py:154} INFO - [2023-11-22T21:01:34.086+0000] {dagbag.py:536} INFO - Filling up the DagBag from /home/airflow/.local/lib/python3.8/site-packages/airflow/example_dags/example_short_circuit_decorator.py
[2023-11-22T21:01:34.099+0000] {processor.py:839} INFO - DAG(s) dict_keys(['example_short_circuit_decorator']) retrieved from /home/airflow/.local/lib/python3.8/site-packages/airflow/example_dags/example_short_circuit_decorator.py
[2023-11-22T21:01:34.129+0000] {logging_mixin.py:154} INFO - [2023-11-22T21:01:34.129+0000] {dag.py:2941} INFO - Sync 1 DAGs
[2023-11-22T21:01:34.153+0000] {logging_mixin.py:154} INFO - [2023-11-22T21:01:34.152+0000] {dag.py:3722} INFO - Setting next_dagrun for example_short_circuit_decorator to 2023-11-21T21:01:34.152629+00:00, run_after=2023-11-22T21:01:34.152629+00:00
[2023-11-22T21:01:34.177+0000] {processor.py:179} INFO - Processing /home/airflow/.local/lib/python3.8/site-packages/airflow/example_dags/example_short_circuit_decorator.py took 0.097 seconds
[2023-11-22T21:02:04.344+0000] {processor.py:157} INFO - Started process (PID=12160) to work on /home/airflow/.local/lib/python3.8/site-packages/airflow/example_dags/example_short_circuit_decorator.py
[2023-11-22T21:02:04.344+0000] {processor.py:829} INFO - Processing file /home/airflow/.local/lib/python3.8/site-packages/airflow/example_dags/example_short_circuit_decorator.py for tasks to queue
[2023-11-22T21:02:04.345+0000] {logging_mixin.py:154} INFO - [2023-11-22T21:02:04.345+0000] {dagbag.py:536} INFO - Filling up the DagBag from /home/airflow/.local/lib/python3.8/site-packages/airflow/example_dags/example_short_circuit_decorator.py
[2023-11-22T21:02:04.354+0000] {processor.py:839} INFO - DAG(s) dict_keys(['example_short_circuit_decorator']) retrieved from /home/airflow/.local/lib/python3.8/site-packages/airflow/example_dags/example_short_circuit_decorator.py
[2023-11-22T21:02:04.380+0000] {logging_mixin.py:154} INFO - [2023-11-22T21:02:04.380+0000] {dag.py:2941} INFO - Sync 1 DAGs
[2023-11-22T21:02:04.397+0000] {logging_mixin.py:154} INFO - [2023-11-22T21:02:04.397+0000] {dag.py:3722} INFO - Setting next_dagrun for example_short_circuit_decorator to 2023-11-21T21:02:04.397178+00:00, run_after=2023-11-22T21:02:04.397178+00:00
[2023-11-22T21:02:04.413+0000] {processor.py:179} INFO - Processing /home/airflow/.local/lib/python3.8/site-packages/airflow/example_dags/example_short_circuit_decorator.py took 0.072 seconds
[2023-11-22T21:02:34.676+0000] {processor.py:157} INFO - Started process (PID=12400) to work on /home/airflow/.local/lib/python3.8/site-packages/airflow/example_dags/example_short_circuit_decorator.py
[2023-11-22T21:02:34.677+0000] {processor.py:829} INFO - Processing file /home/airflow/.local/lib/python3.8/site-packages/airflow/example_dags/example_short_circuit_decorator.py for tasks to queue
[2023-11-22T21:02:34.678+0000] {logging_mixin.py:154} INFO - [2023-11-22T21:02:34.677+0000] {dagbag.py:536} INFO - Filling up the DagBag from /home/airflow/.local/lib/python3.8/site-packages/airflow/example_dags/example_short_circuit_decorator.py
[2023-11-22T21:02:34.687+0000] {processor.py:839} INFO - DAG(s) dict_keys(['example_short_circuit_decorator']) retrieved from /home/airflow/.local/lib/python3.8/site-packages/airflow/example_dags/example_short_circuit_decorator.py
[2023-11-22T21:02:34.710+0000] {logging_mixin.py:154} INFO - [2023-11-22T21:02:34.710+0000] {dag.py:2941} INFO - Sync 1 DAGs
[2023-11-22T21:02:34.727+0000] {logging_mixin.py:154} INFO - [2023-11-22T21:02:34.727+0000] {dag.py:3722} INFO - Setting next_dagrun for example_short_circuit_decorator to 2023-11-21T21:02:34.727270+00:00, run_after=2023-11-22T21:02:34.727270+00:00
[2023-11-22T21:02:34.739+0000] {processor.py:179} INFO - Processing /home/airflow/.local/lib/python3.8/site-packages/airflow/example_dags/example_short_circuit_decorator.py took 0.067 seconds
[2023-11-22T21:03:05.099+0000] {processor.py:157} INFO - Started process (PID=12636) to work on /home/airflow/.local/lib/python3.8/site-packages/airflow/example_dags/example_short_circuit_decorator.py
[2023-11-22T21:03:05.100+0000] {processor.py:829} INFO - Processing file /home/airflow/.local/lib/python3.8/site-packages/airflow/example_dags/example_short_circuit_decorator.py for tasks to queue
[2023-11-22T21:03:05.101+0000] {logging_mixin.py:154} INFO - [2023-11-22T21:03:05.100+0000] {dagbag.py:536} INFO - Filling up the DagBag from /home/airflow/.local/lib/python3.8/site-packages/airflow/example_dags/example_short_circuit_decorator.py
[2023-11-22T21:03:05.109+0000] {processor.py:839} INFO - DAG(s) dict_keys(['example_short_circuit_decorator']) retrieved from /home/airflow/.local/lib/python3.8/site-packages/airflow/example_dags/example_short_circuit_decorator.py
[2023-11-22T21:03:05.132+0000] {logging_mixin.py:154} INFO - [2023-11-22T21:03:05.131+0000] {dag.py:2941} INFO - Sync 1 DAGs
[2023-11-22T21:03:05.148+0000] {logging_mixin.py:154} INFO - [2023-11-22T21:03:05.148+0000] {dag.py:3722} INFO - Setting next_dagrun for example_short_circuit_decorator to 2023-11-21T21:03:05.148187+00:00, run_after=2023-11-22T21:03:05.148187+00:00
[2023-11-22T21:03:05.160+0000] {processor.py:179} INFO - Processing /home/airflow/.local/lib/python3.8/site-packages/airflow/example_dags/example_short_circuit_decorator.py took 0.065 seconds
[2023-11-22T21:03:35.872+0000] {processor.py:157} INFO - Started process (PID=12874) to work on /home/airflow/.local/lib/python3.8/site-packages/airflow/example_dags/example_short_circuit_decorator.py
[2023-11-22T21:03:35.874+0000] {processor.py:829} INFO - Processing file /home/airflow/.local/lib/python3.8/site-packages/airflow/example_dags/example_short_circuit_decorator.py for tasks to queue
[2023-11-22T21:03:35.875+0000] {logging_mixin.py:154} INFO - [2023-11-22T21:03:35.875+0000] {dagbag.py:536} INFO - Filling up the DagBag from /home/airflow/.local/lib/python3.8/site-packages/airflow/example_dags/example_short_circuit_decorator.py
[2023-11-22T21:03:35.885+0000] {processor.py:839} INFO - DAG(s) dict_keys(['example_short_circuit_decorator']) retrieved from /home/airflow/.local/lib/python3.8/site-packages/airflow/example_dags/example_short_circuit_decorator.py
[2023-11-22T21:03:35.911+0000] {logging_mixin.py:154} INFO - [2023-11-22T21:03:35.911+0000] {dag.py:2941} INFO - Sync 1 DAGs
[2023-11-22T21:03:35.931+0000] {logging_mixin.py:154} INFO - [2023-11-22T21:03:35.931+0000] {dag.py:3722} INFO - Setting next_dagrun for example_short_circuit_decorator to 2023-11-21T21:03:35.930927+00:00, run_after=2023-11-22T21:03:35.930927+00:00
[2023-11-22T21:03:35.946+0000] {processor.py:179} INFO - Processing /home/airflow/.local/lib/python3.8/site-packages/airflow/example_dags/example_short_circuit_decorator.py took 0.079 seconds
[2023-11-22T21:04:06.447+0000] {processor.py:157} INFO - Started process (PID=13112) to work on /home/airflow/.local/lib/python3.8/site-packages/airflow/example_dags/example_short_circuit_decorator.py
[2023-11-22T21:04:06.448+0000] {processor.py:829} INFO - Processing file /home/airflow/.local/lib/python3.8/site-packages/airflow/example_dags/example_short_circuit_decorator.py for tasks to queue
[2023-11-22T21:04:06.450+0000] {logging_mixin.py:154} INFO - [2023-11-22T21:04:06.449+0000] {dagbag.py:536} INFO - Filling up the DagBag from /home/airflow/.local/lib/python3.8/site-packages/airflow/example_dags/example_short_circuit_decorator.py
[2023-11-22T21:04:06.463+0000] {processor.py:839} INFO - DAG(s) dict_keys(['example_short_circuit_decorator']) retrieved from /home/airflow/.local/lib/python3.8/site-packages/airflow/example_dags/example_short_circuit_decorator.py
[2023-11-22T21:04:06.505+0000] {logging_mixin.py:154} INFO - [2023-11-22T21:04:06.504+0000] {dag.py:2941} INFO - Sync 1 DAGs
[2023-11-22T21:04:06.527+0000] {logging_mixin.py:154} INFO - [2023-11-22T21:04:06.527+0000] {dag.py:3722} INFO - Setting next_dagrun for example_short_circuit_decorator to 2023-11-21T21:04:06.527137+00:00, run_after=2023-11-22T21:04:06.527137+00:00
[2023-11-22T21:04:06.544+0000] {processor.py:179} INFO - Processing /home/airflow/.local/lib/python3.8/site-packages/airflow/example_dags/example_short_circuit_decorator.py took 0.101 seconds
[2023-11-22T21:04:37.099+0000] {processor.py:157} INFO - Started process (PID=13350) to work on /home/airflow/.local/lib/python3.8/site-packages/airflow/example_dags/example_short_circuit_decorator.py
[2023-11-22T21:04:37.100+0000] {processor.py:829} INFO - Processing file /home/airflow/.local/lib/python3.8/site-packages/airflow/example_dags/example_short_circuit_decorator.py for tasks to queue
[2023-11-22T21:04:37.101+0000] {logging_mixin.py:154} INFO - [2023-11-22T21:04:37.101+0000] {dagbag.py:536} INFO - Filling up the DagBag from /home/airflow/.local/lib/python3.8/site-packages/airflow/example_dags/example_short_circuit_decorator.py
[2023-11-22T21:04:37.109+0000] {processor.py:839} INFO - DAG(s) dict_keys(['example_short_circuit_decorator']) retrieved from /home/airflow/.local/lib/python3.8/site-packages/airflow/example_dags/example_short_circuit_decorator.py
[2023-11-22T21:04:37.132+0000] {logging_mixin.py:154} INFO - [2023-11-22T21:04:37.132+0000] {dag.py:2941} INFO - Sync 1 DAGs
[2023-11-22T21:04:37.150+0000] {logging_mixin.py:154} INFO - [2023-11-22T21:04:37.149+0000] {dag.py:3722} INFO - Setting next_dagrun for example_short_circuit_decorator to 2023-11-21T21:04:37.149659+00:00, run_after=2023-11-22T21:04:37.149659+00:00
[2023-11-22T21:04:37.163+0000] {processor.py:179} INFO - Processing /home/airflow/.local/lib/python3.8/site-packages/airflow/example_dags/example_short_circuit_decorator.py took 0.067 seconds
[2023-11-22T21:05:07.566+0000] {processor.py:157} INFO - Started process (PID=13588) to work on /home/airflow/.local/lib/python3.8/site-packages/airflow/example_dags/example_short_circuit_decorator.py
[2023-11-22T21:05:07.567+0000] {processor.py:829} INFO - Processing file /home/airflow/.local/lib/python3.8/site-packages/airflow/example_dags/example_short_circuit_decorator.py for tasks to queue
[2023-11-22T21:05:07.568+0000] {logging_mixin.py:154} INFO - [2023-11-22T21:05:07.568+0000] {dagbag.py:536} INFO - Filling up the DagBag from /home/airflow/.local/lib/python3.8/site-packages/airflow/example_dags/example_short_circuit_decorator.py
[2023-11-22T21:05:07.576+0000] {processor.py:839} INFO - DAG(s) dict_keys(['example_short_circuit_decorator']) retrieved from /home/airflow/.local/lib/python3.8/site-packages/airflow/example_dags/example_short_circuit_decorator.py
[2023-11-22T21:05:07.601+0000] {logging_mixin.py:154} INFO - [2023-11-22T21:05:07.600+0000] {dag.py:2941} INFO - Sync 1 DAGs
[2023-11-22T21:05:07.622+0000] {logging_mixin.py:154} INFO - [2023-11-22T21:05:07.622+0000] {dag.py:3722} INFO - Setting next_dagrun for example_short_circuit_decorator to 2023-11-21T21:05:07.622288+00:00, run_after=2023-11-22T21:05:07.622288+00:00
[2023-11-22T21:05:07.639+0000] {processor.py:179} INFO - Processing /home/airflow/.local/lib/python3.8/site-packages/airflow/example_dags/example_short_circuit_decorator.py took 0.076 seconds
[2023-11-22T21:05:38.306+0000] {processor.py:157} INFO - Started process (PID=13825) to work on /home/airflow/.local/lib/python3.8/site-packages/airflow/example_dags/example_short_circuit_decorator.py
[2023-11-22T21:05:38.306+0000] {processor.py:829} INFO - Processing file /home/airflow/.local/lib/python3.8/site-packages/airflow/example_dags/example_short_circuit_decorator.py for tasks to queue
[2023-11-22T21:05:38.307+0000] {logging_mixin.py:154} INFO - [2023-11-22T21:05:38.307+0000] {dagbag.py:536} INFO - Filling up the DagBag from /home/airflow/.local/lib/python3.8/site-packages/airflow/example_dags/example_short_circuit_decorator.py
[2023-11-22T21:05:38.316+0000] {processor.py:839} INFO - DAG(s) dict_keys(['example_short_circuit_decorator']) retrieved from /home/airflow/.local/lib/python3.8/site-packages/airflow/example_dags/example_short_circuit_decorator.py
[2023-11-22T21:05:38.339+0000] {logging_mixin.py:154} INFO - [2023-11-22T21:05:38.338+0000] {dag.py:2941} INFO - Sync 1 DAGs
[2023-11-22T21:05:38.356+0000] {logging_mixin.py:154} INFO - [2023-11-22T21:05:38.356+0000] {dag.py:3722} INFO - Setting next_dagrun for example_short_circuit_decorator to 2023-11-21T21:05:38.355918+00:00, run_after=2023-11-22T21:05:38.355918+00:00
[2023-11-22T21:05:38.370+0000] {processor.py:179} INFO - Processing /home/airflow/.local/lib/python3.8/site-packages/airflow/example_dags/example_short_circuit_decorator.py took 0.067 seconds
[2023-11-22T21:06:08.399+0000] {processor.py:157} INFO - Started process (PID=14063) to work on /home/airflow/.local/lib/python3.8/site-packages/airflow/example_dags/example_short_circuit_decorator.py
[2023-11-22T21:06:08.400+0000] {processor.py:829} INFO - Processing file /home/airflow/.local/lib/python3.8/site-packages/airflow/example_dags/example_short_circuit_decorator.py for tasks to queue
[2023-11-22T21:06:08.401+0000] {logging_mixin.py:154} INFO - [2023-11-22T21:06:08.401+0000] {dagbag.py:536} INFO - Filling up the DagBag from /home/airflow/.local/lib/python3.8/site-packages/airflow/example_dags/example_short_circuit_decorator.py
[2023-11-22T21:06:08.409+0000] {processor.py:839} INFO - DAG(s) dict_keys(['example_short_circuit_decorator']) retrieved from /home/airflow/.local/lib/python3.8/site-packages/airflow/example_dags/example_short_circuit_decorator.py
[2023-11-22T21:06:08.433+0000] {logging_mixin.py:154} INFO - [2023-11-22T21:06:08.433+0000] {dag.py:2941} INFO - Sync 1 DAGs
[2023-11-22T21:06:08.451+0000] {logging_mixin.py:154} INFO - [2023-11-22T21:06:08.451+0000] {dag.py:3722} INFO - Setting next_dagrun for example_short_circuit_decorator to 2023-11-21T21:06:08.450723+00:00, run_after=2023-11-22T21:06:08.450723+00:00
[2023-11-22T21:06:08.467+0000] {processor.py:179} INFO - Processing /home/airflow/.local/lib/python3.8/site-packages/airflow/example_dags/example_short_circuit_decorator.py took 0.070 seconds
[2023-11-22T21:06:39.498+0000] {processor.py:157} INFO - Started process (PID=14301) to work on /home/airflow/.local/lib/python3.8/site-packages/airflow/example_dags/example_short_circuit_decorator.py
[2023-11-22T21:06:39.499+0000] {processor.py:829} INFO - Processing file /home/airflow/.local/lib/python3.8/site-packages/airflow/example_dags/example_short_circuit_decorator.py for tasks to queue
[2023-11-22T21:06:39.500+0000] {logging_mixin.py:154} INFO - [2023-11-22T21:06:39.500+0000] {dagbag.py:536} INFO - Filling up the DagBag from /home/airflow/.local/lib/python3.8/site-packages/airflow/example_dags/example_short_circuit_decorator.py
[2023-11-22T21:06:39.509+0000] {processor.py:839} INFO - DAG(s) dict_keys(['example_short_circuit_decorator']) retrieved from /home/airflow/.local/lib/python3.8/site-packages/airflow/example_dags/example_short_circuit_decorator.py
[2023-11-22T21:06:39.533+0000] {logging_mixin.py:154} INFO - [2023-11-22T21:06:39.533+0000] {dag.py:2941} INFO - Sync 1 DAGs
[2023-11-22T21:06:39.553+0000] {logging_mixin.py:154} INFO - [2023-11-22T21:06:39.553+0000] {dag.py:3722} INFO - Setting next_dagrun for example_short_circuit_decorator to 2023-11-21T21:06:39.552701+00:00, run_after=2023-11-22T21:06:39.552701+00:00
[2023-11-22T21:06:39.568+0000] {processor.py:179} INFO - Processing /home/airflow/.local/lib/python3.8/site-packages/airflow/example_dags/example_short_circuit_decorator.py took 0.073 seconds
[2023-11-22T21:07:10.380+0000] {processor.py:157} INFO - Started process (PID=14541) to work on /home/airflow/.local/lib/python3.8/site-packages/airflow/example_dags/example_short_circuit_decorator.py
[2023-11-22T21:07:10.381+0000] {processor.py:829} INFO - Processing file /home/airflow/.local/lib/python3.8/site-packages/airflow/example_dags/example_short_circuit_decorator.py for tasks to queue
[2023-11-22T21:07:10.382+0000] {logging_mixin.py:154} INFO - [2023-11-22T21:07:10.381+0000] {dagbag.py:536} INFO - Filling up the DagBag from /home/airflow/.local/lib/python3.8/site-packages/airflow/example_dags/example_short_circuit_decorator.py
[2023-11-22T21:07:10.390+0000] {processor.py:839} INFO - DAG(s) dict_keys(['example_short_circuit_decorator']) retrieved from /home/airflow/.local/lib/python3.8/site-packages/airflow/example_dags/example_short_circuit_decorator.py
[2023-11-22T21:07:10.413+0000] {logging_mixin.py:154} INFO - [2023-11-22T21:07:10.413+0000] {dag.py:2941} INFO - Sync 1 DAGs
[2023-11-22T21:07:10.430+0000] {logging_mixin.py:154} INFO - [2023-11-22T21:07:10.430+0000] {dag.py:3722} INFO - Setting next_dagrun for example_short_circuit_decorator to 2023-11-21T21:07:10.430230+00:00, run_after=2023-11-22T21:07:10.430230+00:00
[2023-11-22T21:07:10.445+0000] {processor.py:179} INFO - Processing /home/airflow/.local/lib/python3.8/site-packages/airflow/example_dags/example_short_circuit_decorator.py took 0.068 seconds
[2023-11-22T21:07:40.654+0000] {processor.py:157} INFO - Started process (PID=14777) to work on /home/airflow/.local/lib/python3.8/site-packages/airflow/example_dags/example_short_circuit_decorator.py
[2023-11-22T21:07:40.655+0000] {processor.py:829} INFO - Processing file /home/airflow/.local/lib/python3.8/site-packages/airflow/example_dags/example_short_circuit_decorator.py for tasks to queue
[2023-11-22T21:07:40.656+0000] {logging_mixin.py:154} INFO - [2023-11-22T21:07:40.655+0000] {dagbag.py:536} INFO - Filling up the DagBag from /home/airflow/.local/lib/python3.8/site-packages/airflow/example_dags/example_short_circuit_decorator.py
[2023-11-22T21:07:40.664+0000] {processor.py:839} INFO - DAG(s) dict_keys(['example_short_circuit_decorator']) retrieved from /home/airflow/.local/lib/python3.8/site-packages/airflow/example_dags/example_short_circuit_decorator.py
[2023-11-22T21:07:40.686+0000] {logging_mixin.py:154} INFO - [2023-11-22T21:07:40.686+0000] {dag.py:2941} INFO - Sync 1 DAGs
[2023-11-22T21:07:40.704+0000] {logging_mixin.py:154} INFO - [2023-11-22T21:07:40.704+0000] {dag.py:3722} INFO - Setting next_dagrun for example_short_circuit_decorator to 2023-11-21T21:07:40.704031+00:00, run_after=2023-11-22T21:07:40.704031+00:00
[2023-11-22T21:07:40.718+0000] {processor.py:179} INFO - Processing /home/airflow/.local/lib/python3.8/site-packages/airflow/example_dags/example_short_circuit_decorator.py took 0.067 seconds
[2023-11-22T21:08:11.324+0000] {processor.py:157} INFO - Started process (PID=15015) to work on /home/airflow/.local/lib/python3.8/site-packages/airflow/example_dags/example_short_circuit_decorator.py
[2023-11-22T21:08:11.326+0000] {processor.py:829} INFO - Processing file /home/airflow/.local/lib/python3.8/site-packages/airflow/example_dags/example_short_circuit_decorator.py for tasks to queue
[2023-11-22T21:08:11.327+0000] {logging_mixin.py:154} INFO - [2023-11-22T21:08:11.327+0000] {dagbag.py:536} INFO - Filling up the DagBag from /home/airflow/.local/lib/python3.8/site-packages/airflow/example_dags/example_short_circuit_decorator.py
[2023-11-22T21:08:11.345+0000] {processor.py:839} INFO - DAG(s) dict_keys(['example_short_circuit_decorator']) retrieved from /home/airflow/.local/lib/python3.8/site-packages/airflow/example_dags/example_short_circuit_decorator.py
[2023-11-22T21:08:11.396+0000] {logging_mixin.py:154} INFO - [2023-11-22T21:08:11.396+0000] {dag.py:2941} INFO - Sync 1 DAGs
[2023-11-22T21:08:11.432+0000] {logging_mixin.py:154} INFO - [2023-11-22T21:08:11.432+0000] {dag.py:3722} INFO - Setting next_dagrun for example_short_circuit_decorator to 2023-11-21T21:08:11.432009+00:00, run_after=2023-11-22T21:08:11.432009+00:00
[2023-11-22T21:08:11.460+0000] {processor.py:179} INFO - Processing /home/airflow/.local/lib/python3.8/site-packages/airflow/example_dags/example_short_circuit_decorator.py took 0.142 seconds
[2023-11-22T21:08:42.250+0000] {processor.py:157} INFO - Started process (PID=15253) to work on /home/airflow/.local/lib/python3.8/site-packages/airflow/example_dags/example_short_circuit_decorator.py
[2023-11-22T21:08:42.251+0000] {processor.py:829} INFO - Processing file /home/airflow/.local/lib/python3.8/site-packages/airflow/example_dags/example_short_circuit_decorator.py for tasks to queue
[2023-11-22T21:08:42.252+0000] {logging_mixin.py:154} INFO - [2023-11-22T21:08:42.252+0000] {dagbag.py:536} INFO - Filling up the DagBag from /home/airflow/.local/lib/python3.8/site-packages/airflow/example_dags/example_short_circuit_decorator.py
[2023-11-22T21:08:42.262+0000] {processor.py:839} INFO - DAG(s) dict_keys(['example_short_circuit_decorator']) retrieved from /home/airflow/.local/lib/python3.8/site-packages/airflow/example_dags/example_short_circuit_decorator.py
[2023-11-22T21:08:42.300+0000] {logging_mixin.py:154} INFO - [2023-11-22T21:08:42.300+0000] {dag.py:2941} INFO - Sync 1 DAGs
[2023-11-22T21:08:42.334+0000] {logging_mixin.py:154} INFO - [2023-11-22T21:08:42.334+0000] {dag.py:3722} INFO - Setting next_dagrun for example_short_circuit_decorator to 2023-11-21T21:08:42.333574+00:00, run_after=2023-11-22T21:08:42.333574+00:00
[2023-11-22T21:08:42.356+0000] {processor.py:179} INFO - Processing /home/airflow/.local/lib/python3.8/site-packages/airflow/example_dags/example_short_circuit_decorator.py took 0.110 seconds
[2023-11-22T21:09:42.151+0000] {processor.py:157} INFO - Started process (PID=252) to work on /home/airflow/.local/lib/python3.8/site-packages/airflow/example_dags/example_short_circuit_decorator.py
[2023-11-22T21:09:42.153+0000] {processor.py:829} INFO - Processing file /home/airflow/.local/lib/python3.8/site-packages/airflow/example_dags/example_short_circuit_decorator.py for tasks to queue
[2023-11-22T21:09:42.155+0000] {logging_mixin.py:154} INFO - [2023-11-22T21:09:42.154+0000] {dagbag.py:536} INFO - Filling up the DagBag from /home/airflow/.local/lib/python3.8/site-packages/airflow/example_dags/example_short_circuit_decorator.py
[2023-11-22T21:09:42.174+0000] {processor.py:839} INFO - DAG(s) dict_keys(['example_short_circuit_decorator']) retrieved from /home/airflow/.local/lib/python3.8/site-packages/airflow/example_dags/example_short_circuit_decorator.py
[2023-11-22T21:09:42.213+0000] {logging_mixin.py:154} INFO - [2023-11-22T21:09:42.212+0000] {dag.py:2941} INFO - Sync 1 DAGs
[2023-11-22T21:09:42.261+0000] {logging_mixin.py:154} INFO - [2023-11-22T21:09:42.261+0000] {dag.py:3722} INFO - Setting next_dagrun for example_short_circuit_decorator to 2023-11-21T21:09:42.260350+00:00, run_after=2023-11-22T21:09:42.260350+00:00
[2023-11-22T21:09:42.293+0000] {processor.py:179} INFO - Processing /home/airflow/.local/lib/python3.8/site-packages/airflow/example_dags/example_short_circuit_decorator.py took 0.149 seconds
[2023-11-22T21:10:12.747+0000] {processor.py:157} INFO - Started process (PID=491) to work on /home/airflow/.local/lib/python3.8/site-packages/airflow/example_dags/example_short_circuit_decorator.py
[2023-11-22T21:10:12.748+0000] {processor.py:829} INFO - Processing file /home/airflow/.local/lib/python3.8/site-packages/airflow/example_dags/example_short_circuit_decorator.py for tasks to queue
[2023-11-22T21:10:12.749+0000] {logging_mixin.py:154} INFO - [2023-11-22T21:10:12.748+0000] {dagbag.py:536} INFO - Filling up the DagBag from /home/airflow/.local/lib/python3.8/site-packages/airflow/example_dags/example_short_circuit_decorator.py
[2023-11-22T21:10:12.758+0000] {processor.py:839} INFO - DAG(s) dict_keys(['example_short_circuit_decorator']) retrieved from /home/airflow/.local/lib/python3.8/site-packages/airflow/example_dags/example_short_circuit_decorator.py
[2023-11-22T21:10:12.796+0000] {logging_mixin.py:154} INFO - [2023-11-22T21:10:12.795+0000] {dag.py:2941} INFO - Sync 1 DAGs
[2023-11-22T21:10:12.818+0000] {logging_mixin.py:154} INFO - [2023-11-22T21:10:12.818+0000] {dag.py:3722} INFO - Setting next_dagrun for example_short_circuit_decorator to 2023-11-21T21:10:12.817850+00:00, run_after=2023-11-22T21:10:12.817850+00:00
[2023-11-22T21:10:12.842+0000] {processor.py:179} INFO - Processing /home/airflow/.local/lib/python3.8/site-packages/airflow/example_dags/example_short_circuit_decorator.py took 0.099 seconds
