[2023-11-22T19:30:04.560+0000] {processor.py:157} INFO - Started process (PID=212) to work on /home/airflow/.local/lib/python3.8/site-packages/airflow/example_dags/example_branch_python_dop_operator_3.py
[2023-11-22T19:30:04.561+0000] {processor.py:829} INFO - Processing file /home/airflow/.local/lib/python3.8/site-packages/airflow/example_dags/example_branch_python_dop_operator_3.py for tasks to queue
[2023-11-22T19:30:04.562+0000] {logging_mixin.py:154} INFO - [2023-11-22T19:30:04.562+0000] {dagbag.py:536} INFO - Filling up the DagBag from /home/airflow/.local/lib/python3.8/site-packages/airflow/example_dags/example_branch_python_dop_operator_3.py
[2023-11-22T19:30:04.577+0000] {processor.py:839} INFO - DAG(s) dict_keys(['example_branch_dop_operator_v3']) retrieved from /home/airflow/.local/lib/python3.8/site-packages/airflow/example_dags/example_branch_python_dop_operator_3.py
[2023-11-22T19:30:04.607+0000] {logging_mixin.py:154} INFO - [2023-11-22T19:30:04.607+0000] {dag.py:2941} INFO - Sync 1 DAGs
[2023-11-22T19:30:04.641+0000] {logging_mixin.py:154} INFO - [2023-11-22T19:30:04.641+0000] {dag.py:3722} INFO - Setting next_dagrun for example_branch_dop_operator_v3 to 2023-11-22T19:29:00+00:00, run_after=2023-11-22T19:30:00+00:00
[2023-11-22T19:30:04.666+0000] {processor.py:179} INFO - Processing /home/airflow/.local/lib/python3.8/site-packages/airflow/example_dags/example_branch_python_dop_operator_3.py took 0.110 seconds
[2023-11-22T19:30:34.901+0000] {processor.py:157} INFO - Started process (PID=452) to work on /home/airflow/.local/lib/python3.8/site-packages/airflow/example_dags/example_branch_python_dop_operator_3.py
[2023-11-22T19:30:34.902+0000] {processor.py:829} INFO - Processing file /home/airflow/.local/lib/python3.8/site-packages/airflow/example_dags/example_branch_python_dop_operator_3.py for tasks to queue
[2023-11-22T19:30:34.902+0000] {logging_mixin.py:154} INFO - [2023-11-22T19:30:34.902+0000] {dagbag.py:536} INFO - Filling up the DagBag from /home/airflow/.local/lib/python3.8/site-packages/airflow/example_dags/example_branch_python_dop_operator_3.py
[2023-11-22T19:30:34.910+0000] {processor.py:839} INFO - DAG(s) dict_keys(['example_branch_dop_operator_v3']) retrieved from /home/airflow/.local/lib/python3.8/site-packages/airflow/example_dags/example_branch_python_dop_operator_3.py
[2023-11-22T19:30:34.931+0000] {logging_mixin.py:154} INFO - [2023-11-22T19:30:34.930+0000] {dag.py:2941} INFO - Sync 1 DAGs
[2023-11-22T19:30:34.951+0000] {logging_mixin.py:154} INFO - [2023-11-22T19:30:34.950+0000] {dag.py:3722} INFO - Setting next_dagrun for example_branch_dop_operator_v3 to 2023-11-22T19:29:00+00:00, run_after=2023-11-22T19:30:00+00:00
[2023-11-22T19:30:34.964+0000] {processor.py:179} INFO - Processing /home/airflow/.local/lib/python3.8/site-packages/airflow/example_dags/example_branch_python_dop_operator_3.py took 0.066 seconds
[2023-11-22T19:31:05.587+0000] {processor.py:157} INFO - Started process (PID=690) to work on /home/airflow/.local/lib/python3.8/site-packages/airflow/example_dags/example_branch_python_dop_operator_3.py
[2023-11-22T19:31:05.589+0000] {processor.py:829} INFO - Processing file /home/airflow/.local/lib/python3.8/site-packages/airflow/example_dags/example_branch_python_dop_operator_3.py for tasks to queue
[2023-11-22T19:31:05.589+0000] {logging_mixin.py:154} INFO - [2023-11-22T19:31:05.589+0000] {dagbag.py:536} INFO - Filling up the DagBag from /home/airflow/.local/lib/python3.8/site-packages/airflow/example_dags/example_branch_python_dop_operator_3.py
[2023-11-22T19:31:05.597+0000] {processor.py:839} INFO - DAG(s) dict_keys(['example_branch_dop_operator_v3']) retrieved from /home/airflow/.local/lib/python3.8/site-packages/airflow/example_dags/example_branch_python_dop_operator_3.py
[2023-11-22T19:31:05.617+0000] {logging_mixin.py:154} INFO - [2023-11-22T19:31:05.617+0000] {dag.py:2941} INFO - Sync 1 DAGs
[2023-11-22T19:31:05.637+0000] {logging_mixin.py:154} INFO - [2023-11-22T19:31:05.637+0000] {dag.py:3722} INFO - Setting next_dagrun for example_branch_dop_operator_v3 to 2023-11-22T19:30:00+00:00, run_after=2023-11-22T19:31:00+00:00
[2023-11-22T19:31:05.650+0000] {processor.py:179} INFO - Processing /home/airflow/.local/lib/python3.8/site-packages/airflow/example_dags/example_branch_python_dop_operator_3.py took 0.066 seconds
[2023-11-22T19:31:36.004+0000] {processor.py:157} INFO - Started process (PID=926) to work on /home/airflow/.local/lib/python3.8/site-packages/airflow/example_dags/example_branch_python_dop_operator_3.py
[2023-11-22T19:31:36.005+0000] {processor.py:829} INFO - Processing file /home/airflow/.local/lib/python3.8/site-packages/airflow/example_dags/example_branch_python_dop_operator_3.py for tasks to queue
[2023-11-22T19:31:36.006+0000] {logging_mixin.py:154} INFO - [2023-11-22T19:31:36.005+0000] {dagbag.py:536} INFO - Filling up the DagBag from /home/airflow/.local/lib/python3.8/site-packages/airflow/example_dags/example_branch_python_dop_operator_3.py
[2023-11-22T19:31:36.014+0000] {processor.py:839} INFO - DAG(s) dict_keys(['example_branch_dop_operator_v3']) retrieved from /home/airflow/.local/lib/python3.8/site-packages/airflow/example_dags/example_branch_python_dop_operator_3.py
[2023-11-22T19:31:36.036+0000] {logging_mixin.py:154} INFO - [2023-11-22T19:31:36.036+0000] {dag.py:2941} INFO - Sync 1 DAGs
[2023-11-22T19:31:36.060+0000] {logging_mixin.py:154} INFO - [2023-11-22T19:31:36.060+0000] {dag.py:3722} INFO - Setting next_dagrun for example_branch_dop_operator_v3 to 2023-11-22T19:30:00+00:00, run_after=2023-11-22T19:31:00+00:00
[2023-11-22T19:31:36.074+0000] {processor.py:179} INFO - Processing /home/airflow/.local/lib/python3.8/site-packages/airflow/example_dags/example_branch_python_dop_operator_3.py took 0.073 seconds
[2023-11-22T19:32:06.427+0000] {processor.py:157} INFO - Started process (PID=1166) to work on /home/airflow/.local/lib/python3.8/site-packages/airflow/example_dags/example_branch_python_dop_operator_3.py
[2023-11-22T19:32:06.428+0000] {processor.py:829} INFO - Processing file /home/airflow/.local/lib/python3.8/site-packages/airflow/example_dags/example_branch_python_dop_operator_3.py for tasks to queue
[2023-11-22T19:32:06.429+0000] {logging_mixin.py:154} INFO - [2023-11-22T19:32:06.429+0000] {dagbag.py:536} INFO - Filling up the DagBag from /home/airflow/.local/lib/python3.8/site-packages/airflow/example_dags/example_branch_python_dop_operator_3.py
[2023-11-22T19:32:06.438+0000] {processor.py:839} INFO - DAG(s) dict_keys(['example_branch_dop_operator_v3']) retrieved from /home/airflow/.local/lib/python3.8/site-packages/airflow/example_dags/example_branch_python_dop_operator_3.py
[2023-11-22T19:32:06.464+0000] {logging_mixin.py:154} INFO - [2023-11-22T19:32:06.464+0000] {dag.py:2941} INFO - Sync 1 DAGs
[2023-11-22T19:32:06.494+0000] {logging_mixin.py:154} INFO - [2023-11-22T19:32:06.494+0000] {dag.py:3722} INFO - Setting next_dagrun for example_branch_dop_operator_v3 to 2023-11-22T19:31:00+00:00, run_after=2023-11-22T19:32:00+00:00
[2023-11-22T19:32:06.513+0000] {processor.py:179} INFO - Processing /home/airflow/.local/lib/python3.8/site-packages/airflow/example_dags/example_branch_python_dop_operator_3.py took 0.090 seconds
[2023-11-22T19:32:37.150+0000] {processor.py:157} INFO - Started process (PID=1402) to work on /home/airflow/.local/lib/python3.8/site-packages/airflow/example_dags/example_branch_python_dop_operator_3.py
[2023-11-22T19:32:37.152+0000] {processor.py:829} INFO - Processing file /home/airflow/.local/lib/python3.8/site-packages/airflow/example_dags/example_branch_python_dop_operator_3.py for tasks to queue
[2023-11-22T19:32:37.153+0000] {logging_mixin.py:154} INFO - [2023-11-22T19:32:37.152+0000] {dagbag.py:536} INFO - Filling up the DagBag from /home/airflow/.local/lib/python3.8/site-packages/airflow/example_dags/example_branch_python_dop_operator_3.py
[2023-11-22T19:32:37.165+0000] {processor.py:839} INFO - DAG(s) dict_keys(['example_branch_dop_operator_v3']) retrieved from /home/airflow/.local/lib/python3.8/site-packages/airflow/example_dags/example_branch_python_dop_operator_3.py
[2023-11-22T19:32:37.193+0000] {logging_mixin.py:154} INFO - [2023-11-22T19:32:37.193+0000] {dag.py:2941} INFO - Sync 1 DAGs
[2023-11-22T19:32:37.220+0000] {logging_mixin.py:154} INFO - [2023-11-22T19:32:37.220+0000] {dag.py:3722} INFO - Setting next_dagrun for example_branch_dop_operator_v3 to 2023-11-22T19:31:00+00:00, run_after=2023-11-22T19:32:00+00:00
[2023-11-22T19:32:37.239+0000] {processor.py:179} INFO - Processing /home/airflow/.local/lib/python3.8/site-packages/airflow/example_dags/example_branch_python_dop_operator_3.py took 0.093 seconds
[2023-11-22T19:33:08.131+0000] {processor.py:157} INFO - Started process (PID=1640) to work on /home/airflow/.local/lib/python3.8/site-packages/airflow/example_dags/example_branch_python_dop_operator_3.py
[2023-11-22T19:33:08.132+0000] {processor.py:829} INFO - Processing file /home/airflow/.local/lib/python3.8/site-packages/airflow/example_dags/example_branch_python_dop_operator_3.py for tasks to queue
[2023-11-22T19:33:08.132+0000] {logging_mixin.py:154} INFO - [2023-11-22T19:33:08.132+0000] {dagbag.py:536} INFO - Filling up the DagBag from /home/airflow/.local/lib/python3.8/site-packages/airflow/example_dags/example_branch_python_dop_operator_3.py
[2023-11-22T19:33:08.140+0000] {processor.py:839} INFO - DAG(s) dict_keys(['example_branch_dop_operator_v3']) retrieved from /home/airflow/.local/lib/python3.8/site-packages/airflow/example_dags/example_branch_python_dop_operator_3.py
[2023-11-22T19:33:08.161+0000] {logging_mixin.py:154} INFO - [2023-11-22T19:33:08.160+0000] {dag.py:2941} INFO - Sync 1 DAGs
[2023-11-22T19:33:08.180+0000] {logging_mixin.py:154} INFO - [2023-11-22T19:33:08.180+0000] {dag.py:3722} INFO - Setting next_dagrun for example_branch_dop_operator_v3 to 2023-11-22T19:32:00+00:00, run_after=2023-11-22T19:33:00+00:00
[2023-11-22T19:33:08.194+0000] {processor.py:179} INFO - Processing /home/airflow/.local/lib/python3.8/site-packages/airflow/example_dags/example_branch_python_dop_operator_3.py took 0.066 seconds
[2023-11-22T19:33:38.524+0000] {processor.py:157} INFO - Started process (PID=1878) to work on /home/airflow/.local/lib/python3.8/site-packages/airflow/example_dags/example_branch_python_dop_operator_3.py
[2023-11-22T19:33:38.525+0000] {processor.py:829} INFO - Processing file /home/airflow/.local/lib/python3.8/site-packages/airflow/example_dags/example_branch_python_dop_operator_3.py for tasks to queue
[2023-11-22T19:33:38.526+0000] {logging_mixin.py:154} INFO - [2023-11-22T19:33:38.525+0000] {dagbag.py:536} INFO - Filling up the DagBag from /home/airflow/.local/lib/python3.8/site-packages/airflow/example_dags/example_branch_python_dop_operator_3.py
[2023-11-22T19:33:38.534+0000] {processor.py:839} INFO - DAG(s) dict_keys(['example_branch_dop_operator_v3']) retrieved from /home/airflow/.local/lib/python3.8/site-packages/airflow/example_dags/example_branch_python_dop_operator_3.py
[2023-11-22T19:33:38.556+0000] {logging_mixin.py:154} INFO - [2023-11-22T19:33:38.556+0000] {dag.py:2941} INFO - Sync 1 DAGs
[2023-11-22T19:33:38.576+0000] {logging_mixin.py:154} INFO - [2023-11-22T19:33:38.576+0000] {dag.py:3722} INFO - Setting next_dagrun for example_branch_dop_operator_v3 to 2023-11-22T19:32:00+00:00, run_after=2023-11-22T19:33:00+00:00
[2023-11-22T19:33:38.595+0000] {processor.py:179} INFO - Processing /home/airflow/.local/lib/python3.8/site-packages/airflow/example_dags/example_branch_python_dop_operator_3.py took 0.074 seconds
[2023-11-22T19:34:09.222+0000] {processor.py:157} INFO - Started process (PID=2116) to work on /home/airflow/.local/lib/python3.8/site-packages/airflow/example_dags/example_branch_python_dop_operator_3.py
[2023-11-22T19:34:09.223+0000] {processor.py:829} INFO - Processing file /home/airflow/.local/lib/python3.8/site-packages/airflow/example_dags/example_branch_python_dop_operator_3.py for tasks to queue
[2023-11-22T19:34:09.223+0000] {logging_mixin.py:154} INFO - [2023-11-22T19:34:09.223+0000] {dagbag.py:536} INFO - Filling up the DagBag from /home/airflow/.local/lib/python3.8/site-packages/airflow/example_dags/example_branch_python_dop_operator_3.py
[2023-11-22T19:34:09.231+0000] {processor.py:839} INFO - DAG(s) dict_keys(['example_branch_dop_operator_v3']) retrieved from /home/airflow/.local/lib/python3.8/site-packages/airflow/example_dags/example_branch_python_dop_operator_3.py
[2023-11-22T19:34:09.257+0000] {logging_mixin.py:154} INFO - [2023-11-22T19:34:09.257+0000] {dag.py:2941} INFO - Sync 1 DAGs
[2023-11-22T19:34:09.278+0000] {logging_mixin.py:154} INFO - [2023-11-22T19:34:09.278+0000] {dag.py:3722} INFO - Setting next_dagrun for example_branch_dop_operator_v3 to 2023-11-22T19:33:00+00:00, run_after=2023-11-22T19:34:00+00:00
[2023-11-22T19:34:09.293+0000] {processor.py:179} INFO - Processing /home/airflow/.local/lib/python3.8/site-packages/airflow/example_dags/example_branch_python_dop_operator_3.py took 0.074 seconds
[2023-11-22T19:34:39.765+0000] {processor.py:157} INFO - Started process (PID=2356) to work on /home/airflow/.local/lib/python3.8/site-packages/airflow/example_dags/example_branch_python_dop_operator_3.py
[2023-11-22T19:34:39.766+0000] {processor.py:829} INFO - Processing file /home/airflow/.local/lib/python3.8/site-packages/airflow/example_dags/example_branch_python_dop_operator_3.py for tasks to queue
[2023-11-22T19:34:39.766+0000] {logging_mixin.py:154} INFO - [2023-11-22T19:34:39.766+0000] {dagbag.py:536} INFO - Filling up the DagBag from /home/airflow/.local/lib/python3.8/site-packages/airflow/example_dags/example_branch_python_dop_operator_3.py
[2023-11-22T19:34:39.774+0000] {processor.py:839} INFO - DAG(s) dict_keys(['example_branch_dop_operator_v3']) retrieved from /home/airflow/.local/lib/python3.8/site-packages/airflow/example_dags/example_branch_python_dop_operator_3.py
[2023-11-22T19:34:39.795+0000] {logging_mixin.py:154} INFO - [2023-11-22T19:34:39.795+0000] {dag.py:2941} INFO - Sync 1 DAGs
[2023-11-22T19:34:39.816+0000] {logging_mixin.py:154} INFO - [2023-11-22T19:34:39.816+0000] {dag.py:3722} INFO - Setting next_dagrun for example_branch_dop_operator_v3 to 2023-11-22T19:33:00+00:00, run_after=2023-11-22T19:34:00+00:00
[2023-11-22T19:34:39.829+0000] {processor.py:179} INFO - Processing /home/airflow/.local/lib/python3.8/site-packages/airflow/example_dags/example_branch_python_dop_operator_3.py took 0.067 seconds
[2023-11-22T19:35:10.094+0000] {processor.py:157} INFO - Started process (PID=2594) to work on /home/airflow/.local/lib/python3.8/site-packages/airflow/example_dags/example_branch_python_dop_operator_3.py
[2023-11-22T19:35:10.095+0000] {processor.py:829} INFO - Processing file /home/airflow/.local/lib/python3.8/site-packages/airflow/example_dags/example_branch_python_dop_operator_3.py for tasks to queue
[2023-11-22T19:35:10.096+0000] {logging_mixin.py:154} INFO - [2023-11-22T19:35:10.096+0000] {dagbag.py:536} INFO - Filling up the DagBag from /home/airflow/.local/lib/python3.8/site-packages/airflow/example_dags/example_branch_python_dop_operator_3.py
[2023-11-22T19:35:10.104+0000] {processor.py:839} INFO - DAG(s) dict_keys(['example_branch_dop_operator_v3']) retrieved from /home/airflow/.local/lib/python3.8/site-packages/airflow/example_dags/example_branch_python_dop_operator_3.py
[2023-11-22T19:35:10.125+0000] {logging_mixin.py:154} INFO - [2023-11-22T19:35:10.125+0000] {dag.py:2941} INFO - Sync 1 DAGs
[2023-11-22T19:35:10.146+0000] {logging_mixin.py:154} INFO - [2023-11-22T19:35:10.146+0000] {dag.py:3722} INFO - Setting next_dagrun for example_branch_dop_operator_v3 to 2023-11-22T19:34:00+00:00, run_after=2023-11-22T19:35:00+00:00
[2023-11-22T19:35:10.158+0000] {processor.py:179} INFO - Processing /home/airflow/.local/lib/python3.8/site-packages/airflow/example_dags/example_branch_python_dop_operator_3.py took 0.067 seconds
[2023-11-22T19:35:40.500+0000] {processor.py:157} INFO - Started process (PID=2830) to work on /home/airflow/.local/lib/python3.8/site-packages/airflow/example_dags/example_branch_python_dop_operator_3.py
[2023-11-22T19:35:40.501+0000] {processor.py:829} INFO - Processing file /home/airflow/.local/lib/python3.8/site-packages/airflow/example_dags/example_branch_python_dop_operator_3.py for tasks to queue
[2023-11-22T19:35:40.502+0000] {logging_mixin.py:154} INFO - [2023-11-22T19:35:40.501+0000] {dagbag.py:536} INFO - Filling up the DagBag from /home/airflow/.local/lib/python3.8/site-packages/airflow/example_dags/example_branch_python_dop_operator_3.py
[2023-11-22T19:35:40.509+0000] {processor.py:839} INFO - DAG(s) dict_keys(['example_branch_dop_operator_v3']) retrieved from /home/airflow/.local/lib/python3.8/site-packages/airflow/example_dags/example_branch_python_dop_operator_3.py
[2023-11-22T19:35:40.530+0000] {logging_mixin.py:154} INFO - [2023-11-22T19:35:40.530+0000] {dag.py:2941} INFO - Sync 1 DAGs
[2023-11-22T19:35:40.550+0000] {logging_mixin.py:154} INFO - [2023-11-22T19:35:40.550+0000] {dag.py:3722} INFO - Setting next_dagrun for example_branch_dop_operator_v3 to 2023-11-22T19:34:00+00:00, run_after=2023-11-22T19:35:00+00:00
[2023-11-22T19:35:40.563+0000] {processor.py:179} INFO - Processing /home/airflow/.local/lib/python3.8/site-packages/airflow/example_dags/example_branch_python_dop_operator_3.py took 0.066 seconds
[2023-11-22T19:36:10.962+0000] {processor.py:157} INFO - Started process (PID=3070) to work on /home/airflow/.local/lib/python3.8/site-packages/airflow/example_dags/example_branch_python_dop_operator_3.py
[2023-11-22T19:36:10.963+0000] {processor.py:829} INFO - Processing file /home/airflow/.local/lib/python3.8/site-packages/airflow/example_dags/example_branch_python_dop_operator_3.py for tasks to queue
[2023-11-22T19:36:10.964+0000] {logging_mixin.py:154} INFO - [2023-11-22T19:36:10.963+0000] {dagbag.py:536} INFO - Filling up the DagBag from /home/airflow/.local/lib/python3.8/site-packages/airflow/example_dags/example_branch_python_dop_operator_3.py
[2023-11-22T19:36:10.971+0000] {processor.py:839} INFO - DAG(s) dict_keys(['example_branch_dop_operator_v3']) retrieved from /home/airflow/.local/lib/python3.8/site-packages/airflow/example_dags/example_branch_python_dop_operator_3.py
[2023-11-22T19:36:10.992+0000] {logging_mixin.py:154} INFO - [2023-11-22T19:36:10.992+0000] {dag.py:2941} INFO - Sync 1 DAGs
[2023-11-22T19:36:11.012+0000] {logging_mixin.py:154} INFO - [2023-11-22T19:36:11.012+0000] {dag.py:3722} INFO - Setting next_dagrun for example_branch_dop_operator_v3 to 2023-11-22T19:35:00+00:00, run_after=2023-11-22T19:36:00+00:00
[2023-11-22T19:36:11.026+0000] {processor.py:179} INFO - Processing /home/airflow/.local/lib/python3.8/site-packages/airflow/example_dags/example_branch_python_dop_operator_3.py took 0.067 seconds
[2023-11-22T19:36:41.442+0000] {processor.py:157} INFO - Started process (PID=3308) to work on /home/airflow/.local/lib/python3.8/site-packages/airflow/example_dags/example_branch_python_dop_operator_3.py
[2023-11-22T19:36:41.443+0000] {processor.py:829} INFO - Processing file /home/airflow/.local/lib/python3.8/site-packages/airflow/example_dags/example_branch_python_dop_operator_3.py for tasks to queue
[2023-11-22T19:36:41.443+0000] {logging_mixin.py:154} INFO - [2023-11-22T19:36:41.443+0000] {dagbag.py:536} INFO - Filling up the DagBag from /home/airflow/.local/lib/python3.8/site-packages/airflow/example_dags/example_branch_python_dop_operator_3.py
[2023-11-22T19:36:41.451+0000] {processor.py:839} INFO - DAG(s) dict_keys(['example_branch_dop_operator_v3']) retrieved from /home/airflow/.local/lib/python3.8/site-packages/airflow/example_dags/example_branch_python_dop_operator_3.py
[2023-11-22T19:36:41.472+0000] {logging_mixin.py:154} INFO - [2023-11-22T19:36:41.472+0000] {dag.py:2941} INFO - Sync 1 DAGs
[2023-11-22T19:36:41.493+0000] {logging_mixin.py:154} INFO - [2023-11-22T19:36:41.493+0000] {dag.py:3722} INFO - Setting next_dagrun for example_branch_dop_operator_v3 to 2023-11-22T19:35:00+00:00, run_after=2023-11-22T19:36:00+00:00
[2023-11-22T19:36:41.507+0000] {processor.py:179} INFO - Processing /home/airflow/.local/lib/python3.8/site-packages/airflow/example_dags/example_branch_python_dop_operator_3.py took 0.068 seconds
[2023-11-22T19:37:11.635+0000] {processor.py:157} INFO - Started process (PID=3546) to work on /home/airflow/.local/lib/python3.8/site-packages/airflow/example_dags/example_branch_python_dop_operator_3.py
[2023-11-22T19:37:11.636+0000] {processor.py:829} INFO - Processing file /home/airflow/.local/lib/python3.8/site-packages/airflow/example_dags/example_branch_python_dop_operator_3.py for tasks to queue
[2023-11-22T19:37:11.637+0000] {logging_mixin.py:154} INFO - [2023-11-22T19:37:11.637+0000] {dagbag.py:536} INFO - Filling up the DagBag from /home/airflow/.local/lib/python3.8/site-packages/airflow/example_dags/example_branch_python_dop_operator_3.py
[2023-11-22T19:37:11.645+0000] {processor.py:839} INFO - DAG(s) dict_keys(['example_branch_dop_operator_v3']) retrieved from /home/airflow/.local/lib/python3.8/site-packages/airflow/example_dags/example_branch_python_dop_operator_3.py
[2023-11-22T19:37:11.666+0000] {logging_mixin.py:154} INFO - [2023-11-22T19:37:11.666+0000] {dag.py:2941} INFO - Sync 1 DAGs
[2023-11-22T19:37:11.687+0000] {logging_mixin.py:154} INFO - [2023-11-22T19:37:11.687+0000] {dag.py:3722} INFO - Setting next_dagrun for example_branch_dop_operator_v3 to 2023-11-22T19:36:00+00:00, run_after=2023-11-22T19:37:00+00:00
[2023-11-22T19:37:11.700+0000] {processor.py:179} INFO - Processing /home/airflow/.local/lib/python3.8/site-packages/airflow/example_dags/example_branch_python_dop_operator_3.py took 0.068 seconds
[2023-11-22T19:37:41.791+0000] {processor.py:157} INFO - Started process (PID=3782) to work on /home/airflow/.local/lib/python3.8/site-packages/airflow/example_dags/example_branch_python_dop_operator_3.py
[2023-11-22T19:37:41.792+0000] {processor.py:829} INFO - Processing file /home/airflow/.local/lib/python3.8/site-packages/airflow/example_dags/example_branch_python_dop_operator_3.py for tasks to queue
[2023-11-22T19:37:41.793+0000] {logging_mixin.py:154} INFO - [2023-11-22T19:37:41.793+0000] {dagbag.py:536} INFO - Filling up the DagBag from /home/airflow/.local/lib/python3.8/site-packages/airflow/example_dags/example_branch_python_dop_operator_3.py
[2023-11-22T19:37:41.800+0000] {processor.py:839} INFO - DAG(s) dict_keys(['example_branch_dop_operator_v3']) retrieved from /home/airflow/.local/lib/python3.8/site-packages/airflow/example_dags/example_branch_python_dop_operator_3.py
[2023-11-22T19:37:41.821+0000] {logging_mixin.py:154} INFO - [2023-11-22T19:37:41.821+0000] {dag.py:2941} INFO - Sync 1 DAGs
[2023-11-22T19:37:41.841+0000] {logging_mixin.py:154} INFO - [2023-11-22T19:37:41.841+0000] {dag.py:3722} INFO - Setting next_dagrun for example_branch_dop_operator_v3 to 2023-11-22T19:36:00+00:00, run_after=2023-11-22T19:37:00+00:00
[2023-11-22T19:37:41.855+0000] {processor.py:179} INFO - Processing /home/airflow/.local/lib/python3.8/site-packages/airflow/example_dags/example_branch_python_dop_operator_3.py took 0.066 seconds
[2023-11-22T19:38:12.046+0000] {processor.py:157} INFO - Started process (PID=4020) to work on /home/airflow/.local/lib/python3.8/site-packages/airflow/example_dags/example_branch_python_dop_operator_3.py
[2023-11-22T19:38:12.047+0000] {processor.py:829} INFO - Processing file /home/airflow/.local/lib/python3.8/site-packages/airflow/example_dags/example_branch_python_dop_operator_3.py for tasks to queue
[2023-11-22T19:38:12.047+0000] {logging_mixin.py:154} INFO - [2023-11-22T19:38:12.047+0000] {dagbag.py:536} INFO - Filling up the DagBag from /home/airflow/.local/lib/python3.8/site-packages/airflow/example_dags/example_branch_python_dop_operator_3.py
[2023-11-22T19:38:12.055+0000] {processor.py:839} INFO - DAG(s) dict_keys(['example_branch_dop_operator_v3']) retrieved from /home/airflow/.local/lib/python3.8/site-packages/airflow/example_dags/example_branch_python_dop_operator_3.py
[2023-11-22T19:38:12.075+0000] {logging_mixin.py:154} INFO - [2023-11-22T19:38:12.075+0000] {dag.py:2941} INFO - Sync 1 DAGs
[2023-11-22T19:38:12.096+0000] {logging_mixin.py:154} INFO - [2023-11-22T19:38:12.095+0000] {dag.py:3722} INFO - Setting next_dagrun for example_branch_dop_operator_v3 to 2023-11-22T19:37:00+00:00, run_after=2023-11-22T19:38:00+00:00
[2023-11-22T19:38:12.108+0000] {processor.py:179} INFO - Processing /home/airflow/.local/lib/python3.8/site-packages/airflow/example_dags/example_branch_python_dop_operator_3.py took 0.066 seconds
[2023-11-22T19:38:42.458+0000] {processor.py:157} INFO - Started process (PID=4257) to work on /home/airflow/.local/lib/python3.8/site-packages/airflow/example_dags/example_branch_python_dop_operator_3.py
[2023-11-22T19:38:42.459+0000] {processor.py:829} INFO - Processing file /home/airflow/.local/lib/python3.8/site-packages/airflow/example_dags/example_branch_python_dop_operator_3.py for tasks to queue
[2023-11-22T19:38:42.460+0000] {logging_mixin.py:154} INFO - [2023-11-22T19:38:42.460+0000] {dagbag.py:536} INFO - Filling up the DagBag from /home/airflow/.local/lib/python3.8/site-packages/airflow/example_dags/example_branch_python_dop_operator_3.py
[2023-11-22T19:38:42.468+0000] {processor.py:839} INFO - DAG(s) dict_keys(['example_branch_dop_operator_v3']) retrieved from /home/airflow/.local/lib/python3.8/site-packages/airflow/example_dags/example_branch_python_dop_operator_3.py
[2023-11-22T19:38:42.491+0000] {logging_mixin.py:154} INFO - [2023-11-22T19:38:42.491+0000] {dag.py:2941} INFO - Sync 1 DAGs
[2023-11-22T19:38:42.513+0000] {logging_mixin.py:154} INFO - [2023-11-22T19:38:42.513+0000] {dag.py:3722} INFO - Setting next_dagrun for example_branch_dop_operator_v3 to 2023-11-22T19:37:00+00:00, run_after=2023-11-22T19:38:00+00:00
[2023-11-22T19:38:42.526+0000] {processor.py:179} INFO - Processing /home/airflow/.local/lib/python3.8/site-packages/airflow/example_dags/example_branch_python_dop_operator_3.py took 0.071 seconds
[2023-11-22T19:39:13.089+0000] {processor.py:157} INFO - Started process (PID=4495) to work on /home/airflow/.local/lib/python3.8/site-packages/airflow/example_dags/example_branch_python_dop_operator_3.py
[2023-11-22T19:39:13.090+0000] {processor.py:829} INFO - Processing file /home/airflow/.local/lib/python3.8/site-packages/airflow/example_dags/example_branch_python_dop_operator_3.py for tasks to queue
[2023-11-22T19:39:13.091+0000] {logging_mixin.py:154} INFO - [2023-11-22T19:39:13.090+0000] {dagbag.py:536} INFO - Filling up the DagBag from /home/airflow/.local/lib/python3.8/site-packages/airflow/example_dags/example_branch_python_dop_operator_3.py
[2023-11-22T19:39:13.098+0000] {processor.py:839} INFO - DAG(s) dict_keys(['example_branch_dop_operator_v3']) retrieved from /home/airflow/.local/lib/python3.8/site-packages/airflow/example_dags/example_branch_python_dop_operator_3.py
[2023-11-22T19:39:13.118+0000] {logging_mixin.py:154} INFO - [2023-11-22T19:39:13.118+0000] {dag.py:2941} INFO - Sync 1 DAGs
[2023-11-22T19:39:13.138+0000] {logging_mixin.py:154} INFO - [2023-11-22T19:39:13.138+0000] {dag.py:3722} INFO - Setting next_dagrun for example_branch_dop_operator_v3 to 2023-11-22T19:38:00+00:00, run_after=2023-11-22T19:39:00+00:00
[2023-11-22T19:39:13.151+0000] {processor.py:179} INFO - Processing /home/airflow/.local/lib/python3.8/site-packages/airflow/example_dags/example_branch_python_dop_operator_3.py took 0.065 seconds
[2023-11-22T19:39:43.497+0000] {processor.py:157} INFO - Started process (PID=4733) to work on /home/airflow/.local/lib/python3.8/site-packages/airflow/example_dags/example_branch_python_dop_operator_3.py
[2023-11-22T19:39:43.497+0000] {processor.py:829} INFO - Processing file /home/airflow/.local/lib/python3.8/site-packages/airflow/example_dags/example_branch_python_dop_operator_3.py for tasks to queue
[2023-11-22T19:39:43.498+0000] {logging_mixin.py:154} INFO - [2023-11-22T19:39:43.498+0000] {dagbag.py:536} INFO - Filling up the DagBag from /home/airflow/.local/lib/python3.8/site-packages/airflow/example_dags/example_branch_python_dop_operator_3.py
[2023-11-22T19:39:43.505+0000] {processor.py:839} INFO - DAG(s) dict_keys(['example_branch_dop_operator_v3']) retrieved from /home/airflow/.local/lib/python3.8/site-packages/airflow/example_dags/example_branch_python_dop_operator_3.py
[2023-11-22T19:39:43.526+0000] {logging_mixin.py:154} INFO - [2023-11-22T19:39:43.526+0000] {dag.py:2941} INFO - Sync 1 DAGs
[2023-11-22T19:39:43.546+0000] {logging_mixin.py:154} INFO - [2023-11-22T19:39:43.546+0000] {dag.py:3722} INFO - Setting next_dagrun for example_branch_dop_operator_v3 to 2023-11-22T19:38:00+00:00, run_after=2023-11-22T19:39:00+00:00
[2023-11-22T19:39:43.558+0000] {processor.py:179} INFO - Processing /home/airflow/.local/lib/python3.8/site-packages/airflow/example_dags/example_branch_python_dop_operator_3.py took 0.065 seconds
[2023-11-22T19:40:14.023+0000] {processor.py:157} INFO - Started process (PID=4973) to work on /home/airflow/.local/lib/python3.8/site-packages/airflow/example_dags/example_branch_python_dop_operator_3.py
[2023-11-22T19:40:14.024+0000] {processor.py:829} INFO - Processing file /home/airflow/.local/lib/python3.8/site-packages/airflow/example_dags/example_branch_python_dop_operator_3.py for tasks to queue
[2023-11-22T19:40:14.025+0000] {logging_mixin.py:154} INFO - [2023-11-22T19:40:14.025+0000] {dagbag.py:536} INFO - Filling up the DagBag from /home/airflow/.local/lib/python3.8/site-packages/airflow/example_dags/example_branch_python_dop_operator_3.py
[2023-11-22T19:40:14.032+0000] {processor.py:839} INFO - DAG(s) dict_keys(['example_branch_dop_operator_v3']) retrieved from /home/airflow/.local/lib/python3.8/site-packages/airflow/example_dags/example_branch_python_dop_operator_3.py
[2023-11-22T19:40:14.054+0000] {logging_mixin.py:154} INFO - [2023-11-22T19:40:14.053+0000] {dag.py:2941} INFO - Sync 1 DAGs
[2023-11-22T19:40:14.073+0000] {logging_mixin.py:154} INFO - [2023-11-22T19:40:14.073+0000] {dag.py:3722} INFO - Setting next_dagrun for example_branch_dop_operator_v3 to 2023-11-22T19:39:00+00:00, run_after=2023-11-22T19:40:00+00:00
[2023-11-22T19:40:14.085+0000] {processor.py:179} INFO - Processing /home/airflow/.local/lib/python3.8/site-packages/airflow/example_dags/example_branch_python_dop_operator_3.py took 0.065 seconds
[2023-11-22T19:40:44.520+0000] {processor.py:157} INFO - Started process (PID=5209) to work on /home/airflow/.local/lib/python3.8/site-packages/airflow/example_dags/example_branch_python_dop_operator_3.py
[2023-11-22T19:40:44.521+0000] {processor.py:829} INFO - Processing file /home/airflow/.local/lib/python3.8/site-packages/airflow/example_dags/example_branch_python_dop_operator_3.py for tasks to queue
[2023-11-22T19:40:44.522+0000] {logging_mixin.py:154} INFO - [2023-11-22T19:40:44.522+0000] {dagbag.py:536} INFO - Filling up the DagBag from /home/airflow/.local/lib/python3.8/site-packages/airflow/example_dags/example_branch_python_dop_operator_3.py
[2023-11-22T19:40:44.530+0000] {processor.py:839} INFO - DAG(s) dict_keys(['example_branch_dop_operator_v3']) retrieved from /home/airflow/.local/lib/python3.8/site-packages/airflow/example_dags/example_branch_python_dop_operator_3.py
[2023-11-22T19:40:44.564+0000] {logging_mixin.py:154} INFO - [2023-11-22T19:40:44.564+0000] {dag.py:2941} INFO - Sync 1 DAGs
[2023-11-22T19:40:44.593+0000] {logging_mixin.py:154} INFO - [2023-11-22T19:40:44.593+0000] {dag.py:3722} INFO - Setting next_dagrun for example_branch_dop_operator_v3 to 2023-11-22T19:39:00+00:00, run_after=2023-11-22T19:40:00+00:00
[2023-11-22T19:40:44.613+0000] {processor.py:179} INFO - Processing /home/airflow/.local/lib/python3.8/site-packages/airflow/example_dags/example_branch_python_dop_operator_3.py took 0.096 seconds
[2023-11-22T19:41:15.147+0000] {processor.py:157} INFO - Started process (PID=5447) to work on /home/airflow/.local/lib/python3.8/site-packages/airflow/example_dags/example_branch_python_dop_operator_3.py
[2023-11-22T19:41:15.148+0000] {processor.py:829} INFO - Processing file /home/airflow/.local/lib/python3.8/site-packages/airflow/example_dags/example_branch_python_dop_operator_3.py for tasks to queue
[2023-11-22T19:41:15.149+0000] {logging_mixin.py:154} INFO - [2023-11-22T19:41:15.149+0000] {dagbag.py:536} INFO - Filling up the DagBag from /home/airflow/.local/lib/python3.8/site-packages/airflow/example_dags/example_branch_python_dop_operator_3.py
[2023-11-22T19:41:15.156+0000] {processor.py:839} INFO - DAG(s) dict_keys(['example_branch_dop_operator_v3']) retrieved from /home/airflow/.local/lib/python3.8/site-packages/airflow/example_dags/example_branch_python_dop_operator_3.py
[2023-11-22T19:41:15.176+0000] {logging_mixin.py:154} INFO - [2023-11-22T19:41:15.176+0000] {dag.py:2941} INFO - Sync 1 DAGs
[2023-11-22T19:41:15.197+0000] {logging_mixin.py:154} INFO - [2023-11-22T19:41:15.196+0000] {dag.py:3722} INFO - Setting next_dagrun for example_branch_dop_operator_v3 to 2023-11-22T19:40:00+00:00, run_after=2023-11-22T19:41:00+00:00
[2023-11-22T19:41:15.209+0000] {processor.py:179} INFO - Processing /home/airflow/.local/lib/python3.8/site-packages/airflow/example_dags/example_branch_python_dop_operator_3.py took 0.065 seconds
[2023-11-22T19:41:45.635+0000] {processor.py:157} INFO - Started process (PID=5685) to work on /home/airflow/.local/lib/python3.8/site-packages/airflow/example_dags/example_branch_python_dop_operator_3.py
[2023-11-22T19:41:45.635+0000] {processor.py:829} INFO - Processing file /home/airflow/.local/lib/python3.8/site-packages/airflow/example_dags/example_branch_python_dop_operator_3.py for tasks to queue
[2023-11-22T19:41:45.636+0000] {logging_mixin.py:154} INFO - [2023-11-22T19:41:45.636+0000] {dagbag.py:536} INFO - Filling up the DagBag from /home/airflow/.local/lib/python3.8/site-packages/airflow/example_dags/example_branch_python_dop_operator_3.py
[2023-11-22T19:41:45.643+0000] {processor.py:839} INFO - DAG(s) dict_keys(['example_branch_dop_operator_v3']) retrieved from /home/airflow/.local/lib/python3.8/site-packages/airflow/example_dags/example_branch_python_dop_operator_3.py
[2023-11-22T19:41:45.664+0000] {logging_mixin.py:154} INFO - [2023-11-22T19:41:45.664+0000] {dag.py:2941} INFO - Sync 1 DAGs
[2023-11-22T19:41:45.683+0000] {logging_mixin.py:154} INFO - [2023-11-22T19:41:45.683+0000] {dag.py:3722} INFO - Setting next_dagrun for example_branch_dop_operator_v3 to 2023-11-22T19:40:00+00:00, run_after=2023-11-22T19:41:00+00:00
[2023-11-22T19:41:45.696+0000] {processor.py:179} INFO - Processing /home/airflow/.local/lib/python3.8/site-packages/airflow/example_dags/example_branch_python_dop_operator_3.py took 0.064 seconds
[2023-11-22T19:42:16.077+0000] {processor.py:157} INFO - Started process (PID=5922) to work on /home/airflow/.local/lib/python3.8/site-packages/airflow/example_dags/example_branch_python_dop_operator_3.py
[2023-11-22T19:42:16.078+0000] {processor.py:829} INFO - Processing file /home/airflow/.local/lib/python3.8/site-packages/airflow/example_dags/example_branch_python_dop_operator_3.py for tasks to queue
[2023-11-22T19:42:16.079+0000] {logging_mixin.py:154} INFO - [2023-11-22T19:42:16.078+0000] {dagbag.py:536} INFO - Filling up the DagBag from /home/airflow/.local/lib/python3.8/site-packages/airflow/example_dags/example_branch_python_dop_operator_3.py
[2023-11-22T19:42:16.086+0000] {processor.py:839} INFO - DAG(s) dict_keys(['example_branch_dop_operator_v3']) retrieved from /home/airflow/.local/lib/python3.8/site-packages/airflow/example_dags/example_branch_python_dop_operator_3.py
[2023-11-22T19:42:16.106+0000] {logging_mixin.py:154} INFO - [2023-11-22T19:42:16.106+0000] {dag.py:2941} INFO - Sync 1 DAGs
[2023-11-22T19:42:16.126+0000] {logging_mixin.py:154} INFO - [2023-11-22T19:42:16.126+0000] {dag.py:3722} INFO - Setting next_dagrun for example_branch_dop_operator_v3 to 2023-11-22T19:41:00+00:00, run_after=2023-11-22T19:42:00+00:00
[2023-11-22T19:42:16.140+0000] {processor.py:179} INFO - Processing /home/airflow/.local/lib/python3.8/site-packages/airflow/example_dags/example_branch_python_dop_operator_3.py took 0.066 seconds
[2023-11-22T19:42:46.477+0000] {processor.py:157} INFO - Started process (PID=6160) to work on /home/airflow/.local/lib/python3.8/site-packages/airflow/example_dags/example_branch_python_dop_operator_3.py
[2023-11-22T19:42:46.477+0000] {processor.py:829} INFO - Processing file /home/airflow/.local/lib/python3.8/site-packages/airflow/example_dags/example_branch_python_dop_operator_3.py for tasks to queue
[2023-11-22T19:42:46.478+0000] {logging_mixin.py:154} INFO - [2023-11-22T19:42:46.478+0000] {dagbag.py:536} INFO - Filling up the DagBag from /home/airflow/.local/lib/python3.8/site-packages/airflow/example_dags/example_branch_python_dop_operator_3.py
[2023-11-22T19:42:46.486+0000] {processor.py:839} INFO - DAG(s) dict_keys(['example_branch_dop_operator_v3']) retrieved from /home/airflow/.local/lib/python3.8/site-packages/airflow/example_dags/example_branch_python_dop_operator_3.py
[2023-11-22T19:42:46.506+0000] {logging_mixin.py:154} INFO - [2023-11-22T19:42:46.506+0000] {dag.py:2941} INFO - Sync 1 DAGs
[2023-11-22T19:42:46.526+0000] {logging_mixin.py:154} INFO - [2023-11-22T19:42:46.526+0000] {dag.py:3722} INFO - Setting next_dagrun for example_branch_dop_operator_v3 to 2023-11-22T19:41:00+00:00, run_after=2023-11-22T19:42:00+00:00
[2023-11-22T19:42:46.539+0000] {processor.py:179} INFO - Processing /home/airflow/.local/lib/python3.8/site-packages/airflow/example_dags/example_branch_python_dop_operator_3.py took 0.066 seconds
[2023-11-22T19:43:16.885+0000] {processor.py:157} INFO - Started process (PID=6398) to work on /home/airflow/.local/lib/python3.8/site-packages/airflow/example_dags/example_branch_python_dop_operator_3.py
[2023-11-22T19:43:16.886+0000] {processor.py:829} INFO - Processing file /home/airflow/.local/lib/python3.8/site-packages/airflow/example_dags/example_branch_python_dop_operator_3.py for tasks to queue
[2023-11-22T19:43:16.887+0000] {logging_mixin.py:154} INFO - [2023-11-22T19:43:16.886+0000] {dagbag.py:536} INFO - Filling up the DagBag from /home/airflow/.local/lib/python3.8/site-packages/airflow/example_dags/example_branch_python_dop_operator_3.py
[2023-11-22T19:43:16.894+0000] {processor.py:839} INFO - DAG(s) dict_keys(['example_branch_dop_operator_v3']) retrieved from /home/airflow/.local/lib/python3.8/site-packages/airflow/example_dags/example_branch_python_dop_operator_3.py
[2023-11-22T19:43:16.914+0000] {logging_mixin.py:154} INFO - [2023-11-22T19:43:16.914+0000] {dag.py:2941} INFO - Sync 1 DAGs
[2023-11-22T19:43:16.934+0000] {logging_mixin.py:154} INFO - [2023-11-22T19:43:16.934+0000] {dag.py:3722} INFO - Setting next_dagrun for example_branch_dop_operator_v3 to 2023-11-22T19:42:00+00:00, run_after=2023-11-22T19:43:00+00:00
[2023-11-22T19:43:16.947+0000] {processor.py:179} INFO - Processing /home/airflow/.local/lib/python3.8/site-packages/airflow/example_dags/example_branch_python_dop_operator_3.py took 0.065 seconds
[2023-11-22T19:43:47.374+0000] {processor.py:157} INFO - Started process (PID=6636) to work on /home/airflow/.local/lib/python3.8/site-packages/airflow/example_dags/example_branch_python_dop_operator_3.py
[2023-11-22T19:43:47.375+0000] {processor.py:829} INFO - Processing file /home/airflow/.local/lib/python3.8/site-packages/airflow/example_dags/example_branch_python_dop_operator_3.py for tasks to queue
[2023-11-22T19:43:47.376+0000] {logging_mixin.py:154} INFO - [2023-11-22T19:43:47.376+0000] {dagbag.py:536} INFO - Filling up the DagBag from /home/airflow/.local/lib/python3.8/site-packages/airflow/example_dags/example_branch_python_dop_operator_3.py
[2023-11-22T19:43:47.385+0000] {processor.py:839} INFO - DAG(s) dict_keys(['example_branch_dop_operator_v3']) retrieved from /home/airflow/.local/lib/python3.8/site-packages/airflow/example_dags/example_branch_python_dop_operator_3.py
[2023-11-22T19:43:47.408+0000] {logging_mixin.py:154} INFO - [2023-11-22T19:43:47.408+0000] {dag.py:2941} INFO - Sync 1 DAGs
[2023-11-22T19:43:47.431+0000] {logging_mixin.py:154} INFO - [2023-11-22T19:43:47.431+0000] {dag.py:3722} INFO - Setting next_dagrun for example_branch_dop_operator_v3 to 2023-11-22T19:42:00+00:00, run_after=2023-11-22T19:43:00+00:00
[2023-11-22T19:43:47.446+0000] {processor.py:179} INFO - Processing /home/airflow/.local/lib/python3.8/site-packages/airflow/example_dags/example_branch_python_dop_operator_3.py took 0.076 seconds
[2023-11-22T19:44:17.859+0000] {processor.py:157} INFO - Started process (PID=6874) to work on /home/airflow/.local/lib/python3.8/site-packages/airflow/example_dags/example_branch_python_dop_operator_3.py
[2023-11-22T19:44:17.860+0000] {processor.py:829} INFO - Processing file /home/airflow/.local/lib/python3.8/site-packages/airflow/example_dags/example_branch_python_dop_operator_3.py for tasks to queue
[2023-11-22T19:44:17.861+0000] {logging_mixin.py:154} INFO - [2023-11-22T19:44:17.860+0000] {dagbag.py:536} INFO - Filling up the DagBag from /home/airflow/.local/lib/python3.8/site-packages/airflow/example_dags/example_branch_python_dop_operator_3.py
[2023-11-22T19:44:17.868+0000] {processor.py:839} INFO - DAG(s) dict_keys(['example_branch_dop_operator_v3']) retrieved from /home/airflow/.local/lib/python3.8/site-packages/airflow/example_dags/example_branch_python_dop_operator_3.py
[2023-11-22T19:44:17.888+0000] {logging_mixin.py:154} INFO - [2023-11-22T19:44:17.888+0000] {dag.py:2941} INFO - Sync 1 DAGs
[2023-11-22T19:44:17.908+0000] {logging_mixin.py:154} INFO - [2023-11-22T19:44:17.908+0000] {dag.py:3722} INFO - Setting next_dagrun for example_branch_dop_operator_v3 to 2023-11-22T19:43:00+00:00, run_after=2023-11-22T19:44:00+00:00
[2023-11-22T19:44:17.920+0000] {processor.py:179} INFO - Processing /home/airflow/.local/lib/python3.8/site-packages/airflow/example_dags/example_branch_python_dop_operator_3.py took 0.064 seconds
[2023-11-22T19:44:48.264+0000] {processor.py:157} INFO - Started process (PID=7112) to work on /home/airflow/.local/lib/python3.8/site-packages/airflow/example_dags/example_branch_python_dop_operator_3.py
[2023-11-22T19:44:48.268+0000] {processor.py:829} INFO - Processing file /home/airflow/.local/lib/python3.8/site-packages/airflow/example_dags/example_branch_python_dop_operator_3.py for tasks to queue
[2023-11-22T19:44:48.269+0000] {logging_mixin.py:154} INFO - [2023-11-22T19:44:48.268+0000] {dagbag.py:536} INFO - Filling up the DagBag from /home/airflow/.local/lib/python3.8/site-packages/airflow/example_dags/example_branch_python_dop_operator_3.py
[2023-11-22T19:44:48.278+0000] {processor.py:839} INFO - DAG(s) dict_keys(['example_branch_dop_operator_v3']) retrieved from /home/airflow/.local/lib/python3.8/site-packages/airflow/example_dags/example_branch_python_dop_operator_3.py
[2023-11-22T19:44:48.308+0000] {logging_mixin.py:154} INFO - [2023-11-22T19:44:48.308+0000] {dag.py:2941} INFO - Sync 1 DAGs
[2023-11-22T19:44:48.328+0000] {logging_mixin.py:154} INFO - [2023-11-22T19:44:48.328+0000] {dag.py:3722} INFO - Setting next_dagrun for example_branch_dop_operator_v3 to 2023-11-22T19:43:00+00:00, run_after=2023-11-22T19:44:00+00:00
[2023-11-22T19:44:48.341+0000] {processor.py:179} INFO - Processing /home/airflow/.local/lib/python3.8/site-packages/airflow/example_dags/example_branch_python_dop_operator_3.py took 0.080 seconds
[2023-11-22T19:45:18.731+0000] {processor.py:157} INFO - Started process (PID=7352) to work on /home/airflow/.local/lib/python3.8/site-packages/airflow/example_dags/example_branch_python_dop_operator_3.py
[2023-11-22T19:45:18.732+0000] {processor.py:829} INFO - Processing file /home/airflow/.local/lib/python3.8/site-packages/airflow/example_dags/example_branch_python_dop_operator_3.py for tasks to queue
[2023-11-22T19:45:18.732+0000] {logging_mixin.py:154} INFO - [2023-11-22T19:45:18.732+0000] {dagbag.py:536} INFO - Filling up the DagBag from /home/airflow/.local/lib/python3.8/site-packages/airflow/example_dags/example_branch_python_dop_operator_3.py
[2023-11-22T19:45:18.740+0000] {processor.py:839} INFO - DAG(s) dict_keys(['example_branch_dop_operator_v3']) retrieved from /home/airflow/.local/lib/python3.8/site-packages/airflow/example_dags/example_branch_python_dop_operator_3.py
[2023-11-22T19:45:18.761+0000] {logging_mixin.py:154} INFO - [2023-11-22T19:45:18.761+0000] {dag.py:2941} INFO - Sync 1 DAGs
[2023-11-22T19:45:18.782+0000] {logging_mixin.py:154} INFO - [2023-11-22T19:45:18.782+0000] {dag.py:3722} INFO - Setting next_dagrun for example_branch_dop_operator_v3 to 2023-11-22T19:44:00+00:00, run_after=2023-11-22T19:45:00+00:00
[2023-11-22T19:45:18.795+0000] {processor.py:179} INFO - Processing /home/airflow/.local/lib/python3.8/site-packages/airflow/example_dags/example_branch_python_dop_operator_3.py took 0.067 seconds
[2023-11-22T19:45:49.159+0000] {processor.py:157} INFO - Started process (PID=7590) to work on /home/airflow/.local/lib/python3.8/site-packages/airflow/example_dags/example_branch_python_dop_operator_3.py
[2023-11-22T19:45:49.160+0000] {processor.py:829} INFO - Processing file /home/airflow/.local/lib/python3.8/site-packages/airflow/example_dags/example_branch_python_dop_operator_3.py for tasks to queue
[2023-11-22T19:45:49.161+0000] {logging_mixin.py:154} INFO - [2023-11-22T19:45:49.160+0000] {dagbag.py:536} INFO - Filling up the DagBag from /home/airflow/.local/lib/python3.8/site-packages/airflow/example_dags/example_branch_python_dop_operator_3.py
[2023-11-22T19:45:49.168+0000] {processor.py:839} INFO - DAG(s) dict_keys(['example_branch_dop_operator_v3']) retrieved from /home/airflow/.local/lib/python3.8/site-packages/airflow/example_dags/example_branch_python_dop_operator_3.py
[2023-11-22T19:45:49.189+0000] {logging_mixin.py:154} INFO - [2023-11-22T19:45:49.188+0000] {dag.py:2941} INFO - Sync 1 DAGs
[2023-11-22T19:45:49.208+0000] {logging_mixin.py:154} INFO - [2023-11-22T19:45:49.208+0000] {dag.py:3722} INFO - Setting next_dagrun for example_branch_dop_operator_v3 to 2023-11-22T19:44:00+00:00, run_after=2023-11-22T19:45:00+00:00
[2023-11-22T19:45:49.220+0000] {processor.py:179} INFO - Processing /home/airflow/.local/lib/python3.8/site-packages/airflow/example_dags/example_branch_python_dop_operator_3.py took 0.064 seconds
[2023-11-22T19:46:19.667+0000] {processor.py:157} INFO - Started process (PID=7826) to work on /home/airflow/.local/lib/python3.8/site-packages/airflow/example_dags/example_branch_python_dop_operator_3.py
[2023-11-22T19:46:19.667+0000] {processor.py:829} INFO - Processing file /home/airflow/.local/lib/python3.8/site-packages/airflow/example_dags/example_branch_python_dop_operator_3.py for tasks to queue
[2023-11-22T19:46:19.668+0000] {logging_mixin.py:154} INFO - [2023-11-22T19:46:19.668+0000] {dagbag.py:536} INFO - Filling up the DagBag from /home/airflow/.local/lib/python3.8/site-packages/airflow/example_dags/example_branch_python_dop_operator_3.py
[2023-11-22T19:46:19.676+0000] {processor.py:839} INFO - DAG(s) dict_keys(['example_branch_dop_operator_v3']) retrieved from /home/airflow/.local/lib/python3.8/site-packages/airflow/example_dags/example_branch_python_dop_operator_3.py
[2023-11-22T19:46:19.697+0000] {logging_mixin.py:154} INFO - [2023-11-22T19:46:19.697+0000] {dag.py:2941} INFO - Sync 1 DAGs
[2023-11-22T19:46:19.717+0000] {logging_mixin.py:154} INFO - [2023-11-22T19:46:19.717+0000] {dag.py:3722} INFO - Setting next_dagrun for example_branch_dop_operator_v3 to 2023-11-22T19:45:00+00:00, run_after=2023-11-22T19:46:00+00:00
[2023-11-22T19:46:19.730+0000] {processor.py:179} INFO - Processing /home/airflow/.local/lib/python3.8/site-packages/airflow/example_dags/example_branch_python_dop_operator_3.py took 0.067 seconds
[2023-11-22T19:46:50.094+0000] {processor.py:157} INFO - Started process (PID=8066) to work on /home/airflow/.local/lib/python3.8/site-packages/airflow/example_dags/example_branch_python_dop_operator_3.py
[2023-11-22T19:46:50.095+0000] {processor.py:829} INFO - Processing file /home/airflow/.local/lib/python3.8/site-packages/airflow/example_dags/example_branch_python_dop_operator_3.py for tasks to queue
[2023-11-22T19:46:50.096+0000] {logging_mixin.py:154} INFO - [2023-11-22T19:46:50.096+0000] {dagbag.py:536} INFO - Filling up the DagBag from /home/airflow/.local/lib/python3.8/site-packages/airflow/example_dags/example_branch_python_dop_operator_3.py
[2023-11-22T19:46:50.103+0000] {processor.py:839} INFO - DAG(s) dict_keys(['example_branch_dop_operator_v3']) retrieved from /home/airflow/.local/lib/python3.8/site-packages/airflow/example_dags/example_branch_python_dop_operator_3.py
[2023-11-22T19:46:50.124+0000] {logging_mixin.py:154} INFO - [2023-11-22T19:46:50.124+0000] {dag.py:2941} INFO - Sync 1 DAGs
[2023-11-22T19:46:50.144+0000] {logging_mixin.py:154} INFO - [2023-11-22T19:46:50.144+0000] {dag.py:3722} INFO - Setting next_dagrun for example_branch_dop_operator_v3 to 2023-11-22T19:45:00+00:00, run_after=2023-11-22T19:46:00+00:00
[2023-11-22T19:46:50.156+0000] {processor.py:179} INFO - Processing /home/airflow/.local/lib/python3.8/site-packages/airflow/example_dags/example_branch_python_dop_operator_3.py took 0.065 seconds
[2023-11-22T19:47:20.527+0000] {processor.py:157} INFO - Started process (PID=8304) to work on /home/airflow/.local/lib/python3.8/site-packages/airflow/example_dags/example_branch_python_dop_operator_3.py
[2023-11-22T19:47:20.528+0000] {processor.py:829} INFO - Processing file /home/airflow/.local/lib/python3.8/site-packages/airflow/example_dags/example_branch_python_dop_operator_3.py for tasks to queue
[2023-11-22T19:47:20.530+0000] {logging_mixin.py:154} INFO - [2023-11-22T19:47:20.529+0000] {dagbag.py:536} INFO - Filling up the DagBag from /home/airflow/.local/lib/python3.8/site-packages/airflow/example_dags/example_branch_python_dop_operator_3.py
[2023-11-22T19:47:20.539+0000] {processor.py:839} INFO - DAG(s) dict_keys(['example_branch_dop_operator_v3']) retrieved from /home/airflow/.local/lib/python3.8/site-packages/airflow/example_dags/example_branch_python_dop_operator_3.py
[2023-11-22T19:47:20.562+0000] {logging_mixin.py:154} INFO - [2023-11-22T19:47:20.562+0000] {dag.py:2941} INFO - Sync 1 DAGs
[2023-11-22T19:47:20.584+0000] {logging_mixin.py:154} INFO - [2023-11-22T19:47:20.584+0000] {dag.py:3722} INFO - Setting next_dagrun for example_branch_dop_operator_v3 to 2023-11-22T19:46:00+00:00, run_after=2023-11-22T19:47:00+00:00
[2023-11-22T19:47:20.600+0000] {processor.py:179} INFO - Processing /home/airflow/.local/lib/python3.8/site-packages/airflow/example_dags/example_branch_python_dop_operator_3.py took 0.079 seconds
[2023-11-22T19:47:51.026+0000] {processor.py:157} INFO - Started process (PID=8545) to work on /home/airflow/.local/lib/python3.8/site-packages/airflow/example_dags/example_branch_python_dop_operator_3.py
[2023-11-22T19:47:51.028+0000] {processor.py:829} INFO - Processing file /home/airflow/.local/lib/python3.8/site-packages/airflow/example_dags/example_branch_python_dop_operator_3.py for tasks to queue
[2023-11-22T19:47:51.033+0000] {logging_mixin.py:154} INFO - [2023-11-22T19:47:51.033+0000] {dagbag.py:536} INFO - Filling up the DagBag from /home/airflow/.local/lib/python3.8/site-packages/airflow/example_dags/example_branch_python_dop_operator_3.py
[2023-11-22T19:47:51.042+0000] {processor.py:839} INFO - DAG(s) dict_keys(['example_branch_dop_operator_v3']) retrieved from /home/airflow/.local/lib/python3.8/site-packages/airflow/example_dags/example_branch_python_dop_operator_3.py
[2023-11-22T19:47:51.078+0000] {logging_mixin.py:154} INFO - [2023-11-22T19:47:51.077+0000] {dag.py:2941} INFO - Sync 1 DAGs
[2023-11-22T19:47:51.102+0000] {logging_mixin.py:154} INFO - [2023-11-22T19:47:51.102+0000] {dag.py:3722} INFO - Setting next_dagrun for example_branch_dop_operator_v3 to 2023-11-22T19:46:00+00:00, run_after=2023-11-22T19:47:00+00:00
[2023-11-22T19:47:51.118+0000] {processor.py:179} INFO - Processing /home/airflow/.local/lib/python3.8/site-packages/airflow/example_dags/example_branch_python_dop_operator_3.py took 0.100 seconds
[2023-11-22T19:48:21.204+0000] {processor.py:157} INFO - Started process (PID=8786) to work on /home/airflow/.local/lib/python3.8/site-packages/airflow/example_dags/example_branch_python_dop_operator_3.py
[2023-11-22T19:48:21.205+0000] {processor.py:829} INFO - Processing file /home/airflow/.local/lib/python3.8/site-packages/airflow/example_dags/example_branch_python_dop_operator_3.py for tasks to queue
[2023-11-22T19:48:21.206+0000] {logging_mixin.py:154} INFO - [2023-11-22T19:48:21.205+0000] {dagbag.py:536} INFO - Filling up the DagBag from /home/airflow/.local/lib/python3.8/site-packages/airflow/example_dags/example_branch_python_dop_operator_3.py
[2023-11-22T19:48:21.213+0000] {processor.py:839} INFO - DAG(s) dict_keys(['example_branch_dop_operator_v3']) retrieved from /home/airflow/.local/lib/python3.8/site-packages/airflow/example_dags/example_branch_python_dop_operator_3.py
[2023-11-22T19:48:21.234+0000] {logging_mixin.py:154} INFO - [2023-11-22T19:48:21.234+0000] {dag.py:2941} INFO - Sync 1 DAGs
[2023-11-22T19:48:21.253+0000] {logging_mixin.py:154} INFO - [2023-11-22T19:48:21.253+0000] {dag.py:3722} INFO - Setting next_dagrun for example_branch_dop_operator_v3 to 2023-11-22T19:47:00+00:00, run_after=2023-11-22T19:48:00+00:00
[2023-11-22T19:48:21.266+0000] {processor.py:179} INFO - Processing /home/airflow/.local/lib/python3.8/site-packages/airflow/example_dags/example_branch_python_dop_operator_3.py took 0.065 seconds
[2023-11-22T19:48:51.503+0000] {processor.py:157} INFO - Started process (PID=9024) to work on /home/airflow/.local/lib/python3.8/site-packages/airflow/example_dags/example_branch_python_dop_operator_3.py
[2023-11-22T19:48:51.504+0000] {processor.py:829} INFO - Processing file /home/airflow/.local/lib/python3.8/site-packages/airflow/example_dags/example_branch_python_dop_operator_3.py for tasks to queue
[2023-11-22T19:48:51.504+0000] {logging_mixin.py:154} INFO - [2023-11-22T19:48:51.504+0000] {dagbag.py:536} INFO - Filling up the DagBag from /home/airflow/.local/lib/python3.8/site-packages/airflow/example_dags/example_branch_python_dop_operator_3.py
[2023-11-22T19:48:51.512+0000] {processor.py:839} INFO - DAG(s) dict_keys(['example_branch_dop_operator_v3']) retrieved from /home/airflow/.local/lib/python3.8/site-packages/airflow/example_dags/example_branch_python_dop_operator_3.py
[2023-11-22T19:48:51.533+0000] {logging_mixin.py:154} INFO - [2023-11-22T19:48:51.533+0000] {dag.py:2941} INFO - Sync 1 DAGs
[2023-11-22T19:48:51.554+0000] {logging_mixin.py:154} INFO - [2023-11-22T19:48:51.553+0000] {dag.py:3722} INFO - Setting next_dagrun for example_branch_dop_operator_v3 to 2023-11-22T19:47:00+00:00, run_after=2023-11-22T19:48:00+00:00
[2023-11-22T19:48:51.565+0000] {processor.py:179} INFO - Processing /home/airflow/.local/lib/python3.8/site-packages/airflow/example_dags/example_branch_python_dop_operator_3.py took 0.066 seconds
[2023-11-22T19:49:22.039+0000] {processor.py:157} INFO - Started process (PID=9260) to work on /home/airflow/.local/lib/python3.8/site-packages/airflow/example_dags/example_branch_python_dop_operator_3.py
[2023-11-22T19:49:22.040+0000] {processor.py:829} INFO - Processing file /home/airflow/.local/lib/python3.8/site-packages/airflow/example_dags/example_branch_python_dop_operator_3.py for tasks to queue
[2023-11-22T19:49:22.041+0000] {logging_mixin.py:154} INFO - [2023-11-22T19:49:22.040+0000] {dagbag.py:536} INFO - Filling up the DagBag from /home/airflow/.local/lib/python3.8/site-packages/airflow/example_dags/example_branch_python_dop_operator_3.py
[2023-11-22T19:49:22.048+0000] {processor.py:839} INFO - DAG(s) dict_keys(['example_branch_dop_operator_v3']) retrieved from /home/airflow/.local/lib/python3.8/site-packages/airflow/example_dags/example_branch_python_dop_operator_3.py
[2023-11-22T19:49:22.069+0000] {logging_mixin.py:154} INFO - [2023-11-22T19:49:22.069+0000] {dag.py:2941} INFO - Sync 1 DAGs
[2023-11-22T19:49:22.201+0000] {logging_mixin.py:154} INFO - [2023-11-22T19:49:22.201+0000] {dag.py:3722} INFO - Setting next_dagrun for example_branch_dop_operator_v3 to 2023-11-22T19:48:00+00:00, run_after=2023-11-22T19:49:00+00:00
[2023-11-22T19:49:22.214+0000] {processor.py:179} INFO - Processing /home/airflow/.local/lib/python3.8/site-packages/airflow/example_dags/example_branch_python_dop_operator_3.py took 0.178 seconds
[2023-11-22T19:49:52.625+0000] {processor.py:157} INFO - Started process (PID=9498) to work on /home/airflow/.local/lib/python3.8/site-packages/airflow/example_dags/example_branch_python_dop_operator_3.py
[2023-11-22T19:49:52.625+0000] {processor.py:829} INFO - Processing file /home/airflow/.local/lib/python3.8/site-packages/airflow/example_dags/example_branch_python_dop_operator_3.py for tasks to queue
[2023-11-22T19:49:52.626+0000] {logging_mixin.py:154} INFO - [2023-11-22T19:49:52.626+0000] {dagbag.py:536} INFO - Filling up the DagBag from /home/airflow/.local/lib/python3.8/site-packages/airflow/example_dags/example_branch_python_dop_operator_3.py
[2023-11-22T19:49:52.634+0000] {processor.py:839} INFO - DAG(s) dict_keys(['example_branch_dop_operator_v3']) retrieved from /home/airflow/.local/lib/python3.8/site-packages/airflow/example_dags/example_branch_python_dop_operator_3.py
[2023-11-22T19:49:52.654+0000] {logging_mixin.py:154} INFO - [2023-11-22T19:49:52.654+0000] {dag.py:2941} INFO - Sync 1 DAGs
[2023-11-22T19:49:52.676+0000] {logging_mixin.py:154} INFO - [2023-11-22T19:49:52.675+0000] {dag.py:3722} INFO - Setting next_dagrun for example_branch_dop_operator_v3 to 2023-11-22T19:48:00+00:00, run_after=2023-11-22T19:49:00+00:00
[2023-11-22T19:49:52.800+0000] {processor.py:179} INFO - Processing /home/airflow/.local/lib/python3.8/site-packages/airflow/example_dags/example_branch_python_dop_operator_3.py took 0.178 seconds
[2023-11-22T19:50:23.770+0000] {processor.py:157} INFO - Started process (PID=9738) to work on /home/airflow/.local/lib/python3.8/site-packages/airflow/example_dags/example_branch_python_dop_operator_3.py
[2023-11-22T19:50:23.772+0000] {processor.py:829} INFO - Processing file /home/airflow/.local/lib/python3.8/site-packages/airflow/example_dags/example_branch_python_dop_operator_3.py for tasks to queue
[2023-11-22T19:50:23.773+0000] {logging_mixin.py:154} INFO - [2023-11-22T19:50:23.772+0000] {dagbag.py:536} INFO - Filling up the DagBag from /home/airflow/.local/lib/python3.8/site-packages/airflow/example_dags/example_branch_python_dop_operator_3.py
[2023-11-22T19:50:23.783+0000] {processor.py:839} INFO - DAG(s) dict_keys(['example_branch_dop_operator_v3']) retrieved from /home/airflow/.local/lib/python3.8/site-packages/airflow/example_dags/example_branch_python_dop_operator_3.py
[2023-11-22T19:50:23.805+0000] {logging_mixin.py:154} INFO - [2023-11-22T19:50:23.805+0000] {dag.py:2941} INFO - Sync 1 DAGs
[2023-11-22T19:50:23.825+0000] {logging_mixin.py:154} INFO - [2023-11-22T19:50:23.825+0000] {dag.py:3722} INFO - Setting next_dagrun for example_branch_dop_operator_v3 to 2023-11-22T19:49:00+00:00, run_after=2023-11-22T19:50:00+00:00
[2023-11-22T19:50:23.839+0000] {processor.py:179} INFO - Processing /home/airflow/.local/lib/python3.8/site-packages/airflow/example_dags/example_branch_python_dop_operator_3.py took 0.074 seconds
[2023-11-22T19:50:53.983+0000] {processor.py:157} INFO - Started process (PID=9976) to work on /home/airflow/.local/lib/python3.8/site-packages/airflow/example_dags/example_branch_python_dop_operator_3.py
[2023-11-22T19:50:53.984+0000] {processor.py:829} INFO - Processing file /home/airflow/.local/lib/python3.8/site-packages/airflow/example_dags/example_branch_python_dop_operator_3.py for tasks to queue
[2023-11-22T19:50:53.985+0000] {logging_mixin.py:154} INFO - [2023-11-22T19:50:53.985+0000] {dagbag.py:536} INFO - Filling up the DagBag from /home/airflow/.local/lib/python3.8/site-packages/airflow/example_dags/example_branch_python_dop_operator_3.py
[2023-11-22T19:50:53.994+0000] {processor.py:839} INFO - DAG(s) dict_keys(['example_branch_dop_operator_v3']) retrieved from /home/airflow/.local/lib/python3.8/site-packages/airflow/example_dags/example_branch_python_dop_operator_3.py
[2023-11-22T19:50:54.016+0000] {logging_mixin.py:154} INFO - [2023-11-22T19:50:54.016+0000] {dag.py:2941} INFO - Sync 1 DAGs
[2023-11-22T19:50:54.037+0000] {logging_mixin.py:154} INFO - [2023-11-22T19:50:54.036+0000] {dag.py:3722} INFO - Setting next_dagrun for example_branch_dop_operator_v3 to 2023-11-22T19:49:00+00:00, run_after=2023-11-22T19:50:00+00:00
[2023-11-22T19:50:54.050+0000] {processor.py:179} INFO - Processing /home/airflow/.local/lib/python3.8/site-packages/airflow/example_dags/example_branch_python_dop_operator_3.py took 0.072 seconds
[2023-11-22T19:51:24.475+0000] {processor.py:157} INFO - Started process (PID=10214) to work on /home/airflow/.local/lib/python3.8/site-packages/airflow/example_dags/example_branch_python_dop_operator_3.py
[2023-11-22T19:51:24.477+0000] {processor.py:829} INFO - Processing file /home/airflow/.local/lib/python3.8/site-packages/airflow/example_dags/example_branch_python_dop_operator_3.py for tasks to queue
[2023-11-22T19:51:24.478+0000] {logging_mixin.py:154} INFO - [2023-11-22T19:51:24.478+0000] {dagbag.py:536} INFO - Filling up the DagBag from /home/airflow/.local/lib/python3.8/site-packages/airflow/example_dags/example_branch_python_dop_operator_3.py
[2023-11-22T19:51:24.488+0000] {processor.py:839} INFO - DAG(s) dict_keys(['example_branch_dop_operator_v3']) retrieved from /home/airflow/.local/lib/python3.8/site-packages/airflow/example_dags/example_branch_python_dop_operator_3.py
[2023-11-22T19:51:24.511+0000] {logging_mixin.py:154} INFO - [2023-11-22T19:51:24.511+0000] {dag.py:2941} INFO - Sync 1 DAGs
[2023-11-22T19:51:24.531+0000] {logging_mixin.py:154} INFO - [2023-11-22T19:51:24.531+0000] {dag.py:3722} INFO - Setting next_dagrun for example_branch_dop_operator_v3 to 2023-11-22T19:50:00+00:00, run_after=2023-11-22T19:51:00+00:00
[2023-11-22T19:51:24.543+0000] {processor.py:179} INFO - Processing /home/airflow/.local/lib/python3.8/site-packages/airflow/example_dags/example_branch_python_dop_operator_3.py took 0.072 seconds
[2023-11-22T19:51:55.319+0000] {processor.py:157} INFO - Started process (PID=10452) to work on /home/airflow/.local/lib/python3.8/site-packages/airflow/example_dags/example_branch_python_dop_operator_3.py
[2023-11-22T19:51:55.321+0000] {processor.py:829} INFO - Processing file /home/airflow/.local/lib/python3.8/site-packages/airflow/example_dags/example_branch_python_dop_operator_3.py for tasks to queue
[2023-11-22T19:51:55.322+0000] {logging_mixin.py:154} INFO - [2023-11-22T19:51:55.321+0000] {dagbag.py:536} INFO - Filling up the DagBag from /home/airflow/.local/lib/python3.8/site-packages/airflow/example_dags/example_branch_python_dop_operator_3.py
[2023-11-22T19:51:55.332+0000] {processor.py:839} INFO - DAG(s) dict_keys(['example_branch_dop_operator_v3']) retrieved from /home/airflow/.local/lib/python3.8/site-packages/airflow/example_dags/example_branch_python_dop_operator_3.py
[2023-11-22T19:51:55.354+0000] {logging_mixin.py:154} INFO - [2023-11-22T19:51:55.354+0000] {dag.py:2941} INFO - Sync 1 DAGs
[2023-11-22T19:51:55.482+0000] {logging_mixin.py:154} INFO - [2023-11-22T19:51:55.482+0000] {dag.py:3722} INFO - Setting next_dagrun for example_branch_dop_operator_v3 to 2023-11-22T19:50:00+00:00, run_after=2023-11-22T19:51:00+00:00
[2023-11-22T19:51:55.493+0000] {processor.py:179} INFO - Processing /home/airflow/.local/lib/python3.8/site-packages/airflow/example_dags/example_branch_python_dop_operator_3.py took 0.178 seconds
[2023-11-22T19:52:26.438+0000] {processor.py:157} INFO - Started process (PID=10691) to work on /home/airflow/.local/lib/python3.8/site-packages/airflow/example_dags/example_branch_python_dop_operator_3.py
[2023-11-22T19:52:26.440+0000] {processor.py:829} INFO - Processing file /home/airflow/.local/lib/python3.8/site-packages/airflow/example_dags/example_branch_python_dop_operator_3.py for tasks to queue
[2023-11-22T19:52:26.441+0000] {logging_mixin.py:154} INFO - [2023-11-22T19:52:26.441+0000] {dagbag.py:536} INFO - Filling up the DagBag from /home/airflow/.local/lib/python3.8/site-packages/airflow/example_dags/example_branch_python_dop_operator_3.py
[2023-11-22T19:52:26.451+0000] {processor.py:839} INFO - DAG(s) dict_keys(['example_branch_dop_operator_v3']) retrieved from /home/airflow/.local/lib/python3.8/site-packages/airflow/example_dags/example_branch_python_dop_operator_3.py
[2023-11-22T19:52:26.474+0000] {logging_mixin.py:154} INFO - [2023-11-22T19:52:26.474+0000] {dag.py:2941} INFO - Sync 1 DAGs
[2023-11-22T19:52:26.494+0000] {logging_mixin.py:154} INFO - [2023-11-22T19:52:26.494+0000] {dag.py:3722} INFO - Setting next_dagrun for example_branch_dop_operator_v3 to 2023-11-22T19:51:00+00:00, run_after=2023-11-22T19:52:00+00:00
[2023-11-22T19:52:26.507+0000] {processor.py:179} INFO - Processing /home/airflow/.local/lib/python3.8/site-packages/airflow/example_dags/example_branch_python_dop_operator_3.py took 0.074 seconds
[2023-11-22T19:52:56.879+0000] {processor.py:157} INFO - Started process (PID=10929) to work on /home/airflow/.local/lib/python3.8/site-packages/airflow/example_dags/example_branch_python_dop_operator_3.py
[2023-11-22T19:52:56.880+0000] {processor.py:829} INFO - Processing file /home/airflow/.local/lib/python3.8/site-packages/airflow/example_dags/example_branch_python_dop_operator_3.py for tasks to queue
[2023-11-22T19:52:56.881+0000] {logging_mixin.py:154} INFO - [2023-11-22T19:52:56.881+0000] {dagbag.py:536} INFO - Filling up the DagBag from /home/airflow/.local/lib/python3.8/site-packages/airflow/example_dags/example_branch_python_dop_operator_3.py
[2023-11-22T19:52:56.893+0000] {processor.py:839} INFO - DAG(s) dict_keys(['example_branch_dop_operator_v3']) retrieved from /home/airflow/.local/lib/python3.8/site-packages/airflow/example_dags/example_branch_python_dop_operator_3.py
[2023-11-22T19:52:56.917+0000] {logging_mixin.py:154} INFO - [2023-11-22T19:52:56.917+0000] {dag.py:2941} INFO - Sync 1 DAGs
[2023-11-22T19:52:56.937+0000] {logging_mixin.py:154} INFO - [2023-11-22T19:52:56.937+0000] {dag.py:3722} INFO - Setting next_dagrun for example_branch_dop_operator_v3 to 2023-11-22T19:51:00+00:00, run_after=2023-11-22T19:52:00+00:00
[2023-11-22T19:52:56.951+0000] {processor.py:179} INFO - Processing /home/airflow/.local/lib/python3.8/site-packages/airflow/example_dags/example_branch_python_dop_operator_3.py took 0.077 seconds
[2023-11-22T19:53:27.368+0000] {processor.py:157} INFO - Started process (PID=11167) to work on /home/airflow/.local/lib/python3.8/site-packages/airflow/example_dags/example_branch_python_dop_operator_3.py
[2023-11-22T19:53:27.370+0000] {processor.py:829} INFO - Processing file /home/airflow/.local/lib/python3.8/site-packages/airflow/example_dags/example_branch_python_dop_operator_3.py for tasks to queue
[2023-11-22T19:53:27.371+0000] {logging_mixin.py:154} INFO - [2023-11-22T19:53:27.371+0000] {dagbag.py:536} INFO - Filling up the DagBag from /home/airflow/.local/lib/python3.8/site-packages/airflow/example_dags/example_branch_python_dop_operator_3.py
[2023-11-22T19:53:27.382+0000] {processor.py:839} INFO - DAG(s) dict_keys(['example_branch_dop_operator_v3']) retrieved from /home/airflow/.local/lib/python3.8/site-packages/airflow/example_dags/example_branch_python_dop_operator_3.py
[2023-11-22T19:53:27.404+0000] {logging_mixin.py:154} INFO - [2023-11-22T19:53:27.404+0000] {dag.py:2941} INFO - Sync 1 DAGs
[2023-11-22T19:53:27.424+0000] {logging_mixin.py:154} INFO - [2023-11-22T19:53:27.423+0000] {dag.py:3722} INFO - Setting next_dagrun for example_branch_dop_operator_v3 to 2023-11-22T19:52:00+00:00, run_after=2023-11-22T19:53:00+00:00
[2023-11-22T19:53:27.436+0000] {processor.py:179} INFO - Processing /home/airflow/.local/lib/python3.8/site-packages/airflow/example_dags/example_branch_python_dop_operator_3.py took 0.073 seconds
[2023-11-22T19:53:57.854+0000] {processor.py:157} INFO - Started process (PID=11405) to work on /home/airflow/.local/lib/python3.8/site-packages/airflow/example_dags/example_branch_python_dop_operator_3.py
[2023-11-22T19:53:57.856+0000] {processor.py:829} INFO - Processing file /home/airflow/.local/lib/python3.8/site-packages/airflow/example_dags/example_branch_python_dop_operator_3.py for tasks to queue
[2023-11-22T19:53:57.857+0000] {logging_mixin.py:154} INFO - [2023-11-22T19:53:57.856+0000] {dagbag.py:536} INFO - Filling up the DagBag from /home/airflow/.local/lib/python3.8/site-packages/airflow/example_dags/example_branch_python_dop_operator_3.py
[2023-11-22T19:53:57.871+0000] {processor.py:839} INFO - DAG(s) dict_keys(['example_branch_dop_operator_v3']) retrieved from /home/airflow/.local/lib/python3.8/site-packages/airflow/example_dags/example_branch_python_dop_operator_3.py
[2023-11-22T19:53:57.897+0000] {logging_mixin.py:154} INFO - [2023-11-22T19:53:57.897+0000] {dag.py:2941} INFO - Sync 1 DAGs
[2023-11-22T19:53:57.921+0000] {logging_mixin.py:154} INFO - [2023-11-22T19:53:57.921+0000] {dag.py:3722} INFO - Setting next_dagrun for example_branch_dop_operator_v3 to 2023-11-22T19:52:00+00:00, run_after=2023-11-22T19:53:00+00:00
[2023-11-22T19:53:57.934+0000] {processor.py:179} INFO - Processing /home/airflow/.local/lib/python3.8/site-packages/airflow/example_dags/example_branch_python_dop_operator_3.py took 0.086 seconds
[2023-11-22T20:36:13.786+0000] {processor.py:157} INFO - Started process (PID=11642) to work on /home/airflow/.local/lib/python3.8/site-packages/airflow/example_dags/example_branch_python_dop_operator_3.py
[2023-11-22T20:36:13.788+0000] {processor.py:829} INFO - Processing file /home/airflow/.local/lib/python3.8/site-packages/airflow/example_dags/example_branch_python_dop_operator_3.py for tasks to queue
[2023-11-22T20:36:13.789+0000] {logging_mixin.py:154} INFO - [2023-11-22T20:36:13.788+0000] {dagbag.py:536} INFO - Filling up the DagBag from /home/airflow/.local/lib/python3.8/site-packages/airflow/example_dags/example_branch_python_dop_operator_3.py
[2023-11-22T20:36:13.801+0000] {processor.py:839} INFO - DAG(s) dict_keys(['example_branch_dop_operator_v3']) retrieved from /home/airflow/.local/lib/python3.8/site-packages/airflow/example_dags/example_branch_python_dop_operator_3.py
[2023-11-22T20:36:13.837+0000] {logging_mixin.py:154} INFO - [2023-11-22T20:36:13.837+0000] {dag.py:2941} INFO - Sync 1 DAGs
[2023-11-22T20:36:13.877+0000] {logging_mixin.py:154} INFO - [2023-11-22T20:36:13.877+0000] {dag.py:3722} INFO - Setting next_dagrun for example_branch_dop_operator_v3 to 2023-11-22T20:35:00+00:00, run_after=2023-11-22T20:36:00+00:00
[2023-11-22T20:36:13.903+0000] {processor.py:179} INFO - Processing /home/airflow/.local/lib/python3.8/site-packages/airflow/example_dags/example_branch_python_dop_operator_3.py took 0.122 seconds
[2023-11-22T21:01:33.472+0000] {processor.py:157} INFO - Started process (PID=11882) to work on /home/airflow/.local/lib/python3.8/site-packages/airflow/example_dags/example_branch_python_dop_operator_3.py
[2023-11-22T21:01:33.474+0000] {processor.py:829} INFO - Processing file /home/airflow/.local/lib/python3.8/site-packages/airflow/example_dags/example_branch_python_dop_operator_3.py for tasks to queue
[2023-11-22T21:01:33.476+0000] {logging_mixin.py:154} INFO - [2023-11-22T21:01:33.475+0000] {dagbag.py:536} INFO - Filling up the DagBag from /home/airflow/.local/lib/python3.8/site-packages/airflow/example_dags/example_branch_python_dop_operator_3.py
[2023-11-22T21:01:33.490+0000] {processor.py:839} INFO - DAG(s) dict_keys(['example_branch_dop_operator_v3']) retrieved from /home/airflow/.local/lib/python3.8/site-packages/airflow/example_dags/example_branch_python_dop_operator_3.py
[2023-11-22T21:01:33.532+0000] {logging_mixin.py:154} INFO - [2023-11-22T21:01:33.531+0000] {dag.py:2941} INFO - Sync 1 DAGs
[2023-11-22T21:01:33.578+0000] {logging_mixin.py:154} INFO - [2023-11-22T21:01:33.578+0000] {dag.py:3722} INFO - Setting next_dagrun for example_branch_dop_operator_v3 to 2023-11-22T21:00:00+00:00, run_after=2023-11-22T21:01:00+00:00
[2023-11-22T21:01:33.605+0000] {processor.py:179} INFO - Processing /home/airflow/.local/lib/python3.8/site-packages/airflow/example_dags/example_branch_python_dop_operator_3.py took 0.138 seconds
[2023-11-22T21:02:03.942+0000] {processor.py:157} INFO - Started process (PID=12122) to work on /home/airflow/.local/lib/python3.8/site-packages/airflow/example_dags/example_branch_python_dop_operator_3.py
[2023-11-22T21:02:03.943+0000] {processor.py:829} INFO - Processing file /home/airflow/.local/lib/python3.8/site-packages/airflow/example_dags/example_branch_python_dop_operator_3.py for tasks to queue
[2023-11-22T21:02:03.944+0000] {logging_mixin.py:154} INFO - [2023-11-22T21:02:03.943+0000] {dagbag.py:536} INFO - Filling up the DagBag from /home/airflow/.local/lib/python3.8/site-packages/airflow/example_dags/example_branch_python_dop_operator_3.py
[2023-11-22T21:02:03.952+0000] {processor.py:839} INFO - DAG(s) dict_keys(['example_branch_dop_operator_v3']) retrieved from /home/airflow/.local/lib/python3.8/site-packages/airflow/example_dags/example_branch_python_dop_operator_3.py
[2023-11-22T21:02:03.973+0000] {logging_mixin.py:154} INFO - [2023-11-22T21:02:03.973+0000] {dag.py:2941} INFO - Sync 1 DAGs
[2023-11-22T21:02:03.993+0000] {logging_mixin.py:154} INFO - [2023-11-22T21:02:03.993+0000] {dag.py:3722} INFO - Setting next_dagrun for example_branch_dop_operator_v3 to 2023-11-22T21:01:00+00:00, run_after=2023-11-22T21:02:00+00:00
[2023-11-22T21:02:04.007+0000] {processor.py:179} INFO - Processing /home/airflow/.local/lib/python3.8/site-packages/airflow/example_dags/example_branch_python_dop_operator_3.py took 0.068 seconds
[2023-11-22T21:02:34.128+0000] {processor.py:157} INFO - Started process (PID=12358) to work on /home/airflow/.local/lib/python3.8/site-packages/airflow/example_dags/example_branch_python_dop_operator_3.py
[2023-11-22T21:02:34.129+0000] {processor.py:829} INFO - Processing file /home/airflow/.local/lib/python3.8/site-packages/airflow/example_dags/example_branch_python_dop_operator_3.py for tasks to queue
[2023-11-22T21:02:34.130+0000] {logging_mixin.py:154} INFO - [2023-11-22T21:02:34.130+0000] {dagbag.py:536} INFO - Filling up the DagBag from /home/airflow/.local/lib/python3.8/site-packages/airflow/example_dags/example_branch_python_dop_operator_3.py
[2023-11-22T21:02:34.138+0000] {processor.py:839} INFO - DAG(s) dict_keys(['example_branch_dop_operator_v3']) retrieved from /home/airflow/.local/lib/python3.8/site-packages/airflow/example_dags/example_branch_python_dop_operator_3.py
[2023-11-22T21:02:34.160+0000] {logging_mixin.py:154} INFO - [2023-11-22T21:02:34.160+0000] {dag.py:2941} INFO - Sync 1 DAGs
[2023-11-22T21:02:34.184+0000] {logging_mixin.py:154} INFO - [2023-11-22T21:02:34.184+0000] {dag.py:3722} INFO - Setting next_dagrun for example_branch_dop_operator_v3 to 2023-11-22T21:01:00+00:00, run_after=2023-11-22T21:02:00+00:00
[2023-11-22T21:02:34.197+0000] {processor.py:179} INFO - Processing /home/airflow/.local/lib/python3.8/site-packages/airflow/example_dags/example_branch_python_dop_operator_3.py took 0.071 seconds
[2023-11-22T21:03:04.680+0000] {processor.py:157} INFO - Started process (PID=12596) to work on /home/airflow/.local/lib/python3.8/site-packages/airflow/example_dags/example_branch_python_dop_operator_3.py
[2023-11-22T21:03:04.681+0000] {processor.py:829} INFO - Processing file /home/airflow/.local/lib/python3.8/site-packages/airflow/example_dags/example_branch_python_dop_operator_3.py for tasks to queue
[2023-11-22T21:03:04.682+0000] {logging_mixin.py:154} INFO - [2023-11-22T21:03:04.681+0000] {dagbag.py:536} INFO - Filling up the DagBag from /home/airflow/.local/lib/python3.8/site-packages/airflow/example_dags/example_branch_python_dop_operator_3.py
[2023-11-22T21:03:04.690+0000] {processor.py:839} INFO - DAG(s) dict_keys(['example_branch_dop_operator_v3']) retrieved from /home/airflow/.local/lib/python3.8/site-packages/airflow/example_dags/example_branch_python_dop_operator_3.py
[2023-11-22T21:03:04.710+0000] {logging_mixin.py:154} INFO - [2023-11-22T21:03:04.710+0000] {dag.py:2941} INFO - Sync 1 DAGs
[2023-11-22T21:03:04.730+0000] {logging_mixin.py:154} INFO - [2023-11-22T21:03:04.730+0000] {dag.py:3722} INFO - Setting next_dagrun for example_branch_dop_operator_v3 to 2023-11-22T21:02:00+00:00, run_after=2023-11-22T21:03:00+00:00
[2023-11-22T21:03:04.743+0000] {processor.py:179} INFO - Processing /home/airflow/.local/lib/python3.8/site-packages/airflow/example_dags/example_branch_python_dop_operator_3.py took 0.066 seconds
[2023-11-22T21:03:35.307+0000] {processor.py:157} INFO - Started process (PID=12834) to work on /home/airflow/.local/lib/python3.8/site-packages/airflow/example_dags/example_branch_python_dop_operator_3.py
[2023-11-22T21:03:35.308+0000] {processor.py:829} INFO - Processing file /home/airflow/.local/lib/python3.8/site-packages/airflow/example_dags/example_branch_python_dop_operator_3.py for tasks to queue
[2023-11-22T21:03:35.309+0000] {logging_mixin.py:154} INFO - [2023-11-22T21:03:35.309+0000] {dagbag.py:536} INFO - Filling up the DagBag from /home/airflow/.local/lib/python3.8/site-packages/airflow/example_dags/example_branch_python_dop_operator_3.py
[2023-11-22T21:03:35.317+0000] {processor.py:839} INFO - DAG(s) dict_keys(['example_branch_dop_operator_v3']) retrieved from /home/airflow/.local/lib/python3.8/site-packages/airflow/example_dags/example_branch_python_dop_operator_3.py
[2023-11-22T21:03:35.339+0000] {logging_mixin.py:154} INFO - [2023-11-22T21:03:35.339+0000] {dag.py:2941} INFO - Sync 1 DAGs
[2023-11-22T21:03:35.361+0000] {logging_mixin.py:154} INFO - [2023-11-22T21:03:35.361+0000] {dag.py:3722} INFO - Setting next_dagrun for example_branch_dop_operator_v3 to 2023-11-22T21:02:00+00:00, run_after=2023-11-22T21:03:00+00:00
[2023-11-22T21:03:35.377+0000] {processor.py:179} INFO - Processing /home/airflow/.local/lib/python3.8/site-packages/airflow/example_dags/example_branch_python_dop_operator_3.py took 0.072 seconds
[2023-11-22T21:04:06.018+0000] {processor.py:157} INFO - Started process (PID=13072) to work on /home/airflow/.local/lib/python3.8/site-packages/airflow/example_dags/example_branch_python_dop_operator_3.py
[2023-11-22T21:04:06.019+0000] {processor.py:829} INFO - Processing file /home/airflow/.local/lib/python3.8/site-packages/airflow/example_dags/example_branch_python_dop_operator_3.py for tasks to queue
[2023-11-22T21:04:06.020+0000] {logging_mixin.py:154} INFO - [2023-11-22T21:04:06.019+0000] {dagbag.py:536} INFO - Filling up the DagBag from /home/airflow/.local/lib/python3.8/site-packages/airflow/example_dags/example_branch_python_dop_operator_3.py
[2023-11-22T21:04:06.028+0000] {processor.py:839} INFO - DAG(s) dict_keys(['example_branch_dop_operator_v3']) retrieved from /home/airflow/.local/lib/python3.8/site-packages/airflow/example_dags/example_branch_python_dop_operator_3.py
[2023-11-22T21:04:06.049+0000] {logging_mixin.py:154} INFO - [2023-11-22T21:04:06.048+0000] {dag.py:2941} INFO - Sync 1 DAGs
[2023-11-22T21:04:06.070+0000] {logging_mixin.py:154} INFO - [2023-11-22T21:04:06.070+0000] {dag.py:3722} INFO - Setting next_dagrun for example_branch_dop_operator_v3 to 2023-11-22T21:03:00+00:00, run_after=2023-11-22T21:04:00+00:00
[2023-11-22T21:04:06.084+0000] {processor.py:179} INFO - Processing /home/airflow/.local/lib/python3.8/site-packages/airflow/example_dags/example_branch_python_dop_operator_3.py took 0.070 seconds
[2023-11-22T21:04:36.665+0000] {processor.py:157} INFO - Started process (PID=13310) to work on /home/airflow/.local/lib/python3.8/site-packages/airflow/example_dags/example_branch_python_dop_operator_3.py
[2023-11-22T21:04:36.666+0000] {processor.py:829} INFO - Processing file /home/airflow/.local/lib/python3.8/site-packages/airflow/example_dags/example_branch_python_dop_operator_3.py for tasks to queue
[2023-11-22T21:04:36.667+0000] {logging_mixin.py:154} INFO - [2023-11-22T21:04:36.666+0000] {dagbag.py:536} INFO - Filling up the DagBag from /home/airflow/.local/lib/python3.8/site-packages/airflow/example_dags/example_branch_python_dop_operator_3.py
[2023-11-22T21:04:36.675+0000] {processor.py:839} INFO - DAG(s) dict_keys(['example_branch_dop_operator_v3']) retrieved from /home/airflow/.local/lib/python3.8/site-packages/airflow/example_dags/example_branch_python_dop_operator_3.py
[2023-11-22T21:04:36.698+0000] {logging_mixin.py:154} INFO - [2023-11-22T21:04:36.698+0000] {dag.py:2941} INFO - Sync 1 DAGs
[2023-11-22T21:04:36.718+0000] {logging_mixin.py:154} INFO - [2023-11-22T21:04:36.718+0000] {dag.py:3722} INFO - Setting next_dagrun for example_branch_dop_operator_v3 to 2023-11-22T21:03:00+00:00, run_after=2023-11-22T21:04:00+00:00
[2023-11-22T21:04:36.732+0000] {processor.py:179} INFO - Processing /home/airflow/.local/lib/python3.8/site-packages/airflow/example_dags/example_branch_python_dop_operator_3.py took 0.070 seconds
[2023-11-22T21:05:07.084+0000] {processor.py:157} INFO - Started process (PID=13550) to work on /home/airflow/.local/lib/python3.8/site-packages/airflow/example_dags/example_branch_python_dop_operator_3.py
[2023-11-22T21:05:07.085+0000] {processor.py:829} INFO - Processing file /home/airflow/.local/lib/python3.8/site-packages/airflow/example_dags/example_branch_python_dop_operator_3.py for tasks to queue
[2023-11-22T21:05:07.086+0000] {logging_mixin.py:154} INFO - [2023-11-22T21:05:07.085+0000] {dagbag.py:536} INFO - Filling up the DagBag from /home/airflow/.local/lib/python3.8/site-packages/airflow/example_dags/example_branch_python_dop_operator_3.py
[2023-11-22T21:05:07.094+0000] {processor.py:839} INFO - DAG(s) dict_keys(['example_branch_dop_operator_v3']) retrieved from /home/airflow/.local/lib/python3.8/site-packages/airflow/example_dags/example_branch_python_dop_operator_3.py
[2023-11-22T21:05:07.116+0000] {logging_mixin.py:154} INFO - [2023-11-22T21:05:07.116+0000] {dag.py:2941} INFO - Sync 1 DAGs
[2023-11-22T21:05:07.137+0000] {logging_mixin.py:154} INFO - [2023-11-22T21:05:07.137+0000] {dag.py:3722} INFO - Setting next_dagrun for example_branch_dop_operator_v3 to 2023-11-22T21:04:00+00:00, run_after=2023-11-22T21:05:00+00:00
[2023-11-22T21:05:07.151+0000] {processor.py:179} INFO - Processing /home/airflow/.local/lib/python3.8/site-packages/airflow/example_dags/example_branch_python_dop_operator_3.py took 0.071 seconds
[2023-11-22T21:05:37.771+0000] {processor.py:157} INFO - Started process (PID=13787) to work on /home/airflow/.local/lib/python3.8/site-packages/airflow/example_dags/example_branch_python_dop_operator_3.py
[2023-11-22T21:05:37.772+0000] {processor.py:829} INFO - Processing file /home/airflow/.local/lib/python3.8/site-packages/airflow/example_dags/example_branch_python_dop_operator_3.py for tasks to queue
[2023-11-22T21:05:37.772+0000] {logging_mixin.py:154} INFO - [2023-11-22T21:05:37.772+0000] {dagbag.py:536} INFO - Filling up the DagBag from /home/airflow/.local/lib/python3.8/site-packages/airflow/example_dags/example_branch_python_dop_operator_3.py
[2023-11-22T21:05:37.781+0000] {processor.py:839} INFO - DAG(s) dict_keys(['example_branch_dop_operator_v3']) retrieved from /home/airflow/.local/lib/python3.8/site-packages/airflow/example_dags/example_branch_python_dop_operator_3.py
[2023-11-22T21:05:37.803+0000] {logging_mixin.py:154} INFO - [2023-11-22T21:05:37.803+0000] {dag.py:2941} INFO - Sync 1 DAGs
[2023-11-22T21:05:37.824+0000] {logging_mixin.py:154} INFO - [2023-11-22T21:05:37.824+0000] {dag.py:3722} INFO - Setting next_dagrun for example_branch_dop_operator_v3 to 2023-11-22T21:04:00+00:00, run_after=2023-11-22T21:05:00+00:00
[2023-11-22T21:05:37.839+0000] {processor.py:179} INFO - Processing /home/airflow/.local/lib/python3.8/site-packages/airflow/example_dags/example_branch_python_dop_operator_3.py took 0.071 seconds
[2023-11-22T21:06:07.892+0000] {processor.py:157} INFO - Started process (PID=14023) to work on /home/airflow/.local/lib/python3.8/site-packages/airflow/example_dags/example_branch_python_dop_operator_3.py
[2023-11-22T21:06:07.893+0000] {processor.py:829} INFO - Processing file /home/airflow/.local/lib/python3.8/site-packages/airflow/example_dags/example_branch_python_dop_operator_3.py for tasks to queue
[2023-11-22T21:06:07.894+0000] {logging_mixin.py:154} INFO - [2023-11-22T21:06:07.894+0000] {dagbag.py:536} INFO - Filling up the DagBag from /home/airflow/.local/lib/python3.8/site-packages/airflow/example_dags/example_branch_python_dop_operator_3.py
[2023-11-22T21:06:07.907+0000] {processor.py:839} INFO - DAG(s) dict_keys(['example_branch_dop_operator_v3']) retrieved from /home/airflow/.local/lib/python3.8/site-packages/airflow/example_dags/example_branch_python_dop_operator_3.py
[2023-11-22T21:06:07.938+0000] {logging_mixin.py:154} INFO - [2023-11-22T21:06:07.937+0000] {dag.py:2941} INFO - Sync 1 DAGs
[2023-11-22T21:06:07.964+0000] {logging_mixin.py:154} INFO - [2023-11-22T21:06:07.964+0000] {dag.py:3722} INFO - Setting next_dagrun for example_branch_dop_operator_v3 to 2023-11-22T21:05:00+00:00, run_after=2023-11-22T21:06:00+00:00
[2023-11-22T21:06:07.982+0000] {processor.py:179} INFO - Processing /home/airflow/.local/lib/python3.8/site-packages/airflow/example_dags/example_branch_python_dop_operator_3.py took 0.095 seconds
[2023-11-22T21:06:38.019+0000] {processor.py:157} INFO - Started process (PID=14261) to work on /home/airflow/.local/lib/python3.8/site-packages/airflow/example_dags/example_branch_python_dop_operator_3.py
[2023-11-22T21:06:38.020+0000] {processor.py:829} INFO - Processing file /home/airflow/.local/lib/python3.8/site-packages/airflow/example_dags/example_branch_python_dop_operator_3.py for tasks to queue
[2023-11-22T21:06:38.021+0000] {logging_mixin.py:154} INFO - [2023-11-22T21:06:38.021+0000] {dagbag.py:536} INFO - Filling up the DagBag from /home/airflow/.local/lib/python3.8/site-packages/airflow/example_dags/example_branch_python_dop_operator_3.py
[2023-11-22T21:06:38.029+0000] {processor.py:839} INFO - DAG(s) dict_keys(['example_branch_dop_operator_v3']) retrieved from /home/airflow/.local/lib/python3.8/site-packages/airflow/example_dags/example_branch_python_dop_operator_3.py
[2023-11-22T21:06:38.051+0000] {logging_mixin.py:154} INFO - [2023-11-22T21:06:38.050+0000] {dag.py:2941} INFO - Sync 1 DAGs
[2023-11-22T21:06:38.073+0000] {logging_mixin.py:154} INFO - [2023-11-22T21:06:38.073+0000] {dag.py:3722} INFO - Setting next_dagrun for example_branch_dop_operator_v3 to 2023-11-22T21:05:00+00:00, run_after=2023-11-22T21:06:00+00:00
[2023-11-22T21:06:38.085+0000] {processor.py:179} INFO - Processing /home/airflow/.local/lib/python3.8/site-packages/airflow/example_dags/example_branch_python_dop_operator_3.py took 0.069 seconds
[2023-11-22T21:07:08.833+0000] {processor.py:157} INFO - Started process (PID=14499) to work on /home/airflow/.local/lib/python3.8/site-packages/airflow/example_dags/example_branch_python_dop_operator_3.py
[2023-11-22T21:07:08.834+0000] {processor.py:829} INFO - Processing file /home/airflow/.local/lib/python3.8/site-packages/airflow/example_dags/example_branch_python_dop_operator_3.py for tasks to queue
[2023-11-22T21:07:08.835+0000] {logging_mixin.py:154} INFO - [2023-11-22T21:07:08.835+0000] {dagbag.py:536} INFO - Filling up the DagBag from /home/airflow/.local/lib/python3.8/site-packages/airflow/example_dags/example_branch_python_dop_operator_3.py
[2023-11-22T21:07:08.846+0000] {processor.py:839} INFO - DAG(s) dict_keys(['example_branch_dop_operator_v3']) retrieved from /home/airflow/.local/lib/python3.8/site-packages/airflow/example_dags/example_branch_python_dop_operator_3.py
[2023-11-22T21:07:08.872+0000] {logging_mixin.py:154} INFO - [2023-11-22T21:07:08.872+0000] {dag.py:2941} INFO - Sync 1 DAGs
[2023-11-22T21:07:08.898+0000] {logging_mixin.py:154} INFO - [2023-11-22T21:07:08.898+0000] {dag.py:3722} INFO - Setting next_dagrun for example_branch_dop_operator_v3 to 2023-11-22T21:06:00+00:00, run_after=2023-11-22T21:07:00+00:00
[2023-11-22T21:07:08.915+0000] {processor.py:179} INFO - Processing /home/airflow/.local/lib/python3.8/site-packages/airflow/example_dags/example_branch_python_dop_operator_3.py took 0.086 seconds
[2023-11-22T21:07:39.204+0000] {processor.py:157} INFO - Started process (PID=14737) to work on /home/airflow/.local/lib/python3.8/site-packages/airflow/example_dags/example_branch_python_dop_operator_3.py
[2023-11-22T21:07:39.205+0000] {processor.py:829} INFO - Processing file /home/airflow/.local/lib/python3.8/site-packages/airflow/example_dags/example_branch_python_dop_operator_3.py for tasks to queue
[2023-11-22T21:07:39.206+0000] {logging_mixin.py:154} INFO - [2023-11-22T21:07:39.206+0000] {dagbag.py:536} INFO - Filling up the DagBag from /home/airflow/.local/lib/python3.8/site-packages/airflow/example_dags/example_branch_python_dop_operator_3.py
[2023-11-22T21:07:39.214+0000] {processor.py:839} INFO - DAG(s) dict_keys(['example_branch_dop_operator_v3']) retrieved from /home/airflow/.local/lib/python3.8/site-packages/airflow/example_dags/example_branch_python_dop_operator_3.py
[2023-11-22T21:07:39.235+0000] {logging_mixin.py:154} INFO - [2023-11-22T21:07:39.235+0000] {dag.py:2941} INFO - Sync 1 DAGs
[2023-11-22T21:07:39.255+0000] {logging_mixin.py:154} INFO - [2023-11-22T21:07:39.255+0000] {dag.py:3722} INFO - Setting next_dagrun for example_branch_dop_operator_v3 to 2023-11-22T21:06:00+00:00, run_after=2023-11-22T21:07:00+00:00
[2023-11-22T21:07:39.268+0000] {processor.py:179} INFO - Processing /home/airflow/.local/lib/python3.8/site-packages/airflow/example_dags/example_branch_python_dop_operator_3.py took 0.066 seconds
[2023-11-22T21:08:09.705+0000] {processor.py:157} INFO - Started process (PID=14975) to work on /home/airflow/.local/lib/python3.8/site-packages/airflow/example_dags/example_branch_python_dop_operator_3.py
[2023-11-22T21:08:09.706+0000] {processor.py:829} INFO - Processing file /home/airflow/.local/lib/python3.8/site-packages/airflow/example_dags/example_branch_python_dop_operator_3.py for tasks to queue
[2023-11-22T21:08:09.707+0000] {logging_mixin.py:154} INFO - [2023-11-22T21:08:09.706+0000] {dagbag.py:536} INFO - Filling up the DagBag from /home/airflow/.local/lib/python3.8/site-packages/airflow/example_dags/example_branch_python_dop_operator_3.py
[2023-11-22T21:08:09.715+0000] {processor.py:839} INFO - DAG(s) dict_keys(['example_branch_dop_operator_v3']) retrieved from /home/airflow/.local/lib/python3.8/site-packages/airflow/example_dags/example_branch_python_dop_operator_3.py
[2023-11-22T21:08:09.736+0000] {logging_mixin.py:154} INFO - [2023-11-22T21:08:09.736+0000] {dag.py:2941} INFO - Sync 1 DAGs
[2023-11-22T21:08:09.756+0000] {logging_mixin.py:154} INFO - [2023-11-22T21:08:09.756+0000] {dag.py:3722} INFO - Setting next_dagrun for example_branch_dop_operator_v3 to 2023-11-22T21:07:00+00:00, run_after=2023-11-22T21:08:00+00:00
[2023-11-22T21:08:09.768+0000] {processor.py:179} INFO - Processing /home/airflow/.local/lib/python3.8/site-packages/airflow/example_dags/example_branch_python_dop_operator_3.py took 0.066 seconds
[2023-11-22T21:08:40.718+0000] {processor.py:157} INFO - Started process (PID=15213) to work on /home/airflow/.local/lib/python3.8/site-packages/airflow/example_dags/example_branch_python_dop_operator_3.py
[2023-11-22T21:08:40.719+0000] {processor.py:829} INFO - Processing file /home/airflow/.local/lib/python3.8/site-packages/airflow/example_dags/example_branch_python_dop_operator_3.py for tasks to queue
[2023-11-22T21:08:40.720+0000] {logging_mixin.py:154} INFO - [2023-11-22T21:08:40.720+0000] {dagbag.py:536} INFO - Filling up the DagBag from /home/airflow/.local/lib/python3.8/site-packages/airflow/example_dags/example_branch_python_dop_operator_3.py
[2023-11-22T21:08:40.729+0000] {processor.py:839} INFO - DAG(s) dict_keys(['example_branch_dop_operator_v3']) retrieved from /home/airflow/.local/lib/python3.8/site-packages/airflow/example_dags/example_branch_python_dop_operator_3.py
[2023-11-22T21:08:40.751+0000] {logging_mixin.py:154} INFO - [2023-11-22T21:08:40.751+0000] {dag.py:2941} INFO - Sync 1 DAGs
[2023-11-22T21:08:40.773+0000] {logging_mixin.py:154} INFO - [2023-11-22T21:08:40.773+0000] {dag.py:3722} INFO - Setting next_dagrun for example_branch_dop_operator_v3 to 2023-11-22T21:07:00+00:00, run_after=2023-11-22T21:08:00+00:00
[2023-11-22T21:08:40.785+0000] {processor.py:179} INFO - Processing /home/airflow/.local/lib/python3.8/site-packages/airflow/example_dags/example_branch_python_dop_operator_3.py took 0.070 seconds
[2023-11-22T21:09:41.013+0000] {processor.py:157} INFO - Started process (PID=214) to work on /home/airflow/.local/lib/python3.8/site-packages/airflow/example_dags/example_branch_python_dop_operator_3.py
[2023-11-22T21:09:41.014+0000] {processor.py:829} INFO - Processing file /home/airflow/.local/lib/python3.8/site-packages/airflow/example_dags/example_branch_python_dop_operator_3.py for tasks to queue
[2023-11-22T21:09:41.015+0000] {logging_mixin.py:154} INFO - [2023-11-22T21:09:41.015+0000] {dagbag.py:536} INFO - Filling up the DagBag from /home/airflow/.local/lib/python3.8/site-packages/airflow/example_dags/example_branch_python_dop_operator_3.py
[2023-11-22T21:09:41.028+0000] {processor.py:839} INFO - DAG(s) dict_keys(['example_branch_dop_operator_v3']) retrieved from /home/airflow/.local/lib/python3.8/site-packages/airflow/example_dags/example_branch_python_dop_operator_3.py
[2023-11-22T21:09:41.047+0000] {logging_mixin.py:154} INFO - [2023-11-22T21:09:41.047+0000] {dag.py:2941} INFO - Sync 1 DAGs
[2023-11-22T21:09:41.127+0000] {logging_mixin.py:154} INFO - [2023-11-22T21:09:41.127+0000] {dag.py:3722} INFO - Setting next_dagrun for example_branch_dop_operator_v3 to 2023-11-22T21:08:00+00:00, run_after=2023-11-22T21:09:00+00:00
[2023-11-22T21:09:41.164+0000] {processor.py:179} INFO - Processing /home/airflow/.local/lib/python3.8/site-packages/airflow/example_dags/example_branch_python_dop_operator_3.py took 0.155 seconds
[2023-11-22T21:10:11.234+0000] {processor.py:157} INFO - Started process (PID=453) to work on /home/airflow/.local/lib/python3.8/site-packages/airflow/example_dags/example_branch_python_dop_operator_3.py
[2023-11-22T21:10:11.235+0000] {processor.py:829} INFO - Processing file /home/airflow/.local/lib/python3.8/site-packages/airflow/example_dags/example_branch_python_dop_operator_3.py for tasks to queue
[2023-11-22T21:10:11.236+0000] {logging_mixin.py:154} INFO - [2023-11-22T21:10:11.236+0000] {dagbag.py:536} INFO - Filling up the DagBag from /home/airflow/.local/lib/python3.8/site-packages/airflow/example_dags/example_branch_python_dop_operator_3.py
[2023-11-22T21:10:11.245+0000] {processor.py:839} INFO - DAG(s) dict_keys(['example_branch_dop_operator_v3']) retrieved from /home/airflow/.local/lib/python3.8/site-packages/airflow/example_dags/example_branch_python_dop_operator_3.py
[2023-11-22T21:10:11.267+0000] {logging_mixin.py:154} INFO - [2023-11-22T21:10:11.267+0000] {dag.py:2941} INFO - Sync 1 DAGs
[2023-11-22T21:10:11.289+0000] {logging_mixin.py:154} INFO - [2023-11-22T21:10:11.289+0000] {dag.py:3722} INFO - Setting next_dagrun for example_branch_dop_operator_v3 to 2023-11-22T21:09:00+00:00, run_after=2023-11-22T21:10:00+00:00
[2023-11-22T21:10:11.309+0000] {processor.py:179} INFO - Processing /home/airflow/.local/lib/python3.8/site-packages/airflow/example_dags/example_branch_python_dop_operator_3.py took 0.079 seconds
