[2023-11-22T19:30:06.143+0000] {processor.py:157} INFO - Started process (PID=302) to work on /home/airflow/.local/lib/python3.8/site-packages/airflow/example_dags/example_branch_labels.py
[2023-11-22T19:30:06.144+0000] {processor.py:829} INFO - Processing file /home/airflow/.local/lib/python3.8/site-packages/airflow/example_dags/example_branch_labels.py for tasks to queue
[2023-11-22T19:30:06.146+0000] {logging_mixin.py:154} INFO - [2023-11-22T19:30:06.145+0000] {dagbag.py:536} INFO - Filling up the DagBag from /home/airflow/.local/lib/python3.8/site-packages/airflow/example_dags/example_branch_labels.py
[2023-11-22T19:30:06.156+0000] {processor.py:839} INFO - DAG(s) dict_keys(['example_branch_labels']) retrieved from /home/airflow/.local/lib/python3.8/site-packages/airflow/example_dags/example_branch_labels.py
[2023-11-22T19:30:06.183+0000] {logging_mixin.py:154} INFO - [2023-11-22T19:30:06.183+0000] {dag.py:2941} INFO - Sync 1 DAGs
[2023-11-22T19:30:06.211+0000] {logging_mixin.py:154} INFO - [2023-11-22T19:30:06.211+0000] {dag.py:3722} INFO - Setting next_dagrun for example_branch_labels to 2023-11-21T00:00:00+00:00, run_after=2023-11-22T00:00:00+00:00
[2023-11-22T19:30:06.230+0000] {processor.py:179} INFO - Processing /home/airflow/.local/lib/python3.8/site-packages/airflow/example_dags/example_branch_labels.py took 0.092 seconds
[2023-11-22T19:30:36.890+0000] {processor.py:157} INFO - Started process (PID=540) to work on /home/airflow/.local/lib/python3.8/site-packages/airflow/example_dags/example_branch_labels.py
[2023-11-22T19:30:36.891+0000] {processor.py:829} INFO - Processing file /home/airflow/.local/lib/python3.8/site-packages/airflow/example_dags/example_branch_labels.py for tasks to queue
[2023-11-22T19:30:36.892+0000] {logging_mixin.py:154} INFO - [2023-11-22T19:30:36.891+0000] {dagbag.py:536} INFO - Filling up the DagBag from /home/airflow/.local/lib/python3.8/site-packages/airflow/example_dags/example_branch_labels.py
[2023-11-22T19:30:36.898+0000] {processor.py:839} INFO - DAG(s) dict_keys(['example_branch_labels']) retrieved from /home/airflow/.local/lib/python3.8/site-packages/airflow/example_dags/example_branch_labels.py
[2023-11-22T19:30:36.920+0000] {logging_mixin.py:154} INFO - [2023-11-22T19:30:36.920+0000] {dag.py:2941} INFO - Sync 1 DAGs
[2023-11-22T19:30:36.938+0000] {logging_mixin.py:154} INFO - [2023-11-22T19:30:36.938+0000] {dag.py:3722} INFO - Setting next_dagrun for example_branch_labels to 2023-11-21T00:00:00+00:00, run_after=2023-11-22T00:00:00+00:00
[2023-11-22T19:30:36.950+0000] {processor.py:179} INFO - Processing /home/airflow/.local/lib/python3.8/site-packages/airflow/example_dags/example_branch_labels.py took 0.064 seconds
[2023-11-22T19:31:07.491+0000] {processor.py:157} INFO - Started process (PID=778) to work on /home/airflow/.local/lib/python3.8/site-packages/airflow/example_dags/example_branch_labels.py
[2023-11-22T19:31:07.492+0000] {processor.py:829} INFO - Processing file /home/airflow/.local/lib/python3.8/site-packages/airflow/example_dags/example_branch_labels.py for tasks to queue
[2023-11-22T19:31:07.493+0000] {logging_mixin.py:154} INFO - [2023-11-22T19:31:07.492+0000] {dagbag.py:536} INFO - Filling up the DagBag from /home/airflow/.local/lib/python3.8/site-packages/airflow/example_dags/example_branch_labels.py
[2023-11-22T19:31:07.498+0000] {processor.py:839} INFO - DAG(s) dict_keys(['example_branch_labels']) retrieved from /home/airflow/.local/lib/python3.8/site-packages/airflow/example_dags/example_branch_labels.py
[2023-11-22T19:31:07.519+0000] {logging_mixin.py:154} INFO - [2023-11-22T19:31:07.519+0000] {dag.py:2941} INFO - Sync 1 DAGs
[2023-11-22T19:31:07.537+0000] {logging_mixin.py:154} INFO - [2023-11-22T19:31:07.536+0000] {dag.py:3722} INFO - Setting next_dagrun for example_branch_labels to 2023-11-21T00:00:00+00:00, run_after=2023-11-22T00:00:00+00:00
[2023-11-22T19:31:07.548+0000] {processor.py:179} INFO - Processing /home/airflow/.local/lib/python3.8/site-packages/airflow/example_dags/example_branch_labels.py took 0.061 seconds
[2023-11-22T19:31:38.354+0000] {processor.py:157} INFO - Started process (PID=1016) to work on /home/airflow/.local/lib/python3.8/site-packages/airflow/example_dags/example_branch_labels.py
[2023-11-22T19:31:38.355+0000] {processor.py:829} INFO - Processing file /home/airflow/.local/lib/python3.8/site-packages/airflow/example_dags/example_branch_labels.py for tasks to queue
[2023-11-22T19:31:38.356+0000] {logging_mixin.py:154} INFO - [2023-11-22T19:31:38.356+0000] {dagbag.py:536} INFO - Filling up the DagBag from /home/airflow/.local/lib/python3.8/site-packages/airflow/example_dags/example_branch_labels.py
[2023-11-22T19:31:38.365+0000] {processor.py:839} INFO - DAG(s) dict_keys(['example_branch_labels']) retrieved from /home/airflow/.local/lib/python3.8/site-packages/airflow/example_dags/example_branch_labels.py
[2023-11-22T19:31:38.394+0000] {logging_mixin.py:154} INFO - [2023-11-22T19:31:38.394+0000] {dag.py:2941} INFO - Sync 1 DAGs
[2023-11-22T19:31:38.419+0000] {logging_mixin.py:154} INFO - [2023-11-22T19:31:38.419+0000] {dag.py:3722} INFO - Setting next_dagrun for example_branch_labels to 2023-11-21T00:00:00+00:00, run_after=2023-11-22T00:00:00+00:00
[2023-11-22T19:31:38.437+0000] {processor.py:179} INFO - Processing /home/airflow/.local/lib/python3.8/site-packages/airflow/example_dags/example_branch_labels.py took 0.088 seconds
[2023-11-22T19:32:08.665+0000] {processor.py:157} INFO - Started process (PID=1254) to work on /home/airflow/.local/lib/python3.8/site-packages/airflow/example_dags/example_branch_labels.py
[2023-11-22T19:32:08.666+0000] {processor.py:829} INFO - Processing file /home/airflow/.local/lib/python3.8/site-packages/airflow/example_dags/example_branch_labels.py for tasks to queue
[2023-11-22T19:32:08.667+0000] {logging_mixin.py:154} INFO - [2023-11-22T19:32:08.666+0000] {dagbag.py:536} INFO - Filling up the DagBag from /home/airflow/.local/lib/python3.8/site-packages/airflow/example_dags/example_branch_labels.py
[2023-11-22T19:32:08.673+0000] {processor.py:839} INFO - DAG(s) dict_keys(['example_branch_labels']) retrieved from /home/airflow/.local/lib/python3.8/site-packages/airflow/example_dags/example_branch_labels.py
[2023-11-22T19:32:08.695+0000] {logging_mixin.py:154} INFO - [2023-11-22T19:32:08.695+0000] {dag.py:2941} INFO - Sync 1 DAGs
[2023-11-22T19:32:08.713+0000] {logging_mixin.py:154} INFO - [2023-11-22T19:32:08.713+0000] {dag.py:3722} INFO - Setting next_dagrun for example_branch_labels to 2023-11-21T00:00:00+00:00, run_after=2023-11-22T00:00:00+00:00
[2023-11-22T19:32:08.724+0000] {processor.py:179} INFO - Processing /home/airflow/.local/lib/python3.8/site-packages/airflow/example_dags/example_branch_labels.py took 0.063 seconds
[2023-11-22T19:32:39.194+0000] {processor.py:157} INFO - Started process (PID=1492) to work on /home/airflow/.local/lib/python3.8/site-packages/airflow/example_dags/example_branch_labels.py
[2023-11-22T19:32:39.196+0000] {processor.py:829} INFO - Processing file /home/airflow/.local/lib/python3.8/site-packages/airflow/example_dags/example_branch_labels.py for tasks to queue
[2023-11-22T19:32:39.197+0000] {logging_mixin.py:154} INFO - [2023-11-22T19:32:39.196+0000] {dagbag.py:536} INFO - Filling up the DagBag from /home/airflow/.local/lib/python3.8/site-packages/airflow/example_dags/example_branch_labels.py
[2023-11-22T19:32:39.204+0000] {processor.py:839} INFO - DAG(s) dict_keys(['example_branch_labels']) retrieved from /home/airflow/.local/lib/python3.8/site-packages/airflow/example_dags/example_branch_labels.py
[2023-11-22T19:32:39.228+0000] {logging_mixin.py:154} INFO - [2023-11-22T19:32:39.228+0000] {dag.py:2941} INFO - Sync 1 DAGs
[2023-11-22T19:32:39.248+0000] {logging_mixin.py:154} INFO - [2023-11-22T19:32:39.248+0000] {dag.py:3722} INFO - Setting next_dagrun for example_branch_labels to 2023-11-21T00:00:00+00:00, run_after=2023-11-22T00:00:00+00:00
[2023-11-22T19:32:39.261+0000] {processor.py:179} INFO - Processing /home/airflow/.local/lib/python3.8/site-packages/airflow/example_dags/example_branch_labels.py took 0.070 seconds
[2023-11-22T19:33:10.021+0000] {processor.py:157} INFO - Started process (PID=1732) to work on /home/airflow/.local/lib/python3.8/site-packages/airflow/example_dags/example_branch_labels.py
[2023-11-22T19:33:10.022+0000] {processor.py:829} INFO - Processing file /home/airflow/.local/lib/python3.8/site-packages/airflow/example_dags/example_branch_labels.py for tasks to queue
[2023-11-22T19:33:10.023+0000] {logging_mixin.py:154} INFO - [2023-11-22T19:33:10.023+0000] {dagbag.py:536} INFO - Filling up the DagBag from /home/airflow/.local/lib/python3.8/site-packages/airflow/example_dags/example_branch_labels.py
[2023-11-22T19:33:10.029+0000] {processor.py:839} INFO - DAG(s) dict_keys(['example_branch_labels']) retrieved from /home/airflow/.local/lib/python3.8/site-packages/airflow/example_dags/example_branch_labels.py
[2023-11-22T19:33:10.054+0000] {logging_mixin.py:154} INFO - [2023-11-22T19:33:10.054+0000] {dag.py:2941} INFO - Sync 1 DAGs
[2023-11-22T19:33:10.072+0000] {logging_mixin.py:154} INFO - [2023-11-22T19:33:10.072+0000] {dag.py:3722} INFO - Setting next_dagrun for example_branch_labels to 2023-11-21T00:00:00+00:00, run_after=2023-11-22T00:00:00+00:00
[2023-11-22T19:33:10.084+0000] {processor.py:179} INFO - Processing /home/airflow/.local/lib/python3.8/site-packages/airflow/example_dags/example_branch_labels.py took 0.065 seconds
[2023-11-22T19:33:40.514+0000] {processor.py:157} INFO - Started process (PID=1968) to work on /home/airflow/.local/lib/python3.8/site-packages/airflow/example_dags/example_branch_labels.py
[2023-11-22T19:33:40.515+0000] {processor.py:829} INFO - Processing file /home/airflow/.local/lib/python3.8/site-packages/airflow/example_dags/example_branch_labels.py for tasks to queue
[2023-11-22T19:33:40.516+0000] {logging_mixin.py:154} INFO - [2023-11-22T19:33:40.516+0000] {dagbag.py:536} INFO - Filling up the DagBag from /home/airflow/.local/lib/python3.8/site-packages/airflow/example_dags/example_branch_labels.py
[2023-11-22T19:33:40.523+0000] {processor.py:839} INFO - DAG(s) dict_keys(['example_branch_labels']) retrieved from /home/airflow/.local/lib/python3.8/site-packages/airflow/example_dags/example_branch_labels.py
[2023-11-22T19:33:40.546+0000] {logging_mixin.py:154} INFO - [2023-11-22T19:33:40.546+0000] {dag.py:2941} INFO - Sync 1 DAGs
[2023-11-22T19:33:40.565+0000] {logging_mixin.py:154} INFO - [2023-11-22T19:33:40.565+0000] {dag.py:3722} INFO - Setting next_dagrun for example_branch_labels to 2023-11-21T00:00:00+00:00, run_after=2023-11-22T00:00:00+00:00
[2023-11-22T19:33:40.584+0000] {processor.py:179} INFO - Processing /home/airflow/.local/lib/python3.8/site-packages/airflow/example_dags/example_branch_labels.py took 0.073 seconds
[2023-11-22T19:34:11.213+0000] {processor.py:157} INFO - Started process (PID=2208) to work on /home/airflow/.local/lib/python3.8/site-packages/airflow/example_dags/example_branch_labels.py
[2023-11-22T19:34:11.214+0000] {processor.py:829} INFO - Processing file /home/airflow/.local/lib/python3.8/site-packages/airflow/example_dags/example_branch_labels.py for tasks to queue
[2023-11-22T19:34:11.215+0000] {logging_mixin.py:154} INFO - [2023-11-22T19:34:11.215+0000] {dagbag.py:536} INFO - Filling up the DagBag from /home/airflow/.local/lib/python3.8/site-packages/airflow/example_dags/example_branch_labels.py
[2023-11-22T19:34:11.222+0000] {processor.py:839} INFO - DAG(s) dict_keys(['example_branch_labels']) retrieved from /home/airflow/.local/lib/python3.8/site-packages/airflow/example_dags/example_branch_labels.py
[2023-11-22T19:34:11.244+0000] {logging_mixin.py:154} INFO - [2023-11-22T19:34:11.243+0000] {dag.py:2941} INFO - Sync 1 DAGs
[2023-11-22T19:34:11.261+0000] {logging_mixin.py:154} INFO - [2023-11-22T19:34:11.260+0000] {dag.py:3722} INFO - Setting next_dagrun for example_branch_labels to 2023-11-21T00:00:00+00:00, run_after=2023-11-22T00:00:00+00:00
[2023-11-22T19:34:11.273+0000] {processor.py:179} INFO - Processing /home/airflow/.local/lib/python3.8/site-packages/airflow/example_dags/example_branch_labels.py took 0.063 seconds
[2023-11-22T19:34:41.592+0000] {processor.py:157} INFO - Started process (PID=2444) to work on /home/airflow/.local/lib/python3.8/site-packages/airflow/example_dags/example_branch_labels.py
[2023-11-22T19:34:41.593+0000] {processor.py:829} INFO - Processing file /home/airflow/.local/lib/python3.8/site-packages/airflow/example_dags/example_branch_labels.py for tasks to queue
[2023-11-22T19:34:41.594+0000] {logging_mixin.py:154} INFO - [2023-11-22T19:34:41.594+0000] {dagbag.py:536} INFO - Filling up the DagBag from /home/airflow/.local/lib/python3.8/site-packages/airflow/example_dags/example_branch_labels.py
[2023-11-22T19:34:41.600+0000] {processor.py:839} INFO - DAG(s) dict_keys(['example_branch_labels']) retrieved from /home/airflow/.local/lib/python3.8/site-packages/airflow/example_dags/example_branch_labels.py
[2023-11-22T19:34:41.621+0000] {logging_mixin.py:154} INFO - [2023-11-22T19:34:41.621+0000] {dag.py:2941} INFO - Sync 1 DAGs
[2023-11-22T19:34:41.639+0000] {logging_mixin.py:154} INFO - [2023-11-22T19:34:41.638+0000] {dag.py:3722} INFO - Setting next_dagrun for example_branch_labels to 2023-11-21T00:00:00+00:00, run_after=2023-11-22T00:00:00+00:00
[2023-11-22T19:34:41.651+0000] {processor.py:179} INFO - Processing /home/airflow/.local/lib/python3.8/site-packages/airflow/example_dags/example_branch_labels.py took 0.062 seconds
[2023-11-22T19:35:11.979+0000] {processor.py:157} INFO - Started process (PID=2682) to work on /home/airflow/.local/lib/python3.8/site-packages/airflow/example_dags/example_branch_labels.py
[2023-11-22T19:35:11.980+0000] {processor.py:829} INFO - Processing file /home/airflow/.local/lib/python3.8/site-packages/airflow/example_dags/example_branch_labels.py for tasks to queue
[2023-11-22T19:35:11.981+0000] {logging_mixin.py:154} INFO - [2023-11-22T19:35:11.981+0000] {dagbag.py:536} INFO - Filling up the DagBag from /home/airflow/.local/lib/python3.8/site-packages/airflow/example_dags/example_branch_labels.py
[2023-11-22T19:35:11.988+0000] {processor.py:839} INFO - DAG(s) dict_keys(['example_branch_labels']) retrieved from /home/airflow/.local/lib/python3.8/site-packages/airflow/example_dags/example_branch_labels.py
[2023-11-22T19:35:12.010+0000] {logging_mixin.py:154} INFO - [2023-11-22T19:35:12.010+0000] {dag.py:2941} INFO - Sync 1 DAGs
[2023-11-22T19:35:12.030+0000] {logging_mixin.py:154} INFO - [2023-11-22T19:35:12.030+0000] {dag.py:3722} INFO - Setting next_dagrun for example_branch_labels to 2023-11-21T00:00:00+00:00, run_after=2023-11-22T00:00:00+00:00
[2023-11-22T19:35:12.043+0000] {processor.py:179} INFO - Processing /home/airflow/.local/lib/python3.8/site-packages/airflow/example_dags/example_branch_labels.py took 0.067 seconds
[2023-11-22T19:35:42.441+0000] {processor.py:157} INFO - Started process (PID=2920) to work on /home/airflow/.local/lib/python3.8/site-packages/airflow/example_dags/example_branch_labels.py
[2023-11-22T19:35:42.442+0000] {processor.py:829} INFO - Processing file /home/airflow/.local/lib/python3.8/site-packages/airflow/example_dags/example_branch_labels.py for tasks to queue
[2023-11-22T19:35:42.443+0000] {logging_mixin.py:154} INFO - [2023-11-22T19:35:42.443+0000] {dagbag.py:536} INFO - Filling up the DagBag from /home/airflow/.local/lib/python3.8/site-packages/airflow/example_dags/example_branch_labels.py
[2023-11-22T19:35:42.449+0000] {processor.py:839} INFO - DAG(s) dict_keys(['example_branch_labels']) retrieved from /home/airflow/.local/lib/python3.8/site-packages/airflow/example_dags/example_branch_labels.py
[2023-11-22T19:35:42.471+0000] {logging_mixin.py:154} INFO - [2023-11-22T19:35:42.471+0000] {dag.py:2941} INFO - Sync 1 DAGs
[2023-11-22T19:35:42.489+0000] {logging_mixin.py:154} INFO - [2023-11-22T19:35:42.489+0000] {dag.py:3722} INFO - Setting next_dagrun for example_branch_labels to 2023-11-21T00:00:00+00:00, run_after=2023-11-22T00:00:00+00:00
[2023-11-22T19:35:42.504+0000] {processor.py:179} INFO - Processing /home/airflow/.local/lib/python3.8/site-packages/airflow/example_dags/example_branch_labels.py took 0.066 seconds
[2023-11-22T19:36:12.902+0000] {processor.py:157} INFO - Started process (PID=3158) to work on /home/airflow/.local/lib/python3.8/site-packages/airflow/example_dags/example_branch_labels.py
[2023-11-22T19:36:12.903+0000] {processor.py:829} INFO - Processing file /home/airflow/.local/lib/python3.8/site-packages/airflow/example_dags/example_branch_labels.py for tasks to queue
[2023-11-22T19:36:12.904+0000] {logging_mixin.py:154} INFO - [2023-11-22T19:36:12.904+0000] {dagbag.py:536} INFO - Filling up the DagBag from /home/airflow/.local/lib/python3.8/site-packages/airflow/example_dags/example_branch_labels.py
[2023-11-22T19:36:12.910+0000] {processor.py:839} INFO - DAG(s) dict_keys(['example_branch_labels']) retrieved from /home/airflow/.local/lib/python3.8/site-packages/airflow/example_dags/example_branch_labels.py
[2023-11-22T19:36:12.931+0000] {logging_mixin.py:154} INFO - [2023-11-22T19:36:12.930+0000] {dag.py:2941} INFO - Sync 1 DAGs
[2023-11-22T19:36:12.948+0000] {logging_mixin.py:154} INFO - [2023-11-22T19:36:12.948+0000] {dag.py:3722} INFO - Setting next_dagrun for example_branch_labels to 2023-11-21T00:00:00+00:00, run_after=2023-11-22T00:00:00+00:00
[2023-11-22T19:36:12.961+0000] {processor.py:179} INFO - Processing /home/airflow/.local/lib/python3.8/site-packages/airflow/example_dags/example_branch_labels.py took 0.062 seconds
[2023-11-22T19:36:43.771+0000] {processor.py:157} INFO - Started process (PID=3396) to work on /home/airflow/.local/lib/python3.8/site-packages/airflow/example_dags/example_branch_labels.py
[2023-11-22T19:36:43.772+0000] {processor.py:829} INFO - Processing file /home/airflow/.local/lib/python3.8/site-packages/airflow/example_dags/example_branch_labels.py for tasks to queue
[2023-11-22T19:36:43.774+0000] {logging_mixin.py:154} INFO - [2023-11-22T19:36:43.773+0000] {dagbag.py:536} INFO - Filling up the DagBag from /home/airflow/.local/lib/python3.8/site-packages/airflow/example_dags/example_branch_labels.py
[2023-11-22T19:36:43.784+0000] {processor.py:839} INFO - DAG(s) dict_keys(['example_branch_labels']) retrieved from /home/airflow/.local/lib/python3.8/site-packages/airflow/example_dags/example_branch_labels.py
[2023-11-22T19:36:43.819+0000] {logging_mixin.py:154} INFO - [2023-11-22T19:36:43.818+0000] {dag.py:2941} INFO - Sync 1 DAGs
[2023-11-22T19:36:43.844+0000] {logging_mixin.py:154} INFO - [2023-11-22T19:36:43.844+0000] {dag.py:3722} INFO - Setting next_dagrun for example_branch_labels to 2023-11-21T00:00:00+00:00, run_after=2023-11-22T00:00:00+00:00
[2023-11-22T19:36:43.863+0000] {processor.py:179} INFO - Processing /home/airflow/.local/lib/python3.8/site-packages/airflow/example_dags/example_branch_labels.py took 0.097 seconds
[2023-11-22T19:37:14.701+0000] {processor.py:157} INFO - Started process (PID=3634) to work on /home/airflow/.local/lib/python3.8/site-packages/airflow/example_dags/example_branch_labels.py
[2023-11-22T19:37:14.702+0000] {processor.py:829} INFO - Processing file /home/airflow/.local/lib/python3.8/site-packages/airflow/example_dags/example_branch_labels.py for tasks to queue
[2023-11-22T19:37:14.703+0000] {logging_mixin.py:154} INFO - [2023-11-22T19:37:14.703+0000] {dagbag.py:536} INFO - Filling up the DagBag from /home/airflow/.local/lib/python3.8/site-packages/airflow/example_dags/example_branch_labels.py
[2023-11-22T19:37:14.710+0000] {processor.py:839} INFO - DAG(s) dict_keys(['example_branch_labels']) retrieved from /home/airflow/.local/lib/python3.8/site-packages/airflow/example_dags/example_branch_labels.py
[2023-11-22T19:37:14.738+0000] {logging_mixin.py:154} INFO - [2023-11-22T19:37:14.738+0000] {dag.py:2941} INFO - Sync 1 DAGs
[2023-11-22T19:37:14.760+0000] {logging_mixin.py:154} INFO - [2023-11-22T19:37:14.760+0000] {dag.py:3722} INFO - Setting next_dagrun for example_branch_labels to 2023-11-21T00:00:00+00:00, run_after=2023-11-22T00:00:00+00:00
[2023-11-22T19:37:14.775+0000] {processor.py:179} INFO - Processing /home/airflow/.local/lib/python3.8/site-packages/airflow/example_dags/example_branch_labels.py took 0.077 seconds
[2023-11-22T19:37:45.084+0000] {processor.py:157} INFO - Started process (PID=3872) to work on /home/airflow/.local/lib/python3.8/site-packages/airflow/example_dags/example_branch_labels.py
[2023-11-22T19:37:45.090+0000] {processor.py:829} INFO - Processing file /home/airflow/.local/lib/python3.8/site-packages/airflow/example_dags/example_branch_labels.py for tasks to queue
[2023-11-22T19:37:45.091+0000] {logging_mixin.py:154} INFO - [2023-11-22T19:37:45.091+0000] {dagbag.py:536} INFO - Filling up the DagBag from /home/airflow/.local/lib/python3.8/site-packages/airflow/example_dags/example_branch_labels.py
[2023-11-22T19:37:45.102+0000] {processor.py:839} INFO - DAG(s) dict_keys(['example_branch_labels']) retrieved from /home/airflow/.local/lib/python3.8/site-packages/airflow/example_dags/example_branch_labels.py
[2023-11-22T19:37:45.140+0000] {logging_mixin.py:154} INFO - [2023-11-22T19:37:45.140+0000] {dag.py:2941} INFO - Sync 1 DAGs
[2023-11-22T19:37:45.165+0000] {logging_mixin.py:154} INFO - [2023-11-22T19:37:45.164+0000] {dag.py:3722} INFO - Setting next_dagrun for example_branch_labels to 2023-11-21T00:00:00+00:00, run_after=2023-11-22T00:00:00+00:00
[2023-11-22T19:37:45.183+0000] {processor.py:179} INFO - Processing /home/airflow/.local/lib/python3.8/site-packages/airflow/example_dags/example_branch_labels.py took 0.105 seconds
[2023-11-22T19:38:15.251+0000] {processor.py:157} INFO - Started process (PID=4112) to work on /home/airflow/.local/lib/python3.8/site-packages/airflow/example_dags/example_branch_labels.py
[2023-11-22T19:38:15.252+0000] {processor.py:829} INFO - Processing file /home/airflow/.local/lib/python3.8/site-packages/airflow/example_dags/example_branch_labels.py for tasks to queue
[2023-11-22T19:38:15.253+0000] {logging_mixin.py:154} INFO - [2023-11-22T19:38:15.252+0000] {dagbag.py:536} INFO - Filling up the DagBag from /home/airflow/.local/lib/python3.8/site-packages/airflow/example_dags/example_branch_labels.py
[2023-11-22T19:38:15.260+0000] {processor.py:839} INFO - DAG(s) dict_keys(['example_branch_labels']) retrieved from /home/airflow/.local/lib/python3.8/site-packages/airflow/example_dags/example_branch_labels.py
[2023-11-22T19:38:15.283+0000] {logging_mixin.py:154} INFO - [2023-11-22T19:38:15.282+0000] {dag.py:2941} INFO - Sync 1 DAGs
[2023-11-22T19:38:15.301+0000] {logging_mixin.py:154} INFO - [2023-11-22T19:38:15.301+0000] {dag.py:3722} INFO - Setting next_dagrun for example_branch_labels to 2023-11-21T00:00:00+00:00, run_after=2023-11-22T00:00:00+00:00
[2023-11-22T19:38:15.314+0000] {processor.py:179} INFO - Processing /home/airflow/.local/lib/python3.8/site-packages/airflow/example_dags/example_branch_labels.py took 0.066 seconds
[2023-11-22T19:38:45.523+0000] {processor.py:157} INFO - Started process (PID=4347) to work on /home/airflow/.local/lib/python3.8/site-packages/airflow/example_dags/example_branch_labels.py
[2023-11-22T19:38:45.524+0000] {processor.py:829} INFO - Processing file /home/airflow/.local/lib/python3.8/site-packages/airflow/example_dags/example_branch_labels.py for tasks to queue
[2023-11-22T19:38:45.525+0000] {logging_mixin.py:154} INFO - [2023-11-22T19:38:45.525+0000] {dagbag.py:536} INFO - Filling up the DagBag from /home/airflow/.local/lib/python3.8/site-packages/airflow/example_dags/example_branch_labels.py
[2023-11-22T19:38:45.533+0000] {processor.py:839} INFO - DAG(s) dict_keys(['example_branch_labels']) retrieved from /home/airflow/.local/lib/python3.8/site-packages/airflow/example_dags/example_branch_labels.py
[2023-11-22T19:38:45.557+0000] {logging_mixin.py:154} INFO - [2023-11-22T19:38:45.557+0000] {dag.py:2941} INFO - Sync 1 DAGs
[2023-11-22T19:38:45.576+0000] {logging_mixin.py:154} INFO - [2023-11-22T19:38:45.576+0000] {dag.py:3722} INFO - Setting next_dagrun for example_branch_labels to 2023-11-21T00:00:00+00:00, run_after=2023-11-22T00:00:00+00:00
[2023-11-22T19:38:45.590+0000] {processor.py:179} INFO - Processing /home/airflow/.local/lib/python3.8/site-packages/airflow/example_dags/example_branch_labels.py took 0.071 seconds
[2023-11-22T19:39:16.009+0000] {processor.py:157} INFO - Started process (PID=4587) to work on /home/airflow/.local/lib/python3.8/site-packages/airflow/example_dags/example_branch_labels.py
[2023-11-22T19:39:16.010+0000] {processor.py:829} INFO - Processing file /home/airflow/.local/lib/python3.8/site-packages/airflow/example_dags/example_branch_labels.py for tasks to queue
[2023-11-22T19:39:16.011+0000] {logging_mixin.py:154} INFO - [2023-11-22T19:39:16.011+0000] {dagbag.py:536} INFO - Filling up the DagBag from /home/airflow/.local/lib/python3.8/site-packages/airflow/example_dags/example_branch_labels.py
[2023-11-22T19:39:16.017+0000] {processor.py:839} INFO - DAG(s) dict_keys(['example_branch_labels']) retrieved from /home/airflow/.local/lib/python3.8/site-packages/airflow/example_dags/example_branch_labels.py
[2023-11-22T19:39:16.038+0000] {logging_mixin.py:154} INFO - [2023-11-22T19:39:16.038+0000] {dag.py:2941} INFO - Sync 1 DAGs
[2023-11-22T19:39:16.063+0000] {logging_mixin.py:154} INFO - [2023-11-22T19:39:16.063+0000] {dag.py:3722} INFO - Setting next_dagrun for example_branch_labels to 2023-11-21T00:00:00+00:00, run_after=2023-11-22T00:00:00+00:00
[2023-11-22T19:39:16.074+0000] {processor.py:179} INFO - Processing /home/airflow/.local/lib/python3.8/site-packages/airflow/example_dags/example_branch_labels.py took 0.068 seconds
[2023-11-22T19:39:46.386+0000] {processor.py:157} INFO - Started process (PID=4823) to work on /home/airflow/.local/lib/python3.8/site-packages/airflow/example_dags/example_branch_labels.py
[2023-11-22T19:39:46.387+0000] {processor.py:829} INFO - Processing file /home/airflow/.local/lib/python3.8/site-packages/airflow/example_dags/example_branch_labels.py for tasks to queue
[2023-11-22T19:39:46.388+0000] {logging_mixin.py:154} INFO - [2023-11-22T19:39:46.388+0000] {dagbag.py:536} INFO - Filling up the DagBag from /home/airflow/.local/lib/python3.8/site-packages/airflow/example_dags/example_branch_labels.py
[2023-11-22T19:39:46.394+0000] {processor.py:839} INFO - DAG(s) dict_keys(['example_branch_labels']) retrieved from /home/airflow/.local/lib/python3.8/site-packages/airflow/example_dags/example_branch_labels.py
[2023-11-22T19:39:46.415+0000] {logging_mixin.py:154} INFO - [2023-11-22T19:39:46.414+0000] {dag.py:2941} INFO - Sync 1 DAGs
[2023-11-22T19:39:46.432+0000] {logging_mixin.py:154} INFO - [2023-11-22T19:39:46.432+0000] {dag.py:3722} INFO - Setting next_dagrun for example_branch_labels to 2023-11-21T00:00:00+00:00, run_after=2023-11-22T00:00:00+00:00
[2023-11-22T19:39:46.444+0000] {processor.py:179} INFO - Processing /home/airflow/.local/lib/python3.8/site-packages/airflow/example_dags/example_branch_labels.py took 0.061 seconds
[2023-11-22T19:40:17.010+0000] {processor.py:157} INFO - Started process (PID=5061) to work on /home/airflow/.local/lib/python3.8/site-packages/airflow/example_dags/example_branch_labels.py
[2023-11-22T19:40:17.011+0000] {processor.py:829} INFO - Processing file /home/airflow/.local/lib/python3.8/site-packages/airflow/example_dags/example_branch_labels.py for tasks to queue
[2023-11-22T19:40:17.012+0000] {logging_mixin.py:154} INFO - [2023-11-22T19:40:17.012+0000] {dagbag.py:536} INFO - Filling up the DagBag from /home/airflow/.local/lib/python3.8/site-packages/airflow/example_dags/example_branch_labels.py
[2023-11-22T19:40:17.018+0000] {processor.py:839} INFO - DAG(s) dict_keys(['example_branch_labels']) retrieved from /home/airflow/.local/lib/python3.8/site-packages/airflow/example_dags/example_branch_labels.py
[2023-11-22T19:40:17.040+0000] {logging_mixin.py:154} INFO - [2023-11-22T19:40:17.040+0000] {dag.py:2941} INFO - Sync 1 DAGs
[2023-11-22T19:40:17.057+0000] {logging_mixin.py:154} INFO - [2023-11-22T19:40:17.057+0000] {dag.py:3722} INFO - Setting next_dagrun for example_branch_labels to 2023-11-21T00:00:00+00:00, run_after=2023-11-22T00:00:00+00:00
[2023-11-22T19:40:17.069+0000] {processor.py:179} INFO - Processing /home/airflow/.local/lib/python3.8/site-packages/airflow/example_dags/example_branch_labels.py took 0.062 seconds
[2023-11-22T19:40:47.612+0000] {processor.py:157} INFO - Started process (PID=5299) to work on /home/airflow/.local/lib/python3.8/site-packages/airflow/example_dags/example_branch_labels.py
[2023-11-22T19:40:47.613+0000] {processor.py:829} INFO - Processing file /home/airflow/.local/lib/python3.8/site-packages/airflow/example_dags/example_branch_labels.py for tasks to queue
[2023-11-22T19:40:47.613+0000] {logging_mixin.py:154} INFO - [2023-11-22T19:40:47.613+0000] {dagbag.py:536} INFO - Filling up the DagBag from /home/airflow/.local/lib/python3.8/site-packages/airflow/example_dags/example_branch_labels.py
[2023-11-22T19:40:47.619+0000] {processor.py:839} INFO - DAG(s) dict_keys(['example_branch_labels']) retrieved from /home/airflow/.local/lib/python3.8/site-packages/airflow/example_dags/example_branch_labels.py
[2023-11-22T19:40:47.640+0000] {logging_mixin.py:154} INFO - [2023-11-22T19:40:47.640+0000] {dag.py:2941} INFO - Sync 1 DAGs
[2023-11-22T19:40:47.659+0000] {logging_mixin.py:154} INFO - [2023-11-22T19:40:47.659+0000] {dag.py:3722} INFO - Setting next_dagrun for example_branch_labels to 2023-11-21T00:00:00+00:00, run_after=2023-11-22T00:00:00+00:00
[2023-11-22T19:40:47.673+0000] {processor.py:179} INFO - Processing /home/airflow/.local/lib/python3.8/site-packages/airflow/example_dags/example_branch_labels.py took 0.064 seconds
[2023-11-22T19:41:18.136+0000] {processor.py:157} INFO - Started process (PID=5537) to work on /home/airflow/.local/lib/python3.8/site-packages/airflow/example_dags/example_branch_labels.py
[2023-11-22T19:41:18.137+0000] {processor.py:829} INFO - Processing file /home/airflow/.local/lib/python3.8/site-packages/airflow/example_dags/example_branch_labels.py for tasks to queue
[2023-11-22T19:41:18.138+0000] {logging_mixin.py:154} INFO - [2023-11-22T19:41:18.138+0000] {dagbag.py:536} INFO - Filling up the DagBag from /home/airflow/.local/lib/python3.8/site-packages/airflow/example_dags/example_branch_labels.py
[2023-11-22T19:41:18.145+0000] {processor.py:839} INFO - DAG(s) dict_keys(['example_branch_labels']) retrieved from /home/airflow/.local/lib/python3.8/site-packages/airflow/example_dags/example_branch_labels.py
[2023-11-22T19:41:18.171+0000] {logging_mixin.py:154} INFO - [2023-11-22T19:41:18.171+0000] {dag.py:2941} INFO - Sync 1 DAGs
[2023-11-22T19:41:18.194+0000] {logging_mixin.py:154} INFO - [2023-11-22T19:41:18.193+0000] {dag.py:3722} INFO - Setting next_dagrun for example_branch_labels to 2023-11-21T00:00:00+00:00, run_after=2023-11-22T00:00:00+00:00
[2023-11-22T19:41:18.208+0000] {processor.py:179} INFO - Processing /home/airflow/.local/lib/python3.8/site-packages/airflow/example_dags/example_branch_labels.py took 0.075 seconds
[2023-11-22T19:41:48.610+0000] {processor.py:157} INFO - Started process (PID=5775) to work on /home/airflow/.local/lib/python3.8/site-packages/airflow/example_dags/example_branch_labels.py
[2023-11-22T19:41:48.610+0000] {processor.py:829} INFO - Processing file /home/airflow/.local/lib/python3.8/site-packages/airflow/example_dags/example_branch_labels.py for tasks to queue
[2023-11-22T19:41:48.611+0000] {logging_mixin.py:154} INFO - [2023-11-22T19:41:48.611+0000] {dagbag.py:536} INFO - Filling up the DagBag from /home/airflow/.local/lib/python3.8/site-packages/airflow/example_dags/example_branch_labels.py
[2023-11-22T19:41:48.617+0000] {processor.py:839} INFO - DAG(s) dict_keys(['example_branch_labels']) retrieved from /home/airflow/.local/lib/python3.8/site-packages/airflow/example_dags/example_branch_labels.py
[2023-11-22T19:41:48.640+0000] {logging_mixin.py:154} INFO - [2023-11-22T19:41:48.640+0000] {dag.py:2941} INFO - Sync 1 DAGs
[2023-11-22T19:41:48.658+0000] {logging_mixin.py:154} INFO - [2023-11-22T19:41:48.658+0000] {dag.py:3722} INFO - Setting next_dagrun for example_branch_labels to 2023-11-21T00:00:00+00:00, run_after=2023-11-22T00:00:00+00:00
[2023-11-22T19:41:48.672+0000] {processor.py:179} INFO - Processing /home/airflow/.local/lib/python3.8/site-packages/airflow/example_dags/example_branch_labels.py took 0.065 seconds
[2023-11-22T19:42:18.989+0000] {processor.py:157} INFO - Started process (PID=6012) to work on /home/airflow/.local/lib/python3.8/site-packages/airflow/example_dags/example_branch_labels.py
[2023-11-22T19:42:18.990+0000] {processor.py:829} INFO - Processing file /home/airflow/.local/lib/python3.8/site-packages/airflow/example_dags/example_branch_labels.py for tasks to queue
[2023-11-22T19:42:18.991+0000] {logging_mixin.py:154} INFO - [2023-11-22T19:42:18.991+0000] {dagbag.py:536} INFO - Filling up the DagBag from /home/airflow/.local/lib/python3.8/site-packages/airflow/example_dags/example_branch_labels.py
[2023-11-22T19:42:18.998+0000] {processor.py:839} INFO - DAG(s) dict_keys(['example_branch_labels']) retrieved from /home/airflow/.local/lib/python3.8/site-packages/airflow/example_dags/example_branch_labels.py
[2023-11-22T19:42:19.020+0000] {logging_mixin.py:154} INFO - [2023-11-22T19:42:19.019+0000] {dag.py:2941} INFO - Sync 1 DAGs
[2023-11-22T19:42:19.037+0000] {logging_mixin.py:154} INFO - [2023-11-22T19:42:19.037+0000] {dag.py:3722} INFO - Setting next_dagrun for example_branch_labels to 2023-11-21T00:00:00+00:00, run_after=2023-11-22T00:00:00+00:00
[2023-11-22T19:42:19.049+0000] {processor.py:179} INFO - Processing /home/airflow/.local/lib/python3.8/site-packages/airflow/example_dags/example_branch_labels.py took 0.063 seconds
[2023-11-22T19:42:49.431+0000] {processor.py:157} INFO - Started process (PID=6250) to work on /home/airflow/.local/lib/python3.8/site-packages/airflow/example_dags/example_branch_labels.py
[2023-11-22T19:42:49.432+0000] {processor.py:829} INFO - Processing file /home/airflow/.local/lib/python3.8/site-packages/airflow/example_dags/example_branch_labels.py for tasks to queue
[2023-11-22T19:42:49.433+0000] {logging_mixin.py:154} INFO - [2023-11-22T19:42:49.433+0000] {dagbag.py:536} INFO - Filling up the DagBag from /home/airflow/.local/lib/python3.8/site-packages/airflow/example_dags/example_branch_labels.py
[2023-11-22T19:42:49.439+0000] {processor.py:839} INFO - DAG(s) dict_keys(['example_branch_labels']) retrieved from /home/airflow/.local/lib/python3.8/site-packages/airflow/example_dags/example_branch_labels.py
[2023-11-22T19:42:49.462+0000] {logging_mixin.py:154} INFO - [2023-11-22T19:42:49.461+0000] {dag.py:2941} INFO - Sync 1 DAGs
[2023-11-22T19:42:49.479+0000] {logging_mixin.py:154} INFO - [2023-11-22T19:42:49.479+0000] {dag.py:3722} INFO - Setting next_dagrun for example_branch_labels to 2023-11-21T00:00:00+00:00, run_after=2023-11-22T00:00:00+00:00
[2023-11-22T19:42:49.492+0000] {processor.py:179} INFO - Processing /home/airflow/.local/lib/python3.8/site-packages/airflow/example_dags/example_branch_labels.py took 0.064 seconds
[2023-11-22T19:43:19.741+0000] {processor.py:157} INFO - Started process (PID=6488) to work on /home/airflow/.local/lib/python3.8/site-packages/airflow/example_dags/example_branch_labels.py
[2023-11-22T19:43:19.742+0000] {processor.py:829} INFO - Processing file /home/airflow/.local/lib/python3.8/site-packages/airflow/example_dags/example_branch_labels.py for tasks to queue
[2023-11-22T19:43:19.742+0000] {logging_mixin.py:154} INFO - [2023-11-22T19:43:19.742+0000] {dagbag.py:536} INFO - Filling up the DagBag from /home/airflow/.local/lib/python3.8/site-packages/airflow/example_dags/example_branch_labels.py
[2023-11-22T19:43:19.749+0000] {processor.py:839} INFO - DAG(s) dict_keys(['example_branch_labels']) retrieved from /home/airflow/.local/lib/python3.8/site-packages/airflow/example_dags/example_branch_labels.py
[2023-11-22T19:43:19.771+0000] {logging_mixin.py:154} INFO - [2023-11-22T19:43:19.771+0000] {dag.py:2941} INFO - Sync 1 DAGs
[2023-11-22T19:43:19.788+0000] {logging_mixin.py:154} INFO - [2023-11-22T19:43:19.788+0000] {dag.py:3722} INFO - Setting next_dagrun for example_branch_labels to 2023-11-21T00:00:00+00:00, run_after=2023-11-22T00:00:00+00:00
[2023-11-22T19:43:19.800+0000] {processor.py:179} INFO - Processing /home/airflow/.local/lib/python3.8/site-packages/airflow/example_dags/example_branch_labels.py took 0.062 seconds
[2023-11-22T19:43:50.304+0000] {processor.py:157} INFO - Started process (PID=6726) to work on /home/airflow/.local/lib/python3.8/site-packages/airflow/example_dags/example_branch_labels.py
[2023-11-22T19:43:50.305+0000] {processor.py:829} INFO - Processing file /home/airflow/.local/lib/python3.8/site-packages/airflow/example_dags/example_branch_labels.py for tasks to queue
[2023-11-22T19:43:50.306+0000] {logging_mixin.py:154} INFO - [2023-11-22T19:43:50.306+0000] {dagbag.py:536} INFO - Filling up the DagBag from /home/airflow/.local/lib/python3.8/site-packages/airflow/example_dags/example_branch_labels.py
[2023-11-22T19:43:50.312+0000] {processor.py:839} INFO - DAG(s) dict_keys(['example_branch_labels']) retrieved from /home/airflow/.local/lib/python3.8/site-packages/airflow/example_dags/example_branch_labels.py
[2023-11-22T19:43:50.336+0000] {logging_mixin.py:154} INFO - [2023-11-22T19:43:50.335+0000] {dag.py:2941} INFO - Sync 1 DAGs
[2023-11-22T19:43:50.353+0000] {logging_mixin.py:154} INFO - [2023-11-22T19:43:50.353+0000] {dag.py:3722} INFO - Setting next_dagrun for example_branch_labels to 2023-11-21T00:00:00+00:00, run_after=2023-11-22T00:00:00+00:00
[2023-11-22T19:43:50.366+0000] {processor.py:179} INFO - Processing /home/airflow/.local/lib/python3.8/site-packages/airflow/example_dags/example_branch_labels.py took 0.065 seconds
[2023-11-22T19:44:20.773+0000] {processor.py:157} INFO - Started process (PID=6971) to work on /home/airflow/.local/lib/python3.8/site-packages/airflow/example_dags/example_branch_labels.py
[2023-11-22T19:44:20.774+0000] {processor.py:829} INFO - Processing file /home/airflow/.local/lib/python3.8/site-packages/airflow/example_dags/example_branch_labels.py for tasks to queue
[2023-11-22T19:44:20.775+0000] {logging_mixin.py:154} INFO - [2023-11-22T19:44:20.775+0000] {dagbag.py:536} INFO - Filling up the DagBag from /home/airflow/.local/lib/python3.8/site-packages/airflow/example_dags/example_branch_labels.py
[2023-11-22T19:44:20.782+0000] {processor.py:839} INFO - DAG(s) dict_keys(['example_branch_labels']) retrieved from /home/airflow/.local/lib/python3.8/site-packages/airflow/example_dags/example_branch_labels.py
[2023-11-22T19:44:20.807+0000] {logging_mixin.py:154} INFO - [2023-11-22T19:44:20.807+0000] {dag.py:2941} INFO - Sync 1 DAGs
[2023-11-22T19:44:20.827+0000] {logging_mixin.py:154} INFO - [2023-11-22T19:44:20.827+0000] {dag.py:3722} INFO - Setting next_dagrun for example_branch_labels to 2023-11-21T00:00:00+00:00, run_after=2023-11-22T00:00:00+00:00
[2023-11-22T19:44:20.840+0000] {processor.py:179} INFO - Processing /home/airflow/.local/lib/python3.8/site-packages/airflow/example_dags/example_branch_labels.py took 0.069 seconds
[2023-11-22T19:44:51.243+0000] {processor.py:157} INFO - Started process (PID=7209) to work on /home/airflow/.local/lib/python3.8/site-packages/airflow/example_dags/example_branch_labels.py
[2023-11-22T19:44:51.243+0000] {processor.py:829} INFO - Processing file /home/airflow/.local/lib/python3.8/site-packages/airflow/example_dags/example_branch_labels.py for tasks to queue
[2023-11-22T19:44:51.244+0000] {logging_mixin.py:154} INFO - [2023-11-22T19:44:51.244+0000] {dagbag.py:536} INFO - Filling up the DagBag from /home/airflow/.local/lib/python3.8/site-packages/airflow/example_dags/example_branch_labels.py
[2023-11-22T19:44:51.251+0000] {processor.py:839} INFO - DAG(s) dict_keys(['example_branch_labels']) retrieved from /home/airflow/.local/lib/python3.8/site-packages/airflow/example_dags/example_branch_labels.py
[2023-11-22T19:44:51.273+0000] {logging_mixin.py:154} INFO - [2023-11-22T19:44:51.273+0000] {dag.py:2941} INFO - Sync 1 DAGs
[2023-11-22T19:44:51.291+0000] {logging_mixin.py:154} INFO - [2023-11-22T19:44:51.291+0000] {dag.py:3722} INFO - Setting next_dagrun for example_branch_labels to 2023-11-21T00:00:00+00:00, run_after=2023-11-22T00:00:00+00:00
[2023-11-22T19:44:51.302+0000] {processor.py:179} INFO - Processing /home/airflow/.local/lib/python3.8/site-packages/airflow/example_dags/example_branch_labels.py took 0.063 seconds
[2023-11-22T19:45:21.625+0000] {processor.py:157} INFO - Started process (PID=7447) to work on /home/airflow/.local/lib/python3.8/site-packages/airflow/example_dags/example_branch_labels.py
[2023-11-22T19:45:21.626+0000] {processor.py:829} INFO - Processing file /home/airflow/.local/lib/python3.8/site-packages/airflow/example_dags/example_branch_labels.py for tasks to queue
[2023-11-22T19:45:21.627+0000] {logging_mixin.py:154} INFO - [2023-11-22T19:45:21.627+0000] {dagbag.py:536} INFO - Filling up the DagBag from /home/airflow/.local/lib/python3.8/site-packages/airflow/example_dags/example_branch_labels.py
[2023-11-22T19:45:21.633+0000] {processor.py:839} INFO - DAG(s) dict_keys(['example_branch_labels']) retrieved from /home/airflow/.local/lib/python3.8/site-packages/airflow/example_dags/example_branch_labels.py
[2023-11-22T19:45:21.656+0000] {logging_mixin.py:154} INFO - [2023-11-22T19:45:21.655+0000] {dag.py:2941} INFO - Sync 1 DAGs
[2023-11-22T19:45:21.673+0000] {logging_mixin.py:154} INFO - [2023-11-22T19:45:21.673+0000] {dag.py:3722} INFO - Setting next_dagrun for example_branch_labels to 2023-11-21T00:00:00+00:00, run_after=2023-11-22T00:00:00+00:00
[2023-11-22T19:45:21.685+0000] {processor.py:179} INFO - Processing /home/airflow/.local/lib/python3.8/site-packages/airflow/example_dags/example_branch_labels.py took 0.063 seconds
[2023-11-22T19:45:52.140+0000] {processor.py:157} INFO - Started process (PID=7685) to work on /home/airflow/.local/lib/python3.8/site-packages/airflow/example_dags/example_branch_labels.py
[2023-11-22T19:45:52.141+0000] {processor.py:829} INFO - Processing file /home/airflow/.local/lib/python3.8/site-packages/airflow/example_dags/example_branch_labels.py for tasks to queue
[2023-11-22T19:45:52.142+0000] {logging_mixin.py:154} INFO - [2023-11-22T19:45:52.142+0000] {dagbag.py:536} INFO - Filling up the DagBag from /home/airflow/.local/lib/python3.8/site-packages/airflow/example_dags/example_branch_labels.py
[2023-11-22T19:45:52.148+0000] {processor.py:839} INFO - DAG(s) dict_keys(['example_branch_labels']) retrieved from /home/airflow/.local/lib/python3.8/site-packages/airflow/example_dags/example_branch_labels.py
[2023-11-22T19:45:52.172+0000] {logging_mixin.py:154} INFO - [2023-11-22T19:45:52.172+0000] {dag.py:2941} INFO - Sync 1 DAGs
[2023-11-22T19:45:52.190+0000] {logging_mixin.py:154} INFO - [2023-11-22T19:45:52.190+0000] {dag.py:3722} INFO - Setting next_dagrun for example_branch_labels to 2023-11-21T00:00:00+00:00, run_after=2023-11-22T00:00:00+00:00
[2023-11-22T19:45:52.202+0000] {processor.py:179} INFO - Processing /home/airflow/.local/lib/python3.8/site-packages/airflow/example_dags/example_branch_labels.py took 0.065 seconds
[2023-11-22T19:46:22.599+0000] {processor.py:157} INFO - Started process (PID=7923) to work on /home/airflow/.local/lib/python3.8/site-packages/airflow/example_dags/example_branch_labels.py
[2023-11-22T19:46:22.600+0000] {processor.py:829} INFO - Processing file /home/airflow/.local/lib/python3.8/site-packages/airflow/example_dags/example_branch_labels.py for tasks to queue
[2023-11-22T19:46:22.601+0000] {logging_mixin.py:154} INFO - [2023-11-22T19:46:22.600+0000] {dagbag.py:536} INFO - Filling up the DagBag from /home/airflow/.local/lib/python3.8/site-packages/airflow/example_dags/example_branch_labels.py
[2023-11-22T19:46:22.607+0000] {processor.py:839} INFO - DAG(s) dict_keys(['example_branch_labels']) retrieved from /home/airflow/.local/lib/python3.8/site-packages/airflow/example_dags/example_branch_labels.py
[2023-11-22T19:46:22.629+0000] {logging_mixin.py:154} INFO - [2023-11-22T19:46:22.629+0000] {dag.py:2941} INFO - Sync 1 DAGs
[2023-11-22T19:46:22.647+0000] {logging_mixin.py:154} INFO - [2023-11-22T19:46:22.646+0000] {dag.py:3722} INFO - Setting next_dagrun for example_branch_labels to 2023-11-21T00:00:00+00:00, run_after=2023-11-22T00:00:00+00:00
[2023-11-22T19:46:22.659+0000] {processor.py:179} INFO - Processing /home/airflow/.local/lib/python3.8/site-packages/airflow/example_dags/example_branch_labels.py took 0.063 seconds
[2023-11-22T19:46:53.012+0000] {processor.py:157} INFO - Started process (PID=8161) to work on /home/airflow/.local/lib/python3.8/site-packages/airflow/example_dags/example_branch_labels.py
[2023-11-22T19:46:53.012+0000] {processor.py:829} INFO - Processing file /home/airflow/.local/lib/python3.8/site-packages/airflow/example_dags/example_branch_labels.py for tasks to queue
[2023-11-22T19:46:53.013+0000] {logging_mixin.py:154} INFO - [2023-11-22T19:46:53.013+0000] {dagbag.py:536} INFO - Filling up the DagBag from /home/airflow/.local/lib/python3.8/site-packages/airflow/example_dags/example_branch_labels.py
[2023-11-22T19:46:53.020+0000] {processor.py:839} INFO - DAG(s) dict_keys(['example_branch_labels']) retrieved from /home/airflow/.local/lib/python3.8/site-packages/airflow/example_dags/example_branch_labels.py
[2023-11-22T19:46:53.044+0000] {logging_mixin.py:154} INFO - [2023-11-22T19:46:53.044+0000] {dag.py:2941} INFO - Sync 1 DAGs
[2023-11-22T19:46:53.066+0000] {logging_mixin.py:154} INFO - [2023-11-22T19:46:53.066+0000] {dag.py:3722} INFO - Setting next_dagrun for example_branch_labels to 2023-11-21T00:00:00+00:00, run_after=2023-11-22T00:00:00+00:00
[2023-11-22T19:46:53.082+0000] {processor.py:179} INFO - Processing /home/airflow/.local/lib/python3.8/site-packages/airflow/example_dags/example_branch_labels.py took 0.074 seconds
[2023-11-22T19:47:23.466+0000] {processor.py:157} INFO - Started process (PID=8398) to work on /home/airflow/.local/lib/python3.8/site-packages/airflow/example_dags/example_branch_labels.py
[2023-11-22T19:47:23.467+0000] {processor.py:829} INFO - Processing file /home/airflow/.local/lib/python3.8/site-packages/airflow/example_dags/example_branch_labels.py for tasks to queue
[2023-11-22T19:47:23.468+0000] {logging_mixin.py:154} INFO - [2023-11-22T19:47:23.468+0000] {dagbag.py:536} INFO - Filling up the DagBag from /home/airflow/.local/lib/python3.8/site-packages/airflow/example_dags/example_branch_labels.py
[2023-11-22T19:47:23.475+0000] {processor.py:839} INFO - DAG(s) dict_keys(['example_branch_labels']) retrieved from /home/airflow/.local/lib/python3.8/site-packages/airflow/example_dags/example_branch_labels.py
[2023-11-22T19:47:23.499+0000] {logging_mixin.py:154} INFO - [2023-11-22T19:47:23.499+0000] {dag.py:2941} INFO - Sync 1 DAGs
[2023-11-22T19:47:23.518+0000] {logging_mixin.py:154} INFO - [2023-11-22T19:47:23.518+0000] {dag.py:3722} INFO - Setting next_dagrun for example_branch_labels to 2023-11-21T00:00:00+00:00, run_after=2023-11-22T00:00:00+00:00
[2023-11-22T19:47:23.531+0000] {processor.py:179} INFO - Processing /home/airflow/.local/lib/python3.8/site-packages/airflow/example_dags/example_branch_labels.py took 0.067 seconds
[2023-11-22T19:47:54.290+0000] {processor.py:157} INFO - Started process (PID=8636) to work on /home/airflow/.local/lib/python3.8/site-packages/airflow/example_dags/example_branch_labels.py
[2023-11-22T19:47:54.292+0000] {processor.py:829} INFO - Processing file /home/airflow/.local/lib/python3.8/site-packages/airflow/example_dags/example_branch_labels.py for tasks to queue
[2023-11-22T19:47:54.293+0000] {logging_mixin.py:154} INFO - [2023-11-22T19:47:54.293+0000] {dagbag.py:536} INFO - Filling up the DagBag from /home/airflow/.local/lib/python3.8/site-packages/airflow/example_dags/example_branch_labels.py
[2023-11-22T19:47:54.301+0000] {processor.py:839} INFO - DAG(s) dict_keys(['example_branch_labels']) retrieved from /home/airflow/.local/lib/python3.8/site-packages/airflow/example_dags/example_branch_labels.py
[2023-11-22T19:47:54.323+0000] {logging_mixin.py:154} INFO - [2023-11-22T19:47:54.322+0000] {dag.py:2941} INFO - Sync 1 DAGs
[2023-11-22T19:47:54.341+0000] {logging_mixin.py:154} INFO - [2023-11-22T19:47:54.341+0000] {dag.py:3722} INFO - Setting next_dagrun for example_branch_labels to 2023-11-21T00:00:00+00:00, run_after=2023-11-22T00:00:00+00:00
[2023-11-22T19:47:54.468+0000] {processor.py:179} INFO - Processing /home/airflow/.local/lib/python3.8/site-packages/airflow/example_dags/example_branch_labels.py took 0.184 seconds
[2023-11-22T19:48:25.228+0000] {processor.py:157} INFO - Started process (PID=8874) to work on /home/airflow/.local/lib/python3.8/site-packages/airflow/example_dags/example_branch_labels.py
[2023-11-22T19:48:25.229+0000] {processor.py:829} INFO - Processing file /home/airflow/.local/lib/python3.8/site-packages/airflow/example_dags/example_branch_labels.py for tasks to queue
[2023-11-22T19:48:25.230+0000] {logging_mixin.py:154} INFO - [2023-11-22T19:48:25.230+0000] {dagbag.py:536} INFO - Filling up the DagBag from /home/airflow/.local/lib/python3.8/site-packages/airflow/example_dags/example_branch_labels.py
[2023-11-22T19:48:25.236+0000] {processor.py:839} INFO - DAG(s) dict_keys(['example_branch_labels']) retrieved from /home/airflow/.local/lib/python3.8/site-packages/airflow/example_dags/example_branch_labels.py
[2023-11-22T19:48:25.258+0000] {logging_mixin.py:154} INFO - [2023-11-22T19:48:25.258+0000] {dag.py:2941} INFO - Sync 1 DAGs
[2023-11-22T19:48:25.276+0000] {logging_mixin.py:154} INFO - [2023-11-22T19:48:25.276+0000] {dag.py:3722} INFO - Setting next_dagrun for example_branch_labels to 2023-11-21T00:00:00+00:00, run_after=2023-11-22T00:00:00+00:00
[2023-11-22T19:48:25.288+0000] {processor.py:179} INFO - Processing /home/airflow/.local/lib/python3.8/site-packages/airflow/example_dags/example_branch_labels.py took 0.063 seconds
[2023-11-22T19:48:55.614+0000] {processor.py:157} INFO - Started process (PID=9112) to work on /home/airflow/.local/lib/python3.8/site-packages/airflow/example_dags/example_branch_labels.py
[2023-11-22T19:48:55.616+0000] {processor.py:829} INFO - Processing file /home/airflow/.local/lib/python3.8/site-packages/airflow/example_dags/example_branch_labels.py for tasks to queue
[2023-11-22T19:48:55.616+0000] {logging_mixin.py:154} INFO - [2023-11-22T19:48:55.616+0000] {dagbag.py:536} INFO - Filling up the DagBag from /home/airflow/.local/lib/python3.8/site-packages/airflow/example_dags/example_branch_labels.py
[2023-11-22T19:48:55.623+0000] {processor.py:839} INFO - DAG(s) dict_keys(['example_branch_labels']) retrieved from /home/airflow/.local/lib/python3.8/site-packages/airflow/example_dags/example_branch_labels.py
[2023-11-22T19:48:55.650+0000] {logging_mixin.py:154} INFO - [2023-11-22T19:48:55.650+0000] {dag.py:2941} INFO - Sync 1 DAGs
[2023-11-22T19:48:55.668+0000] {logging_mixin.py:154} INFO - [2023-11-22T19:48:55.668+0000] {dag.py:3722} INFO - Setting next_dagrun for example_branch_labels to 2023-11-21T00:00:00+00:00, run_after=2023-11-22T00:00:00+00:00
[2023-11-22T19:48:55.681+0000] {processor.py:179} INFO - Processing /home/airflow/.local/lib/python3.8/site-packages/airflow/example_dags/example_branch_labels.py took 0.071 seconds
[2023-11-22T19:49:26.691+0000] {processor.py:157} INFO - Started process (PID=9350) to work on /home/airflow/.local/lib/python3.8/site-packages/airflow/example_dags/example_branch_labels.py
[2023-11-22T19:49:26.692+0000] {processor.py:829} INFO - Processing file /home/airflow/.local/lib/python3.8/site-packages/airflow/example_dags/example_branch_labels.py for tasks to queue
[2023-11-22T19:49:26.693+0000] {logging_mixin.py:154} INFO - [2023-11-22T19:49:26.693+0000] {dagbag.py:536} INFO - Filling up the DagBag from /home/airflow/.local/lib/python3.8/site-packages/airflow/example_dags/example_branch_labels.py
[2023-11-22T19:49:26.700+0000] {processor.py:839} INFO - DAG(s) dict_keys(['example_branch_labels']) retrieved from /home/airflow/.local/lib/python3.8/site-packages/airflow/example_dags/example_branch_labels.py
[2023-11-22T19:49:26.725+0000] {logging_mixin.py:154} INFO - [2023-11-22T19:49:26.725+0000] {dag.py:2941} INFO - Sync 1 DAGs
[2023-11-22T19:49:26.745+0000] {logging_mixin.py:154} INFO - [2023-11-22T19:49:26.745+0000] {dag.py:3722} INFO - Setting next_dagrun for example_branch_labels to 2023-11-21T00:00:00+00:00, run_after=2023-11-22T00:00:00+00:00
[2023-11-22T19:49:26.760+0000] {processor.py:179} INFO - Processing /home/airflow/.local/lib/python3.8/site-packages/airflow/example_dags/example_branch_labels.py took 0.072 seconds
[2023-11-22T19:49:57.389+0000] {processor.py:157} INFO - Started process (PID=9588) to work on /home/airflow/.local/lib/python3.8/site-packages/airflow/example_dags/example_branch_labels.py
[2023-11-22T19:49:57.390+0000] {processor.py:829} INFO - Processing file /home/airflow/.local/lib/python3.8/site-packages/airflow/example_dags/example_branch_labels.py for tasks to queue
[2023-11-22T19:49:57.391+0000] {logging_mixin.py:154} INFO - [2023-11-22T19:49:57.391+0000] {dagbag.py:536} INFO - Filling up the DagBag from /home/airflow/.local/lib/python3.8/site-packages/airflow/example_dags/example_branch_labels.py
[2023-11-22T19:49:57.398+0000] {processor.py:839} INFO - DAG(s) dict_keys(['example_branch_labels']) retrieved from /home/airflow/.local/lib/python3.8/site-packages/airflow/example_dags/example_branch_labels.py
[2023-11-22T19:49:57.424+0000] {logging_mixin.py:154} INFO - [2023-11-22T19:49:57.424+0000] {dag.py:2941} INFO - Sync 1 DAGs
[2023-11-22T19:49:57.560+0000] {logging_mixin.py:154} INFO - [2023-11-22T19:49:57.560+0000] {dag.py:3722} INFO - Setting next_dagrun for example_branch_labels to 2023-11-21T00:00:00+00:00, run_after=2023-11-22T00:00:00+00:00
[2023-11-22T19:49:57.572+0000] {processor.py:179} INFO - Processing /home/airflow/.local/lib/python3.8/site-packages/airflow/example_dags/example_branch_labels.py took 0.186 seconds
[2023-11-22T19:50:27.708+0000] {processor.py:157} INFO - Started process (PID=9826) to work on /home/airflow/.local/lib/python3.8/site-packages/airflow/example_dags/example_branch_labels.py
[2023-11-22T19:50:27.709+0000] {processor.py:829} INFO - Processing file /home/airflow/.local/lib/python3.8/site-packages/airflow/example_dags/example_branch_labels.py for tasks to queue
[2023-11-22T19:50:27.710+0000] {logging_mixin.py:154} INFO - [2023-11-22T19:50:27.710+0000] {dagbag.py:536} INFO - Filling up the DagBag from /home/airflow/.local/lib/python3.8/site-packages/airflow/example_dags/example_branch_labels.py
[2023-11-22T19:50:27.717+0000] {processor.py:839} INFO - DAG(s) dict_keys(['example_branch_labels']) retrieved from /home/airflow/.local/lib/python3.8/site-packages/airflow/example_dags/example_branch_labels.py
[2023-11-22T19:50:27.739+0000] {logging_mixin.py:154} INFO - [2023-11-22T19:50:27.739+0000] {dag.py:2941} INFO - Sync 1 DAGs
[2023-11-22T19:50:27.868+0000] {logging_mixin.py:154} INFO - [2023-11-22T19:50:27.868+0000] {dag.py:3722} INFO - Setting next_dagrun for example_branch_labels to 2023-11-21T00:00:00+00:00, run_after=2023-11-22T00:00:00+00:00
[2023-11-22T19:50:27.882+0000] {processor.py:179} INFO - Processing /home/airflow/.local/lib/python3.8/site-packages/airflow/example_dags/example_branch_labels.py took 0.177 seconds
[2023-11-22T19:50:58.072+0000] {processor.py:157} INFO - Started process (PID=10064) to work on /home/airflow/.local/lib/python3.8/site-packages/airflow/example_dags/example_branch_labels.py
[2023-11-22T19:50:58.073+0000] {processor.py:829} INFO - Processing file /home/airflow/.local/lib/python3.8/site-packages/airflow/example_dags/example_branch_labels.py for tasks to queue
[2023-11-22T19:50:58.074+0000] {logging_mixin.py:154} INFO - [2023-11-22T19:50:58.074+0000] {dagbag.py:536} INFO - Filling up the DagBag from /home/airflow/.local/lib/python3.8/site-packages/airflow/example_dags/example_branch_labels.py
[2023-11-22T19:50:58.085+0000] {processor.py:839} INFO - DAG(s) dict_keys(['example_branch_labels']) retrieved from /home/airflow/.local/lib/python3.8/site-packages/airflow/example_dags/example_branch_labels.py
[2023-11-22T19:50:58.109+0000] {logging_mixin.py:154} INFO - [2023-11-22T19:50:58.109+0000] {dag.py:2941} INFO - Sync 1 DAGs
[2023-11-22T19:50:58.127+0000] {logging_mixin.py:154} INFO - [2023-11-22T19:50:58.127+0000] {dag.py:3722} INFO - Setting next_dagrun for example_branch_labels to 2023-11-21T00:00:00+00:00, run_after=2023-11-22T00:00:00+00:00
[2023-11-22T19:50:58.140+0000] {processor.py:179} INFO - Processing /home/airflow/.local/lib/python3.8/site-packages/airflow/example_dags/example_branch_labels.py took 0.072 seconds
[2023-11-22T19:51:28.331+0000] {processor.py:157} INFO - Started process (PID=10302) to work on /home/airflow/.local/lib/python3.8/site-packages/airflow/example_dags/example_branch_labels.py
[2023-11-22T19:51:28.332+0000] {processor.py:829} INFO - Processing file /home/airflow/.local/lib/python3.8/site-packages/airflow/example_dags/example_branch_labels.py for tasks to queue
[2023-11-22T19:51:28.332+0000] {logging_mixin.py:154} INFO - [2023-11-22T19:51:28.332+0000] {dagbag.py:536} INFO - Filling up the DagBag from /home/airflow/.local/lib/python3.8/site-packages/airflow/example_dags/example_branch_labels.py
[2023-11-22T19:51:28.339+0000] {processor.py:839} INFO - DAG(s) dict_keys(['example_branch_labels']) retrieved from /home/airflow/.local/lib/python3.8/site-packages/airflow/example_dags/example_branch_labels.py
[2023-11-22T19:51:28.361+0000] {logging_mixin.py:154} INFO - [2023-11-22T19:51:28.361+0000] {dag.py:2941} INFO - Sync 1 DAGs
[2023-11-22T19:51:28.378+0000] {logging_mixin.py:154} INFO - [2023-11-22T19:51:28.378+0000] {dag.py:3722} INFO - Setting next_dagrun for example_branch_labels to 2023-11-21T00:00:00+00:00, run_after=2023-11-22T00:00:00+00:00
[2023-11-22T19:51:28.390+0000] {processor.py:179} INFO - Processing /home/airflow/.local/lib/python3.8/site-packages/airflow/example_dags/example_branch_labels.py took 0.063 seconds
[2023-11-22T19:51:59.327+0000] {processor.py:157} INFO - Started process (PID=10540) to work on /home/airflow/.local/lib/python3.8/site-packages/airflow/example_dags/example_branch_labels.py
[2023-11-22T19:51:59.328+0000] {processor.py:829} INFO - Processing file /home/airflow/.local/lib/python3.8/site-packages/airflow/example_dags/example_branch_labels.py for tasks to queue
[2023-11-22T19:51:59.329+0000] {logging_mixin.py:154} INFO - [2023-11-22T19:51:59.329+0000] {dagbag.py:536} INFO - Filling up the DagBag from /home/airflow/.local/lib/python3.8/site-packages/airflow/example_dags/example_branch_labels.py
[2023-11-22T19:51:59.336+0000] {processor.py:839} INFO - DAG(s) dict_keys(['example_branch_labels']) retrieved from /home/airflow/.local/lib/python3.8/site-packages/airflow/example_dags/example_branch_labels.py
[2023-11-22T19:51:59.481+0000] {logging_mixin.py:154} INFO - [2023-11-22T19:51:59.481+0000] {dag.py:2941} INFO - Sync 1 DAGs
[2023-11-22T19:51:59.497+0000] {logging_mixin.py:154} INFO - [2023-11-22T19:51:59.497+0000] {dag.py:3722} INFO - Setting next_dagrun for example_branch_labels to 2023-11-21T00:00:00+00:00, run_after=2023-11-22T00:00:00+00:00
[2023-11-22T19:51:59.510+0000] {processor.py:179} INFO - Processing /home/airflow/.local/lib/python3.8/site-packages/airflow/example_dags/example_branch_labels.py took 0.186 seconds
[2023-11-22T19:52:30.370+0000] {processor.py:157} INFO - Started process (PID=10781) to work on /home/airflow/.local/lib/python3.8/site-packages/airflow/example_dags/example_branch_labels.py
[2023-11-22T19:52:30.371+0000] {processor.py:829} INFO - Processing file /home/airflow/.local/lib/python3.8/site-packages/airflow/example_dags/example_branch_labels.py for tasks to queue
[2023-11-22T19:52:30.372+0000] {logging_mixin.py:154} INFO - [2023-11-22T19:52:30.371+0000] {dagbag.py:536} INFO - Filling up the DagBag from /home/airflow/.local/lib/python3.8/site-packages/airflow/example_dags/example_branch_labels.py
[2023-11-22T19:52:30.378+0000] {processor.py:839} INFO - DAG(s) dict_keys(['example_branch_labels']) retrieved from /home/airflow/.local/lib/python3.8/site-packages/airflow/example_dags/example_branch_labels.py
[2023-11-22T19:52:30.400+0000] {logging_mixin.py:154} INFO - [2023-11-22T19:52:30.400+0000] {dag.py:2941} INFO - Sync 1 DAGs
[2023-11-22T19:52:30.417+0000] {logging_mixin.py:154} INFO - [2023-11-22T19:52:30.417+0000] {dag.py:3722} INFO - Setting next_dagrun for example_branch_labels to 2023-11-21T00:00:00+00:00, run_after=2023-11-22T00:00:00+00:00
[2023-11-22T19:52:30.430+0000] {processor.py:179} INFO - Processing /home/airflow/.local/lib/python3.8/site-packages/airflow/example_dags/example_branch_labels.py took 0.063 seconds
[2023-11-22T19:53:00.828+0000] {processor.py:157} INFO - Started process (PID=11019) to work on /home/airflow/.local/lib/python3.8/site-packages/airflow/example_dags/example_branch_labels.py
[2023-11-22T19:53:00.829+0000] {processor.py:829} INFO - Processing file /home/airflow/.local/lib/python3.8/site-packages/airflow/example_dags/example_branch_labels.py for tasks to queue
[2023-11-22T19:53:00.830+0000] {logging_mixin.py:154} INFO - [2023-11-22T19:53:00.829+0000] {dagbag.py:536} INFO - Filling up the DagBag from /home/airflow/.local/lib/python3.8/site-packages/airflow/example_dags/example_branch_labels.py
[2023-11-22T19:53:00.837+0000] {processor.py:839} INFO - DAG(s) dict_keys(['example_branch_labels']) retrieved from /home/airflow/.local/lib/python3.8/site-packages/airflow/example_dags/example_branch_labels.py
[2023-11-22T19:53:00.858+0000] {logging_mixin.py:154} INFO - [2023-11-22T19:53:00.858+0000] {dag.py:2941} INFO - Sync 1 DAGs
[2023-11-22T19:53:00.876+0000] {logging_mixin.py:154} INFO - [2023-11-22T19:53:00.876+0000] {dag.py:3722} INFO - Setting next_dagrun for example_branch_labels to 2023-11-21T00:00:00+00:00, run_after=2023-11-22T00:00:00+00:00
[2023-11-22T19:53:00.888+0000] {processor.py:179} INFO - Processing /home/airflow/.local/lib/python3.8/site-packages/airflow/example_dags/example_branch_labels.py took 0.064 seconds
[2023-11-22T19:53:31.202+0000] {processor.py:157} INFO - Started process (PID=11257) to work on /home/airflow/.local/lib/python3.8/site-packages/airflow/example_dags/example_branch_labels.py
[2023-11-22T19:53:31.203+0000] {processor.py:829} INFO - Processing file /home/airflow/.local/lib/python3.8/site-packages/airflow/example_dags/example_branch_labels.py for tasks to queue
[2023-11-22T19:53:31.205+0000] {logging_mixin.py:154} INFO - [2023-11-22T19:53:31.204+0000] {dagbag.py:536} INFO - Filling up the DagBag from /home/airflow/.local/lib/python3.8/site-packages/airflow/example_dags/example_branch_labels.py
[2023-11-22T19:53:31.212+0000] {processor.py:839} INFO - DAG(s) dict_keys(['example_branch_labels']) retrieved from /home/airflow/.local/lib/python3.8/site-packages/airflow/example_dags/example_branch_labels.py
[2023-11-22T19:53:31.236+0000] {logging_mixin.py:154} INFO - [2023-11-22T19:53:31.236+0000] {dag.py:2941} INFO - Sync 1 DAGs
[2023-11-22T19:53:31.256+0000] {logging_mixin.py:154} INFO - [2023-11-22T19:53:31.256+0000] {dag.py:3722} INFO - Setting next_dagrun for example_branch_labels to 2023-11-21T00:00:00+00:00, run_after=2023-11-22T00:00:00+00:00
[2023-11-22T19:53:31.267+0000] {processor.py:179} INFO - Processing /home/airflow/.local/lib/python3.8/site-packages/airflow/example_dags/example_branch_labels.py took 0.068 seconds
[2023-11-22T19:54:01.943+0000] {processor.py:157} INFO - Started process (PID=11494) to work on /home/airflow/.local/lib/python3.8/site-packages/airflow/example_dags/example_branch_labels.py
[2023-11-22T19:54:01.947+0000] {processor.py:829} INFO - Processing file /home/airflow/.local/lib/python3.8/site-packages/airflow/example_dags/example_branch_labels.py for tasks to queue
[2023-11-22T19:54:01.949+0000] {logging_mixin.py:154} INFO - [2023-11-22T19:54:01.948+0000] {dagbag.py:536} INFO - Filling up the DagBag from /home/airflow/.local/lib/python3.8/site-packages/airflow/example_dags/example_branch_labels.py
[2023-11-22T19:54:01.957+0000] {processor.py:839} INFO - DAG(s) dict_keys(['example_branch_labels']) retrieved from /home/airflow/.local/lib/python3.8/site-packages/airflow/example_dags/example_branch_labels.py
[2023-11-22T19:54:01.983+0000] {logging_mixin.py:154} INFO - [2023-11-22T19:54:01.983+0000] {dag.py:2941} INFO - Sync 1 DAGs
[2023-11-22T19:54:02.005+0000] {logging_mixin.py:154} INFO - [2023-11-22T19:54:02.004+0000] {dag.py:3722} INFO - Setting next_dagrun for example_branch_labels to 2023-11-21T00:00:00+00:00, run_after=2023-11-22T00:00:00+00:00
[2023-11-22T19:54:02.019+0000] {processor.py:179} INFO - Processing /home/airflow/.local/lib/python3.8/site-packages/airflow/example_dags/example_branch_labels.py took 0.088 seconds
[2023-11-22T20:36:15.336+0000] {processor.py:157} INFO - Started process (PID=11733) to work on /home/airflow/.local/lib/python3.8/site-packages/airflow/example_dags/example_branch_labels.py
[2023-11-22T20:36:15.337+0000] {processor.py:829} INFO - Processing file /home/airflow/.local/lib/python3.8/site-packages/airflow/example_dags/example_branch_labels.py for tasks to queue
[2023-11-22T20:36:15.338+0000] {logging_mixin.py:154} INFO - [2023-11-22T20:36:15.338+0000] {dagbag.py:536} INFO - Filling up the DagBag from /home/airflow/.local/lib/python3.8/site-packages/airflow/example_dags/example_branch_labels.py
[2023-11-22T20:36:15.344+0000] {processor.py:839} INFO - DAG(s) dict_keys(['example_branch_labels']) retrieved from /home/airflow/.local/lib/python3.8/site-packages/airflow/example_dags/example_branch_labels.py
[2023-11-22T20:36:15.369+0000] {logging_mixin.py:154} INFO - [2023-11-22T20:36:15.369+0000] {dag.py:2941} INFO - Sync 1 DAGs
[2023-11-22T20:36:15.388+0000] {logging_mixin.py:154} INFO - [2023-11-22T20:36:15.387+0000] {dag.py:3722} INFO - Setting next_dagrun for example_branch_labels to 2023-11-21T00:00:00+00:00, run_after=2023-11-22T00:00:00+00:00
[2023-11-22T20:36:15.401+0000] {processor.py:179} INFO - Processing /home/airflow/.local/lib/python3.8/site-packages/airflow/example_dags/example_branch_labels.py took 0.068 seconds
[2023-11-22T21:01:34.696+0000] {processor.py:157} INFO - Started process (PID=11972) to work on /home/airflow/.local/lib/python3.8/site-packages/airflow/example_dags/example_branch_labels.py
[2023-11-22T21:01:34.697+0000] {processor.py:829} INFO - Processing file /home/airflow/.local/lib/python3.8/site-packages/airflow/example_dags/example_branch_labels.py for tasks to queue
[2023-11-22T21:01:34.698+0000] {logging_mixin.py:154} INFO - [2023-11-22T21:01:34.698+0000] {dagbag.py:536} INFO - Filling up the DagBag from /home/airflow/.local/lib/python3.8/site-packages/airflow/example_dags/example_branch_labels.py
[2023-11-22T21:01:34.706+0000] {processor.py:839} INFO - DAG(s) dict_keys(['example_branch_labels']) retrieved from /home/airflow/.local/lib/python3.8/site-packages/airflow/example_dags/example_branch_labels.py
[2023-11-22T21:01:34.738+0000] {logging_mixin.py:154} INFO - [2023-11-22T21:01:34.738+0000] {dag.py:2941} INFO - Sync 1 DAGs
[2023-11-22T21:01:34.764+0000] {logging_mixin.py:154} INFO - [2023-11-22T21:01:34.764+0000] {dag.py:3722} INFO - Setting next_dagrun for example_branch_labels to 2023-11-21T00:00:00+00:00, run_after=2023-11-22T00:00:00+00:00
[2023-11-22T21:01:34.780+0000] {processor.py:179} INFO - Processing /home/airflow/.local/lib/python3.8/site-packages/airflow/example_dags/example_branch_labels.py took 0.089 seconds
[2023-11-22T21:02:05.248+0000] {processor.py:157} INFO - Started process (PID=12210) to work on /home/airflow/.local/lib/python3.8/site-packages/airflow/example_dags/example_branch_labels.py
[2023-11-22T21:02:05.250+0000] {processor.py:829} INFO - Processing file /home/airflow/.local/lib/python3.8/site-packages/airflow/example_dags/example_branch_labels.py for tasks to queue
[2023-11-22T21:02:05.252+0000] {logging_mixin.py:154} INFO - [2023-11-22T21:02:05.251+0000] {dagbag.py:536} INFO - Filling up the DagBag from /home/airflow/.local/lib/python3.8/site-packages/airflow/example_dags/example_branch_labels.py
[2023-11-22T21:02:05.265+0000] {processor.py:839} INFO - DAG(s) dict_keys(['example_branch_labels']) retrieved from /home/airflow/.local/lib/python3.8/site-packages/airflow/example_dags/example_branch_labels.py
[2023-11-22T21:02:05.313+0000] {logging_mixin.py:154} INFO - [2023-11-22T21:02:05.313+0000] {dag.py:2941} INFO - Sync 1 DAGs
[2023-11-22T21:02:05.366+0000] {logging_mixin.py:154} INFO - [2023-11-22T21:02:05.365+0000] {dag.py:3722} INFO - Setting next_dagrun for example_branch_labels to 2023-11-21T00:00:00+00:00, run_after=2023-11-22T00:00:00+00:00
[2023-11-22T21:02:05.407+0000] {processor.py:179} INFO - Processing /home/airflow/.local/lib/python3.8/site-packages/airflow/example_dags/example_branch_labels.py took 0.166 seconds
[2023-11-22T21:02:36.266+0000] {processor.py:157} INFO - Started process (PID=12450) to work on /home/airflow/.local/lib/python3.8/site-packages/airflow/example_dags/example_branch_labels.py
[2023-11-22T21:02:36.267+0000] {processor.py:829} INFO - Processing file /home/airflow/.local/lib/python3.8/site-packages/airflow/example_dags/example_branch_labels.py for tasks to queue
[2023-11-22T21:02:36.268+0000] {logging_mixin.py:154} INFO - [2023-11-22T21:02:36.267+0000] {dagbag.py:536} INFO - Filling up the DagBag from /home/airflow/.local/lib/python3.8/site-packages/airflow/example_dags/example_branch_labels.py
[2023-11-22T21:02:36.274+0000] {processor.py:839} INFO - DAG(s) dict_keys(['example_branch_labels']) retrieved from /home/airflow/.local/lib/python3.8/site-packages/airflow/example_dags/example_branch_labels.py
[2023-11-22T21:02:36.296+0000] {logging_mixin.py:154} INFO - [2023-11-22T21:02:36.296+0000] {dag.py:2941} INFO - Sync 1 DAGs
[2023-11-22T21:02:36.314+0000] {logging_mixin.py:154} INFO - [2023-11-22T21:02:36.314+0000] {dag.py:3722} INFO - Setting next_dagrun for example_branch_labels to 2023-11-21T00:00:00+00:00, run_after=2023-11-22T00:00:00+00:00
[2023-11-22T21:02:36.326+0000] {processor.py:179} INFO - Processing /home/airflow/.local/lib/python3.8/site-packages/airflow/example_dags/example_branch_labels.py took 0.063 seconds
[2023-11-22T21:03:06.510+0000] {processor.py:157} INFO - Started process (PID=12688) to work on /home/airflow/.local/lib/python3.8/site-packages/airflow/example_dags/example_branch_labels.py
[2023-11-22T21:03:06.511+0000] {processor.py:829} INFO - Processing file /home/airflow/.local/lib/python3.8/site-packages/airflow/example_dags/example_branch_labels.py for tasks to queue
[2023-11-22T21:03:06.511+0000] {logging_mixin.py:154} INFO - [2023-11-22T21:03:06.511+0000] {dagbag.py:536} INFO - Filling up the DagBag from /home/airflow/.local/lib/python3.8/site-packages/airflow/example_dags/example_branch_labels.py
[2023-11-22T21:03:06.518+0000] {processor.py:839} INFO - DAG(s) dict_keys(['example_branch_labels']) retrieved from /home/airflow/.local/lib/python3.8/site-packages/airflow/example_dags/example_branch_labels.py
[2023-11-22T21:03:06.540+0000] {logging_mixin.py:154} INFO - [2023-11-22T21:03:06.540+0000] {dag.py:2941} INFO - Sync 1 DAGs
[2023-11-22T21:03:06.557+0000] {logging_mixin.py:154} INFO - [2023-11-22T21:03:06.557+0000] {dag.py:3722} INFO - Setting next_dagrun for example_branch_labels to 2023-11-21T00:00:00+00:00, run_after=2023-11-22T00:00:00+00:00
[2023-11-22T21:03:06.569+0000] {processor.py:179} INFO - Processing /home/airflow/.local/lib/python3.8/site-packages/airflow/example_dags/example_branch_labels.py took 0.063 seconds
[2023-11-22T21:03:37.449+0000] {processor.py:157} INFO - Started process (PID=12926) to work on /home/airflow/.local/lib/python3.8/site-packages/airflow/example_dags/example_branch_labels.py
[2023-11-22T21:03:37.451+0000] {processor.py:829} INFO - Processing file /home/airflow/.local/lib/python3.8/site-packages/airflow/example_dags/example_branch_labels.py for tasks to queue
[2023-11-22T21:03:37.451+0000] {logging_mixin.py:154} INFO - [2023-11-22T21:03:37.451+0000] {dagbag.py:536} INFO - Filling up the DagBag from /home/airflow/.local/lib/python3.8/site-packages/airflow/example_dags/example_branch_labels.py
[2023-11-22T21:03:37.458+0000] {processor.py:839} INFO - DAG(s) dict_keys(['example_branch_labels']) retrieved from /home/airflow/.local/lib/python3.8/site-packages/airflow/example_dags/example_branch_labels.py
[2023-11-22T21:03:37.483+0000] {logging_mixin.py:154} INFO - [2023-11-22T21:03:37.482+0000] {dag.py:2941} INFO - Sync 1 DAGs
[2023-11-22T21:03:37.501+0000] {logging_mixin.py:154} INFO - [2023-11-22T21:03:37.501+0000] {dag.py:3722} INFO - Setting next_dagrun for example_branch_labels to 2023-11-21T00:00:00+00:00, run_after=2023-11-22T00:00:00+00:00
[2023-11-22T21:03:37.515+0000] {processor.py:179} INFO - Processing /home/airflow/.local/lib/python3.8/site-packages/airflow/example_dags/example_branch_labels.py took 0.069 seconds
[2023-11-22T21:04:07.941+0000] {processor.py:157} INFO - Started process (PID=13164) to work on /home/airflow/.local/lib/python3.8/site-packages/airflow/example_dags/example_branch_labels.py
[2023-11-22T21:04:07.942+0000] {processor.py:829} INFO - Processing file /home/airflow/.local/lib/python3.8/site-packages/airflow/example_dags/example_branch_labels.py for tasks to queue
[2023-11-22T21:04:07.943+0000] {logging_mixin.py:154} INFO - [2023-11-22T21:04:07.942+0000] {dagbag.py:536} INFO - Filling up the DagBag from /home/airflow/.local/lib/python3.8/site-packages/airflow/example_dags/example_branch_labels.py
[2023-11-22T21:04:07.949+0000] {processor.py:839} INFO - DAG(s) dict_keys(['example_branch_labels']) retrieved from /home/airflow/.local/lib/python3.8/site-packages/airflow/example_dags/example_branch_labels.py
[2023-11-22T21:04:07.973+0000] {logging_mixin.py:154} INFO - [2023-11-22T21:04:07.972+0000] {dag.py:2941} INFO - Sync 1 DAGs
[2023-11-22T21:04:07.991+0000] {logging_mixin.py:154} INFO - [2023-11-22T21:04:07.990+0000] {dag.py:3722} INFO - Setting next_dagrun for example_branch_labels to 2023-11-21T00:00:00+00:00, run_after=2023-11-22T00:00:00+00:00
[2023-11-22T21:04:08.004+0000] {processor.py:179} INFO - Processing /home/airflow/.local/lib/python3.8/site-packages/airflow/example_dags/example_branch_labels.py took 0.066 seconds
[2023-11-22T21:04:38.598+0000] {processor.py:157} INFO - Started process (PID=13402) to work on /home/airflow/.local/lib/python3.8/site-packages/airflow/example_dags/example_branch_labels.py
[2023-11-22T21:04:38.599+0000] {processor.py:829} INFO - Processing file /home/airflow/.local/lib/python3.8/site-packages/airflow/example_dags/example_branch_labels.py for tasks to queue
[2023-11-22T21:04:38.600+0000] {logging_mixin.py:154} INFO - [2023-11-22T21:04:38.599+0000] {dagbag.py:536} INFO - Filling up the DagBag from /home/airflow/.local/lib/python3.8/site-packages/airflow/example_dags/example_branch_labels.py
[2023-11-22T21:04:38.606+0000] {processor.py:839} INFO - DAG(s) dict_keys(['example_branch_labels']) retrieved from /home/airflow/.local/lib/python3.8/site-packages/airflow/example_dags/example_branch_labels.py
[2023-11-22T21:04:38.628+0000] {logging_mixin.py:154} INFO - [2023-11-22T21:04:38.628+0000] {dag.py:2941} INFO - Sync 1 DAGs
[2023-11-22T21:04:38.646+0000] {logging_mixin.py:154} INFO - [2023-11-22T21:04:38.646+0000] {dag.py:3722} INFO - Setting next_dagrun for example_branch_labels to 2023-11-21T00:00:00+00:00, run_after=2023-11-22T00:00:00+00:00
[2023-11-22T21:04:38.659+0000] {processor.py:179} INFO - Processing /home/airflow/.local/lib/python3.8/site-packages/airflow/example_dags/example_branch_labels.py took 0.064 seconds
[2023-11-22T21:05:09.137+0000] {processor.py:157} INFO - Started process (PID=13640) to work on /home/airflow/.local/lib/python3.8/site-packages/airflow/example_dags/example_branch_labels.py
[2023-11-22T21:05:09.138+0000] {processor.py:829} INFO - Processing file /home/airflow/.local/lib/python3.8/site-packages/airflow/example_dags/example_branch_labels.py for tasks to queue
[2023-11-22T21:05:09.140+0000] {logging_mixin.py:154} INFO - [2023-11-22T21:05:09.140+0000] {dagbag.py:536} INFO - Filling up the DagBag from /home/airflow/.local/lib/python3.8/site-packages/airflow/example_dags/example_branch_labels.py
[2023-11-22T21:05:09.147+0000] {processor.py:839} INFO - DAG(s) dict_keys(['example_branch_labels']) retrieved from /home/airflow/.local/lib/python3.8/site-packages/airflow/example_dags/example_branch_labels.py
[2023-11-22T21:05:09.169+0000] {logging_mixin.py:154} INFO - [2023-11-22T21:05:09.169+0000] {dag.py:2941} INFO - Sync 1 DAGs
[2023-11-22T21:05:09.186+0000] {logging_mixin.py:154} INFO - [2023-11-22T21:05:09.186+0000] {dag.py:3722} INFO - Setting next_dagrun for example_branch_labels to 2023-11-21T00:00:00+00:00, run_after=2023-11-22T00:00:00+00:00
[2023-11-22T21:05:09.198+0000] {processor.py:179} INFO - Processing /home/airflow/.local/lib/python3.8/site-packages/airflow/example_dags/example_branch_labels.py took 0.064 seconds
[2023-11-22T21:05:39.872+0000] {processor.py:157} INFO - Started process (PID=13877) to work on /home/airflow/.local/lib/python3.8/site-packages/airflow/example_dags/example_branch_labels.py
[2023-11-22T21:05:39.874+0000] {processor.py:829} INFO - Processing file /home/airflow/.local/lib/python3.8/site-packages/airflow/example_dags/example_branch_labels.py for tasks to queue
[2023-11-22T21:05:39.875+0000] {logging_mixin.py:154} INFO - [2023-11-22T21:05:39.875+0000] {dagbag.py:536} INFO - Filling up the DagBag from /home/airflow/.local/lib/python3.8/site-packages/airflow/example_dags/example_branch_labels.py
[2023-11-22T21:05:39.892+0000] {processor.py:839} INFO - DAG(s) dict_keys(['example_branch_labels']) retrieved from /home/airflow/.local/lib/python3.8/site-packages/airflow/example_dags/example_branch_labels.py
[2023-11-22T21:05:39.925+0000] {logging_mixin.py:154} INFO - [2023-11-22T21:05:39.925+0000] {dag.py:2941} INFO - Sync 1 DAGs
[2023-11-22T21:05:39.946+0000] {logging_mixin.py:154} INFO - [2023-11-22T21:05:39.946+0000] {dag.py:3722} INFO - Setting next_dagrun for example_branch_labels to 2023-11-21T00:00:00+00:00, run_after=2023-11-22T00:00:00+00:00
[2023-11-22T21:05:39.962+0000] {processor.py:179} INFO - Processing /home/airflow/.local/lib/python3.8/site-packages/airflow/example_dags/example_branch_labels.py took 0.096 seconds
[2023-11-22T21:06:10.056+0000] {processor.py:157} INFO - Started process (PID=14115) to work on /home/airflow/.local/lib/python3.8/site-packages/airflow/example_dags/example_branch_labels.py
[2023-11-22T21:06:10.057+0000] {processor.py:829} INFO - Processing file /home/airflow/.local/lib/python3.8/site-packages/airflow/example_dags/example_branch_labels.py for tasks to queue
[2023-11-22T21:06:10.057+0000] {logging_mixin.py:154} INFO - [2023-11-22T21:06:10.057+0000] {dagbag.py:536} INFO - Filling up the DagBag from /home/airflow/.local/lib/python3.8/site-packages/airflow/example_dags/example_branch_labels.py
[2023-11-22T21:06:10.064+0000] {processor.py:839} INFO - DAG(s) dict_keys(['example_branch_labels']) retrieved from /home/airflow/.local/lib/python3.8/site-packages/airflow/example_dags/example_branch_labels.py
[2023-11-22T21:06:10.088+0000] {logging_mixin.py:154} INFO - [2023-11-22T21:06:10.088+0000] {dag.py:2941} INFO - Sync 1 DAGs
[2023-11-22T21:06:10.107+0000] {logging_mixin.py:154} INFO - [2023-11-22T21:06:10.106+0000] {dag.py:3722} INFO - Setting next_dagrun for example_branch_labels to 2023-11-21T00:00:00+00:00, run_after=2023-11-22T00:00:00+00:00
[2023-11-22T21:06:10.120+0000] {processor.py:179} INFO - Processing /home/airflow/.local/lib/python3.8/site-packages/airflow/example_dags/example_branch_labels.py took 0.067 seconds
[2023-11-22T21:06:41.079+0000] {processor.py:157} INFO - Started process (PID=14353) to work on /home/airflow/.local/lib/python3.8/site-packages/airflow/example_dags/example_branch_labels.py
[2023-11-22T21:06:41.080+0000] {processor.py:829} INFO - Processing file /home/airflow/.local/lib/python3.8/site-packages/airflow/example_dags/example_branch_labels.py for tasks to queue
[2023-11-22T21:06:41.081+0000] {logging_mixin.py:154} INFO - [2023-11-22T21:06:41.081+0000] {dagbag.py:536} INFO - Filling up the DagBag from /home/airflow/.local/lib/python3.8/site-packages/airflow/example_dags/example_branch_labels.py
[2023-11-22T21:06:41.088+0000] {processor.py:839} INFO - DAG(s) dict_keys(['example_branch_labels']) retrieved from /home/airflow/.local/lib/python3.8/site-packages/airflow/example_dags/example_branch_labels.py
[2023-11-22T21:06:41.112+0000] {logging_mixin.py:154} INFO - [2023-11-22T21:06:41.112+0000] {dag.py:2941} INFO - Sync 1 DAGs
[2023-11-22T21:06:41.131+0000] {logging_mixin.py:154} INFO - [2023-11-22T21:06:41.130+0000] {dag.py:3722} INFO - Setting next_dagrun for example_branch_labels to 2023-11-21T00:00:00+00:00, run_after=2023-11-22T00:00:00+00:00
[2023-11-22T21:06:41.144+0000] {processor.py:179} INFO - Processing /home/airflow/.local/lib/python3.8/site-packages/airflow/example_dags/example_branch_labels.py took 0.068 seconds
[2023-11-22T21:07:12.036+0000] {processor.py:157} INFO - Started process (PID=14591) to work on /home/airflow/.local/lib/python3.8/site-packages/airflow/example_dags/example_branch_labels.py
[2023-11-22T21:07:12.037+0000] {processor.py:829} INFO - Processing file /home/airflow/.local/lib/python3.8/site-packages/airflow/example_dags/example_branch_labels.py for tasks to queue
[2023-11-22T21:07:12.038+0000] {logging_mixin.py:154} INFO - [2023-11-22T21:07:12.038+0000] {dagbag.py:536} INFO - Filling up the DagBag from /home/airflow/.local/lib/python3.8/site-packages/airflow/example_dags/example_branch_labels.py
[2023-11-22T21:07:12.046+0000] {processor.py:839} INFO - DAG(s) dict_keys(['example_branch_labels']) retrieved from /home/airflow/.local/lib/python3.8/site-packages/airflow/example_dags/example_branch_labels.py
[2023-11-22T21:07:12.069+0000] {logging_mixin.py:154} INFO - [2023-11-22T21:07:12.069+0000] {dag.py:2941} INFO - Sync 1 DAGs
[2023-11-22T21:07:12.090+0000] {logging_mixin.py:154} INFO - [2023-11-22T21:07:12.090+0000] {dag.py:3722} INFO - Setting next_dagrun for example_branch_labels to 2023-11-21T00:00:00+00:00, run_after=2023-11-22T00:00:00+00:00
[2023-11-22T21:07:12.102+0000] {processor.py:179} INFO - Processing /home/airflow/.local/lib/python3.8/site-packages/airflow/example_dags/example_branch_labels.py took 0.069 seconds
[2023-11-22T21:07:42.198+0000] {processor.py:157} INFO - Started process (PID=14829) to work on /home/airflow/.local/lib/python3.8/site-packages/airflow/example_dags/example_branch_labels.py
[2023-11-22T21:07:42.199+0000] {processor.py:829} INFO - Processing file /home/airflow/.local/lib/python3.8/site-packages/airflow/example_dags/example_branch_labels.py for tasks to queue
[2023-11-22T21:07:42.199+0000] {logging_mixin.py:154} INFO - [2023-11-22T21:07:42.199+0000] {dagbag.py:536} INFO - Filling up the DagBag from /home/airflow/.local/lib/python3.8/site-packages/airflow/example_dags/example_branch_labels.py
[2023-11-22T21:07:42.206+0000] {processor.py:839} INFO - DAG(s) dict_keys(['example_branch_labels']) retrieved from /home/airflow/.local/lib/python3.8/site-packages/airflow/example_dags/example_branch_labels.py
[2023-11-22T21:07:42.228+0000] {logging_mixin.py:154} INFO - [2023-11-22T21:07:42.228+0000] {dag.py:2941} INFO - Sync 1 DAGs
[2023-11-22T21:07:42.245+0000] {logging_mixin.py:154} INFO - [2023-11-22T21:07:42.245+0000] {dag.py:3722} INFO - Setting next_dagrun for example_branch_labels to 2023-11-21T00:00:00+00:00, run_after=2023-11-22T00:00:00+00:00
[2023-11-22T21:07:42.257+0000] {processor.py:179} INFO - Processing /home/airflow/.local/lib/python3.8/site-packages/airflow/example_dags/example_branch_labels.py took 0.063 seconds
[2023-11-22T21:08:12.976+0000] {processor.py:157} INFO - Started process (PID=15067) to work on /home/airflow/.local/lib/python3.8/site-packages/airflow/example_dags/example_branch_labels.py
[2023-11-22T21:08:12.976+0000] {processor.py:829} INFO - Processing file /home/airflow/.local/lib/python3.8/site-packages/airflow/example_dags/example_branch_labels.py for tasks to queue
[2023-11-22T21:08:12.977+0000] {logging_mixin.py:154} INFO - [2023-11-22T21:08:12.977+0000] {dagbag.py:536} INFO - Filling up the DagBag from /home/airflow/.local/lib/python3.8/site-packages/airflow/example_dags/example_branch_labels.py
[2023-11-22T21:08:12.983+0000] {processor.py:839} INFO - DAG(s) dict_keys(['example_branch_labels']) retrieved from /home/airflow/.local/lib/python3.8/site-packages/airflow/example_dags/example_branch_labels.py
[2023-11-22T21:08:13.006+0000] {logging_mixin.py:154} INFO - [2023-11-22T21:08:13.006+0000] {dag.py:2941} INFO - Sync 1 DAGs
[2023-11-22T21:08:13.023+0000] {logging_mixin.py:154} INFO - [2023-11-22T21:08:13.023+0000] {dag.py:3722} INFO - Setting next_dagrun for example_branch_labels to 2023-11-21T00:00:00+00:00, run_after=2023-11-22T00:00:00+00:00
[2023-11-22T21:08:13.035+0000] {processor.py:179} INFO - Processing /home/airflow/.local/lib/python3.8/site-packages/airflow/example_dags/example_branch_labels.py took 0.062 seconds
[2023-11-22T21:08:43.261+0000] {processor.py:157} INFO - Started process (PID=15303) to work on /home/airflow/.local/lib/python3.8/site-packages/airflow/example_dags/example_branch_labels.py
[2023-11-22T21:08:43.263+0000] {processor.py:829} INFO - Processing file /home/airflow/.local/lib/python3.8/site-packages/airflow/example_dags/example_branch_labels.py for tasks to queue
[2023-11-22T21:08:43.265+0000] {logging_mixin.py:154} INFO - [2023-11-22T21:08:43.264+0000] {dagbag.py:536} INFO - Filling up the DagBag from /home/airflow/.local/lib/python3.8/site-packages/airflow/example_dags/example_branch_labels.py
[2023-11-22T21:08:43.279+0000] {processor.py:839} INFO - DAG(s) dict_keys(['example_branch_labels']) retrieved from /home/airflow/.local/lib/python3.8/site-packages/airflow/example_dags/example_branch_labels.py
[2023-11-22T21:08:43.324+0000] {logging_mixin.py:154} INFO - [2023-11-22T21:08:43.324+0000] {dag.py:2941} INFO - Sync 1 DAGs
[2023-11-22T21:08:43.362+0000] {logging_mixin.py:154} INFO - [2023-11-22T21:08:43.362+0000] {dag.py:3722} INFO - Setting next_dagrun for example_branch_labels to 2023-11-21T00:00:00+00:00, run_after=2023-11-22T00:00:00+00:00
[2023-11-22T21:08:43.403+0000] {processor.py:179} INFO - Processing /home/airflow/.local/lib/python3.8/site-packages/airflow/example_dags/example_branch_labels.py took 0.148 seconds
[2023-11-22T21:09:43.174+0000] {processor.py:157} INFO - Started process (PID=302) to work on /home/airflow/.local/lib/python3.8/site-packages/airflow/example_dags/example_branch_labels.py
[2023-11-22T21:09:43.175+0000] {processor.py:829} INFO - Processing file /home/airflow/.local/lib/python3.8/site-packages/airflow/example_dags/example_branch_labels.py for tasks to queue
[2023-11-22T21:09:43.176+0000] {logging_mixin.py:154} INFO - [2023-11-22T21:09:43.176+0000] {dagbag.py:536} INFO - Filling up the DagBag from /home/airflow/.local/lib/python3.8/site-packages/airflow/example_dags/example_branch_labels.py
[2023-11-22T21:09:43.189+0000] {processor.py:839} INFO - DAG(s) dict_keys(['example_branch_labels']) retrieved from /home/airflow/.local/lib/python3.8/site-packages/airflow/example_dags/example_branch_labels.py
[2023-11-22T21:09:43.217+0000] {logging_mixin.py:154} INFO - [2023-11-22T21:09:43.216+0000] {dag.py:2941} INFO - Sync 1 DAGs
[2023-11-22T21:09:43.271+0000] {logging_mixin.py:154} INFO - [2023-11-22T21:09:43.271+0000] {dag.py:3722} INFO - Setting next_dagrun for example_branch_labels to 2023-11-21T00:00:00+00:00, run_after=2023-11-22T00:00:00+00:00
[2023-11-22T21:09:43.298+0000] {processor.py:179} INFO - Processing /home/airflow/.local/lib/python3.8/site-packages/airflow/example_dags/example_branch_labels.py took 0.129 seconds
[2023-11-22T21:10:13.390+0000] {processor.py:157} INFO - Started process (PID=541) to work on /home/airflow/.local/lib/python3.8/site-packages/airflow/example_dags/example_branch_labels.py
[2023-11-22T21:10:13.391+0000] {processor.py:829} INFO - Processing file /home/airflow/.local/lib/python3.8/site-packages/airflow/example_dags/example_branch_labels.py for tasks to queue
[2023-11-22T21:10:13.392+0000] {logging_mixin.py:154} INFO - [2023-11-22T21:10:13.392+0000] {dagbag.py:536} INFO - Filling up the DagBag from /home/airflow/.local/lib/python3.8/site-packages/airflow/example_dags/example_branch_labels.py
[2023-11-22T21:10:13.398+0000] {processor.py:839} INFO - DAG(s) dict_keys(['example_branch_labels']) retrieved from /home/airflow/.local/lib/python3.8/site-packages/airflow/example_dags/example_branch_labels.py
[2023-11-22T21:10:13.421+0000] {logging_mixin.py:154} INFO - [2023-11-22T21:10:13.421+0000] {dag.py:2941} INFO - Sync 1 DAGs
[2023-11-22T21:10:13.450+0000] {logging_mixin.py:154} INFO - [2023-11-22T21:10:13.450+0000] {dag.py:3722} INFO - Setting next_dagrun for example_branch_labels to 2023-11-21T00:00:00+00:00, run_after=2023-11-22T00:00:00+00:00
[2023-11-22T21:10:13.464+0000] {processor.py:179} INFO - Processing /home/airflow/.local/lib/python3.8/site-packages/airflow/example_dags/example_branch_labels.py took 0.076 seconds
