[2023-11-22T19:30:04.640+0000] {processor.py:157} INFO - Started process (PID=217) to work on /home/airflow/.local/lib/python3.8/site-packages/airflow/example_dags/example_sla_dag.py
[2023-11-22T19:30:04.641+0000] {processor.py:829} INFO - Processing file /home/airflow/.local/lib/python3.8/site-packages/airflow/example_dags/example_sla_dag.py for tasks to queue
[2023-11-22T19:30:04.642+0000] {logging_mixin.py:154} INFO - [2023-11-22T19:30:04.642+0000] {dagbag.py:536} INFO - Filling up the DagBag from /home/airflow/.local/lib/python3.8/site-packages/airflow/example_dags/example_sla_dag.py
[2023-11-22T19:30:04.660+0000] {processor.py:839} INFO - DAG(s) dict_keys(['example_sla_dag']) retrieved from /home/airflow/.local/lib/python3.8/site-packages/airflow/example_dags/example_sla_dag.py
[2023-11-22T19:30:04.692+0000] {logging_mixin.py:154} INFO - [2023-11-22T19:30:04.692+0000] {dag.py:2941} INFO - Sync 1 DAGs
[2023-11-22T19:30:04.744+0000] {logging_mixin.py:154} INFO - [2023-11-22T19:30:04.743+0000] {dag.py:3722} INFO - Setting next_dagrun for example_sla_dag to 2023-11-22T19:28:00+00:00, run_after=2023-11-22T19:30:00+00:00
[2023-11-22T19:30:04.836+0000] {processor.py:179} INFO - Processing /home/airflow/.local/lib/python3.8/site-packages/airflow/example_dags/example_sla_dag.py took 0.200 seconds
[2023-11-22T19:30:34.913+0000] {processor.py:157} INFO - Started process (PID=455) to work on /home/airflow/.local/lib/python3.8/site-packages/airflow/example_dags/example_sla_dag.py
[2023-11-22T19:30:34.914+0000] {processor.py:829} INFO - Processing file /home/airflow/.local/lib/python3.8/site-packages/airflow/example_dags/example_sla_dag.py for tasks to queue
[2023-11-22T19:30:34.915+0000] {logging_mixin.py:154} INFO - [2023-11-22T19:30:34.915+0000] {dagbag.py:536} INFO - Filling up the DagBag from /home/airflow/.local/lib/python3.8/site-packages/airflow/example_dags/example_sla_dag.py
[2023-11-22T19:30:34.922+0000] {processor.py:839} INFO - DAG(s) dict_keys(['example_sla_dag']) retrieved from /home/airflow/.local/lib/python3.8/site-packages/airflow/example_dags/example_sla_dag.py
[2023-11-22T19:30:34.942+0000] {logging_mixin.py:154} INFO - [2023-11-22T19:30:34.942+0000] {dag.py:2941} INFO - Sync 1 DAGs
[2023-11-22T19:30:34.961+0000] {logging_mixin.py:154} INFO - [2023-11-22T19:30:34.961+0000] {dag.py:3722} INFO - Setting next_dagrun for example_sla_dag to 2023-11-22T19:28:00+00:00, run_after=2023-11-22T19:30:00+00:00
[2023-11-22T19:30:34.974+0000] {processor.py:179} INFO - Processing /home/airflow/.local/lib/python3.8/site-packages/airflow/example_dags/example_sla_dag.py took 0.063 seconds
[2023-11-22T19:31:05.597+0000] {processor.py:157} INFO - Started process (PID=693) to work on /home/airflow/.local/lib/python3.8/site-packages/airflow/example_dags/example_sla_dag.py
[2023-11-22T19:31:05.598+0000] {processor.py:829} INFO - Processing file /home/airflow/.local/lib/python3.8/site-packages/airflow/example_dags/example_sla_dag.py for tasks to queue
[2023-11-22T19:31:05.598+0000] {logging_mixin.py:154} INFO - [2023-11-22T19:31:05.598+0000] {dagbag.py:536} INFO - Filling up the DagBag from /home/airflow/.local/lib/python3.8/site-packages/airflow/example_dags/example_sla_dag.py
[2023-11-22T19:31:05.605+0000] {processor.py:839} INFO - DAG(s) dict_keys(['example_sla_dag']) retrieved from /home/airflow/.local/lib/python3.8/site-packages/airflow/example_dags/example_sla_dag.py
[2023-11-22T19:31:05.625+0000] {logging_mixin.py:154} INFO - [2023-11-22T19:31:05.625+0000] {dag.py:2941} INFO - Sync 1 DAGs
[2023-11-22T19:31:05.643+0000] {logging_mixin.py:154} INFO - [2023-11-22T19:31:05.643+0000] {dag.py:3722} INFO - Setting next_dagrun for example_sla_dag to 2023-11-22T19:28:00+00:00, run_after=2023-11-22T19:30:00+00:00
[2023-11-22T19:31:05.656+0000] {processor.py:179} INFO - Processing /home/airflow/.local/lib/python3.8/site-packages/airflow/example_dags/example_sla_dag.py took 0.062 seconds
[2023-11-22T19:31:36.058+0000] {processor.py:157} INFO - Started process (PID=931) to work on /home/airflow/.local/lib/python3.8/site-packages/airflow/example_dags/example_sla_dag.py
[2023-11-22T19:31:36.060+0000] {processor.py:829} INFO - Processing file /home/airflow/.local/lib/python3.8/site-packages/airflow/example_dags/example_sla_dag.py for tasks to queue
[2023-11-22T19:31:36.061+0000] {logging_mixin.py:154} INFO - [2023-11-22T19:31:36.060+0000] {dagbag.py:536} INFO - Filling up the DagBag from /home/airflow/.local/lib/python3.8/site-packages/airflow/example_dags/example_sla_dag.py
[2023-11-22T19:31:36.068+0000] {processor.py:839} INFO - DAG(s) dict_keys(['example_sla_dag']) retrieved from /home/airflow/.local/lib/python3.8/site-packages/airflow/example_dags/example_sla_dag.py
[2023-11-22T19:31:36.094+0000] {logging_mixin.py:154} INFO - [2023-11-22T19:31:36.093+0000] {dag.py:2941} INFO - Sync 1 DAGs
[2023-11-22T19:31:36.115+0000] {logging_mixin.py:154} INFO - [2023-11-22T19:31:36.115+0000] {dag.py:3722} INFO - Setting next_dagrun for example_sla_dag to 2023-11-22T19:28:00+00:00, run_after=2023-11-22T19:30:00+00:00
[2023-11-22T19:31:36.128+0000] {processor.py:179} INFO - Processing /home/airflow/.local/lib/python3.8/site-packages/airflow/example_dags/example_sla_dag.py took 0.073 seconds
[2023-11-22T19:32:06.539+0000] {processor.py:157} INFO - Started process (PID=1171) to work on /home/airflow/.local/lib/python3.8/site-packages/airflow/example_dags/example_sla_dag.py
[2023-11-22T19:32:06.540+0000] {processor.py:829} INFO - Processing file /home/airflow/.local/lib/python3.8/site-packages/airflow/example_dags/example_sla_dag.py for tasks to queue
[2023-11-22T19:32:06.541+0000] {logging_mixin.py:154} INFO - [2023-11-22T19:32:06.541+0000] {dagbag.py:536} INFO - Filling up the DagBag from /home/airflow/.local/lib/python3.8/site-packages/airflow/example_dags/example_sla_dag.py
[2023-11-22T19:32:06.549+0000] {processor.py:839} INFO - DAG(s) dict_keys(['example_sla_dag']) retrieved from /home/airflow/.local/lib/python3.8/site-packages/airflow/example_dags/example_sla_dag.py
[2023-11-22T19:32:06.576+0000] {logging_mixin.py:154} INFO - [2023-11-22T19:32:06.576+0000] {dag.py:2941} INFO - Sync 1 DAGs
[2023-11-22T19:32:06.623+0000] {logging_mixin.py:154} INFO - [2023-11-22T19:32:06.622+0000] {dag.py:3722} INFO - Setting next_dagrun for example_sla_dag to 2023-11-22T19:30:00+00:00, run_after=2023-11-22T19:32:00+00:00
[2023-11-22T19:32:06.681+0000] {processor.py:179} INFO - Processing /home/airflow/.local/lib/python3.8/site-packages/airflow/example_dags/example_sla_dag.py took 0.145 seconds
[2023-11-22T19:32:37.250+0000] {processor.py:157} INFO - Started process (PID=1407) to work on /home/airflow/.local/lib/python3.8/site-packages/airflow/example_dags/example_sla_dag.py
[2023-11-22T19:32:37.251+0000] {processor.py:829} INFO - Processing file /home/airflow/.local/lib/python3.8/site-packages/airflow/example_dags/example_sla_dag.py for tasks to queue
[2023-11-22T19:32:37.252+0000] {logging_mixin.py:154} INFO - [2023-11-22T19:32:37.252+0000] {dagbag.py:536} INFO - Filling up the DagBag from /home/airflow/.local/lib/python3.8/site-packages/airflow/example_dags/example_sla_dag.py
[2023-11-22T19:32:37.260+0000] {processor.py:839} INFO - DAG(s) dict_keys(['example_sla_dag']) retrieved from /home/airflow/.local/lib/python3.8/site-packages/airflow/example_dags/example_sla_dag.py
[2023-11-22T19:32:37.284+0000] {logging_mixin.py:154} INFO - [2023-11-22T19:32:37.284+0000] {dag.py:2941} INFO - Sync 1 DAGs
[2023-11-22T19:32:37.305+0000] {logging_mixin.py:154} INFO - [2023-11-22T19:32:37.305+0000] {dag.py:3722} INFO - Setting next_dagrun for example_sla_dag to 2023-11-22T19:30:00+00:00, run_after=2023-11-22T19:32:00+00:00
[2023-11-22T19:32:37.322+0000] {processor.py:179} INFO - Processing /home/airflow/.local/lib/python3.8/site-packages/airflow/example_dags/example_sla_dag.py took 0.075 seconds
[2023-11-22T19:33:08.202+0000] {processor.py:157} INFO - Started process (PID=1645) to work on /home/airflow/.local/lib/python3.8/site-packages/airflow/example_dags/example_sla_dag.py
[2023-11-22T19:33:08.203+0000] {processor.py:829} INFO - Processing file /home/airflow/.local/lib/python3.8/site-packages/airflow/example_dags/example_sla_dag.py for tasks to queue
[2023-11-22T19:33:08.204+0000] {logging_mixin.py:154} INFO - [2023-11-22T19:33:08.204+0000] {dagbag.py:536} INFO - Filling up the DagBag from /home/airflow/.local/lib/python3.8/site-packages/airflow/example_dags/example_sla_dag.py
[2023-11-22T19:33:08.211+0000] {processor.py:839} INFO - DAG(s) dict_keys(['example_sla_dag']) retrieved from /home/airflow/.local/lib/python3.8/site-packages/airflow/example_dags/example_sla_dag.py
[2023-11-22T19:33:08.233+0000] {logging_mixin.py:154} INFO - [2023-11-22T19:33:08.232+0000] {dag.py:2941} INFO - Sync 1 DAGs
[2023-11-22T19:33:08.251+0000] {logging_mixin.py:154} INFO - [2023-11-22T19:33:08.251+0000] {dag.py:3722} INFO - Setting next_dagrun for example_sla_dag to 2023-11-22T19:30:00+00:00, run_after=2023-11-22T19:32:00+00:00
[2023-11-22T19:33:08.265+0000] {processor.py:179} INFO - Processing /home/airflow/.local/lib/python3.8/site-packages/airflow/example_dags/example_sla_dag.py took 0.066 seconds
[2023-11-22T19:33:38.602+0000] {processor.py:157} INFO - Started process (PID=1883) to work on /home/airflow/.local/lib/python3.8/site-packages/airflow/example_dags/example_sla_dag.py
[2023-11-22T19:33:38.603+0000] {processor.py:829} INFO - Processing file /home/airflow/.local/lib/python3.8/site-packages/airflow/example_dags/example_sla_dag.py for tasks to queue
[2023-11-22T19:33:38.603+0000] {logging_mixin.py:154} INFO - [2023-11-22T19:33:38.603+0000] {dagbag.py:536} INFO - Filling up the DagBag from /home/airflow/.local/lib/python3.8/site-packages/airflow/example_dags/example_sla_dag.py
[2023-11-22T19:33:38.611+0000] {processor.py:839} INFO - DAG(s) dict_keys(['example_sla_dag']) retrieved from /home/airflow/.local/lib/python3.8/site-packages/airflow/example_dags/example_sla_dag.py
[2023-11-22T19:33:38.633+0000] {logging_mixin.py:154} INFO - [2023-11-22T19:33:38.633+0000] {dag.py:2941} INFO - Sync 1 DAGs
[2023-11-22T19:33:38.654+0000] {logging_mixin.py:154} INFO - [2023-11-22T19:33:38.654+0000] {dag.py:3722} INFO - Setting next_dagrun for example_sla_dag to 2023-11-22T19:30:00+00:00, run_after=2023-11-22T19:32:00+00:00
[2023-11-22T19:33:38.669+0000] {processor.py:179} INFO - Processing /home/airflow/.local/lib/python3.8/site-packages/airflow/example_dags/example_sla_dag.py took 0.071 seconds
[2023-11-22T19:34:09.299+0000] {processor.py:157} INFO - Started process (PID=2121) to work on /home/airflow/.local/lib/python3.8/site-packages/airflow/example_dags/example_sla_dag.py
[2023-11-22T19:34:09.300+0000] {processor.py:829} INFO - Processing file /home/airflow/.local/lib/python3.8/site-packages/airflow/example_dags/example_sla_dag.py for tasks to queue
[2023-11-22T19:34:09.301+0000] {logging_mixin.py:154} INFO - [2023-11-22T19:34:09.301+0000] {dagbag.py:536} INFO - Filling up the DagBag from /home/airflow/.local/lib/python3.8/site-packages/airflow/example_dags/example_sla_dag.py
[2023-11-22T19:34:09.309+0000] {processor.py:839} INFO - DAG(s) dict_keys(['example_sla_dag']) retrieved from /home/airflow/.local/lib/python3.8/site-packages/airflow/example_dags/example_sla_dag.py
[2023-11-22T19:34:09.330+0000] {logging_mixin.py:154} INFO - [2023-11-22T19:34:09.330+0000] {dag.py:2941} INFO - Sync 1 DAGs
[2023-11-22T19:34:09.351+0000] {logging_mixin.py:154} INFO - [2023-11-22T19:34:09.350+0000] {dag.py:3722} INFO - Setting next_dagrun for example_sla_dag to 2023-11-22T19:32:00+00:00, run_after=2023-11-22T19:34:00+00:00
[2023-11-22T19:34:09.365+0000] {processor.py:179} INFO - Processing /home/airflow/.local/lib/python3.8/site-packages/airflow/example_dags/example_sla_dag.py took 0.069 seconds
[2023-11-22T19:34:39.774+0000] {processor.py:157} INFO - Started process (PID=2359) to work on /home/airflow/.local/lib/python3.8/site-packages/airflow/example_dags/example_sla_dag.py
[2023-11-22T19:34:39.775+0000] {processor.py:829} INFO - Processing file /home/airflow/.local/lib/python3.8/site-packages/airflow/example_dags/example_sla_dag.py for tasks to queue
[2023-11-22T19:34:39.776+0000] {logging_mixin.py:154} INFO - [2023-11-22T19:34:39.775+0000] {dagbag.py:536} INFO - Filling up the DagBag from /home/airflow/.local/lib/python3.8/site-packages/airflow/example_dags/example_sla_dag.py
[2023-11-22T19:34:39.783+0000] {processor.py:839} INFO - DAG(s) dict_keys(['example_sla_dag']) retrieved from /home/airflow/.local/lib/python3.8/site-packages/airflow/example_dags/example_sla_dag.py
[2023-11-22T19:34:39.804+0000] {logging_mixin.py:154} INFO - [2023-11-22T19:34:39.804+0000] {dag.py:2941} INFO - Sync 1 DAGs
[2023-11-22T19:34:39.824+0000] {logging_mixin.py:154} INFO - [2023-11-22T19:34:39.824+0000] {dag.py:3722} INFO - Setting next_dagrun for example_sla_dag to 2023-11-22T19:32:00+00:00, run_after=2023-11-22T19:34:00+00:00
[2023-11-22T19:34:39.836+0000] {processor.py:179} INFO - Processing /home/airflow/.local/lib/python3.8/site-packages/airflow/example_dags/example_sla_dag.py took 0.065 seconds
[2023-11-22T19:35:10.099+0000] {processor.py:157} INFO - Started process (PID=2597) to work on /home/airflow/.local/lib/python3.8/site-packages/airflow/example_dags/example_sla_dag.py
[2023-11-22T19:35:10.100+0000] {processor.py:829} INFO - Processing file /home/airflow/.local/lib/python3.8/site-packages/airflow/example_dags/example_sla_dag.py for tasks to queue
[2023-11-22T19:35:10.101+0000] {logging_mixin.py:154} INFO - [2023-11-22T19:35:10.101+0000] {dagbag.py:536} INFO - Filling up the DagBag from /home/airflow/.local/lib/python3.8/site-packages/airflow/example_dags/example_sla_dag.py
[2023-11-22T19:35:10.108+0000] {processor.py:839} INFO - DAG(s) dict_keys(['example_sla_dag']) retrieved from /home/airflow/.local/lib/python3.8/site-packages/airflow/example_dags/example_sla_dag.py
[2023-11-22T19:35:10.128+0000] {logging_mixin.py:154} INFO - [2023-11-22T19:35:10.128+0000] {dag.py:2941} INFO - Sync 1 DAGs
[2023-11-22T19:35:10.146+0000] {logging_mixin.py:154} INFO - [2023-11-22T19:35:10.146+0000] {dag.py:3722} INFO - Setting next_dagrun for example_sla_dag to 2023-11-22T19:32:00+00:00, run_after=2023-11-22T19:34:00+00:00
[2023-11-22T19:35:10.158+0000] {processor.py:179} INFO - Processing /home/airflow/.local/lib/python3.8/site-packages/airflow/example_dags/example_sla_dag.py took 0.062 seconds
[2023-11-22T19:35:40.574+0000] {processor.py:157} INFO - Started process (PID=2835) to work on /home/airflow/.local/lib/python3.8/site-packages/airflow/example_dags/example_sla_dag.py
[2023-11-22T19:35:40.574+0000] {processor.py:829} INFO - Processing file /home/airflow/.local/lib/python3.8/site-packages/airflow/example_dags/example_sla_dag.py for tasks to queue
[2023-11-22T19:35:40.575+0000] {logging_mixin.py:154} INFO - [2023-11-22T19:35:40.575+0000] {dagbag.py:536} INFO - Filling up the DagBag from /home/airflow/.local/lib/python3.8/site-packages/airflow/example_dags/example_sla_dag.py
[2023-11-22T19:35:40.583+0000] {processor.py:839} INFO - DAG(s) dict_keys(['example_sla_dag']) retrieved from /home/airflow/.local/lib/python3.8/site-packages/airflow/example_dags/example_sla_dag.py
[2023-11-22T19:35:40.605+0000] {logging_mixin.py:154} INFO - [2023-11-22T19:35:40.605+0000] {dag.py:2941} INFO - Sync 1 DAGs
[2023-11-22T19:35:40.626+0000] {logging_mixin.py:154} INFO - [2023-11-22T19:35:40.626+0000] {dag.py:3722} INFO - Setting next_dagrun for example_sla_dag to 2023-11-22T19:32:00+00:00, run_after=2023-11-22T19:34:00+00:00
[2023-11-22T19:35:40.646+0000] {processor.py:179} INFO - Processing /home/airflow/.local/lib/python3.8/site-packages/airflow/example_dags/example_sla_dag.py took 0.076 seconds
[2023-11-22T19:36:11.048+0000] {processor.py:157} INFO - Started process (PID=3075) to work on /home/airflow/.local/lib/python3.8/site-packages/airflow/example_dags/example_sla_dag.py
[2023-11-22T19:36:11.049+0000] {processor.py:829} INFO - Processing file /home/airflow/.local/lib/python3.8/site-packages/airflow/example_dags/example_sla_dag.py for tasks to queue
[2023-11-22T19:36:11.050+0000] {logging_mixin.py:154} INFO - [2023-11-22T19:36:11.050+0000] {dagbag.py:536} INFO - Filling up the DagBag from /home/airflow/.local/lib/python3.8/site-packages/airflow/example_dags/example_sla_dag.py
[2023-11-22T19:36:11.058+0000] {processor.py:839} INFO - DAG(s) dict_keys(['example_sla_dag']) retrieved from /home/airflow/.local/lib/python3.8/site-packages/airflow/example_dags/example_sla_dag.py
[2023-11-22T19:36:11.083+0000] {logging_mixin.py:154} INFO - [2023-11-22T19:36:11.083+0000] {dag.py:2941} INFO - Sync 1 DAGs
[2023-11-22T19:36:11.105+0000] {logging_mixin.py:154} INFO - [2023-11-22T19:36:11.105+0000] {dag.py:3722} INFO - Setting next_dagrun for example_sla_dag to 2023-11-22T19:34:00+00:00, run_after=2023-11-22T19:36:00+00:00
[2023-11-22T19:36:11.120+0000] {processor.py:179} INFO - Processing /home/airflow/.local/lib/python3.8/site-packages/airflow/example_dags/example_sla_dag.py took 0.075 seconds
[2023-11-22T19:36:41.529+0000] {processor.py:157} INFO - Started process (PID=3313) to work on /home/airflow/.local/lib/python3.8/site-packages/airflow/example_dags/example_sla_dag.py
[2023-11-22T19:36:41.531+0000] {processor.py:829} INFO - Processing file /home/airflow/.local/lib/python3.8/site-packages/airflow/example_dags/example_sla_dag.py for tasks to queue
[2023-11-22T19:36:41.531+0000] {logging_mixin.py:154} INFO - [2023-11-22T19:36:41.531+0000] {dagbag.py:536} INFO - Filling up the DagBag from /home/airflow/.local/lib/python3.8/site-packages/airflow/example_dags/example_sla_dag.py
[2023-11-22T19:36:41.539+0000] {processor.py:839} INFO - DAG(s) dict_keys(['example_sla_dag']) retrieved from /home/airflow/.local/lib/python3.8/site-packages/airflow/example_dags/example_sla_dag.py
[2023-11-22T19:36:41.560+0000] {logging_mixin.py:154} INFO - [2023-11-22T19:36:41.560+0000] {dag.py:2941} INFO - Sync 1 DAGs
[2023-11-22T19:36:41.583+0000] {logging_mixin.py:154} INFO - [2023-11-22T19:36:41.583+0000] {dag.py:3722} INFO - Setting next_dagrun for example_sla_dag to 2023-11-22T19:34:00+00:00, run_after=2023-11-22T19:36:00+00:00
[2023-11-22T19:36:41.598+0000] {processor.py:179} INFO - Processing /home/airflow/.local/lib/python3.8/site-packages/airflow/example_dags/example_sla_dag.py took 0.071 seconds
[2023-11-22T19:37:11.639+0000] {processor.py:157} INFO - Started process (PID=3549) to work on /home/airflow/.local/lib/python3.8/site-packages/airflow/example_dags/example_sla_dag.py
[2023-11-22T19:37:11.640+0000] {processor.py:829} INFO - Processing file /home/airflow/.local/lib/python3.8/site-packages/airflow/example_dags/example_sla_dag.py for tasks to queue
[2023-11-22T19:37:11.641+0000] {logging_mixin.py:154} INFO - [2023-11-22T19:37:11.641+0000] {dagbag.py:536} INFO - Filling up the DagBag from /home/airflow/.local/lib/python3.8/site-packages/airflow/example_dags/example_sla_dag.py
[2023-11-22T19:37:11.648+0000] {processor.py:839} INFO - DAG(s) dict_keys(['example_sla_dag']) retrieved from /home/airflow/.local/lib/python3.8/site-packages/airflow/example_dags/example_sla_dag.py
[2023-11-22T19:37:11.668+0000] {logging_mixin.py:154} INFO - [2023-11-22T19:37:11.668+0000] {dag.py:2941} INFO - Sync 1 DAGs
[2023-11-22T19:37:11.686+0000] {logging_mixin.py:154} INFO - [2023-11-22T19:37:11.686+0000] {dag.py:3722} INFO - Setting next_dagrun for example_sla_dag to 2023-11-22T19:34:00+00:00, run_after=2023-11-22T19:36:00+00:00
[2023-11-22T19:37:11.700+0000] {processor.py:179} INFO - Processing /home/airflow/.local/lib/python3.8/site-packages/airflow/example_dags/example_sla_dag.py took 0.064 seconds
[2023-11-22T19:37:41.862+0000] {processor.py:157} INFO - Started process (PID=3787) to work on /home/airflow/.local/lib/python3.8/site-packages/airflow/example_dags/example_sla_dag.py
[2023-11-22T19:37:41.863+0000] {processor.py:829} INFO - Processing file /home/airflow/.local/lib/python3.8/site-packages/airflow/example_dags/example_sla_dag.py for tasks to queue
[2023-11-22T19:37:41.864+0000] {logging_mixin.py:154} INFO - [2023-11-22T19:37:41.863+0000] {dagbag.py:536} INFO - Filling up the DagBag from /home/airflow/.local/lib/python3.8/site-packages/airflow/example_dags/example_sla_dag.py
[2023-11-22T19:37:41.871+0000] {processor.py:839} INFO - DAG(s) dict_keys(['example_sla_dag']) retrieved from /home/airflow/.local/lib/python3.8/site-packages/airflow/example_dags/example_sla_dag.py
[2023-11-22T19:37:41.892+0000] {logging_mixin.py:154} INFO - [2023-11-22T19:37:41.892+0000] {dag.py:2941} INFO - Sync 1 DAGs
[2023-11-22T19:37:41.911+0000] {logging_mixin.py:154} INFO - [2023-11-22T19:37:41.911+0000] {dag.py:3722} INFO - Setting next_dagrun for example_sla_dag to 2023-11-22T19:34:00+00:00, run_after=2023-11-22T19:36:00+00:00
[2023-11-22T19:37:41.924+0000] {processor.py:179} INFO - Processing /home/airflow/.local/lib/python3.8/site-packages/airflow/example_dags/example_sla_dag.py took 0.066 seconds
[2023-11-22T19:38:12.115+0000] {processor.py:157} INFO - Started process (PID=4025) to work on /home/airflow/.local/lib/python3.8/site-packages/airflow/example_dags/example_sla_dag.py
[2023-11-22T19:38:12.116+0000] {processor.py:829} INFO - Processing file /home/airflow/.local/lib/python3.8/site-packages/airflow/example_dags/example_sla_dag.py for tasks to queue
[2023-11-22T19:38:12.116+0000] {logging_mixin.py:154} INFO - [2023-11-22T19:38:12.116+0000] {dagbag.py:536} INFO - Filling up the DagBag from /home/airflow/.local/lib/python3.8/site-packages/airflow/example_dags/example_sla_dag.py
[2023-11-22T19:38:12.123+0000] {processor.py:839} INFO - DAG(s) dict_keys(['example_sla_dag']) retrieved from /home/airflow/.local/lib/python3.8/site-packages/airflow/example_dags/example_sla_dag.py
[2023-11-22T19:38:12.144+0000] {logging_mixin.py:154} INFO - [2023-11-22T19:38:12.144+0000] {dag.py:2941} INFO - Sync 1 DAGs
[2023-11-22T19:38:12.163+0000] {logging_mixin.py:154} INFO - [2023-11-22T19:38:12.163+0000] {dag.py:3722} INFO - Setting next_dagrun for example_sla_dag to 2023-11-22T19:36:00+00:00, run_after=2023-11-22T19:38:00+00:00
[2023-11-22T19:38:12.176+0000] {processor.py:179} INFO - Processing /home/airflow/.local/lib/python3.8/site-packages/airflow/example_dags/example_sla_dag.py took 0.064 seconds
[2023-11-22T19:38:42.534+0000] {processor.py:157} INFO - Started process (PID=4262) to work on /home/airflow/.local/lib/python3.8/site-packages/airflow/example_dags/example_sla_dag.py
[2023-11-22T19:38:42.535+0000] {processor.py:829} INFO - Processing file /home/airflow/.local/lib/python3.8/site-packages/airflow/example_dags/example_sla_dag.py for tasks to queue
[2023-11-22T19:38:42.536+0000] {logging_mixin.py:154} INFO - [2023-11-22T19:38:42.535+0000] {dagbag.py:536} INFO - Filling up the DagBag from /home/airflow/.local/lib/python3.8/site-packages/airflow/example_dags/example_sla_dag.py
[2023-11-22T19:38:42.543+0000] {processor.py:839} INFO - DAG(s) dict_keys(['example_sla_dag']) retrieved from /home/airflow/.local/lib/python3.8/site-packages/airflow/example_dags/example_sla_dag.py
[2023-11-22T19:38:42.565+0000] {logging_mixin.py:154} INFO - [2023-11-22T19:38:42.564+0000] {dag.py:2941} INFO - Sync 1 DAGs
[2023-11-22T19:38:42.586+0000] {logging_mixin.py:154} INFO - [2023-11-22T19:38:42.586+0000] {dag.py:3722} INFO - Setting next_dagrun for example_sla_dag to 2023-11-22T19:36:00+00:00, run_after=2023-11-22T19:38:00+00:00
[2023-11-22T19:38:42.599+0000] {processor.py:179} INFO - Processing /home/airflow/.local/lib/python3.8/site-packages/airflow/example_dags/example_sla_dag.py took 0.069 seconds
[2023-11-22T19:39:13.158+0000] {processor.py:157} INFO - Started process (PID=4500) to work on /home/airflow/.local/lib/python3.8/site-packages/airflow/example_dags/example_sla_dag.py
[2023-11-22T19:39:13.159+0000] {processor.py:829} INFO - Processing file /home/airflow/.local/lib/python3.8/site-packages/airflow/example_dags/example_sla_dag.py for tasks to queue
[2023-11-22T19:39:13.159+0000] {logging_mixin.py:154} INFO - [2023-11-22T19:39:13.159+0000] {dagbag.py:536} INFO - Filling up the DagBag from /home/airflow/.local/lib/python3.8/site-packages/airflow/example_dags/example_sla_dag.py
[2023-11-22T19:39:13.166+0000] {processor.py:839} INFO - DAG(s) dict_keys(['example_sla_dag']) retrieved from /home/airflow/.local/lib/python3.8/site-packages/airflow/example_dags/example_sla_dag.py
[2023-11-22T19:39:13.187+0000] {logging_mixin.py:154} INFO - [2023-11-22T19:39:13.187+0000] {dag.py:2941} INFO - Sync 1 DAGs
[2023-11-22T19:39:13.206+0000] {logging_mixin.py:154} INFO - [2023-11-22T19:39:13.206+0000] {dag.py:3722} INFO - Setting next_dagrun for example_sla_dag to 2023-11-22T19:36:00+00:00, run_after=2023-11-22T19:38:00+00:00
[2023-11-22T19:39:13.218+0000] {processor.py:179} INFO - Processing /home/airflow/.local/lib/python3.8/site-packages/airflow/example_dags/example_sla_dag.py took 0.064 seconds
[2023-11-22T19:39:43.565+0000] {processor.py:157} INFO - Started process (PID=4738) to work on /home/airflow/.local/lib/python3.8/site-packages/airflow/example_dags/example_sla_dag.py
[2023-11-22T19:39:43.566+0000] {processor.py:829} INFO - Processing file /home/airflow/.local/lib/python3.8/site-packages/airflow/example_dags/example_sla_dag.py for tasks to queue
[2023-11-22T19:39:43.567+0000] {logging_mixin.py:154} INFO - [2023-11-22T19:39:43.567+0000] {dagbag.py:536} INFO - Filling up the DagBag from /home/airflow/.local/lib/python3.8/site-packages/airflow/example_dags/example_sla_dag.py
[2023-11-22T19:39:43.574+0000] {processor.py:839} INFO - DAG(s) dict_keys(['example_sla_dag']) retrieved from /home/airflow/.local/lib/python3.8/site-packages/airflow/example_dags/example_sla_dag.py
[2023-11-22T19:39:43.595+0000] {logging_mixin.py:154} INFO - [2023-11-22T19:39:43.595+0000] {dag.py:2941} INFO - Sync 1 DAGs
[2023-11-22T19:39:43.614+0000] {logging_mixin.py:154} INFO - [2023-11-22T19:39:43.614+0000] {dag.py:3722} INFO - Setting next_dagrun for example_sla_dag to 2023-11-22T19:36:00+00:00, run_after=2023-11-22T19:38:00+00:00
[2023-11-22T19:39:43.626+0000] {processor.py:179} INFO - Processing /home/airflow/.local/lib/python3.8/site-packages/airflow/example_dags/example_sla_dag.py took 0.065 seconds
[2023-11-22T19:40:14.107+0000] {processor.py:157} INFO - Started process (PID=4978) to work on /home/airflow/.local/lib/python3.8/site-packages/airflow/example_dags/example_sla_dag.py
[2023-11-22T19:40:14.108+0000] {processor.py:829} INFO - Processing file /home/airflow/.local/lib/python3.8/site-packages/airflow/example_dags/example_sla_dag.py for tasks to queue
[2023-11-22T19:40:14.109+0000] {logging_mixin.py:154} INFO - [2023-11-22T19:40:14.108+0000] {dagbag.py:536} INFO - Filling up the DagBag from /home/airflow/.local/lib/python3.8/site-packages/airflow/example_dags/example_sla_dag.py
[2023-11-22T19:40:14.116+0000] {processor.py:839} INFO - DAG(s) dict_keys(['example_sla_dag']) retrieved from /home/airflow/.local/lib/python3.8/site-packages/airflow/example_dags/example_sla_dag.py
[2023-11-22T19:40:14.137+0000] {logging_mixin.py:154} INFO - [2023-11-22T19:40:14.136+0000] {dag.py:2941} INFO - Sync 1 DAGs
[2023-11-22T19:40:14.156+0000] {logging_mixin.py:154} INFO - [2023-11-22T19:40:14.156+0000] {dag.py:3722} INFO - Setting next_dagrun for example_sla_dag to 2023-11-22T19:38:00+00:00, run_after=2023-11-22T19:40:00+00:00
[2023-11-22T19:40:14.169+0000] {processor.py:179} INFO - Processing /home/airflow/.local/lib/python3.8/site-packages/airflow/example_dags/example_sla_dag.py took 0.065 seconds
[2023-11-22T19:40:44.628+0000] {processor.py:157} INFO - Started process (PID=5214) to work on /home/airflow/.local/lib/python3.8/site-packages/airflow/example_dags/example_sla_dag.py
[2023-11-22T19:40:44.630+0000] {processor.py:829} INFO - Processing file /home/airflow/.local/lib/python3.8/site-packages/airflow/example_dags/example_sla_dag.py for tasks to queue
[2023-11-22T19:40:44.632+0000] {logging_mixin.py:154} INFO - [2023-11-22T19:40:44.631+0000] {dagbag.py:536} INFO - Filling up the DagBag from /home/airflow/.local/lib/python3.8/site-packages/airflow/example_dags/example_sla_dag.py
[2023-11-22T19:40:44.648+0000] {processor.py:839} INFO - DAG(s) dict_keys(['example_sla_dag']) retrieved from /home/airflow/.local/lib/python3.8/site-packages/airflow/example_dags/example_sla_dag.py
[2023-11-22T19:40:44.673+0000] {logging_mixin.py:154} INFO - [2023-11-22T19:40:44.673+0000] {dag.py:2941} INFO - Sync 1 DAGs
[2023-11-22T19:40:44.698+0000] {logging_mixin.py:154} INFO - [2023-11-22T19:40:44.698+0000] {dag.py:3722} INFO - Setting next_dagrun for example_sla_dag to 2023-11-22T19:38:00+00:00, run_after=2023-11-22T19:40:00+00:00
[2023-11-22T19:40:44.712+0000] {processor.py:179} INFO - Processing /home/airflow/.local/lib/python3.8/site-packages/airflow/example_dags/example_sla_dag.py took 0.093 seconds
[2023-11-22T19:41:15.215+0000] {processor.py:157} INFO - Started process (PID=5452) to work on /home/airflow/.local/lib/python3.8/site-packages/airflow/example_dags/example_sla_dag.py
[2023-11-22T19:41:15.216+0000] {processor.py:829} INFO - Processing file /home/airflow/.local/lib/python3.8/site-packages/airflow/example_dags/example_sla_dag.py for tasks to queue
[2023-11-22T19:41:15.217+0000] {logging_mixin.py:154} INFO - [2023-11-22T19:41:15.217+0000] {dagbag.py:536} INFO - Filling up the DagBag from /home/airflow/.local/lib/python3.8/site-packages/airflow/example_dags/example_sla_dag.py
[2023-11-22T19:41:15.224+0000] {processor.py:839} INFO - DAG(s) dict_keys(['example_sla_dag']) retrieved from /home/airflow/.local/lib/python3.8/site-packages/airflow/example_dags/example_sla_dag.py
[2023-11-22T19:41:15.244+0000] {logging_mixin.py:154} INFO - [2023-11-22T19:41:15.244+0000] {dag.py:2941} INFO - Sync 1 DAGs
[2023-11-22T19:41:15.264+0000] {logging_mixin.py:154} INFO - [2023-11-22T19:41:15.264+0000] {dag.py:3722} INFO - Setting next_dagrun for example_sla_dag to 2023-11-22T19:38:00+00:00, run_after=2023-11-22T19:40:00+00:00
[2023-11-22T19:41:15.276+0000] {processor.py:179} INFO - Processing /home/airflow/.local/lib/python3.8/site-packages/airflow/example_dags/example_sla_dag.py took 0.064 seconds
[2023-11-22T19:41:45.703+0000] {processor.py:157} INFO - Started process (PID=5690) to work on /home/airflow/.local/lib/python3.8/site-packages/airflow/example_dags/example_sla_dag.py
[2023-11-22T19:41:45.704+0000] {processor.py:829} INFO - Processing file /home/airflow/.local/lib/python3.8/site-packages/airflow/example_dags/example_sla_dag.py for tasks to queue
[2023-11-22T19:41:45.705+0000] {logging_mixin.py:154} INFO - [2023-11-22T19:41:45.705+0000] {dagbag.py:536} INFO - Filling up the DagBag from /home/airflow/.local/lib/python3.8/site-packages/airflow/example_dags/example_sla_dag.py
[2023-11-22T19:41:45.712+0000] {processor.py:839} INFO - DAG(s) dict_keys(['example_sla_dag']) retrieved from /home/airflow/.local/lib/python3.8/site-packages/airflow/example_dags/example_sla_dag.py
[2023-11-22T19:41:45.732+0000] {logging_mixin.py:154} INFO - [2023-11-22T19:41:45.732+0000] {dag.py:2941} INFO - Sync 1 DAGs
[2023-11-22T19:41:45.751+0000] {logging_mixin.py:154} INFO - [2023-11-22T19:41:45.751+0000] {dag.py:3722} INFO - Setting next_dagrun for example_sla_dag to 2023-11-22T19:38:00+00:00, run_after=2023-11-22T19:40:00+00:00
[2023-11-22T19:41:45.763+0000] {processor.py:179} INFO - Processing /home/airflow/.local/lib/python3.8/site-packages/airflow/example_dags/example_sla_dag.py took 0.063 seconds
[2023-11-22T19:42:16.146+0000] {processor.py:157} INFO - Started process (PID=5927) to work on /home/airflow/.local/lib/python3.8/site-packages/airflow/example_dags/example_sla_dag.py
[2023-11-22T19:42:16.147+0000] {processor.py:829} INFO - Processing file /home/airflow/.local/lib/python3.8/site-packages/airflow/example_dags/example_sla_dag.py for tasks to queue
[2023-11-22T19:42:16.148+0000] {logging_mixin.py:154} INFO - [2023-11-22T19:42:16.148+0000] {dagbag.py:536} INFO - Filling up the DagBag from /home/airflow/.local/lib/python3.8/site-packages/airflow/example_dags/example_sla_dag.py
[2023-11-22T19:42:16.155+0000] {processor.py:839} INFO - DAG(s) dict_keys(['example_sla_dag']) retrieved from /home/airflow/.local/lib/python3.8/site-packages/airflow/example_dags/example_sla_dag.py
[2023-11-22T19:42:16.176+0000] {logging_mixin.py:154} INFO - [2023-11-22T19:42:16.176+0000] {dag.py:2941} INFO - Sync 1 DAGs
[2023-11-22T19:42:16.195+0000] {logging_mixin.py:154} INFO - [2023-11-22T19:42:16.194+0000] {dag.py:3722} INFO - Setting next_dagrun for example_sla_dag to 2023-11-22T19:40:00+00:00, run_after=2023-11-22T19:42:00+00:00
[2023-11-22T19:42:16.207+0000] {processor.py:179} INFO - Processing /home/airflow/.local/lib/python3.8/site-packages/airflow/example_dags/example_sla_dag.py took 0.064 seconds
[2023-11-22T19:42:46.546+0000] {processor.py:157} INFO - Started process (PID=6165) to work on /home/airflow/.local/lib/python3.8/site-packages/airflow/example_dags/example_sla_dag.py
[2023-11-22T19:42:46.547+0000] {processor.py:829} INFO - Processing file /home/airflow/.local/lib/python3.8/site-packages/airflow/example_dags/example_sla_dag.py for tasks to queue
[2023-11-22T19:42:46.547+0000] {logging_mixin.py:154} INFO - [2023-11-22T19:42:46.547+0000] {dagbag.py:536} INFO - Filling up the DagBag from /home/airflow/.local/lib/python3.8/site-packages/airflow/example_dags/example_sla_dag.py
[2023-11-22T19:42:46.555+0000] {processor.py:839} INFO - DAG(s) dict_keys(['example_sla_dag']) retrieved from /home/airflow/.local/lib/python3.8/site-packages/airflow/example_dags/example_sla_dag.py
[2023-11-22T19:42:46.575+0000] {logging_mixin.py:154} INFO - [2023-11-22T19:42:46.575+0000] {dag.py:2941} INFO - Sync 1 DAGs
[2023-11-22T19:42:46.595+0000] {logging_mixin.py:154} INFO - [2023-11-22T19:42:46.594+0000] {dag.py:3722} INFO - Setting next_dagrun for example_sla_dag to 2023-11-22T19:40:00+00:00, run_after=2023-11-22T19:42:00+00:00
[2023-11-22T19:42:46.607+0000] {processor.py:179} INFO - Processing /home/airflow/.local/lib/python3.8/site-packages/airflow/example_dags/example_sla_dag.py took 0.065 seconds
[2023-11-22T19:43:16.954+0000] {processor.py:157} INFO - Started process (PID=6403) to work on /home/airflow/.local/lib/python3.8/site-packages/airflow/example_dags/example_sla_dag.py
[2023-11-22T19:43:16.955+0000] {processor.py:829} INFO - Processing file /home/airflow/.local/lib/python3.8/site-packages/airflow/example_dags/example_sla_dag.py for tasks to queue
[2023-11-22T19:43:16.956+0000] {logging_mixin.py:154} INFO - [2023-11-22T19:43:16.956+0000] {dagbag.py:536} INFO - Filling up the DagBag from /home/airflow/.local/lib/python3.8/site-packages/airflow/example_dags/example_sla_dag.py
[2023-11-22T19:43:16.963+0000] {processor.py:839} INFO - DAG(s) dict_keys(['example_sla_dag']) retrieved from /home/airflow/.local/lib/python3.8/site-packages/airflow/example_dags/example_sla_dag.py
[2023-11-22T19:43:16.984+0000] {logging_mixin.py:154} INFO - [2023-11-22T19:43:16.984+0000] {dag.py:2941} INFO - Sync 1 DAGs
[2023-11-22T19:43:17.003+0000] {logging_mixin.py:154} INFO - [2023-11-22T19:43:17.003+0000] {dag.py:3722} INFO - Setting next_dagrun for example_sla_dag to 2023-11-22T19:40:00+00:00, run_after=2023-11-22T19:42:00+00:00
[2023-11-22T19:43:17.015+0000] {processor.py:179} INFO - Processing /home/airflow/.local/lib/python3.8/site-packages/airflow/example_dags/example_sla_dag.py took 0.064 seconds
[2023-11-22T19:43:47.451+0000] {processor.py:157} INFO - Started process (PID=6641) to work on /home/airflow/.local/lib/python3.8/site-packages/airflow/example_dags/example_sla_dag.py
[2023-11-22T19:43:47.452+0000] {processor.py:829} INFO - Processing file /home/airflow/.local/lib/python3.8/site-packages/airflow/example_dags/example_sla_dag.py for tasks to queue
[2023-11-22T19:43:47.453+0000] {logging_mixin.py:154} INFO - [2023-11-22T19:43:47.453+0000] {dagbag.py:536} INFO - Filling up the DagBag from /home/airflow/.local/lib/python3.8/site-packages/airflow/example_dags/example_sla_dag.py
[2023-11-22T19:43:47.461+0000] {processor.py:839} INFO - DAG(s) dict_keys(['example_sla_dag']) retrieved from /home/airflow/.local/lib/python3.8/site-packages/airflow/example_dags/example_sla_dag.py
[2023-11-22T19:43:47.489+0000] {logging_mixin.py:154} INFO - [2023-11-22T19:43:47.489+0000] {dag.py:2941} INFO - Sync 1 DAGs
[2023-11-22T19:43:47.514+0000] {logging_mixin.py:154} INFO - [2023-11-22T19:43:47.513+0000] {dag.py:3722} INFO - Setting next_dagrun for example_sla_dag to 2023-11-22T19:40:00+00:00, run_after=2023-11-22T19:42:00+00:00
[2023-11-22T19:43:47.528+0000] {processor.py:179} INFO - Processing /home/airflow/.local/lib/python3.8/site-packages/airflow/example_dags/example_sla_dag.py took 0.080 seconds
[2023-11-22T19:44:17.927+0000] {processor.py:157} INFO - Started process (PID=6879) to work on /home/airflow/.local/lib/python3.8/site-packages/airflow/example_dags/example_sla_dag.py
[2023-11-22T19:44:17.928+0000] {processor.py:829} INFO - Processing file /home/airflow/.local/lib/python3.8/site-packages/airflow/example_dags/example_sla_dag.py for tasks to queue
[2023-11-22T19:44:17.929+0000] {logging_mixin.py:154} INFO - [2023-11-22T19:44:17.929+0000] {dagbag.py:536} INFO - Filling up the DagBag from /home/airflow/.local/lib/python3.8/site-packages/airflow/example_dags/example_sla_dag.py
[2023-11-22T19:44:17.936+0000] {processor.py:839} INFO - DAG(s) dict_keys(['example_sla_dag']) retrieved from /home/airflow/.local/lib/python3.8/site-packages/airflow/example_dags/example_sla_dag.py
[2023-11-22T19:44:17.957+0000] {logging_mixin.py:154} INFO - [2023-11-22T19:44:17.957+0000] {dag.py:2941} INFO - Sync 1 DAGs
[2023-11-22T19:44:17.975+0000] {logging_mixin.py:154} INFO - [2023-11-22T19:44:17.975+0000] {dag.py:3722} INFO - Setting next_dagrun for example_sla_dag to 2023-11-22T19:42:00+00:00, run_after=2023-11-22T19:44:00+00:00
[2023-11-22T19:44:17.988+0000] {processor.py:179} INFO - Processing /home/airflow/.local/lib/python3.8/site-packages/airflow/example_dags/example_sla_dag.py took 0.064 seconds
[2023-11-22T19:44:48.341+0000] {processor.py:157} INFO - Started process (PID=7117) to work on /home/airflow/.local/lib/python3.8/site-packages/airflow/example_dags/example_sla_dag.py
[2023-11-22T19:44:48.342+0000] {processor.py:829} INFO - Processing file /home/airflow/.local/lib/python3.8/site-packages/airflow/example_dags/example_sla_dag.py for tasks to queue
[2023-11-22T19:44:48.342+0000] {logging_mixin.py:154} INFO - [2023-11-22T19:44:48.342+0000] {dagbag.py:536} INFO - Filling up the DagBag from /home/airflow/.local/lib/python3.8/site-packages/airflow/example_dags/example_sla_dag.py
[2023-11-22T19:44:48.350+0000] {processor.py:839} INFO - DAG(s) dict_keys(['example_sla_dag']) retrieved from /home/airflow/.local/lib/python3.8/site-packages/airflow/example_dags/example_sla_dag.py
[2023-11-22T19:44:48.372+0000] {logging_mixin.py:154} INFO - [2023-11-22T19:44:48.372+0000] {dag.py:2941} INFO - Sync 1 DAGs
[2023-11-22T19:44:48.391+0000] {logging_mixin.py:154} INFO - [2023-11-22T19:44:48.391+0000] {dag.py:3722} INFO - Setting next_dagrun for example_sla_dag to 2023-11-22T19:42:00+00:00, run_after=2023-11-22T19:44:00+00:00
[2023-11-22T19:44:48.403+0000] {processor.py:179} INFO - Processing /home/airflow/.local/lib/python3.8/site-packages/airflow/example_dags/example_sla_dag.py took 0.066 seconds
[2023-11-22T19:45:18.740+0000] {processor.py:157} INFO - Started process (PID=7355) to work on /home/airflow/.local/lib/python3.8/site-packages/airflow/example_dags/example_sla_dag.py
[2023-11-22T19:45:18.741+0000] {processor.py:829} INFO - Processing file /home/airflow/.local/lib/python3.8/site-packages/airflow/example_dags/example_sla_dag.py for tasks to queue
[2023-11-22T19:45:18.742+0000] {logging_mixin.py:154} INFO - [2023-11-22T19:45:18.741+0000] {dagbag.py:536} INFO - Filling up the DagBag from /home/airflow/.local/lib/python3.8/site-packages/airflow/example_dags/example_sla_dag.py
[2023-11-22T19:45:18.750+0000] {processor.py:839} INFO - DAG(s) dict_keys(['example_sla_dag']) retrieved from /home/airflow/.local/lib/python3.8/site-packages/airflow/example_dags/example_sla_dag.py
[2023-11-22T19:45:18.772+0000] {logging_mixin.py:154} INFO - [2023-11-22T19:45:18.772+0000] {dag.py:2941} INFO - Sync 1 DAGs
[2023-11-22T19:45:18.792+0000] {logging_mixin.py:154} INFO - [2023-11-22T19:45:18.791+0000] {dag.py:3722} INFO - Setting next_dagrun for example_sla_dag to 2023-11-22T19:42:00+00:00, run_after=2023-11-22T19:44:00+00:00
[2023-11-22T19:45:18.806+0000] {processor.py:179} INFO - Processing /home/airflow/.local/lib/python3.8/site-packages/airflow/example_dags/example_sla_dag.py took 0.069 seconds
[2023-11-22T19:45:49.241+0000] {processor.py:157} INFO - Started process (PID=7595) to work on /home/airflow/.local/lib/python3.8/site-packages/airflow/example_dags/example_sla_dag.py
[2023-11-22T19:45:49.242+0000] {processor.py:829} INFO - Processing file /home/airflow/.local/lib/python3.8/site-packages/airflow/example_dags/example_sla_dag.py for tasks to queue
[2023-11-22T19:45:49.243+0000] {logging_mixin.py:154} INFO - [2023-11-22T19:45:49.243+0000] {dagbag.py:536} INFO - Filling up the DagBag from /home/airflow/.local/lib/python3.8/site-packages/airflow/example_dags/example_sla_dag.py
[2023-11-22T19:45:49.250+0000] {processor.py:839} INFO - DAG(s) dict_keys(['example_sla_dag']) retrieved from /home/airflow/.local/lib/python3.8/site-packages/airflow/example_dags/example_sla_dag.py
[2023-11-22T19:45:49.271+0000] {logging_mixin.py:154} INFO - [2023-11-22T19:45:49.271+0000] {dag.py:2941} INFO - Sync 1 DAGs
[2023-11-22T19:45:49.290+0000] {logging_mixin.py:154} INFO - [2023-11-22T19:45:49.290+0000] {dag.py:3722} INFO - Setting next_dagrun for example_sla_dag to 2023-11-22T19:42:00+00:00, run_after=2023-11-22T19:44:00+00:00
[2023-11-22T19:45:49.303+0000] {processor.py:179} INFO - Processing /home/airflow/.local/lib/python3.8/site-packages/airflow/example_dags/example_sla_dag.py took 0.064 seconds
[2023-11-22T19:46:19.743+0000] {processor.py:157} INFO - Started process (PID=7831) to work on /home/airflow/.local/lib/python3.8/site-packages/airflow/example_dags/example_sla_dag.py
[2023-11-22T19:46:19.744+0000] {processor.py:829} INFO - Processing file /home/airflow/.local/lib/python3.8/site-packages/airflow/example_dags/example_sla_dag.py for tasks to queue
[2023-11-22T19:46:19.745+0000] {logging_mixin.py:154} INFO - [2023-11-22T19:46:19.745+0000] {dagbag.py:536} INFO - Filling up the DagBag from /home/airflow/.local/lib/python3.8/site-packages/airflow/example_dags/example_sla_dag.py
[2023-11-22T19:46:19.752+0000] {processor.py:839} INFO - DAG(s) dict_keys(['example_sla_dag']) retrieved from /home/airflow/.local/lib/python3.8/site-packages/airflow/example_dags/example_sla_dag.py
[2023-11-22T19:46:19.773+0000] {logging_mixin.py:154} INFO - [2023-11-22T19:46:19.773+0000] {dag.py:2941} INFO - Sync 1 DAGs
[2023-11-22T19:46:19.793+0000] {logging_mixin.py:154} INFO - [2023-11-22T19:46:19.792+0000] {dag.py:3722} INFO - Setting next_dagrun for example_sla_dag to 2023-11-22T19:44:00+00:00, run_after=2023-11-22T19:46:00+00:00
[2023-11-22T19:46:19.806+0000] {processor.py:179} INFO - Processing /home/airflow/.local/lib/python3.8/site-packages/airflow/example_dags/example_sla_dag.py took 0.065 seconds
[2023-11-22T19:46:50.104+0000] {processor.py:157} INFO - Started process (PID=8069) to work on /home/airflow/.local/lib/python3.8/site-packages/airflow/example_dags/example_sla_dag.py
[2023-11-22T19:46:50.105+0000] {processor.py:829} INFO - Processing file /home/airflow/.local/lib/python3.8/site-packages/airflow/example_dags/example_sla_dag.py for tasks to queue
[2023-11-22T19:46:50.105+0000] {logging_mixin.py:154} INFO - [2023-11-22T19:46:50.105+0000] {dagbag.py:536} INFO - Filling up the DagBag from /home/airflow/.local/lib/python3.8/site-packages/airflow/example_dags/example_sla_dag.py
[2023-11-22T19:46:50.112+0000] {processor.py:839} INFO - DAG(s) dict_keys(['example_sla_dag']) retrieved from /home/airflow/.local/lib/python3.8/site-packages/airflow/example_dags/example_sla_dag.py
[2023-11-22T19:46:50.133+0000] {logging_mixin.py:154} INFO - [2023-11-22T19:46:50.133+0000] {dag.py:2941} INFO - Sync 1 DAGs
[2023-11-22T19:46:50.151+0000] {logging_mixin.py:154} INFO - [2023-11-22T19:46:50.151+0000] {dag.py:3722} INFO - Setting next_dagrun for example_sla_dag to 2023-11-22T19:44:00+00:00, run_after=2023-11-22T19:46:00+00:00
[2023-11-22T19:46:50.163+0000] {processor.py:179} INFO - Processing /home/airflow/.local/lib/python3.8/site-packages/airflow/example_dags/example_sla_dag.py took 0.062 seconds
[2023-11-22T19:47:20.545+0000] {processor.py:157} INFO - Started process (PID=8307) to work on /home/airflow/.local/lib/python3.8/site-packages/airflow/example_dags/example_sla_dag.py
[2023-11-22T19:47:20.546+0000] {processor.py:829} INFO - Processing file /home/airflow/.local/lib/python3.8/site-packages/airflow/example_dags/example_sla_dag.py for tasks to queue
[2023-11-22T19:47:20.547+0000] {logging_mixin.py:154} INFO - [2023-11-22T19:47:20.547+0000] {dagbag.py:536} INFO - Filling up the DagBag from /home/airflow/.local/lib/python3.8/site-packages/airflow/example_dags/example_sla_dag.py
[2023-11-22T19:47:20.555+0000] {processor.py:839} INFO - DAG(s) dict_keys(['example_sla_dag']) retrieved from /home/airflow/.local/lib/python3.8/site-packages/airflow/example_dags/example_sla_dag.py
[2023-11-22T19:47:20.578+0000] {logging_mixin.py:154} INFO - [2023-11-22T19:47:20.578+0000] {dag.py:2941} INFO - Sync 1 DAGs
[2023-11-22T19:47:20.599+0000] {logging_mixin.py:154} INFO - [2023-11-22T19:47:20.599+0000] {dag.py:3722} INFO - Setting next_dagrun for example_sla_dag to 2023-11-22T19:44:00+00:00, run_after=2023-11-22T19:46:00+00:00
[2023-11-22T19:47:20.615+0000] {processor.py:179} INFO - Processing /home/airflow/.local/lib/python3.8/site-packages/airflow/example_dags/example_sla_dag.py took 0.073 seconds
[2023-11-22T19:47:51.111+0000] {processor.py:157} INFO - Started process (PID=8551) to work on /home/airflow/.local/lib/python3.8/site-packages/airflow/example_dags/example_sla_dag.py
[2023-11-22T19:47:51.112+0000] {processor.py:829} INFO - Processing file /home/airflow/.local/lib/python3.8/site-packages/airflow/example_dags/example_sla_dag.py for tasks to queue
[2023-11-22T19:47:51.113+0000] {logging_mixin.py:154} INFO - [2023-11-22T19:47:51.112+0000] {dagbag.py:536} INFO - Filling up the DagBag from /home/airflow/.local/lib/python3.8/site-packages/airflow/example_dags/example_sla_dag.py
[2023-11-22T19:47:51.121+0000] {processor.py:839} INFO - DAG(s) dict_keys(['example_sla_dag']) retrieved from /home/airflow/.local/lib/python3.8/site-packages/airflow/example_dags/example_sla_dag.py
[2023-11-22T19:47:51.144+0000] {logging_mixin.py:154} INFO - [2023-11-22T19:47:51.144+0000] {dag.py:2941} INFO - Sync 1 DAGs
[2023-11-22T19:47:51.166+0000] {logging_mixin.py:154} INFO - [2023-11-22T19:47:51.166+0000] {dag.py:3722} INFO - Setting next_dagrun for example_sla_dag to 2023-11-22T19:44:00+00:00, run_after=2023-11-22T19:46:00+00:00
[2023-11-22T19:47:51.182+0000] {processor.py:179} INFO - Processing /home/airflow/.local/lib/python3.8/site-packages/airflow/example_dags/example_sla_dag.py took 0.075 seconds
[2023-11-22T19:48:21.289+0000] {processor.py:157} INFO - Started process (PID=8791) to work on /home/airflow/.local/lib/python3.8/site-packages/airflow/example_dags/example_sla_dag.py
[2023-11-22T19:48:21.290+0000] {processor.py:829} INFO - Processing file /home/airflow/.local/lib/python3.8/site-packages/airflow/example_dags/example_sla_dag.py for tasks to queue
[2023-11-22T19:48:21.291+0000] {logging_mixin.py:154} INFO - [2023-11-22T19:48:21.290+0000] {dagbag.py:536} INFO - Filling up the DagBag from /home/airflow/.local/lib/python3.8/site-packages/airflow/example_dags/example_sla_dag.py
[2023-11-22T19:48:21.298+0000] {processor.py:839} INFO - DAG(s) dict_keys(['example_sla_dag']) retrieved from /home/airflow/.local/lib/python3.8/site-packages/airflow/example_dags/example_sla_dag.py
[2023-11-22T19:48:21.318+0000] {logging_mixin.py:154} INFO - [2023-11-22T19:48:21.318+0000] {dag.py:2941} INFO - Sync 1 DAGs
[2023-11-22T19:48:21.337+0000] {logging_mixin.py:154} INFO - [2023-11-22T19:48:21.337+0000] {dag.py:3722} INFO - Setting next_dagrun for example_sla_dag to 2023-11-22T19:46:00+00:00, run_after=2023-11-22T19:48:00+00:00
[2023-11-22T19:48:21.349+0000] {processor.py:179} INFO - Processing /home/airflow/.local/lib/python3.8/site-packages/airflow/example_dags/example_sla_dag.py took 0.064 seconds
[2023-11-22T19:48:51.507+0000] {processor.py:157} INFO - Started process (PID=9027) to work on /home/airflow/.local/lib/python3.8/site-packages/airflow/example_dags/example_sla_dag.py
[2023-11-22T19:48:51.508+0000] {processor.py:829} INFO - Processing file /home/airflow/.local/lib/python3.8/site-packages/airflow/example_dags/example_sla_dag.py for tasks to queue
[2023-11-22T19:48:51.509+0000] {logging_mixin.py:154} INFO - [2023-11-22T19:48:51.508+0000] {dagbag.py:536} INFO - Filling up the DagBag from /home/airflow/.local/lib/python3.8/site-packages/airflow/example_dags/example_sla_dag.py
[2023-11-22T19:48:51.516+0000] {processor.py:839} INFO - DAG(s) dict_keys(['example_sla_dag']) retrieved from /home/airflow/.local/lib/python3.8/site-packages/airflow/example_dags/example_sla_dag.py
[2023-11-22T19:48:51.535+0000] {logging_mixin.py:154} INFO - [2023-11-22T19:48:51.535+0000] {dag.py:2941} INFO - Sync 1 DAGs
[2023-11-22T19:48:51.553+0000] {logging_mixin.py:154} INFO - [2023-11-22T19:48:51.553+0000] {dag.py:3722} INFO - Setting next_dagrun for example_sla_dag to 2023-11-22T19:46:00+00:00, run_after=2023-11-22T19:48:00+00:00
[2023-11-22T19:48:51.565+0000] {processor.py:179} INFO - Processing /home/airflow/.local/lib/python3.8/site-packages/airflow/example_dags/example_sla_dag.py took 0.061 seconds
[2023-11-22T19:49:22.214+0000] {processor.py:157} INFO - Started process (PID=9265) to work on /home/airflow/.local/lib/python3.8/site-packages/airflow/example_dags/example_sla_dag.py
[2023-11-22T19:49:22.215+0000] {processor.py:829} INFO - Processing file /home/airflow/.local/lib/python3.8/site-packages/airflow/example_dags/example_sla_dag.py for tasks to queue
[2023-11-22T19:49:22.216+0000] {logging_mixin.py:154} INFO - [2023-11-22T19:49:22.215+0000] {dagbag.py:536} INFO - Filling up the DagBag from /home/airflow/.local/lib/python3.8/site-packages/airflow/example_dags/example_sla_dag.py
[2023-11-22T19:49:22.223+0000] {processor.py:839} INFO - DAG(s) dict_keys(['example_sla_dag']) retrieved from /home/airflow/.local/lib/python3.8/site-packages/airflow/example_dags/example_sla_dag.py
[2023-11-22T19:49:22.243+0000] {logging_mixin.py:154} INFO - [2023-11-22T19:49:22.243+0000] {dag.py:2941} INFO - Sync 1 DAGs
[2023-11-22T19:49:22.374+0000] {logging_mixin.py:154} INFO - [2023-11-22T19:49:22.374+0000] {dag.py:3722} INFO - Setting next_dagrun for example_sla_dag to 2023-11-22T19:46:00+00:00, run_after=2023-11-22T19:48:00+00:00
[2023-11-22T19:49:22.387+0000] {processor.py:179} INFO - Processing /home/airflow/.local/lib/python3.8/site-packages/airflow/example_dags/example_sla_dag.py took 0.176 seconds
[2023-11-22T19:49:52.654+0000] {processor.py:157} INFO - Started process (PID=9503) to work on /home/airflow/.local/lib/python3.8/site-packages/airflow/example_dags/example_sla_dag.py
[2023-11-22T19:49:52.655+0000] {processor.py:829} INFO - Processing file /home/airflow/.local/lib/python3.8/site-packages/airflow/example_dags/example_sla_dag.py for tasks to queue
[2023-11-22T19:49:52.656+0000] {logging_mixin.py:154} INFO - [2023-11-22T19:49:52.656+0000] {dagbag.py:536} INFO - Filling up the DagBag from /home/airflow/.local/lib/python3.8/site-packages/airflow/example_dags/example_sla_dag.py
[2023-11-22T19:49:52.663+0000] {processor.py:839} INFO - DAG(s) dict_keys(['example_sla_dag']) retrieved from /home/airflow/.local/lib/python3.8/site-packages/airflow/example_dags/example_sla_dag.py
[2023-11-22T19:49:52.684+0000] {logging_mixin.py:154} INFO - [2023-11-22T19:49:52.684+0000] {dag.py:2941} INFO - Sync 1 DAGs
[2023-11-22T19:49:52.704+0000] {logging_mixin.py:154} INFO - [2023-11-22T19:49:52.704+0000] {dag.py:3722} INFO - Setting next_dagrun for example_sla_dag to 2023-11-22T19:46:00+00:00, run_after=2023-11-22T19:48:00+00:00
[2023-11-22T19:49:52.832+0000] {processor.py:179} INFO - Processing /home/airflow/.local/lib/python3.8/site-packages/airflow/example_dags/example_sla_dag.py took 0.181 seconds
[2023-11-22T19:50:23.777+0000] {processor.py:157} INFO - Started process (PID=9741) to work on /home/airflow/.local/lib/python3.8/site-packages/airflow/example_dags/example_sla_dag.py
[2023-11-22T19:50:23.778+0000] {processor.py:829} INFO - Processing file /home/airflow/.local/lib/python3.8/site-packages/airflow/example_dags/example_sla_dag.py for tasks to queue
[2023-11-22T19:50:23.779+0000] {logging_mixin.py:154} INFO - [2023-11-22T19:50:23.778+0000] {dagbag.py:536} INFO - Filling up the DagBag from /home/airflow/.local/lib/python3.8/site-packages/airflow/example_dags/example_sla_dag.py
[2023-11-22T19:50:23.787+0000] {processor.py:839} INFO - DAG(s) dict_keys(['example_sla_dag']) retrieved from /home/airflow/.local/lib/python3.8/site-packages/airflow/example_dags/example_sla_dag.py
[2023-11-22T19:50:23.807+0000] {logging_mixin.py:154} INFO - [2023-11-22T19:50:23.807+0000] {dag.py:2941} INFO - Sync 1 DAGs
[2023-11-22T19:50:23.825+0000] {logging_mixin.py:154} INFO - [2023-11-22T19:50:23.825+0000] {dag.py:3722} INFO - Setting next_dagrun for example_sla_dag to 2023-11-22T19:48:00+00:00, run_after=2023-11-22T19:50:00+00:00
[2023-11-22T19:50:23.959+0000] {processor.py:179} INFO - Processing /home/airflow/.local/lib/python3.8/site-packages/airflow/example_dags/example_sla_dag.py took 0.186 seconds
[2023-11-22T19:50:54.019+0000] {processor.py:157} INFO - Started process (PID=9979) to work on /home/airflow/.local/lib/python3.8/site-packages/airflow/example_dags/example_sla_dag.py
[2023-11-22T19:50:54.020+0000] {processor.py:829} INFO - Processing file /home/airflow/.local/lib/python3.8/site-packages/airflow/example_dags/example_sla_dag.py for tasks to queue
[2023-11-22T19:50:54.021+0000] {logging_mixin.py:154} INFO - [2023-11-22T19:50:54.020+0000] {dagbag.py:536} INFO - Filling up the DagBag from /home/airflow/.local/lib/python3.8/site-packages/airflow/example_dags/example_sla_dag.py
[2023-11-22T19:50:54.028+0000] {processor.py:839} INFO - DAG(s) dict_keys(['example_sla_dag']) retrieved from /home/airflow/.local/lib/python3.8/site-packages/airflow/example_dags/example_sla_dag.py
[2023-11-22T19:50:54.048+0000] {logging_mixin.py:154} INFO - [2023-11-22T19:50:54.048+0000] {dag.py:2941} INFO - Sync 1 DAGs
[2023-11-22T19:50:54.067+0000] {logging_mixin.py:154} INFO - [2023-11-22T19:50:54.067+0000] {dag.py:3722} INFO - Setting next_dagrun for example_sla_dag to 2023-11-22T19:48:00+00:00, run_after=2023-11-22T19:50:00+00:00
[2023-11-22T19:50:54.079+0000] {processor.py:179} INFO - Processing /home/airflow/.local/lib/python3.8/site-packages/airflow/example_dags/example_sla_dag.py took 0.063 seconds
[2023-11-22T19:51:24.482+0000] {processor.py:157} INFO - Started process (PID=10217) to work on /home/airflow/.local/lib/python3.8/site-packages/airflow/example_dags/example_sla_dag.py
[2023-11-22T19:51:24.484+0000] {processor.py:829} INFO - Processing file /home/airflow/.local/lib/python3.8/site-packages/airflow/example_dags/example_sla_dag.py for tasks to queue
[2023-11-22T19:51:24.485+0000] {logging_mixin.py:154} INFO - [2023-11-22T19:51:24.484+0000] {dagbag.py:536} INFO - Filling up the DagBag from /home/airflow/.local/lib/python3.8/site-packages/airflow/example_dags/example_sla_dag.py
[2023-11-22T19:51:24.493+0000] {processor.py:839} INFO - DAG(s) dict_keys(['example_sla_dag']) retrieved from /home/airflow/.local/lib/python3.8/site-packages/airflow/example_dags/example_sla_dag.py
[2023-11-22T19:51:24.512+0000] {logging_mixin.py:154} INFO - [2023-11-22T19:51:24.512+0000] {dag.py:2941} INFO - Sync 1 DAGs
[2023-11-22T19:51:24.530+0000] {logging_mixin.py:154} INFO - [2023-11-22T19:51:24.530+0000] {dag.py:3722} INFO - Setting next_dagrun for example_sla_dag to 2023-11-22T19:48:00+00:00, run_after=2023-11-22T19:50:00+00:00
[2023-11-22T19:51:24.543+0000] {processor.py:179} INFO - Processing /home/airflow/.local/lib/python3.8/site-packages/airflow/example_dags/example_sla_dag.py took 0.065 seconds
[2023-11-22T19:51:55.325+0000] {processor.py:157} INFO - Started process (PID=10455) to work on /home/airflow/.local/lib/python3.8/site-packages/airflow/example_dags/example_sla_dag.py
[2023-11-22T19:51:55.326+0000] {processor.py:829} INFO - Processing file /home/airflow/.local/lib/python3.8/site-packages/airflow/example_dags/example_sla_dag.py for tasks to queue
[2023-11-22T19:51:55.328+0000] {logging_mixin.py:154} INFO - [2023-11-22T19:51:55.327+0000] {dagbag.py:536} INFO - Filling up the DagBag from /home/airflow/.local/lib/python3.8/site-packages/airflow/example_dags/example_sla_dag.py
[2023-11-22T19:51:55.335+0000] {processor.py:839} INFO - DAG(s) dict_keys(['example_sla_dag']) retrieved from /home/airflow/.local/lib/python3.8/site-packages/airflow/example_dags/example_sla_dag.py
[2023-11-22T19:51:55.355+0000] {logging_mixin.py:154} INFO - [2023-11-22T19:51:55.355+0000] {dag.py:2941} INFO - Sync 1 DAGs
[2023-11-22T19:51:55.481+0000] {logging_mixin.py:154} INFO - [2023-11-22T19:51:55.481+0000] {dag.py:3722} INFO - Setting next_dagrun for example_sla_dag to 2023-11-22T19:48:00+00:00, run_after=2023-11-22T19:50:00+00:00
[2023-11-22T19:51:55.492+0000] {processor.py:179} INFO - Processing /home/airflow/.local/lib/python3.8/site-packages/airflow/example_dags/example_sla_dag.py took 0.171 seconds
[2023-11-22T19:52:26.445+0000] {processor.py:157} INFO - Started process (PID=10694) to work on /home/airflow/.local/lib/python3.8/site-packages/airflow/example_dags/example_sla_dag.py
[2023-11-22T19:52:26.446+0000] {processor.py:829} INFO - Processing file /home/airflow/.local/lib/python3.8/site-packages/airflow/example_dags/example_sla_dag.py for tasks to queue
[2023-11-22T19:52:26.447+0000] {logging_mixin.py:154} INFO - [2023-11-22T19:52:26.447+0000] {dagbag.py:536} INFO - Filling up the DagBag from /home/airflow/.local/lib/python3.8/site-packages/airflow/example_dags/example_sla_dag.py
[2023-11-22T19:52:26.456+0000] {processor.py:839} INFO - DAG(s) dict_keys(['example_sla_dag']) retrieved from /home/airflow/.local/lib/python3.8/site-packages/airflow/example_dags/example_sla_dag.py
[2023-11-22T19:52:26.476+0000] {logging_mixin.py:154} INFO - [2023-11-22T19:52:26.475+0000] {dag.py:2941} INFO - Sync 1 DAGs
[2023-11-22T19:52:26.494+0000] {logging_mixin.py:154} INFO - [2023-11-22T19:52:26.494+0000] {dag.py:3722} INFO - Setting next_dagrun for example_sla_dag to 2023-11-22T19:50:00+00:00, run_after=2023-11-22T19:52:00+00:00
[2023-11-22T19:52:26.507+0000] {processor.py:179} INFO - Processing /home/airflow/.local/lib/python3.8/site-packages/airflow/example_dags/example_sla_dag.py took 0.066 seconds
[2023-11-22T19:52:56.885+0000] {processor.py:157} INFO - Started process (PID=10932) to work on /home/airflow/.local/lib/python3.8/site-packages/airflow/example_dags/example_sla_dag.py
[2023-11-22T19:52:56.886+0000] {processor.py:829} INFO - Processing file /home/airflow/.local/lib/python3.8/site-packages/airflow/example_dags/example_sla_dag.py for tasks to queue
[2023-11-22T19:52:56.887+0000] {logging_mixin.py:154} INFO - [2023-11-22T19:52:56.887+0000] {dagbag.py:536} INFO - Filling up the DagBag from /home/airflow/.local/lib/python3.8/site-packages/airflow/example_dags/example_sla_dag.py
[2023-11-22T19:52:56.898+0000] {processor.py:839} INFO - DAG(s) dict_keys(['example_sla_dag']) retrieved from /home/airflow/.local/lib/python3.8/site-packages/airflow/example_dags/example_sla_dag.py
[2023-11-22T19:52:56.919+0000] {logging_mixin.py:154} INFO - [2023-11-22T19:52:56.919+0000] {dag.py:2941} INFO - Sync 1 DAGs
[2023-11-22T19:52:56.937+0000] {logging_mixin.py:154} INFO - [2023-11-22T19:52:56.937+0000] {dag.py:3722} INFO - Setting next_dagrun for example_sla_dag to 2023-11-22T19:50:00+00:00, run_after=2023-11-22T19:52:00+00:00
[2023-11-22T19:52:56.951+0000] {processor.py:179} INFO - Processing /home/airflow/.local/lib/python3.8/site-packages/airflow/example_dags/example_sla_dag.py took 0.070 seconds
[2023-11-22T19:53:27.376+0000] {processor.py:157} INFO - Started process (PID=11170) to work on /home/airflow/.local/lib/python3.8/site-packages/airflow/example_dags/example_sla_dag.py
[2023-11-22T19:53:27.377+0000] {processor.py:829} INFO - Processing file /home/airflow/.local/lib/python3.8/site-packages/airflow/example_dags/example_sla_dag.py for tasks to queue
[2023-11-22T19:53:27.378+0000] {logging_mixin.py:154} INFO - [2023-11-22T19:53:27.377+0000] {dagbag.py:536} INFO - Filling up the DagBag from /home/airflow/.local/lib/python3.8/site-packages/airflow/example_dags/example_sla_dag.py
[2023-11-22T19:53:27.387+0000] {processor.py:839} INFO - DAG(s) dict_keys(['example_sla_dag']) retrieved from /home/airflow/.local/lib/python3.8/site-packages/airflow/example_dags/example_sla_dag.py
[2023-11-22T19:53:27.407+0000] {logging_mixin.py:154} INFO - [2023-11-22T19:53:27.407+0000] {dag.py:2941} INFO - Sync 1 DAGs
[2023-11-22T19:53:27.424+0000] {logging_mixin.py:154} INFO - [2023-11-22T19:53:27.424+0000] {dag.py:3722} INFO - Setting next_dagrun for example_sla_dag to 2023-11-22T19:50:00+00:00, run_after=2023-11-22T19:52:00+00:00
[2023-11-22T19:53:27.436+0000] {processor.py:179} INFO - Processing /home/airflow/.local/lib/python3.8/site-packages/airflow/example_dags/example_sla_dag.py took 0.065 seconds
[2023-11-22T19:53:57.862+0000] {processor.py:157} INFO - Started process (PID=11408) to work on /home/airflow/.local/lib/python3.8/site-packages/airflow/example_dags/example_sla_dag.py
[2023-11-22T19:53:57.863+0000] {processor.py:829} INFO - Processing file /home/airflow/.local/lib/python3.8/site-packages/airflow/example_dags/example_sla_dag.py for tasks to queue
[2023-11-22T19:53:57.864+0000] {logging_mixin.py:154} INFO - [2023-11-22T19:53:57.864+0000] {dagbag.py:536} INFO - Filling up the DagBag from /home/airflow/.local/lib/python3.8/site-packages/airflow/example_dags/example_sla_dag.py
[2023-11-22T19:53:57.875+0000] {processor.py:839} INFO - DAG(s) dict_keys(['example_sla_dag']) retrieved from /home/airflow/.local/lib/python3.8/site-packages/airflow/example_dags/example_sla_dag.py
[2023-11-22T19:53:57.898+0000] {logging_mixin.py:154} INFO - [2023-11-22T19:53:57.898+0000] {dag.py:2941} INFO - Sync 1 DAGs
[2023-11-22T19:53:57.920+0000] {logging_mixin.py:154} INFO - [2023-11-22T19:53:57.920+0000] {dag.py:3722} INFO - Setting next_dagrun for example_sla_dag to 2023-11-22T19:50:00+00:00, run_after=2023-11-22T19:52:00+00:00
[2023-11-22T19:53:57.934+0000] {processor.py:179} INFO - Processing /home/airflow/.local/lib/python3.8/site-packages/airflow/example_dags/example_sla_dag.py took 0.078 seconds
[2023-11-22T20:36:13.837+0000] {processor.py:157} INFO - Started process (PID=11648) to work on /home/airflow/.local/lib/python3.8/site-packages/airflow/example_dags/example_sla_dag.py
[2023-11-22T20:36:13.843+0000] {processor.py:829} INFO - Processing file /home/airflow/.local/lib/python3.8/site-packages/airflow/example_dags/example_sla_dag.py for tasks to queue
[2023-11-22T20:36:13.844+0000] {logging_mixin.py:154} INFO - [2023-11-22T20:36:13.844+0000] {dagbag.py:536} INFO - Filling up the DagBag from /home/airflow/.local/lib/python3.8/site-packages/airflow/example_dags/example_sla_dag.py
[2023-11-22T20:36:13.868+0000] {processor.py:839} INFO - DAG(s) dict_keys(['example_sla_dag']) retrieved from /home/airflow/.local/lib/python3.8/site-packages/airflow/example_dags/example_sla_dag.py
[2023-11-22T20:36:13.946+0000] {logging_mixin.py:154} INFO - [2023-11-22T20:36:13.946+0000] {dag.py:2941} INFO - Sync 1 DAGs
[2023-11-22T20:36:14.000+0000] {logging_mixin.py:154} INFO - [2023-11-22T20:36:14.000+0000] {dag.py:3722} INFO - Setting next_dagrun for example_sla_dag to 2023-11-22T20:34:00+00:00, run_after=2023-11-22T20:36:00+00:00
[2023-11-22T20:36:14.029+0000] {processor.py:179} INFO - Processing /home/airflow/.local/lib/python3.8/site-packages/airflow/example_dags/example_sla_dag.py took 0.199 seconds
[2023-11-22T21:01:33.529+0000] {processor.py:157} INFO - Started process (PID=11887) to work on /home/airflow/.local/lib/python3.8/site-packages/airflow/example_dags/example_sla_dag.py
[2023-11-22T21:01:33.530+0000] {processor.py:829} INFO - Processing file /home/airflow/.local/lib/python3.8/site-packages/airflow/example_dags/example_sla_dag.py for tasks to queue
[2023-11-22T21:01:33.532+0000] {logging_mixin.py:154} INFO - [2023-11-22T21:01:33.532+0000] {dagbag.py:536} INFO - Filling up the DagBag from /home/airflow/.local/lib/python3.8/site-packages/airflow/example_dags/example_sla_dag.py
[2023-11-22T21:01:33.547+0000] {processor.py:839} INFO - DAG(s) dict_keys(['example_sla_dag']) retrieved from /home/airflow/.local/lib/python3.8/site-packages/airflow/example_dags/example_sla_dag.py
[2023-11-22T21:01:33.590+0000] {logging_mixin.py:154} INFO - [2023-11-22T21:01:33.590+0000] {dag.py:2941} INFO - Sync 1 DAGs
[2023-11-22T21:01:33.628+0000] {logging_mixin.py:154} INFO - [2023-11-22T21:01:33.628+0000] {dag.py:3722} INFO - Setting next_dagrun for example_sla_dag to 2023-11-22T20:58:00+00:00, run_after=2023-11-22T21:00:00+00:00
[2023-11-22T21:01:33.653+0000] {processor.py:179} INFO - Processing /home/airflow/.local/lib/python3.8/site-packages/airflow/example_dags/example_sla_dag.py took 0.129 seconds
[2023-11-22T21:02:03.954+0000] {processor.py:157} INFO - Started process (PID=12125) to work on /home/airflow/.local/lib/python3.8/site-packages/airflow/example_dags/example_sla_dag.py
[2023-11-22T21:02:03.955+0000] {processor.py:829} INFO - Processing file /home/airflow/.local/lib/python3.8/site-packages/airflow/example_dags/example_sla_dag.py for tasks to queue
[2023-11-22T21:02:03.956+0000] {logging_mixin.py:154} INFO - [2023-11-22T21:02:03.956+0000] {dagbag.py:536} INFO - Filling up the DagBag from /home/airflow/.local/lib/python3.8/site-packages/airflow/example_dags/example_sla_dag.py
[2023-11-22T21:02:03.964+0000] {processor.py:839} INFO - DAG(s) dict_keys(['example_sla_dag']) retrieved from /home/airflow/.local/lib/python3.8/site-packages/airflow/example_dags/example_sla_dag.py
[2023-11-22T21:02:03.984+0000] {logging_mixin.py:154} INFO - [2023-11-22T21:02:03.984+0000] {dag.py:2941} INFO - Sync 1 DAGs
[2023-11-22T21:02:04.003+0000] {logging_mixin.py:154} INFO - [2023-11-22T21:02:04.003+0000] {dag.py:3722} INFO - Setting next_dagrun for example_sla_dag to 2023-11-22T21:00:00+00:00, run_after=2023-11-22T21:02:00+00:00
[2023-11-22T21:02:04.018+0000] {processor.py:179} INFO - Processing /home/airflow/.local/lib/python3.8/site-packages/airflow/example_dags/example_sla_dag.py took 0.067 seconds
[2023-11-22T21:02:34.186+0000] {processor.py:157} INFO - Started process (PID=12363) to work on /home/airflow/.local/lib/python3.8/site-packages/airflow/example_dags/example_sla_dag.py
[2023-11-22T21:02:34.187+0000] {processor.py:829} INFO - Processing file /home/airflow/.local/lib/python3.8/site-packages/airflow/example_dags/example_sla_dag.py for tasks to queue
[2023-11-22T21:02:34.188+0000] {logging_mixin.py:154} INFO - [2023-11-22T21:02:34.188+0000] {dagbag.py:536} INFO - Filling up the DagBag from /home/airflow/.local/lib/python3.8/site-packages/airflow/example_dags/example_sla_dag.py
[2023-11-22T21:02:34.196+0000] {processor.py:839} INFO - DAG(s) dict_keys(['example_sla_dag']) retrieved from /home/airflow/.local/lib/python3.8/site-packages/airflow/example_dags/example_sla_dag.py
[2023-11-22T21:02:34.217+0000] {logging_mixin.py:154} INFO - [2023-11-22T21:02:34.216+0000] {dag.py:2941} INFO - Sync 1 DAGs
[2023-11-22T21:02:34.237+0000] {logging_mixin.py:154} INFO - [2023-11-22T21:02:34.237+0000] {dag.py:3722} INFO - Setting next_dagrun for example_sla_dag to 2023-11-22T21:00:00+00:00, run_after=2023-11-22T21:02:00+00:00
[2023-11-22T21:02:34.249+0000] {processor.py:179} INFO - Processing /home/airflow/.local/lib/python3.8/site-packages/airflow/example_dags/example_sla_dag.py took 0.066 seconds
[2023-11-22T21:03:04.749+0000] {processor.py:157} INFO - Started process (PID=12601) to work on /home/airflow/.local/lib/python3.8/site-packages/airflow/example_dags/example_sla_dag.py
[2023-11-22T21:03:04.750+0000] {processor.py:829} INFO - Processing file /home/airflow/.local/lib/python3.8/site-packages/airflow/example_dags/example_sla_dag.py for tasks to queue
[2023-11-22T21:03:04.751+0000] {logging_mixin.py:154} INFO - [2023-11-22T21:03:04.750+0000] {dagbag.py:536} INFO - Filling up the DagBag from /home/airflow/.local/lib/python3.8/site-packages/airflow/example_dags/example_sla_dag.py
[2023-11-22T21:03:04.758+0000] {processor.py:839} INFO - DAG(s) dict_keys(['example_sla_dag']) retrieved from /home/airflow/.local/lib/python3.8/site-packages/airflow/example_dags/example_sla_dag.py
[2023-11-22T21:03:04.779+0000] {logging_mixin.py:154} INFO - [2023-11-22T21:03:04.778+0000] {dag.py:2941} INFO - Sync 1 DAGs
[2023-11-22T21:03:04.797+0000] {logging_mixin.py:154} INFO - [2023-11-22T21:03:04.797+0000] {dag.py:3722} INFO - Setting next_dagrun for example_sla_dag to 2023-11-22T21:00:00+00:00, run_after=2023-11-22T21:02:00+00:00
[2023-11-22T21:03:04.810+0000] {processor.py:179} INFO - Processing /home/airflow/.local/lib/python3.8/site-packages/airflow/example_dags/example_sla_dag.py took 0.064 seconds
[2023-11-22T21:03:35.374+0000] {processor.py:157} INFO - Started process (PID=12839) to work on /home/airflow/.local/lib/python3.8/site-packages/airflow/example_dags/example_sla_dag.py
[2023-11-22T21:03:35.375+0000] {processor.py:829} INFO - Processing file /home/airflow/.local/lib/python3.8/site-packages/airflow/example_dags/example_sla_dag.py for tasks to queue
[2023-11-22T21:03:35.376+0000] {logging_mixin.py:154} INFO - [2023-11-22T21:03:35.376+0000] {dagbag.py:536} INFO - Filling up the DagBag from /home/airflow/.local/lib/python3.8/site-packages/airflow/example_dags/example_sla_dag.py
[2023-11-22T21:03:35.384+0000] {processor.py:839} INFO - DAG(s) dict_keys(['example_sla_dag']) retrieved from /home/airflow/.local/lib/python3.8/site-packages/airflow/example_dags/example_sla_dag.py
[2023-11-22T21:03:35.406+0000] {logging_mixin.py:154} INFO - [2023-11-22T21:03:35.406+0000] {dag.py:2941} INFO - Sync 1 DAGs
[2023-11-22T21:03:35.430+0000] {logging_mixin.py:154} INFO - [2023-11-22T21:03:35.429+0000] {dag.py:3722} INFO - Setting next_dagrun for example_sla_dag to 2023-11-22T21:00:00+00:00, run_after=2023-11-22T21:02:00+00:00
[2023-11-22T21:03:35.445+0000] {processor.py:179} INFO - Processing /home/airflow/.local/lib/python3.8/site-packages/airflow/example_dags/example_sla_dag.py took 0.074 seconds
[2023-11-22T21:04:06.084+0000] {processor.py:157} INFO - Started process (PID=13077) to work on /home/airflow/.local/lib/python3.8/site-packages/airflow/example_dags/example_sla_dag.py
[2023-11-22T21:04:06.085+0000] {processor.py:829} INFO - Processing file /home/airflow/.local/lib/python3.8/site-packages/airflow/example_dags/example_sla_dag.py for tasks to queue
[2023-11-22T21:04:06.085+0000] {logging_mixin.py:154} INFO - [2023-11-22T21:04:06.085+0000] {dagbag.py:536} INFO - Filling up the DagBag from /home/airflow/.local/lib/python3.8/site-packages/airflow/example_dags/example_sla_dag.py
[2023-11-22T21:04:06.093+0000] {processor.py:839} INFO - DAG(s) dict_keys(['example_sla_dag']) retrieved from /home/airflow/.local/lib/python3.8/site-packages/airflow/example_dags/example_sla_dag.py
[2023-11-22T21:04:06.114+0000] {logging_mixin.py:154} INFO - [2023-11-22T21:04:06.114+0000] {dag.py:2941} INFO - Sync 1 DAGs
[2023-11-22T21:04:06.134+0000] {logging_mixin.py:154} INFO - [2023-11-22T21:04:06.134+0000] {dag.py:3722} INFO - Setting next_dagrun for example_sla_dag to 2023-11-22T21:02:00+00:00, run_after=2023-11-22T21:04:00+00:00
[2023-11-22T21:04:06.147+0000] {processor.py:179} INFO - Processing /home/airflow/.local/lib/python3.8/site-packages/airflow/example_dags/example_sla_dag.py took 0.067 seconds
[2023-11-22T21:04:36.732+0000] {processor.py:157} INFO - Started process (PID=13315) to work on /home/airflow/.local/lib/python3.8/site-packages/airflow/example_dags/example_sla_dag.py
[2023-11-22T21:04:36.733+0000] {processor.py:829} INFO - Processing file /home/airflow/.local/lib/python3.8/site-packages/airflow/example_dags/example_sla_dag.py for tasks to queue
[2023-11-22T21:04:36.733+0000] {logging_mixin.py:154} INFO - [2023-11-22T21:04:36.733+0000] {dagbag.py:536} INFO - Filling up the DagBag from /home/airflow/.local/lib/python3.8/site-packages/airflow/example_dags/example_sla_dag.py
[2023-11-22T21:04:36.741+0000] {processor.py:839} INFO - DAG(s) dict_keys(['example_sla_dag']) retrieved from /home/airflow/.local/lib/python3.8/site-packages/airflow/example_dags/example_sla_dag.py
[2023-11-22T21:04:36.763+0000] {logging_mixin.py:154} INFO - [2023-11-22T21:04:36.763+0000] {dag.py:2941} INFO - Sync 1 DAGs
[2023-11-22T21:04:36.782+0000] {logging_mixin.py:154} INFO - [2023-11-22T21:04:36.782+0000] {dag.py:3722} INFO - Setting next_dagrun for example_sla_dag to 2023-11-22T21:02:00+00:00, run_after=2023-11-22T21:04:00+00:00
[2023-11-22T21:04:36.797+0000] {processor.py:179} INFO - Processing /home/airflow/.local/lib/python3.8/site-packages/airflow/example_dags/example_sla_dag.py took 0.069 seconds
[2023-11-22T21:05:07.176+0000] {processor.py:157} INFO - Started process (PID=13555) to work on /home/airflow/.local/lib/python3.8/site-packages/airflow/example_dags/example_sla_dag.py
[2023-11-22T21:05:07.177+0000] {processor.py:829} INFO - Processing file /home/airflow/.local/lib/python3.8/site-packages/airflow/example_dags/example_sla_dag.py for tasks to queue
[2023-11-22T21:05:07.178+0000] {logging_mixin.py:154} INFO - [2023-11-22T21:05:07.178+0000] {dagbag.py:536} INFO - Filling up the DagBag from /home/airflow/.local/lib/python3.8/site-packages/airflow/example_dags/example_sla_dag.py
[2023-11-22T21:05:07.186+0000] {processor.py:839} INFO - DAG(s) dict_keys(['example_sla_dag']) retrieved from /home/airflow/.local/lib/python3.8/site-packages/airflow/example_dags/example_sla_dag.py
[2023-11-22T21:05:07.210+0000] {logging_mixin.py:154} INFO - [2023-11-22T21:05:07.210+0000] {dag.py:2941} INFO - Sync 1 DAGs
[2023-11-22T21:05:07.230+0000] {logging_mixin.py:154} INFO - [2023-11-22T21:05:07.230+0000] {dag.py:3722} INFO - Setting next_dagrun for example_sla_dag to 2023-11-22T21:02:00+00:00, run_after=2023-11-22T21:04:00+00:00
[2023-11-22T21:05:07.244+0000] {processor.py:179} INFO - Processing /home/airflow/.local/lib/python3.8/site-packages/airflow/example_dags/example_sla_dag.py took 0.071 seconds
[2023-11-22T21:05:37.775+0000] {processor.py:157} INFO - Started process (PID=13790) to work on /home/airflow/.local/lib/python3.8/site-packages/airflow/example_dags/example_sla_dag.py
[2023-11-22T21:05:37.776+0000] {processor.py:829} INFO - Processing file /home/airflow/.local/lib/python3.8/site-packages/airflow/example_dags/example_sla_dag.py for tasks to queue
[2023-11-22T21:05:37.776+0000] {logging_mixin.py:154} INFO - [2023-11-22T21:05:37.776+0000] {dagbag.py:536} INFO - Filling up the DagBag from /home/airflow/.local/lib/python3.8/site-packages/airflow/example_dags/example_sla_dag.py
[2023-11-22T21:05:37.784+0000] {processor.py:839} INFO - DAG(s) dict_keys(['example_sla_dag']) retrieved from /home/airflow/.local/lib/python3.8/site-packages/airflow/example_dags/example_sla_dag.py
[2023-11-22T21:05:37.805+0000] {logging_mixin.py:154} INFO - [2023-11-22T21:05:37.805+0000] {dag.py:2941} INFO - Sync 1 DAGs
[2023-11-22T21:05:37.824+0000] {logging_mixin.py:154} INFO - [2023-11-22T21:05:37.824+0000] {dag.py:3722} INFO - Setting next_dagrun for example_sla_dag to 2023-11-22T21:02:00+00:00, run_after=2023-11-22T21:04:00+00:00
[2023-11-22T21:05:37.839+0000] {processor.py:179} INFO - Processing /home/airflow/.local/lib/python3.8/site-packages/airflow/example_dags/example_sla_dag.py took 0.067 seconds
[2023-11-22T21:06:07.979+0000] {processor.py:157} INFO - Started process (PID=14028) to work on /home/airflow/.local/lib/python3.8/site-packages/airflow/example_dags/example_sla_dag.py
[2023-11-22T21:06:07.980+0000] {processor.py:829} INFO - Processing file /home/airflow/.local/lib/python3.8/site-packages/airflow/example_dags/example_sla_dag.py for tasks to queue
[2023-11-22T21:06:07.982+0000] {logging_mixin.py:154} INFO - [2023-11-22T21:06:07.982+0000] {dagbag.py:536} INFO - Filling up the DagBag from /home/airflow/.local/lib/python3.8/site-packages/airflow/example_dags/example_sla_dag.py
[2023-11-22T21:06:07.992+0000] {processor.py:839} INFO - DAG(s) dict_keys(['example_sla_dag']) retrieved from /home/airflow/.local/lib/python3.8/site-packages/airflow/example_dags/example_sla_dag.py
[2023-11-22T21:06:08.028+0000] {logging_mixin.py:154} INFO - [2023-11-22T21:06:08.028+0000] {dag.py:2941} INFO - Sync 1 DAGs
[2023-11-22T21:06:08.099+0000] {logging_mixin.py:154} INFO - [2023-11-22T21:06:08.099+0000] {dag.py:3722} INFO - Setting next_dagrun for example_sla_dag to 2023-11-22T21:04:00+00:00, run_after=2023-11-22T21:06:00+00:00
[2023-11-22T21:06:08.115+0000] {processor.py:179} INFO - Processing /home/airflow/.local/lib/python3.8/site-packages/airflow/example_dags/example_sla_dag.py took 0.141 seconds
[2023-11-22T21:06:39.114+0000] {processor.py:157} INFO - Started process (PID=14268) to work on /home/airflow/.local/lib/python3.8/site-packages/airflow/example_dags/example_sla_dag.py
[2023-11-22T21:06:39.115+0000] {processor.py:829} INFO - Processing file /home/airflow/.local/lib/python3.8/site-packages/airflow/example_dags/example_sla_dag.py for tasks to queue
[2023-11-22T21:06:39.116+0000] {logging_mixin.py:154} INFO - [2023-11-22T21:06:39.116+0000] {dagbag.py:536} INFO - Filling up the DagBag from /home/airflow/.local/lib/python3.8/site-packages/airflow/example_dags/example_sla_dag.py
[2023-11-22T21:06:39.126+0000] {processor.py:839} INFO - DAG(s) dict_keys(['example_sla_dag']) retrieved from /home/airflow/.local/lib/python3.8/site-packages/airflow/example_dags/example_sla_dag.py
[2023-11-22T21:06:39.149+0000] {logging_mixin.py:154} INFO - [2023-11-22T21:06:39.148+0000] {dag.py:2941} INFO - Sync 1 DAGs
[2023-11-22T21:06:39.170+0000] {logging_mixin.py:154} INFO - [2023-11-22T21:06:39.170+0000] {dag.py:3722} INFO - Setting next_dagrun for example_sla_dag to 2023-11-22T21:04:00+00:00, run_after=2023-11-22T21:06:00+00:00
[2023-11-22T21:06:39.183+0000] {processor.py:179} INFO - Processing /home/airflow/.local/lib/python3.8/site-packages/airflow/example_dags/example_sla_dag.py took 0.075 seconds
[2023-11-22T21:07:09.902+0000] {processor.py:157} INFO - Started process (PID=14506) to work on /home/airflow/.local/lib/python3.8/site-packages/airflow/example_dags/example_sla_dag.py
[2023-11-22T21:07:09.903+0000] {processor.py:829} INFO - Processing file /home/airflow/.local/lib/python3.8/site-packages/airflow/example_dags/example_sla_dag.py for tasks to queue
[2023-11-22T21:07:09.904+0000] {logging_mixin.py:154} INFO - [2023-11-22T21:07:09.903+0000] {dagbag.py:536} INFO - Filling up the DagBag from /home/airflow/.local/lib/python3.8/site-packages/airflow/example_dags/example_sla_dag.py
[2023-11-22T21:07:09.916+0000] {processor.py:839} INFO - DAG(s) dict_keys(['example_sla_dag']) retrieved from /home/airflow/.local/lib/python3.8/site-packages/airflow/example_dags/example_sla_dag.py
[2023-11-22T21:07:09.947+0000] {logging_mixin.py:154} INFO - [2023-11-22T21:07:09.947+0000] {dag.py:2941} INFO - Sync 1 DAGs
[2023-11-22T21:07:09.975+0000] {logging_mixin.py:154} INFO - [2023-11-22T21:07:09.975+0000] {dag.py:3722} INFO - Setting next_dagrun for example_sla_dag to 2023-11-22T21:04:00+00:00, run_after=2023-11-22T21:06:00+00:00
[2023-11-22T21:07:09.994+0000] {processor.py:179} INFO - Processing /home/airflow/.local/lib/python3.8/site-packages/airflow/example_dags/example_sla_dag.py took 0.096 seconds
[2023-11-22T21:07:40.280+0000] {processor.py:157} INFO - Started process (PID=14744) to work on /home/airflow/.local/lib/python3.8/site-packages/airflow/example_dags/example_sla_dag.py
[2023-11-22T21:07:40.281+0000] {processor.py:829} INFO - Processing file /home/airflow/.local/lib/python3.8/site-packages/airflow/example_dags/example_sla_dag.py for tasks to queue
[2023-11-22T21:07:40.282+0000] {logging_mixin.py:154} INFO - [2023-11-22T21:07:40.281+0000] {dagbag.py:536} INFO - Filling up the DagBag from /home/airflow/.local/lib/python3.8/site-packages/airflow/example_dags/example_sla_dag.py
[2023-11-22T21:07:40.289+0000] {processor.py:839} INFO - DAG(s) dict_keys(['example_sla_dag']) retrieved from /home/airflow/.local/lib/python3.8/site-packages/airflow/example_dags/example_sla_dag.py
[2023-11-22T21:07:40.311+0000] {logging_mixin.py:154} INFO - [2023-11-22T21:07:40.311+0000] {dag.py:2941} INFO - Sync 1 DAGs
[2023-11-22T21:07:40.331+0000] {logging_mixin.py:154} INFO - [2023-11-22T21:07:40.331+0000] {dag.py:3722} INFO - Setting next_dagrun for example_sla_dag to 2023-11-22T21:04:00+00:00, run_after=2023-11-22T21:06:00+00:00
[2023-11-22T21:07:40.344+0000] {processor.py:179} INFO - Processing /home/airflow/.local/lib/python3.8/site-packages/airflow/example_dags/example_sla_dag.py took 0.068 seconds
[2023-11-22T21:08:10.797+0000] {processor.py:157} INFO - Started process (PID=14982) to work on /home/airflow/.local/lib/python3.8/site-packages/airflow/example_dags/example_sla_dag.py
[2023-11-22T21:08:10.798+0000] {processor.py:829} INFO - Processing file /home/airflow/.local/lib/python3.8/site-packages/airflow/example_dags/example_sla_dag.py for tasks to queue
[2023-11-22T21:08:10.800+0000] {logging_mixin.py:154} INFO - [2023-11-22T21:08:10.799+0000] {dagbag.py:536} INFO - Filling up the DagBag from /home/airflow/.local/lib/python3.8/site-packages/airflow/example_dags/example_sla_dag.py
[2023-11-22T21:08:10.811+0000] {processor.py:839} INFO - DAG(s) dict_keys(['example_sla_dag']) retrieved from /home/airflow/.local/lib/python3.8/site-packages/airflow/example_dags/example_sla_dag.py
[2023-11-22T21:08:10.834+0000] {logging_mixin.py:154} INFO - [2023-11-22T21:08:10.834+0000] {dag.py:2941} INFO - Sync 1 DAGs
[2023-11-22T21:08:10.853+0000] {logging_mixin.py:154} INFO - [2023-11-22T21:08:10.853+0000] {dag.py:3722} INFO - Setting next_dagrun for example_sla_dag to 2023-11-22T21:06:00+00:00, run_after=2023-11-22T21:08:00+00:00
[2023-11-22T21:08:10.867+0000] {processor.py:179} INFO - Processing /home/airflow/.local/lib/python3.8/site-packages/airflow/example_dags/example_sla_dag.py took 0.075 seconds
[2023-11-22T21:08:41.795+0000] {processor.py:157} INFO - Started process (PID=15220) to work on /home/airflow/.local/lib/python3.8/site-packages/airflow/example_dags/example_sla_dag.py
[2023-11-22T21:08:41.796+0000] {processor.py:829} INFO - Processing file /home/airflow/.local/lib/python3.8/site-packages/airflow/example_dags/example_sla_dag.py for tasks to queue
[2023-11-22T21:08:41.797+0000] {logging_mixin.py:154} INFO - [2023-11-22T21:08:41.797+0000] {dagbag.py:536} INFO - Filling up the DagBag from /home/airflow/.local/lib/python3.8/site-packages/airflow/example_dags/example_sla_dag.py
[2023-11-22T21:08:41.806+0000] {processor.py:839} INFO - DAG(s) dict_keys(['example_sla_dag']) retrieved from /home/airflow/.local/lib/python3.8/site-packages/airflow/example_dags/example_sla_dag.py
[2023-11-22T21:08:41.830+0000] {logging_mixin.py:154} INFO - [2023-11-22T21:08:41.830+0000] {dag.py:2941} INFO - Sync 1 DAGs
[2023-11-22T21:08:41.853+0000] {logging_mixin.py:154} INFO - [2023-11-22T21:08:41.853+0000] {dag.py:3722} INFO - Setting next_dagrun for example_sla_dag to 2023-11-22T21:06:00+00:00, run_after=2023-11-22T21:08:00+00:00
[2023-11-22T21:08:41.871+0000] {processor.py:179} INFO - Processing /home/airflow/.local/lib/python3.8/site-packages/airflow/example_dags/example_sla_dag.py took 0.081 seconds
[2023-11-22T21:09:41.212+0000] {processor.py:157} INFO - Started process (PID=219) to work on /home/airflow/.local/lib/python3.8/site-packages/airflow/example_dags/example_sla_dag.py
[2023-11-22T21:09:41.214+0000] {processor.py:829} INFO - Processing file /home/airflow/.local/lib/python3.8/site-packages/airflow/example_dags/example_sla_dag.py for tasks to queue
[2023-11-22T21:09:41.217+0000] {logging_mixin.py:154} INFO - [2023-11-22T21:09:41.216+0000] {dagbag.py:536} INFO - Filling up the DagBag from /home/airflow/.local/lib/python3.8/site-packages/airflow/example_dags/example_sla_dag.py
[2023-11-22T21:09:41.233+0000] {processor.py:839} INFO - DAG(s) dict_keys(['example_sla_dag']) retrieved from /home/airflow/.local/lib/python3.8/site-packages/airflow/example_dags/example_sla_dag.py
[2023-11-22T21:09:41.260+0000] {logging_mixin.py:154} INFO - [2023-11-22T21:09:41.259+0000] {dag.py:2941} INFO - Sync 1 DAGs
[2023-11-22T21:09:41.309+0000] {logging_mixin.py:154} INFO - [2023-11-22T21:09:41.309+0000] {dag.py:3722} INFO - Setting next_dagrun for example_sla_dag to 2023-11-22T21:06:00+00:00, run_after=2023-11-22T21:08:00+00:00
[2023-11-22T21:09:41.394+0000] {processor.py:179} INFO - Processing /home/airflow/.local/lib/python3.8/site-packages/airflow/example_dags/example_sla_dag.py took 0.187 seconds
[2023-11-22T21:10:12.256+0000] {processor.py:157} INFO - Started process (PID=458) to work on /home/airflow/.local/lib/python3.8/site-packages/airflow/example_dags/example_sla_dag.py
[2023-11-22T21:10:12.258+0000] {processor.py:829} INFO - Processing file /home/airflow/.local/lib/python3.8/site-packages/airflow/example_dags/example_sla_dag.py for tasks to queue
[2023-11-22T21:10:12.259+0000] {logging_mixin.py:154} INFO - [2023-11-22T21:10:12.258+0000] {dagbag.py:536} INFO - Filling up the DagBag from /home/airflow/.local/lib/python3.8/site-packages/airflow/example_dags/example_sla_dag.py
[2023-11-22T21:10:12.268+0000] {processor.py:839} INFO - DAG(s) dict_keys(['example_sla_dag']) retrieved from /home/airflow/.local/lib/python3.8/site-packages/airflow/example_dags/example_sla_dag.py
[2023-11-22T21:10:12.293+0000] {logging_mixin.py:154} INFO - [2023-11-22T21:10:12.293+0000] {dag.py:2941} INFO - Sync 1 DAGs
[2023-11-22T21:10:12.315+0000] {logging_mixin.py:154} INFO - [2023-11-22T21:10:12.315+0000] {dag.py:3722} INFO - Setting next_dagrun for example_sla_dag to 2023-11-22T21:08:00+00:00, run_after=2023-11-22T21:10:00+00:00
[2023-11-22T21:10:12.352+0000] {processor.py:179} INFO - Processing /home/airflow/.local/lib/python3.8/site-packages/airflow/example_dags/example_sla_dag.py took 0.099 seconds
