[2023-11-22T19:30:06.002+0000] {processor.py:157} INFO - Started process (PID=292) to work on /home/airflow/.local/lib/python3.8/site-packages/airflow/example_dags/example_nested_branch_dag.py
[2023-11-22T19:30:06.004+0000] {processor.py:829} INFO - Processing file /home/airflow/.local/lib/python3.8/site-packages/airflow/example_dags/example_nested_branch_dag.py for tasks to queue
[2023-11-22T19:30:06.005+0000] {logging_mixin.py:154} INFO - [2023-11-22T19:30:06.005+0000] {dagbag.py:536} INFO - Filling up the DagBag from /home/airflow/.local/lib/python3.8/site-packages/airflow/example_dags/example_nested_branch_dag.py
[2023-11-22T19:30:06.023+0000] {processor.py:839} INFO - DAG(s) dict_keys(['example_nested_branch_dag']) retrieved from /home/airflow/.local/lib/python3.8/site-packages/airflow/example_dags/example_nested_branch_dag.py
[2023-11-22T19:30:06.048+0000] {logging_mixin.py:154} INFO - [2023-11-22T19:30:06.048+0000] {dag.py:2941} INFO - Sync 1 DAGs
[2023-11-22T19:30:06.077+0000] {logging_mixin.py:154} INFO - [2023-11-22T19:30:06.077+0000] {dag.py:3722} INFO - Setting next_dagrun for example_nested_branch_dag to 2023-11-21T00:00:00+00:00, run_after=2023-11-22T00:00:00+00:00
[2023-11-22T19:30:06.096+0000] {processor.py:179} INFO - Processing /home/airflow/.local/lib/python3.8/site-packages/airflow/example_dags/example_nested_branch_dag.py took 0.099 seconds
[2023-11-22T19:30:36.804+0000] {processor.py:157} INFO - Started process (PID=530) to work on /home/airflow/.local/lib/python3.8/site-packages/airflow/example_dags/example_nested_branch_dag.py
[2023-11-22T19:30:36.805+0000] {processor.py:829} INFO - Processing file /home/airflow/.local/lib/python3.8/site-packages/airflow/example_dags/example_nested_branch_dag.py for tasks to queue
[2023-11-22T19:30:36.806+0000] {logging_mixin.py:154} INFO - [2023-11-22T19:30:36.805+0000] {dagbag.py:536} INFO - Filling up the DagBag from /home/airflow/.local/lib/python3.8/site-packages/airflow/example_dags/example_nested_branch_dag.py
[2023-11-22T19:30:36.814+0000] {processor.py:839} INFO - DAG(s) dict_keys(['example_nested_branch_dag']) retrieved from /home/airflow/.local/lib/python3.8/site-packages/airflow/example_dags/example_nested_branch_dag.py
[2023-11-22T19:30:36.836+0000] {logging_mixin.py:154} INFO - [2023-11-22T19:30:36.836+0000] {dag.py:2941} INFO - Sync 1 DAGs
[2023-11-22T19:30:36.854+0000] {logging_mixin.py:154} INFO - [2023-11-22T19:30:36.853+0000] {dag.py:3722} INFO - Setting next_dagrun for example_nested_branch_dag to 2023-11-21T00:00:00+00:00, run_after=2023-11-22T00:00:00+00:00
[2023-11-22T19:30:36.867+0000] {processor.py:179} INFO - Processing /home/airflow/.local/lib/python3.8/site-packages/airflow/example_dags/example_nested_branch_dag.py took 0.066 seconds
[2023-11-22T19:31:07.403+0000] {processor.py:157} INFO - Started process (PID=770) to work on /home/airflow/.local/lib/python3.8/site-packages/airflow/example_dags/example_nested_branch_dag.py
[2023-11-22T19:31:07.404+0000] {processor.py:829} INFO - Processing file /home/airflow/.local/lib/python3.8/site-packages/airflow/example_dags/example_nested_branch_dag.py for tasks to queue
[2023-11-22T19:31:07.405+0000] {logging_mixin.py:154} INFO - [2023-11-22T19:31:07.405+0000] {dagbag.py:536} INFO - Filling up the DagBag from /home/airflow/.local/lib/python3.8/site-packages/airflow/example_dags/example_nested_branch_dag.py
[2023-11-22T19:31:07.413+0000] {processor.py:839} INFO - DAG(s) dict_keys(['example_nested_branch_dag']) retrieved from /home/airflow/.local/lib/python3.8/site-packages/airflow/example_dags/example_nested_branch_dag.py
[2023-11-22T19:31:07.435+0000] {logging_mixin.py:154} INFO - [2023-11-22T19:31:07.435+0000] {dag.py:2941} INFO - Sync 1 DAGs
[2023-11-22T19:31:07.453+0000] {logging_mixin.py:154} INFO - [2023-11-22T19:31:07.452+0000] {dag.py:3722} INFO - Setting next_dagrun for example_nested_branch_dag to 2023-11-21T00:00:00+00:00, run_after=2023-11-22T00:00:00+00:00
[2023-11-22T19:31:07.464+0000] {processor.py:179} INFO - Processing /home/airflow/.local/lib/python3.8/site-packages/airflow/example_dags/example_nested_branch_dag.py took 0.064 seconds
[2023-11-22T19:31:38.223+0000] {processor.py:157} INFO - Started process (PID=1006) to work on /home/airflow/.local/lib/python3.8/site-packages/airflow/example_dags/example_nested_branch_dag.py
[2023-11-22T19:31:38.225+0000] {processor.py:829} INFO - Processing file /home/airflow/.local/lib/python3.8/site-packages/airflow/example_dags/example_nested_branch_dag.py for tasks to queue
[2023-11-22T19:31:38.226+0000] {logging_mixin.py:154} INFO - [2023-11-22T19:31:38.225+0000] {dagbag.py:536} INFO - Filling up the DagBag from /home/airflow/.local/lib/python3.8/site-packages/airflow/example_dags/example_nested_branch_dag.py
[2023-11-22T19:31:38.240+0000] {processor.py:839} INFO - DAG(s) dict_keys(['example_nested_branch_dag']) retrieved from /home/airflow/.local/lib/python3.8/site-packages/airflow/example_dags/example_nested_branch_dag.py
[2023-11-22T19:31:38.273+0000] {logging_mixin.py:154} INFO - [2023-11-22T19:31:38.273+0000] {dag.py:2941} INFO - Sync 1 DAGs
[2023-11-22T19:31:38.302+0000] {logging_mixin.py:154} INFO - [2023-11-22T19:31:38.301+0000] {dag.py:3722} INFO - Setting next_dagrun for example_nested_branch_dag to 2023-11-21T00:00:00+00:00, run_after=2023-11-22T00:00:00+00:00
[2023-11-22T19:31:38.321+0000] {processor.py:179} INFO - Processing /home/airflow/.local/lib/python3.8/site-packages/airflow/example_dags/example_nested_branch_dag.py took 0.105 seconds
[2023-11-22T19:32:08.578+0000] {processor.py:157} INFO - Started process (PID=1246) to work on /home/airflow/.local/lib/python3.8/site-packages/airflow/example_dags/example_nested_branch_dag.py
[2023-11-22T19:32:08.579+0000] {processor.py:829} INFO - Processing file /home/airflow/.local/lib/python3.8/site-packages/airflow/example_dags/example_nested_branch_dag.py for tasks to queue
[2023-11-22T19:32:08.580+0000] {logging_mixin.py:154} INFO - [2023-11-22T19:32:08.579+0000] {dagbag.py:536} INFO - Filling up the DagBag from /home/airflow/.local/lib/python3.8/site-packages/airflow/example_dags/example_nested_branch_dag.py
[2023-11-22T19:32:08.588+0000] {processor.py:839} INFO - DAG(s) dict_keys(['example_nested_branch_dag']) retrieved from /home/airflow/.local/lib/python3.8/site-packages/airflow/example_dags/example_nested_branch_dag.py
[2023-11-22T19:32:08.609+0000] {logging_mixin.py:154} INFO - [2023-11-22T19:32:08.609+0000] {dag.py:2941} INFO - Sync 1 DAGs
[2023-11-22T19:32:08.627+0000] {logging_mixin.py:154} INFO - [2023-11-22T19:32:08.627+0000] {dag.py:3722} INFO - Setting next_dagrun for example_nested_branch_dag to 2023-11-21T00:00:00+00:00, run_after=2023-11-22T00:00:00+00:00
[2023-11-22T19:32:08.639+0000] {processor.py:179} INFO - Processing /home/airflow/.local/lib/python3.8/site-packages/airflow/example_dags/example_nested_branch_dag.py took 0.064 seconds
[2023-11-22T19:32:39.087+0000] {processor.py:157} INFO - Started process (PID=1484) to work on /home/airflow/.local/lib/python3.8/site-packages/airflow/example_dags/example_nested_branch_dag.py
[2023-11-22T19:32:39.089+0000] {processor.py:829} INFO - Processing file /home/airflow/.local/lib/python3.8/site-packages/airflow/example_dags/example_nested_branch_dag.py for tasks to queue
[2023-11-22T19:32:39.090+0000] {logging_mixin.py:154} INFO - [2023-11-22T19:32:39.089+0000] {dagbag.py:536} INFO - Filling up the DagBag from /home/airflow/.local/lib/python3.8/site-packages/airflow/example_dags/example_nested_branch_dag.py
[2023-11-22T19:32:39.100+0000] {processor.py:839} INFO - DAG(s) dict_keys(['example_nested_branch_dag']) retrieved from /home/airflow/.local/lib/python3.8/site-packages/airflow/example_dags/example_nested_branch_dag.py
[2023-11-22T19:32:39.126+0000] {logging_mixin.py:154} INFO - [2023-11-22T19:32:39.126+0000] {dag.py:2941} INFO - Sync 1 DAGs
[2023-11-22T19:32:39.149+0000] {logging_mixin.py:154} INFO - [2023-11-22T19:32:39.149+0000] {dag.py:3722} INFO - Setting next_dagrun for example_nested_branch_dag to 2023-11-21T00:00:00+00:00, run_after=2023-11-22T00:00:00+00:00
[2023-11-22T19:32:39.163+0000] {processor.py:179} INFO - Processing /home/airflow/.local/lib/python3.8/site-packages/airflow/example_dags/example_nested_branch_dag.py took 0.080 seconds
[2023-11-22T19:33:09.937+0000] {processor.py:157} INFO - Started process (PID=1722) to work on /home/airflow/.local/lib/python3.8/site-packages/airflow/example_dags/example_nested_branch_dag.py
[2023-11-22T19:33:09.938+0000] {processor.py:829} INFO - Processing file /home/airflow/.local/lib/python3.8/site-packages/airflow/example_dags/example_nested_branch_dag.py for tasks to queue
[2023-11-22T19:33:09.939+0000] {logging_mixin.py:154} INFO - [2023-11-22T19:33:09.938+0000] {dagbag.py:536} INFO - Filling up the DagBag from /home/airflow/.local/lib/python3.8/site-packages/airflow/example_dags/example_nested_branch_dag.py
[2023-11-22T19:33:09.947+0000] {processor.py:839} INFO - DAG(s) dict_keys(['example_nested_branch_dag']) retrieved from /home/airflow/.local/lib/python3.8/site-packages/airflow/example_dags/example_nested_branch_dag.py
[2023-11-22T19:33:09.968+0000] {logging_mixin.py:154} INFO - [2023-11-22T19:33:09.968+0000] {dag.py:2941} INFO - Sync 1 DAGs
[2023-11-22T19:33:09.986+0000] {logging_mixin.py:154} INFO - [2023-11-22T19:33:09.986+0000] {dag.py:3722} INFO - Setting next_dagrun for example_nested_branch_dag to 2023-11-21T00:00:00+00:00, run_after=2023-11-22T00:00:00+00:00
[2023-11-22T19:33:09.999+0000] {processor.py:179} INFO - Processing /home/airflow/.local/lib/python3.8/site-packages/airflow/example_dags/example_nested_branch_dag.py took 0.065 seconds
[2023-11-22T19:33:40.423+0000] {processor.py:157} INFO - Started process (PID=1958) to work on /home/airflow/.local/lib/python3.8/site-packages/airflow/example_dags/example_nested_branch_dag.py
[2023-11-22T19:33:40.424+0000] {processor.py:829} INFO - Processing file /home/airflow/.local/lib/python3.8/site-packages/airflow/example_dags/example_nested_branch_dag.py for tasks to queue
[2023-11-22T19:33:40.425+0000] {logging_mixin.py:154} INFO - [2023-11-22T19:33:40.424+0000] {dagbag.py:536} INFO - Filling up the DagBag from /home/airflow/.local/lib/python3.8/site-packages/airflow/example_dags/example_nested_branch_dag.py
[2023-11-22T19:33:40.433+0000] {processor.py:839} INFO - DAG(s) dict_keys(['example_nested_branch_dag']) retrieved from /home/airflow/.local/lib/python3.8/site-packages/airflow/example_dags/example_nested_branch_dag.py
[2023-11-22T19:33:40.456+0000] {logging_mixin.py:154} INFO - [2023-11-22T19:33:40.456+0000] {dag.py:2941} INFO - Sync 1 DAGs
[2023-11-22T19:33:40.475+0000] {logging_mixin.py:154} INFO - [2023-11-22T19:33:40.475+0000] {dag.py:3722} INFO - Setting next_dagrun for example_nested_branch_dag to 2023-11-21T00:00:00+00:00, run_after=2023-11-22T00:00:00+00:00
[2023-11-22T19:33:40.490+0000] {processor.py:179} INFO - Processing /home/airflow/.local/lib/python3.8/site-packages/airflow/example_dags/example_nested_branch_dag.py took 0.070 seconds
[2023-11-22T19:34:11.122+0000] {processor.py:157} INFO - Started process (PID=2198) to work on /home/airflow/.local/lib/python3.8/site-packages/airflow/example_dags/example_nested_branch_dag.py
[2023-11-22T19:34:11.123+0000] {processor.py:829} INFO - Processing file /home/airflow/.local/lib/python3.8/site-packages/airflow/example_dags/example_nested_branch_dag.py for tasks to queue
[2023-11-22T19:34:11.124+0000] {logging_mixin.py:154} INFO - [2023-11-22T19:34:11.123+0000] {dagbag.py:536} INFO - Filling up the DagBag from /home/airflow/.local/lib/python3.8/site-packages/airflow/example_dags/example_nested_branch_dag.py
[2023-11-22T19:34:11.132+0000] {processor.py:839} INFO - DAG(s) dict_keys(['example_nested_branch_dag']) retrieved from /home/airflow/.local/lib/python3.8/site-packages/airflow/example_dags/example_nested_branch_dag.py
[2023-11-22T19:34:11.156+0000] {logging_mixin.py:154} INFO - [2023-11-22T19:34:11.156+0000] {dag.py:2941} INFO - Sync 1 DAGs
[2023-11-22T19:34:11.177+0000] {logging_mixin.py:154} INFO - [2023-11-22T19:34:11.177+0000] {dag.py:3722} INFO - Setting next_dagrun for example_nested_branch_dag to 2023-11-21T00:00:00+00:00, run_after=2023-11-22T00:00:00+00:00
[2023-11-22T19:34:11.191+0000] {processor.py:179} INFO - Processing /home/airflow/.local/lib/python3.8/site-packages/airflow/example_dags/example_nested_branch_dag.py took 0.072 seconds
[2023-11-22T19:34:41.504+0000] {processor.py:157} INFO - Started process (PID=2436) to work on /home/airflow/.local/lib/python3.8/site-packages/airflow/example_dags/example_nested_branch_dag.py
[2023-11-22T19:34:41.505+0000] {processor.py:829} INFO - Processing file /home/airflow/.local/lib/python3.8/site-packages/airflow/example_dags/example_nested_branch_dag.py for tasks to queue
[2023-11-22T19:34:41.506+0000] {logging_mixin.py:154} INFO - [2023-11-22T19:34:41.506+0000] {dagbag.py:536} INFO - Filling up the DagBag from /home/airflow/.local/lib/python3.8/site-packages/airflow/example_dags/example_nested_branch_dag.py
[2023-11-22T19:34:41.514+0000] {processor.py:839} INFO - DAG(s) dict_keys(['example_nested_branch_dag']) retrieved from /home/airflow/.local/lib/python3.8/site-packages/airflow/example_dags/example_nested_branch_dag.py
[2023-11-22T19:34:41.536+0000] {logging_mixin.py:154} INFO - [2023-11-22T19:34:41.536+0000] {dag.py:2941} INFO - Sync 1 DAGs
[2023-11-22T19:34:41.553+0000] {logging_mixin.py:154} INFO - [2023-11-22T19:34:41.553+0000] {dag.py:3722} INFO - Setting next_dagrun for example_nested_branch_dag to 2023-11-21T00:00:00+00:00, run_after=2023-11-22T00:00:00+00:00
[2023-11-22T19:34:41.566+0000] {processor.py:179} INFO - Processing /home/airflow/.local/lib/python3.8/site-packages/airflow/example_dags/example_nested_branch_dag.py took 0.064 seconds
[2023-11-22T19:35:11.887+0000] {processor.py:157} INFO - Started process (PID=2672) to work on /home/airflow/.local/lib/python3.8/site-packages/airflow/example_dags/example_nested_branch_dag.py
[2023-11-22T19:35:11.888+0000] {processor.py:829} INFO - Processing file /home/airflow/.local/lib/python3.8/site-packages/airflow/example_dags/example_nested_branch_dag.py for tasks to queue
[2023-11-22T19:35:11.889+0000] {logging_mixin.py:154} INFO - [2023-11-22T19:35:11.888+0000] {dagbag.py:536} INFO - Filling up the DagBag from /home/airflow/.local/lib/python3.8/site-packages/airflow/example_dags/example_nested_branch_dag.py
[2023-11-22T19:35:11.897+0000] {processor.py:839} INFO - DAG(s) dict_keys(['example_nested_branch_dag']) retrieved from /home/airflow/.local/lib/python3.8/site-packages/airflow/example_dags/example_nested_branch_dag.py
[2023-11-22T19:35:11.919+0000] {logging_mixin.py:154} INFO - [2023-11-22T19:35:11.919+0000] {dag.py:2941} INFO - Sync 1 DAGs
[2023-11-22T19:35:11.939+0000] {logging_mixin.py:154} INFO - [2023-11-22T19:35:11.938+0000] {dag.py:3722} INFO - Setting next_dagrun for example_nested_branch_dag to 2023-11-21T00:00:00+00:00, run_after=2023-11-22T00:00:00+00:00
[2023-11-22T19:35:11.952+0000] {processor.py:179} INFO - Processing /home/airflow/.local/lib/python3.8/site-packages/airflow/example_dags/example_nested_branch_dag.py took 0.068 seconds
[2023-11-22T19:35:42.353+0000] {processor.py:157} INFO - Started process (PID=2910) to work on /home/airflow/.local/lib/python3.8/site-packages/airflow/example_dags/example_nested_branch_dag.py
[2023-11-22T19:35:42.354+0000] {processor.py:829} INFO - Processing file /home/airflow/.local/lib/python3.8/site-packages/airflow/example_dags/example_nested_branch_dag.py for tasks to queue
[2023-11-22T19:35:42.355+0000] {logging_mixin.py:154} INFO - [2023-11-22T19:35:42.354+0000] {dagbag.py:536} INFO - Filling up the DagBag from /home/airflow/.local/lib/python3.8/site-packages/airflow/example_dags/example_nested_branch_dag.py
[2023-11-22T19:35:42.363+0000] {processor.py:839} INFO - DAG(s) dict_keys(['example_nested_branch_dag']) retrieved from /home/airflow/.local/lib/python3.8/site-packages/airflow/example_dags/example_nested_branch_dag.py
[2023-11-22T19:35:42.385+0000] {logging_mixin.py:154} INFO - [2023-11-22T19:35:42.385+0000] {dag.py:2941} INFO - Sync 1 DAGs
[2023-11-22T19:35:42.403+0000] {logging_mixin.py:154} INFO - [2023-11-22T19:35:42.403+0000] {dag.py:3722} INFO - Setting next_dagrun for example_nested_branch_dag to 2023-11-21T00:00:00+00:00, run_after=2023-11-22T00:00:00+00:00
[2023-11-22T19:35:42.418+0000] {processor.py:179} INFO - Processing /home/airflow/.local/lib/python3.8/site-packages/airflow/example_dags/example_nested_branch_dag.py took 0.068 seconds
[2023-11-22T19:36:12.815+0000] {processor.py:157} INFO - Started process (PID=3150) to work on /home/airflow/.local/lib/python3.8/site-packages/airflow/example_dags/example_nested_branch_dag.py
[2023-11-22T19:36:12.816+0000] {processor.py:829} INFO - Processing file /home/airflow/.local/lib/python3.8/site-packages/airflow/example_dags/example_nested_branch_dag.py for tasks to queue
[2023-11-22T19:36:12.816+0000] {logging_mixin.py:154} INFO - [2023-11-22T19:36:12.816+0000] {dagbag.py:536} INFO - Filling up the DagBag from /home/airflow/.local/lib/python3.8/site-packages/airflow/example_dags/example_nested_branch_dag.py
[2023-11-22T19:36:12.824+0000] {processor.py:839} INFO - DAG(s) dict_keys(['example_nested_branch_dag']) retrieved from /home/airflow/.local/lib/python3.8/site-packages/airflow/example_dags/example_nested_branch_dag.py
[2023-11-22T19:36:12.846+0000] {logging_mixin.py:154} INFO - [2023-11-22T19:36:12.846+0000] {dag.py:2941} INFO - Sync 1 DAGs
[2023-11-22T19:36:12.863+0000] {logging_mixin.py:154} INFO - [2023-11-22T19:36:12.863+0000] {dag.py:3722} INFO - Setting next_dagrun for example_nested_branch_dag to 2023-11-21T00:00:00+00:00, run_after=2023-11-22T00:00:00+00:00
[2023-11-22T19:36:12.875+0000] {processor.py:179} INFO - Processing /home/airflow/.local/lib/python3.8/site-packages/airflow/example_dags/example_nested_branch_dag.py took 0.064 seconds
[2023-11-22T19:36:43.609+0000] {processor.py:157} INFO - Started process (PID=3386) to work on /home/airflow/.local/lib/python3.8/site-packages/airflow/example_dags/example_nested_branch_dag.py
[2023-11-22T19:36:43.611+0000] {processor.py:829} INFO - Processing file /home/airflow/.local/lib/python3.8/site-packages/airflow/example_dags/example_nested_branch_dag.py for tasks to queue
[2023-11-22T19:36:43.612+0000] {logging_mixin.py:154} INFO - [2023-11-22T19:36:43.612+0000] {dagbag.py:536} INFO - Filling up the DagBag from /home/airflow/.local/lib/python3.8/site-packages/airflow/example_dags/example_nested_branch_dag.py
[2023-11-22T19:36:43.629+0000] {processor.py:839} INFO - DAG(s) dict_keys(['example_nested_branch_dag']) retrieved from /home/airflow/.local/lib/python3.8/site-packages/airflow/example_dags/example_nested_branch_dag.py
[2023-11-22T19:36:43.667+0000] {logging_mixin.py:154} INFO - [2023-11-22T19:36:43.667+0000] {dag.py:2941} INFO - Sync 1 DAGs
[2023-11-22T19:36:43.703+0000] {logging_mixin.py:154} INFO - [2023-11-22T19:36:43.702+0000] {dag.py:3722} INFO - Setting next_dagrun for example_nested_branch_dag to 2023-11-21T00:00:00+00:00, run_after=2023-11-22T00:00:00+00:00
[2023-11-22T19:36:43.724+0000] {processor.py:179} INFO - Processing /home/airflow/.local/lib/python3.8/site-packages/airflow/example_dags/example_nested_branch_dag.py took 0.119 seconds
[2023-11-22T19:37:14.589+0000] {processor.py:157} INFO - Started process (PID=3626) to work on /home/airflow/.local/lib/python3.8/site-packages/airflow/example_dags/example_nested_branch_dag.py
[2023-11-22T19:37:14.590+0000] {processor.py:829} INFO - Processing file /home/airflow/.local/lib/python3.8/site-packages/airflow/example_dags/example_nested_branch_dag.py for tasks to queue
[2023-11-22T19:37:14.591+0000] {logging_mixin.py:154} INFO - [2023-11-22T19:37:14.591+0000] {dagbag.py:536} INFO - Filling up the DagBag from /home/airflow/.local/lib/python3.8/site-packages/airflow/example_dags/example_nested_branch_dag.py
[2023-11-22T19:37:14.602+0000] {processor.py:839} INFO - DAG(s) dict_keys(['example_nested_branch_dag']) retrieved from /home/airflow/.local/lib/python3.8/site-packages/airflow/example_dags/example_nested_branch_dag.py
[2023-11-22T19:37:14.631+0000] {logging_mixin.py:154} INFO - [2023-11-22T19:37:14.631+0000] {dag.py:2941} INFO - Sync 1 DAGs
[2023-11-22T19:37:14.655+0000] {logging_mixin.py:154} INFO - [2023-11-22T19:37:14.654+0000] {dag.py:3722} INFO - Setting next_dagrun for example_nested_branch_dag to 2023-11-21T00:00:00+00:00, run_after=2023-11-22T00:00:00+00:00
[2023-11-22T19:37:14.670+0000] {processor.py:179} INFO - Processing /home/airflow/.local/lib/python3.8/site-packages/airflow/example_dags/example_nested_branch_dag.py took 0.085 seconds
[2023-11-22T19:37:44.943+0000] {processor.py:157} INFO - Started process (PID=3862) to work on /home/airflow/.local/lib/python3.8/site-packages/airflow/example_dags/example_nested_branch_dag.py
[2023-11-22T19:37:44.944+0000] {processor.py:829} INFO - Processing file /home/airflow/.local/lib/python3.8/site-packages/airflow/example_dags/example_nested_branch_dag.py for tasks to queue
[2023-11-22T19:37:44.945+0000] {logging_mixin.py:154} INFO - [2023-11-22T19:37:44.945+0000] {dagbag.py:536} INFO - Filling up the DagBag from /home/airflow/.local/lib/python3.8/site-packages/airflow/example_dags/example_nested_branch_dag.py
[2023-11-22T19:37:44.954+0000] {processor.py:839} INFO - DAG(s) dict_keys(['example_nested_branch_dag']) retrieved from /home/airflow/.local/lib/python3.8/site-packages/airflow/example_dags/example_nested_branch_dag.py
[2023-11-22T19:37:45.001+0000] {logging_mixin.py:154} INFO - [2023-11-22T19:37:45.001+0000] {dag.py:2941} INFO - Sync 1 DAGs
[2023-11-22T19:37:45.028+0000] {logging_mixin.py:154} INFO - [2023-11-22T19:37:45.028+0000] {dag.py:3722} INFO - Setting next_dagrun for example_nested_branch_dag to 2023-11-21T00:00:00+00:00, run_after=2023-11-22T00:00:00+00:00
[2023-11-22T19:37:45.050+0000] {processor.py:179} INFO - Processing /home/airflow/.local/lib/python3.8/site-packages/airflow/example_dags/example_nested_branch_dag.py took 0.110 seconds
[2023-11-22T19:38:15.080+0000] {processor.py:157} INFO - Started process (PID=4100) to work on /home/airflow/.local/lib/python3.8/site-packages/airflow/example_dags/example_nested_branch_dag.py
[2023-11-22T19:38:15.081+0000] {processor.py:829} INFO - Processing file /home/airflow/.local/lib/python3.8/site-packages/airflow/example_dags/example_nested_branch_dag.py for tasks to queue
[2023-11-22T19:38:15.081+0000] {logging_mixin.py:154} INFO - [2023-11-22T19:38:15.081+0000] {dagbag.py:536} INFO - Filling up the DagBag from /home/airflow/.local/lib/python3.8/site-packages/airflow/example_dags/example_nested_branch_dag.py
[2023-11-22T19:38:15.090+0000] {processor.py:839} INFO - DAG(s) dict_keys(['example_nested_branch_dag']) retrieved from /home/airflow/.local/lib/python3.8/site-packages/airflow/example_dags/example_nested_branch_dag.py
[2023-11-22T19:38:15.111+0000] {logging_mixin.py:154} INFO - [2023-11-22T19:38:15.111+0000] {dag.py:2941} INFO - Sync 1 DAGs
[2023-11-22T19:38:15.129+0000] {logging_mixin.py:154} INFO - [2023-11-22T19:38:15.128+0000] {dag.py:3722} INFO - Setting next_dagrun for example_nested_branch_dag to 2023-11-21T00:00:00+00:00, run_after=2023-11-22T00:00:00+00:00
[2023-11-22T19:38:15.140+0000] {processor.py:179} INFO - Processing /home/airflow/.local/lib/python3.8/site-packages/airflow/example_dags/example_nested_branch_dag.py took 0.064 seconds
[2023-11-22T19:38:45.415+0000] {processor.py:157} INFO - Started process (PID=4337) to work on /home/airflow/.local/lib/python3.8/site-packages/airflow/example_dags/example_nested_branch_dag.py
[2023-11-22T19:38:45.416+0000] {processor.py:829} INFO - Processing file /home/airflow/.local/lib/python3.8/site-packages/airflow/example_dags/example_nested_branch_dag.py for tasks to queue
[2023-11-22T19:38:45.418+0000] {logging_mixin.py:154} INFO - [2023-11-22T19:38:45.417+0000] {dagbag.py:536} INFO - Filling up the DagBag from /home/airflow/.local/lib/python3.8/site-packages/airflow/example_dags/example_nested_branch_dag.py
[2023-11-22T19:38:45.428+0000] {processor.py:839} INFO - DAG(s) dict_keys(['example_nested_branch_dag']) retrieved from /home/airflow/.local/lib/python3.8/site-packages/airflow/example_dags/example_nested_branch_dag.py
[2023-11-22T19:38:45.457+0000] {logging_mixin.py:154} INFO - [2023-11-22T19:38:45.456+0000] {dag.py:2941} INFO - Sync 1 DAGs
[2023-11-22T19:38:45.479+0000] {logging_mixin.py:154} INFO - [2023-11-22T19:38:45.479+0000] {dag.py:3722} INFO - Setting next_dagrun for example_nested_branch_dag to 2023-11-21T00:00:00+00:00, run_after=2023-11-22T00:00:00+00:00
[2023-11-22T19:38:45.495+0000] {processor.py:179} INFO - Processing /home/airflow/.local/lib/python3.8/site-packages/airflow/example_dags/example_nested_branch_dag.py took 0.083 seconds
[2023-11-22T19:39:15.925+0000] {processor.py:157} INFO - Started process (PID=4577) to work on /home/airflow/.local/lib/python3.8/site-packages/airflow/example_dags/example_nested_branch_dag.py
[2023-11-22T19:39:15.926+0000] {processor.py:829} INFO - Processing file /home/airflow/.local/lib/python3.8/site-packages/airflow/example_dags/example_nested_branch_dag.py for tasks to queue
[2023-11-22T19:39:15.926+0000] {logging_mixin.py:154} INFO - [2023-11-22T19:39:15.926+0000] {dagbag.py:536} INFO - Filling up the DagBag from /home/airflow/.local/lib/python3.8/site-packages/airflow/example_dags/example_nested_branch_dag.py
[2023-11-22T19:39:15.935+0000] {processor.py:839} INFO - DAG(s) dict_keys(['example_nested_branch_dag']) retrieved from /home/airflow/.local/lib/python3.8/site-packages/airflow/example_dags/example_nested_branch_dag.py
[2023-11-22T19:39:15.956+0000] {logging_mixin.py:154} INFO - [2023-11-22T19:39:15.956+0000] {dag.py:2941} INFO - Sync 1 DAGs
[2023-11-22T19:39:15.974+0000] {logging_mixin.py:154} INFO - [2023-11-22T19:39:15.973+0000] {dag.py:3722} INFO - Setting next_dagrun for example_nested_branch_dag to 2023-11-21T00:00:00+00:00, run_after=2023-11-22T00:00:00+00:00
[2023-11-22T19:39:15.987+0000] {processor.py:179} INFO - Processing /home/airflow/.local/lib/python3.8/site-packages/airflow/example_dags/example_nested_branch_dag.py took 0.065 seconds
[2023-11-22T19:39:46.299+0000] {processor.py:157} INFO - Started process (PID=4815) to work on /home/airflow/.local/lib/python3.8/site-packages/airflow/example_dags/example_nested_branch_dag.py
[2023-11-22T19:39:46.300+0000] {processor.py:829} INFO - Processing file /home/airflow/.local/lib/python3.8/site-packages/airflow/example_dags/example_nested_branch_dag.py for tasks to queue
[2023-11-22T19:39:46.301+0000] {logging_mixin.py:154} INFO - [2023-11-22T19:39:46.300+0000] {dagbag.py:536} INFO - Filling up the DagBag from /home/airflow/.local/lib/python3.8/site-packages/airflow/example_dags/example_nested_branch_dag.py
[2023-11-22T19:39:46.308+0000] {processor.py:839} INFO - DAG(s) dict_keys(['example_nested_branch_dag']) retrieved from /home/airflow/.local/lib/python3.8/site-packages/airflow/example_dags/example_nested_branch_dag.py
[2023-11-22T19:39:46.330+0000] {logging_mixin.py:154} INFO - [2023-11-22T19:39:46.330+0000] {dag.py:2941} INFO - Sync 1 DAGs
[2023-11-22T19:39:46.347+0000] {logging_mixin.py:154} INFO - [2023-11-22T19:39:46.347+0000] {dag.py:3722} INFO - Setting next_dagrun for example_nested_branch_dag to 2023-11-21T00:00:00+00:00, run_after=2023-11-22T00:00:00+00:00
[2023-11-22T19:39:46.360+0000] {processor.py:179} INFO - Processing /home/airflow/.local/lib/python3.8/site-packages/airflow/example_dags/example_nested_branch_dag.py took 0.064 seconds
[2023-11-22T19:40:16.926+0000] {processor.py:157} INFO - Started process (PID=5051) to work on /home/airflow/.local/lib/python3.8/site-packages/airflow/example_dags/example_nested_branch_dag.py
[2023-11-22T19:40:16.927+0000] {processor.py:829} INFO - Processing file /home/airflow/.local/lib/python3.8/site-packages/airflow/example_dags/example_nested_branch_dag.py for tasks to queue
[2023-11-22T19:40:16.928+0000] {logging_mixin.py:154} INFO - [2023-11-22T19:40:16.927+0000] {dagbag.py:536} INFO - Filling up the DagBag from /home/airflow/.local/lib/python3.8/site-packages/airflow/example_dags/example_nested_branch_dag.py
[2023-11-22T19:40:16.936+0000] {processor.py:839} INFO - DAG(s) dict_keys(['example_nested_branch_dag']) retrieved from /home/airflow/.local/lib/python3.8/site-packages/airflow/example_dags/example_nested_branch_dag.py
[2023-11-22T19:40:16.958+0000] {logging_mixin.py:154} INFO - [2023-11-22T19:40:16.958+0000] {dag.py:2941} INFO - Sync 1 DAGs
[2023-11-22T19:40:16.975+0000] {logging_mixin.py:154} INFO - [2023-11-22T19:40:16.975+0000] {dag.py:3722} INFO - Setting next_dagrun for example_nested_branch_dag to 2023-11-21T00:00:00+00:00, run_after=2023-11-22T00:00:00+00:00
[2023-11-22T19:40:16.988+0000] {processor.py:179} INFO - Processing /home/airflow/.local/lib/python3.8/site-packages/airflow/example_dags/example_nested_branch_dag.py took 0.065 seconds
[2023-11-22T19:40:47.524+0000] {processor.py:157} INFO - Started process (PID=5291) to work on /home/airflow/.local/lib/python3.8/site-packages/airflow/example_dags/example_nested_branch_dag.py
[2023-11-22T19:40:47.525+0000] {processor.py:829} INFO - Processing file /home/airflow/.local/lib/python3.8/site-packages/airflow/example_dags/example_nested_branch_dag.py for tasks to queue
[2023-11-22T19:40:47.526+0000] {logging_mixin.py:154} INFO - [2023-11-22T19:40:47.526+0000] {dagbag.py:536} INFO - Filling up the DagBag from /home/airflow/.local/lib/python3.8/site-packages/airflow/example_dags/example_nested_branch_dag.py
[2023-11-22T19:40:47.534+0000] {processor.py:839} INFO - DAG(s) dict_keys(['example_nested_branch_dag']) retrieved from /home/airflow/.local/lib/python3.8/site-packages/airflow/example_dags/example_nested_branch_dag.py
[2023-11-22T19:40:47.556+0000] {logging_mixin.py:154} INFO - [2023-11-22T19:40:47.556+0000] {dag.py:2941} INFO - Sync 1 DAGs
[2023-11-22T19:40:47.573+0000] {logging_mixin.py:154} INFO - [2023-11-22T19:40:47.573+0000] {dag.py:3722} INFO - Setting next_dagrun for example_nested_branch_dag to 2023-11-21T00:00:00+00:00, run_after=2023-11-22T00:00:00+00:00
[2023-11-22T19:40:47.586+0000] {processor.py:179} INFO - Processing /home/airflow/.local/lib/python3.8/site-packages/airflow/example_dags/example_nested_branch_dag.py took 0.064 seconds
[2023-11-22T19:41:18.049+0000] {processor.py:157} INFO - Started process (PID=5527) to work on /home/airflow/.local/lib/python3.8/site-packages/airflow/example_dags/example_nested_branch_dag.py
[2023-11-22T19:41:18.049+0000] {processor.py:829} INFO - Processing file /home/airflow/.local/lib/python3.8/site-packages/airflow/example_dags/example_nested_branch_dag.py for tasks to queue
[2023-11-22T19:41:18.050+0000] {logging_mixin.py:154} INFO - [2023-11-22T19:41:18.050+0000] {dagbag.py:536} INFO - Filling up the DagBag from /home/airflow/.local/lib/python3.8/site-packages/airflow/example_dags/example_nested_branch_dag.py
[2023-11-22T19:41:18.058+0000] {processor.py:839} INFO - DAG(s) dict_keys(['example_nested_branch_dag']) retrieved from /home/airflow/.local/lib/python3.8/site-packages/airflow/example_dags/example_nested_branch_dag.py
[2023-11-22T19:41:18.081+0000] {logging_mixin.py:154} INFO - [2023-11-22T19:41:18.081+0000] {dag.py:2941} INFO - Sync 1 DAGs
[2023-11-22T19:41:18.099+0000] {logging_mixin.py:154} INFO - [2023-11-22T19:41:18.098+0000] {dag.py:3722} INFO - Setting next_dagrun for example_nested_branch_dag to 2023-11-21T00:00:00+00:00, run_after=2023-11-22T00:00:00+00:00
[2023-11-22T19:41:18.111+0000] {processor.py:179} INFO - Processing /home/airflow/.local/lib/python3.8/site-packages/airflow/example_dags/example_nested_branch_dag.py took 0.066 seconds
[2023-11-22T19:41:48.524+0000] {processor.py:157} INFO - Started process (PID=5765) to work on /home/airflow/.local/lib/python3.8/site-packages/airflow/example_dags/example_nested_branch_dag.py
[2023-11-22T19:41:48.525+0000] {processor.py:829} INFO - Processing file /home/airflow/.local/lib/python3.8/site-packages/airflow/example_dags/example_nested_branch_dag.py for tasks to queue
[2023-11-22T19:41:48.526+0000] {logging_mixin.py:154} INFO - [2023-11-22T19:41:48.526+0000] {dagbag.py:536} INFO - Filling up the DagBag from /home/airflow/.local/lib/python3.8/site-packages/airflow/example_dags/example_nested_branch_dag.py
[2023-11-22T19:41:48.534+0000] {processor.py:839} INFO - DAG(s) dict_keys(['example_nested_branch_dag']) retrieved from /home/airflow/.local/lib/python3.8/site-packages/airflow/example_dags/example_nested_branch_dag.py
[2023-11-22T19:41:48.557+0000] {logging_mixin.py:154} INFO - [2023-11-22T19:41:48.556+0000] {dag.py:2941} INFO - Sync 1 DAGs
[2023-11-22T19:41:48.575+0000] {logging_mixin.py:154} INFO - [2023-11-22T19:41:48.574+0000] {dag.py:3722} INFO - Setting next_dagrun for example_nested_branch_dag to 2023-11-21T00:00:00+00:00, run_after=2023-11-22T00:00:00+00:00
[2023-11-22T19:41:48.587+0000] {processor.py:179} INFO - Processing /home/airflow/.local/lib/python3.8/site-packages/airflow/example_dags/example_nested_branch_dag.py took 0.066 seconds
[2023-11-22T19:42:18.905+0000] {processor.py:157} INFO - Started process (PID=6002) to work on /home/airflow/.local/lib/python3.8/site-packages/airflow/example_dags/example_nested_branch_dag.py
[2023-11-22T19:42:18.906+0000] {processor.py:829} INFO - Processing file /home/airflow/.local/lib/python3.8/site-packages/airflow/example_dags/example_nested_branch_dag.py for tasks to queue
[2023-11-22T19:42:18.907+0000] {logging_mixin.py:154} INFO - [2023-11-22T19:42:18.907+0000] {dagbag.py:536} INFO - Filling up the DagBag from /home/airflow/.local/lib/python3.8/site-packages/airflow/example_dags/example_nested_branch_dag.py
[2023-11-22T19:42:18.915+0000] {processor.py:839} INFO - DAG(s) dict_keys(['example_nested_branch_dag']) retrieved from /home/airflow/.local/lib/python3.8/site-packages/airflow/example_dags/example_nested_branch_dag.py
[2023-11-22T19:42:18.937+0000] {logging_mixin.py:154} INFO - [2023-11-22T19:42:18.937+0000] {dag.py:2941} INFO - Sync 1 DAGs
[2023-11-22T19:42:18.955+0000] {logging_mixin.py:154} INFO - [2023-11-22T19:42:18.954+0000] {dag.py:3722} INFO - Setting next_dagrun for example_nested_branch_dag to 2023-11-21T00:00:00+00:00, run_after=2023-11-22T00:00:00+00:00
[2023-11-22T19:42:18.967+0000] {processor.py:179} INFO - Processing /home/airflow/.local/lib/python3.8/site-packages/airflow/example_dags/example_nested_branch_dag.py took 0.065 seconds
[2023-11-22T19:42:49.347+0000] {processor.py:157} INFO - Started process (PID=6240) to work on /home/airflow/.local/lib/python3.8/site-packages/airflow/example_dags/example_nested_branch_dag.py
[2023-11-22T19:42:49.348+0000] {processor.py:829} INFO - Processing file /home/airflow/.local/lib/python3.8/site-packages/airflow/example_dags/example_nested_branch_dag.py for tasks to queue
[2023-11-22T19:42:49.348+0000] {logging_mixin.py:154} INFO - [2023-11-22T19:42:49.348+0000] {dagbag.py:536} INFO - Filling up the DagBag from /home/airflow/.local/lib/python3.8/site-packages/airflow/example_dags/example_nested_branch_dag.py
[2023-11-22T19:42:49.357+0000] {processor.py:839} INFO - DAG(s) dict_keys(['example_nested_branch_dag']) retrieved from /home/airflow/.local/lib/python3.8/site-packages/airflow/example_dags/example_nested_branch_dag.py
[2023-11-22T19:42:49.378+0000] {logging_mixin.py:154} INFO - [2023-11-22T19:42:49.378+0000] {dag.py:2941} INFO - Sync 1 DAGs
[2023-11-22T19:42:49.396+0000] {logging_mixin.py:154} INFO - [2023-11-22T19:42:49.396+0000] {dag.py:3722} INFO - Setting next_dagrun for example_nested_branch_dag to 2023-11-21T00:00:00+00:00, run_after=2023-11-22T00:00:00+00:00
[2023-11-22T19:42:49.408+0000] {processor.py:179} INFO - Processing /home/airflow/.local/lib/python3.8/site-packages/airflow/example_dags/example_nested_branch_dag.py took 0.064 seconds
[2023-11-22T19:43:19.655+0000] {processor.py:157} INFO - Started process (PID=6478) to work on /home/airflow/.local/lib/python3.8/site-packages/airflow/example_dags/example_nested_branch_dag.py
[2023-11-22T19:43:19.656+0000] {processor.py:829} INFO - Processing file /home/airflow/.local/lib/python3.8/site-packages/airflow/example_dags/example_nested_branch_dag.py for tasks to queue
[2023-11-22T19:43:19.657+0000] {logging_mixin.py:154} INFO - [2023-11-22T19:43:19.657+0000] {dagbag.py:536} INFO - Filling up the DagBag from /home/airflow/.local/lib/python3.8/site-packages/airflow/example_dags/example_nested_branch_dag.py
[2023-11-22T19:43:19.665+0000] {processor.py:839} INFO - DAG(s) dict_keys(['example_nested_branch_dag']) retrieved from /home/airflow/.local/lib/python3.8/site-packages/airflow/example_dags/example_nested_branch_dag.py
[2023-11-22T19:43:19.687+0000] {logging_mixin.py:154} INFO - [2023-11-22T19:43:19.687+0000] {dag.py:2941} INFO - Sync 1 DAGs
[2023-11-22T19:43:19.705+0000] {logging_mixin.py:154} INFO - [2023-11-22T19:43:19.705+0000] {dag.py:3722} INFO - Setting next_dagrun for example_nested_branch_dag to 2023-11-21T00:00:00+00:00, run_after=2023-11-22T00:00:00+00:00
[2023-11-22T19:43:19.718+0000] {processor.py:179} INFO - Processing /home/airflow/.local/lib/python3.8/site-packages/airflow/example_dags/example_nested_branch_dag.py took 0.066 seconds
[2023-11-22T19:43:50.213+0000] {processor.py:157} INFO - Started process (PID=6716) to work on /home/airflow/.local/lib/python3.8/site-packages/airflow/example_dags/example_nested_branch_dag.py
[2023-11-22T19:43:50.214+0000] {processor.py:829} INFO - Processing file /home/airflow/.local/lib/python3.8/site-packages/airflow/example_dags/example_nested_branch_dag.py for tasks to queue
[2023-11-22T19:43:50.215+0000] {logging_mixin.py:154} INFO - [2023-11-22T19:43:50.214+0000] {dagbag.py:536} INFO - Filling up the DagBag from /home/airflow/.local/lib/python3.8/site-packages/airflow/example_dags/example_nested_branch_dag.py
[2023-11-22T19:43:50.223+0000] {processor.py:839} INFO - DAG(s) dict_keys(['example_nested_branch_dag']) retrieved from /home/airflow/.local/lib/python3.8/site-packages/airflow/example_dags/example_nested_branch_dag.py
[2023-11-22T19:43:50.246+0000] {logging_mixin.py:154} INFO - [2023-11-22T19:43:50.246+0000] {dag.py:2941} INFO - Sync 1 DAGs
[2023-11-22T19:43:50.264+0000] {logging_mixin.py:154} INFO - [2023-11-22T19:43:50.264+0000] {dag.py:3722} INFO - Setting next_dagrun for example_nested_branch_dag to 2023-11-21T00:00:00+00:00, run_after=2023-11-22T00:00:00+00:00
[2023-11-22T19:43:50.277+0000] {processor.py:179} INFO - Processing /home/airflow/.local/lib/python3.8/site-packages/airflow/example_dags/example_nested_branch_dag.py took 0.067 seconds
[2023-11-22T19:44:20.688+0000] {processor.py:157} INFO - Started process (PID=6961) to work on /home/airflow/.local/lib/python3.8/site-packages/airflow/example_dags/example_nested_branch_dag.py
[2023-11-22T19:44:20.689+0000] {processor.py:829} INFO - Processing file /home/airflow/.local/lib/python3.8/site-packages/airflow/example_dags/example_nested_branch_dag.py for tasks to queue
[2023-11-22T19:44:20.690+0000] {logging_mixin.py:154} INFO - [2023-11-22T19:44:20.690+0000] {dagbag.py:536} INFO - Filling up the DagBag from /home/airflow/.local/lib/python3.8/site-packages/airflow/example_dags/example_nested_branch_dag.py
[2023-11-22T19:44:20.698+0000] {processor.py:839} INFO - DAG(s) dict_keys(['example_nested_branch_dag']) retrieved from /home/airflow/.local/lib/python3.8/site-packages/airflow/example_dags/example_nested_branch_dag.py
[2023-11-22T19:44:20.720+0000] {logging_mixin.py:154} INFO - [2023-11-22T19:44:20.720+0000] {dag.py:2941} INFO - Sync 1 DAGs
[2023-11-22T19:44:20.738+0000] {logging_mixin.py:154} INFO - [2023-11-22T19:44:20.738+0000] {dag.py:3722} INFO - Setting next_dagrun for example_nested_branch_dag to 2023-11-21T00:00:00+00:00, run_after=2023-11-22T00:00:00+00:00
[2023-11-22T19:44:20.751+0000] {processor.py:179} INFO - Processing /home/airflow/.local/lib/python3.8/site-packages/airflow/example_dags/example_nested_branch_dag.py took 0.066 seconds
[2023-11-22T19:44:51.158+0000] {processor.py:157} INFO - Started process (PID=7199) to work on /home/airflow/.local/lib/python3.8/site-packages/airflow/example_dags/example_nested_branch_dag.py
[2023-11-22T19:44:51.159+0000] {processor.py:829} INFO - Processing file /home/airflow/.local/lib/python3.8/site-packages/airflow/example_dags/example_nested_branch_dag.py for tasks to queue
[2023-11-22T19:44:51.160+0000] {logging_mixin.py:154} INFO - [2023-11-22T19:44:51.159+0000] {dagbag.py:536} INFO - Filling up the DagBag from /home/airflow/.local/lib/python3.8/site-packages/airflow/example_dags/example_nested_branch_dag.py
[2023-11-22T19:44:51.168+0000] {processor.py:839} INFO - DAG(s) dict_keys(['example_nested_branch_dag']) retrieved from /home/airflow/.local/lib/python3.8/site-packages/airflow/example_dags/example_nested_branch_dag.py
[2023-11-22T19:44:51.190+0000] {logging_mixin.py:154} INFO - [2023-11-22T19:44:51.190+0000] {dag.py:2941} INFO - Sync 1 DAGs
[2023-11-22T19:44:51.208+0000] {logging_mixin.py:154} INFO - [2023-11-22T19:44:51.208+0000] {dag.py:3722} INFO - Setting next_dagrun for example_nested_branch_dag to 2023-11-21T00:00:00+00:00, run_after=2023-11-22T00:00:00+00:00
[2023-11-22T19:44:51.220+0000] {processor.py:179} INFO - Processing /home/airflow/.local/lib/python3.8/site-packages/airflow/example_dags/example_nested_branch_dag.py took 0.065 seconds
[2023-11-22T19:45:21.541+0000] {processor.py:157} INFO - Started process (PID=7437) to work on /home/airflow/.local/lib/python3.8/site-packages/airflow/example_dags/example_nested_branch_dag.py
[2023-11-22T19:45:21.542+0000] {processor.py:829} INFO - Processing file /home/airflow/.local/lib/python3.8/site-packages/airflow/example_dags/example_nested_branch_dag.py for tasks to queue
[2023-11-22T19:45:21.542+0000] {logging_mixin.py:154} INFO - [2023-11-22T19:45:21.542+0000] {dagbag.py:536} INFO - Filling up the DagBag from /home/airflow/.local/lib/python3.8/site-packages/airflow/example_dags/example_nested_branch_dag.py
[2023-11-22T19:45:21.551+0000] {processor.py:839} INFO - DAG(s) dict_keys(['example_nested_branch_dag']) retrieved from /home/airflow/.local/lib/python3.8/site-packages/airflow/example_dags/example_nested_branch_dag.py
[2023-11-22T19:45:21.573+0000] {logging_mixin.py:154} INFO - [2023-11-22T19:45:21.572+0000] {dag.py:2941} INFO - Sync 1 DAGs
[2023-11-22T19:45:21.590+0000] {logging_mixin.py:154} INFO - [2023-11-22T19:45:21.590+0000] {dag.py:3722} INFO - Setting next_dagrun for example_nested_branch_dag to 2023-11-21T00:00:00+00:00, run_after=2023-11-22T00:00:00+00:00
[2023-11-22T19:45:21.603+0000] {processor.py:179} INFO - Processing /home/airflow/.local/lib/python3.8/site-packages/airflow/example_dags/example_nested_branch_dag.py took 0.065 seconds
[2023-11-22T19:45:52.054+0000] {processor.py:157} INFO - Started process (PID=7675) to work on /home/airflow/.local/lib/python3.8/site-packages/airflow/example_dags/example_nested_branch_dag.py
[2023-11-22T19:45:52.055+0000] {processor.py:829} INFO - Processing file /home/airflow/.local/lib/python3.8/site-packages/airflow/example_dags/example_nested_branch_dag.py for tasks to queue
[2023-11-22T19:45:52.056+0000] {logging_mixin.py:154} INFO - [2023-11-22T19:45:52.056+0000] {dagbag.py:536} INFO - Filling up the DagBag from /home/airflow/.local/lib/python3.8/site-packages/airflow/example_dags/example_nested_branch_dag.py
[2023-11-22T19:45:52.064+0000] {processor.py:839} INFO - DAG(s) dict_keys(['example_nested_branch_dag']) retrieved from /home/airflow/.local/lib/python3.8/site-packages/airflow/example_dags/example_nested_branch_dag.py
[2023-11-22T19:45:52.086+0000] {logging_mixin.py:154} INFO - [2023-11-22T19:45:52.086+0000] {dag.py:2941} INFO - Sync 1 DAGs
[2023-11-22T19:45:52.104+0000] {logging_mixin.py:154} INFO - [2023-11-22T19:45:52.104+0000] {dag.py:3722} INFO - Setting next_dagrun for example_nested_branch_dag to 2023-11-21T00:00:00+00:00, run_after=2023-11-22T00:00:00+00:00
[2023-11-22T19:45:52.117+0000] {processor.py:179} INFO - Processing /home/airflow/.local/lib/python3.8/site-packages/airflow/example_dags/example_nested_branch_dag.py took 0.066 seconds
[2023-11-22T19:46:22.514+0000] {processor.py:157} INFO - Started process (PID=7913) to work on /home/airflow/.local/lib/python3.8/site-packages/airflow/example_dags/example_nested_branch_dag.py
[2023-11-22T19:46:22.515+0000] {processor.py:829} INFO - Processing file /home/airflow/.local/lib/python3.8/site-packages/airflow/example_dags/example_nested_branch_dag.py for tasks to queue
[2023-11-22T19:46:22.516+0000] {logging_mixin.py:154} INFO - [2023-11-22T19:46:22.515+0000] {dagbag.py:536} INFO - Filling up the DagBag from /home/airflow/.local/lib/python3.8/site-packages/airflow/example_dags/example_nested_branch_dag.py
[2023-11-22T19:46:22.524+0000] {processor.py:839} INFO - DAG(s) dict_keys(['example_nested_branch_dag']) retrieved from /home/airflow/.local/lib/python3.8/site-packages/airflow/example_dags/example_nested_branch_dag.py
[2023-11-22T19:46:22.546+0000] {logging_mixin.py:154} INFO - [2023-11-22T19:46:22.545+0000] {dag.py:2941} INFO - Sync 1 DAGs
[2023-11-22T19:46:22.563+0000] {logging_mixin.py:154} INFO - [2023-11-22T19:46:22.563+0000] {dag.py:3722} INFO - Setting next_dagrun for example_nested_branch_dag to 2023-11-21T00:00:00+00:00, run_after=2023-11-22T00:00:00+00:00
[2023-11-22T19:46:22.576+0000] {processor.py:179} INFO - Processing /home/airflow/.local/lib/python3.8/site-packages/airflow/example_dags/example_nested_branch_dag.py took 0.065 seconds
[2023-11-22T19:46:52.925+0000] {processor.py:157} INFO - Started process (PID=8151) to work on /home/airflow/.local/lib/python3.8/site-packages/airflow/example_dags/example_nested_branch_dag.py
[2023-11-22T19:46:52.926+0000] {processor.py:829} INFO - Processing file /home/airflow/.local/lib/python3.8/site-packages/airflow/example_dags/example_nested_branch_dag.py for tasks to queue
[2023-11-22T19:46:52.926+0000] {logging_mixin.py:154} INFO - [2023-11-22T19:46:52.926+0000] {dagbag.py:536} INFO - Filling up the DagBag from /home/airflow/.local/lib/python3.8/site-packages/airflow/example_dags/example_nested_branch_dag.py
[2023-11-22T19:46:52.935+0000] {processor.py:839} INFO - DAG(s) dict_keys(['example_nested_branch_dag']) retrieved from /home/airflow/.local/lib/python3.8/site-packages/airflow/example_dags/example_nested_branch_dag.py
[2023-11-22T19:46:52.957+0000] {logging_mixin.py:154} INFO - [2023-11-22T19:46:52.957+0000] {dag.py:2941} INFO - Sync 1 DAGs
[2023-11-22T19:46:52.975+0000] {logging_mixin.py:154} INFO - [2023-11-22T19:46:52.975+0000] {dag.py:3722} INFO - Setting next_dagrun for example_nested_branch_dag to 2023-11-21T00:00:00+00:00, run_after=2023-11-22T00:00:00+00:00
[2023-11-22T19:46:52.988+0000] {processor.py:179} INFO - Processing /home/airflow/.local/lib/python3.8/site-packages/airflow/example_dags/example_nested_branch_dag.py took 0.066 seconds
[2023-11-22T19:47:23.367+0000] {processor.py:157} INFO - Started process (PID=8388) to work on /home/airflow/.local/lib/python3.8/site-packages/airflow/example_dags/example_nested_branch_dag.py
[2023-11-22T19:47:23.368+0000] {processor.py:829} INFO - Processing file /home/airflow/.local/lib/python3.8/site-packages/airflow/example_dags/example_nested_branch_dag.py for tasks to queue
[2023-11-22T19:47:23.369+0000] {logging_mixin.py:154} INFO - [2023-11-22T19:47:23.369+0000] {dagbag.py:536} INFO - Filling up the DagBag from /home/airflow/.local/lib/python3.8/site-packages/airflow/example_dags/example_nested_branch_dag.py
[2023-11-22T19:47:23.377+0000] {processor.py:839} INFO - DAG(s) dict_keys(['example_nested_branch_dag']) retrieved from /home/airflow/.local/lib/python3.8/site-packages/airflow/example_dags/example_nested_branch_dag.py
[2023-11-22T19:47:23.403+0000] {logging_mixin.py:154} INFO - [2023-11-22T19:47:23.403+0000] {dag.py:2941} INFO - Sync 1 DAGs
[2023-11-22T19:47:23.425+0000] {logging_mixin.py:154} INFO - [2023-11-22T19:47:23.425+0000] {dag.py:3722} INFO - Setting next_dagrun for example_nested_branch_dag to 2023-11-21T00:00:00+00:00, run_after=2023-11-22T00:00:00+00:00
[2023-11-22T19:47:23.439+0000] {processor.py:179} INFO - Processing /home/airflow/.local/lib/python3.8/site-packages/airflow/example_dags/example_nested_branch_dag.py took 0.074 seconds
[2023-11-22T19:47:54.080+0000] {processor.py:157} INFO - Started process (PID=8626) to work on /home/airflow/.local/lib/python3.8/site-packages/airflow/example_dags/example_nested_branch_dag.py
[2023-11-22T19:47:54.081+0000] {processor.py:829} INFO - Processing file /home/airflow/.local/lib/python3.8/site-packages/airflow/example_dags/example_nested_branch_dag.py for tasks to queue
[2023-11-22T19:47:54.082+0000] {logging_mixin.py:154} INFO - [2023-11-22T19:47:54.082+0000] {dagbag.py:536} INFO - Filling up the DagBag from /home/airflow/.local/lib/python3.8/site-packages/airflow/example_dags/example_nested_branch_dag.py
[2023-11-22T19:47:54.090+0000] {processor.py:839} INFO - DAG(s) dict_keys(['example_nested_branch_dag']) retrieved from /home/airflow/.local/lib/python3.8/site-packages/airflow/example_dags/example_nested_branch_dag.py
[2023-11-22T19:47:54.112+0000] {logging_mixin.py:154} INFO - [2023-11-22T19:47:54.111+0000] {dag.py:2941} INFO - Sync 1 DAGs
[2023-11-22T19:47:54.130+0000] {logging_mixin.py:154} INFO - [2023-11-22T19:47:54.130+0000] {dag.py:3722} INFO - Setting next_dagrun for example_nested_branch_dag to 2023-11-21T00:00:00+00:00, run_after=2023-11-22T00:00:00+00:00
[2023-11-22T19:47:54.256+0000] {processor.py:179} INFO - Processing /home/airflow/.local/lib/python3.8/site-packages/airflow/example_dags/example_nested_branch_dag.py took 0.179 seconds
[2023-11-22T19:48:25.143+0000] {processor.py:157} INFO - Started process (PID=8864) to work on /home/airflow/.local/lib/python3.8/site-packages/airflow/example_dags/example_nested_branch_dag.py
[2023-11-22T19:48:25.144+0000] {processor.py:829} INFO - Processing file /home/airflow/.local/lib/python3.8/site-packages/airflow/example_dags/example_nested_branch_dag.py for tasks to queue
[2023-11-22T19:48:25.144+0000] {logging_mixin.py:154} INFO - [2023-11-22T19:48:25.144+0000] {dagbag.py:536} INFO - Filling up the DagBag from /home/airflow/.local/lib/python3.8/site-packages/airflow/example_dags/example_nested_branch_dag.py
[2023-11-22T19:48:25.153+0000] {processor.py:839} INFO - DAG(s) dict_keys(['example_nested_branch_dag']) retrieved from /home/airflow/.local/lib/python3.8/site-packages/airflow/example_dags/example_nested_branch_dag.py
[2023-11-22T19:48:25.176+0000] {logging_mixin.py:154} INFO - [2023-11-22T19:48:25.175+0000] {dag.py:2941} INFO - Sync 1 DAGs
[2023-11-22T19:48:25.193+0000] {logging_mixin.py:154} INFO - [2023-11-22T19:48:25.193+0000] {dag.py:3722} INFO - Setting next_dagrun for example_nested_branch_dag to 2023-11-21T00:00:00+00:00, run_after=2023-11-22T00:00:00+00:00
[2023-11-22T19:48:25.205+0000] {processor.py:179} INFO - Processing /home/airflow/.local/lib/python3.8/site-packages/airflow/example_dags/example_nested_branch_dag.py took 0.066 seconds
[2023-11-22T19:48:55.519+0000] {processor.py:157} INFO - Started process (PID=9102) to work on /home/airflow/.local/lib/python3.8/site-packages/airflow/example_dags/example_nested_branch_dag.py
[2023-11-22T19:48:55.520+0000] {processor.py:829} INFO - Processing file /home/airflow/.local/lib/python3.8/site-packages/airflow/example_dags/example_nested_branch_dag.py for tasks to queue
[2023-11-22T19:48:55.521+0000] {logging_mixin.py:154} INFO - [2023-11-22T19:48:55.520+0000] {dagbag.py:536} INFO - Filling up the DagBag from /home/airflow/.local/lib/python3.8/site-packages/airflow/example_dags/example_nested_branch_dag.py
[2023-11-22T19:48:55.529+0000] {processor.py:839} INFO - DAG(s) dict_keys(['example_nested_branch_dag']) retrieved from /home/airflow/.local/lib/python3.8/site-packages/airflow/example_dags/example_nested_branch_dag.py
[2023-11-22T19:48:55.552+0000] {logging_mixin.py:154} INFO - [2023-11-22T19:48:55.552+0000] {dag.py:2941} INFO - Sync 1 DAGs
[2023-11-22T19:48:55.572+0000] {logging_mixin.py:154} INFO - [2023-11-22T19:48:55.572+0000] {dag.py:3722} INFO - Setting next_dagrun for example_nested_branch_dag to 2023-11-21T00:00:00+00:00, run_after=2023-11-22T00:00:00+00:00
[2023-11-22T19:48:55.586+0000] {processor.py:179} INFO - Processing /home/airflow/.local/lib/python3.8/site-packages/airflow/example_dags/example_nested_branch_dag.py took 0.070 seconds
[2023-11-22T19:49:26.573+0000] {processor.py:157} INFO - Started process (PID=9340) to work on /home/airflow/.local/lib/python3.8/site-packages/airflow/example_dags/example_nested_branch_dag.py
[2023-11-22T19:49:26.574+0000] {processor.py:829} INFO - Processing file /home/airflow/.local/lib/python3.8/site-packages/airflow/example_dags/example_nested_branch_dag.py for tasks to queue
[2023-11-22T19:49:26.575+0000] {logging_mixin.py:154} INFO - [2023-11-22T19:49:26.575+0000] {dagbag.py:536} INFO - Filling up the DagBag from /home/airflow/.local/lib/python3.8/site-packages/airflow/example_dags/example_nested_branch_dag.py
[2023-11-22T19:49:26.586+0000] {processor.py:839} INFO - DAG(s) dict_keys(['example_nested_branch_dag']) retrieved from /home/airflow/.local/lib/python3.8/site-packages/airflow/example_dags/example_nested_branch_dag.py
[2023-11-22T19:49:26.619+0000] {logging_mixin.py:154} INFO - [2023-11-22T19:49:26.619+0000] {dag.py:2941} INFO - Sync 1 DAGs
[2023-11-22T19:49:26.640+0000] {logging_mixin.py:154} INFO - [2023-11-22T19:49:26.639+0000] {dag.py:3722} INFO - Setting next_dagrun for example_nested_branch_dag to 2023-11-21T00:00:00+00:00, run_after=2023-11-22T00:00:00+00:00
[2023-11-22T19:49:26.655+0000] {processor.py:179} INFO - Processing /home/airflow/.local/lib/python3.8/site-packages/airflow/example_dags/example_nested_branch_dag.py took 0.085 seconds
[2023-11-22T19:49:57.170+0000] {processor.py:157} INFO - Started process (PID=9578) to work on /home/airflow/.local/lib/python3.8/site-packages/airflow/example_dags/example_nested_branch_dag.py
[2023-11-22T19:49:57.171+0000] {processor.py:829} INFO - Processing file /home/airflow/.local/lib/python3.8/site-packages/airflow/example_dags/example_nested_branch_dag.py for tasks to queue
[2023-11-22T19:49:57.172+0000] {logging_mixin.py:154} INFO - [2023-11-22T19:49:57.172+0000] {dagbag.py:536} INFO - Filling up the DagBag from /home/airflow/.local/lib/python3.8/site-packages/airflow/example_dags/example_nested_branch_dag.py
[2023-11-22T19:49:57.181+0000] {processor.py:839} INFO - DAG(s) dict_keys(['example_nested_branch_dag']) retrieved from /home/airflow/.local/lib/python3.8/site-packages/airflow/example_dags/example_nested_branch_dag.py
[2023-11-22T19:49:57.207+0000] {logging_mixin.py:154} INFO - [2023-11-22T19:49:57.207+0000] {dag.py:2941} INFO - Sync 1 DAGs
[2023-11-22T19:49:57.347+0000] {logging_mixin.py:154} INFO - [2023-11-22T19:49:57.347+0000] {dag.py:3722} INFO - Setting next_dagrun for example_nested_branch_dag to 2023-11-21T00:00:00+00:00, run_after=2023-11-22T00:00:00+00:00
[2023-11-22T19:49:57.360+0000] {processor.py:179} INFO - Processing /home/airflow/.local/lib/python3.8/site-packages/airflow/example_dags/example_nested_branch_dag.py took 0.194 seconds
[2023-11-22T19:50:27.505+0000] {processor.py:157} INFO - Started process (PID=9816) to work on /home/airflow/.local/lib/python3.8/site-packages/airflow/example_dags/example_nested_branch_dag.py
[2023-11-22T19:50:27.505+0000] {processor.py:829} INFO - Processing file /home/airflow/.local/lib/python3.8/site-packages/airflow/example_dags/example_nested_branch_dag.py for tasks to queue
[2023-11-22T19:50:27.506+0000] {logging_mixin.py:154} INFO - [2023-11-22T19:50:27.506+0000] {dagbag.py:536} INFO - Filling up the DagBag from /home/airflow/.local/lib/python3.8/site-packages/airflow/example_dags/example_nested_branch_dag.py
[2023-11-22T19:50:27.514+0000] {processor.py:839} INFO - DAG(s) dict_keys(['example_nested_branch_dag']) retrieved from /home/airflow/.local/lib/python3.8/site-packages/airflow/example_dags/example_nested_branch_dag.py
[2023-11-22T19:50:27.537+0000] {logging_mixin.py:154} INFO - [2023-11-22T19:50:27.537+0000] {dag.py:2941} INFO - Sync 1 DAGs
[2023-11-22T19:50:27.666+0000] {logging_mixin.py:154} INFO - [2023-11-22T19:50:27.666+0000] {dag.py:3722} INFO - Setting next_dagrun for example_nested_branch_dag to 2023-11-21T00:00:00+00:00, run_after=2023-11-22T00:00:00+00:00
[2023-11-22T19:50:27.680+0000] {processor.py:179} INFO - Processing /home/airflow/.local/lib/python3.8/site-packages/airflow/example_dags/example_nested_branch_dag.py took 0.179 seconds
[2023-11-22T19:50:57.865+0000] {processor.py:157} INFO - Started process (PID=10054) to work on /home/airflow/.local/lib/python3.8/site-packages/airflow/example_dags/example_nested_branch_dag.py
[2023-11-22T19:50:57.867+0000] {processor.py:829} INFO - Processing file /home/airflow/.local/lib/python3.8/site-packages/airflow/example_dags/example_nested_branch_dag.py for tasks to queue
[2023-11-22T19:50:57.868+0000] {logging_mixin.py:154} INFO - [2023-11-22T19:50:57.867+0000] {dagbag.py:536} INFO - Filling up the DagBag from /home/airflow/.local/lib/python3.8/site-packages/airflow/example_dags/example_nested_branch_dag.py
[2023-11-22T19:50:57.876+0000] {processor.py:839} INFO - DAG(s) dict_keys(['example_nested_branch_dag']) retrieved from /home/airflow/.local/lib/python3.8/site-packages/airflow/example_dags/example_nested_branch_dag.py
[2023-11-22T19:50:57.897+0000] {logging_mixin.py:154} INFO - [2023-11-22T19:50:57.897+0000] {dag.py:2941} INFO - Sync 1 DAGs
[2023-11-22T19:50:57.916+0000] {logging_mixin.py:154} INFO - [2023-11-22T19:50:57.916+0000] {dag.py:3722} INFO - Setting next_dagrun for example_nested_branch_dag to 2023-11-21T00:00:00+00:00, run_after=2023-11-22T00:00:00+00:00
[2023-11-22T19:50:58.041+0000] {processor.py:179} INFO - Processing /home/airflow/.local/lib/python3.8/site-packages/airflow/example_dags/example_nested_branch_dag.py took 0.181 seconds
[2023-11-22T19:51:28.247+0000] {processor.py:157} INFO - Started process (PID=10294) to work on /home/airflow/.local/lib/python3.8/site-packages/airflow/example_dags/example_nested_branch_dag.py
[2023-11-22T19:51:28.248+0000] {processor.py:829} INFO - Processing file /home/airflow/.local/lib/python3.8/site-packages/airflow/example_dags/example_nested_branch_dag.py for tasks to queue
[2023-11-22T19:51:28.249+0000] {logging_mixin.py:154} INFO - [2023-11-22T19:51:28.249+0000] {dagbag.py:536} INFO - Filling up the DagBag from /home/airflow/.local/lib/python3.8/site-packages/airflow/example_dags/example_nested_branch_dag.py
[2023-11-22T19:51:28.257+0000] {processor.py:839} INFO - DAG(s) dict_keys(['example_nested_branch_dag']) retrieved from /home/airflow/.local/lib/python3.8/site-packages/airflow/example_dags/example_nested_branch_dag.py
[2023-11-22T19:51:28.279+0000] {logging_mixin.py:154} INFO - [2023-11-22T19:51:28.279+0000] {dag.py:2941} INFO - Sync 1 DAGs
[2023-11-22T19:51:28.296+0000] {logging_mixin.py:154} INFO - [2023-11-22T19:51:28.296+0000] {dag.py:3722} INFO - Setting next_dagrun for example_nested_branch_dag to 2023-11-21T00:00:00+00:00, run_after=2023-11-22T00:00:00+00:00
[2023-11-22T19:51:28.308+0000] {processor.py:179} INFO - Processing /home/airflow/.local/lib/python3.8/site-packages/airflow/example_dags/example_nested_branch_dag.py took 0.064 seconds
[2023-11-22T19:51:59.110+0000] {processor.py:157} INFO - Started process (PID=10530) to work on /home/airflow/.local/lib/python3.8/site-packages/airflow/example_dags/example_nested_branch_dag.py
[2023-11-22T19:51:59.112+0000] {processor.py:829} INFO - Processing file /home/airflow/.local/lib/python3.8/site-packages/airflow/example_dags/example_nested_branch_dag.py for tasks to queue
[2023-11-22T19:51:59.112+0000] {logging_mixin.py:154} INFO - [2023-11-22T19:51:59.112+0000] {dagbag.py:536} INFO - Filling up the DagBag from /home/airflow/.local/lib/python3.8/site-packages/airflow/example_dags/example_nested_branch_dag.py
[2023-11-22T19:51:59.121+0000] {processor.py:839} INFO - DAG(s) dict_keys(['example_nested_branch_dag']) retrieved from /home/airflow/.local/lib/python3.8/site-packages/airflow/example_dags/example_nested_branch_dag.py
[2023-11-22T19:51:59.268+0000] {logging_mixin.py:154} INFO - [2023-11-22T19:51:59.268+0000] {dag.py:2941} INFO - Sync 1 DAGs
[2023-11-22T19:51:59.284+0000] {logging_mixin.py:154} INFO - [2023-11-22T19:51:59.284+0000] {dag.py:3722} INFO - Setting next_dagrun for example_nested_branch_dag to 2023-11-21T00:00:00+00:00, run_after=2023-11-22T00:00:00+00:00
[2023-11-22T19:51:59.297+0000] {processor.py:179} INFO - Processing /home/airflow/.local/lib/python3.8/site-packages/airflow/example_dags/example_nested_branch_dag.py took 0.190 seconds
[2023-11-22T19:52:30.283+0000] {processor.py:157} INFO - Started process (PID=10771) to work on /home/airflow/.local/lib/python3.8/site-packages/airflow/example_dags/example_nested_branch_dag.py
[2023-11-22T19:52:30.284+0000] {processor.py:829} INFO - Processing file /home/airflow/.local/lib/python3.8/site-packages/airflow/example_dags/example_nested_branch_dag.py for tasks to queue
[2023-11-22T19:52:30.285+0000] {logging_mixin.py:154} INFO - [2023-11-22T19:52:30.285+0000] {dagbag.py:536} INFO - Filling up the DagBag from /home/airflow/.local/lib/python3.8/site-packages/airflow/example_dags/example_nested_branch_dag.py
[2023-11-22T19:52:30.296+0000] {processor.py:839} INFO - DAG(s) dict_keys(['example_nested_branch_dag']) retrieved from /home/airflow/.local/lib/python3.8/site-packages/airflow/example_dags/example_nested_branch_dag.py
[2023-11-22T19:52:30.319+0000] {logging_mixin.py:154} INFO - [2023-11-22T19:52:30.319+0000] {dag.py:2941} INFO - Sync 1 DAGs
[2023-11-22T19:52:30.336+0000] {logging_mixin.py:154} INFO - [2023-11-22T19:52:30.336+0000] {dag.py:3722} INFO - Setting next_dagrun for example_nested_branch_dag to 2023-11-21T00:00:00+00:00, run_after=2023-11-22T00:00:00+00:00
[2023-11-22T19:52:30.349+0000] {processor.py:179} INFO - Processing /home/airflow/.local/lib/python3.8/site-packages/airflow/example_dags/example_nested_branch_dag.py took 0.071 seconds
[2023-11-22T19:53:00.736+0000] {processor.py:157} INFO - Started process (PID=11009) to work on /home/airflow/.local/lib/python3.8/site-packages/airflow/example_dags/example_nested_branch_dag.py
[2023-11-22T19:53:00.737+0000] {processor.py:829} INFO - Processing file /home/airflow/.local/lib/python3.8/site-packages/airflow/example_dags/example_nested_branch_dag.py for tasks to queue
[2023-11-22T19:53:00.739+0000] {logging_mixin.py:154} INFO - [2023-11-22T19:53:00.738+0000] {dagbag.py:536} INFO - Filling up the DagBag from /home/airflow/.local/lib/python3.8/site-packages/airflow/example_dags/example_nested_branch_dag.py
[2023-11-22T19:53:00.750+0000] {processor.py:839} INFO - DAG(s) dict_keys(['example_nested_branch_dag']) retrieved from /home/airflow/.local/lib/python3.8/site-packages/airflow/example_dags/example_nested_branch_dag.py
[2023-11-22T19:53:00.775+0000] {logging_mixin.py:154} INFO - [2023-11-22T19:53:00.775+0000] {dag.py:2941} INFO - Sync 1 DAGs
[2023-11-22T19:53:00.793+0000] {logging_mixin.py:154} INFO - [2023-11-22T19:53:00.793+0000] {dag.py:3722} INFO - Setting next_dagrun for example_nested_branch_dag to 2023-11-21T00:00:00+00:00, run_after=2023-11-22T00:00:00+00:00
[2023-11-22T19:53:00.806+0000] {processor.py:179} INFO - Processing /home/airflow/.local/lib/python3.8/site-packages/airflow/example_dags/example_nested_branch_dag.py took 0.075 seconds
[2023-11-22T19:53:31.112+0000] {processor.py:157} INFO - Started process (PID=11247) to work on /home/airflow/.local/lib/python3.8/site-packages/airflow/example_dags/example_nested_branch_dag.py
[2023-11-22T19:53:31.114+0000] {processor.py:829} INFO - Processing file /home/airflow/.local/lib/python3.8/site-packages/airflow/example_dags/example_nested_branch_dag.py for tasks to queue
[2023-11-22T19:53:31.115+0000] {logging_mixin.py:154} INFO - [2023-11-22T19:53:31.114+0000] {dagbag.py:536} INFO - Filling up the DagBag from /home/airflow/.local/lib/python3.8/site-packages/airflow/example_dags/example_nested_branch_dag.py
[2023-11-22T19:53:31.126+0000] {processor.py:839} INFO - DAG(s) dict_keys(['example_nested_branch_dag']) retrieved from /home/airflow/.local/lib/python3.8/site-packages/airflow/example_dags/example_nested_branch_dag.py
[2023-11-22T19:53:31.150+0000] {logging_mixin.py:154} INFO - [2023-11-22T19:53:31.150+0000] {dag.py:2941} INFO - Sync 1 DAGs
[2023-11-22T19:53:31.167+0000] {logging_mixin.py:154} INFO - [2023-11-22T19:53:31.167+0000] {dag.py:3722} INFO - Setting next_dagrun for example_nested_branch_dag to 2023-11-21T00:00:00+00:00, run_after=2023-11-22T00:00:00+00:00
[2023-11-22T19:53:31.180+0000] {processor.py:179} INFO - Processing /home/airflow/.local/lib/python3.8/site-packages/airflow/example_dags/example_nested_branch_dag.py took 0.072 seconds
[2023-11-22T19:54:01.708+0000] {processor.py:157} INFO - Started process (PID=11485) to work on /home/airflow/.local/lib/python3.8/site-packages/airflow/example_dags/example_nested_branch_dag.py
[2023-11-22T19:54:01.710+0000] {processor.py:829} INFO - Processing file /home/airflow/.local/lib/python3.8/site-packages/airflow/example_dags/example_nested_branch_dag.py for tasks to queue
[2023-11-22T19:54:01.712+0000] {logging_mixin.py:154} INFO - [2023-11-22T19:54:01.711+0000] {dagbag.py:536} INFO - Filling up the DagBag from /home/airflow/.local/lib/python3.8/site-packages/airflow/example_dags/example_nested_branch_dag.py
[2023-11-22T19:54:01.724+0000] {processor.py:839} INFO - DAG(s) dict_keys(['example_nested_branch_dag']) retrieved from /home/airflow/.local/lib/python3.8/site-packages/airflow/example_dags/example_nested_branch_dag.py
[2023-11-22T19:54:01.757+0000] {logging_mixin.py:154} INFO - [2023-11-22T19:54:01.757+0000] {dag.py:2941} INFO - Sync 1 DAGs
[2023-11-22T19:54:01.801+0000] {logging_mixin.py:154} INFO - [2023-11-22T19:54:01.801+0000] {dag.py:3722} INFO - Setting next_dagrun for example_nested_branch_dag to 2023-11-21T00:00:00+00:00, run_after=2023-11-22T00:00:00+00:00
[2023-11-22T19:54:01.829+0000] {processor.py:179} INFO - Processing /home/airflow/.local/lib/python3.8/site-packages/airflow/example_dags/example_nested_branch_dag.py took 0.126 seconds
[2023-11-22T20:36:15.248+0000] {processor.py:157} INFO - Started process (PID=11723) to work on /home/airflow/.local/lib/python3.8/site-packages/airflow/example_dags/example_nested_branch_dag.py
[2023-11-22T20:36:15.249+0000] {processor.py:829} INFO - Processing file /home/airflow/.local/lib/python3.8/site-packages/airflow/example_dags/example_nested_branch_dag.py for tasks to queue
[2023-11-22T20:36:15.249+0000] {logging_mixin.py:154} INFO - [2023-11-22T20:36:15.249+0000] {dagbag.py:536} INFO - Filling up the DagBag from /home/airflow/.local/lib/python3.8/site-packages/airflow/example_dags/example_nested_branch_dag.py
[2023-11-22T20:36:15.258+0000] {processor.py:839} INFO - DAG(s) dict_keys(['example_nested_branch_dag']) retrieved from /home/airflow/.local/lib/python3.8/site-packages/airflow/example_dags/example_nested_branch_dag.py
[2023-11-22T20:36:15.282+0000] {logging_mixin.py:154} INFO - [2023-11-22T20:36:15.282+0000] {dag.py:2941} INFO - Sync 1 DAGs
[2023-11-22T20:36:15.300+0000] {logging_mixin.py:154} INFO - [2023-11-22T20:36:15.300+0000] {dag.py:3722} INFO - Setting next_dagrun for example_nested_branch_dag to 2023-11-21T00:00:00+00:00, run_after=2023-11-22T00:00:00+00:00
[2023-11-22T20:36:15.312+0000] {processor.py:179} INFO - Processing /home/airflow/.local/lib/python3.8/site-packages/airflow/example_dags/example_nested_branch_dag.py took 0.067 seconds
[2023-11-22T21:01:34.585+0000] {processor.py:157} INFO - Started process (PID=11962) to work on /home/airflow/.local/lib/python3.8/site-packages/airflow/example_dags/example_nested_branch_dag.py
[2023-11-22T21:01:34.586+0000] {processor.py:829} INFO - Processing file /home/airflow/.local/lib/python3.8/site-packages/airflow/example_dags/example_nested_branch_dag.py for tasks to queue
[2023-11-22T21:01:34.587+0000] {logging_mixin.py:154} INFO - [2023-11-22T21:01:34.586+0000] {dagbag.py:536} INFO - Filling up the DagBag from /home/airflow/.local/lib/python3.8/site-packages/airflow/example_dags/example_nested_branch_dag.py
[2023-11-22T21:01:34.596+0000] {processor.py:839} INFO - DAG(s) dict_keys(['example_nested_branch_dag']) retrieved from /home/airflow/.local/lib/python3.8/site-packages/airflow/example_dags/example_nested_branch_dag.py
[2023-11-22T21:01:34.626+0000] {logging_mixin.py:154} INFO - [2023-11-22T21:01:34.626+0000] {dag.py:2941} INFO - Sync 1 DAGs
[2023-11-22T21:01:34.648+0000] {logging_mixin.py:154} INFO - [2023-11-22T21:01:34.648+0000] {dag.py:3722} INFO - Setting next_dagrun for example_nested_branch_dag to 2023-11-21T00:00:00+00:00, run_after=2023-11-22T00:00:00+00:00
[2023-11-22T21:01:34.665+0000] {processor.py:179} INFO - Processing /home/airflow/.local/lib/python3.8/site-packages/airflow/example_dags/example_nested_branch_dag.py took 0.083 seconds
[2023-11-22T21:02:05.006+0000] {processor.py:157} INFO - Started process (PID=12200) to work on /home/airflow/.local/lib/python3.8/site-packages/airflow/example_dags/example_nested_branch_dag.py
[2023-11-22T21:02:05.009+0000] {processor.py:829} INFO - Processing file /home/airflow/.local/lib/python3.8/site-packages/airflow/example_dags/example_nested_branch_dag.py for tasks to queue
[2023-11-22T21:02:05.015+0000] {logging_mixin.py:154} INFO - [2023-11-22T21:02:05.013+0000] {dagbag.py:536} INFO - Filling up the DagBag from /home/airflow/.local/lib/python3.8/site-packages/airflow/example_dags/example_nested_branch_dag.py
[2023-11-22T21:02:05.043+0000] {processor.py:839} INFO - DAG(s) dict_keys(['example_nested_branch_dag']) retrieved from /home/airflow/.local/lib/python3.8/site-packages/airflow/example_dags/example_nested_branch_dag.py
[2023-11-22T21:02:05.110+0000] {logging_mixin.py:154} INFO - [2023-11-22T21:02:05.110+0000] {dag.py:2941} INFO - Sync 1 DAGs
[2023-11-22T21:02:05.164+0000] {logging_mixin.py:154} INFO - [2023-11-22T21:02:05.164+0000] {dag.py:3722} INFO - Setting next_dagrun for example_nested_branch_dag to 2023-11-21T00:00:00+00:00, run_after=2023-11-22T00:00:00+00:00
[2023-11-22T21:02:05.198+0000] {processor.py:179} INFO - Processing /home/airflow/.local/lib/python3.8/site-packages/airflow/example_dags/example_nested_branch_dag.py took 0.197 seconds
[2023-11-22T21:02:36.178+0000] {processor.py:157} INFO - Started process (PID=12440) to work on /home/airflow/.local/lib/python3.8/site-packages/airflow/example_dags/example_nested_branch_dag.py
[2023-11-22T21:02:36.179+0000] {processor.py:829} INFO - Processing file /home/airflow/.local/lib/python3.8/site-packages/airflow/example_dags/example_nested_branch_dag.py for tasks to queue
[2023-11-22T21:02:36.181+0000] {logging_mixin.py:154} INFO - [2023-11-22T21:02:36.180+0000] {dagbag.py:536} INFO - Filling up the DagBag from /home/airflow/.local/lib/python3.8/site-packages/airflow/example_dags/example_nested_branch_dag.py
[2023-11-22T21:02:36.192+0000] {processor.py:839} INFO - DAG(s) dict_keys(['example_nested_branch_dag']) retrieved from /home/airflow/.local/lib/python3.8/site-packages/airflow/example_dags/example_nested_branch_dag.py
[2023-11-22T21:02:36.215+0000] {logging_mixin.py:154} INFO - [2023-11-22T21:02:36.215+0000] {dag.py:2941} INFO - Sync 1 DAGs
[2023-11-22T21:02:36.232+0000] {logging_mixin.py:154} INFO - [2023-11-22T21:02:36.232+0000] {dag.py:3722} INFO - Setting next_dagrun for example_nested_branch_dag to 2023-11-21T00:00:00+00:00, run_after=2023-11-22T00:00:00+00:00
[2023-11-22T21:02:36.245+0000] {processor.py:179} INFO - Processing /home/airflow/.local/lib/python3.8/site-packages/airflow/example_dags/example_nested_branch_dag.py took 0.072 seconds
[2023-11-22T21:03:06.421+0000] {processor.py:157} INFO - Started process (PID=12678) to work on /home/airflow/.local/lib/python3.8/site-packages/airflow/example_dags/example_nested_branch_dag.py
[2023-11-22T21:03:06.423+0000] {processor.py:829} INFO - Processing file /home/airflow/.local/lib/python3.8/site-packages/airflow/example_dags/example_nested_branch_dag.py for tasks to queue
[2023-11-22T21:03:06.424+0000] {logging_mixin.py:154} INFO - [2023-11-22T21:03:06.423+0000] {dagbag.py:536} INFO - Filling up the DagBag from /home/airflow/.local/lib/python3.8/site-packages/airflow/example_dags/example_nested_branch_dag.py
[2023-11-22T21:03:06.435+0000] {processor.py:839} INFO - DAG(s) dict_keys(['example_nested_branch_dag']) retrieved from /home/airflow/.local/lib/python3.8/site-packages/airflow/example_dags/example_nested_branch_dag.py
[2023-11-22T21:03:06.459+0000] {logging_mixin.py:154} INFO - [2023-11-22T21:03:06.459+0000] {dag.py:2941} INFO - Sync 1 DAGs
[2023-11-22T21:03:06.476+0000] {logging_mixin.py:154} INFO - [2023-11-22T21:03:06.476+0000] {dag.py:3722} INFO - Setting next_dagrun for example_nested_branch_dag to 2023-11-21T00:00:00+00:00, run_after=2023-11-22T00:00:00+00:00
[2023-11-22T21:03:06.489+0000] {processor.py:179} INFO - Processing /home/airflow/.local/lib/python3.8/site-packages/airflow/example_dags/example_nested_branch_dag.py took 0.072 seconds
[2023-11-22T21:03:37.350+0000] {processor.py:157} INFO - Started process (PID=12916) to work on /home/airflow/.local/lib/python3.8/site-packages/airflow/example_dags/example_nested_branch_dag.py
[2023-11-22T21:03:37.352+0000] {processor.py:829} INFO - Processing file /home/airflow/.local/lib/python3.8/site-packages/airflow/example_dags/example_nested_branch_dag.py for tasks to queue
[2023-11-22T21:03:37.353+0000] {logging_mixin.py:154} INFO - [2023-11-22T21:03:37.352+0000] {dagbag.py:536} INFO - Filling up the DagBag from /home/airflow/.local/lib/python3.8/site-packages/airflow/example_dags/example_nested_branch_dag.py
[2023-11-22T21:03:37.366+0000] {processor.py:839} INFO - DAG(s) dict_keys(['example_nested_branch_dag']) retrieved from /home/airflow/.local/lib/python3.8/site-packages/airflow/example_dags/example_nested_branch_dag.py
[2023-11-22T21:03:37.393+0000] {logging_mixin.py:154} INFO - [2023-11-22T21:03:37.393+0000] {dag.py:2941} INFO - Sync 1 DAGs
[2023-11-22T21:03:37.412+0000] {logging_mixin.py:154} INFO - [2023-11-22T21:03:37.412+0000] {dag.py:3722} INFO - Setting next_dagrun for example_nested_branch_dag to 2023-11-21T00:00:00+00:00, run_after=2023-11-22T00:00:00+00:00
[2023-11-22T21:03:37.426+0000] {processor.py:179} INFO - Processing /home/airflow/.local/lib/python3.8/site-packages/airflow/example_dags/example_nested_branch_dag.py took 0.080 seconds
[2023-11-22T21:04:07.847+0000] {processor.py:157} INFO - Started process (PID=13154) to work on /home/airflow/.local/lib/python3.8/site-packages/airflow/example_dags/example_nested_branch_dag.py
[2023-11-22T21:04:07.848+0000] {processor.py:829} INFO - Processing file /home/airflow/.local/lib/python3.8/site-packages/airflow/example_dags/example_nested_branch_dag.py for tasks to queue
[2023-11-22T21:04:07.849+0000] {logging_mixin.py:154} INFO - [2023-11-22T21:04:07.849+0000] {dagbag.py:536} INFO - Filling up the DagBag from /home/airflow/.local/lib/python3.8/site-packages/airflow/example_dags/example_nested_branch_dag.py
[2023-11-22T21:04:07.859+0000] {processor.py:839} INFO - DAG(s) dict_keys(['example_nested_branch_dag']) retrieved from /home/airflow/.local/lib/python3.8/site-packages/airflow/example_dags/example_nested_branch_dag.py
[2023-11-22T21:04:07.884+0000] {logging_mixin.py:154} INFO - [2023-11-22T21:04:07.884+0000] {dag.py:2941} INFO - Sync 1 DAGs
[2023-11-22T21:04:07.904+0000] {logging_mixin.py:154} INFO - [2023-11-22T21:04:07.904+0000] {dag.py:3722} INFO - Setting next_dagrun for example_nested_branch_dag to 2023-11-21T00:00:00+00:00, run_after=2023-11-22T00:00:00+00:00
[2023-11-22T21:04:07.918+0000] {processor.py:179} INFO - Processing /home/airflow/.local/lib/python3.8/site-packages/airflow/example_dags/example_nested_branch_dag.py took 0.075 seconds
[2023-11-22T21:04:38.506+0000] {processor.py:157} INFO - Started process (PID=13392) to work on /home/airflow/.local/lib/python3.8/site-packages/airflow/example_dags/example_nested_branch_dag.py
[2023-11-22T21:04:38.507+0000] {processor.py:829} INFO - Processing file /home/airflow/.local/lib/python3.8/site-packages/airflow/example_dags/example_nested_branch_dag.py for tasks to queue
[2023-11-22T21:04:38.509+0000] {logging_mixin.py:154} INFO - [2023-11-22T21:04:38.508+0000] {dagbag.py:536} INFO - Filling up the DagBag from /home/airflow/.local/lib/python3.8/site-packages/airflow/example_dags/example_nested_branch_dag.py
[2023-11-22T21:04:38.521+0000] {processor.py:839} INFO - DAG(s) dict_keys(['example_nested_branch_dag']) retrieved from /home/airflow/.local/lib/python3.8/site-packages/airflow/example_dags/example_nested_branch_dag.py
[2023-11-22T21:04:38.545+0000] {logging_mixin.py:154} INFO - [2023-11-22T21:04:38.545+0000] {dag.py:2941} INFO - Sync 1 DAGs
[2023-11-22T21:04:38.563+0000] {logging_mixin.py:154} INFO - [2023-11-22T21:04:38.563+0000] {dag.py:3722} INFO - Setting next_dagrun for example_nested_branch_dag to 2023-11-21T00:00:00+00:00, run_after=2023-11-22T00:00:00+00:00
[2023-11-22T21:04:38.576+0000] {processor.py:179} INFO - Processing /home/airflow/.local/lib/python3.8/site-packages/airflow/example_dags/example_nested_branch_dag.py took 0.076 seconds
[2023-11-22T21:05:09.029+0000] {processor.py:157} INFO - Started process (PID=13630) to work on /home/airflow/.local/lib/python3.8/site-packages/airflow/example_dags/example_nested_branch_dag.py
[2023-11-22T21:05:09.031+0000] {processor.py:829} INFO - Processing file /home/airflow/.local/lib/python3.8/site-packages/airflow/example_dags/example_nested_branch_dag.py for tasks to queue
[2023-11-22T21:05:09.034+0000] {logging_mixin.py:154} INFO - [2023-11-22T21:05:09.033+0000] {dagbag.py:536} INFO - Filling up the DagBag from /home/airflow/.local/lib/python3.8/site-packages/airflow/example_dags/example_nested_branch_dag.py
[2023-11-22T21:05:09.046+0000] {processor.py:839} INFO - DAG(s) dict_keys(['example_nested_branch_dag']) retrieved from /home/airflow/.local/lib/python3.8/site-packages/airflow/example_dags/example_nested_branch_dag.py
[2023-11-22T21:05:09.071+0000] {logging_mixin.py:154} INFO - [2023-11-22T21:05:09.070+0000] {dag.py:2941} INFO - Sync 1 DAGs
[2023-11-22T21:05:09.089+0000] {logging_mixin.py:154} INFO - [2023-11-22T21:05:09.088+0000] {dag.py:3722} INFO - Setting next_dagrun for example_nested_branch_dag to 2023-11-21T00:00:00+00:00, run_after=2023-11-22T00:00:00+00:00
[2023-11-22T21:05:09.103+0000] {processor.py:179} INFO - Processing /home/airflow/.local/lib/python3.8/site-packages/airflow/example_dags/example_nested_branch_dag.py took 0.080 seconds
[2023-11-22T21:05:39.759+0000] {processor.py:157} INFO - Started process (PID=13867) to work on /home/airflow/.local/lib/python3.8/site-packages/airflow/example_dags/example_nested_branch_dag.py
[2023-11-22T21:05:39.761+0000] {processor.py:829} INFO - Processing file /home/airflow/.local/lib/python3.8/site-packages/airflow/example_dags/example_nested_branch_dag.py for tasks to queue
[2023-11-22T21:05:39.762+0000] {logging_mixin.py:154} INFO - [2023-11-22T21:05:39.762+0000] {dagbag.py:536} INFO - Filling up the DagBag from /home/airflow/.local/lib/python3.8/site-packages/airflow/example_dags/example_nested_branch_dag.py
[2023-11-22T21:05:39.776+0000] {processor.py:839} INFO - DAG(s) dict_keys(['example_nested_branch_dag']) retrieved from /home/airflow/.local/lib/python3.8/site-packages/airflow/example_dags/example_nested_branch_dag.py
[2023-11-22T21:05:39.807+0000] {logging_mixin.py:154} INFO - [2023-11-22T21:05:39.807+0000] {dag.py:2941} INFO - Sync 1 DAGs
[2023-11-22T21:05:39.829+0000] {logging_mixin.py:154} INFO - [2023-11-22T21:05:39.829+0000] {dag.py:3722} INFO - Setting next_dagrun for example_nested_branch_dag to 2023-11-21T00:00:00+00:00, run_after=2023-11-22T00:00:00+00:00
[2023-11-22T21:05:39.844+0000] {processor.py:179} INFO - Processing /home/airflow/.local/lib/python3.8/site-packages/airflow/example_dags/example_nested_branch_dag.py took 0.090 seconds
[2023-11-22T21:06:09.959+0000] {processor.py:157} INFO - Started process (PID=14105) to work on /home/airflow/.local/lib/python3.8/site-packages/airflow/example_dags/example_nested_branch_dag.py
[2023-11-22T21:06:09.961+0000] {processor.py:829} INFO - Processing file /home/airflow/.local/lib/python3.8/site-packages/airflow/example_dags/example_nested_branch_dag.py for tasks to queue
[2023-11-22T21:06:09.963+0000] {logging_mixin.py:154} INFO - [2023-11-22T21:06:09.962+0000] {dagbag.py:536} INFO - Filling up the DagBag from /home/airflow/.local/lib/python3.8/site-packages/airflow/example_dags/example_nested_branch_dag.py
[2023-11-22T21:06:09.972+0000] {processor.py:839} INFO - DAG(s) dict_keys(['example_nested_branch_dag']) retrieved from /home/airflow/.local/lib/python3.8/site-packages/airflow/example_dags/example_nested_branch_dag.py
[2023-11-22T21:06:09.997+0000] {logging_mixin.py:154} INFO - [2023-11-22T21:06:09.997+0000] {dag.py:2941} INFO - Sync 1 DAGs
[2023-11-22T21:06:10.015+0000] {logging_mixin.py:154} INFO - [2023-11-22T21:06:10.015+0000] {dag.py:3722} INFO - Setting next_dagrun for example_nested_branch_dag to 2023-11-21T00:00:00+00:00, run_after=2023-11-22T00:00:00+00:00
[2023-11-22T21:06:10.030+0000] {processor.py:179} INFO - Processing /home/airflow/.local/lib/python3.8/site-packages/airflow/example_dags/example_nested_branch_dag.py took 0.074 seconds
[2023-11-22T21:06:40.979+0000] {processor.py:157} INFO - Started process (PID=14343) to work on /home/airflow/.local/lib/python3.8/site-packages/airflow/example_dags/example_nested_branch_dag.py
[2023-11-22T21:06:40.981+0000] {processor.py:829} INFO - Processing file /home/airflow/.local/lib/python3.8/site-packages/airflow/example_dags/example_nested_branch_dag.py for tasks to queue
[2023-11-22T21:06:40.982+0000] {logging_mixin.py:154} INFO - [2023-11-22T21:06:40.982+0000] {dagbag.py:536} INFO - Filling up the DagBag from /home/airflow/.local/lib/python3.8/site-packages/airflow/example_dags/example_nested_branch_dag.py
[2023-11-22T21:06:40.995+0000] {processor.py:839} INFO - DAG(s) dict_keys(['example_nested_branch_dag']) retrieved from /home/airflow/.local/lib/python3.8/site-packages/airflow/example_dags/example_nested_branch_dag.py
[2023-11-22T21:06:41.022+0000] {logging_mixin.py:154} INFO - [2023-11-22T21:06:41.021+0000] {dag.py:2941} INFO - Sync 1 DAGs
[2023-11-22T21:06:41.041+0000] {logging_mixin.py:154} INFO - [2023-11-22T21:06:41.041+0000] {dag.py:3722} INFO - Setting next_dagrun for example_nested_branch_dag to 2023-11-21T00:00:00+00:00, run_after=2023-11-22T00:00:00+00:00
[2023-11-22T21:06:41.056+0000] {processor.py:179} INFO - Processing /home/airflow/.local/lib/python3.8/site-packages/airflow/example_dags/example_nested_branch_dag.py took 0.082 seconds
[2023-11-22T21:07:11.930+0000] {processor.py:157} INFO - Started process (PID=14581) to work on /home/airflow/.local/lib/python3.8/site-packages/airflow/example_dags/example_nested_branch_dag.py
[2023-11-22T21:07:11.931+0000] {processor.py:829} INFO - Processing file /home/airflow/.local/lib/python3.8/site-packages/airflow/example_dags/example_nested_branch_dag.py for tasks to queue
[2023-11-22T21:07:11.932+0000] {logging_mixin.py:154} INFO - [2023-11-22T21:07:11.931+0000] {dagbag.py:536} INFO - Filling up the DagBag from /home/airflow/.local/lib/python3.8/site-packages/airflow/example_dags/example_nested_branch_dag.py
[2023-11-22T21:07:11.944+0000] {processor.py:839} INFO - DAG(s) dict_keys(['example_nested_branch_dag']) retrieved from /home/airflow/.local/lib/python3.8/site-packages/airflow/example_dags/example_nested_branch_dag.py
[2023-11-22T21:07:11.970+0000] {logging_mixin.py:154} INFO - [2023-11-22T21:07:11.969+0000] {dag.py:2941} INFO - Sync 1 DAGs
[2023-11-22T21:07:11.994+0000] {logging_mixin.py:154} INFO - [2023-11-22T21:07:11.994+0000] {dag.py:3722} INFO - Setting next_dagrun for example_nested_branch_dag to 2023-11-21T00:00:00+00:00, run_after=2023-11-22T00:00:00+00:00
[2023-11-22T21:07:12.010+0000] {processor.py:179} INFO - Processing /home/airflow/.local/lib/python3.8/site-packages/airflow/example_dags/example_nested_branch_dag.py took 0.084 seconds
[2023-11-22T21:07:42.110+0000] {processor.py:157} INFO - Started process (PID=14819) to work on /home/airflow/.local/lib/python3.8/site-packages/airflow/example_dags/example_nested_branch_dag.py
[2023-11-22T21:07:42.111+0000] {processor.py:829} INFO - Processing file /home/airflow/.local/lib/python3.8/site-packages/airflow/example_dags/example_nested_branch_dag.py for tasks to queue
[2023-11-22T21:07:42.112+0000] {logging_mixin.py:154} INFO - [2023-11-22T21:07:42.112+0000] {dagbag.py:536} INFO - Filling up the DagBag from /home/airflow/.local/lib/python3.8/site-packages/airflow/example_dags/example_nested_branch_dag.py
[2023-11-22T21:07:42.123+0000] {processor.py:839} INFO - DAG(s) dict_keys(['example_nested_branch_dag']) retrieved from /home/airflow/.local/lib/python3.8/site-packages/airflow/example_dags/example_nested_branch_dag.py
[2023-11-22T21:07:42.145+0000] {logging_mixin.py:154} INFO - [2023-11-22T21:07:42.145+0000] {dag.py:2941} INFO - Sync 1 DAGs
[2023-11-22T21:07:42.162+0000] {logging_mixin.py:154} INFO - [2023-11-22T21:07:42.162+0000] {dag.py:3722} INFO - Setting next_dagrun for example_nested_branch_dag to 2023-11-21T00:00:00+00:00, run_after=2023-11-22T00:00:00+00:00
[2023-11-22T21:07:42.176+0000] {processor.py:179} INFO - Processing /home/airflow/.local/lib/python3.8/site-packages/airflow/example_dags/example_nested_branch_dag.py took 0.071 seconds
[2023-11-22T21:08:12.890+0000] {processor.py:157} INFO - Started process (PID=15057) to work on /home/airflow/.local/lib/python3.8/site-packages/airflow/example_dags/example_nested_branch_dag.py
[2023-11-22T21:08:12.890+0000] {processor.py:829} INFO - Processing file /home/airflow/.local/lib/python3.8/site-packages/airflow/example_dags/example_nested_branch_dag.py for tasks to queue
[2023-11-22T21:08:12.891+0000] {logging_mixin.py:154} INFO - [2023-11-22T21:08:12.891+0000] {dagbag.py:536} INFO - Filling up the DagBag from /home/airflow/.local/lib/python3.8/site-packages/airflow/example_dags/example_nested_branch_dag.py
[2023-11-22T21:08:12.900+0000] {processor.py:839} INFO - DAG(s) dict_keys(['example_nested_branch_dag']) retrieved from /home/airflow/.local/lib/python3.8/site-packages/airflow/example_dags/example_nested_branch_dag.py
[2023-11-22T21:08:12.923+0000] {logging_mixin.py:154} INFO - [2023-11-22T21:08:12.923+0000] {dag.py:2941} INFO - Sync 1 DAGs
[2023-11-22T21:08:12.941+0000] {logging_mixin.py:154} INFO - [2023-11-22T21:08:12.941+0000] {dag.py:3722} INFO - Setting next_dagrun for example_nested_branch_dag to 2023-11-21T00:00:00+00:00, run_after=2023-11-22T00:00:00+00:00
[2023-11-22T21:08:12.953+0000] {processor.py:179} INFO - Processing /home/airflow/.local/lib/python3.8/site-packages/airflow/example_dags/example_nested_branch_dag.py took 0.067 seconds
[2023-11-22T21:08:43.031+0000] {processor.py:157} INFO - Started process (PID=15293) to work on /home/airflow/.local/lib/python3.8/site-packages/airflow/example_dags/example_nested_branch_dag.py
[2023-11-22T21:08:43.033+0000] {processor.py:829} INFO - Processing file /home/airflow/.local/lib/python3.8/site-packages/airflow/example_dags/example_nested_branch_dag.py for tasks to queue
[2023-11-22T21:08:43.035+0000] {logging_mixin.py:154} INFO - [2023-11-22T21:08:43.034+0000] {dagbag.py:536} INFO - Filling up the DagBag from /home/airflow/.local/lib/python3.8/site-packages/airflow/example_dags/example_nested_branch_dag.py
[2023-11-22T21:08:43.050+0000] {processor.py:839} INFO - DAG(s) dict_keys(['example_nested_branch_dag']) retrieved from /home/airflow/.local/lib/python3.8/site-packages/airflow/example_dags/example_nested_branch_dag.py
[2023-11-22T21:08:43.092+0000] {logging_mixin.py:154} INFO - [2023-11-22T21:08:43.092+0000] {dag.py:2941} INFO - Sync 1 DAGs
[2023-11-22T21:08:43.129+0000] {logging_mixin.py:154} INFO - [2023-11-22T21:08:43.129+0000] {dag.py:3722} INFO - Setting next_dagrun for example_nested_branch_dag to 2023-11-21T00:00:00+00:00, run_after=2023-11-22T00:00:00+00:00
[2023-11-22T21:08:43.177+0000] {processor.py:179} INFO - Processing /home/airflow/.local/lib/python3.8/site-packages/airflow/example_dags/example_nested_branch_dag.py took 0.151 seconds
[2023-11-22T21:09:42.951+0000] {processor.py:157} INFO - Started process (PID=292) to work on /home/airflow/.local/lib/python3.8/site-packages/airflow/example_dags/example_nested_branch_dag.py
[2023-11-22T21:09:42.957+0000] {processor.py:829} INFO - Processing file /home/airflow/.local/lib/python3.8/site-packages/airflow/example_dags/example_nested_branch_dag.py for tasks to queue
[2023-11-22T21:09:42.960+0000] {logging_mixin.py:154} INFO - [2023-11-22T21:09:42.959+0000] {dagbag.py:536} INFO - Filling up the DagBag from /home/airflow/.local/lib/python3.8/site-packages/airflow/example_dags/example_nested_branch_dag.py
[2023-11-22T21:09:42.975+0000] {processor.py:839} INFO - DAG(s) dict_keys(['example_nested_branch_dag']) retrieved from /home/airflow/.local/lib/python3.8/site-packages/airflow/example_dags/example_nested_branch_dag.py
[2023-11-22T21:09:43.042+0000] {logging_mixin.py:154} INFO - [2023-11-22T21:09:43.040+0000] {dag.py:2941} INFO - Sync 1 DAGs
[2023-11-22T21:09:43.092+0000] {logging_mixin.py:154} INFO - [2023-11-22T21:09:43.092+0000] {dag.py:3722} INFO - Setting next_dagrun for example_nested_branch_dag to 2023-11-21T00:00:00+00:00, run_after=2023-11-22T00:00:00+00:00
[2023-11-22T21:09:43.120+0000] {processor.py:179} INFO - Processing /home/airflow/.local/lib/python3.8/site-packages/airflow/example_dags/example_nested_branch_dag.py took 0.174 seconds
[2023-11-22T21:10:13.260+0000] {processor.py:157} INFO - Started process (PID=531) to work on /home/airflow/.local/lib/python3.8/site-packages/airflow/example_dags/example_nested_branch_dag.py
[2023-11-22T21:10:13.261+0000] {processor.py:829} INFO - Processing file /home/airflow/.local/lib/python3.8/site-packages/airflow/example_dags/example_nested_branch_dag.py for tasks to queue
[2023-11-22T21:10:13.262+0000] {logging_mixin.py:154} INFO - [2023-11-22T21:10:13.262+0000] {dagbag.py:536} INFO - Filling up the DagBag from /home/airflow/.local/lib/python3.8/site-packages/airflow/example_dags/example_nested_branch_dag.py
[2023-11-22T21:10:13.270+0000] {processor.py:839} INFO - DAG(s) dict_keys(['example_nested_branch_dag']) retrieved from /home/airflow/.local/lib/python3.8/site-packages/airflow/example_dags/example_nested_branch_dag.py
[2023-11-22T21:10:13.294+0000] {logging_mixin.py:154} INFO - [2023-11-22T21:10:13.294+0000] {dag.py:2941} INFO - Sync 1 DAGs
[2023-11-22T21:10:13.314+0000] {logging_mixin.py:154} INFO - [2023-11-22T21:10:13.314+0000] {dag.py:3722} INFO - Setting next_dagrun for example_nested_branch_dag to 2023-11-21T00:00:00+00:00, run_after=2023-11-22T00:00:00+00:00
[2023-11-22T21:10:13.327+0000] {processor.py:179} INFO - Processing /home/airflow/.local/lib/python3.8/site-packages/airflow/example_dags/example_nested_branch_dag.py took 0.070 seconds
