[2023-11-22T19:30:06.026+0000] {processor.py:157} INFO - Started process (PID=297) to work on /home/airflow/.local/lib/python3.8/site-packages/airflow/example_dags/example_branch_operator_decorator.py
[2023-11-22T19:30:06.031+0000] {processor.py:829} INFO - Processing file /home/airflow/.local/lib/python3.8/site-packages/airflow/example_dags/example_branch_operator_decorator.py for tasks to queue
[2023-11-22T19:30:06.033+0000] {logging_mixin.py:154} INFO - [2023-11-22T19:30:06.032+0000] {dagbag.py:536} INFO - Filling up the DagBag from /home/airflow/.local/lib/python3.8/site-packages/airflow/example_dags/example_branch_operator_decorator.py
[2023-11-22T19:30:06.053+0000] {processor.py:839} INFO - DAG(s) dict_keys(['example_branch_python_operator_decorator']) retrieved from /home/airflow/.local/lib/python3.8/site-packages/airflow/example_dags/example_branch_operator_decorator.py
[2023-11-22T19:30:06.073+0000] {logging_mixin.py:154} INFO - [2023-11-22T19:30:06.073+0000] {dag.py:2941} INFO - Sync 1 DAGs
[2023-11-22T19:30:06.104+0000] {logging_mixin.py:154} INFO - [2023-11-22T19:30:06.103+0000] {dag.py:3722} INFO - Setting next_dagrun for example_branch_python_operator_decorator to 2023-11-21T00:00:00+00:00, run_after=2023-11-22T00:00:00+00:00
[2023-11-22T19:30:06.140+0000] {processor.py:179} INFO - Processing /home/airflow/.local/lib/python3.8/site-packages/airflow/example_dags/example_branch_operator_decorator.py took 0.119 seconds
[2023-11-22T19:30:36.850+0000] {processor.py:157} INFO - Started process (PID=535) to work on /home/airflow/.local/lib/python3.8/site-packages/airflow/example_dags/example_branch_operator_decorator.py
[2023-11-22T19:30:36.851+0000] {processor.py:829} INFO - Processing file /home/airflow/.local/lib/python3.8/site-packages/airflow/example_dags/example_branch_operator_decorator.py for tasks to queue
[2023-11-22T19:30:36.852+0000] {logging_mixin.py:154} INFO - [2023-11-22T19:30:36.851+0000] {dagbag.py:536} INFO - Filling up the DagBag from /home/airflow/.local/lib/python3.8/site-packages/airflow/example_dags/example_branch_operator_decorator.py
[2023-11-22T19:30:36.860+0000] {processor.py:839} INFO - DAG(s) dict_keys(['example_branch_python_operator_decorator']) retrieved from /home/airflow/.local/lib/python3.8/site-packages/airflow/example_dags/example_branch_operator_decorator.py
[2023-11-22T19:30:36.882+0000] {logging_mixin.py:154} INFO - [2023-11-22T19:30:36.882+0000] {dag.py:2941} INFO - Sync 1 DAGs
[2023-11-22T19:30:36.900+0000] {logging_mixin.py:154} INFO - [2023-11-22T19:30:36.900+0000] {dag.py:3722} INFO - Setting next_dagrun for example_branch_python_operator_decorator to 2023-11-21T00:00:00+00:00, run_after=2023-11-22T00:00:00+00:00
[2023-11-22T19:30:36.913+0000] {processor.py:179} INFO - Processing /home/airflow/.local/lib/python3.8/site-packages/airflow/example_dags/example_branch_operator_decorator.py took 0.066 seconds
[2023-11-22T19:31:07.486+0000] {processor.py:157} INFO - Started process (PID=775) to work on /home/airflow/.local/lib/python3.8/site-packages/airflow/example_dags/example_branch_operator_decorator.py
[2023-11-22T19:31:07.487+0000] {processor.py:829} INFO - Processing file /home/airflow/.local/lib/python3.8/site-packages/airflow/example_dags/example_branch_operator_decorator.py for tasks to queue
[2023-11-22T19:31:07.488+0000] {logging_mixin.py:154} INFO - [2023-11-22T19:31:07.488+0000] {dagbag.py:536} INFO - Filling up the DagBag from /home/airflow/.local/lib/python3.8/site-packages/airflow/example_dags/example_branch_operator_decorator.py
[2023-11-22T19:31:07.496+0000] {processor.py:839} INFO - DAG(s) dict_keys(['example_branch_python_operator_decorator']) retrieved from /home/airflow/.local/lib/python3.8/site-packages/airflow/example_dags/example_branch_operator_decorator.py
[2023-11-22T19:31:07.519+0000] {logging_mixin.py:154} INFO - [2023-11-22T19:31:07.519+0000] {dag.py:2941} INFO - Sync 1 DAGs
[2023-11-22T19:31:07.537+0000] {logging_mixin.py:154} INFO - [2023-11-22T19:31:07.536+0000] {dag.py:3722} INFO - Setting next_dagrun for example_branch_python_operator_decorator to 2023-11-21T00:00:00+00:00, run_after=2023-11-22T00:00:00+00:00
[2023-11-22T19:31:07.549+0000] {processor.py:179} INFO - Processing /home/airflow/.local/lib/python3.8/site-packages/airflow/example_dags/example_branch_operator_decorator.py took 0.066 seconds
[2023-11-22T19:31:38.305+0000] {processor.py:157} INFO - Started process (PID=1011) to work on /home/airflow/.local/lib/python3.8/site-packages/airflow/example_dags/example_branch_operator_decorator.py
[2023-11-22T19:31:38.306+0000] {processor.py:829} INFO - Processing file /home/airflow/.local/lib/python3.8/site-packages/airflow/example_dags/example_branch_operator_decorator.py for tasks to queue
[2023-11-22T19:31:38.307+0000] {logging_mixin.py:154} INFO - [2023-11-22T19:31:38.307+0000] {dagbag.py:536} INFO - Filling up the DagBag from /home/airflow/.local/lib/python3.8/site-packages/airflow/example_dags/example_branch_operator_decorator.py
[2023-11-22T19:31:38.318+0000] {processor.py:839} INFO - DAG(s) dict_keys(['example_branch_python_operator_decorator']) retrieved from /home/airflow/.local/lib/python3.8/site-packages/airflow/example_dags/example_branch_operator_decorator.py
[2023-11-22T19:31:38.351+0000] {logging_mixin.py:154} INFO - [2023-11-22T19:31:38.351+0000] {dag.py:2941} INFO - Sync 1 DAGs
[2023-11-22T19:31:38.376+0000] {logging_mixin.py:154} INFO - [2023-11-22T19:31:38.375+0000] {dag.py:3722} INFO - Setting next_dagrun for example_branch_python_operator_decorator to 2023-11-21T00:00:00+00:00, run_after=2023-11-22T00:00:00+00:00
[2023-11-22T19:31:38.394+0000] {processor.py:179} INFO - Processing /home/airflow/.local/lib/python3.8/site-packages/airflow/example_dags/example_branch_operator_decorator.py took 0.093 seconds
[2023-11-22T19:32:08.590+0000] {processor.py:157} INFO - Started process (PID=1249) to work on /home/airflow/.local/lib/python3.8/site-packages/airflow/example_dags/example_branch_operator_decorator.py
[2023-11-22T19:32:08.591+0000] {processor.py:829} INFO - Processing file /home/airflow/.local/lib/python3.8/site-packages/airflow/example_dags/example_branch_operator_decorator.py for tasks to queue
[2023-11-22T19:32:08.591+0000] {logging_mixin.py:154} INFO - [2023-11-22T19:32:08.591+0000] {dagbag.py:536} INFO - Filling up the DagBag from /home/airflow/.local/lib/python3.8/site-packages/airflow/example_dags/example_branch_operator_decorator.py
[2023-11-22T19:32:08.600+0000] {processor.py:839} INFO - DAG(s) dict_keys(['example_branch_python_operator_decorator']) retrieved from /home/airflow/.local/lib/python3.8/site-packages/airflow/example_dags/example_branch_operator_decorator.py
[2023-11-22T19:32:08.622+0000] {logging_mixin.py:154} INFO - [2023-11-22T19:32:08.622+0000] {dag.py:2941} INFO - Sync 1 DAGs
[2023-11-22T19:32:08.639+0000] {logging_mixin.py:154} INFO - [2023-11-22T19:32:08.639+0000] {dag.py:3722} INFO - Setting next_dagrun for example_branch_python_operator_decorator to 2023-11-21T00:00:00+00:00, run_after=2023-11-22T00:00:00+00:00
[2023-11-22T19:32:08.655+0000] {processor.py:179} INFO - Processing /home/airflow/.local/lib/python3.8/site-packages/airflow/example_dags/example_branch_operator_decorator.py took 0.069 seconds
[2023-11-22T19:32:39.190+0000] {processor.py:157} INFO - Started process (PID=1489) to work on /home/airflow/.local/lib/python3.8/site-packages/airflow/example_dags/example_branch_operator_decorator.py
[2023-11-22T19:32:39.191+0000] {processor.py:829} INFO - Processing file /home/airflow/.local/lib/python3.8/site-packages/airflow/example_dags/example_branch_operator_decorator.py for tasks to queue
[2023-11-22T19:32:39.192+0000] {logging_mixin.py:154} INFO - [2023-11-22T19:32:39.191+0000] {dagbag.py:536} INFO - Filling up the DagBag from /home/airflow/.local/lib/python3.8/site-packages/airflow/example_dags/example_branch_operator_decorator.py
[2023-11-22T19:32:39.201+0000] {processor.py:839} INFO - DAG(s) dict_keys(['example_branch_python_operator_decorator']) retrieved from /home/airflow/.local/lib/python3.8/site-packages/airflow/example_dags/example_branch_operator_decorator.py
[2023-11-22T19:32:39.228+0000] {logging_mixin.py:154} INFO - [2023-11-22T19:32:39.228+0000] {dag.py:2941} INFO - Sync 1 DAGs
[2023-11-22T19:32:39.249+0000] {logging_mixin.py:154} INFO - [2023-11-22T19:32:39.248+0000] {dag.py:3722} INFO - Setting next_dagrun for example_branch_python_operator_decorator to 2023-11-21T00:00:00+00:00, run_after=2023-11-22T00:00:00+00:00
[2023-11-22T19:32:39.261+0000] {processor.py:179} INFO - Processing /home/airflow/.local/lib/python3.8/site-packages/airflow/example_dags/example_branch_operator_decorator.py took 0.075 seconds
[2023-11-22T19:33:09.946+0000] {processor.py:157} INFO - Started process (PID=1725) to work on /home/airflow/.local/lib/python3.8/site-packages/airflow/example_dags/example_branch_operator_decorator.py
[2023-11-22T19:33:09.947+0000] {processor.py:829} INFO - Processing file /home/airflow/.local/lib/python3.8/site-packages/airflow/example_dags/example_branch_operator_decorator.py for tasks to queue
[2023-11-22T19:33:09.948+0000] {logging_mixin.py:154} INFO - [2023-11-22T19:33:09.948+0000] {dagbag.py:536} INFO - Filling up the DagBag from /home/airflow/.local/lib/python3.8/site-packages/airflow/example_dags/example_branch_operator_decorator.py
[2023-11-22T19:33:09.956+0000] {processor.py:839} INFO - DAG(s) dict_keys(['example_branch_python_operator_decorator']) retrieved from /home/airflow/.local/lib/python3.8/site-packages/airflow/example_dags/example_branch_operator_decorator.py
[2023-11-22T19:33:09.979+0000] {logging_mixin.py:154} INFO - [2023-11-22T19:33:09.979+0000] {dag.py:2941} INFO - Sync 1 DAGs
[2023-11-22T19:33:09.997+0000] {logging_mixin.py:154} INFO - [2023-11-22T19:33:09.996+0000] {dag.py:3722} INFO - Setting next_dagrun for example_branch_python_operator_decorator to 2023-11-21T00:00:00+00:00, run_after=2023-11-22T00:00:00+00:00
[2023-11-22T19:33:10.009+0000] {processor.py:179} INFO - Processing /home/airflow/.local/lib/python3.8/site-packages/airflow/example_dags/example_branch_operator_decorator.py took 0.066 seconds
[2023-11-22T19:33:40.477+0000] {processor.py:157} INFO - Started process (PID=1963) to work on /home/airflow/.local/lib/python3.8/site-packages/airflow/example_dags/example_branch_operator_decorator.py
[2023-11-22T19:33:40.478+0000] {processor.py:829} INFO - Processing file /home/airflow/.local/lib/python3.8/site-packages/airflow/example_dags/example_branch_operator_decorator.py for tasks to queue
[2023-11-22T19:33:40.480+0000] {logging_mixin.py:154} INFO - [2023-11-22T19:33:40.480+0000] {dagbag.py:536} INFO - Filling up the DagBag from /home/airflow/.local/lib/python3.8/site-packages/airflow/example_dags/example_branch_operator_decorator.py
[2023-11-22T19:33:40.489+0000] {processor.py:839} INFO - DAG(s) dict_keys(['example_branch_python_operator_decorator']) retrieved from /home/airflow/.local/lib/python3.8/site-packages/airflow/example_dags/example_branch_operator_decorator.py
[2023-11-22T19:33:40.514+0000] {logging_mixin.py:154} INFO - [2023-11-22T19:33:40.514+0000] {dag.py:2941} INFO - Sync 1 DAGs
[2023-11-22T19:33:40.533+0000] {logging_mixin.py:154} INFO - [2023-11-22T19:33:40.533+0000] {dag.py:3722} INFO - Setting next_dagrun for example_branch_python_operator_decorator to 2023-11-21T00:00:00+00:00, run_after=2023-11-22T00:00:00+00:00
[2023-11-22T19:33:40.550+0000] {processor.py:179} INFO - Processing /home/airflow/.local/lib/python3.8/site-packages/airflow/example_dags/example_branch_operator_decorator.py took 0.076 seconds
[2023-11-22T19:34:11.126+0000] {processor.py:157} INFO - Started process (PID=2201) to work on /home/airflow/.local/lib/python3.8/site-packages/airflow/example_dags/example_branch_operator_decorator.py
[2023-11-22T19:34:11.127+0000] {processor.py:829} INFO - Processing file /home/airflow/.local/lib/python3.8/site-packages/airflow/example_dags/example_branch_operator_decorator.py for tasks to queue
[2023-11-22T19:34:11.128+0000] {logging_mixin.py:154} INFO - [2023-11-22T19:34:11.128+0000] {dagbag.py:536} INFO - Filling up the DagBag from /home/airflow/.local/lib/python3.8/site-packages/airflow/example_dags/example_branch_operator_decorator.py
[2023-11-22T19:34:11.136+0000] {processor.py:839} INFO - DAG(s) dict_keys(['example_branch_python_operator_decorator']) retrieved from /home/airflow/.local/lib/python3.8/site-packages/airflow/example_dags/example_branch_operator_decorator.py
[2023-11-22T19:34:11.160+0000] {logging_mixin.py:154} INFO - [2023-11-22T19:34:11.160+0000] {dag.py:2941} INFO - Sync 1 DAGs
[2023-11-22T19:34:11.181+0000] {logging_mixin.py:154} INFO - [2023-11-22T19:34:11.181+0000] {dag.py:3722} INFO - Setting next_dagrun for example_branch_python_operator_decorator to 2023-11-21T00:00:00+00:00, run_after=2023-11-22T00:00:00+00:00
[2023-11-22T19:34:11.194+0000] {processor.py:179} INFO - Processing /home/airflow/.local/lib/python3.8/site-packages/airflow/example_dags/example_branch_operator_decorator.py took 0.071 seconds
[2023-11-22T19:34:41.588+0000] {processor.py:157} INFO - Started process (PID=2441) to work on /home/airflow/.local/lib/python3.8/site-packages/airflow/example_dags/example_branch_operator_decorator.py
[2023-11-22T19:34:41.589+0000] {processor.py:829} INFO - Processing file /home/airflow/.local/lib/python3.8/site-packages/airflow/example_dags/example_branch_operator_decorator.py for tasks to queue
[2023-11-22T19:34:41.589+0000] {logging_mixin.py:154} INFO - [2023-11-22T19:34:41.589+0000] {dagbag.py:536} INFO - Filling up the DagBag from /home/airflow/.local/lib/python3.8/site-packages/airflow/example_dags/example_branch_operator_decorator.py
[2023-11-22T19:34:41.598+0000] {processor.py:839} INFO - DAG(s) dict_keys(['example_branch_python_operator_decorator']) retrieved from /home/airflow/.local/lib/python3.8/site-packages/airflow/example_dags/example_branch_operator_decorator.py
[2023-11-22T19:34:41.621+0000] {logging_mixin.py:154} INFO - [2023-11-22T19:34:41.621+0000] {dag.py:2941} INFO - Sync 1 DAGs
[2023-11-22T19:34:41.639+0000] {logging_mixin.py:154} INFO - [2023-11-22T19:34:41.638+0000] {dag.py:3722} INFO - Setting next_dagrun for example_branch_python_operator_decorator to 2023-11-21T00:00:00+00:00, run_after=2023-11-22T00:00:00+00:00
[2023-11-22T19:34:41.651+0000] {processor.py:179} INFO - Processing /home/airflow/.local/lib/python3.8/site-packages/airflow/example_dags/example_branch_operator_decorator.py took 0.067 seconds
[2023-11-22T19:35:11.915+0000] {processor.py:157} INFO - Started process (PID=2677) to work on /home/airflow/.local/lib/python3.8/site-packages/airflow/example_dags/example_branch_operator_decorator.py
[2023-11-22T19:35:11.916+0000] {processor.py:829} INFO - Processing file /home/airflow/.local/lib/python3.8/site-packages/airflow/example_dags/example_branch_operator_decorator.py for tasks to queue
[2023-11-22T19:35:11.916+0000] {logging_mixin.py:154} INFO - [2023-11-22T19:35:11.916+0000] {dagbag.py:536} INFO - Filling up the DagBag from /home/airflow/.local/lib/python3.8/site-packages/airflow/example_dags/example_branch_operator_decorator.py
[2023-11-22T19:35:11.925+0000] {processor.py:839} INFO - DAG(s) dict_keys(['example_branch_python_operator_decorator']) retrieved from /home/airflow/.local/lib/python3.8/site-packages/airflow/example_dags/example_branch_operator_decorator.py
[2023-11-22T19:35:11.948+0000] {logging_mixin.py:154} INFO - [2023-11-22T19:35:11.948+0000] {dag.py:2941} INFO - Sync 1 DAGs
[2023-11-22T19:35:11.968+0000] {logging_mixin.py:154} INFO - [2023-11-22T19:35:11.968+0000] {dag.py:3722} INFO - Setting next_dagrun for example_branch_python_operator_decorator to 2023-11-21T00:00:00+00:00, run_after=2023-11-22T00:00:00+00:00
[2023-11-22T19:35:11.982+0000] {processor.py:179} INFO - Processing /home/airflow/.local/lib/python3.8/site-packages/airflow/example_dags/example_branch_operator_decorator.py took 0.071 seconds
[2023-11-22T19:35:42.413+0000] {processor.py:157} INFO - Started process (PID=2915) to work on /home/airflow/.local/lib/python3.8/site-packages/airflow/example_dags/example_branch_operator_decorator.py
[2023-11-22T19:35:42.414+0000] {processor.py:829} INFO - Processing file /home/airflow/.local/lib/python3.8/site-packages/airflow/example_dags/example_branch_operator_decorator.py for tasks to queue
[2023-11-22T19:35:42.415+0000] {logging_mixin.py:154} INFO - [2023-11-22T19:35:42.414+0000] {dagbag.py:536} INFO - Filling up the DagBag from /home/airflow/.local/lib/python3.8/site-packages/airflow/example_dags/example_branch_operator_decorator.py
[2023-11-22T19:35:42.423+0000] {processor.py:839} INFO - DAG(s) dict_keys(['example_branch_python_operator_decorator']) retrieved from /home/airflow/.local/lib/python3.8/site-packages/airflow/example_dags/example_branch_operator_decorator.py
[2023-11-22T19:35:42.446+0000] {logging_mixin.py:154} INFO - [2023-11-22T19:35:42.446+0000] {dag.py:2941} INFO - Sync 1 DAGs
[2023-11-22T19:35:42.464+0000] {logging_mixin.py:154} INFO - [2023-11-22T19:35:42.464+0000] {dag.py:3722} INFO - Setting next_dagrun for example_branch_python_operator_decorator to 2023-11-21T00:00:00+00:00, run_after=2023-11-22T00:00:00+00:00
[2023-11-22T19:35:42.477+0000] {processor.py:179} INFO - Processing /home/airflow/.local/lib/python3.8/site-packages/airflow/example_dags/example_branch_operator_decorator.py took 0.067 seconds
[2023-11-22T19:36:12.898+0000] {processor.py:157} INFO - Started process (PID=3155) to work on /home/airflow/.local/lib/python3.8/site-packages/airflow/example_dags/example_branch_operator_decorator.py
[2023-11-22T19:36:12.899+0000] {processor.py:829} INFO - Processing file /home/airflow/.local/lib/python3.8/site-packages/airflow/example_dags/example_branch_operator_decorator.py for tasks to queue
[2023-11-22T19:36:12.899+0000] {logging_mixin.py:154} INFO - [2023-11-22T19:36:12.899+0000] {dagbag.py:536} INFO - Filling up the DagBag from /home/airflow/.local/lib/python3.8/site-packages/airflow/example_dags/example_branch_operator_decorator.py
[2023-11-22T19:36:12.908+0000] {processor.py:839} INFO - DAG(s) dict_keys(['example_branch_python_operator_decorator']) retrieved from /home/airflow/.local/lib/python3.8/site-packages/airflow/example_dags/example_branch_operator_decorator.py
[2023-11-22T19:36:12.931+0000] {logging_mixin.py:154} INFO - [2023-11-22T19:36:12.930+0000] {dag.py:2941} INFO - Sync 1 DAGs
[2023-11-22T19:36:12.948+0000] {logging_mixin.py:154} INFO - [2023-11-22T19:36:12.948+0000] {dag.py:3722} INFO - Setting next_dagrun for example_branch_python_operator_decorator to 2023-11-21T00:00:00+00:00, run_after=2023-11-22T00:00:00+00:00
[2023-11-22T19:36:12.961+0000] {processor.py:179} INFO - Processing /home/airflow/.local/lib/python3.8/site-packages/airflow/example_dags/example_branch_operator_decorator.py took 0.067 seconds
[2023-11-22T19:36:43.655+0000] {processor.py:157} INFO - Started process (PID=3391) to work on /home/airflow/.local/lib/python3.8/site-packages/airflow/example_dags/example_branch_operator_decorator.py
[2023-11-22T19:36:43.657+0000] {processor.py:829} INFO - Processing file /home/airflow/.local/lib/python3.8/site-packages/airflow/example_dags/example_branch_operator_decorator.py for tasks to queue
[2023-11-22T19:36:43.658+0000] {logging_mixin.py:154} INFO - [2023-11-22T19:36:43.658+0000] {dagbag.py:536} INFO - Filling up the DagBag from /home/airflow/.local/lib/python3.8/site-packages/airflow/example_dags/example_branch_operator_decorator.py
[2023-11-22T19:36:43.674+0000] {processor.py:839} INFO - DAG(s) dict_keys(['example_branch_python_operator_decorator']) retrieved from /home/airflow/.local/lib/python3.8/site-packages/airflow/example_dags/example_branch_operator_decorator.py
[2023-11-22T19:36:43.711+0000] {logging_mixin.py:154} INFO - [2023-11-22T19:36:43.711+0000] {dag.py:2941} INFO - Sync 1 DAGs
[2023-11-22T19:36:43.741+0000] {logging_mixin.py:154} INFO - [2023-11-22T19:36:43.741+0000] {dag.py:3722} INFO - Setting next_dagrun for example_branch_python_operator_decorator to 2023-11-21T00:00:00+00:00, run_after=2023-11-22T00:00:00+00:00
[2023-11-22T19:36:43.762+0000] {processor.py:179} INFO - Processing /home/airflow/.local/lib/python3.8/site-packages/airflow/example_dags/example_branch_operator_decorator.py took 0.113 seconds
[2023-11-22T19:37:14.696+0000] {processor.py:157} INFO - Started process (PID=3631) to work on /home/airflow/.local/lib/python3.8/site-packages/airflow/example_dags/example_branch_operator_decorator.py
[2023-11-22T19:37:14.697+0000] {processor.py:829} INFO - Processing file /home/airflow/.local/lib/python3.8/site-packages/airflow/example_dags/example_branch_operator_decorator.py for tasks to queue
[2023-11-22T19:37:14.698+0000] {logging_mixin.py:154} INFO - [2023-11-22T19:37:14.698+0000] {dagbag.py:536} INFO - Filling up the DagBag from /home/airflow/.local/lib/python3.8/site-packages/airflow/example_dags/example_branch_operator_decorator.py
[2023-11-22T19:37:14.708+0000] {processor.py:839} INFO - DAG(s) dict_keys(['example_branch_python_operator_decorator']) retrieved from /home/airflow/.local/lib/python3.8/site-packages/airflow/example_dags/example_branch_operator_decorator.py
[2023-11-22T19:37:14.736+0000] {logging_mixin.py:154} INFO - [2023-11-22T19:37:14.736+0000] {dag.py:2941} INFO - Sync 1 DAGs
[2023-11-22T19:37:14.759+0000] {logging_mixin.py:154} INFO - [2023-11-22T19:37:14.759+0000] {dag.py:3722} INFO - Setting next_dagrun for example_branch_python_operator_decorator to 2023-11-21T00:00:00+00:00, run_after=2023-11-22T00:00:00+00:00
[2023-11-22T19:37:14.780+0000] {processor.py:179} INFO - Processing /home/airflow/.local/lib/python3.8/site-packages/airflow/example_dags/example_branch_operator_decorator.py took 0.088 seconds
[2023-11-22T19:37:44.993+0000] {processor.py:157} INFO - Started process (PID=3867) to work on /home/airflow/.local/lib/python3.8/site-packages/airflow/example_dags/example_branch_operator_decorator.py
[2023-11-22T19:37:44.994+0000] {processor.py:829} INFO - Processing file /home/airflow/.local/lib/python3.8/site-packages/airflow/example_dags/example_branch_operator_decorator.py for tasks to queue
[2023-11-22T19:37:44.995+0000] {logging_mixin.py:154} INFO - [2023-11-22T19:37:44.995+0000] {dagbag.py:536} INFO - Filling up the DagBag from /home/airflow/.local/lib/python3.8/site-packages/airflow/example_dags/example_branch_operator_decorator.py
[2023-11-22T19:37:45.005+0000] {processor.py:839} INFO - DAG(s) dict_keys(['example_branch_python_operator_decorator']) retrieved from /home/airflow/.local/lib/python3.8/site-packages/airflow/example_dags/example_branch_operator_decorator.py
[2023-11-22T19:37:45.036+0000] {logging_mixin.py:154} INFO - [2023-11-22T19:37:45.035+0000] {dag.py:2941} INFO - Sync 1 DAGs
[2023-11-22T19:37:45.059+0000] {logging_mixin.py:154} INFO - [2023-11-22T19:37:45.059+0000] {dag.py:3722} INFO - Setting next_dagrun for example_branch_python_operator_decorator to 2023-11-21T00:00:00+00:00, run_after=2023-11-22T00:00:00+00:00
[2023-11-22T19:37:45.076+0000] {processor.py:179} INFO - Processing /home/airflow/.local/lib/python3.8/site-packages/airflow/example_dags/example_branch_operator_decorator.py took 0.087 seconds
[2023-11-22T19:38:15.162+0000] {processor.py:157} INFO - Started process (PID=4107) to work on /home/airflow/.local/lib/python3.8/site-packages/airflow/example_dags/example_branch_operator_decorator.py
[2023-11-22T19:38:15.163+0000] {processor.py:829} INFO - Processing file /home/airflow/.local/lib/python3.8/site-packages/airflow/example_dags/example_branch_operator_decorator.py for tasks to queue
[2023-11-22T19:38:15.164+0000] {logging_mixin.py:154} INFO - [2023-11-22T19:38:15.163+0000] {dagbag.py:536} INFO - Filling up the DagBag from /home/airflow/.local/lib/python3.8/site-packages/airflow/example_dags/example_branch_operator_decorator.py
[2023-11-22T19:38:15.172+0000] {processor.py:839} INFO - DAG(s) dict_keys(['example_branch_python_operator_decorator']) retrieved from /home/airflow/.local/lib/python3.8/site-packages/airflow/example_dags/example_branch_operator_decorator.py
[2023-11-22T19:38:15.196+0000] {logging_mixin.py:154} INFO - [2023-11-22T19:38:15.195+0000] {dag.py:2941} INFO - Sync 1 DAGs
[2023-11-22T19:38:15.213+0000] {logging_mixin.py:154} INFO - [2023-11-22T19:38:15.213+0000] {dag.py:3722} INFO - Setting next_dagrun for example_branch_python_operator_decorator to 2023-11-21T00:00:00+00:00, run_after=2023-11-22T00:00:00+00:00
[2023-11-22T19:38:15.227+0000] {processor.py:179} INFO - Processing /home/airflow/.local/lib/python3.8/site-packages/airflow/example_dags/example_branch_operator_decorator.py took 0.068 seconds
[2023-11-22T19:38:45.453+0000] {processor.py:157} INFO - Started process (PID=4342) to work on /home/airflow/.local/lib/python3.8/site-packages/airflow/example_dags/example_branch_operator_decorator.py
[2023-11-22T19:38:45.454+0000] {processor.py:829} INFO - Processing file /home/airflow/.local/lib/python3.8/site-packages/airflow/example_dags/example_branch_operator_decorator.py for tasks to queue
[2023-11-22T19:38:45.455+0000] {logging_mixin.py:154} INFO - [2023-11-22T19:38:45.454+0000] {dagbag.py:536} INFO - Filling up the DagBag from /home/airflow/.local/lib/python3.8/site-packages/airflow/example_dags/example_branch_operator_decorator.py
[2023-11-22T19:38:45.465+0000] {processor.py:839} INFO - DAG(s) dict_keys(['example_branch_python_operator_decorator']) retrieved from /home/airflow/.local/lib/python3.8/site-packages/airflow/example_dags/example_branch_operator_decorator.py
[2023-11-22T19:38:45.494+0000] {logging_mixin.py:154} INFO - [2023-11-22T19:38:45.494+0000] {dag.py:2941} INFO - Sync 1 DAGs
[2023-11-22T19:38:45.516+0000] {logging_mixin.py:154} INFO - [2023-11-22T19:38:45.516+0000] {dag.py:3722} INFO - Setting next_dagrun for example_branch_python_operator_decorator to 2023-11-21T00:00:00+00:00, run_after=2023-11-22T00:00:00+00:00
[2023-11-22T19:38:45.532+0000] {processor.py:179} INFO - Processing /home/airflow/.local/lib/python3.8/site-packages/airflow/example_dags/example_branch_operator_decorator.py took 0.084 seconds
[2023-11-22T19:39:15.934+0000] {processor.py:157} INFO - Started process (PID=4580) to work on /home/airflow/.local/lib/python3.8/site-packages/airflow/example_dags/example_branch_operator_decorator.py
[2023-11-22T19:39:15.935+0000] {processor.py:829} INFO - Processing file /home/airflow/.local/lib/python3.8/site-packages/airflow/example_dags/example_branch_operator_decorator.py for tasks to queue
[2023-11-22T19:39:15.936+0000] {logging_mixin.py:154} INFO - [2023-11-22T19:39:15.935+0000] {dagbag.py:536} INFO - Filling up the DagBag from /home/airflow/.local/lib/python3.8/site-packages/airflow/example_dags/example_branch_operator_decorator.py
[2023-11-22T19:39:15.944+0000] {processor.py:839} INFO - DAG(s) dict_keys(['example_branch_python_operator_decorator']) retrieved from /home/airflow/.local/lib/python3.8/site-packages/airflow/example_dags/example_branch_operator_decorator.py
[2023-11-22T19:39:15.966+0000] {logging_mixin.py:154} INFO - [2023-11-22T19:39:15.966+0000] {dag.py:2941} INFO - Sync 1 DAGs
[2023-11-22T19:39:15.984+0000] {logging_mixin.py:154} INFO - [2023-11-22T19:39:15.984+0000] {dag.py:3722} INFO - Setting next_dagrun for example_branch_python_operator_decorator to 2023-11-21T00:00:00+00:00, run_after=2023-11-22T00:00:00+00:00
[2023-11-22T19:39:15.998+0000] {processor.py:179} INFO - Processing /home/airflow/.local/lib/python3.8/site-packages/airflow/example_dags/example_branch_operator_decorator.py took 0.066 seconds
[2023-11-22T19:39:46.382+0000] {processor.py:157} INFO - Started process (PID=4820) to work on /home/airflow/.local/lib/python3.8/site-packages/airflow/example_dags/example_branch_operator_decorator.py
[2023-11-22T19:39:46.383+0000] {processor.py:829} INFO - Processing file /home/airflow/.local/lib/python3.8/site-packages/airflow/example_dags/example_branch_operator_decorator.py for tasks to queue
[2023-11-22T19:39:46.384+0000] {logging_mixin.py:154} INFO - [2023-11-22T19:39:46.383+0000] {dagbag.py:536} INFO - Filling up the DagBag from /home/airflow/.local/lib/python3.8/site-packages/airflow/example_dags/example_branch_operator_decorator.py
[2023-11-22T19:39:46.392+0000] {processor.py:839} INFO - DAG(s) dict_keys(['example_branch_python_operator_decorator']) retrieved from /home/airflow/.local/lib/python3.8/site-packages/airflow/example_dags/example_branch_operator_decorator.py
[2023-11-22T19:39:46.415+0000] {logging_mixin.py:154} INFO - [2023-11-22T19:39:46.414+0000] {dag.py:2941} INFO - Sync 1 DAGs
[2023-11-22T19:39:46.432+0000] {logging_mixin.py:154} INFO - [2023-11-22T19:39:46.432+0000] {dag.py:3722} INFO - Setting next_dagrun for example_branch_python_operator_decorator to 2023-11-21T00:00:00+00:00, run_after=2023-11-22T00:00:00+00:00
[2023-11-22T19:39:46.445+0000] {processor.py:179} INFO - Processing /home/airflow/.local/lib/python3.8/site-packages/airflow/example_dags/example_branch_operator_decorator.py took 0.066 seconds
[2023-11-22T19:40:16.953+0000] {processor.py:157} INFO - Started process (PID=5056) to work on /home/airflow/.local/lib/python3.8/site-packages/airflow/example_dags/example_branch_operator_decorator.py
[2023-11-22T19:40:16.954+0000] {processor.py:829} INFO - Processing file /home/airflow/.local/lib/python3.8/site-packages/airflow/example_dags/example_branch_operator_decorator.py for tasks to queue
[2023-11-22T19:40:16.955+0000] {logging_mixin.py:154} INFO - [2023-11-22T19:40:16.955+0000] {dagbag.py:536} INFO - Filling up the DagBag from /home/airflow/.local/lib/python3.8/site-packages/airflow/example_dags/example_branch_operator_decorator.py
[2023-11-22T19:40:16.963+0000] {processor.py:839} INFO - DAG(s) dict_keys(['example_branch_python_operator_decorator']) retrieved from /home/airflow/.local/lib/python3.8/site-packages/airflow/example_dags/example_branch_operator_decorator.py
[2023-11-22T19:40:16.985+0000] {logging_mixin.py:154} INFO - [2023-11-22T19:40:16.985+0000] {dag.py:2941} INFO - Sync 1 DAGs
[2023-11-22T19:40:17.003+0000] {logging_mixin.py:154} INFO - [2023-11-22T19:40:17.003+0000] {dag.py:3722} INFO - Setting next_dagrun for example_branch_python_operator_decorator to 2023-11-21T00:00:00+00:00, run_after=2023-11-22T00:00:00+00:00
[2023-11-22T19:40:17.016+0000] {processor.py:179} INFO - Processing /home/airflow/.local/lib/python3.8/site-packages/airflow/example_dags/example_branch_operator_decorator.py took 0.066 seconds
[2023-11-22T19:40:47.607+0000] {processor.py:157} INFO - Started process (PID=5296) to work on /home/airflow/.local/lib/python3.8/site-packages/airflow/example_dags/example_branch_operator_decorator.py
[2023-11-22T19:40:47.608+0000] {processor.py:829} INFO - Processing file /home/airflow/.local/lib/python3.8/site-packages/airflow/example_dags/example_branch_operator_decorator.py for tasks to queue
[2023-11-22T19:40:47.609+0000] {logging_mixin.py:154} INFO - [2023-11-22T19:40:47.609+0000] {dagbag.py:536} INFO - Filling up the DagBag from /home/airflow/.local/lib/python3.8/site-packages/airflow/example_dags/example_branch_operator_decorator.py
[2023-11-22T19:40:47.617+0000] {processor.py:839} INFO - DAG(s) dict_keys(['example_branch_python_operator_decorator']) retrieved from /home/airflow/.local/lib/python3.8/site-packages/airflow/example_dags/example_branch_operator_decorator.py
[2023-11-22T19:40:47.640+0000] {logging_mixin.py:154} INFO - [2023-11-22T19:40:47.640+0000] {dag.py:2941} INFO - Sync 1 DAGs
[2023-11-22T19:40:47.659+0000] {logging_mixin.py:154} INFO - [2023-11-22T19:40:47.659+0000] {dag.py:3722} INFO - Setting next_dagrun for example_branch_python_operator_decorator to 2023-11-21T00:00:00+00:00, run_after=2023-11-22T00:00:00+00:00
[2023-11-22T19:40:47.673+0000] {processor.py:179} INFO - Processing /home/airflow/.local/lib/python3.8/site-packages/airflow/example_dags/example_branch_operator_decorator.py took 0.069 seconds
[2023-11-22T19:41:18.077+0000] {processor.py:157} INFO - Started process (PID=5532) to work on /home/airflow/.local/lib/python3.8/site-packages/airflow/example_dags/example_branch_operator_decorator.py
[2023-11-22T19:41:18.077+0000] {processor.py:829} INFO - Processing file /home/airflow/.local/lib/python3.8/site-packages/airflow/example_dags/example_branch_operator_decorator.py for tasks to queue
[2023-11-22T19:41:18.078+0000] {logging_mixin.py:154} INFO - [2023-11-22T19:41:18.078+0000] {dagbag.py:536} INFO - Filling up the DagBag from /home/airflow/.local/lib/python3.8/site-packages/airflow/example_dags/example_branch_operator_decorator.py
[2023-11-22T19:41:18.087+0000] {processor.py:839} INFO - DAG(s) dict_keys(['example_branch_python_operator_decorator']) retrieved from /home/airflow/.local/lib/python3.8/site-packages/airflow/example_dags/example_branch_operator_decorator.py
[2023-11-22T19:41:18.109+0000] {logging_mixin.py:154} INFO - [2023-11-22T19:41:18.109+0000] {dag.py:2941} INFO - Sync 1 DAGs
[2023-11-22T19:41:18.129+0000] {logging_mixin.py:154} INFO - [2023-11-22T19:41:18.128+0000] {dag.py:3722} INFO - Setting next_dagrun for example_branch_python_operator_decorator to 2023-11-21T00:00:00+00:00, run_after=2023-11-22T00:00:00+00:00
[2023-11-22T19:41:18.143+0000] {processor.py:179} INFO - Processing /home/airflow/.local/lib/python3.8/site-packages/airflow/example_dags/example_branch_operator_decorator.py took 0.070 seconds
[2023-11-22T19:41:48.560+0000] {processor.py:157} INFO - Started process (PID=5770) to work on /home/airflow/.local/lib/python3.8/site-packages/airflow/example_dags/example_branch_operator_decorator.py
[2023-11-22T19:41:48.561+0000] {processor.py:829} INFO - Processing file /home/airflow/.local/lib/python3.8/site-packages/airflow/example_dags/example_branch_operator_decorator.py for tasks to queue
[2023-11-22T19:41:48.562+0000] {logging_mixin.py:154} INFO - [2023-11-22T19:41:48.562+0000] {dagbag.py:536} INFO - Filling up the DagBag from /home/airflow/.local/lib/python3.8/site-packages/airflow/example_dags/example_branch_operator_decorator.py
[2023-11-22T19:41:48.570+0000] {processor.py:839} INFO - DAG(s) dict_keys(['example_branch_python_operator_decorator']) retrieved from /home/airflow/.local/lib/python3.8/site-packages/airflow/example_dags/example_branch_operator_decorator.py
[2023-11-22T19:41:48.592+0000] {logging_mixin.py:154} INFO - [2023-11-22T19:41:48.592+0000] {dag.py:2941} INFO - Sync 1 DAGs
[2023-11-22T19:41:48.610+0000] {logging_mixin.py:154} INFO - [2023-11-22T19:41:48.610+0000] {dag.py:3722} INFO - Setting next_dagrun for example_branch_python_operator_decorator to 2023-11-21T00:00:00+00:00, run_after=2023-11-22T00:00:00+00:00
[2023-11-22T19:41:48.624+0000] {processor.py:179} INFO - Processing /home/airflow/.local/lib/python3.8/site-packages/airflow/example_dags/example_branch_operator_decorator.py took 0.066 seconds
[2023-11-22T19:42:18.934+0000] {processor.py:157} INFO - Started process (PID=6007) to work on /home/airflow/.local/lib/python3.8/site-packages/airflow/example_dags/example_branch_operator_decorator.py
[2023-11-22T19:42:18.935+0000] {processor.py:829} INFO - Processing file /home/airflow/.local/lib/python3.8/site-packages/airflow/example_dags/example_branch_operator_decorator.py for tasks to queue
[2023-11-22T19:42:18.935+0000] {logging_mixin.py:154} INFO - [2023-11-22T19:42:18.935+0000] {dagbag.py:536} INFO - Filling up the DagBag from /home/airflow/.local/lib/python3.8/site-packages/airflow/example_dags/example_branch_operator_decorator.py
[2023-11-22T19:42:18.944+0000] {processor.py:839} INFO - DAG(s) dict_keys(['example_branch_python_operator_decorator']) retrieved from /home/airflow/.local/lib/python3.8/site-packages/airflow/example_dags/example_branch_operator_decorator.py
[2023-11-22T19:42:18.966+0000] {logging_mixin.py:154} INFO - [2023-11-22T19:42:18.966+0000] {dag.py:2941} INFO - Sync 1 DAGs
[2023-11-22T19:42:18.984+0000] {logging_mixin.py:154} INFO - [2023-11-22T19:42:18.984+0000] {dag.py:3722} INFO - Setting next_dagrun for example_branch_python_operator_decorator to 2023-11-21T00:00:00+00:00, run_after=2023-11-22T00:00:00+00:00
[2023-11-22T19:42:18.998+0000] {processor.py:179} INFO - Processing /home/airflow/.local/lib/python3.8/site-packages/airflow/example_dags/example_branch_operator_decorator.py took 0.067 seconds
[2023-11-22T19:42:49.378+0000] {processor.py:157} INFO - Started process (PID=6245) to work on /home/airflow/.local/lib/python3.8/site-packages/airflow/example_dags/example_branch_operator_decorator.py
[2023-11-22T19:42:49.379+0000] {processor.py:829} INFO - Processing file /home/airflow/.local/lib/python3.8/site-packages/airflow/example_dags/example_branch_operator_decorator.py for tasks to queue
[2023-11-22T19:42:49.379+0000] {logging_mixin.py:154} INFO - [2023-11-22T19:42:49.379+0000] {dagbag.py:536} INFO - Filling up the DagBag from /home/airflow/.local/lib/python3.8/site-packages/airflow/example_dags/example_branch_operator_decorator.py
[2023-11-22T19:42:49.388+0000] {processor.py:839} INFO - DAG(s) dict_keys(['example_branch_python_operator_decorator']) retrieved from /home/airflow/.local/lib/python3.8/site-packages/airflow/example_dags/example_branch_operator_decorator.py
[2023-11-22T19:42:49.411+0000] {logging_mixin.py:154} INFO - [2023-11-22T19:42:49.411+0000] {dag.py:2941} INFO - Sync 1 DAGs
[2023-11-22T19:42:49.430+0000] {logging_mixin.py:154} INFO - [2023-11-22T19:42:49.430+0000] {dag.py:3722} INFO - Setting next_dagrun for example_branch_python_operator_decorator to 2023-11-21T00:00:00+00:00, run_after=2023-11-22T00:00:00+00:00
[2023-11-22T19:42:49.443+0000] {processor.py:179} INFO - Processing /home/airflow/.local/lib/python3.8/site-packages/airflow/example_dags/example_branch_operator_decorator.py took 0.068 seconds
[2023-11-22T19:43:19.673+0000] {processor.py:157} INFO - Started process (PID=6483) to work on /home/airflow/.local/lib/python3.8/site-packages/airflow/example_dags/example_branch_operator_decorator.py
[2023-11-22T19:43:19.674+0000] {processor.py:829} INFO - Processing file /home/airflow/.local/lib/python3.8/site-packages/airflow/example_dags/example_branch_operator_decorator.py for tasks to queue
[2023-11-22T19:43:19.674+0000] {logging_mixin.py:154} INFO - [2023-11-22T19:43:19.674+0000] {dagbag.py:536} INFO - Filling up the DagBag from /home/airflow/.local/lib/python3.8/site-packages/airflow/example_dags/example_branch_operator_decorator.py
[2023-11-22T19:43:19.683+0000] {processor.py:839} INFO - DAG(s) dict_keys(['example_branch_python_operator_decorator']) retrieved from /home/airflow/.local/lib/python3.8/site-packages/airflow/example_dags/example_branch_operator_decorator.py
[2023-11-22T19:43:19.705+0000] {logging_mixin.py:154} INFO - [2023-11-22T19:43:19.705+0000] {dag.py:2941} INFO - Sync 1 DAGs
[2023-11-22T19:43:19.722+0000] {logging_mixin.py:154} INFO - [2023-11-22T19:43:19.722+0000] {dag.py:3722} INFO - Setting next_dagrun for example_branch_python_operator_decorator to 2023-11-21T00:00:00+00:00, run_after=2023-11-22T00:00:00+00:00
[2023-11-22T19:43:19.735+0000] {processor.py:179} INFO - Processing /home/airflow/.local/lib/python3.8/site-packages/airflow/example_dags/example_branch_operator_decorator.py took 0.065 seconds
[2023-11-22T19:43:50.235+0000] {processor.py:157} INFO - Started process (PID=6721) to work on /home/airflow/.local/lib/python3.8/site-packages/airflow/example_dags/example_branch_operator_decorator.py
[2023-11-22T19:43:50.236+0000] {processor.py:829} INFO - Processing file /home/airflow/.local/lib/python3.8/site-packages/airflow/example_dags/example_branch_operator_decorator.py for tasks to queue
[2023-11-22T19:43:50.237+0000] {logging_mixin.py:154} INFO - [2023-11-22T19:43:50.237+0000] {dagbag.py:536} INFO - Filling up the DagBag from /home/airflow/.local/lib/python3.8/site-packages/airflow/example_dags/example_branch_operator_decorator.py
[2023-11-22T19:43:50.245+0000] {processor.py:839} INFO - DAG(s) dict_keys(['example_branch_python_operator_decorator']) retrieved from /home/airflow/.local/lib/python3.8/site-packages/airflow/example_dags/example_branch_operator_decorator.py
[2023-11-22T19:43:50.267+0000] {logging_mixin.py:154} INFO - [2023-11-22T19:43:50.267+0000] {dag.py:2941} INFO - Sync 1 DAGs
[2023-11-22T19:43:50.288+0000] {logging_mixin.py:154} INFO - [2023-11-22T19:43:50.288+0000] {dag.py:3722} INFO - Setting next_dagrun for example_branch_python_operator_decorator to 2023-11-21T00:00:00+00:00, run_after=2023-11-22T00:00:00+00:00
[2023-11-22T19:43:50.302+0000] {processor.py:179} INFO - Processing /home/airflow/.local/lib/python3.8/site-packages/airflow/example_dags/example_branch_operator_decorator.py took 0.070 seconds
[2023-11-22T19:44:20.718+0000] {processor.py:157} INFO - Started process (PID=6966) to work on /home/airflow/.local/lib/python3.8/site-packages/airflow/example_dags/example_branch_operator_decorator.py
[2023-11-22T19:44:20.719+0000] {processor.py:829} INFO - Processing file /home/airflow/.local/lib/python3.8/site-packages/airflow/example_dags/example_branch_operator_decorator.py for tasks to queue
[2023-11-22T19:44:20.719+0000] {logging_mixin.py:154} INFO - [2023-11-22T19:44:20.719+0000] {dagbag.py:536} INFO - Filling up the DagBag from /home/airflow/.local/lib/python3.8/site-packages/airflow/example_dags/example_branch_operator_decorator.py
[2023-11-22T19:44:20.728+0000] {processor.py:839} INFO - DAG(s) dict_keys(['example_branch_python_operator_decorator']) retrieved from /home/airflow/.local/lib/python3.8/site-packages/airflow/example_dags/example_branch_operator_decorator.py
[2023-11-22T19:44:20.750+0000] {logging_mixin.py:154} INFO - [2023-11-22T19:44:20.750+0000] {dag.py:2941} INFO - Sync 1 DAGs
[2023-11-22T19:44:20.768+0000] {logging_mixin.py:154} INFO - [2023-11-22T19:44:20.768+0000] {dag.py:3722} INFO - Setting next_dagrun for example_branch_python_operator_decorator to 2023-11-21T00:00:00+00:00, run_after=2023-11-22T00:00:00+00:00
[2023-11-22T19:44:20.781+0000] {processor.py:179} INFO - Processing /home/airflow/.local/lib/python3.8/site-packages/airflow/example_dags/example_branch_operator_decorator.py took 0.067 seconds
[2023-11-22T19:44:51.188+0000] {processor.py:157} INFO - Started process (PID=7204) to work on /home/airflow/.local/lib/python3.8/site-packages/airflow/example_dags/example_branch_operator_decorator.py
[2023-11-22T19:44:51.189+0000] {processor.py:829} INFO - Processing file /home/airflow/.local/lib/python3.8/site-packages/airflow/example_dags/example_branch_operator_decorator.py for tasks to queue
[2023-11-22T19:44:51.190+0000] {logging_mixin.py:154} INFO - [2023-11-22T19:44:51.190+0000] {dagbag.py:536} INFO - Filling up the DagBag from /home/airflow/.local/lib/python3.8/site-packages/airflow/example_dags/example_branch_operator_decorator.py
[2023-11-22T19:44:51.198+0000] {processor.py:839} INFO - DAG(s) dict_keys(['example_branch_python_operator_decorator']) retrieved from /home/airflow/.local/lib/python3.8/site-packages/airflow/example_dags/example_branch_operator_decorator.py
[2023-11-22T19:44:51.220+0000] {logging_mixin.py:154} INFO - [2023-11-22T19:44:51.220+0000] {dag.py:2941} INFO - Sync 1 DAGs
[2023-11-22T19:44:51.238+0000] {logging_mixin.py:154} INFO - [2023-11-22T19:44:51.238+0000] {dag.py:3722} INFO - Setting next_dagrun for example_branch_python_operator_decorator to 2023-11-21T00:00:00+00:00, run_after=2023-11-22T00:00:00+00:00
[2023-11-22T19:44:51.252+0000] {processor.py:179} INFO - Processing /home/airflow/.local/lib/python3.8/site-packages/airflow/example_dags/example_branch_operator_decorator.py took 0.067 seconds
[2023-11-22T19:45:21.571+0000] {processor.py:157} INFO - Started process (PID=7442) to work on /home/airflow/.local/lib/python3.8/site-packages/airflow/example_dags/example_branch_operator_decorator.py
[2023-11-22T19:45:21.572+0000] {processor.py:829} INFO - Processing file /home/airflow/.local/lib/python3.8/site-packages/airflow/example_dags/example_branch_operator_decorator.py for tasks to queue
[2023-11-22T19:45:21.573+0000] {logging_mixin.py:154} INFO - [2023-11-22T19:45:21.573+0000] {dagbag.py:536} INFO - Filling up the DagBag from /home/airflow/.local/lib/python3.8/site-packages/airflow/example_dags/example_branch_operator_decorator.py
[2023-11-22T19:45:21.581+0000] {processor.py:839} INFO - DAG(s) dict_keys(['example_branch_python_operator_decorator']) retrieved from /home/airflow/.local/lib/python3.8/site-packages/airflow/example_dags/example_branch_operator_decorator.py
[2023-11-22T19:45:21.603+0000] {logging_mixin.py:154} INFO - [2023-11-22T19:45:21.603+0000] {dag.py:2941} INFO - Sync 1 DAGs
[2023-11-22T19:45:21.622+0000] {logging_mixin.py:154} INFO - [2023-11-22T19:45:21.622+0000] {dag.py:3722} INFO - Setting next_dagrun for example_branch_python_operator_decorator to 2023-11-21T00:00:00+00:00, run_after=2023-11-22T00:00:00+00:00
[2023-11-22T19:45:21.634+0000] {processor.py:179} INFO - Processing /home/airflow/.local/lib/python3.8/site-packages/airflow/example_dags/example_branch_operator_decorator.py took 0.066 seconds
[2023-11-22T19:45:52.083+0000] {processor.py:157} INFO - Started process (PID=7680) to work on /home/airflow/.local/lib/python3.8/site-packages/airflow/example_dags/example_branch_operator_decorator.py
[2023-11-22T19:45:52.084+0000] {processor.py:829} INFO - Processing file /home/airflow/.local/lib/python3.8/site-packages/airflow/example_dags/example_branch_operator_decorator.py for tasks to queue
[2023-11-22T19:45:52.085+0000] {logging_mixin.py:154} INFO - [2023-11-22T19:45:52.085+0000] {dagbag.py:536} INFO - Filling up the DagBag from /home/airflow/.local/lib/python3.8/site-packages/airflow/example_dags/example_branch_operator_decorator.py
[2023-11-22T19:45:52.093+0000] {processor.py:839} INFO - DAG(s) dict_keys(['example_branch_python_operator_decorator']) retrieved from /home/airflow/.local/lib/python3.8/site-packages/airflow/example_dags/example_branch_operator_decorator.py
[2023-11-22T19:45:52.115+0000] {logging_mixin.py:154} INFO - [2023-11-22T19:45:52.115+0000] {dag.py:2941} INFO - Sync 1 DAGs
[2023-11-22T19:45:52.133+0000] {logging_mixin.py:154} INFO - [2023-11-22T19:45:52.133+0000] {dag.py:3722} INFO - Setting next_dagrun for example_branch_python_operator_decorator to 2023-11-21T00:00:00+00:00, run_after=2023-11-22T00:00:00+00:00
[2023-11-22T19:45:52.147+0000] {processor.py:179} INFO - Processing /home/airflow/.local/lib/python3.8/site-packages/airflow/example_dags/example_branch_operator_decorator.py took 0.067 seconds
[2023-11-22T19:46:22.544+0000] {processor.py:157} INFO - Started process (PID=7918) to work on /home/airflow/.local/lib/python3.8/site-packages/airflow/example_dags/example_branch_operator_decorator.py
[2023-11-22T19:46:22.545+0000] {processor.py:829} INFO - Processing file /home/airflow/.local/lib/python3.8/site-packages/airflow/example_dags/example_branch_operator_decorator.py for tasks to queue
[2023-11-22T19:46:22.546+0000] {logging_mixin.py:154} INFO - [2023-11-22T19:46:22.546+0000] {dagbag.py:536} INFO - Filling up the DagBag from /home/airflow/.local/lib/python3.8/site-packages/airflow/example_dags/example_branch_operator_decorator.py
[2023-11-22T19:46:22.555+0000] {processor.py:839} INFO - DAG(s) dict_keys(['example_branch_python_operator_decorator']) retrieved from /home/airflow/.local/lib/python3.8/site-packages/airflow/example_dags/example_branch_operator_decorator.py
[2023-11-22T19:46:22.577+0000] {logging_mixin.py:154} INFO - [2023-11-22T19:46:22.577+0000] {dag.py:2941} INFO - Sync 1 DAGs
[2023-11-22T19:46:22.595+0000] {logging_mixin.py:154} INFO - [2023-11-22T19:46:22.595+0000] {dag.py:3722} INFO - Setting next_dagrun for example_branch_python_operator_decorator to 2023-11-21T00:00:00+00:00, run_after=2023-11-22T00:00:00+00:00
[2023-11-22T19:46:22.608+0000] {processor.py:179} INFO - Processing /home/airflow/.local/lib/python3.8/site-packages/airflow/example_dags/example_branch_operator_decorator.py took 0.067 seconds
[2023-11-22T19:46:52.951+0000] {processor.py:157} INFO - Started process (PID=8156) to work on /home/airflow/.local/lib/python3.8/site-packages/airflow/example_dags/example_branch_operator_decorator.py
[2023-11-22T19:46:52.952+0000] {processor.py:829} INFO - Processing file /home/airflow/.local/lib/python3.8/site-packages/airflow/example_dags/example_branch_operator_decorator.py for tasks to queue
[2023-11-22T19:46:52.953+0000] {logging_mixin.py:154} INFO - [2023-11-22T19:46:52.953+0000] {dagbag.py:536} INFO - Filling up the DagBag from /home/airflow/.local/lib/python3.8/site-packages/airflow/example_dags/example_branch_operator_decorator.py
[2023-11-22T19:46:52.962+0000] {processor.py:839} INFO - DAG(s) dict_keys(['example_branch_python_operator_decorator']) retrieved from /home/airflow/.local/lib/python3.8/site-packages/airflow/example_dags/example_branch_operator_decorator.py
[2023-11-22T19:46:52.984+0000] {logging_mixin.py:154} INFO - [2023-11-22T19:46:52.984+0000] {dag.py:2941} INFO - Sync 1 DAGs
[2023-11-22T19:46:53.002+0000] {logging_mixin.py:154} INFO - [2023-11-22T19:46:53.002+0000] {dag.py:3722} INFO - Setting next_dagrun for example_branch_python_operator_decorator to 2023-11-21T00:00:00+00:00, run_after=2023-11-22T00:00:00+00:00
[2023-11-22T19:46:53.016+0000] {processor.py:179} INFO - Processing /home/airflow/.local/lib/python3.8/site-packages/airflow/example_dags/example_branch_operator_decorator.py took 0.068 seconds
[2023-11-22T19:47:23.416+0000] {processor.py:157} INFO - Started process (PID=8393) to work on /home/airflow/.local/lib/python3.8/site-packages/airflow/example_dags/example_branch_operator_decorator.py
[2023-11-22T19:47:23.418+0000] {processor.py:829} INFO - Processing file /home/airflow/.local/lib/python3.8/site-packages/airflow/example_dags/example_branch_operator_decorator.py for tasks to queue
[2023-11-22T19:47:23.419+0000] {logging_mixin.py:154} INFO - [2023-11-22T19:47:23.418+0000] {dagbag.py:536} INFO - Filling up the DagBag from /home/airflow/.local/lib/python3.8/site-packages/airflow/example_dags/example_branch_operator_decorator.py
[2023-11-22T19:47:23.428+0000] {processor.py:839} INFO - DAG(s) dict_keys(['example_branch_python_operator_decorator']) retrieved from /home/airflow/.local/lib/python3.8/site-packages/airflow/example_dags/example_branch_operator_decorator.py
[2023-11-22T19:47:23.453+0000] {logging_mixin.py:154} INFO - [2023-11-22T19:47:23.453+0000] {dag.py:2941} INFO - Sync 1 DAGs
[2023-11-22T19:47:23.474+0000] {logging_mixin.py:154} INFO - [2023-11-22T19:47:23.474+0000] {dag.py:3722} INFO - Setting next_dagrun for example_branch_python_operator_decorator to 2023-11-21T00:00:00+00:00, run_after=2023-11-22T00:00:00+00:00
[2023-11-22T19:47:23.489+0000] {processor.py:179} INFO - Processing /home/airflow/.local/lib/python3.8/site-packages/airflow/example_dags/example_branch_operator_decorator.py took 0.076 seconds
[2023-11-22T19:47:54.126+0000] {processor.py:157} INFO - Started process (PID=8631) to work on /home/airflow/.local/lib/python3.8/site-packages/airflow/example_dags/example_branch_operator_decorator.py
[2023-11-22T19:47:54.127+0000] {processor.py:829} INFO - Processing file /home/airflow/.local/lib/python3.8/site-packages/airflow/example_dags/example_branch_operator_decorator.py for tasks to queue
[2023-11-22T19:47:54.127+0000] {logging_mixin.py:154} INFO - [2023-11-22T19:47:54.127+0000] {dagbag.py:536} INFO - Filling up the DagBag from /home/airflow/.local/lib/python3.8/site-packages/airflow/example_dags/example_branch_operator_decorator.py
[2023-11-22T19:47:54.136+0000] {processor.py:839} INFO - DAG(s) dict_keys(['example_branch_python_operator_decorator']) retrieved from /home/airflow/.local/lib/python3.8/site-packages/airflow/example_dags/example_branch_operator_decorator.py
[2023-11-22T19:47:54.159+0000] {logging_mixin.py:154} INFO - [2023-11-22T19:47:54.159+0000] {dag.py:2941} INFO - Sync 1 DAGs
[2023-11-22T19:47:54.178+0000] {logging_mixin.py:154} INFO - [2023-11-22T19:47:54.178+0000] {dag.py:3722} INFO - Setting next_dagrun for example_branch_python_operator_decorator to 2023-11-21T00:00:00+00:00, run_after=2023-11-22T00:00:00+00:00
[2023-11-22T19:47:54.307+0000] {processor.py:179} INFO - Processing /home/airflow/.local/lib/python3.8/site-packages/airflow/example_dags/example_branch_operator_decorator.py took 0.184 seconds
[2023-11-22T19:48:25.172+0000] {processor.py:157} INFO - Started process (PID=8869) to work on /home/airflow/.local/lib/python3.8/site-packages/airflow/example_dags/example_branch_operator_decorator.py
[2023-11-22T19:48:25.173+0000] {processor.py:829} INFO - Processing file /home/airflow/.local/lib/python3.8/site-packages/airflow/example_dags/example_branch_operator_decorator.py for tasks to queue
[2023-11-22T19:48:25.174+0000] {logging_mixin.py:154} INFO - [2023-11-22T19:48:25.174+0000] {dagbag.py:536} INFO - Filling up the DagBag from /home/airflow/.local/lib/python3.8/site-packages/airflow/example_dags/example_branch_operator_decorator.py
[2023-11-22T19:48:25.182+0000] {processor.py:839} INFO - DAG(s) dict_keys(['example_branch_python_operator_decorator']) retrieved from /home/airflow/.local/lib/python3.8/site-packages/airflow/example_dags/example_branch_operator_decorator.py
[2023-11-22T19:48:25.205+0000] {logging_mixin.py:154} INFO - [2023-11-22T19:48:25.205+0000] {dag.py:2941} INFO - Sync 1 DAGs
[2023-11-22T19:48:25.223+0000] {logging_mixin.py:154} INFO - [2023-11-22T19:48:25.223+0000] {dag.py:3722} INFO - Setting next_dagrun for example_branch_python_operator_decorator to 2023-11-21T00:00:00+00:00, run_after=2023-11-22T00:00:00+00:00
[2023-11-22T19:48:25.236+0000] {processor.py:179} INFO - Processing /home/airflow/.local/lib/python3.8/site-packages/airflow/example_dags/example_branch_operator_decorator.py took 0.067 seconds
[2023-11-22T19:48:55.580+0000] {processor.py:157} INFO - Started process (PID=9107) to work on /home/airflow/.local/lib/python3.8/site-packages/airflow/example_dags/example_branch_operator_decorator.py
[2023-11-22T19:48:55.581+0000] {processor.py:829} INFO - Processing file /home/airflow/.local/lib/python3.8/site-packages/airflow/example_dags/example_branch_operator_decorator.py for tasks to queue
[2023-11-22T19:48:55.582+0000] {logging_mixin.py:154} INFO - [2023-11-22T19:48:55.581+0000] {dagbag.py:536} INFO - Filling up the DagBag from /home/airflow/.local/lib/python3.8/site-packages/airflow/example_dags/example_branch_operator_decorator.py
[2023-11-22T19:48:55.590+0000] {processor.py:839} INFO - DAG(s) dict_keys(['example_branch_python_operator_decorator']) retrieved from /home/airflow/.local/lib/python3.8/site-packages/airflow/example_dags/example_branch_operator_decorator.py
[2023-11-22T19:48:55.613+0000] {logging_mixin.py:154} INFO - [2023-11-22T19:48:55.613+0000] {dag.py:2941} INFO - Sync 1 DAGs
[2023-11-22T19:48:55.633+0000] {logging_mixin.py:154} INFO - [2023-11-22T19:48:55.633+0000] {dag.py:3722} INFO - Setting next_dagrun for example_branch_python_operator_decorator to 2023-11-21T00:00:00+00:00, run_after=2023-11-22T00:00:00+00:00
[2023-11-22T19:48:55.647+0000] {processor.py:179} INFO - Processing /home/airflow/.local/lib/python3.8/site-packages/airflow/example_dags/example_branch_operator_decorator.py took 0.071 seconds
[2023-11-22T19:49:26.646+0000] {processor.py:157} INFO - Started process (PID=9345) to work on /home/airflow/.local/lib/python3.8/site-packages/airflow/example_dags/example_branch_operator_decorator.py
[2023-11-22T19:49:26.647+0000] {processor.py:829} INFO - Processing file /home/airflow/.local/lib/python3.8/site-packages/airflow/example_dags/example_branch_operator_decorator.py for tasks to queue
[2023-11-22T19:49:26.648+0000] {logging_mixin.py:154} INFO - [2023-11-22T19:49:26.647+0000] {dagbag.py:536} INFO - Filling up the DagBag from /home/airflow/.local/lib/python3.8/site-packages/airflow/example_dags/example_branch_operator_decorator.py
[2023-11-22T19:49:26.657+0000] {processor.py:839} INFO - DAG(s) dict_keys(['example_branch_python_operator_decorator']) retrieved from /home/airflow/.local/lib/python3.8/site-packages/airflow/example_dags/example_branch_operator_decorator.py
[2023-11-22T19:49:26.684+0000] {logging_mixin.py:154} INFO - [2023-11-22T19:49:26.684+0000] {dag.py:2941} INFO - Sync 1 DAGs
[2023-11-22T19:49:26.704+0000] {logging_mixin.py:154} INFO - [2023-11-22T19:49:26.704+0000] {dag.py:3722} INFO - Setting next_dagrun for example_branch_python_operator_decorator to 2023-11-21T00:00:00+00:00, run_after=2023-11-22T00:00:00+00:00
[2023-11-22T19:49:26.719+0000] {processor.py:179} INFO - Processing /home/airflow/.local/lib/python3.8/site-packages/airflow/example_dags/example_branch_operator_decorator.py took 0.076 seconds
[2023-11-22T19:49:57.260+0000] {processor.py:157} INFO - Started process (PID=9583) to work on /home/airflow/.local/lib/python3.8/site-packages/airflow/example_dags/example_branch_operator_decorator.py
[2023-11-22T19:49:57.261+0000] {processor.py:829} INFO - Processing file /home/airflow/.local/lib/python3.8/site-packages/airflow/example_dags/example_branch_operator_decorator.py for tasks to queue
[2023-11-22T19:49:57.262+0000] {logging_mixin.py:154} INFO - [2023-11-22T19:49:57.262+0000] {dagbag.py:536} INFO - Filling up the DagBag from /home/airflow/.local/lib/python3.8/site-packages/airflow/example_dags/example_branch_operator_decorator.py
[2023-11-22T19:49:57.271+0000] {processor.py:839} INFO - DAG(s) dict_keys(['example_branch_python_operator_decorator']) retrieved from /home/airflow/.local/lib/python3.8/site-packages/airflow/example_dags/example_branch_operator_decorator.py
[2023-11-22T19:49:57.294+0000] {logging_mixin.py:154} INFO - [2023-11-22T19:49:57.294+0000] {dag.py:2941} INFO - Sync 1 DAGs
[2023-11-22T19:49:57.436+0000] {logging_mixin.py:154} INFO - [2023-11-22T19:49:57.436+0000] {dag.py:3722} INFO - Setting next_dagrun for example_branch_python_operator_decorator to 2023-11-21T00:00:00+00:00, run_after=2023-11-22T00:00:00+00:00
[2023-11-22T19:49:57.448+0000] {processor.py:179} INFO - Processing /home/airflow/.local/lib/python3.8/site-packages/airflow/example_dags/example_branch_operator_decorator.py took 0.192 seconds
[2023-11-22T19:50:27.537+0000] {processor.py:157} INFO - Started process (PID=9821) to work on /home/airflow/.local/lib/python3.8/site-packages/airflow/example_dags/example_branch_operator_decorator.py
[2023-11-22T19:50:27.538+0000] {processor.py:829} INFO - Processing file /home/airflow/.local/lib/python3.8/site-packages/airflow/example_dags/example_branch_operator_decorator.py for tasks to queue
[2023-11-22T19:50:27.539+0000] {logging_mixin.py:154} INFO - [2023-11-22T19:50:27.538+0000] {dagbag.py:536} INFO - Filling up the DagBag from /home/airflow/.local/lib/python3.8/site-packages/airflow/example_dags/example_branch_operator_decorator.py
[2023-11-22T19:50:27.547+0000] {processor.py:839} INFO - DAG(s) dict_keys(['example_branch_python_operator_decorator']) retrieved from /home/airflow/.local/lib/python3.8/site-packages/airflow/example_dags/example_branch_operator_decorator.py
[2023-11-22T19:50:27.570+0000] {logging_mixin.py:154} INFO - [2023-11-22T19:50:27.570+0000] {dag.py:2941} INFO - Sync 1 DAGs
[2023-11-22T19:50:27.698+0000] {logging_mixin.py:154} INFO - [2023-11-22T19:50:27.698+0000] {dag.py:3722} INFO - Setting next_dagrun for example_branch_python_operator_decorator to 2023-11-21T00:00:00+00:00, run_after=2023-11-22T00:00:00+00:00
[2023-11-22T19:50:27.711+0000] {processor.py:179} INFO - Processing /home/airflow/.local/lib/python3.8/site-packages/airflow/example_dags/example_branch_operator_decorator.py took 0.177 seconds
[2023-11-22T19:50:57.910+0000] {processor.py:157} INFO - Started process (PID=10059) to work on /home/airflow/.local/lib/python3.8/site-packages/airflow/example_dags/example_branch_operator_decorator.py
[2023-11-22T19:50:57.911+0000] {processor.py:829} INFO - Processing file /home/airflow/.local/lib/python3.8/site-packages/airflow/example_dags/example_branch_operator_decorator.py for tasks to queue
[2023-11-22T19:50:57.911+0000] {logging_mixin.py:154} INFO - [2023-11-22T19:50:57.911+0000] {dagbag.py:536} INFO - Filling up the DagBag from /home/airflow/.local/lib/python3.8/site-packages/airflow/example_dags/example_branch_operator_decorator.py
[2023-11-22T19:50:57.920+0000] {processor.py:839} INFO - DAG(s) dict_keys(['example_branch_python_operator_decorator']) retrieved from /home/airflow/.local/lib/python3.8/site-packages/airflow/example_dags/example_branch_operator_decorator.py
[2023-11-22T19:50:57.942+0000] {logging_mixin.py:154} INFO - [2023-11-22T19:50:57.942+0000] {dag.py:2941} INFO - Sync 1 DAGs
[2023-11-22T19:50:57.961+0000] {logging_mixin.py:154} INFO - [2023-11-22T19:50:57.961+0000] {dag.py:3722} INFO - Setting next_dagrun for example_branch_python_operator_decorator to 2023-11-21T00:00:00+00:00, run_after=2023-11-22T00:00:00+00:00
[2023-11-22T19:50:58.091+0000] {processor.py:179} INFO - Processing /home/airflow/.local/lib/python3.8/site-packages/airflow/example_dags/example_branch_operator_decorator.py took 0.185 seconds
[2023-11-22T19:51:28.260+0000] {processor.py:157} INFO - Started process (PID=10297) to work on /home/airflow/.local/lib/python3.8/site-packages/airflow/example_dags/example_branch_operator_decorator.py
[2023-11-22T19:51:28.261+0000] {processor.py:829} INFO - Processing file /home/airflow/.local/lib/python3.8/site-packages/airflow/example_dags/example_branch_operator_decorator.py for tasks to queue
[2023-11-22T19:51:28.262+0000] {logging_mixin.py:154} INFO - [2023-11-22T19:51:28.262+0000] {dagbag.py:536} INFO - Filling up the DagBag from /home/airflow/.local/lib/python3.8/site-packages/airflow/example_dags/example_branch_operator_decorator.py
[2023-11-22T19:51:28.270+0000] {processor.py:839} INFO - DAG(s) dict_keys(['example_branch_python_operator_decorator']) retrieved from /home/airflow/.local/lib/python3.8/site-packages/airflow/example_dags/example_branch_operator_decorator.py
[2023-11-22T19:51:28.292+0000] {logging_mixin.py:154} INFO - [2023-11-22T19:51:28.292+0000] {dag.py:2941} INFO - Sync 1 DAGs
[2023-11-22T19:51:28.309+0000] {logging_mixin.py:154} INFO - [2023-11-22T19:51:28.309+0000] {dag.py:3722} INFO - Setting next_dagrun for example_branch_python_operator_decorator to 2023-11-21T00:00:00+00:00, run_after=2023-11-22T00:00:00+00:00
[2023-11-22T19:51:28.321+0000] {processor.py:179} INFO - Processing /home/airflow/.local/lib/python3.8/site-packages/airflow/example_dags/example_branch_operator_decorator.py took 0.064 seconds
[2023-11-22T19:51:59.201+0000] {processor.py:157} INFO - Started process (PID=10535) to work on /home/airflow/.local/lib/python3.8/site-packages/airflow/example_dags/example_branch_operator_decorator.py
[2023-11-22T19:51:59.202+0000] {processor.py:829} INFO - Processing file /home/airflow/.local/lib/python3.8/site-packages/airflow/example_dags/example_branch_operator_decorator.py for tasks to queue
[2023-11-22T19:51:59.203+0000] {logging_mixin.py:154} INFO - [2023-11-22T19:51:59.203+0000] {dagbag.py:536} INFO - Filling up the DagBag from /home/airflow/.local/lib/python3.8/site-packages/airflow/example_dags/example_branch_operator_decorator.py
[2023-11-22T19:51:59.211+0000] {processor.py:839} INFO - DAG(s) dict_keys(['example_branch_python_operator_decorator']) retrieved from /home/airflow/.local/lib/python3.8/site-packages/airflow/example_dags/example_branch_operator_decorator.py
[2023-11-22T19:51:59.359+0000] {logging_mixin.py:154} INFO - [2023-11-22T19:51:59.359+0000] {dag.py:2941} INFO - Sync 1 DAGs
[2023-11-22T19:51:59.376+0000] {logging_mixin.py:154} INFO - [2023-11-22T19:51:59.375+0000] {dag.py:3722} INFO - Setting next_dagrun for example_branch_python_operator_decorator to 2023-11-21T00:00:00+00:00, run_after=2023-11-22T00:00:00+00:00
[2023-11-22T19:51:59.388+0000] {processor.py:179} INFO - Processing /home/airflow/.local/lib/python3.8/site-packages/airflow/example_dags/example_branch_operator_decorator.py took 0.190 seconds
[2023-11-22T19:52:30.289+0000] {processor.py:157} INFO - Started process (PID=10774) to work on /home/airflow/.local/lib/python3.8/site-packages/airflow/example_dags/example_branch_operator_decorator.py
[2023-11-22T19:52:30.291+0000] {processor.py:829} INFO - Processing file /home/airflow/.local/lib/python3.8/site-packages/airflow/example_dags/example_branch_operator_decorator.py for tasks to queue
[2023-11-22T19:52:30.292+0000] {logging_mixin.py:154} INFO - [2023-11-22T19:52:30.291+0000] {dagbag.py:536} INFO - Filling up the DagBag from /home/airflow/.local/lib/python3.8/site-packages/airflow/example_dags/example_branch_operator_decorator.py
[2023-11-22T19:52:30.301+0000] {processor.py:839} INFO - DAG(s) dict_keys(['example_branch_python_operator_decorator']) retrieved from /home/airflow/.local/lib/python3.8/site-packages/airflow/example_dags/example_branch_operator_decorator.py
[2023-11-22T19:52:30.322+0000] {logging_mixin.py:154} INFO - [2023-11-22T19:52:30.322+0000] {dag.py:2941} INFO - Sync 1 DAGs
[2023-11-22T19:52:30.339+0000] {logging_mixin.py:154} INFO - [2023-11-22T19:52:30.339+0000] {dag.py:3722} INFO - Setting next_dagrun for example_branch_python_operator_decorator to 2023-11-21T00:00:00+00:00, run_after=2023-11-22T00:00:00+00:00
[2023-11-22T19:52:30.351+0000] {processor.py:179} INFO - Processing /home/airflow/.local/lib/python3.8/site-packages/airflow/example_dags/example_branch_operator_decorator.py took 0.065 seconds
[2023-11-22T19:53:00.744+0000] {processor.py:157} INFO - Started process (PID=11012) to work on /home/airflow/.local/lib/python3.8/site-packages/airflow/example_dags/example_branch_operator_decorator.py
[2023-11-22T19:53:00.745+0000] {processor.py:829} INFO - Processing file /home/airflow/.local/lib/python3.8/site-packages/airflow/example_dags/example_branch_operator_decorator.py for tasks to queue
[2023-11-22T19:53:00.746+0000] {logging_mixin.py:154} INFO - [2023-11-22T19:53:00.746+0000] {dagbag.py:536} INFO - Filling up the DagBag from /home/airflow/.local/lib/python3.8/site-packages/airflow/example_dags/example_branch_operator_decorator.py
[2023-11-22T19:53:00.757+0000] {processor.py:839} INFO - DAG(s) dict_keys(['example_branch_python_operator_decorator']) retrieved from /home/airflow/.local/lib/python3.8/site-packages/airflow/example_dags/example_branch_operator_decorator.py
[2023-11-22T19:53:00.779+0000] {logging_mixin.py:154} INFO - [2023-11-22T19:53:00.779+0000] {dag.py:2941} INFO - Sync 1 DAGs
[2023-11-22T19:53:00.797+0000] {logging_mixin.py:154} INFO - [2023-11-22T19:53:00.797+0000] {dag.py:3722} INFO - Setting next_dagrun for example_branch_python_operator_decorator to 2023-11-21T00:00:00+00:00, run_after=2023-11-22T00:00:00+00:00
[2023-11-22T19:53:00.810+0000] {processor.py:179} INFO - Processing /home/airflow/.local/lib/python3.8/site-packages/airflow/example_dags/example_branch_operator_decorator.py took 0.071 seconds
[2023-11-22T19:53:31.119+0000] {processor.py:157} INFO - Started process (PID=11250) to work on /home/airflow/.local/lib/python3.8/site-packages/airflow/example_dags/example_branch_operator_decorator.py
[2023-11-22T19:53:31.121+0000] {processor.py:829} INFO - Processing file /home/airflow/.local/lib/python3.8/site-packages/airflow/example_dags/example_branch_operator_decorator.py for tasks to queue
[2023-11-22T19:53:31.122+0000] {logging_mixin.py:154} INFO - [2023-11-22T19:53:31.121+0000] {dagbag.py:536} INFO - Filling up the DagBag from /home/airflow/.local/lib/python3.8/site-packages/airflow/example_dags/example_branch_operator_decorator.py
[2023-11-22T19:53:31.132+0000] {processor.py:839} INFO - DAG(s) dict_keys(['example_branch_python_operator_decorator']) retrieved from /home/airflow/.local/lib/python3.8/site-packages/airflow/example_dags/example_branch_operator_decorator.py
[2023-11-22T19:53:31.153+0000] {logging_mixin.py:154} INFO - [2023-11-22T19:53:31.153+0000] {dag.py:2941} INFO - Sync 1 DAGs
[2023-11-22T19:53:31.169+0000] {logging_mixin.py:154} INFO - [2023-11-22T19:53:31.169+0000] {dag.py:3722} INFO - Setting next_dagrun for example_branch_python_operator_decorator to 2023-11-21T00:00:00+00:00, run_after=2023-11-22T00:00:00+00:00
[2023-11-22T19:53:31.181+0000] {processor.py:179} INFO - Processing /home/airflow/.local/lib/python3.8/site-packages/airflow/example_dags/example_branch_operator_decorator.py took 0.066 seconds
[2023-11-22T19:54:01.720+0000] {processor.py:157} INFO - Started process (PID=11488) to work on /home/airflow/.local/lib/python3.8/site-packages/airflow/example_dags/example_branch_operator_decorator.py
[2023-11-22T19:54:01.721+0000] {processor.py:829} INFO - Processing file /home/airflow/.local/lib/python3.8/site-packages/airflow/example_dags/example_branch_operator_decorator.py for tasks to queue
[2023-11-22T19:54:01.722+0000] {logging_mixin.py:154} INFO - [2023-11-22T19:54:01.721+0000] {dagbag.py:536} INFO - Filling up the DagBag from /home/airflow/.local/lib/python3.8/site-packages/airflow/example_dags/example_branch_operator_decorator.py
[2023-11-22T19:54:01.732+0000] {processor.py:839} INFO - DAG(s) dict_keys(['example_branch_python_operator_decorator']) retrieved from /home/airflow/.local/lib/python3.8/site-packages/airflow/example_dags/example_branch_operator_decorator.py
[2023-11-22T19:54:01.763+0000] {logging_mixin.py:154} INFO - [2023-11-22T19:54:01.763+0000] {dag.py:2941} INFO - Sync 1 DAGs
[2023-11-22T19:54:01.808+0000] {logging_mixin.py:154} INFO - [2023-11-22T19:54:01.807+0000] {dag.py:3722} INFO - Setting next_dagrun for example_branch_python_operator_decorator to 2023-11-21T00:00:00+00:00, run_after=2023-11-22T00:00:00+00:00
[2023-11-22T19:54:01.917+0000] {processor.py:179} INFO - Processing /home/airflow/.local/lib/python3.8/site-packages/airflow/example_dags/example_branch_operator_decorator.py took 0.202 seconds
[2023-11-22T20:36:15.287+0000] {processor.py:157} INFO - Started process (PID=11728) to work on /home/airflow/.local/lib/python3.8/site-packages/airflow/example_dags/example_branch_operator_decorator.py
[2023-11-22T20:36:15.288+0000] {processor.py:829} INFO - Processing file /home/airflow/.local/lib/python3.8/site-packages/airflow/example_dags/example_branch_operator_decorator.py for tasks to queue
[2023-11-22T20:36:15.289+0000] {logging_mixin.py:154} INFO - [2023-11-22T20:36:15.289+0000] {dagbag.py:536} INFO - Filling up the DagBag from /home/airflow/.local/lib/python3.8/site-packages/airflow/example_dags/example_branch_operator_decorator.py
[2023-11-22T20:36:15.298+0000] {processor.py:839} INFO - DAG(s) dict_keys(['example_branch_python_operator_decorator']) retrieved from /home/airflow/.local/lib/python3.8/site-packages/airflow/example_dags/example_branch_operator_decorator.py
[2023-11-22T20:36:15.320+0000] {logging_mixin.py:154} INFO - [2023-11-22T20:36:15.320+0000] {dag.py:2941} INFO - Sync 1 DAGs
[2023-11-22T20:36:15.338+0000] {logging_mixin.py:154} INFO - [2023-11-22T20:36:15.338+0000] {dag.py:3722} INFO - Setting next_dagrun for example_branch_python_operator_decorator to 2023-11-21T00:00:00+00:00, run_after=2023-11-22T00:00:00+00:00
[2023-11-22T20:36:15.351+0000] {processor.py:179} INFO - Processing /home/airflow/.local/lib/python3.8/site-packages/airflow/example_dags/example_branch_operator_decorator.py took 0.067 seconds
[2023-11-22T21:01:34.634+0000] {processor.py:157} INFO - Started process (PID=11967) to work on /home/airflow/.local/lib/python3.8/site-packages/airflow/example_dags/example_branch_operator_decorator.py
[2023-11-22T21:01:34.636+0000] {processor.py:829} INFO - Processing file /home/airflow/.local/lib/python3.8/site-packages/airflow/example_dags/example_branch_operator_decorator.py for tasks to queue
[2023-11-22T21:01:34.636+0000] {logging_mixin.py:154} INFO - [2023-11-22T21:01:34.636+0000] {dagbag.py:536} INFO - Filling up the DagBag from /home/airflow/.local/lib/python3.8/site-packages/airflow/example_dags/example_branch_operator_decorator.py
[2023-11-22T21:01:34.647+0000] {processor.py:839} INFO - DAG(s) dict_keys(['example_branch_python_operator_decorator']) retrieved from /home/airflow/.local/lib/python3.8/site-packages/airflow/example_dags/example_branch_operator_decorator.py
[2023-11-22T21:01:34.681+0000] {logging_mixin.py:154} INFO - [2023-11-22T21:01:34.681+0000] {dag.py:2941} INFO - Sync 1 DAGs
[2023-11-22T21:01:34.707+0000] {logging_mixin.py:154} INFO - [2023-11-22T21:01:34.707+0000] {dag.py:3722} INFO - Setting next_dagrun for example_branch_python_operator_decorator to 2023-11-21T00:00:00+00:00, run_after=2023-11-22T00:00:00+00:00
[2023-11-22T21:01:34.724+0000] {processor.py:179} INFO - Processing /home/airflow/.local/lib/python3.8/site-packages/airflow/example_dags/example_branch_operator_decorator.py took 0.093 seconds
[2023-11-22T21:02:05.147+0000] {processor.py:157} INFO - Started process (PID=12205) to work on /home/airflow/.local/lib/python3.8/site-packages/airflow/example_dags/example_branch_operator_decorator.py
[2023-11-22T21:02:05.150+0000] {processor.py:829} INFO - Processing file /home/airflow/.local/lib/python3.8/site-packages/airflow/example_dags/example_branch_operator_decorator.py for tasks to queue
[2023-11-22T21:02:05.152+0000] {logging_mixin.py:154} INFO - [2023-11-22T21:02:05.152+0000] {dagbag.py:536} INFO - Filling up the DagBag from /home/airflow/.local/lib/python3.8/site-packages/airflow/example_dags/example_branch_operator_decorator.py
[2023-11-22T21:02:05.169+0000] {processor.py:839} INFO - DAG(s) dict_keys(['example_branch_python_operator_decorator']) retrieved from /home/airflow/.local/lib/python3.8/site-packages/airflow/example_dags/example_branch_operator_decorator.py
[2023-11-22T21:02:05.212+0000] {logging_mixin.py:154} INFO - [2023-11-22T21:02:05.211+0000] {dag.py:2941} INFO - Sync 1 DAGs
[2023-11-22T21:02:05.247+0000] {logging_mixin.py:154} INFO - [2023-11-22T21:02:05.247+0000] {dag.py:3722} INFO - Setting next_dagrun for example_branch_python_operator_decorator to 2023-11-21T00:00:00+00:00, run_after=2023-11-22T00:00:00+00:00
[2023-11-22T21:02:05.283+0000] {processor.py:179} INFO - Processing /home/airflow/.local/lib/python3.8/site-packages/airflow/example_dags/example_branch_operator_decorator.py took 0.144 seconds
[2023-11-22T21:02:36.184+0000] {processor.py:157} INFO - Started process (PID=12443) to work on /home/airflow/.local/lib/python3.8/site-packages/airflow/example_dags/example_branch_operator_decorator.py
[2023-11-22T21:02:36.185+0000] {processor.py:829} INFO - Processing file /home/airflow/.local/lib/python3.8/site-packages/airflow/example_dags/example_branch_operator_decorator.py for tasks to queue
[2023-11-22T21:02:36.186+0000] {logging_mixin.py:154} INFO - [2023-11-22T21:02:36.186+0000] {dagbag.py:536} INFO - Filling up the DagBag from /home/airflow/.local/lib/python3.8/site-packages/airflow/example_dags/example_branch_operator_decorator.py
[2023-11-22T21:02:36.197+0000] {processor.py:839} INFO - DAG(s) dict_keys(['example_branch_python_operator_decorator']) retrieved from /home/airflow/.local/lib/python3.8/site-packages/airflow/example_dags/example_branch_operator_decorator.py
[2023-11-22T21:02:36.219+0000] {logging_mixin.py:154} INFO - [2023-11-22T21:02:36.219+0000] {dag.py:2941} INFO - Sync 1 DAGs
[2023-11-22T21:02:36.235+0000] {logging_mixin.py:154} INFO - [2023-11-22T21:02:36.235+0000] {dag.py:3722} INFO - Setting next_dagrun for example_branch_python_operator_decorator to 2023-11-21T00:00:00+00:00, run_after=2023-11-22T00:00:00+00:00
[2023-11-22T21:02:36.247+0000] {processor.py:179} INFO - Processing /home/airflow/.local/lib/python3.8/site-packages/airflow/example_dags/example_branch_operator_decorator.py took 0.067 seconds
[2023-11-22T21:03:06.429+0000] {processor.py:157} INFO - Started process (PID=12681) to work on /home/airflow/.local/lib/python3.8/site-packages/airflow/example_dags/example_branch_operator_decorator.py
[2023-11-22T21:03:06.430+0000] {processor.py:829} INFO - Processing file /home/airflow/.local/lib/python3.8/site-packages/airflow/example_dags/example_branch_operator_decorator.py for tasks to queue
[2023-11-22T21:03:06.431+0000] {logging_mixin.py:154} INFO - [2023-11-22T21:03:06.430+0000] {dagbag.py:536} INFO - Filling up the DagBag from /home/airflow/.local/lib/python3.8/site-packages/airflow/example_dags/example_branch_operator_decorator.py
[2023-11-22T21:03:06.441+0000] {processor.py:839} INFO - DAG(s) dict_keys(['example_branch_python_operator_decorator']) retrieved from /home/airflow/.local/lib/python3.8/site-packages/airflow/example_dags/example_branch_operator_decorator.py
[2023-11-22T21:03:06.462+0000] {logging_mixin.py:154} INFO - [2023-11-22T21:03:06.462+0000] {dag.py:2941} INFO - Sync 1 DAGs
[2023-11-22T21:03:06.479+0000] {logging_mixin.py:154} INFO - [2023-11-22T21:03:06.478+0000] {dag.py:3722} INFO - Setting next_dagrun for example_branch_python_operator_decorator to 2023-11-21T00:00:00+00:00, run_after=2023-11-22T00:00:00+00:00
[2023-11-22T21:03:06.491+0000] {processor.py:179} INFO - Processing /home/airflow/.local/lib/python3.8/site-packages/airflow/example_dags/example_branch_operator_decorator.py took 0.066 seconds
[2023-11-22T21:03:37.358+0000] {processor.py:157} INFO - Started process (PID=12919) to work on /home/airflow/.local/lib/python3.8/site-packages/airflow/example_dags/example_branch_operator_decorator.py
[2023-11-22T21:03:37.359+0000] {processor.py:829} INFO - Processing file /home/airflow/.local/lib/python3.8/site-packages/airflow/example_dags/example_branch_operator_decorator.py for tasks to queue
[2023-11-22T21:03:37.360+0000] {logging_mixin.py:154} INFO - [2023-11-22T21:03:37.360+0000] {dagbag.py:536} INFO - Filling up the DagBag from /home/airflow/.local/lib/python3.8/site-packages/airflow/example_dags/example_branch_operator_decorator.py
[2023-11-22T21:03:37.373+0000] {processor.py:839} INFO - DAG(s) dict_keys(['example_branch_python_operator_decorator']) retrieved from /home/airflow/.local/lib/python3.8/site-packages/airflow/example_dags/example_branch_operator_decorator.py
[2023-11-22T21:03:37.397+0000] {logging_mixin.py:154} INFO - [2023-11-22T21:03:37.397+0000] {dag.py:2941} INFO - Sync 1 DAGs
[2023-11-22T21:03:37.415+0000] {logging_mixin.py:154} INFO - [2023-11-22T21:03:37.415+0000] {dag.py:3722} INFO - Setting next_dagrun for example_branch_python_operator_decorator to 2023-11-21T00:00:00+00:00, run_after=2023-11-22T00:00:00+00:00
[2023-11-22T21:03:37.428+0000] {processor.py:179} INFO - Processing /home/airflow/.local/lib/python3.8/site-packages/airflow/example_dags/example_branch_operator_decorator.py took 0.075 seconds
[2023-11-22T21:04:07.853+0000] {processor.py:157} INFO - Started process (PID=13157) to work on /home/airflow/.local/lib/python3.8/site-packages/airflow/example_dags/example_branch_operator_decorator.py
[2023-11-22T21:04:07.854+0000] {processor.py:829} INFO - Processing file /home/airflow/.local/lib/python3.8/site-packages/airflow/example_dags/example_branch_operator_decorator.py for tasks to queue
[2023-11-22T21:04:07.855+0000] {logging_mixin.py:154} INFO - [2023-11-22T21:04:07.855+0000] {dagbag.py:536} INFO - Filling up the DagBag from /home/airflow/.local/lib/python3.8/site-packages/airflow/example_dags/example_branch_operator_decorator.py
[2023-11-22T21:04:07.865+0000] {processor.py:839} INFO - DAG(s) dict_keys(['example_branch_python_operator_decorator']) retrieved from /home/airflow/.local/lib/python3.8/site-packages/airflow/example_dags/example_branch_operator_decorator.py
[2023-11-22T21:04:07.890+0000] {logging_mixin.py:154} INFO - [2023-11-22T21:04:07.890+0000] {dag.py:2941} INFO - Sync 1 DAGs
[2023-11-22T21:04:07.908+0000] {logging_mixin.py:154} INFO - [2023-11-22T21:04:07.908+0000] {dag.py:3722} INFO - Setting next_dagrun for example_branch_python_operator_decorator to 2023-11-21T00:00:00+00:00, run_after=2023-11-22T00:00:00+00:00
[2023-11-22T21:04:07.924+0000] {processor.py:179} INFO - Processing /home/airflow/.local/lib/python3.8/site-packages/airflow/example_dags/example_branch_operator_decorator.py took 0.074 seconds
[2023-11-22T21:04:38.513+0000] {processor.py:157} INFO - Started process (PID=13395) to work on /home/airflow/.local/lib/python3.8/site-packages/airflow/example_dags/example_branch_operator_decorator.py
[2023-11-22T21:04:38.514+0000] {processor.py:829} INFO - Processing file /home/airflow/.local/lib/python3.8/site-packages/airflow/example_dags/example_branch_operator_decorator.py for tasks to queue
[2023-11-22T21:04:38.516+0000] {logging_mixin.py:154} INFO - [2023-11-22T21:04:38.515+0000] {dagbag.py:536} INFO - Filling up the DagBag from /home/airflow/.local/lib/python3.8/site-packages/airflow/example_dags/example_branch_operator_decorator.py
[2023-11-22T21:04:38.526+0000] {processor.py:839} INFO - DAG(s) dict_keys(['example_branch_python_operator_decorator']) retrieved from /home/airflow/.local/lib/python3.8/site-packages/airflow/example_dags/example_branch_operator_decorator.py
[2023-11-22T21:04:38.548+0000] {logging_mixin.py:154} INFO - [2023-11-22T21:04:38.548+0000] {dag.py:2941} INFO - Sync 1 DAGs
[2023-11-22T21:04:38.565+0000] {logging_mixin.py:154} INFO - [2023-11-22T21:04:38.565+0000] {dag.py:3722} INFO - Setting next_dagrun for example_branch_python_operator_decorator to 2023-11-21T00:00:00+00:00, run_after=2023-11-22T00:00:00+00:00
[2023-11-22T21:04:38.578+0000] {processor.py:179} INFO - Processing /home/airflow/.local/lib/python3.8/site-packages/airflow/example_dags/example_branch_operator_decorator.py took 0.069 seconds
[2023-11-22T21:05:09.039+0000] {processor.py:157} INFO - Started process (PID=13633) to work on /home/airflow/.local/lib/python3.8/site-packages/airflow/example_dags/example_branch_operator_decorator.py
[2023-11-22T21:05:09.041+0000] {processor.py:829} INFO - Processing file /home/airflow/.local/lib/python3.8/site-packages/airflow/example_dags/example_branch_operator_decorator.py for tasks to queue
[2023-11-22T21:05:09.042+0000] {logging_mixin.py:154} INFO - [2023-11-22T21:05:09.042+0000] {dagbag.py:536} INFO - Filling up the DagBag from /home/airflow/.local/lib/python3.8/site-packages/airflow/example_dags/example_branch_operator_decorator.py
[2023-11-22T21:05:09.053+0000] {processor.py:839} INFO - DAG(s) dict_keys(['example_branch_python_operator_decorator']) retrieved from /home/airflow/.local/lib/python3.8/site-packages/airflow/example_dags/example_branch_operator_decorator.py
[2023-11-22T21:05:09.078+0000] {logging_mixin.py:154} INFO - [2023-11-22T21:05:09.078+0000] {dag.py:2941} INFO - Sync 1 DAGs
[2023-11-22T21:05:09.095+0000] {logging_mixin.py:154} INFO - [2023-11-22T21:05:09.095+0000] {dag.py:3722} INFO - Setting next_dagrun for example_branch_python_operator_decorator to 2023-11-21T00:00:00+00:00, run_after=2023-11-22T00:00:00+00:00
[2023-11-22T21:05:09.111+0000] {processor.py:179} INFO - Processing /home/airflow/.local/lib/python3.8/site-packages/airflow/example_dags/example_branch_operator_decorator.py took 0.077 seconds
[2023-11-22T21:05:39.766+0000] {processor.py:157} INFO - Started process (PID=13870) to work on /home/airflow/.local/lib/python3.8/site-packages/airflow/example_dags/example_branch_operator_decorator.py
[2023-11-22T21:05:39.767+0000] {processor.py:829} INFO - Processing file /home/airflow/.local/lib/python3.8/site-packages/airflow/example_dags/example_branch_operator_decorator.py for tasks to queue
[2023-11-22T21:05:39.769+0000] {logging_mixin.py:154} INFO - [2023-11-22T21:05:39.768+0000] {dagbag.py:536} INFO - Filling up the DagBag from /home/airflow/.local/lib/python3.8/site-packages/airflow/example_dags/example_branch_operator_decorator.py
[2023-11-22T21:05:39.782+0000] {processor.py:839} INFO - DAG(s) dict_keys(['example_branch_python_operator_decorator']) retrieved from /home/airflow/.local/lib/python3.8/site-packages/airflow/example_dags/example_branch_operator_decorator.py
[2023-11-22T21:05:39.808+0000] {logging_mixin.py:154} INFO - [2023-11-22T21:05:39.808+0000] {dag.py:2941} INFO - Sync 1 DAGs
[2023-11-22T21:05:39.829+0000] {logging_mixin.py:154} INFO - [2023-11-22T21:05:39.829+0000] {dag.py:3722} INFO - Setting next_dagrun for example_branch_python_operator_decorator to 2023-11-21T00:00:00+00:00, run_after=2023-11-22T00:00:00+00:00
[2023-11-22T21:05:39.844+0000] {processor.py:179} INFO - Processing /home/airflow/.local/lib/python3.8/site-packages/airflow/example_dags/example_branch_operator_decorator.py took 0.083 seconds
[2023-11-22T21:06:09.968+0000] {processor.py:157} INFO - Started process (PID=14108) to work on /home/airflow/.local/lib/python3.8/site-packages/airflow/example_dags/example_branch_operator_decorator.py
[2023-11-22T21:06:09.969+0000] {processor.py:829} INFO - Processing file /home/airflow/.local/lib/python3.8/site-packages/airflow/example_dags/example_branch_operator_decorator.py for tasks to queue
[2023-11-22T21:06:09.970+0000] {logging_mixin.py:154} INFO - [2023-11-22T21:06:09.969+0000] {dagbag.py:536} INFO - Filling up the DagBag from /home/airflow/.local/lib/python3.8/site-packages/airflow/example_dags/example_branch_operator_decorator.py
[2023-11-22T21:06:09.979+0000] {processor.py:839} INFO - DAG(s) dict_keys(['example_branch_python_operator_decorator']) retrieved from /home/airflow/.local/lib/python3.8/site-packages/airflow/example_dags/example_branch_operator_decorator.py
[2023-11-22T21:06:10.003+0000] {logging_mixin.py:154} INFO - [2023-11-22T21:06:10.002+0000] {dag.py:2941} INFO - Sync 1 DAGs
[2023-11-22T21:06:10.021+0000] {logging_mixin.py:154} INFO - [2023-11-22T21:06:10.021+0000] {dag.py:3722} INFO - Setting next_dagrun for example_branch_python_operator_decorator to 2023-11-21T00:00:00+00:00, run_after=2023-11-22T00:00:00+00:00
[2023-11-22T21:06:10.035+0000] {processor.py:179} INFO - Processing /home/airflow/.local/lib/python3.8/site-packages/airflow/example_dags/example_branch_operator_decorator.py took 0.071 seconds
[2023-11-22T21:06:40.987+0000] {processor.py:157} INFO - Started process (PID=14346) to work on /home/airflow/.local/lib/python3.8/site-packages/airflow/example_dags/example_branch_operator_decorator.py
[2023-11-22T21:06:40.988+0000] {processor.py:829} INFO - Processing file /home/airflow/.local/lib/python3.8/site-packages/airflow/example_dags/example_branch_operator_decorator.py for tasks to queue
[2023-11-22T21:06:40.990+0000] {logging_mixin.py:154} INFO - [2023-11-22T21:06:40.989+0000] {dagbag.py:536} INFO - Filling up the DagBag from /home/airflow/.local/lib/python3.8/site-packages/airflow/example_dags/example_branch_operator_decorator.py
[2023-11-22T21:06:41.002+0000] {processor.py:839} INFO - DAG(s) dict_keys(['example_branch_python_operator_decorator']) retrieved from /home/airflow/.local/lib/python3.8/site-packages/airflow/example_dags/example_branch_operator_decorator.py
[2023-11-22T21:06:41.025+0000] {logging_mixin.py:154} INFO - [2023-11-22T21:06:41.025+0000] {dag.py:2941} INFO - Sync 1 DAGs
[2023-11-22T21:06:41.044+0000] {logging_mixin.py:154} INFO - [2023-11-22T21:06:41.044+0000] {dag.py:3722} INFO - Setting next_dagrun for example_branch_python_operator_decorator to 2023-11-21T00:00:00+00:00, run_after=2023-11-22T00:00:00+00:00
[2023-11-22T21:06:41.058+0000] {processor.py:179} INFO - Processing /home/airflow/.local/lib/python3.8/site-packages/airflow/example_dags/example_branch_operator_decorator.py took 0.075 seconds
[2023-11-22T21:07:11.935+0000] {processor.py:157} INFO - Started process (PID=14584) to work on /home/airflow/.local/lib/python3.8/site-packages/airflow/example_dags/example_branch_operator_decorator.py
[2023-11-22T21:07:11.936+0000] {processor.py:829} INFO - Processing file /home/airflow/.local/lib/python3.8/site-packages/airflow/example_dags/example_branch_operator_decorator.py for tasks to queue
[2023-11-22T21:07:11.937+0000] {logging_mixin.py:154} INFO - [2023-11-22T21:07:11.937+0000] {dagbag.py:536} INFO - Filling up the DagBag from /home/airflow/.local/lib/python3.8/site-packages/airflow/example_dags/example_branch_operator_decorator.py
[2023-11-22T21:07:11.947+0000] {processor.py:839} INFO - DAG(s) dict_keys(['example_branch_python_operator_decorator']) retrieved from /home/airflow/.local/lib/python3.8/site-packages/airflow/example_dags/example_branch_operator_decorator.py
[2023-11-22T21:07:11.972+0000] {logging_mixin.py:154} INFO - [2023-11-22T21:07:11.972+0000] {dag.py:2941} INFO - Sync 1 DAGs
[2023-11-22T21:07:11.994+0000] {logging_mixin.py:154} INFO - [2023-11-22T21:07:11.994+0000] {dag.py:3722} INFO - Setting next_dagrun for example_branch_python_operator_decorator to 2023-11-21T00:00:00+00:00, run_after=2023-11-22T00:00:00+00:00
[2023-11-22T21:07:12.010+0000] {processor.py:179} INFO - Processing /home/airflow/.local/lib/python3.8/site-packages/airflow/example_dags/example_branch_operator_decorator.py took 0.078 seconds
[2023-11-22T21:07:42.116+0000] {processor.py:157} INFO - Started process (PID=14822) to work on /home/airflow/.local/lib/python3.8/site-packages/airflow/example_dags/example_branch_operator_decorator.py
[2023-11-22T21:07:42.117+0000] {processor.py:829} INFO - Processing file /home/airflow/.local/lib/python3.8/site-packages/airflow/example_dags/example_branch_operator_decorator.py for tasks to queue
[2023-11-22T21:07:42.118+0000] {logging_mixin.py:154} INFO - [2023-11-22T21:07:42.118+0000] {dagbag.py:536} INFO - Filling up the DagBag from /home/airflow/.local/lib/python3.8/site-packages/airflow/example_dags/example_branch_operator_decorator.py
[2023-11-22T21:07:42.128+0000] {processor.py:839} INFO - DAG(s) dict_keys(['example_branch_python_operator_decorator']) retrieved from /home/airflow/.local/lib/python3.8/site-packages/airflow/example_dags/example_branch_operator_decorator.py
[2023-11-22T21:07:42.149+0000] {logging_mixin.py:154} INFO - [2023-11-22T21:07:42.149+0000] {dag.py:2941} INFO - Sync 1 DAGs
[2023-11-22T21:07:42.165+0000] {logging_mixin.py:154} INFO - [2023-11-22T21:07:42.165+0000] {dag.py:3722} INFO - Setting next_dagrun for example_branch_python_operator_decorator to 2023-11-21T00:00:00+00:00, run_after=2023-11-22T00:00:00+00:00
[2023-11-22T21:07:42.177+0000] {processor.py:179} INFO - Processing /home/airflow/.local/lib/python3.8/site-packages/airflow/example_dags/example_branch_operator_decorator.py took 0.065 seconds
[2023-11-22T21:08:12.893+0000] {processor.py:157} INFO - Started process (PID=15060) to work on /home/airflow/.local/lib/python3.8/site-packages/airflow/example_dags/example_branch_operator_decorator.py
[2023-11-22T21:08:12.894+0000] {processor.py:829} INFO - Processing file /home/airflow/.local/lib/python3.8/site-packages/airflow/example_dags/example_branch_operator_decorator.py for tasks to queue
[2023-11-22T21:08:12.895+0000] {logging_mixin.py:154} INFO - [2023-11-22T21:08:12.895+0000] {dagbag.py:536} INFO - Filling up the DagBag from /home/airflow/.local/lib/python3.8/site-packages/airflow/example_dags/example_branch_operator_decorator.py
[2023-11-22T21:08:12.903+0000] {processor.py:839} INFO - DAG(s) dict_keys(['example_branch_python_operator_decorator']) retrieved from /home/airflow/.local/lib/python3.8/site-packages/airflow/example_dags/example_branch_operator_decorator.py
[2023-11-22T21:08:12.925+0000] {logging_mixin.py:154} INFO - [2023-11-22T21:08:12.925+0000] {dag.py:2941} INFO - Sync 1 DAGs
[2023-11-22T21:08:12.942+0000] {logging_mixin.py:154} INFO - [2023-11-22T21:08:12.942+0000] {dag.py:3722} INFO - Setting next_dagrun for example_branch_python_operator_decorator to 2023-11-21T00:00:00+00:00, run_after=2023-11-22T00:00:00+00:00
[2023-11-22T21:08:12.954+0000] {processor.py:179} INFO - Processing /home/airflow/.local/lib/python3.8/site-packages/airflow/example_dags/example_branch_operator_decorator.py took 0.064 seconds
[2023-11-22T21:08:43.151+0000] {processor.py:157} INFO - Started process (PID=15298) to work on /home/airflow/.local/lib/python3.8/site-packages/airflow/example_dags/example_branch_operator_decorator.py
[2023-11-22T21:08:43.154+0000] {processor.py:829} INFO - Processing file /home/airflow/.local/lib/python3.8/site-packages/airflow/example_dags/example_branch_operator_decorator.py for tasks to queue
[2023-11-22T21:08:43.156+0000] {logging_mixin.py:154} INFO - [2023-11-22T21:08:43.156+0000] {dagbag.py:536} INFO - Filling up the DagBag from /home/airflow/.local/lib/python3.8/site-packages/airflow/example_dags/example_branch_operator_decorator.py
[2023-11-22T21:08:43.181+0000] {processor.py:839} INFO - DAG(s) dict_keys(['example_branch_python_operator_decorator']) retrieved from /home/airflow/.local/lib/python3.8/site-packages/airflow/example_dags/example_branch_operator_decorator.py
[2023-11-22T21:08:43.264+0000] {logging_mixin.py:154} INFO - [2023-11-22T21:08:43.264+0000] {dag.py:2941} INFO - Sync 1 DAGs
[2023-11-22T21:08:43.302+0000] {logging_mixin.py:154} INFO - [2023-11-22T21:08:43.302+0000] {dag.py:3722} INFO - Setting next_dagrun for example_branch_python_operator_decorator to 2023-11-21T00:00:00+00:00, run_after=2023-11-22T00:00:00+00:00
[2023-11-22T21:08:43.331+0000] {processor.py:179} INFO - Processing /home/airflow/.local/lib/python3.8/site-packages/airflow/example_dags/example_branch_operator_decorator.py took 0.187 seconds
[2023-11-22T21:09:43.118+0000] {processor.py:157} INFO - Started process (PID=297) to work on /home/airflow/.local/lib/python3.8/site-packages/airflow/example_dags/example_branch_operator_decorator.py
[2023-11-22T21:09:43.120+0000] {processor.py:829} INFO - Processing file /home/airflow/.local/lib/python3.8/site-packages/airflow/example_dags/example_branch_operator_decorator.py for tasks to queue
[2023-11-22T21:09:43.122+0000] {logging_mixin.py:154} INFO - [2023-11-22T21:09:43.121+0000] {dagbag.py:536} INFO - Filling up the DagBag from /home/airflow/.local/lib/python3.8/site-packages/airflow/example_dags/example_branch_operator_decorator.py
[2023-11-22T21:09:43.139+0000] {processor.py:839} INFO - DAG(s) dict_keys(['example_branch_python_operator_decorator']) retrieved from /home/airflow/.local/lib/python3.8/site-packages/airflow/example_dags/example_branch_operator_decorator.py
[2023-11-22T21:09:43.162+0000] {logging_mixin.py:154} INFO - [2023-11-22T21:09:43.162+0000] {dag.py:2941} INFO - Sync 1 DAGs
[2023-11-22T21:09:43.200+0000] {logging_mixin.py:154} INFO - [2023-11-22T21:09:43.200+0000] {dag.py:3722} INFO - Setting next_dagrun for example_branch_python_operator_decorator to 2023-11-21T00:00:00+00:00, run_after=2023-11-22T00:00:00+00:00
[2023-11-22T21:09:43.226+0000] {processor.py:179} INFO - Processing /home/airflow/.local/lib/python3.8/site-packages/airflow/example_dags/example_branch_operator_decorator.py took 0.114 seconds
[2023-11-22T21:10:13.355+0000] {processor.py:157} INFO - Started process (PID=536) to work on /home/airflow/.local/lib/python3.8/site-packages/airflow/example_dags/example_branch_operator_decorator.py
[2023-11-22T21:10:13.356+0000] {processor.py:829} INFO - Processing file /home/airflow/.local/lib/python3.8/site-packages/airflow/example_dags/example_branch_operator_decorator.py for tasks to queue
[2023-11-22T21:10:13.357+0000] {logging_mixin.py:154} INFO - [2023-11-22T21:10:13.357+0000] {dagbag.py:536} INFO - Filling up the DagBag from /home/airflow/.local/lib/python3.8/site-packages/airflow/example_dags/example_branch_operator_decorator.py
[2023-11-22T21:10:13.366+0000] {processor.py:839} INFO - DAG(s) dict_keys(['example_branch_python_operator_decorator']) retrieved from /home/airflow/.local/lib/python3.8/site-packages/airflow/example_dags/example_branch_operator_decorator.py
[2023-11-22T21:10:13.389+0000] {logging_mixin.py:154} INFO - [2023-11-22T21:10:13.389+0000] {dag.py:2941} INFO - Sync 1 DAGs
[2023-11-22T21:10:13.407+0000] {logging_mixin.py:154} INFO - [2023-11-22T21:10:13.407+0000] {dag.py:3722} INFO - Setting next_dagrun for example_branch_python_operator_decorator to 2023-11-21T00:00:00+00:00, run_after=2023-11-22T00:00:00+00:00
[2023-11-22T21:10:13.421+0000] {processor.py:179} INFO - Processing /home/airflow/.local/lib/python3.8/site-packages/airflow/example_dags/example_branch_operator_decorator.py took 0.069 seconds
