[2023-11-22T19:30:05.477+0000] {processor.py:157} INFO - Started process (PID=262) to work on /home/airflow/.local/lib/python3.8/site-packages/airflow/example_dags/example_xcom.py
[2023-11-22T19:30:05.478+0000] {processor.py:829} INFO - Processing file /home/airflow/.local/lib/python3.8/site-packages/airflow/example_dags/example_xcom.py for tasks to queue
[2023-11-22T19:30:05.483+0000] {logging_mixin.py:154} INFO - [2023-11-22T19:30:05.482+0000] {dagbag.py:536} INFO - Filling up the DagBag from /home/airflow/.local/lib/python3.8/site-packages/airflow/example_dags/example_xcom.py
[2023-11-22T19:30:05.493+0000] {processor.py:839} INFO - DAG(s) dict_keys(['example_xcom']) retrieved from /home/airflow/.local/lib/python3.8/site-packages/airflow/example_dags/example_xcom.py
[2023-11-22T19:30:05.525+0000] {logging_mixin.py:154} INFO - [2023-11-22T19:30:05.525+0000] {dag.py:2941} INFO - Sync 1 DAGs
[2023-11-22T19:30:05.563+0000] {logging_mixin.py:154} INFO - [2023-11-22T19:30:05.563+0000] {dag.py:3722} INFO - Setting next_dagrun for example_xcom to 2021-01-01T00:00:00+00:00, run_after=2021-01-01T00:00:00+00:00
[2023-11-22T19:30:05.598+0000] {processor.py:179} INFO - Processing /home/airflow/.local/lib/python3.8/site-packages/airflow/example_dags/example_xcom.py took 0.125 seconds
[2023-11-22T19:30:36.528+0000] {processor.py:157} INFO - Started process (PID=502) to work on /home/airflow/.local/lib/python3.8/site-packages/airflow/example_dags/example_xcom.py
[2023-11-22T19:30:36.529+0000] {processor.py:829} INFO - Processing file /home/airflow/.local/lib/python3.8/site-packages/airflow/example_dags/example_xcom.py for tasks to queue
[2023-11-22T19:30:36.530+0000] {logging_mixin.py:154} INFO - [2023-11-22T19:30:36.530+0000] {dagbag.py:536} INFO - Filling up the DagBag from /home/airflow/.local/lib/python3.8/site-packages/airflow/example_dags/example_xcom.py
[2023-11-22T19:30:36.536+0000] {processor.py:839} INFO - DAG(s) dict_keys(['example_xcom']) retrieved from /home/airflow/.local/lib/python3.8/site-packages/airflow/example_dags/example_xcom.py
[2023-11-22T19:30:36.558+0000] {logging_mixin.py:154} INFO - [2023-11-22T19:30:36.557+0000] {dag.py:2941} INFO - Sync 1 DAGs
[2023-11-22T19:30:36.574+0000] {logging_mixin.py:154} INFO - [2023-11-22T19:30:36.574+0000] {dag.py:3722} INFO - Setting next_dagrun for example_xcom to 2021-01-01T00:00:00+00:00, run_after=2021-01-01T00:00:00+00:00
[2023-11-22T19:30:36.586+0000] {processor.py:179} INFO - Processing /home/airflow/.local/lib/python3.8/site-packages/airflow/example_dags/example_xcom.py took 0.061 seconds
[2023-11-22T19:31:07.125+0000] {processor.py:157} INFO - Started process (PID=738) to work on /home/airflow/.local/lib/python3.8/site-packages/airflow/example_dags/example_xcom.py
[2023-11-22T19:31:07.126+0000] {processor.py:829} INFO - Processing file /home/airflow/.local/lib/python3.8/site-packages/airflow/example_dags/example_xcom.py for tasks to queue
[2023-11-22T19:31:07.127+0000] {logging_mixin.py:154} INFO - [2023-11-22T19:31:07.126+0000] {dagbag.py:536} INFO - Filling up the DagBag from /home/airflow/.local/lib/python3.8/site-packages/airflow/example_dags/example_xcom.py
[2023-11-22T19:31:07.133+0000] {processor.py:839} INFO - DAG(s) dict_keys(['example_xcom']) retrieved from /home/airflow/.local/lib/python3.8/site-packages/airflow/example_dags/example_xcom.py
[2023-11-22T19:31:07.157+0000] {logging_mixin.py:154} INFO - [2023-11-22T19:31:07.157+0000] {dag.py:2941} INFO - Sync 1 DAGs
[2023-11-22T19:31:07.175+0000] {logging_mixin.py:154} INFO - [2023-11-22T19:31:07.175+0000] {dag.py:3722} INFO - Setting next_dagrun for example_xcom to 2021-01-01T00:00:00+00:00, run_after=2021-01-01T00:00:00+00:00
[2023-11-22T19:31:07.188+0000] {processor.py:179} INFO - Processing /home/airflow/.local/lib/python3.8/site-packages/airflow/example_dags/example_xcom.py took 0.066 seconds
[2023-11-22T19:31:37.774+0000] {processor.py:157} INFO - Started process (PID=976) to work on /home/airflow/.local/lib/python3.8/site-packages/airflow/example_dags/example_xcom.py
[2023-11-22T19:31:37.776+0000] {processor.py:829} INFO - Processing file /home/airflow/.local/lib/python3.8/site-packages/airflow/example_dags/example_xcom.py for tasks to queue
[2023-11-22T19:31:37.777+0000] {logging_mixin.py:154} INFO - [2023-11-22T19:31:37.776+0000] {dagbag.py:536} INFO - Filling up the DagBag from /home/airflow/.local/lib/python3.8/site-packages/airflow/example_dags/example_xcom.py
[2023-11-22T19:31:37.787+0000] {processor.py:839} INFO - DAG(s) dict_keys(['example_xcom']) retrieved from /home/airflow/.local/lib/python3.8/site-packages/airflow/example_dags/example_xcom.py
[2023-11-22T19:31:37.816+0000] {logging_mixin.py:154} INFO - [2023-11-22T19:31:37.816+0000] {dag.py:2941} INFO - Sync 1 DAGs
[2023-11-22T19:31:37.843+0000] {logging_mixin.py:154} INFO - [2023-11-22T19:31:37.843+0000] {dag.py:3722} INFO - Setting next_dagrun for example_xcom to 2021-01-01T00:00:00+00:00, run_after=2021-01-01T00:00:00+00:00
[2023-11-22T19:31:37.861+0000] {processor.py:179} INFO - Processing /home/airflow/.local/lib/python3.8/site-packages/airflow/example_dags/example_xcom.py took 0.091 seconds
[2023-11-22T19:32:08.317+0000] {processor.py:157} INFO - Started process (PID=1216) to work on /home/airflow/.local/lib/python3.8/site-packages/airflow/example_dags/example_xcom.py
[2023-11-22T19:32:08.318+0000] {processor.py:829} INFO - Processing file /home/airflow/.local/lib/python3.8/site-packages/airflow/example_dags/example_xcom.py for tasks to queue
[2023-11-22T19:32:08.319+0000] {logging_mixin.py:154} INFO - [2023-11-22T19:32:08.318+0000] {dagbag.py:536} INFO - Filling up the DagBag from /home/airflow/.local/lib/python3.8/site-packages/airflow/example_dags/example_xcom.py
[2023-11-22T19:32:08.325+0000] {processor.py:839} INFO - DAG(s) dict_keys(['example_xcom']) retrieved from /home/airflow/.local/lib/python3.8/site-packages/airflow/example_dags/example_xcom.py
[2023-11-22T19:32:08.346+0000] {logging_mixin.py:154} INFO - [2023-11-22T19:32:08.346+0000] {dag.py:2941} INFO - Sync 1 DAGs
[2023-11-22T19:32:08.362+0000] {logging_mixin.py:154} INFO - [2023-11-22T19:32:08.362+0000] {dag.py:3722} INFO - Setting next_dagrun for example_xcom to 2021-01-01T00:00:00+00:00, run_after=2021-01-01T00:00:00+00:00
[2023-11-22T19:32:08.375+0000] {processor.py:179} INFO - Processing /home/airflow/.local/lib/python3.8/site-packages/airflow/example_dags/example_xcom.py took 0.061 seconds
[2023-11-22T19:32:38.773+0000] {processor.py:157} INFO - Started process (PID=1452) to work on /home/airflow/.local/lib/python3.8/site-packages/airflow/example_dags/example_xcom.py
[2023-11-22T19:32:38.774+0000] {processor.py:829} INFO - Processing file /home/airflow/.local/lib/python3.8/site-packages/airflow/example_dags/example_xcom.py for tasks to queue
[2023-11-22T19:32:38.775+0000] {logging_mixin.py:154} INFO - [2023-11-22T19:32:38.774+0000] {dagbag.py:536} INFO - Filling up the DagBag from /home/airflow/.local/lib/python3.8/site-packages/airflow/example_dags/example_xcom.py
[2023-11-22T19:32:38.782+0000] {processor.py:839} INFO - DAG(s) dict_keys(['example_xcom']) retrieved from /home/airflow/.local/lib/python3.8/site-packages/airflow/example_dags/example_xcom.py
[2023-11-22T19:32:38.807+0000] {logging_mixin.py:154} INFO - [2023-11-22T19:32:38.806+0000] {dag.py:2941} INFO - Sync 1 DAGs
[2023-11-22T19:32:38.824+0000] {logging_mixin.py:154} INFO - [2023-11-22T19:32:38.824+0000] {dag.py:3722} INFO - Setting next_dagrun for example_xcom to 2021-01-01T00:00:00+00:00, run_after=2021-01-01T00:00:00+00:00
[2023-11-22T19:32:38.837+0000] {processor.py:179} INFO - Processing /home/airflow/.local/lib/python3.8/site-packages/airflow/example_dags/example_xcom.py took 0.068 seconds
[2023-11-22T19:33:09.668+0000] {processor.py:157} INFO - Started process (PID=1691) to work on /home/airflow/.local/lib/python3.8/site-packages/airflow/example_dags/example_xcom.py
[2023-11-22T19:33:09.669+0000] {processor.py:829} INFO - Processing file /home/airflow/.local/lib/python3.8/site-packages/airflow/example_dags/example_xcom.py for tasks to queue
[2023-11-22T19:33:09.670+0000] {logging_mixin.py:154} INFO - [2023-11-22T19:33:09.670+0000] {dagbag.py:536} INFO - Filling up the DagBag from /home/airflow/.local/lib/python3.8/site-packages/airflow/example_dags/example_xcom.py
[2023-11-22T19:33:09.676+0000] {processor.py:839} INFO - DAG(s) dict_keys(['example_xcom']) retrieved from /home/airflow/.local/lib/python3.8/site-packages/airflow/example_dags/example_xcom.py
[2023-11-22T19:33:09.698+0000] {logging_mixin.py:154} INFO - [2023-11-22T19:33:09.698+0000] {dag.py:2941} INFO - Sync 1 DAGs
[2023-11-22T19:33:09.715+0000] {logging_mixin.py:154} INFO - [2023-11-22T19:33:09.715+0000] {dag.py:3722} INFO - Setting next_dagrun for example_xcom to 2021-01-01T00:00:00+00:00, run_after=2021-01-01T00:00:00+00:00
[2023-11-22T19:33:09.728+0000] {processor.py:179} INFO - Processing /home/airflow/.local/lib/python3.8/site-packages/airflow/example_dags/example_xcom.py took 0.063 seconds
[2023-11-22T19:33:40.092+0000] {processor.py:157} INFO - Started process (PID=1930) to work on /home/airflow/.local/lib/python3.8/site-packages/airflow/example_dags/example_xcom.py
[2023-11-22T19:33:40.093+0000] {processor.py:829} INFO - Processing file /home/airflow/.local/lib/python3.8/site-packages/airflow/example_dags/example_xcom.py for tasks to queue
[2023-11-22T19:33:40.093+0000] {logging_mixin.py:154} INFO - [2023-11-22T19:33:40.093+0000] {dagbag.py:536} INFO - Filling up the DagBag from /home/airflow/.local/lib/python3.8/site-packages/airflow/example_dags/example_xcom.py
[2023-11-22T19:33:40.100+0000] {processor.py:839} INFO - DAG(s) dict_keys(['example_xcom']) retrieved from /home/airflow/.local/lib/python3.8/site-packages/airflow/example_dags/example_xcom.py
[2023-11-22T19:33:40.121+0000] {logging_mixin.py:154} INFO - [2023-11-22T19:33:40.121+0000] {dag.py:2941} INFO - Sync 1 DAGs
[2023-11-22T19:33:40.138+0000] {logging_mixin.py:154} INFO - [2023-11-22T19:33:40.138+0000] {dag.py:3722} INFO - Setting next_dagrun for example_xcom to 2021-01-01T00:00:00+00:00, run_after=2021-01-01T00:00:00+00:00
[2023-11-22T19:33:40.152+0000] {processor.py:179} INFO - Processing /home/airflow/.local/lib/python3.8/site-packages/airflow/example_dags/example_xcom.py took 0.063 seconds
[2023-11-22T19:34:10.833+0000] {processor.py:157} INFO - Started process (PID=2166) to work on /home/airflow/.local/lib/python3.8/site-packages/airflow/example_dags/example_xcom.py
[2023-11-22T19:34:10.834+0000] {processor.py:829} INFO - Processing file /home/airflow/.local/lib/python3.8/site-packages/airflow/example_dags/example_xcom.py for tasks to queue
[2023-11-22T19:34:10.835+0000] {logging_mixin.py:154} INFO - [2023-11-22T19:34:10.835+0000] {dagbag.py:536} INFO - Filling up the DagBag from /home/airflow/.local/lib/python3.8/site-packages/airflow/example_dags/example_xcom.py
[2023-11-22T19:34:10.842+0000] {processor.py:839} INFO - DAG(s) dict_keys(['example_xcom']) retrieved from /home/airflow/.local/lib/python3.8/site-packages/airflow/example_dags/example_xcom.py
[2023-11-22T19:34:10.867+0000] {logging_mixin.py:154} INFO - [2023-11-22T19:34:10.866+0000] {dag.py:2941} INFO - Sync 1 DAGs
[2023-11-22T19:34:10.885+0000] {logging_mixin.py:154} INFO - [2023-11-22T19:34:10.885+0000] {dag.py:3722} INFO - Setting next_dagrun for example_xcom to 2021-01-01T00:00:00+00:00, run_after=2021-01-01T00:00:00+00:00
[2023-11-22T19:34:10.900+0000] {processor.py:179} INFO - Processing /home/airflow/.local/lib/python3.8/site-packages/airflow/example_dags/example_xcom.py took 0.070 seconds
[2023-11-22T19:34:41.225+0000] {processor.py:157} INFO - Started process (PID=2404) to work on /home/airflow/.local/lib/python3.8/site-packages/airflow/example_dags/example_xcom.py
[2023-11-22T19:34:41.226+0000] {processor.py:829} INFO - Processing file /home/airflow/.local/lib/python3.8/site-packages/airflow/example_dags/example_xcom.py for tasks to queue
[2023-11-22T19:34:41.226+0000] {logging_mixin.py:154} INFO - [2023-11-22T19:34:41.226+0000] {dagbag.py:536} INFO - Filling up the DagBag from /home/airflow/.local/lib/python3.8/site-packages/airflow/example_dags/example_xcom.py
[2023-11-22T19:34:41.233+0000] {processor.py:839} INFO - DAG(s) dict_keys(['example_xcom']) retrieved from /home/airflow/.local/lib/python3.8/site-packages/airflow/example_dags/example_xcom.py
[2023-11-22T19:34:41.255+0000] {logging_mixin.py:154} INFO - [2023-11-22T19:34:41.255+0000] {dag.py:2941} INFO - Sync 1 DAGs
[2023-11-22T19:34:41.272+0000] {logging_mixin.py:154} INFO - [2023-11-22T19:34:41.271+0000] {dag.py:3722} INFO - Setting next_dagrun for example_xcom to 2021-01-01T00:00:00+00:00, run_after=2021-01-01T00:00:00+00:00
[2023-11-22T19:34:41.284+0000] {processor.py:179} INFO - Processing /home/airflow/.local/lib/python3.8/site-packages/airflow/example_dags/example_xcom.py took 0.063 seconds
[2023-11-22T19:35:11.548+0000] {processor.py:157} INFO - Started process (PID=2644) to work on /home/airflow/.local/lib/python3.8/site-packages/airflow/example_dags/example_xcom.py
[2023-11-22T19:35:11.549+0000] {processor.py:829} INFO - Processing file /home/airflow/.local/lib/python3.8/site-packages/airflow/example_dags/example_xcom.py for tasks to queue
[2023-11-22T19:35:11.550+0000] {logging_mixin.py:154} INFO - [2023-11-22T19:35:11.550+0000] {dagbag.py:536} INFO - Filling up the DagBag from /home/airflow/.local/lib/python3.8/site-packages/airflow/example_dags/example_xcom.py
[2023-11-22T19:35:11.556+0000] {processor.py:839} INFO - DAG(s) dict_keys(['example_xcom']) retrieved from /home/airflow/.local/lib/python3.8/site-packages/airflow/example_dags/example_xcom.py
[2023-11-22T19:35:11.577+0000] {logging_mixin.py:154} INFO - [2023-11-22T19:35:11.577+0000] {dag.py:2941} INFO - Sync 1 DAGs
[2023-11-22T19:35:11.593+0000] {logging_mixin.py:154} INFO - [2023-11-22T19:35:11.593+0000] {dag.py:3722} INFO - Setting next_dagrun for example_xcom to 2021-01-01T00:00:00+00:00, run_after=2021-01-01T00:00:00+00:00
[2023-11-22T19:35:11.605+0000] {processor.py:179} INFO - Processing /home/airflow/.local/lib/python3.8/site-packages/airflow/example_dags/example_xcom.py took 0.060 seconds
[2023-11-22T19:35:42.068+0000] {processor.py:157} INFO - Started process (PID=2882) to work on /home/airflow/.local/lib/python3.8/site-packages/airflow/example_dags/example_xcom.py
[2023-11-22T19:35:42.069+0000] {processor.py:829} INFO - Processing file /home/airflow/.local/lib/python3.8/site-packages/airflow/example_dags/example_xcom.py for tasks to queue
[2023-11-22T19:35:42.069+0000] {logging_mixin.py:154} INFO - [2023-11-22T19:35:42.069+0000] {dagbag.py:536} INFO - Filling up the DagBag from /home/airflow/.local/lib/python3.8/site-packages/airflow/example_dags/example_xcom.py
[2023-11-22T19:35:42.075+0000] {processor.py:839} INFO - DAG(s) dict_keys(['example_xcom']) retrieved from /home/airflow/.local/lib/python3.8/site-packages/airflow/example_dags/example_xcom.py
[2023-11-22T19:35:42.098+0000] {logging_mixin.py:154} INFO - [2023-11-22T19:35:42.097+0000] {dag.py:2941} INFO - Sync 1 DAGs
[2023-11-22T19:35:42.119+0000] {logging_mixin.py:154} INFO - [2023-11-22T19:35:42.119+0000] {dag.py:3722} INFO - Setting next_dagrun for example_xcom to 2021-01-01T00:00:00+00:00, run_after=2021-01-01T00:00:00+00:00
[2023-11-22T19:35:42.135+0000] {processor.py:179} INFO - Processing /home/airflow/.local/lib/python3.8/site-packages/airflow/example_dags/example_xcom.py took 0.070 seconds
[2023-11-22T19:36:12.542+0000] {processor.py:157} INFO - Started process (PID=3118) to work on /home/airflow/.local/lib/python3.8/site-packages/airflow/example_dags/example_xcom.py
[2023-11-22T19:36:12.543+0000] {processor.py:829} INFO - Processing file /home/airflow/.local/lib/python3.8/site-packages/airflow/example_dags/example_xcom.py for tasks to queue
[2023-11-22T19:36:12.544+0000] {logging_mixin.py:154} INFO - [2023-11-22T19:36:12.543+0000] {dagbag.py:536} INFO - Filling up the DagBag from /home/airflow/.local/lib/python3.8/site-packages/airflow/example_dags/example_xcom.py
[2023-11-22T19:36:12.550+0000] {processor.py:839} INFO - DAG(s) dict_keys(['example_xcom']) retrieved from /home/airflow/.local/lib/python3.8/site-packages/airflow/example_dags/example_xcom.py
[2023-11-22T19:36:12.574+0000] {logging_mixin.py:154} INFO - [2023-11-22T19:36:12.574+0000] {dag.py:2941} INFO - Sync 1 DAGs
[2023-11-22T19:36:12.593+0000] {logging_mixin.py:154} INFO - [2023-11-22T19:36:12.593+0000] {dag.py:3722} INFO - Setting next_dagrun for example_xcom to 2021-01-01T00:00:00+00:00, run_after=2021-01-01T00:00:00+00:00
[2023-11-22T19:36:12.606+0000] {processor.py:179} INFO - Processing /home/airflow/.local/lib/python3.8/site-packages/airflow/example_dags/example_xcom.py took 0.067 seconds
[2023-11-22T19:36:43.092+0000] {processor.py:157} INFO - Started process (PID=3356) to work on /home/airflow/.local/lib/python3.8/site-packages/airflow/example_dags/example_xcom.py
[2023-11-22T19:36:43.094+0000] {processor.py:829} INFO - Processing file /home/airflow/.local/lib/python3.8/site-packages/airflow/example_dags/example_xcom.py for tasks to queue
[2023-11-22T19:36:43.096+0000] {logging_mixin.py:154} INFO - [2023-11-22T19:36:43.096+0000] {dagbag.py:536} INFO - Filling up the DagBag from /home/airflow/.local/lib/python3.8/site-packages/airflow/example_dags/example_xcom.py
[2023-11-22T19:36:43.111+0000] {processor.py:839} INFO - DAG(s) dict_keys(['example_xcom']) retrieved from /home/airflow/.local/lib/python3.8/site-packages/airflow/example_dags/example_xcom.py
[2023-11-22T19:36:43.145+0000] {logging_mixin.py:154} INFO - [2023-11-22T19:36:43.145+0000] {dag.py:2941} INFO - Sync 1 DAGs
[2023-11-22T19:36:43.170+0000] {logging_mixin.py:154} INFO - [2023-11-22T19:36:43.170+0000] {dag.py:3722} INFO - Setting next_dagrun for example_xcom to 2021-01-01T00:00:00+00:00, run_after=2021-01-01T00:00:00+00:00
[2023-11-22T19:36:43.203+0000] {processor.py:179} INFO - Processing /home/airflow/.local/lib/python3.8/site-packages/airflow/example_dags/example_xcom.py took 0.115 seconds
[2023-11-22T19:37:14.231+0000] {processor.py:157} INFO - Started process (PID=3596) to work on /home/airflow/.local/lib/python3.8/site-packages/airflow/example_dags/example_xcom.py
[2023-11-22T19:37:14.232+0000] {processor.py:829} INFO - Processing file /home/airflow/.local/lib/python3.8/site-packages/airflow/example_dags/example_xcom.py for tasks to queue
[2023-11-22T19:37:14.234+0000] {logging_mixin.py:154} INFO - [2023-11-22T19:37:14.233+0000] {dagbag.py:536} INFO - Filling up the DagBag from /home/airflow/.local/lib/python3.8/site-packages/airflow/example_dags/example_xcom.py
[2023-11-22T19:37:14.241+0000] {processor.py:839} INFO - DAG(s) dict_keys(['example_xcom']) retrieved from /home/airflow/.local/lib/python3.8/site-packages/airflow/example_dags/example_xcom.py
[2023-11-22T19:37:14.267+0000] {logging_mixin.py:154} INFO - [2023-11-22T19:37:14.267+0000] {dag.py:2941} INFO - Sync 1 DAGs
[2023-11-22T19:37:14.287+0000] {logging_mixin.py:154} INFO - [2023-11-22T19:37:14.287+0000] {dag.py:3722} INFO - Setting next_dagrun for example_xcom to 2021-01-01T00:00:00+00:00, run_after=2021-01-01T00:00:00+00:00
[2023-11-22T19:37:14.302+0000] {processor.py:179} INFO - Processing /home/airflow/.local/lib/python3.8/site-packages/airflow/example_dags/example_xcom.py took 0.074 seconds
[2023-11-22T19:37:44.367+0000] {processor.py:157} INFO - Started process (PID=3832) to work on /home/airflow/.local/lib/python3.8/site-packages/airflow/example_dags/example_xcom.py
[2023-11-22T19:37:44.368+0000] {processor.py:829} INFO - Processing file /home/airflow/.local/lib/python3.8/site-packages/airflow/example_dags/example_xcom.py for tasks to queue
[2023-11-22T19:37:44.369+0000] {logging_mixin.py:154} INFO - [2023-11-22T19:37:44.369+0000] {dagbag.py:536} INFO - Filling up the DagBag from /home/airflow/.local/lib/python3.8/site-packages/airflow/example_dags/example_xcom.py
[2023-11-22T19:37:44.376+0000] {processor.py:839} INFO - DAG(s) dict_keys(['example_xcom']) retrieved from /home/airflow/.local/lib/python3.8/site-packages/airflow/example_dags/example_xcom.py
[2023-11-22T19:37:44.398+0000] {logging_mixin.py:154} INFO - [2023-11-22T19:37:44.398+0000] {dag.py:2941} INFO - Sync 1 DAGs
[2023-11-22T19:37:44.416+0000] {logging_mixin.py:154} INFO - [2023-11-22T19:37:44.416+0000] {dag.py:3722} INFO - Setting next_dagrun for example_xcom to 2021-01-01T00:00:00+00:00, run_after=2021-01-01T00:00:00+00:00
[2023-11-22T19:37:44.457+0000] {processor.py:179} INFO - Processing /home/airflow/.local/lib/python3.8/site-packages/airflow/example_dags/example_xcom.py took 0.093 seconds
[2023-11-22T19:38:14.532+0000] {processor.py:157} INFO - Started process (PID=4070) to work on /home/airflow/.local/lib/python3.8/site-packages/airflow/example_dags/example_xcom.py
[2023-11-22T19:38:14.533+0000] {processor.py:829} INFO - Processing file /home/airflow/.local/lib/python3.8/site-packages/airflow/example_dags/example_xcom.py for tasks to queue
[2023-11-22T19:38:14.533+0000] {logging_mixin.py:154} INFO - [2023-11-22T19:38:14.533+0000] {dagbag.py:536} INFO - Filling up the DagBag from /home/airflow/.local/lib/python3.8/site-packages/airflow/example_dags/example_xcom.py
[2023-11-22T19:38:14.539+0000] {processor.py:839} INFO - DAG(s) dict_keys(['example_xcom']) retrieved from /home/airflow/.local/lib/python3.8/site-packages/airflow/example_dags/example_xcom.py
[2023-11-22T19:38:14.560+0000] {logging_mixin.py:154} INFO - [2023-11-22T19:38:14.560+0000] {dag.py:2941} INFO - Sync 1 DAGs
[2023-11-22T19:38:14.577+0000] {logging_mixin.py:154} INFO - [2023-11-22T19:38:14.576+0000] {dag.py:3722} INFO - Setting next_dagrun for example_xcom to 2021-01-01T00:00:00+00:00, run_after=2021-01-01T00:00:00+00:00
[2023-11-22T19:38:14.590+0000] {processor.py:179} INFO - Processing /home/airflow/.local/lib/python3.8/site-packages/airflow/example_dags/example_xcom.py took 0.061 seconds
[2023-11-22T19:38:45.033+0000] {processor.py:157} INFO - Started process (PID=4307) to work on /home/airflow/.local/lib/python3.8/site-packages/airflow/example_dags/example_xcom.py
[2023-11-22T19:38:45.034+0000] {processor.py:829} INFO - Processing file /home/airflow/.local/lib/python3.8/site-packages/airflow/example_dags/example_xcom.py for tasks to queue
[2023-11-22T19:38:45.034+0000] {logging_mixin.py:154} INFO - [2023-11-22T19:38:45.034+0000] {dagbag.py:536} INFO - Filling up the DagBag from /home/airflow/.local/lib/python3.8/site-packages/airflow/example_dags/example_xcom.py
[2023-11-22T19:38:45.041+0000] {processor.py:839} INFO - DAG(s) dict_keys(['example_xcom']) retrieved from /home/airflow/.local/lib/python3.8/site-packages/airflow/example_dags/example_xcom.py
[2023-11-22T19:38:45.063+0000] {logging_mixin.py:154} INFO - [2023-11-22T19:38:45.063+0000] {dag.py:2941} INFO - Sync 1 DAGs
[2023-11-22T19:38:45.081+0000] {logging_mixin.py:154} INFO - [2023-11-22T19:38:45.081+0000] {dag.py:3722} INFO - Setting next_dagrun for example_xcom to 2021-01-01T00:00:00+00:00, run_after=2021-01-01T00:00:00+00:00
[2023-11-22T19:38:45.096+0000] {processor.py:179} INFO - Processing /home/airflow/.local/lib/python3.8/site-packages/airflow/example_dags/example_xcom.py took 0.066 seconds
[2023-11-22T19:39:15.661+0000] {processor.py:157} INFO - Started process (PID=4547) to work on /home/airflow/.local/lib/python3.8/site-packages/airflow/example_dags/example_xcom.py
[2023-11-22T19:39:15.662+0000] {processor.py:829} INFO - Processing file /home/airflow/.local/lib/python3.8/site-packages/airflow/example_dags/example_xcom.py for tasks to queue
[2023-11-22T19:39:15.662+0000] {logging_mixin.py:154} INFO - [2023-11-22T19:39:15.662+0000] {dagbag.py:536} INFO - Filling up the DagBag from /home/airflow/.local/lib/python3.8/site-packages/airflow/example_dags/example_xcom.py
[2023-11-22T19:39:15.668+0000] {processor.py:839} INFO - DAG(s) dict_keys(['example_xcom']) retrieved from /home/airflow/.local/lib/python3.8/site-packages/airflow/example_dags/example_xcom.py
[2023-11-22T19:39:15.690+0000] {logging_mixin.py:154} INFO - [2023-11-22T19:39:15.690+0000] {dag.py:2941} INFO - Sync 1 DAGs
[2023-11-22T19:39:15.706+0000] {logging_mixin.py:154} INFO - [2023-11-22T19:39:15.706+0000] {dag.py:3722} INFO - Setting next_dagrun for example_xcom to 2021-01-01T00:00:00+00:00, run_after=2021-01-01T00:00:00+00:00
[2023-11-22T19:39:15.719+0000] {processor.py:179} INFO - Processing /home/airflow/.local/lib/python3.8/site-packages/airflow/example_dags/example_xcom.py took 0.061 seconds
[2023-11-22T19:39:46.031+0000] {processor.py:157} INFO - Started process (PID=4783) to work on /home/airflow/.local/lib/python3.8/site-packages/airflow/example_dags/example_xcom.py
[2023-11-22T19:39:46.032+0000] {processor.py:829} INFO - Processing file /home/airflow/.local/lib/python3.8/site-packages/airflow/example_dags/example_xcom.py for tasks to queue
[2023-11-22T19:39:46.032+0000] {logging_mixin.py:154} INFO - [2023-11-22T19:39:46.032+0000] {dagbag.py:536} INFO - Filling up the DagBag from /home/airflow/.local/lib/python3.8/site-packages/airflow/example_dags/example_xcom.py
[2023-11-22T19:39:46.038+0000] {processor.py:839} INFO - DAG(s) dict_keys(['example_xcom']) retrieved from /home/airflow/.local/lib/python3.8/site-packages/airflow/example_dags/example_xcom.py
[2023-11-22T19:39:46.060+0000] {logging_mixin.py:154} INFO - [2023-11-22T19:39:46.059+0000] {dag.py:2941} INFO - Sync 1 DAGs
[2023-11-22T19:39:46.076+0000] {logging_mixin.py:154} INFO - [2023-11-22T19:39:46.076+0000] {dag.py:3722} INFO - Setting next_dagrun for example_xcom to 2021-01-01T00:00:00+00:00, run_after=2021-01-01T00:00:00+00:00
[2023-11-22T19:39:46.089+0000] {processor.py:179} INFO - Processing /home/airflow/.local/lib/python3.8/site-packages/airflow/example_dags/example_xcom.py took 0.061 seconds
[2023-11-22T19:40:16.614+0000] {processor.py:157} INFO - Started process (PID=5021) to work on /home/airflow/.local/lib/python3.8/site-packages/airflow/example_dags/example_xcom.py
[2023-11-22T19:40:16.615+0000] {processor.py:829} INFO - Processing file /home/airflow/.local/lib/python3.8/site-packages/airflow/example_dags/example_xcom.py for tasks to queue
[2023-11-22T19:40:16.616+0000] {logging_mixin.py:154} INFO - [2023-11-22T19:40:16.616+0000] {dagbag.py:536} INFO - Filling up the DagBag from /home/airflow/.local/lib/python3.8/site-packages/airflow/example_dags/example_xcom.py
[2023-11-22T19:40:16.622+0000] {processor.py:839} INFO - DAG(s) dict_keys(['example_xcom']) retrieved from /home/airflow/.local/lib/python3.8/site-packages/airflow/example_dags/example_xcom.py
[2023-11-22T19:40:16.645+0000] {logging_mixin.py:154} INFO - [2023-11-22T19:40:16.645+0000] {dag.py:2941} INFO - Sync 1 DAGs
[2023-11-22T19:40:16.663+0000] {logging_mixin.py:154} INFO - [2023-11-22T19:40:16.663+0000] {dag.py:3722} INFO - Setting next_dagrun for example_xcom to 2021-01-01T00:00:00+00:00, run_after=2021-01-01T00:00:00+00:00
[2023-11-22T19:40:16.678+0000] {processor.py:179} INFO - Processing /home/airflow/.local/lib/python3.8/site-packages/airflow/example_dags/example_xcom.py took 0.067 seconds
[2023-11-22T19:40:47.153+0000] {processor.py:157} INFO - Started process (PID=5259) to work on /home/airflow/.local/lib/python3.8/site-packages/airflow/example_dags/example_xcom.py
[2023-11-22T19:40:47.154+0000] {processor.py:829} INFO - Processing file /home/airflow/.local/lib/python3.8/site-packages/airflow/example_dags/example_xcom.py for tasks to queue
[2023-11-22T19:40:47.155+0000] {logging_mixin.py:154} INFO - [2023-11-22T19:40:47.154+0000] {dagbag.py:536} INFO - Filling up the DagBag from /home/airflow/.local/lib/python3.8/site-packages/airflow/example_dags/example_xcom.py
[2023-11-22T19:40:47.163+0000] {processor.py:839} INFO - DAG(s) dict_keys(['example_xcom']) retrieved from /home/airflow/.local/lib/python3.8/site-packages/airflow/example_dags/example_xcom.py
[2023-11-22T19:40:47.199+0000] {logging_mixin.py:154} INFO - [2023-11-22T19:40:47.199+0000] {dag.py:2941} INFO - Sync 1 DAGs
[2023-11-22T19:40:47.224+0000] {logging_mixin.py:154} INFO - [2023-11-22T19:40:47.223+0000] {dag.py:3722} INFO - Setting next_dagrun for example_xcom to 2021-01-01T00:00:00+00:00, run_after=2021-01-01T00:00:00+00:00
[2023-11-22T19:40:47.240+0000] {processor.py:179} INFO - Processing /home/airflow/.local/lib/python3.8/site-packages/airflow/example_dags/example_xcom.py took 0.091 seconds
[2023-11-22T19:41:17.716+0000] {processor.py:157} INFO - Started process (PID=5499) to work on /home/airflow/.local/lib/python3.8/site-packages/airflow/example_dags/example_xcom.py
[2023-11-22T19:41:17.717+0000] {processor.py:829} INFO - Processing file /home/airflow/.local/lib/python3.8/site-packages/airflow/example_dags/example_xcom.py for tasks to queue
[2023-11-22T19:41:17.718+0000] {logging_mixin.py:154} INFO - [2023-11-22T19:41:17.718+0000] {dagbag.py:536} INFO - Filling up the DagBag from /home/airflow/.local/lib/python3.8/site-packages/airflow/example_dags/example_xcom.py
[2023-11-22T19:41:17.724+0000] {processor.py:839} INFO - DAG(s) dict_keys(['example_xcom']) retrieved from /home/airflow/.local/lib/python3.8/site-packages/airflow/example_dags/example_xcom.py
[2023-11-22T19:41:17.745+0000] {logging_mixin.py:154} INFO - [2023-11-22T19:41:17.745+0000] {dag.py:2941} INFO - Sync 1 DAGs
[2023-11-22T19:41:17.762+0000] {logging_mixin.py:154} INFO - [2023-11-22T19:41:17.762+0000] {dag.py:3722} INFO - Setting next_dagrun for example_xcom to 2021-01-01T00:00:00+00:00, run_after=2021-01-01T00:00:00+00:00
[2023-11-22T19:41:17.774+0000] {processor.py:179} INFO - Processing /home/airflow/.local/lib/python3.8/site-packages/airflow/example_dags/example_xcom.py took 0.060 seconds
[2023-11-22T19:41:48.218+0000] {processor.py:157} INFO - Started process (PID=5735) to work on /home/airflow/.local/lib/python3.8/site-packages/airflow/example_dags/example_xcom.py
[2023-11-22T19:41:48.219+0000] {processor.py:829} INFO - Processing file /home/airflow/.local/lib/python3.8/site-packages/airflow/example_dags/example_xcom.py for tasks to queue
[2023-11-22T19:41:48.220+0000] {logging_mixin.py:154} INFO - [2023-11-22T19:41:48.220+0000] {dagbag.py:536} INFO - Filling up the DagBag from /home/airflow/.local/lib/python3.8/site-packages/airflow/example_dags/example_xcom.py
[2023-11-22T19:41:48.226+0000] {processor.py:839} INFO - DAG(s) dict_keys(['example_xcom']) retrieved from /home/airflow/.local/lib/python3.8/site-packages/airflow/example_dags/example_xcom.py
[2023-11-22T19:41:48.250+0000] {logging_mixin.py:154} INFO - [2023-11-22T19:41:48.250+0000] {dag.py:2941} INFO - Sync 1 DAGs
[2023-11-22T19:41:48.269+0000] {logging_mixin.py:154} INFO - [2023-11-22T19:41:48.269+0000] {dag.py:3722} INFO - Setting next_dagrun for example_xcom to 2021-01-01T00:00:00+00:00, run_after=2021-01-01T00:00:00+00:00
[2023-11-22T19:41:48.283+0000] {processor.py:179} INFO - Processing /home/airflow/.local/lib/python3.8/site-packages/airflow/example_dags/example_xcom.py took 0.068 seconds
[2023-11-22T19:42:18.587+0000] {processor.py:157} INFO - Started process (PID=5972) to work on /home/airflow/.local/lib/python3.8/site-packages/airflow/example_dags/example_xcom.py
[2023-11-22T19:42:18.588+0000] {processor.py:829} INFO - Processing file /home/airflow/.local/lib/python3.8/site-packages/airflow/example_dags/example_xcom.py for tasks to queue
[2023-11-22T19:42:18.589+0000] {logging_mixin.py:154} INFO - [2023-11-22T19:42:18.589+0000] {dagbag.py:536} INFO - Filling up the DagBag from /home/airflow/.local/lib/python3.8/site-packages/airflow/example_dags/example_xcom.py
[2023-11-22T19:42:18.596+0000] {processor.py:839} INFO - DAG(s) dict_keys(['example_xcom']) retrieved from /home/airflow/.local/lib/python3.8/site-packages/airflow/example_dags/example_xcom.py
[2023-11-22T19:42:18.618+0000] {logging_mixin.py:154} INFO - [2023-11-22T19:42:18.618+0000] {dag.py:2941} INFO - Sync 1 DAGs
[2023-11-22T19:42:18.636+0000] {logging_mixin.py:154} INFO - [2023-11-22T19:42:18.635+0000] {dag.py:3722} INFO - Setting next_dagrun for example_xcom to 2021-01-01T00:00:00+00:00, run_after=2021-01-01T00:00:00+00:00
[2023-11-22T19:42:18.650+0000] {processor.py:179} INFO - Processing /home/airflow/.local/lib/python3.8/site-packages/airflow/example_dags/example_xcom.py took 0.066 seconds
[2023-11-22T19:42:49.028+0000] {processor.py:157} INFO - Started process (PID=6210) to work on /home/airflow/.local/lib/python3.8/site-packages/airflow/example_dags/example_xcom.py
[2023-11-22T19:42:49.029+0000] {processor.py:829} INFO - Processing file /home/airflow/.local/lib/python3.8/site-packages/airflow/example_dags/example_xcom.py for tasks to queue
[2023-11-22T19:42:49.029+0000] {logging_mixin.py:154} INFO - [2023-11-22T19:42:49.029+0000] {dagbag.py:536} INFO - Filling up the DagBag from /home/airflow/.local/lib/python3.8/site-packages/airflow/example_dags/example_xcom.py
[2023-11-22T19:42:49.036+0000] {processor.py:839} INFO - DAG(s) dict_keys(['example_xcom']) retrieved from /home/airflow/.local/lib/python3.8/site-packages/airflow/example_dags/example_xcom.py
[2023-11-22T19:42:49.059+0000] {logging_mixin.py:154} INFO - [2023-11-22T19:42:49.059+0000] {dag.py:2941} INFO - Sync 1 DAGs
[2023-11-22T19:42:49.077+0000] {logging_mixin.py:154} INFO - [2023-11-22T19:42:49.077+0000] {dag.py:3722} INFO - Setting next_dagrun for example_xcom to 2021-01-01T00:00:00+00:00, run_after=2021-01-01T00:00:00+00:00
[2023-11-22T19:42:49.092+0000] {processor.py:179} INFO - Processing /home/airflow/.local/lib/python3.8/site-packages/airflow/example_dags/example_xcom.py took 0.068 seconds
[2023-11-22T19:43:19.376+0000] {processor.py:157} INFO - Started process (PID=6448) to work on /home/airflow/.local/lib/python3.8/site-packages/airflow/example_dags/example_xcom.py
[2023-11-22T19:43:19.377+0000] {processor.py:829} INFO - Processing file /home/airflow/.local/lib/python3.8/site-packages/airflow/example_dags/example_xcom.py for tasks to queue
[2023-11-22T19:43:19.378+0000] {logging_mixin.py:154} INFO - [2023-11-22T19:43:19.378+0000] {dagbag.py:536} INFO - Filling up the DagBag from /home/airflow/.local/lib/python3.8/site-packages/airflow/example_dags/example_xcom.py
[2023-11-22T19:43:19.384+0000] {processor.py:839} INFO - DAG(s) dict_keys(['example_xcom']) retrieved from /home/airflow/.local/lib/python3.8/site-packages/airflow/example_dags/example_xcom.py
[2023-11-22T19:43:19.405+0000] {logging_mixin.py:154} INFO - [2023-11-22T19:43:19.405+0000] {dag.py:2941} INFO - Sync 1 DAGs
[2023-11-22T19:43:19.423+0000] {logging_mixin.py:154} INFO - [2023-11-22T19:43:19.423+0000] {dag.py:3722} INFO - Setting next_dagrun for example_xcom to 2021-01-01T00:00:00+00:00, run_after=2021-01-01T00:00:00+00:00
[2023-11-22T19:43:19.435+0000] {processor.py:179} INFO - Processing /home/airflow/.local/lib/python3.8/site-packages/airflow/example_dags/example_xcom.py took 0.062 seconds
[2023-11-22T19:43:49.934+0000] {processor.py:157} INFO - Started process (PID=6686) to work on /home/airflow/.local/lib/python3.8/site-packages/airflow/example_dags/example_xcom.py
[2023-11-22T19:43:49.935+0000] {processor.py:829} INFO - Processing file /home/airflow/.local/lib/python3.8/site-packages/airflow/example_dags/example_xcom.py for tasks to queue
[2023-11-22T19:43:49.936+0000] {logging_mixin.py:154} INFO - [2023-11-22T19:43:49.935+0000] {dagbag.py:536} INFO - Filling up the DagBag from /home/airflow/.local/lib/python3.8/site-packages/airflow/example_dags/example_xcom.py
[2023-11-22T19:43:49.942+0000] {processor.py:839} INFO - DAG(s) dict_keys(['example_xcom']) retrieved from /home/airflow/.local/lib/python3.8/site-packages/airflow/example_dags/example_xcom.py
[2023-11-22T19:43:49.963+0000] {logging_mixin.py:154} INFO - [2023-11-22T19:43:49.963+0000] {dag.py:2941} INFO - Sync 1 DAGs
[2023-11-22T19:43:49.981+0000] {logging_mixin.py:154} INFO - [2023-11-22T19:43:49.981+0000] {dag.py:3722} INFO - Setting next_dagrun for example_xcom to 2021-01-01T00:00:00+00:00, run_after=2021-01-01T00:00:00+00:00
[2023-11-22T19:43:49.994+0000] {processor.py:179} INFO - Processing /home/airflow/.local/lib/python3.8/site-packages/airflow/example_dags/example_xcom.py took 0.063 seconds
[2023-11-22T19:44:20.386+0000] {processor.py:157} INFO - Started process (PID=6924) to work on /home/airflow/.local/lib/python3.8/site-packages/airflow/example_dags/example_xcom.py
[2023-11-22T19:44:20.387+0000] {processor.py:829} INFO - Processing file /home/airflow/.local/lib/python3.8/site-packages/airflow/example_dags/example_xcom.py for tasks to queue
[2023-11-22T19:44:20.388+0000] {logging_mixin.py:154} INFO - [2023-11-22T19:44:20.387+0000] {dagbag.py:536} INFO - Filling up the DagBag from /home/airflow/.local/lib/python3.8/site-packages/airflow/example_dags/example_xcom.py
[2023-11-22T19:44:20.394+0000] {processor.py:839} INFO - DAG(s) dict_keys(['example_xcom']) retrieved from /home/airflow/.local/lib/python3.8/site-packages/airflow/example_dags/example_xcom.py
[2023-11-22T19:44:20.415+0000] {logging_mixin.py:154} INFO - [2023-11-22T19:44:20.415+0000] {dag.py:2941} INFO - Sync 1 DAGs
[2023-11-22T19:44:20.432+0000] {logging_mixin.py:154} INFO - [2023-11-22T19:44:20.432+0000] {dag.py:3722} INFO - Setting next_dagrun for example_xcom to 2021-01-01T00:00:00+00:00, run_after=2021-01-01T00:00:00+00:00
[2023-11-22T19:44:20.445+0000] {processor.py:179} INFO - Processing /home/airflow/.local/lib/python3.8/site-packages/airflow/example_dags/example_xcom.py took 0.062 seconds
[2023-11-22T19:44:50.829+0000] {processor.py:157} INFO - Started process (PID=7169) to work on /home/airflow/.local/lib/python3.8/site-packages/airflow/example_dags/example_xcom.py
[2023-11-22T19:44:50.830+0000] {processor.py:829} INFO - Processing file /home/airflow/.local/lib/python3.8/site-packages/airflow/example_dags/example_xcom.py for tasks to queue
[2023-11-22T19:44:50.831+0000] {logging_mixin.py:154} INFO - [2023-11-22T19:44:50.830+0000] {dagbag.py:536} INFO - Filling up the DagBag from /home/airflow/.local/lib/python3.8/site-packages/airflow/example_dags/example_xcom.py
[2023-11-22T19:44:50.837+0000] {processor.py:839} INFO - DAG(s) dict_keys(['example_xcom']) retrieved from /home/airflow/.local/lib/python3.8/site-packages/airflow/example_dags/example_xcom.py
[2023-11-22T19:44:50.866+0000] {logging_mixin.py:154} INFO - [2023-11-22T19:44:50.866+0000] {dag.py:2941} INFO - Sync 1 DAGs
[2023-11-22T19:44:50.887+0000] {logging_mixin.py:154} INFO - [2023-11-22T19:44:50.887+0000] {dag.py:3722} INFO - Setting next_dagrun for example_xcom to 2021-01-01T00:00:00+00:00, run_after=2021-01-01T00:00:00+00:00
[2023-11-22T19:44:50.904+0000] {processor.py:179} INFO - Processing /home/airflow/.local/lib/python3.8/site-packages/airflow/example_dags/example_xcom.py took 0.079 seconds
[2023-11-22T19:45:21.231+0000] {processor.py:157} INFO - Started process (PID=7407) to work on /home/airflow/.local/lib/python3.8/site-packages/airflow/example_dags/example_xcom.py
[2023-11-22T19:45:21.232+0000] {processor.py:829} INFO - Processing file /home/airflow/.local/lib/python3.8/site-packages/airflow/example_dags/example_xcom.py for tasks to queue
[2023-11-22T19:45:21.233+0000] {logging_mixin.py:154} INFO - [2023-11-22T19:45:21.232+0000] {dagbag.py:536} INFO - Filling up the DagBag from /home/airflow/.local/lib/python3.8/site-packages/airflow/example_dags/example_xcom.py
[2023-11-22T19:45:21.239+0000] {processor.py:839} INFO - DAG(s) dict_keys(['example_xcom']) retrieved from /home/airflow/.local/lib/python3.8/site-packages/airflow/example_dags/example_xcom.py
[2023-11-22T19:45:21.263+0000] {logging_mixin.py:154} INFO - [2023-11-22T19:45:21.263+0000] {dag.py:2941} INFO - Sync 1 DAGs
[2023-11-22T19:45:21.282+0000] {logging_mixin.py:154} INFO - [2023-11-22T19:45:21.282+0000] {dag.py:3722} INFO - Setting next_dagrun for example_xcom to 2021-01-01T00:00:00+00:00, run_after=2021-01-01T00:00:00+00:00
[2023-11-22T19:45:21.295+0000] {processor.py:179} INFO - Processing /home/airflow/.local/lib/python3.8/site-packages/airflow/example_dags/example_xcom.py took 0.067 seconds
[2023-11-22T19:45:51.740+0000] {processor.py:157} INFO - Started process (PID=7645) to work on /home/airflow/.local/lib/python3.8/site-packages/airflow/example_dags/example_xcom.py
[2023-11-22T19:45:51.741+0000] {processor.py:829} INFO - Processing file /home/airflow/.local/lib/python3.8/site-packages/airflow/example_dags/example_xcom.py for tasks to queue
[2023-11-22T19:45:51.741+0000] {logging_mixin.py:154} INFO - [2023-11-22T19:45:51.741+0000] {dagbag.py:536} INFO - Filling up the DagBag from /home/airflow/.local/lib/python3.8/site-packages/airflow/example_dags/example_xcom.py
[2023-11-22T19:45:51.748+0000] {processor.py:839} INFO - DAG(s) dict_keys(['example_xcom']) retrieved from /home/airflow/.local/lib/python3.8/site-packages/airflow/example_dags/example_xcom.py
[2023-11-22T19:45:51.771+0000] {logging_mixin.py:154} INFO - [2023-11-22T19:45:51.771+0000] {dag.py:2941} INFO - Sync 1 DAGs
[2023-11-22T19:45:51.789+0000] {logging_mixin.py:154} INFO - [2023-11-22T19:45:51.789+0000] {dag.py:3722} INFO - Setting next_dagrun for example_xcom to 2021-01-01T00:00:00+00:00, run_after=2021-01-01T00:00:00+00:00
[2023-11-22T19:45:51.804+0000] {processor.py:179} INFO - Processing /home/airflow/.local/lib/python3.8/site-packages/airflow/example_dags/example_xcom.py took 0.067 seconds
[2023-11-22T19:46:22.210+0000] {processor.py:157} INFO - Started process (PID=7883) to work on /home/airflow/.local/lib/python3.8/site-packages/airflow/example_dags/example_xcom.py
[2023-11-22T19:46:22.211+0000] {processor.py:829} INFO - Processing file /home/airflow/.local/lib/python3.8/site-packages/airflow/example_dags/example_xcom.py for tasks to queue
[2023-11-22T19:46:22.212+0000] {logging_mixin.py:154} INFO - [2023-11-22T19:46:22.212+0000] {dagbag.py:536} INFO - Filling up the DagBag from /home/airflow/.local/lib/python3.8/site-packages/airflow/example_dags/example_xcom.py
[2023-11-22T19:46:22.218+0000] {processor.py:839} INFO - DAG(s) dict_keys(['example_xcom']) retrieved from /home/airflow/.local/lib/python3.8/site-packages/airflow/example_dags/example_xcom.py
[2023-11-22T19:46:22.240+0000] {logging_mixin.py:154} INFO - [2023-11-22T19:46:22.239+0000] {dag.py:2941} INFO - Sync 1 DAGs
[2023-11-22T19:46:22.256+0000] {logging_mixin.py:154} INFO - [2023-11-22T19:46:22.255+0000] {dag.py:3722} INFO - Setting next_dagrun for example_xcom to 2021-01-01T00:00:00+00:00, run_after=2021-01-01T00:00:00+00:00
[2023-11-22T19:46:22.268+0000] {processor.py:179} INFO - Processing /home/airflow/.local/lib/python3.8/site-packages/airflow/example_dags/example_xcom.py took 0.064 seconds
[2023-11-22T19:46:52.615+0000] {processor.py:157} INFO - Started process (PID=8121) to work on /home/airflow/.local/lib/python3.8/site-packages/airflow/example_dags/example_xcom.py
[2023-11-22T19:46:52.616+0000] {processor.py:829} INFO - Processing file /home/airflow/.local/lib/python3.8/site-packages/airflow/example_dags/example_xcom.py for tasks to queue
[2023-11-22T19:46:52.617+0000] {logging_mixin.py:154} INFO - [2023-11-22T19:46:52.617+0000] {dagbag.py:536} INFO - Filling up the DagBag from /home/airflow/.local/lib/python3.8/site-packages/airflow/example_dags/example_xcom.py
[2023-11-22T19:46:52.624+0000] {processor.py:839} INFO - DAG(s) dict_keys(['example_xcom']) retrieved from /home/airflow/.local/lib/python3.8/site-packages/airflow/example_dags/example_xcom.py
[2023-11-22T19:46:52.649+0000] {logging_mixin.py:154} INFO - [2023-11-22T19:46:52.648+0000] {dag.py:2941} INFO - Sync 1 DAGs
[2023-11-22T19:46:52.664+0000] {logging_mixin.py:154} INFO - [2023-11-22T19:46:52.664+0000] {dag.py:3722} INFO - Setting next_dagrun for example_xcom to 2021-01-01T00:00:00+00:00, run_after=2021-01-01T00:00:00+00:00
[2023-11-22T19:46:52.676+0000] {processor.py:179} INFO - Processing /home/airflow/.local/lib/python3.8/site-packages/airflow/example_dags/example_xcom.py took 0.065 seconds
[2023-11-22T19:47:23.044+0000] {processor.py:157} INFO - Started process (PID=8358) to work on /home/airflow/.local/lib/python3.8/site-packages/airflow/example_dags/example_xcom.py
[2023-11-22T19:47:23.045+0000] {processor.py:829} INFO - Processing file /home/airflow/.local/lib/python3.8/site-packages/airflow/example_dags/example_xcom.py for tasks to queue
[2023-11-22T19:47:23.046+0000] {logging_mixin.py:154} INFO - [2023-11-22T19:47:23.045+0000] {dagbag.py:536} INFO - Filling up the DagBag from /home/airflow/.local/lib/python3.8/site-packages/airflow/example_dags/example_xcom.py
[2023-11-22T19:47:23.053+0000] {processor.py:839} INFO - DAG(s) dict_keys(['example_xcom']) retrieved from /home/airflow/.local/lib/python3.8/site-packages/airflow/example_dags/example_xcom.py
[2023-11-22T19:47:23.078+0000] {logging_mixin.py:154} INFO - [2023-11-22T19:47:23.078+0000] {dag.py:2941} INFO - Sync 1 DAGs
[2023-11-22T19:47:23.097+0000] {logging_mixin.py:154} INFO - [2023-11-22T19:47:23.097+0000] {dag.py:3722} INFO - Setting next_dagrun for example_xcom to 2021-01-01T00:00:00+00:00, run_after=2021-01-01T00:00:00+00:00
[2023-11-22T19:47:23.112+0000] {processor.py:179} INFO - Processing /home/airflow/.local/lib/python3.8/site-packages/airflow/example_dags/example_xcom.py took 0.071 seconds
[2023-11-22T19:47:53.613+0000] {processor.py:157} INFO - Started process (PID=8596) to work on /home/airflow/.local/lib/python3.8/site-packages/airflow/example_dags/example_xcom.py
[2023-11-22T19:47:53.614+0000] {processor.py:829} INFO - Processing file /home/airflow/.local/lib/python3.8/site-packages/airflow/example_dags/example_xcom.py for tasks to queue
[2023-11-22T19:47:53.615+0000] {logging_mixin.py:154} INFO - [2023-11-22T19:47:53.614+0000] {dagbag.py:536} INFO - Filling up the DagBag from /home/airflow/.local/lib/python3.8/site-packages/airflow/example_dags/example_xcom.py
[2023-11-22T19:47:53.621+0000] {processor.py:839} INFO - DAG(s) dict_keys(['example_xcom']) retrieved from /home/airflow/.local/lib/python3.8/site-packages/airflow/example_dags/example_xcom.py
[2023-11-22T19:47:53.644+0000] {logging_mixin.py:154} INFO - [2023-11-22T19:47:53.644+0000] {dag.py:2941} INFO - Sync 1 DAGs
[2023-11-22T19:47:53.662+0000] {logging_mixin.py:154} INFO - [2023-11-22T19:47:53.662+0000] {dag.py:3722} INFO - Setting next_dagrun for example_xcom to 2021-01-01T00:00:00+00:00, run_after=2021-01-01T00:00:00+00:00
[2023-11-22T19:47:53.787+0000] {processor.py:179} INFO - Processing /home/airflow/.local/lib/python3.8/site-packages/airflow/example_dags/example_xcom.py took 0.177 seconds
[2023-11-22T19:48:24.704+0000] {processor.py:157} INFO - Started process (PID=8834) to work on /home/airflow/.local/lib/python3.8/site-packages/airflow/example_dags/example_xcom.py
[2023-11-22T19:48:24.705+0000] {processor.py:829} INFO - Processing file /home/airflow/.local/lib/python3.8/site-packages/airflow/example_dags/example_xcom.py for tasks to queue
[2023-11-22T19:48:24.706+0000] {logging_mixin.py:154} INFO - [2023-11-22T19:48:24.705+0000] {dagbag.py:536} INFO - Filling up the DagBag from /home/airflow/.local/lib/python3.8/site-packages/airflow/example_dags/example_xcom.py
[2023-11-22T19:48:24.713+0000] {processor.py:839} INFO - DAG(s) dict_keys(['example_xcom']) retrieved from /home/airflow/.local/lib/python3.8/site-packages/airflow/example_dags/example_xcom.py
[2023-11-22T19:48:24.736+0000] {logging_mixin.py:154} INFO - [2023-11-22T19:48:24.736+0000] {dag.py:2941} INFO - Sync 1 DAGs
[2023-11-22T19:48:24.753+0000] {logging_mixin.py:154} INFO - [2023-11-22T19:48:24.753+0000] {dag.py:3722} INFO - Setting next_dagrun for example_xcom to 2021-01-01T00:00:00+00:00, run_after=2021-01-01T00:00:00+00:00
[2023-11-22T19:48:24.768+0000] {processor.py:179} INFO - Processing /home/airflow/.local/lib/python3.8/site-packages/airflow/example_dags/example_xcom.py took 0.067 seconds
[2023-11-22T19:48:54.929+0000] {processor.py:157} INFO - Started process (PID=9069) to work on /home/airflow/.local/lib/python3.8/site-packages/airflow/example_dags/example_xcom.py
[2023-11-22T19:48:54.930+0000] {processor.py:829} INFO - Processing file /home/airflow/.local/lib/python3.8/site-packages/airflow/example_dags/example_xcom.py for tasks to queue
[2023-11-22T19:48:54.931+0000] {logging_mixin.py:154} INFO - [2023-11-22T19:48:54.931+0000] {dagbag.py:536} INFO - Filling up the DagBag from /home/airflow/.local/lib/python3.8/site-packages/airflow/example_dags/example_xcom.py
[2023-11-22T19:48:54.937+0000] {processor.py:839} INFO - DAG(s) dict_keys(['example_xcom']) retrieved from /home/airflow/.local/lib/python3.8/site-packages/airflow/example_dags/example_xcom.py
[2023-11-22T19:48:54.960+0000] {logging_mixin.py:154} INFO - [2023-11-22T19:48:54.959+0000] {dag.py:2941} INFO - Sync 1 DAGs
[2023-11-22T19:48:54.979+0000] {logging_mixin.py:154} INFO - [2023-11-22T19:48:54.979+0000] {dag.py:3722} INFO - Setting next_dagrun for example_xcom to 2021-01-01T00:00:00+00:00, run_after=2021-01-01T00:00:00+00:00
[2023-11-22T19:48:54.993+0000] {processor.py:179} INFO - Processing /home/airflow/.local/lib/python3.8/site-packages/airflow/example_dags/example_xcom.py took 0.067 seconds
[2023-11-22T19:49:25.099+0000] {processor.py:157} INFO - Started process (PID=9307) to work on /home/airflow/.local/lib/python3.8/site-packages/airflow/example_dags/example_xcom.py
[2023-11-22T19:49:25.100+0000] {processor.py:829} INFO - Processing file /home/airflow/.local/lib/python3.8/site-packages/airflow/example_dags/example_xcom.py for tasks to queue
[2023-11-22T19:49:25.100+0000] {logging_mixin.py:154} INFO - [2023-11-22T19:49:25.100+0000] {dagbag.py:536} INFO - Filling up the DagBag from /home/airflow/.local/lib/python3.8/site-packages/airflow/example_dags/example_xcom.py
[2023-11-22T19:49:25.106+0000] {processor.py:839} INFO - DAG(s) dict_keys(['example_xcom']) retrieved from /home/airflow/.local/lib/python3.8/site-packages/airflow/example_dags/example_xcom.py
[2023-11-22T19:49:25.128+0000] {logging_mixin.py:154} INFO - [2023-11-22T19:49:25.128+0000] {dag.py:2941} INFO - Sync 1 DAGs
[2023-11-22T19:49:25.144+0000] {logging_mixin.py:154} INFO - [2023-11-22T19:49:25.143+0000] {dag.py:3722} INFO - Setting next_dagrun for example_xcom to 2021-01-01T00:00:00+00:00, run_after=2021-01-01T00:00:00+00:00
[2023-11-22T19:49:25.156+0000] {processor.py:179} INFO - Processing /home/airflow/.local/lib/python3.8/site-packages/airflow/example_dags/example_xcom.py took 0.061 seconds
[2023-11-22T19:49:55.395+0000] {processor.py:157} INFO - Started process (PID=9545) to work on /home/airflow/.local/lib/python3.8/site-packages/airflow/example_dags/example_xcom.py
[2023-11-22T19:49:55.396+0000] {processor.py:829} INFO - Processing file /home/airflow/.local/lib/python3.8/site-packages/airflow/example_dags/example_xcom.py for tasks to queue
[2023-11-22T19:49:55.396+0000] {logging_mixin.py:154} INFO - [2023-11-22T19:49:55.396+0000] {dagbag.py:536} INFO - Filling up the DagBag from /home/airflow/.local/lib/python3.8/site-packages/airflow/example_dags/example_xcom.py
[2023-11-22T19:49:55.402+0000] {processor.py:839} INFO - DAG(s) dict_keys(['example_xcom']) retrieved from /home/airflow/.local/lib/python3.8/site-packages/airflow/example_dags/example_xcom.py
[2023-11-22T19:49:55.424+0000] {logging_mixin.py:154} INFO - [2023-11-22T19:49:55.424+0000] {dag.py:2941} INFO - Sync 1 DAGs
[2023-11-22T19:49:55.545+0000] {logging_mixin.py:154} INFO - [2023-11-22T19:49:55.545+0000] {dag.py:3722} INFO - Setting next_dagrun for example_xcom to 2021-01-01T00:00:00+00:00, run_after=2021-01-01T00:00:00+00:00
[2023-11-22T19:49:55.557+0000] {processor.py:179} INFO - Processing /home/airflow/.local/lib/python3.8/site-packages/airflow/example_dags/example_xcom.py took 0.166 seconds
[2023-11-22T19:50:25.758+0000] {processor.py:157} INFO - Started process (PID=9783) to work on /home/airflow/.local/lib/python3.8/site-packages/airflow/example_dags/example_xcom.py
[2023-11-22T19:50:25.759+0000] {processor.py:829} INFO - Processing file /home/airflow/.local/lib/python3.8/site-packages/airflow/example_dags/example_xcom.py for tasks to queue
[2023-11-22T19:50:25.760+0000] {logging_mixin.py:154} INFO - [2023-11-22T19:50:25.760+0000] {dagbag.py:536} INFO - Filling up the DagBag from /home/airflow/.local/lib/python3.8/site-packages/airflow/example_dags/example_xcom.py
[2023-11-22T19:50:25.766+0000] {processor.py:839} INFO - DAG(s) dict_keys(['example_xcom']) retrieved from /home/airflow/.local/lib/python3.8/site-packages/airflow/example_dags/example_xcom.py
[2023-11-22T19:50:25.788+0000] {logging_mixin.py:154} INFO - [2023-11-22T19:50:25.787+0000] {dag.py:2941} INFO - Sync 1 DAGs
[2023-11-22T19:50:25.804+0000] {logging_mixin.py:154} INFO - [2023-11-22T19:50:25.804+0000] {dag.py:3722} INFO - Setting next_dagrun for example_xcom to 2021-01-01T00:00:00+00:00, run_after=2021-01-01T00:00:00+00:00
[2023-11-22T19:50:25.922+0000] {processor.py:179} INFO - Processing /home/airflow/.local/lib/python3.8/site-packages/airflow/example_dags/example_xcom.py took 0.167 seconds
[2023-11-22T19:50:56.440+0000] {processor.py:157} INFO - Started process (PID=10021) to work on /home/airflow/.local/lib/python3.8/site-packages/airflow/example_dags/example_xcom.py
[2023-11-22T19:50:56.440+0000] {processor.py:829} INFO - Processing file /home/airflow/.local/lib/python3.8/site-packages/airflow/example_dags/example_xcom.py for tasks to queue
[2023-11-22T19:50:56.441+0000] {logging_mixin.py:154} INFO - [2023-11-22T19:50:56.441+0000] {dagbag.py:536} INFO - Filling up the DagBag from /home/airflow/.local/lib/python3.8/site-packages/airflow/example_dags/example_xcom.py
[2023-11-22T19:50:56.448+0000] {processor.py:839} INFO - DAG(s) dict_keys(['example_xcom']) retrieved from /home/airflow/.local/lib/python3.8/site-packages/airflow/example_dags/example_xcom.py
[2023-11-22T19:50:56.469+0000] {logging_mixin.py:154} INFO - [2023-11-22T19:50:56.469+0000] {dag.py:2941} INFO - Sync 1 DAGs
[2023-11-22T19:50:56.485+0000] {logging_mixin.py:154} INFO - [2023-11-22T19:50:56.485+0000] {dag.py:3722} INFO - Setting next_dagrun for example_xcom to 2021-01-01T00:00:00+00:00, run_after=2021-01-01T00:00:00+00:00
[2023-11-22T19:50:56.497+0000] {processor.py:179} INFO - Processing /home/airflow/.local/lib/python3.8/site-packages/airflow/example_dags/example_xcom.py took 0.061 seconds
[2023-11-22T19:51:26.888+0000] {processor.py:157} INFO - Started process (PID=10259) to work on /home/airflow/.local/lib/python3.8/site-packages/airflow/example_dags/example_xcom.py
[2023-11-22T19:51:26.889+0000] {processor.py:829} INFO - Processing file /home/airflow/.local/lib/python3.8/site-packages/airflow/example_dags/example_xcom.py for tasks to queue
[2023-11-22T19:51:26.890+0000] {logging_mixin.py:154} INFO - [2023-11-22T19:51:26.890+0000] {dagbag.py:536} INFO - Filling up the DagBag from /home/airflow/.local/lib/python3.8/site-packages/airflow/example_dags/example_xcom.py
[2023-11-22T19:51:26.896+0000] {processor.py:839} INFO - DAG(s) dict_keys(['example_xcom']) retrieved from /home/airflow/.local/lib/python3.8/site-packages/airflow/example_dags/example_xcom.py
[2023-11-22T19:51:26.918+0000] {logging_mixin.py:154} INFO - [2023-11-22T19:51:26.917+0000] {dag.py:2941} INFO - Sync 1 DAGs
[2023-11-22T19:51:26.934+0000] {logging_mixin.py:154} INFO - [2023-11-22T19:51:26.934+0000] {dag.py:3722} INFO - Setting next_dagrun for example_xcom to 2021-01-01T00:00:00+00:00, run_after=2021-01-01T00:00:00+00:00
[2023-11-22T19:51:26.946+0000] {processor.py:179} INFO - Processing /home/airflow/.local/lib/python3.8/site-packages/airflow/example_dags/example_xcom.py took 0.061 seconds
[2023-11-22T19:51:57.375+0000] {processor.py:157} INFO - Started process (PID=10497) to work on /home/airflow/.local/lib/python3.8/site-packages/airflow/example_dags/example_xcom.py
[2023-11-22T19:51:57.376+0000] {processor.py:829} INFO - Processing file /home/airflow/.local/lib/python3.8/site-packages/airflow/example_dags/example_xcom.py for tasks to queue
[2023-11-22T19:51:57.377+0000] {logging_mixin.py:154} INFO - [2023-11-22T19:51:57.377+0000] {dagbag.py:536} INFO - Filling up the DagBag from /home/airflow/.local/lib/python3.8/site-packages/airflow/example_dags/example_xcom.py
[2023-11-22T19:51:57.383+0000] {processor.py:839} INFO - DAG(s) dict_keys(['example_xcom']) retrieved from /home/airflow/.local/lib/python3.8/site-packages/airflow/example_dags/example_xcom.py
[2023-11-22T19:51:57.512+0000] {logging_mixin.py:154} INFO - [2023-11-22T19:51:57.512+0000] {dag.py:2941} INFO - Sync 1 DAGs
[2023-11-22T19:51:57.526+0000] {logging_mixin.py:154} INFO - [2023-11-22T19:51:57.526+0000] {dag.py:3722} INFO - Setting next_dagrun for example_xcom to 2021-01-01T00:00:00+00:00, run_after=2021-01-01T00:00:00+00:00
[2023-11-22T19:51:57.538+0000] {processor.py:179} INFO - Processing /home/airflow/.local/lib/python3.8/site-packages/airflow/example_dags/example_xcom.py took 0.166 seconds
[2023-11-22T19:52:27.820+0000] {processor.py:157} INFO - Started process (PID=10736) to work on /home/airflow/.local/lib/python3.8/site-packages/airflow/example_dags/example_xcom.py
[2023-11-22T19:52:27.821+0000] {processor.py:829} INFO - Processing file /home/airflow/.local/lib/python3.8/site-packages/airflow/example_dags/example_xcom.py for tasks to queue
[2023-11-22T19:52:27.822+0000] {logging_mixin.py:154} INFO - [2023-11-22T19:52:27.822+0000] {dagbag.py:536} INFO - Filling up the DagBag from /home/airflow/.local/lib/python3.8/site-packages/airflow/example_dags/example_xcom.py
[2023-11-22T19:52:27.828+0000] {processor.py:839} INFO - DAG(s) dict_keys(['example_xcom']) retrieved from /home/airflow/.local/lib/python3.8/site-packages/airflow/example_dags/example_xcom.py
[2023-11-22T19:52:27.849+0000] {logging_mixin.py:154} INFO - [2023-11-22T19:52:27.849+0000] {dag.py:2941} INFO - Sync 1 DAGs
[2023-11-22T19:52:27.865+0000] {logging_mixin.py:154} INFO - [2023-11-22T19:52:27.865+0000] {dag.py:3722} INFO - Setting next_dagrun for example_xcom to 2021-01-01T00:00:00+00:00, run_after=2021-01-01T00:00:00+00:00
[2023-11-22T19:52:27.878+0000] {processor.py:179} INFO - Processing /home/airflow/.local/lib/python3.8/site-packages/airflow/example_dags/example_xcom.py took 0.061 seconds
[2023-11-22T19:52:58.346+0000] {processor.py:157} INFO - Started process (PID=10974) to work on /home/airflow/.local/lib/python3.8/site-packages/airflow/example_dags/example_xcom.py
[2023-11-22T19:52:58.347+0000] {processor.py:829} INFO - Processing file /home/airflow/.local/lib/python3.8/site-packages/airflow/example_dags/example_xcom.py for tasks to queue
[2023-11-22T19:52:58.348+0000] {logging_mixin.py:154} INFO - [2023-11-22T19:52:58.347+0000] {dagbag.py:536} INFO - Filling up the DagBag from /home/airflow/.local/lib/python3.8/site-packages/airflow/example_dags/example_xcom.py
[2023-11-22T19:52:58.354+0000] {processor.py:839} INFO - DAG(s) dict_keys(['example_xcom']) retrieved from /home/airflow/.local/lib/python3.8/site-packages/airflow/example_dags/example_xcom.py
[2023-11-22T19:52:58.376+0000] {logging_mixin.py:154} INFO - [2023-11-22T19:52:58.375+0000] {dag.py:2941} INFO - Sync 1 DAGs
[2023-11-22T19:52:58.391+0000] {logging_mixin.py:154} INFO - [2023-11-22T19:52:58.391+0000] {dag.py:3722} INFO - Setting next_dagrun for example_xcom to 2021-01-01T00:00:00+00:00, run_after=2021-01-01T00:00:00+00:00
[2023-11-22T19:52:58.404+0000] {processor.py:179} INFO - Processing /home/airflow/.local/lib/python3.8/site-packages/airflow/example_dags/example_xcom.py took 0.061 seconds
[2023-11-22T19:53:28.740+0000] {processor.py:157} INFO - Started process (PID=11212) to work on /home/airflow/.local/lib/python3.8/site-packages/airflow/example_dags/example_xcom.py
[2023-11-22T19:53:28.741+0000] {processor.py:829} INFO - Processing file /home/airflow/.local/lib/python3.8/site-packages/airflow/example_dags/example_xcom.py for tasks to queue
[2023-11-22T19:53:28.742+0000] {logging_mixin.py:154} INFO - [2023-11-22T19:53:28.741+0000] {dagbag.py:536} INFO - Filling up the DagBag from /home/airflow/.local/lib/python3.8/site-packages/airflow/example_dags/example_xcom.py
[2023-11-22T19:53:28.748+0000] {processor.py:839} INFO - DAG(s) dict_keys(['example_xcom']) retrieved from /home/airflow/.local/lib/python3.8/site-packages/airflow/example_dags/example_xcom.py
[2023-11-22T19:53:28.770+0000] {logging_mixin.py:154} INFO - [2023-11-22T19:53:28.770+0000] {dag.py:2941} INFO - Sync 1 DAGs
[2023-11-22T19:53:28.786+0000] {logging_mixin.py:154} INFO - [2023-11-22T19:53:28.786+0000] {dag.py:3722} INFO - Setting next_dagrun for example_xcom to 2021-01-01T00:00:00+00:00, run_after=2021-01-01T00:00:00+00:00
[2023-11-22T19:53:28.798+0000] {processor.py:179} INFO - Processing /home/airflow/.local/lib/python3.8/site-packages/airflow/example_dags/example_xcom.py took 0.061 seconds
[2023-11-22T19:53:59.321+0000] {processor.py:157} INFO - Started process (PID=11450) to work on /home/airflow/.local/lib/python3.8/site-packages/airflow/example_dags/example_xcom.py
[2023-11-22T19:53:59.322+0000] {processor.py:829} INFO - Processing file /home/airflow/.local/lib/python3.8/site-packages/airflow/example_dags/example_xcom.py for tasks to queue
[2023-11-22T19:53:59.323+0000] {logging_mixin.py:154} INFO - [2023-11-22T19:53:59.323+0000] {dagbag.py:536} INFO - Filling up the DagBag from /home/airflow/.local/lib/python3.8/site-packages/airflow/example_dags/example_xcom.py
[2023-11-22T19:53:59.329+0000] {processor.py:839} INFO - DAG(s) dict_keys(['example_xcom']) retrieved from /home/airflow/.local/lib/python3.8/site-packages/airflow/example_dags/example_xcom.py
[2023-11-22T19:53:59.351+0000] {logging_mixin.py:154} INFO - [2023-11-22T19:53:59.351+0000] {dag.py:2941} INFO - Sync 1 DAGs
[2023-11-22T19:53:59.367+0000] {logging_mixin.py:154} INFO - [2023-11-22T19:53:59.366+0000] {dag.py:3722} INFO - Setting next_dagrun for example_xcom to 2021-01-01T00:00:00+00:00, run_after=2021-01-01T00:00:00+00:00
[2023-11-22T19:53:59.379+0000] {processor.py:179} INFO - Processing /home/airflow/.local/lib/python3.8/site-packages/airflow/example_dags/example_xcom.py took 0.061 seconds
[2023-11-22T20:36:14.960+0000] {processor.py:157} INFO - Started process (PID=11693) to work on /home/airflow/.local/lib/python3.8/site-packages/airflow/example_dags/example_xcom.py
[2023-11-22T20:36:14.961+0000] {processor.py:829} INFO - Processing file /home/airflow/.local/lib/python3.8/site-packages/airflow/example_dags/example_xcom.py for tasks to queue
[2023-11-22T20:36:14.962+0000] {logging_mixin.py:154} INFO - [2023-11-22T20:36:14.961+0000] {dagbag.py:536} INFO - Filling up the DagBag from /home/airflow/.local/lib/python3.8/site-packages/airflow/example_dags/example_xcom.py
[2023-11-22T20:36:14.968+0000] {processor.py:839} INFO - DAG(s) dict_keys(['example_xcom']) retrieved from /home/airflow/.local/lib/python3.8/site-packages/airflow/example_dags/example_xcom.py
[2023-11-22T20:36:14.990+0000] {logging_mixin.py:154} INFO - [2023-11-22T20:36:14.990+0000] {dag.py:2941} INFO - Sync 1 DAGs
[2023-11-22T20:36:15.006+0000] {logging_mixin.py:154} INFO - [2023-11-22T20:36:15.006+0000] {dag.py:3722} INFO - Setting next_dagrun for example_xcom to 2021-01-01T00:00:00+00:00, run_after=2021-01-01T00:00:00+00:00
[2023-11-22T20:36:15.019+0000] {processor.py:179} INFO - Processing /home/airflow/.local/lib/python3.8/site-packages/airflow/example_dags/example_xcom.py took 0.062 seconds
[2023-11-22T21:01:34.212+0000] {processor.py:157} INFO - Started process (PID=11934) to work on /home/airflow/.local/lib/python3.8/site-packages/airflow/example_dags/example_xcom.py
[2023-11-22T21:01:34.213+0000] {processor.py:829} INFO - Processing file /home/airflow/.local/lib/python3.8/site-packages/airflow/example_dags/example_xcom.py for tasks to queue
[2023-11-22T21:01:34.214+0000] {logging_mixin.py:154} INFO - [2023-11-22T21:01:34.214+0000] {dagbag.py:536} INFO - Filling up the DagBag from /home/airflow/.local/lib/python3.8/site-packages/airflow/example_dags/example_xcom.py
[2023-11-22T21:01:34.221+0000] {processor.py:839} INFO - DAG(s) dict_keys(['example_xcom']) retrieved from /home/airflow/.local/lib/python3.8/site-packages/airflow/example_dags/example_xcom.py
[2023-11-22T21:01:34.247+0000] {logging_mixin.py:154} INFO - [2023-11-22T21:01:34.247+0000] {dag.py:2941} INFO - Sync 1 DAGs
[2023-11-22T21:01:34.267+0000] {logging_mixin.py:154} INFO - [2023-11-22T21:01:34.267+0000] {dag.py:3722} INFO - Setting next_dagrun for example_xcom to 2021-01-01T00:00:00+00:00, run_after=2021-01-01T00:00:00+00:00
[2023-11-22T21:01:34.282+0000] {processor.py:179} INFO - Processing /home/airflow/.local/lib/python3.8/site-packages/airflow/example_dags/example_xcom.py took 0.074 seconds
[2023-11-22T21:02:04.442+0000] {processor.py:157} INFO - Started process (PID=12170) to work on /home/airflow/.local/lib/python3.8/site-packages/airflow/example_dags/example_xcom.py
[2023-11-22T21:02:04.443+0000] {processor.py:829} INFO - Processing file /home/airflow/.local/lib/python3.8/site-packages/airflow/example_dags/example_xcom.py for tasks to queue
[2023-11-22T21:02:04.444+0000] {logging_mixin.py:154} INFO - [2023-11-22T21:02:04.444+0000] {dagbag.py:536} INFO - Filling up the DagBag from /home/airflow/.local/lib/python3.8/site-packages/airflow/example_dags/example_xcom.py
[2023-11-22T21:02:04.450+0000] {processor.py:839} INFO - DAG(s) dict_keys(['example_xcom']) retrieved from /home/airflow/.local/lib/python3.8/site-packages/airflow/example_dags/example_xcom.py
[2023-11-22T21:02:04.474+0000] {logging_mixin.py:154} INFO - [2023-11-22T21:02:04.474+0000] {dag.py:2941} INFO - Sync 1 DAGs
[2023-11-22T21:02:04.490+0000] {logging_mixin.py:154} INFO - [2023-11-22T21:02:04.490+0000] {dag.py:3722} INFO - Setting next_dagrun for example_xcom to 2021-01-01T00:00:00+00:00, run_after=2021-01-01T00:00:00+00:00
[2023-11-22T21:02:04.507+0000] {processor.py:179} INFO - Processing /home/airflow/.local/lib/python3.8/site-packages/airflow/example_dags/example_xcom.py took 0.068 seconds
[2023-11-22T21:02:34.773+0000] {processor.py:157} INFO - Started process (PID=12408) to work on /home/airflow/.local/lib/python3.8/site-packages/airflow/example_dags/example_xcom.py
[2023-11-22T21:02:34.774+0000] {processor.py:829} INFO - Processing file /home/airflow/.local/lib/python3.8/site-packages/airflow/example_dags/example_xcom.py for tasks to queue
[2023-11-22T21:02:34.775+0000] {logging_mixin.py:154} INFO - [2023-11-22T21:02:34.775+0000] {dagbag.py:536} INFO - Filling up the DagBag from /home/airflow/.local/lib/python3.8/site-packages/airflow/example_dags/example_xcom.py
[2023-11-22T21:02:34.783+0000] {processor.py:839} INFO - DAG(s) dict_keys(['example_xcom']) retrieved from /home/airflow/.local/lib/python3.8/site-packages/airflow/example_dags/example_xcom.py
[2023-11-22T21:02:34.812+0000] {logging_mixin.py:154} INFO - [2023-11-22T21:02:34.812+0000] {dag.py:2941} INFO - Sync 1 DAGs
[2023-11-22T21:02:34.829+0000] {logging_mixin.py:154} INFO - [2023-11-22T21:02:34.829+0000] {dag.py:3722} INFO - Setting next_dagrun for example_xcom to 2021-01-01T00:00:00+00:00, run_after=2021-01-01T00:00:00+00:00
[2023-11-22T21:02:34.843+0000] {processor.py:179} INFO - Processing /home/airflow/.local/lib/python3.8/site-packages/airflow/example_dags/example_xcom.py took 0.074 seconds
[2023-11-22T21:03:05.184+0000] {processor.py:157} INFO - Started process (PID=12646) to work on /home/airflow/.local/lib/python3.8/site-packages/airflow/example_dags/example_xcom.py
[2023-11-22T21:03:05.185+0000] {processor.py:829} INFO - Processing file /home/airflow/.local/lib/python3.8/site-packages/airflow/example_dags/example_xcom.py for tasks to queue
[2023-11-22T21:03:05.186+0000] {logging_mixin.py:154} INFO - [2023-11-22T21:03:05.186+0000] {dagbag.py:536} INFO - Filling up the DagBag from /home/airflow/.local/lib/python3.8/site-packages/airflow/example_dags/example_xcom.py
[2023-11-22T21:03:05.192+0000] {processor.py:839} INFO - DAG(s) dict_keys(['example_xcom']) retrieved from /home/airflow/.local/lib/python3.8/site-packages/airflow/example_dags/example_xcom.py
[2023-11-22T21:03:05.215+0000] {logging_mixin.py:154} INFO - [2023-11-22T21:03:05.214+0000] {dag.py:2941} INFO - Sync 1 DAGs
[2023-11-22T21:03:05.231+0000] {logging_mixin.py:154} INFO - [2023-11-22T21:03:05.231+0000] {dag.py:3722} INFO - Setting next_dagrun for example_xcom to 2021-01-01T00:00:00+00:00, run_after=2021-01-01T00:00:00+00:00
[2023-11-22T21:03:05.243+0000] {processor.py:179} INFO - Processing /home/airflow/.local/lib/python3.8/site-packages/airflow/example_dags/example_xcom.py took 0.062 seconds
[2023-11-22T21:03:35.978+0000] {processor.py:157} INFO - Started process (PID=12884) to work on /home/airflow/.local/lib/python3.8/site-packages/airflow/example_dags/example_xcom.py
[2023-11-22T21:03:35.979+0000] {processor.py:829} INFO - Processing file /home/airflow/.local/lib/python3.8/site-packages/airflow/example_dags/example_xcom.py for tasks to queue
[2023-11-22T21:03:35.980+0000] {logging_mixin.py:154} INFO - [2023-11-22T21:03:35.980+0000] {dagbag.py:536} INFO - Filling up the DagBag from /home/airflow/.local/lib/python3.8/site-packages/airflow/example_dags/example_xcom.py
[2023-11-22T21:03:35.989+0000] {processor.py:839} INFO - DAG(s) dict_keys(['example_xcom']) retrieved from /home/airflow/.local/lib/python3.8/site-packages/airflow/example_dags/example_xcom.py
[2023-11-22T21:03:36.018+0000] {logging_mixin.py:154} INFO - [2023-11-22T21:03:36.018+0000] {dag.py:2941} INFO - Sync 1 DAGs
[2023-11-22T21:03:36.038+0000] {logging_mixin.py:154} INFO - [2023-11-22T21:03:36.038+0000] {dag.py:3722} INFO - Setting next_dagrun for example_xcom to 2021-01-01T00:00:00+00:00, run_after=2021-01-01T00:00:00+00:00
[2023-11-22T21:03:36.052+0000] {processor.py:179} INFO - Processing /home/airflow/.local/lib/python3.8/site-packages/airflow/example_dags/example_xcom.py took 0.078 seconds
[2023-11-22T21:04:06.574+0000] {processor.py:157} INFO - Started process (PID=13122) to work on /home/airflow/.local/lib/python3.8/site-packages/airflow/example_dags/example_xcom.py
[2023-11-22T21:04:06.575+0000] {processor.py:829} INFO - Processing file /home/airflow/.local/lib/python3.8/site-packages/airflow/example_dags/example_xcom.py for tasks to queue
[2023-11-22T21:04:06.576+0000] {logging_mixin.py:154} INFO - [2023-11-22T21:04:06.576+0000] {dagbag.py:536} INFO - Filling up the DagBag from /home/airflow/.local/lib/python3.8/site-packages/airflow/example_dags/example_xcom.py
[2023-11-22T21:04:06.584+0000] {processor.py:839} INFO - DAG(s) dict_keys(['example_xcom']) retrieved from /home/airflow/.local/lib/python3.8/site-packages/airflow/example_dags/example_xcom.py
[2023-11-22T21:04:06.609+0000] {logging_mixin.py:154} INFO - [2023-11-22T21:04:06.609+0000] {dag.py:2941} INFO - Sync 1 DAGs
[2023-11-22T21:04:06.628+0000] {logging_mixin.py:154} INFO - [2023-11-22T21:04:06.628+0000] {dag.py:3722} INFO - Setting next_dagrun for example_xcom to 2021-01-01T00:00:00+00:00, run_after=2021-01-01T00:00:00+00:00
[2023-11-22T21:04:06.643+0000] {processor.py:179} INFO - Processing /home/airflow/.local/lib/python3.8/site-packages/airflow/example_dags/example_xcom.py took 0.072 seconds
[2023-11-22T21:04:37.188+0000] {processor.py:157} INFO - Started process (PID=13360) to work on /home/airflow/.local/lib/python3.8/site-packages/airflow/example_dags/example_xcom.py
[2023-11-22T21:04:37.189+0000] {processor.py:829} INFO - Processing file /home/airflow/.local/lib/python3.8/site-packages/airflow/example_dags/example_xcom.py for tasks to queue
[2023-11-22T21:04:37.189+0000] {logging_mixin.py:154} INFO - [2023-11-22T21:04:37.189+0000] {dagbag.py:536} INFO - Filling up the DagBag from /home/airflow/.local/lib/python3.8/site-packages/airflow/example_dags/example_xcom.py
[2023-11-22T21:04:37.196+0000] {processor.py:839} INFO - DAG(s) dict_keys(['example_xcom']) retrieved from /home/airflow/.local/lib/python3.8/site-packages/airflow/example_dags/example_xcom.py
[2023-11-22T21:04:37.218+0000] {logging_mixin.py:154} INFO - [2023-11-22T21:04:37.218+0000] {dag.py:2941} INFO - Sync 1 DAGs
[2023-11-22T21:04:37.236+0000] {logging_mixin.py:154} INFO - [2023-11-22T21:04:37.236+0000] {dag.py:3722} INFO - Setting next_dagrun for example_xcom to 2021-01-01T00:00:00+00:00, run_after=2021-01-01T00:00:00+00:00
[2023-11-22T21:04:37.250+0000] {processor.py:179} INFO - Processing /home/airflow/.local/lib/python3.8/site-packages/airflow/example_dags/example_xcom.py took 0.065 seconds
[2023-11-22T21:05:07.691+0000] {processor.py:157} INFO - Started process (PID=13598) to work on /home/airflow/.local/lib/python3.8/site-packages/airflow/example_dags/example_xcom.py
[2023-11-22T21:05:07.692+0000] {processor.py:829} INFO - Processing file /home/airflow/.local/lib/python3.8/site-packages/airflow/example_dags/example_xcom.py for tasks to queue
[2023-11-22T21:05:07.693+0000] {logging_mixin.py:154} INFO - [2023-11-22T21:05:07.693+0000] {dagbag.py:536} INFO - Filling up the DagBag from /home/airflow/.local/lib/python3.8/site-packages/airflow/example_dags/example_xcom.py
[2023-11-22T21:05:07.699+0000] {processor.py:839} INFO - DAG(s) dict_keys(['example_xcom']) retrieved from /home/airflow/.local/lib/python3.8/site-packages/airflow/example_dags/example_xcom.py
[2023-11-22T21:05:07.722+0000] {logging_mixin.py:154} INFO - [2023-11-22T21:05:07.722+0000] {dag.py:2941} INFO - Sync 1 DAGs
[2023-11-22T21:05:07.743+0000] {logging_mixin.py:154} INFO - [2023-11-22T21:05:07.743+0000] {dag.py:3722} INFO - Setting next_dagrun for example_xcom to 2021-01-01T00:00:00+00:00, run_after=2021-01-01T00:00:00+00:00
[2023-11-22T21:05:07.758+0000] {processor.py:179} INFO - Processing /home/airflow/.local/lib/python3.8/site-packages/airflow/example_dags/example_xcom.py took 0.072 seconds
[2023-11-22T21:05:38.394+0000] {processor.py:157} INFO - Started process (PID=13837) to work on /home/airflow/.local/lib/python3.8/site-packages/airflow/example_dags/example_xcom.py
[2023-11-22T21:05:38.395+0000] {processor.py:829} INFO - Processing file /home/airflow/.local/lib/python3.8/site-packages/airflow/example_dags/example_xcom.py for tasks to queue
[2023-11-22T21:05:38.395+0000] {logging_mixin.py:154} INFO - [2023-11-22T21:05:38.395+0000] {dagbag.py:536} INFO - Filling up the DagBag from /home/airflow/.local/lib/python3.8/site-packages/airflow/example_dags/example_xcom.py
[2023-11-22T21:05:38.402+0000] {processor.py:839} INFO - DAG(s) dict_keys(['example_xcom']) retrieved from /home/airflow/.local/lib/python3.8/site-packages/airflow/example_dags/example_xcom.py
[2023-11-22T21:05:38.424+0000] {logging_mixin.py:154} INFO - [2023-11-22T21:05:38.424+0000] {dag.py:2941} INFO - Sync 1 DAGs
[2023-11-22T21:05:38.442+0000] {logging_mixin.py:154} INFO - [2023-11-22T21:05:38.441+0000] {dag.py:3722} INFO - Setting next_dagrun for example_xcom to 2021-01-01T00:00:00+00:00, run_after=2021-01-01T00:00:00+00:00
[2023-11-22T21:05:38.456+0000] {processor.py:179} INFO - Processing /home/airflow/.local/lib/python3.8/site-packages/airflow/example_dags/example_xcom.py took 0.065 seconds
[2023-11-22T21:06:08.565+0000] {processor.py:157} INFO - Started process (PID=14075) to work on /home/airflow/.local/lib/python3.8/site-packages/airflow/example_dags/example_xcom.py
[2023-11-22T21:06:08.566+0000] {processor.py:829} INFO - Processing file /home/airflow/.local/lib/python3.8/site-packages/airflow/example_dags/example_xcom.py for tasks to queue
[2023-11-22T21:06:08.567+0000] {logging_mixin.py:154} INFO - [2023-11-22T21:06:08.567+0000] {dagbag.py:536} INFO - Filling up the DagBag from /home/airflow/.local/lib/python3.8/site-packages/airflow/example_dags/example_xcom.py
[2023-11-22T21:06:08.573+0000] {processor.py:839} INFO - DAG(s) dict_keys(['example_xcom']) retrieved from /home/airflow/.local/lib/python3.8/site-packages/airflow/example_dags/example_xcom.py
[2023-11-22T21:06:08.594+0000] {logging_mixin.py:154} INFO - [2023-11-22T21:06:08.594+0000] {dag.py:2941} INFO - Sync 1 DAGs
[2023-11-22T21:06:08.611+0000] {logging_mixin.py:154} INFO - [2023-11-22T21:06:08.611+0000] {dag.py:3722} INFO - Setting next_dagrun for example_xcom to 2021-01-01T00:00:00+00:00, run_after=2021-01-01T00:00:00+00:00
[2023-11-22T21:06:08.623+0000] {processor.py:179} INFO - Processing /home/airflow/.local/lib/python3.8/site-packages/airflow/example_dags/example_xcom.py took 0.061 seconds
[2023-11-22T21:06:39.621+0000] {processor.py:157} INFO - Started process (PID=14311) to work on /home/airflow/.local/lib/python3.8/site-packages/airflow/example_dags/example_xcom.py
[2023-11-22T21:06:39.623+0000] {processor.py:829} INFO - Processing file /home/airflow/.local/lib/python3.8/site-packages/airflow/example_dags/example_xcom.py for tasks to queue
[2023-11-22T21:06:39.624+0000] {logging_mixin.py:154} INFO - [2023-11-22T21:06:39.624+0000] {dagbag.py:536} INFO - Filling up the DagBag from /home/airflow/.local/lib/python3.8/site-packages/airflow/example_dags/example_xcom.py
[2023-11-22T21:06:39.631+0000] {processor.py:839} INFO - DAG(s) dict_keys(['example_xcom']) retrieved from /home/airflow/.local/lib/python3.8/site-packages/airflow/example_dags/example_xcom.py
[2023-11-22T21:06:39.658+0000] {logging_mixin.py:154} INFO - [2023-11-22T21:06:39.658+0000] {dag.py:2941} INFO - Sync 1 DAGs
[2023-11-22T21:06:39.681+0000] {logging_mixin.py:154} INFO - [2023-11-22T21:06:39.681+0000] {dag.py:3722} INFO - Setting next_dagrun for example_xcom to 2021-01-01T00:00:00+00:00, run_after=2021-01-01T00:00:00+00:00
[2023-11-22T21:06:39.694+0000] {processor.py:179} INFO - Processing /home/airflow/.local/lib/python3.8/site-packages/airflow/example_dags/example_xcom.py took 0.076 seconds
[2023-11-22T21:07:10.476+0000] {processor.py:157} INFO - Started process (PID=14549) to work on /home/airflow/.local/lib/python3.8/site-packages/airflow/example_dags/example_xcom.py
[2023-11-22T21:07:10.477+0000] {processor.py:829} INFO - Processing file /home/airflow/.local/lib/python3.8/site-packages/airflow/example_dags/example_xcom.py for tasks to queue
[2023-11-22T21:07:10.478+0000] {logging_mixin.py:154} INFO - [2023-11-22T21:07:10.478+0000] {dagbag.py:536} INFO - Filling up the DagBag from /home/airflow/.local/lib/python3.8/site-packages/airflow/example_dags/example_xcom.py
[2023-11-22T21:07:10.485+0000] {processor.py:839} INFO - DAG(s) dict_keys(['example_xcom']) retrieved from /home/airflow/.local/lib/python3.8/site-packages/airflow/example_dags/example_xcom.py
[2023-11-22T21:07:10.516+0000] {logging_mixin.py:154} INFO - [2023-11-22T21:07:10.515+0000] {dag.py:2941} INFO - Sync 1 DAGs
[2023-11-22T21:07:10.534+0000] {logging_mixin.py:154} INFO - [2023-11-22T21:07:10.534+0000] {dag.py:3722} INFO - Setting next_dagrun for example_xcom to 2021-01-01T00:00:00+00:00, run_after=2021-01-01T00:00:00+00:00
[2023-11-22T21:07:10.549+0000] {processor.py:179} INFO - Processing /home/airflow/.local/lib/python3.8/site-packages/airflow/example_dags/example_xcom.py took 0.076 seconds
[2023-11-22T21:07:40.821+0000] {processor.py:157} INFO - Started process (PID=14789) to work on /home/airflow/.local/lib/python3.8/site-packages/airflow/example_dags/example_xcom.py
[2023-11-22T21:07:40.822+0000] {processor.py:829} INFO - Processing file /home/airflow/.local/lib/python3.8/site-packages/airflow/example_dags/example_xcom.py for tasks to queue
[2023-11-22T21:07:40.823+0000] {logging_mixin.py:154} INFO - [2023-11-22T21:07:40.823+0000] {dagbag.py:536} INFO - Filling up the DagBag from /home/airflow/.local/lib/python3.8/site-packages/airflow/example_dags/example_xcom.py
[2023-11-22T21:07:40.829+0000] {processor.py:839} INFO - DAG(s) dict_keys(['example_xcom']) retrieved from /home/airflow/.local/lib/python3.8/site-packages/airflow/example_dags/example_xcom.py
[2023-11-22T21:07:40.851+0000] {logging_mixin.py:154} INFO - [2023-11-22T21:07:40.851+0000] {dag.py:2941} INFO - Sync 1 DAGs
[2023-11-22T21:07:40.867+0000] {logging_mixin.py:154} INFO - [2023-11-22T21:07:40.867+0000] {dag.py:3722} INFO - Setting next_dagrun for example_xcom to 2021-01-01T00:00:00+00:00, run_after=2021-01-01T00:00:00+00:00
[2023-11-22T21:07:40.879+0000] {processor.py:179} INFO - Processing /home/airflow/.local/lib/python3.8/site-packages/airflow/example_dags/example_xcom.py took 0.061 seconds
[2023-11-22T21:08:11.600+0000] {processor.py:157} INFO - Started process (PID=15027) to work on /home/airflow/.local/lib/python3.8/site-packages/airflow/example_dags/example_xcom.py
[2023-11-22T21:08:11.601+0000] {processor.py:829} INFO - Processing file /home/airflow/.local/lib/python3.8/site-packages/airflow/example_dags/example_xcom.py for tasks to queue
[2023-11-22T21:08:11.602+0000] {logging_mixin.py:154} INFO - [2023-11-22T21:08:11.601+0000] {dagbag.py:536} INFO - Filling up the DagBag from /home/airflow/.local/lib/python3.8/site-packages/airflow/example_dags/example_xcom.py
[2023-11-22T21:08:11.608+0000] {processor.py:839} INFO - DAG(s) dict_keys(['example_xcom']) retrieved from /home/airflow/.local/lib/python3.8/site-packages/airflow/example_dags/example_xcom.py
[2023-11-22T21:08:11.631+0000] {logging_mixin.py:154} INFO - [2023-11-22T21:08:11.631+0000] {dag.py:2941} INFO - Sync 1 DAGs
[2023-11-22T21:08:11.647+0000] {logging_mixin.py:154} INFO - [2023-11-22T21:08:11.647+0000] {dag.py:3722} INFO - Setting next_dagrun for example_xcom to 2021-01-01T00:00:00+00:00, run_after=2021-01-01T00:00:00+00:00
[2023-11-22T21:08:11.660+0000] {processor.py:179} INFO - Processing /home/airflow/.local/lib/python3.8/site-packages/airflow/example_dags/example_xcom.py took 0.064 seconds
[2023-11-22T21:08:42.565+0000] {processor.py:157} INFO - Started process (PID=15265) to work on /home/airflow/.local/lib/python3.8/site-packages/airflow/example_dags/example_xcom.py
[2023-11-22T21:08:42.567+0000] {processor.py:829} INFO - Processing file /home/airflow/.local/lib/python3.8/site-packages/airflow/example_dags/example_xcom.py for tasks to queue
[2023-11-22T21:08:42.568+0000] {logging_mixin.py:154} INFO - [2023-11-22T21:08:42.568+0000] {dagbag.py:536} INFO - Filling up the DagBag from /home/airflow/.local/lib/python3.8/site-packages/airflow/example_dags/example_xcom.py
[2023-11-22T21:08:42.579+0000] {processor.py:839} INFO - DAG(s) dict_keys(['example_xcom']) retrieved from /home/airflow/.local/lib/python3.8/site-packages/airflow/example_dags/example_xcom.py
[2023-11-22T21:08:42.612+0000] {logging_mixin.py:154} INFO - [2023-11-22T21:08:42.611+0000] {dag.py:2941} INFO - Sync 1 DAGs
[2023-11-22T21:08:42.635+0000] {logging_mixin.py:154} INFO - [2023-11-22T21:08:42.634+0000] {dag.py:3722} INFO - Setting next_dagrun for example_xcom to 2021-01-01T00:00:00+00:00, run_after=2021-01-01T00:00:00+00:00
[2023-11-22T21:08:42.663+0000] {processor.py:179} INFO - Processing /home/airflow/.local/lib/python3.8/site-packages/airflow/example_dags/example_xcom.py took 0.103 seconds
[2023-11-22T21:09:42.368+0000] {processor.py:157} INFO - Started process (PID=262) to work on /home/airflow/.local/lib/python3.8/site-packages/airflow/example_dags/example_xcom.py
[2023-11-22T21:09:42.369+0000] {processor.py:829} INFO - Processing file /home/airflow/.local/lib/python3.8/site-packages/airflow/example_dags/example_xcom.py for tasks to queue
[2023-11-22T21:09:42.371+0000] {logging_mixin.py:154} INFO - [2023-11-22T21:09:42.370+0000] {dagbag.py:536} INFO - Filling up the DagBag from /home/airflow/.local/lib/python3.8/site-packages/airflow/example_dags/example_xcom.py
[2023-11-22T21:09:42.387+0000] {processor.py:839} INFO - DAG(s) dict_keys(['example_xcom']) retrieved from /home/airflow/.local/lib/python3.8/site-packages/airflow/example_dags/example_xcom.py
[2023-11-22T21:09:42.428+0000] {logging_mixin.py:154} INFO - [2023-11-22T21:09:42.428+0000] {dag.py:2941} INFO - Sync 1 DAGs
[2023-11-22T21:09:42.462+0000] {logging_mixin.py:154} INFO - [2023-11-22T21:09:42.461+0000] {dag.py:3722} INFO - Setting next_dagrun for example_xcom to 2021-01-01T00:00:00+00:00, run_after=2021-01-01T00:00:00+00:00
[2023-11-22T21:09:42.487+0000] {processor.py:179} INFO - Processing /home/airflow/.local/lib/python3.8/site-packages/airflow/example_dags/example_xcom.py took 0.127 seconds
[2023-11-22T21:10:12.880+0000] {processor.py:157} INFO - Started process (PID=501) to work on /home/airflow/.local/lib/python3.8/site-packages/airflow/example_dags/example_xcom.py
[2023-11-22T21:10:12.881+0000] {processor.py:829} INFO - Processing file /home/airflow/.local/lib/python3.8/site-packages/airflow/example_dags/example_xcom.py for tasks to queue
[2023-11-22T21:10:12.882+0000] {logging_mixin.py:154} INFO - [2023-11-22T21:10:12.882+0000] {dagbag.py:536} INFO - Filling up the DagBag from /home/airflow/.local/lib/python3.8/site-packages/airflow/example_dags/example_xcom.py
[2023-11-22T21:10:12.889+0000] {processor.py:839} INFO - DAG(s) dict_keys(['example_xcom']) retrieved from /home/airflow/.local/lib/python3.8/site-packages/airflow/example_dags/example_xcom.py
[2023-11-22T21:10:12.912+0000] {logging_mixin.py:154} INFO - [2023-11-22T21:10:12.912+0000] {dag.py:2941} INFO - Sync 1 DAGs
[2023-11-22T21:10:12.930+0000] {logging_mixin.py:154} INFO - [2023-11-22T21:10:12.930+0000] {dag.py:3722} INFO - Setting next_dagrun for example_xcom to 2021-01-01T00:00:00+00:00, run_after=2021-01-01T00:00:00+00:00
[2023-11-22T21:10:12.944+0000] {processor.py:179} INFO - Processing /home/airflow/.local/lib/python3.8/site-packages/airflow/example_dags/example_xcom.py took 0.067 seconds
