[2023-11-22T19:30:04.712+0000] {processor.py:157} INFO - Started process (PID=222) to work on /home/airflow/.local/lib/python3.8/site-packages/airflow/example_dags/example_local_kubernetes_executor.py
[2023-11-22T19:30:04.715+0000] {processor.py:829} INFO - Processing file /home/airflow/.local/lib/python3.8/site-packages/airflow/example_dags/example_local_kubernetes_executor.py for tasks to queue
[2023-11-22T19:30:04.718+0000] {logging_mixin.py:154} INFO - [2023-11-22T19:30:04.716+0000] {dagbag.py:536} INFO - Filling up the DagBag from /home/airflow/.local/lib/python3.8/site-packages/airflow/example_dags/example_local_kubernetes_executor.py
[2023-11-22T19:30:04.736+0000] {processor.py:839} INFO - DAG(s) dict_keys(['example_local_kubernetes_executor']) retrieved from /home/airflow/.local/lib/python3.8/site-packages/airflow/example_dags/example_local_kubernetes_executor.py
[2023-11-22T19:30:04.765+0000] {logging_mixin.py:154} INFO - [2023-11-22T19:30:04.765+0000] {dag.py:2941} INFO - Sync 1 DAGs
[2023-11-22T19:30:04.801+0000] {logging_mixin.py:154} INFO - [2023-11-22T19:30:04.801+0000] {dag.py:3722} INFO - Setting next_dagrun for example_local_kubernetes_executor to None, run_after=None
[2023-11-22T19:30:04.891+0000] {processor.py:179} INFO - Processing /home/airflow/.local/lib/python3.8/site-packages/airflow/example_dags/example_local_kubernetes_executor.py took 0.183 seconds
[2023-11-22T19:30:34.987+0000] {processor.py:157} INFO - Started process (PID=462) to work on /home/airflow/.local/lib/python3.8/site-packages/airflow/example_dags/example_local_kubernetes_executor.py
[2023-11-22T19:30:34.988+0000] {processor.py:829} INFO - Processing file /home/airflow/.local/lib/python3.8/site-packages/airflow/example_dags/example_local_kubernetes_executor.py for tasks to queue
[2023-11-22T19:30:34.989+0000] {logging_mixin.py:154} INFO - [2023-11-22T19:30:34.988+0000] {dagbag.py:536} INFO - Filling up the DagBag from /home/airflow/.local/lib/python3.8/site-packages/airflow/example_dags/example_local_kubernetes_executor.py
[2023-11-22T19:30:34.995+0000] {processor.py:839} INFO - DAG(s) dict_keys(['example_local_kubernetes_executor']) retrieved from /home/airflow/.local/lib/python3.8/site-packages/airflow/example_dags/example_local_kubernetes_executor.py
[2023-11-22T19:30:35.032+0000] {logging_mixin.py:154} INFO - [2023-11-22T19:30:35.031+0000] {dag.py:2941} INFO - Sync 1 DAGs
[2023-11-22T19:30:35.041+0000] {logging_mixin.py:154} INFO - [2023-11-22T19:30:35.041+0000] {dag.py:3722} INFO - Setting next_dagrun for example_local_kubernetes_executor to None, run_after=None
[2023-11-22T19:30:35.054+0000] {processor.py:179} INFO - Processing /home/airflow/.local/lib/python3.8/site-packages/airflow/example_dags/example_local_kubernetes_executor.py took 0.069 seconds
[2023-11-22T19:31:05.672+0000] {processor.py:157} INFO - Started process (PID=700) to work on /home/airflow/.local/lib/python3.8/site-packages/airflow/example_dags/example_local_kubernetes_executor.py
[2023-11-22T19:31:05.673+0000] {processor.py:829} INFO - Processing file /home/airflow/.local/lib/python3.8/site-packages/airflow/example_dags/example_local_kubernetes_executor.py for tasks to queue
[2023-11-22T19:31:05.674+0000] {logging_mixin.py:154} INFO - [2023-11-22T19:31:05.673+0000] {dagbag.py:536} INFO - Filling up the DagBag from /home/airflow/.local/lib/python3.8/site-packages/airflow/example_dags/example_local_kubernetes_executor.py
[2023-11-22T19:31:05.681+0000] {processor.py:839} INFO - DAG(s) dict_keys(['example_local_kubernetes_executor']) retrieved from /home/airflow/.local/lib/python3.8/site-packages/airflow/example_dags/example_local_kubernetes_executor.py
[2023-11-22T19:31:05.713+0000] {logging_mixin.py:154} INFO - [2023-11-22T19:31:05.713+0000] {dag.py:2941} INFO - Sync 1 DAGs
[2023-11-22T19:31:05.723+0000] {logging_mixin.py:154} INFO - [2023-11-22T19:31:05.723+0000] {dag.py:3722} INFO - Setting next_dagrun for example_local_kubernetes_executor to None, run_after=None
[2023-11-22T19:31:05.736+0000] {processor.py:179} INFO - Processing /home/airflow/.local/lib/python3.8/site-packages/airflow/example_dags/example_local_kubernetes_executor.py took 0.068 seconds
[2023-11-22T19:31:36.099+0000] {processor.py:157} INFO - Started process (PID=936) to work on /home/airflow/.local/lib/python3.8/site-packages/airflow/example_dags/example_local_kubernetes_executor.py
[2023-11-22T19:31:36.100+0000] {processor.py:829} INFO - Processing file /home/airflow/.local/lib/python3.8/site-packages/airflow/example_dags/example_local_kubernetes_executor.py for tasks to queue
[2023-11-22T19:31:36.100+0000] {logging_mixin.py:154} INFO - [2023-11-22T19:31:36.100+0000] {dagbag.py:536} INFO - Filling up the DagBag from /home/airflow/.local/lib/python3.8/site-packages/airflow/example_dags/example_local_kubernetes_executor.py
[2023-11-22T19:31:36.108+0000] {processor.py:839} INFO - DAG(s) dict_keys(['example_local_kubernetes_executor']) retrieved from /home/airflow/.local/lib/python3.8/site-packages/airflow/example_dags/example_local_kubernetes_executor.py
[2023-11-22T19:31:36.140+0000] {logging_mixin.py:154} INFO - [2023-11-22T19:31:36.140+0000] {dag.py:2941} INFO - Sync 1 DAGs
[2023-11-22T19:31:36.150+0000] {logging_mixin.py:154} INFO - [2023-11-22T19:31:36.150+0000] {dag.py:3722} INFO - Setting next_dagrun for example_local_kubernetes_executor to None, run_after=None
[2023-11-22T19:31:36.163+0000] {processor.py:179} INFO - Processing /home/airflow/.local/lib/python3.8/site-packages/airflow/example_dags/example_local_kubernetes_executor.py took 0.067 seconds
[2023-11-22T19:32:06.546+0000] {processor.py:157} INFO - Started process (PID=1174) to work on /home/airflow/.local/lib/python3.8/site-packages/airflow/example_dags/example_local_kubernetes_executor.py
[2023-11-22T19:32:06.547+0000] {processor.py:829} INFO - Processing file /home/airflow/.local/lib/python3.8/site-packages/airflow/example_dags/example_local_kubernetes_executor.py for tasks to queue
[2023-11-22T19:32:06.548+0000] {logging_mixin.py:154} INFO - [2023-11-22T19:32:06.548+0000] {dagbag.py:536} INFO - Filling up the DagBag from /home/airflow/.local/lib/python3.8/site-packages/airflow/example_dags/example_local_kubernetes_executor.py
[2023-11-22T19:32:06.556+0000] {processor.py:839} INFO - DAG(s) dict_keys(['example_local_kubernetes_executor']) retrieved from /home/airflow/.local/lib/python3.8/site-packages/airflow/example_dags/example_local_kubernetes_executor.py
[2023-11-22T19:32:06.615+0000] {logging_mixin.py:154} INFO - [2023-11-22T19:32:06.615+0000] {dag.py:2941} INFO - Sync 1 DAGs
[2023-11-22T19:32:06.632+0000] {logging_mixin.py:154} INFO - [2023-11-22T19:32:06.632+0000] {dag.py:3722} INFO - Setting next_dagrun for example_local_kubernetes_executor to None, run_after=None
[2023-11-22T19:32:06.685+0000] {processor.py:179} INFO - Processing /home/airflow/.local/lib/python3.8/site-packages/airflow/example_dags/example_local_kubernetes_executor.py took 0.143 seconds
[2023-11-22T19:32:37.267+0000] {processor.py:157} INFO - Started process (PID=1412) to work on /home/airflow/.local/lib/python3.8/site-packages/airflow/example_dags/example_local_kubernetes_executor.py
[2023-11-22T19:32:37.268+0000] {processor.py:829} INFO - Processing file /home/airflow/.local/lib/python3.8/site-packages/airflow/example_dags/example_local_kubernetes_executor.py for tasks to queue
[2023-11-22T19:32:37.269+0000] {logging_mixin.py:154} INFO - [2023-11-22T19:32:37.269+0000] {dagbag.py:536} INFO - Filling up the DagBag from /home/airflow/.local/lib/python3.8/site-packages/airflow/example_dags/example_local_kubernetes_executor.py
[2023-11-22T19:32:37.277+0000] {processor.py:839} INFO - DAG(s) dict_keys(['example_local_kubernetes_executor']) retrieved from /home/airflow/.local/lib/python3.8/site-packages/airflow/example_dags/example_local_kubernetes_executor.py
[2023-11-22T19:32:37.319+0000] {logging_mixin.py:154} INFO - [2023-11-22T19:32:37.319+0000] {dag.py:2941} INFO - Sync 1 DAGs
[2023-11-22T19:32:37.331+0000] {logging_mixin.py:154} INFO - [2023-11-22T19:32:37.330+0000] {dag.py:3722} INFO - Setting next_dagrun for example_local_kubernetes_executor to None, run_after=None
[2023-11-22T19:32:37.344+0000] {processor.py:179} INFO - Processing /home/airflow/.local/lib/python3.8/site-packages/airflow/example_dags/example_local_kubernetes_executor.py took 0.081 seconds
[2023-11-22T19:33:08.219+0000] {processor.py:157} INFO - Started process (PID=1650) to work on /home/airflow/.local/lib/python3.8/site-packages/airflow/example_dags/example_local_kubernetes_executor.py
[2023-11-22T19:33:08.220+0000] {processor.py:829} INFO - Processing file /home/airflow/.local/lib/python3.8/site-packages/airflow/example_dags/example_local_kubernetes_executor.py for tasks to queue
[2023-11-22T19:33:08.220+0000] {logging_mixin.py:154} INFO - [2023-11-22T19:33:08.220+0000] {dagbag.py:536} INFO - Filling up the DagBag from /home/airflow/.local/lib/python3.8/site-packages/airflow/example_dags/example_local_kubernetes_executor.py
[2023-11-22T19:33:08.228+0000] {processor.py:839} INFO - DAG(s) dict_keys(['example_local_kubernetes_executor']) retrieved from /home/airflow/.local/lib/python3.8/site-packages/airflow/example_dags/example_local_kubernetes_executor.py
[2023-11-22T19:33:08.261+0000] {logging_mixin.py:154} INFO - [2023-11-22T19:33:08.260+0000] {dag.py:2941} INFO - Sync 1 DAGs
[2023-11-22T19:33:08.271+0000] {logging_mixin.py:154} INFO - [2023-11-22T19:33:08.271+0000] {dag.py:3722} INFO - Setting next_dagrun for example_local_kubernetes_executor to None, run_after=None
[2023-11-22T19:33:08.286+0000] {processor.py:179} INFO - Processing /home/airflow/.local/lib/python3.8/site-packages/airflow/example_dags/example_local_kubernetes_executor.py took 0.070 seconds
[2023-11-22T19:33:38.623+0000] {processor.py:157} INFO - Started process (PID=1888) to work on /home/airflow/.local/lib/python3.8/site-packages/airflow/example_dags/example_local_kubernetes_executor.py
[2023-11-22T19:33:38.624+0000] {processor.py:829} INFO - Processing file /home/airflow/.local/lib/python3.8/site-packages/airflow/example_dags/example_local_kubernetes_executor.py for tasks to queue
[2023-11-22T19:33:38.625+0000] {logging_mixin.py:154} INFO - [2023-11-22T19:33:38.624+0000] {dagbag.py:536} INFO - Filling up the DagBag from /home/airflow/.local/lib/python3.8/site-packages/airflow/example_dags/example_local_kubernetes_executor.py
[2023-11-22T19:33:38.632+0000] {processor.py:839} INFO - DAG(s) dict_keys(['example_local_kubernetes_executor']) retrieved from /home/airflow/.local/lib/python3.8/site-packages/airflow/example_dags/example_local_kubernetes_executor.py
[2023-11-22T19:33:38.666+0000] {logging_mixin.py:154} INFO - [2023-11-22T19:33:38.666+0000] {dag.py:2941} INFO - Sync 1 DAGs
[2023-11-22T19:33:38.676+0000] {logging_mixin.py:154} INFO - [2023-11-22T19:33:38.676+0000] {dag.py:3722} INFO - Setting next_dagrun for example_local_kubernetes_executor to None, run_after=None
[2023-11-22T19:33:38.691+0000] {processor.py:179} INFO - Processing /home/airflow/.local/lib/python3.8/site-packages/airflow/example_dags/example_local_kubernetes_executor.py took 0.071 seconds
[2023-11-22T19:34:09.319+0000] {processor.py:157} INFO - Started process (PID=2126) to work on /home/airflow/.local/lib/python3.8/site-packages/airflow/example_dags/example_local_kubernetes_executor.py
[2023-11-22T19:34:09.320+0000] {processor.py:829} INFO - Processing file /home/airflow/.local/lib/python3.8/site-packages/airflow/example_dags/example_local_kubernetes_executor.py for tasks to queue
[2023-11-22T19:34:09.321+0000] {logging_mixin.py:154} INFO - [2023-11-22T19:34:09.321+0000] {dagbag.py:536} INFO - Filling up the DagBag from /home/airflow/.local/lib/python3.8/site-packages/airflow/example_dags/example_local_kubernetes_executor.py
[2023-11-22T19:34:09.329+0000] {processor.py:839} INFO - DAG(s) dict_keys(['example_local_kubernetes_executor']) retrieved from /home/airflow/.local/lib/python3.8/site-packages/airflow/example_dags/example_local_kubernetes_executor.py
[2023-11-22T19:34:09.365+0000] {logging_mixin.py:154} INFO - [2023-11-22T19:34:09.365+0000] {dag.py:2941} INFO - Sync 1 DAGs
[2023-11-22T19:34:09.375+0000] {logging_mixin.py:154} INFO - [2023-11-22T19:34:09.375+0000] {dag.py:3722} INFO - Setting next_dagrun for example_local_kubernetes_executor to None, run_after=None
[2023-11-22T19:34:09.390+0000] {processor.py:179} INFO - Processing /home/airflow/.local/lib/python3.8/site-packages/airflow/example_dags/example_local_kubernetes_executor.py took 0.074 seconds
[2023-11-22T19:34:39.853+0000] {processor.py:157} INFO - Started process (PID=2366) to work on /home/airflow/.local/lib/python3.8/site-packages/airflow/example_dags/example_local_kubernetes_executor.py
[2023-11-22T19:34:39.854+0000] {processor.py:829} INFO - Processing file /home/airflow/.local/lib/python3.8/site-packages/airflow/example_dags/example_local_kubernetes_executor.py for tasks to queue
[2023-11-22T19:34:39.855+0000] {logging_mixin.py:154} INFO - [2023-11-22T19:34:39.854+0000] {dagbag.py:536} INFO - Filling up the DagBag from /home/airflow/.local/lib/python3.8/site-packages/airflow/example_dags/example_local_kubernetes_executor.py
[2023-11-22T19:34:39.861+0000] {processor.py:839} INFO - DAG(s) dict_keys(['example_local_kubernetes_executor']) retrieved from /home/airflow/.local/lib/python3.8/site-packages/airflow/example_dags/example_local_kubernetes_executor.py
[2023-11-22T19:34:39.894+0000] {logging_mixin.py:154} INFO - [2023-11-22T19:34:39.894+0000] {dag.py:2941} INFO - Sync 1 DAGs
[2023-11-22T19:34:39.904+0000] {logging_mixin.py:154} INFO - [2023-11-22T19:34:39.904+0000] {dag.py:3722} INFO - Setting next_dagrun for example_local_kubernetes_executor to None, run_after=None
[2023-11-22T19:34:39.917+0000] {processor.py:179} INFO - Processing /home/airflow/.local/lib/python3.8/site-packages/airflow/example_dags/example_local_kubernetes_executor.py took 0.067 seconds
[2023-11-22T19:35:10.182+0000] {processor.py:157} INFO - Started process (PID=2604) to work on /home/airflow/.local/lib/python3.8/site-packages/airflow/example_dags/example_local_kubernetes_executor.py
[2023-11-22T19:35:10.183+0000] {processor.py:829} INFO - Processing file /home/airflow/.local/lib/python3.8/site-packages/airflow/example_dags/example_local_kubernetes_executor.py for tasks to queue
[2023-11-22T19:35:10.184+0000] {logging_mixin.py:154} INFO - [2023-11-22T19:35:10.183+0000] {dagbag.py:536} INFO - Filling up the DagBag from /home/airflow/.local/lib/python3.8/site-packages/airflow/example_dags/example_local_kubernetes_executor.py
[2023-11-22T19:35:10.191+0000] {processor.py:839} INFO - DAG(s) dict_keys(['example_local_kubernetes_executor']) retrieved from /home/airflow/.local/lib/python3.8/site-packages/airflow/example_dags/example_local_kubernetes_executor.py
[2023-11-22T19:35:10.223+0000] {logging_mixin.py:154} INFO - [2023-11-22T19:35:10.222+0000] {dag.py:2941} INFO - Sync 1 DAGs
[2023-11-22T19:35:10.233+0000] {logging_mixin.py:154} INFO - [2023-11-22T19:35:10.233+0000] {dag.py:3722} INFO - Setting next_dagrun for example_local_kubernetes_executor to None, run_after=None
[2023-11-22T19:35:10.246+0000] {processor.py:179} INFO - Processing /home/airflow/.local/lib/python3.8/site-packages/airflow/example_dags/example_local_kubernetes_executor.py took 0.067 seconds
[2023-11-22T19:35:40.589+0000] {processor.py:157} INFO - Started process (PID=2840) to work on /home/airflow/.local/lib/python3.8/site-packages/airflow/example_dags/example_local_kubernetes_executor.py
[2023-11-22T19:35:40.591+0000] {processor.py:829} INFO - Processing file /home/airflow/.local/lib/python3.8/site-packages/airflow/example_dags/example_local_kubernetes_executor.py for tasks to queue
[2023-11-22T19:35:40.592+0000] {logging_mixin.py:154} INFO - [2023-11-22T19:35:40.591+0000] {dagbag.py:536} INFO - Filling up the DagBag from /home/airflow/.local/lib/python3.8/site-packages/airflow/example_dags/example_local_kubernetes_executor.py
[2023-11-22T19:35:40.600+0000] {processor.py:839} INFO - DAG(s) dict_keys(['example_local_kubernetes_executor']) retrieved from /home/airflow/.local/lib/python3.8/site-packages/airflow/example_dags/example_local_kubernetes_executor.py
[2023-11-22T19:35:40.634+0000] {logging_mixin.py:154} INFO - [2023-11-22T19:35:40.634+0000] {dag.py:2941} INFO - Sync 1 DAGs
[2023-11-22T19:35:40.645+0000] {logging_mixin.py:154} INFO - [2023-11-22T19:35:40.645+0000] {dag.py:3722} INFO - Setting next_dagrun for example_local_kubernetes_executor to None, run_after=None
[2023-11-22T19:35:40.659+0000] {processor.py:179} INFO - Processing /home/airflow/.local/lib/python3.8/site-packages/airflow/example_dags/example_local_kubernetes_executor.py took 0.073 seconds
[2023-11-22T19:36:11.054+0000] {processor.py:157} INFO - Started process (PID=3078) to work on /home/airflow/.local/lib/python3.8/site-packages/airflow/example_dags/example_local_kubernetes_executor.py
[2023-11-22T19:36:11.055+0000] {processor.py:829} INFO - Processing file /home/airflow/.local/lib/python3.8/site-packages/airflow/example_dags/example_local_kubernetes_executor.py for tasks to queue
[2023-11-22T19:36:11.055+0000] {logging_mixin.py:154} INFO - [2023-11-22T19:36:11.055+0000] {dagbag.py:536} INFO - Filling up the DagBag from /home/airflow/.local/lib/python3.8/site-packages/airflow/example_dags/example_local_kubernetes_executor.py
[2023-11-22T19:36:11.063+0000] {processor.py:839} INFO - DAG(s) dict_keys(['example_local_kubernetes_executor']) retrieved from /home/airflow/.local/lib/python3.8/site-packages/airflow/example_dags/example_local_kubernetes_executor.py
[2023-11-22T19:36:11.098+0000] {logging_mixin.py:154} INFO - [2023-11-22T19:36:11.098+0000] {dag.py:2941} INFO - Sync 1 DAGs
[2023-11-22T19:36:11.109+0000] {logging_mixin.py:154} INFO - [2023-11-22T19:36:11.109+0000] {dag.py:3722} INFO - Setting next_dagrun for example_local_kubernetes_executor to None, run_after=None
[2023-11-22T19:36:11.128+0000] {processor.py:179} INFO - Processing /home/airflow/.local/lib/python3.8/site-packages/airflow/example_dags/example_local_kubernetes_executor.py took 0.077 seconds
[2023-11-22T19:36:41.535+0000] {processor.py:157} INFO - Started process (PID=3316) to work on /home/airflow/.local/lib/python3.8/site-packages/airflow/example_dags/example_local_kubernetes_executor.py
[2023-11-22T19:36:41.536+0000] {processor.py:829} INFO - Processing file /home/airflow/.local/lib/python3.8/site-packages/airflow/example_dags/example_local_kubernetes_executor.py for tasks to queue
[2023-11-22T19:36:41.537+0000] {logging_mixin.py:154} INFO - [2023-11-22T19:36:41.537+0000] {dagbag.py:536} INFO - Filling up the DagBag from /home/airflow/.local/lib/python3.8/site-packages/airflow/example_dags/example_local_kubernetes_executor.py
[2023-11-22T19:36:41.544+0000] {processor.py:839} INFO - DAG(s) dict_keys(['example_local_kubernetes_executor']) retrieved from /home/airflow/.local/lib/python3.8/site-packages/airflow/example_dags/example_local_kubernetes_executor.py
[2023-11-22T19:36:41.579+0000] {logging_mixin.py:154} INFO - [2023-11-22T19:36:41.579+0000] {dag.py:2941} INFO - Sync 1 DAGs
[2023-11-22T19:36:41.590+0000] {logging_mixin.py:154} INFO - [2023-11-22T19:36:41.590+0000] {dag.py:3722} INFO - Setting next_dagrun for example_local_kubernetes_executor to None, run_after=None
[2023-11-22T19:36:41.604+0000] {processor.py:179} INFO - Processing /home/airflow/.local/lib/python3.8/site-packages/airflow/example_dags/example_local_kubernetes_executor.py took 0.073 seconds
[2023-11-22T19:37:11.724+0000] {processor.py:157} INFO - Started process (PID=3556) to work on /home/airflow/.local/lib/python3.8/site-packages/airflow/example_dags/example_local_kubernetes_executor.py
[2023-11-22T19:37:11.725+0000] {processor.py:829} INFO - Processing file /home/airflow/.local/lib/python3.8/site-packages/airflow/example_dags/example_local_kubernetes_executor.py for tasks to queue
[2023-11-22T19:37:11.726+0000] {logging_mixin.py:154} INFO - [2023-11-22T19:37:11.725+0000] {dagbag.py:536} INFO - Filling up the DagBag from /home/airflow/.local/lib/python3.8/site-packages/airflow/example_dags/example_local_kubernetes_executor.py
[2023-11-22T19:37:11.733+0000] {processor.py:839} INFO - DAG(s) dict_keys(['example_local_kubernetes_executor']) retrieved from /home/airflow/.local/lib/python3.8/site-packages/airflow/example_dags/example_local_kubernetes_executor.py
[2023-11-22T19:37:11.766+0000] {logging_mixin.py:154} INFO - [2023-11-22T19:37:11.766+0000] {dag.py:2941} INFO - Sync 1 DAGs
[2023-11-22T19:37:11.777+0000] {logging_mixin.py:154} INFO - [2023-11-22T19:37:11.777+0000] {dag.py:3722} INFO - Setting next_dagrun for example_local_kubernetes_executor to None, run_after=None
[2023-11-22T19:37:11.789+0000] {processor.py:179} INFO - Processing /home/airflow/.local/lib/python3.8/site-packages/airflow/example_dags/example_local_kubernetes_executor.py took 0.068 seconds
[2023-11-22T19:37:41.880+0000] {processor.py:157} INFO - Started process (PID=3792) to work on /home/airflow/.local/lib/python3.8/site-packages/airflow/example_dags/example_local_kubernetes_executor.py
[2023-11-22T19:37:41.881+0000] {processor.py:829} INFO - Processing file /home/airflow/.local/lib/python3.8/site-packages/airflow/example_dags/example_local_kubernetes_executor.py for tasks to queue
[2023-11-22T19:37:41.882+0000] {logging_mixin.py:154} INFO - [2023-11-22T19:37:41.882+0000] {dagbag.py:536} INFO - Filling up the DagBag from /home/airflow/.local/lib/python3.8/site-packages/airflow/example_dags/example_local_kubernetes_executor.py
[2023-11-22T19:37:41.889+0000] {processor.py:839} INFO - DAG(s) dict_keys(['example_local_kubernetes_executor']) retrieved from /home/airflow/.local/lib/python3.8/site-packages/airflow/example_dags/example_local_kubernetes_executor.py
[2023-11-22T19:37:41.921+0000] {logging_mixin.py:154} INFO - [2023-11-22T19:37:41.921+0000] {dag.py:2941} INFO - Sync 1 DAGs
[2023-11-22T19:37:41.931+0000] {logging_mixin.py:154} INFO - [2023-11-22T19:37:41.931+0000] {dag.py:3722} INFO - Setting next_dagrun for example_local_kubernetes_executor to None, run_after=None
[2023-11-22T19:37:41.946+0000] {processor.py:179} INFO - Processing /home/airflow/.local/lib/python3.8/site-packages/airflow/example_dags/example_local_kubernetes_executor.py took 0.069 seconds
[2023-11-22T19:38:12.132+0000] {processor.py:157} INFO - Started process (PID=4030) to work on /home/airflow/.local/lib/python3.8/site-packages/airflow/example_dags/example_local_kubernetes_executor.py
[2023-11-22T19:38:12.133+0000] {processor.py:829} INFO - Processing file /home/airflow/.local/lib/python3.8/site-packages/airflow/example_dags/example_local_kubernetes_executor.py for tasks to queue
[2023-11-22T19:38:12.134+0000] {logging_mixin.py:154} INFO - [2023-11-22T19:38:12.134+0000] {dagbag.py:536} INFO - Filling up the DagBag from /home/airflow/.local/lib/python3.8/site-packages/airflow/example_dags/example_local_kubernetes_executor.py
[2023-11-22T19:38:12.141+0000] {processor.py:839} INFO - DAG(s) dict_keys(['example_local_kubernetes_executor']) retrieved from /home/airflow/.local/lib/python3.8/site-packages/airflow/example_dags/example_local_kubernetes_executor.py
[2023-11-22T19:38:12.173+0000] {logging_mixin.py:154} INFO - [2023-11-22T19:38:12.173+0000] {dag.py:2941} INFO - Sync 1 DAGs
[2023-11-22T19:38:12.183+0000] {logging_mixin.py:154} INFO - [2023-11-22T19:38:12.183+0000] {dag.py:3722} INFO - Setting next_dagrun for example_local_kubernetes_executor to None, run_after=None
[2023-11-22T19:38:12.198+0000] {processor.py:179} INFO - Processing /home/airflow/.local/lib/python3.8/site-packages/airflow/example_dags/example_local_kubernetes_executor.py took 0.068 seconds
[2023-11-22T19:38:42.552+0000] {processor.py:157} INFO - Started process (PID=4267) to work on /home/airflow/.local/lib/python3.8/site-packages/airflow/example_dags/example_local_kubernetes_executor.py
[2023-11-22T19:38:42.553+0000] {processor.py:829} INFO - Processing file /home/airflow/.local/lib/python3.8/site-packages/airflow/example_dags/example_local_kubernetes_executor.py for tasks to queue
[2023-11-22T19:38:42.554+0000] {logging_mixin.py:154} INFO - [2023-11-22T19:38:42.554+0000] {dagbag.py:536} INFO - Filling up the DagBag from /home/airflow/.local/lib/python3.8/site-packages/airflow/example_dags/example_local_kubernetes_executor.py
[2023-11-22T19:38:42.561+0000] {processor.py:839} INFO - DAG(s) dict_keys(['example_local_kubernetes_executor']) retrieved from /home/airflow/.local/lib/python3.8/site-packages/airflow/example_dags/example_local_kubernetes_executor.py
[2023-11-22T19:38:42.595+0000] {logging_mixin.py:154} INFO - [2023-11-22T19:38:42.595+0000] {dag.py:2941} INFO - Sync 1 DAGs
[2023-11-22T19:38:42.605+0000] {logging_mixin.py:154} INFO - [2023-11-22T19:38:42.605+0000] {dag.py:3722} INFO - Setting next_dagrun for example_local_kubernetes_executor to None, run_after=None
[2023-11-22T19:38:42.618+0000] {processor.py:179} INFO - Processing /home/airflow/.local/lib/python3.8/site-packages/airflow/example_dags/example_local_kubernetes_executor.py took 0.069 seconds
[2023-11-22T19:39:13.175+0000] {processor.py:157} INFO - Started process (PID=4505) to work on /home/airflow/.local/lib/python3.8/site-packages/airflow/example_dags/example_local_kubernetes_executor.py
[2023-11-22T19:39:13.176+0000] {processor.py:829} INFO - Processing file /home/airflow/.local/lib/python3.8/site-packages/airflow/example_dags/example_local_kubernetes_executor.py for tasks to queue
[2023-11-22T19:39:13.177+0000] {logging_mixin.py:154} INFO - [2023-11-22T19:39:13.177+0000] {dagbag.py:536} INFO - Filling up the DagBag from /home/airflow/.local/lib/python3.8/site-packages/airflow/example_dags/example_local_kubernetes_executor.py
[2023-11-22T19:39:13.183+0000] {processor.py:839} INFO - DAG(s) dict_keys(['example_local_kubernetes_executor']) retrieved from /home/airflow/.local/lib/python3.8/site-packages/airflow/example_dags/example_local_kubernetes_executor.py
[2023-11-22T19:39:13.214+0000] {logging_mixin.py:154} INFO - [2023-11-22T19:39:13.214+0000] {dag.py:2941} INFO - Sync 1 DAGs
[2023-11-22T19:39:13.225+0000] {logging_mixin.py:154} INFO - [2023-11-22T19:39:13.225+0000] {dag.py:3722} INFO - Setting next_dagrun for example_local_kubernetes_executor to None, run_after=None
[2023-11-22T19:39:13.239+0000] {processor.py:179} INFO - Processing /home/airflow/.local/lib/python3.8/site-packages/airflow/example_dags/example_local_kubernetes_executor.py took 0.066 seconds
[2023-11-22T19:39:43.583+0000] {processor.py:157} INFO - Started process (PID=4743) to work on /home/airflow/.local/lib/python3.8/site-packages/airflow/example_dags/example_local_kubernetes_executor.py
[2023-11-22T19:39:43.584+0000] {processor.py:829} INFO - Processing file /home/airflow/.local/lib/python3.8/site-packages/airflow/example_dags/example_local_kubernetes_executor.py for tasks to queue
[2023-11-22T19:39:43.585+0000] {logging_mixin.py:154} INFO - [2023-11-22T19:39:43.584+0000] {dagbag.py:536} INFO - Filling up the DagBag from /home/airflow/.local/lib/python3.8/site-packages/airflow/example_dags/example_local_kubernetes_executor.py
[2023-11-22T19:39:43.591+0000] {processor.py:839} INFO - DAG(s) dict_keys(['example_local_kubernetes_executor']) retrieved from /home/airflow/.local/lib/python3.8/site-packages/airflow/example_dags/example_local_kubernetes_executor.py
[2023-11-22T19:39:43.623+0000] {logging_mixin.py:154} INFO - [2023-11-22T19:39:43.623+0000] {dag.py:2941} INFO - Sync 1 DAGs
[2023-11-22T19:39:43.633+0000] {logging_mixin.py:154} INFO - [2023-11-22T19:39:43.633+0000] {dag.py:3722} INFO - Setting next_dagrun for example_local_kubernetes_executor to None, run_after=None
[2023-11-22T19:39:43.646+0000] {processor.py:179} INFO - Processing /home/airflow/.local/lib/python3.8/site-packages/airflow/example_dags/example_local_kubernetes_executor.py took 0.066 seconds
[2023-11-22T19:40:14.112+0000] {processor.py:157} INFO - Started process (PID=4981) to work on /home/airflow/.local/lib/python3.8/site-packages/airflow/example_dags/example_local_kubernetes_executor.py
[2023-11-22T19:40:14.112+0000] {processor.py:829} INFO - Processing file /home/airflow/.local/lib/python3.8/site-packages/airflow/example_dags/example_local_kubernetes_executor.py for tasks to queue
[2023-11-22T19:40:14.113+0000] {logging_mixin.py:154} INFO - [2023-11-22T19:40:14.113+0000] {dagbag.py:536} INFO - Filling up the DagBag from /home/airflow/.local/lib/python3.8/site-packages/airflow/example_dags/example_local_kubernetes_executor.py
[2023-11-22T19:40:14.120+0000] {processor.py:839} INFO - DAG(s) dict_keys(['example_local_kubernetes_executor']) retrieved from /home/airflow/.local/lib/python3.8/site-packages/airflow/example_dags/example_local_kubernetes_executor.py
[2023-11-22T19:40:14.151+0000] {logging_mixin.py:154} INFO - [2023-11-22T19:40:14.151+0000] {dag.py:2941} INFO - Sync 1 DAGs
[2023-11-22T19:40:14.160+0000] {logging_mixin.py:154} INFO - [2023-11-22T19:40:14.160+0000] {dag.py:3722} INFO - Setting next_dagrun for example_local_kubernetes_executor to None, run_after=None
[2023-11-22T19:40:14.174+0000] {processor.py:179} INFO - Processing /home/airflow/.local/lib/python3.8/site-packages/airflow/example_dags/example_local_kubernetes_executor.py took 0.065 seconds
[2023-11-22T19:40:44.659+0000] {processor.py:157} INFO - Started process (PID=5219) to work on /home/airflow/.local/lib/python3.8/site-packages/airflow/example_dags/example_local_kubernetes_executor.py
[2023-11-22T19:40:44.660+0000] {processor.py:829} INFO - Processing file /home/airflow/.local/lib/python3.8/site-packages/airflow/example_dags/example_local_kubernetes_executor.py for tasks to queue
[2023-11-22T19:40:44.661+0000] {logging_mixin.py:154} INFO - [2023-11-22T19:40:44.661+0000] {dagbag.py:536} INFO - Filling up the DagBag from /home/airflow/.local/lib/python3.8/site-packages/airflow/example_dags/example_local_kubernetes_executor.py
[2023-11-22T19:40:44.669+0000] {processor.py:839} INFO - DAG(s) dict_keys(['example_local_kubernetes_executor']) retrieved from /home/airflow/.local/lib/python3.8/site-packages/airflow/example_dags/example_local_kubernetes_executor.py
[2023-11-22T19:40:44.709+0000] {logging_mixin.py:154} INFO - [2023-11-22T19:40:44.709+0000] {dag.py:2941} INFO - Sync 1 DAGs
[2023-11-22T19:40:44.720+0000] {logging_mixin.py:154} INFO - [2023-11-22T19:40:44.720+0000] {dag.py:3722} INFO - Setting next_dagrun for example_local_kubernetes_executor to None, run_after=None
[2023-11-22T19:40:44.735+0000] {processor.py:179} INFO - Processing /home/airflow/.local/lib/python3.8/site-packages/airflow/example_dags/example_local_kubernetes_executor.py took 0.079 seconds
[2023-11-22T19:41:15.234+0000] {processor.py:157} INFO - Started process (PID=5457) to work on /home/airflow/.local/lib/python3.8/site-packages/airflow/example_dags/example_local_kubernetes_executor.py
[2023-11-22T19:41:15.235+0000] {processor.py:829} INFO - Processing file /home/airflow/.local/lib/python3.8/site-packages/airflow/example_dags/example_local_kubernetes_executor.py for tasks to queue
[2023-11-22T19:41:15.236+0000] {logging_mixin.py:154} INFO - [2023-11-22T19:41:15.235+0000] {dagbag.py:536} INFO - Filling up the DagBag from /home/airflow/.local/lib/python3.8/site-packages/airflow/example_dags/example_local_kubernetes_executor.py
[2023-11-22T19:41:15.242+0000] {processor.py:839} INFO - DAG(s) dict_keys(['example_local_kubernetes_executor']) retrieved from /home/airflow/.local/lib/python3.8/site-packages/airflow/example_dags/example_local_kubernetes_executor.py
[2023-11-22T19:41:15.274+0000] {logging_mixin.py:154} INFO - [2023-11-22T19:41:15.274+0000] {dag.py:2941} INFO - Sync 1 DAGs
[2023-11-22T19:41:15.284+0000] {logging_mixin.py:154} INFO - [2023-11-22T19:41:15.284+0000] {dag.py:3722} INFO - Setting next_dagrun for example_local_kubernetes_executor to None, run_after=None
[2023-11-22T19:41:15.302+0000] {processor.py:179} INFO - Processing /home/airflow/.local/lib/python3.8/site-packages/airflow/example_dags/example_local_kubernetes_executor.py took 0.071 seconds
[2023-11-22T19:41:45.720+0000] {processor.py:157} INFO - Started process (PID=5695) to work on /home/airflow/.local/lib/python3.8/site-packages/airflow/example_dags/example_local_kubernetes_executor.py
[2023-11-22T19:41:45.721+0000] {processor.py:829} INFO - Processing file /home/airflow/.local/lib/python3.8/site-packages/airflow/example_dags/example_local_kubernetes_executor.py for tasks to queue
[2023-11-22T19:41:45.722+0000] {logging_mixin.py:154} INFO - [2023-11-22T19:41:45.721+0000] {dagbag.py:536} INFO - Filling up the DagBag from /home/airflow/.local/lib/python3.8/site-packages/airflow/example_dags/example_local_kubernetes_executor.py
[2023-11-22T19:41:45.728+0000] {processor.py:839} INFO - DAG(s) dict_keys(['example_local_kubernetes_executor']) retrieved from /home/airflow/.local/lib/python3.8/site-packages/airflow/example_dags/example_local_kubernetes_executor.py
[2023-11-22T19:41:45.760+0000] {logging_mixin.py:154} INFO - [2023-11-22T19:41:45.760+0000] {dag.py:2941} INFO - Sync 1 DAGs
[2023-11-22T19:41:45.770+0000] {logging_mixin.py:154} INFO - [2023-11-22T19:41:45.769+0000] {dag.py:3722} INFO - Setting next_dagrun for example_local_kubernetes_executor to None, run_after=None
[2023-11-22T19:41:45.783+0000] {processor.py:179} INFO - Processing /home/airflow/.local/lib/python3.8/site-packages/airflow/example_dags/example_local_kubernetes_executor.py took 0.066 seconds
[2023-11-22T19:42:16.164+0000] {processor.py:157} INFO - Started process (PID=5932) to work on /home/airflow/.local/lib/python3.8/site-packages/airflow/example_dags/example_local_kubernetes_executor.py
[2023-11-22T19:42:16.165+0000] {processor.py:829} INFO - Processing file /home/airflow/.local/lib/python3.8/site-packages/airflow/example_dags/example_local_kubernetes_executor.py for tasks to queue
[2023-11-22T19:42:16.166+0000] {logging_mixin.py:154} INFO - [2023-11-22T19:42:16.165+0000] {dagbag.py:536} INFO - Filling up the DagBag from /home/airflow/.local/lib/python3.8/site-packages/airflow/example_dags/example_local_kubernetes_executor.py
[2023-11-22T19:42:16.172+0000] {processor.py:839} INFO - DAG(s) dict_keys(['example_local_kubernetes_executor']) retrieved from /home/airflow/.local/lib/python3.8/site-packages/airflow/example_dags/example_local_kubernetes_executor.py
[2023-11-22T19:42:16.203+0000] {logging_mixin.py:154} INFO - [2023-11-22T19:42:16.203+0000] {dag.py:2941} INFO - Sync 1 DAGs
[2023-11-22T19:42:16.213+0000] {logging_mixin.py:154} INFO - [2023-11-22T19:42:16.213+0000] {dag.py:3722} INFO - Setting next_dagrun for example_local_kubernetes_executor to None, run_after=None
[2023-11-22T19:42:16.226+0000] {processor.py:179} INFO - Processing /home/airflow/.local/lib/python3.8/site-packages/airflow/example_dags/example_local_kubernetes_executor.py took 0.065 seconds
[2023-11-22T19:42:46.564+0000] {processor.py:157} INFO - Started process (PID=6170) to work on /home/airflow/.local/lib/python3.8/site-packages/airflow/example_dags/example_local_kubernetes_executor.py
[2023-11-22T19:42:46.565+0000] {processor.py:829} INFO - Processing file /home/airflow/.local/lib/python3.8/site-packages/airflow/example_dags/example_local_kubernetes_executor.py for tasks to queue
[2023-11-22T19:42:46.566+0000] {logging_mixin.py:154} INFO - [2023-11-22T19:42:46.565+0000] {dagbag.py:536} INFO - Filling up the DagBag from /home/airflow/.local/lib/python3.8/site-packages/airflow/example_dags/example_local_kubernetes_executor.py
[2023-11-22T19:42:46.572+0000] {processor.py:839} INFO - DAG(s) dict_keys(['example_local_kubernetes_executor']) retrieved from /home/airflow/.local/lib/python3.8/site-packages/airflow/example_dags/example_local_kubernetes_executor.py
[2023-11-22T19:42:46.604+0000] {logging_mixin.py:154} INFO - [2023-11-22T19:42:46.604+0000] {dag.py:2941} INFO - Sync 1 DAGs
[2023-11-22T19:42:46.614+0000] {logging_mixin.py:154} INFO - [2023-11-22T19:42:46.614+0000] {dag.py:3722} INFO - Setting next_dagrun for example_local_kubernetes_executor to None, run_after=None
[2023-11-22T19:42:46.627+0000] {processor.py:179} INFO - Processing /home/airflow/.local/lib/python3.8/site-packages/airflow/example_dags/example_local_kubernetes_executor.py took 0.066 seconds
[2023-11-22T19:43:16.972+0000] {processor.py:157} INFO - Started process (PID=6408) to work on /home/airflow/.local/lib/python3.8/site-packages/airflow/example_dags/example_local_kubernetes_executor.py
[2023-11-22T19:43:16.972+0000] {processor.py:829} INFO - Processing file /home/airflow/.local/lib/python3.8/site-packages/airflow/example_dags/example_local_kubernetes_executor.py for tasks to queue
[2023-11-22T19:43:16.973+0000] {logging_mixin.py:154} INFO - [2023-11-22T19:43:16.973+0000] {dagbag.py:536} INFO - Filling up the DagBag from /home/airflow/.local/lib/python3.8/site-packages/airflow/example_dags/example_local_kubernetes_executor.py
[2023-11-22T19:43:16.980+0000] {processor.py:839} INFO - DAG(s) dict_keys(['example_local_kubernetes_executor']) retrieved from /home/airflow/.local/lib/python3.8/site-packages/airflow/example_dags/example_local_kubernetes_executor.py
[2023-11-22T19:43:17.012+0000] {logging_mixin.py:154} INFO - [2023-11-22T19:43:17.011+0000] {dag.py:2941} INFO - Sync 1 DAGs
[2023-11-22T19:43:17.022+0000] {logging_mixin.py:154} INFO - [2023-11-22T19:43:17.022+0000] {dag.py:3722} INFO - Setting next_dagrun for example_local_kubernetes_executor to None, run_after=None
[2023-11-22T19:43:17.035+0000] {processor.py:179} INFO - Processing /home/airflow/.local/lib/python3.8/site-packages/airflow/example_dags/example_local_kubernetes_executor.py took 0.066 seconds
[2023-11-22T19:43:47.478+0000] {processor.py:157} INFO - Started process (PID=6646) to work on /home/airflow/.local/lib/python3.8/site-packages/airflow/example_dags/example_local_kubernetes_executor.py
[2023-11-22T19:43:47.480+0000] {processor.py:829} INFO - Processing file /home/airflow/.local/lib/python3.8/site-packages/airflow/example_dags/example_local_kubernetes_executor.py for tasks to queue
[2023-11-22T19:43:47.481+0000] {logging_mixin.py:154} INFO - [2023-11-22T19:43:47.480+0000] {dagbag.py:536} INFO - Filling up the DagBag from /home/airflow/.local/lib/python3.8/site-packages/airflow/example_dags/example_local_kubernetes_executor.py
[2023-11-22T19:43:47.490+0000] {processor.py:839} INFO - DAG(s) dict_keys(['example_local_kubernetes_executor']) retrieved from /home/airflow/.local/lib/python3.8/site-packages/airflow/example_dags/example_local_kubernetes_executor.py
[2023-11-22T19:43:47.528+0000] {logging_mixin.py:154} INFO - [2023-11-22T19:43:47.528+0000] {dag.py:2941} INFO - Sync 1 DAGs
[2023-11-22T19:43:47.539+0000] {logging_mixin.py:154} INFO - [2023-11-22T19:43:47.539+0000] {dag.py:3722} INFO - Setting next_dagrun for example_local_kubernetes_executor to None, run_after=None
[2023-11-22T19:43:47.553+0000] {processor.py:179} INFO - Processing /home/airflow/.local/lib/python3.8/site-packages/airflow/example_dags/example_local_kubernetes_executor.py took 0.080 seconds
[2023-11-22T19:44:17.945+0000] {processor.py:157} INFO - Started process (PID=6884) to work on /home/airflow/.local/lib/python3.8/site-packages/airflow/example_dags/example_local_kubernetes_executor.py
[2023-11-22T19:44:17.946+0000] {processor.py:829} INFO - Processing file /home/airflow/.local/lib/python3.8/site-packages/airflow/example_dags/example_local_kubernetes_executor.py for tasks to queue
[2023-11-22T19:44:17.946+0000] {logging_mixin.py:154} INFO - [2023-11-22T19:44:17.946+0000] {dagbag.py:536} INFO - Filling up the DagBag from /home/airflow/.local/lib/python3.8/site-packages/airflow/example_dags/example_local_kubernetes_executor.py
[2023-11-22T19:44:17.953+0000] {processor.py:839} INFO - DAG(s) dict_keys(['example_local_kubernetes_executor']) retrieved from /home/airflow/.local/lib/python3.8/site-packages/airflow/example_dags/example_local_kubernetes_executor.py
[2023-11-22T19:44:17.984+0000] {logging_mixin.py:154} INFO - [2023-11-22T19:44:17.984+0000] {dag.py:2941} INFO - Sync 1 DAGs
[2023-11-22T19:44:17.994+0000] {logging_mixin.py:154} INFO - [2023-11-22T19:44:17.994+0000] {dag.py:3722} INFO - Setting next_dagrun for example_local_kubernetes_executor to None, run_after=None
[2023-11-22T19:44:18.007+0000] {processor.py:179} INFO - Processing /home/airflow/.local/lib/python3.8/site-packages/airflow/example_dags/example_local_kubernetes_executor.py took 0.065 seconds
[2023-11-22T19:44:48.367+0000] {processor.py:157} INFO - Started process (PID=7122) to work on /home/airflow/.local/lib/python3.8/site-packages/airflow/example_dags/example_local_kubernetes_executor.py
[2023-11-22T19:44:48.368+0000] {processor.py:829} INFO - Processing file /home/airflow/.local/lib/python3.8/site-packages/airflow/example_dags/example_local_kubernetes_executor.py for tasks to queue
[2023-11-22T19:44:48.369+0000] {logging_mixin.py:154} INFO - [2023-11-22T19:44:48.368+0000] {dagbag.py:536} INFO - Filling up the DagBag from /home/airflow/.local/lib/python3.8/site-packages/airflow/example_dags/example_local_kubernetes_executor.py
[2023-11-22T19:44:48.375+0000] {processor.py:839} INFO - DAG(s) dict_keys(['example_local_kubernetes_executor']) retrieved from /home/airflow/.local/lib/python3.8/site-packages/airflow/example_dags/example_local_kubernetes_executor.py
[2023-11-22T19:44:48.409+0000] {logging_mixin.py:154} INFO - [2023-11-22T19:44:48.409+0000] {dag.py:2941} INFO - Sync 1 DAGs
[2023-11-22T19:44:48.419+0000] {logging_mixin.py:154} INFO - [2023-11-22T19:44:48.419+0000] {dag.py:3722} INFO - Setting next_dagrun for example_local_kubernetes_executor to None, run_after=None
[2023-11-22T19:44:48.432+0000] {processor.py:179} INFO - Processing /home/airflow/.local/lib/python3.8/site-packages/airflow/example_dags/example_local_kubernetes_executor.py took 0.069 seconds
[2023-11-22T19:45:18.822+0000] {processor.py:157} INFO - Started process (PID=7362) to work on /home/airflow/.local/lib/python3.8/site-packages/airflow/example_dags/example_local_kubernetes_executor.py
[2023-11-22T19:45:18.823+0000] {processor.py:829} INFO - Processing file /home/airflow/.local/lib/python3.8/site-packages/airflow/example_dags/example_local_kubernetes_executor.py for tasks to queue
[2023-11-22T19:45:18.824+0000] {logging_mixin.py:154} INFO - [2023-11-22T19:45:18.823+0000] {dagbag.py:536} INFO - Filling up the DagBag from /home/airflow/.local/lib/python3.8/site-packages/airflow/example_dags/example_local_kubernetes_executor.py
[2023-11-22T19:45:18.830+0000] {processor.py:839} INFO - DAG(s) dict_keys(['example_local_kubernetes_executor']) retrieved from /home/airflow/.local/lib/python3.8/site-packages/airflow/example_dags/example_local_kubernetes_executor.py
[2023-11-22T19:45:18.862+0000] {logging_mixin.py:154} INFO - [2023-11-22T19:45:18.861+0000] {dag.py:2941} INFO - Sync 1 DAGs
[2023-11-22T19:45:18.872+0000] {logging_mixin.py:154} INFO - [2023-11-22T19:45:18.871+0000] {dag.py:3722} INFO - Setting next_dagrun for example_local_kubernetes_executor to None, run_after=None
[2023-11-22T19:45:18.884+0000] {processor.py:179} INFO - Processing /home/airflow/.local/lib/python3.8/site-packages/airflow/example_dags/example_local_kubernetes_executor.py took 0.065 seconds
[2023-11-22T19:45:49.247+0000] {processor.py:157} INFO - Started process (PID=7598) to work on /home/airflow/.local/lib/python3.8/site-packages/airflow/example_dags/example_local_kubernetes_executor.py
[2023-11-22T19:45:49.248+0000] {processor.py:829} INFO - Processing file /home/airflow/.local/lib/python3.8/site-packages/airflow/example_dags/example_local_kubernetes_executor.py for tasks to queue
[2023-11-22T19:45:49.249+0000] {logging_mixin.py:154} INFO - [2023-11-22T19:45:49.248+0000] {dagbag.py:536} INFO - Filling up the DagBag from /home/airflow/.local/lib/python3.8/site-packages/airflow/example_dags/example_local_kubernetes_executor.py
[2023-11-22T19:45:49.255+0000] {processor.py:839} INFO - DAG(s) dict_keys(['example_local_kubernetes_executor']) retrieved from /home/airflow/.local/lib/python3.8/site-packages/airflow/example_dags/example_local_kubernetes_executor.py
[2023-11-22T19:45:49.286+0000] {logging_mixin.py:154} INFO - [2023-11-22T19:45:49.285+0000] {dag.py:2941} INFO - Sync 1 DAGs
[2023-11-22T19:45:49.295+0000] {logging_mixin.py:154} INFO - [2023-11-22T19:45:49.295+0000] {dag.py:3722} INFO - Setting next_dagrun for example_local_kubernetes_executor to None, run_after=None
[2023-11-22T19:45:49.308+0000] {processor.py:179} INFO - Processing /home/airflow/.local/lib/python3.8/site-packages/airflow/example_dags/example_local_kubernetes_executor.py took 0.064 seconds
[2023-11-22T19:46:19.756+0000] {processor.py:157} INFO - Started process (PID=7836) to work on /home/airflow/.local/lib/python3.8/site-packages/airflow/example_dags/example_local_kubernetes_executor.py
[2023-11-22T19:46:19.757+0000] {processor.py:829} INFO - Processing file /home/airflow/.local/lib/python3.8/site-packages/airflow/example_dags/example_local_kubernetes_executor.py for tasks to queue
[2023-11-22T19:46:19.758+0000] {logging_mixin.py:154} INFO - [2023-11-22T19:46:19.758+0000] {dagbag.py:536} INFO - Filling up the DagBag from /home/airflow/.local/lib/python3.8/site-packages/airflow/example_dags/example_local_kubernetes_executor.py
[2023-11-22T19:46:19.765+0000] {processor.py:839} INFO - DAG(s) dict_keys(['example_local_kubernetes_executor']) retrieved from /home/airflow/.local/lib/python3.8/site-packages/airflow/example_dags/example_local_kubernetes_executor.py
[2023-11-22T19:46:19.797+0000] {logging_mixin.py:154} INFO - [2023-11-22T19:46:19.796+0000] {dag.py:2941} INFO - Sync 1 DAGs
[2023-11-22T19:46:19.806+0000] {logging_mixin.py:154} INFO - [2023-11-22T19:46:19.806+0000] {dag.py:3722} INFO - Setting next_dagrun for example_local_kubernetes_executor to None, run_after=None
[2023-11-22T19:46:19.824+0000] {processor.py:179} INFO - Processing /home/airflow/.local/lib/python3.8/site-packages/airflow/example_dags/example_local_kubernetes_executor.py took 0.071 seconds
[2023-11-22T19:46:50.178+0000] {processor.py:157} INFO - Started process (PID=8076) to work on /home/airflow/.local/lib/python3.8/site-packages/airflow/example_dags/example_local_kubernetes_executor.py
[2023-11-22T19:46:50.179+0000] {processor.py:829} INFO - Processing file /home/airflow/.local/lib/python3.8/site-packages/airflow/example_dags/example_local_kubernetes_executor.py for tasks to queue
[2023-11-22T19:46:50.180+0000] {logging_mixin.py:154} INFO - [2023-11-22T19:46:50.179+0000] {dagbag.py:536} INFO - Filling up the DagBag from /home/airflow/.local/lib/python3.8/site-packages/airflow/example_dags/example_local_kubernetes_executor.py
[2023-11-22T19:46:50.187+0000] {processor.py:839} INFO - DAG(s) dict_keys(['example_local_kubernetes_executor']) retrieved from /home/airflow/.local/lib/python3.8/site-packages/airflow/example_dags/example_local_kubernetes_executor.py
[2023-11-22T19:46:50.218+0000] {logging_mixin.py:154} INFO - [2023-11-22T19:46:50.217+0000] {dag.py:2941} INFO - Sync 1 DAGs
[2023-11-22T19:46:50.227+0000] {logging_mixin.py:154} INFO - [2023-11-22T19:46:50.227+0000] {dag.py:3722} INFO - Setting next_dagrun for example_local_kubernetes_executor to None, run_after=None
[2023-11-22T19:46:50.239+0000] {processor.py:179} INFO - Processing /home/airflow/.local/lib/python3.8/site-packages/airflow/example_dags/example_local_kubernetes_executor.py took 0.065 seconds
[2023-11-22T19:47:20.630+0000] {processor.py:157} INFO - Started process (PID=8314) to work on /home/airflow/.local/lib/python3.8/site-packages/airflow/example_dags/example_local_kubernetes_executor.py
[2023-11-22T19:47:20.631+0000] {processor.py:829} INFO - Processing file /home/airflow/.local/lib/python3.8/site-packages/airflow/example_dags/example_local_kubernetes_executor.py for tasks to queue
[2023-11-22T19:47:20.632+0000] {logging_mixin.py:154} INFO - [2023-11-22T19:47:20.631+0000] {dagbag.py:536} INFO - Filling up the DagBag from /home/airflow/.local/lib/python3.8/site-packages/airflow/example_dags/example_local_kubernetes_executor.py
[2023-11-22T19:47:20.640+0000] {processor.py:839} INFO - DAG(s) dict_keys(['example_local_kubernetes_executor']) retrieved from /home/airflow/.local/lib/python3.8/site-packages/airflow/example_dags/example_local_kubernetes_executor.py
[2023-11-22T19:47:20.670+0000] {logging_mixin.py:154} INFO - [2023-11-22T19:47:20.670+0000] {dag.py:2941} INFO - Sync 1 DAGs
[2023-11-22T19:47:20.681+0000] {logging_mixin.py:154} INFO - [2023-11-22T19:47:20.680+0000] {dag.py:3722} INFO - Setting next_dagrun for example_local_kubernetes_executor to None, run_after=None
[2023-11-22T19:47:20.693+0000] {processor.py:179} INFO - Processing /home/airflow/.local/lib/python3.8/site-packages/airflow/example_dags/example_local_kubernetes_executor.py took 0.068 seconds
[2023-11-22T19:47:51.148+0000] {processor.py:157} INFO - Started process (PID=8556) to work on /home/airflow/.local/lib/python3.8/site-packages/airflow/example_dags/example_local_kubernetes_executor.py
[2023-11-22T19:47:51.149+0000] {processor.py:829} INFO - Processing file /home/airflow/.local/lib/python3.8/site-packages/airflow/example_dags/example_local_kubernetes_executor.py for tasks to queue
[2023-11-22T19:47:51.150+0000] {logging_mixin.py:154} INFO - [2023-11-22T19:47:51.149+0000] {dagbag.py:536} INFO - Filling up the DagBag from /home/airflow/.local/lib/python3.8/site-packages/airflow/example_dags/example_local_kubernetes_executor.py
[2023-11-22T19:47:51.157+0000] {processor.py:839} INFO - DAG(s) dict_keys(['example_local_kubernetes_executor']) retrieved from /home/airflow/.local/lib/python3.8/site-packages/airflow/example_dags/example_local_kubernetes_executor.py
[2023-11-22T19:47:51.194+0000] {logging_mixin.py:154} INFO - [2023-11-22T19:47:51.194+0000] {dag.py:2941} INFO - Sync 1 DAGs
[2023-11-22T19:47:51.205+0000] {logging_mixin.py:154} INFO - [2023-11-22T19:47:51.205+0000] {dag.py:3722} INFO - Setting next_dagrun for example_local_kubernetes_executor to None, run_after=None
[2023-11-22T19:47:51.222+0000] {processor.py:179} INFO - Processing /home/airflow/.local/lib/python3.8/site-packages/airflow/example_dags/example_local_kubernetes_executor.py took 0.077 seconds
[2023-11-22T19:48:21.293+0000] {processor.py:157} INFO - Started process (PID=8794) to work on /home/airflow/.local/lib/python3.8/site-packages/airflow/example_dags/example_local_kubernetes_executor.py
[2023-11-22T19:48:21.294+0000] {processor.py:829} INFO - Processing file /home/airflow/.local/lib/python3.8/site-packages/airflow/example_dags/example_local_kubernetes_executor.py for tasks to queue
[2023-11-22T19:48:21.295+0000] {logging_mixin.py:154} INFO - [2023-11-22T19:48:21.294+0000] {dagbag.py:536} INFO - Filling up the DagBag from /home/airflow/.local/lib/python3.8/site-packages/airflow/example_dags/example_local_kubernetes_executor.py
[2023-11-22T19:48:21.301+0000] {processor.py:839} INFO - DAG(s) dict_keys(['example_local_kubernetes_executor']) retrieved from /home/airflow/.local/lib/python3.8/site-packages/airflow/example_dags/example_local_kubernetes_executor.py
[2023-11-22T19:48:21.331+0000] {logging_mixin.py:154} INFO - [2023-11-22T19:48:21.331+0000] {dag.py:2941} INFO - Sync 1 DAGs
[2023-11-22T19:48:21.341+0000] {logging_mixin.py:154} INFO - [2023-11-22T19:48:21.340+0000] {dag.py:3722} INFO - Setting next_dagrun for example_local_kubernetes_executor to None, run_after=None
[2023-11-22T19:48:21.354+0000] {processor.py:179} INFO - Processing /home/airflow/.local/lib/python3.8/site-packages/airflow/example_dags/example_local_kubernetes_executor.py took 0.064 seconds
[2023-11-22T19:48:51.587+0000] {processor.py:157} INFO - Started process (PID=9034) to work on /home/airflow/.local/lib/python3.8/site-packages/airflow/example_dags/example_local_kubernetes_executor.py
[2023-11-22T19:48:51.588+0000] {processor.py:829} INFO - Processing file /home/airflow/.local/lib/python3.8/site-packages/airflow/example_dags/example_local_kubernetes_executor.py for tasks to queue
[2023-11-22T19:48:51.589+0000] {logging_mixin.py:154} INFO - [2023-11-22T19:48:51.589+0000] {dagbag.py:536} INFO - Filling up the DagBag from /home/airflow/.local/lib/python3.8/site-packages/airflow/example_dags/example_local_kubernetes_executor.py
[2023-11-22T19:48:51.596+0000] {processor.py:839} INFO - DAG(s) dict_keys(['example_local_kubernetes_executor']) retrieved from /home/airflow/.local/lib/python3.8/site-packages/airflow/example_dags/example_local_kubernetes_executor.py
[2023-11-22T19:48:51.630+0000] {logging_mixin.py:154} INFO - [2023-11-22T19:48:51.629+0000] {dag.py:2941} INFO - Sync 1 DAGs
[2023-11-22T19:48:51.639+0000] {logging_mixin.py:154} INFO - [2023-11-22T19:48:51.639+0000] {dag.py:3722} INFO - Setting next_dagrun for example_local_kubernetes_executor to None, run_after=None
[2023-11-22T19:48:51.651+0000] {processor.py:179} INFO - Processing /home/airflow/.local/lib/python3.8/site-packages/airflow/example_dags/example_local_kubernetes_executor.py took 0.067 seconds
[2023-11-22T19:49:22.243+0000] {processor.py:157} INFO - Started process (PID=9270) to work on /home/airflow/.local/lib/python3.8/site-packages/airflow/example_dags/example_local_kubernetes_executor.py
[2023-11-22T19:49:22.244+0000] {processor.py:829} INFO - Processing file /home/airflow/.local/lib/python3.8/site-packages/airflow/example_dags/example_local_kubernetes_executor.py for tasks to queue
[2023-11-22T19:49:22.244+0000] {logging_mixin.py:154} INFO - [2023-11-22T19:49:22.244+0000] {dagbag.py:536} INFO - Filling up the DagBag from /home/airflow/.local/lib/python3.8/site-packages/airflow/example_dags/example_local_kubernetes_executor.py
[2023-11-22T19:49:22.251+0000] {processor.py:839} INFO - DAG(s) dict_keys(['example_local_kubernetes_executor']) retrieved from /home/airflow/.local/lib/python3.8/site-packages/airflow/example_dags/example_local_kubernetes_executor.py
[2023-11-22T19:49:22.285+0000] {logging_mixin.py:154} INFO - [2023-11-22T19:49:22.285+0000] {dag.py:2941} INFO - Sync 1 DAGs
[2023-11-22T19:49:22.403+0000] {logging_mixin.py:154} INFO - [2023-11-22T19:49:22.403+0000] {dag.py:3722} INFO - Setting next_dagrun for example_local_kubernetes_executor to None, run_after=None
[2023-11-22T19:49:22.415+0000] {processor.py:179} INFO - Processing /home/airflow/.local/lib/python3.8/site-packages/airflow/example_dags/example_local_kubernetes_executor.py took 0.176 seconds
[2023-11-22T19:49:52.834+0000] {processor.py:157} INFO - Started process (PID=9508) to work on /home/airflow/.local/lib/python3.8/site-packages/airflow/example_dags/example_local_kubernetes_executor.py
[2023-11-22T19:49:52.835+0000] {processor.py:829} INFO - Processing file /home/airflow/.local/lib/python3.8/site-packages/airflow/example_dags/example_local_kubernetes_executor.py for tasks to queue
[2023-11-22T19:49:52.836+0000] {logging_mixin.py:154} INFO - [2023-11-22T19:49:52.836+0000] {dagbag.py:536} INFO - Filling up the DagBag from /home/airflow/.local/lib/python3.8/site-packages/airflow/example_dags/example_local_kubernetes_executor.py
[2023-11-22T19:49:52.843+0000] {processor.py:839} INFO - DAG(s) dict_keys(['example_local_kubernetes_executor']) retrieved from /home/airflow/.local/lib/python3.8/site-packages/airflow/example_dags/example_local_kubernetes_executor.py
[2023-11-22T19:49:52.875+0000] {logging_mixin.py:154} INFO - [2023-11-22T19:49:52.875+0000] {dag.py:2941} INFO - Sync 1 DAGs
[2023-11-22T19:49:52.996+0000] {logging_mixin.py:154} INFO - [2023-11-22T19:49:52.996+0000] {dag.py:3722} INFO - Setting next_dagrun for example_local_kubernetes_executor to None, run_after=None
[2023-11-22T19:49:53.009+0000] {processor.py:179} INFO - Processing /home/airflow/.local/lib/python3.8/site-packages/airflow/example_dags/example_local_kubernetes_executor.py took 0.177 seconds
[2023-11-22T19:50:23.863+0000] {processor.py:157} INFO - Started process (PID=9746) to work on /home/airflow/.local/lib/python3.8/site-packages/airflow/example_dags/example_local_kubernetes_executor.py
[2023-11-22T19:50:23.864+0000] {processor.py:829} INFO - Processing file /home/airflow/.local/lib/python3.8/site-packages/airflow/example_dags/example_local_kubernetes_executor.py for tasks to queue
[2023-11-22T19:50:23.865+0000] {logging_mixin.py:154} INFO - [2023-11-22T19:50:23.864+0000] {dagbag.py:536} INFO - Filling up the DagBag from /home/airflow/.local/lib/python3.8/site-packages/airflow/example_dags/example_local_kubernetes_executor.py
[2023-11-22T19:50:23.872+0000] {processor.py:839} INFO - DAG(s) dict_keys(['example_local_kubernetes_executor']) retrieved from /home/airflow/.local/lib/python3.8/site-packages/airflow/example_dags/example_local_kubernetes_executor.py
[2023-11-22T19:50:23.906+0000] {logging_mixin.py:154} INFO - [2023-11-22T19:50:23.906+0000] {dag.py:2941} INFO - Sync 1 DAGs
[2023-11-22T19:50:23.917+0000] {logging_mixin.py:154} INFO - [2023-11-22T19:50:23.917+0000] {dag.py:3722} INFO - Setting next_dagrun for example_local_kubernetes_executor to None, run_after=None
[2023-11-22T19:50:24.057+0000] {processor.py:179} INFO - Processing /home/airflow/.local/lib/python3.8/site-packages/airflow/example_dags/example_local_kubernetes_executor.py took 0.198 seconds
[2023-11-22T19:50:54.100+0000] {processor.py:157} INFO - Started process (PID=9986) to work on /home/airflow/.local/lib/python3.8/site-packages/airflow/example_dags/example_local_kubernetes_executor.py
[2023-11-22T19:50:54.101+0000] {processor.py:829} INFO - Processing file /home/airflow/.local/lib/python3.8/site-packages/airflow/example_dags/example_local_kubernetes_executor.py for tasks to queue
[2023-11-22T19:50:54.102+0000] {logging_mixin.py:154} INFO - [2023-11-22T19:50:54.101+0000] {dagbag.py:536} INFO - Filling up the DagBag from /home/airflow/.local/lib/python3.8/site-packages/airflow/example_dags/example_local_kubernetes_executor.py
[2023-11-22T19:50:54.108+0000] {processor.py:839} INFO - DAG(s) dict_keys(['example_local_kubernetes_executor']) retrieved from /home/airflow/.local/lib/python3.8/site-packages/airflow/example_dags/example_local_kubernetes_executor.py
[2023-11-22T19:50:54.140+0000] {logging_mixin.py:154} INFO - [2023-11-22T19:50:54.139+0000] {dag.py:2941} INFO - Sync 1 DAGs
[2023-11-22T19:50:54.149+0000] {logging_mixin.py:154} INFO - [2023-11-22T19:50:54.149+0000] {dag.py:3722} INFO - Setting next_dagrun for example_local_kubernetes_executor to None, run_after=None
[2023-11-22T19:50:54.161+0000] {processor.py:179} INFO - Processing /home/airflow/.local/lib/python3.8/site-packages/airflow/example_dags/example_local_kubernetes_executor.py took 0.065 seconds
[2023-11-22T19:51:24.564+0000] {processor.py:157} INFO - Started process (PID=10224) to work on /home/airflow/.local/lib/python3.8/site-packages/airflow/example_dags/example_local_kubernetes_executor.py
[2023-11-22T19:51:24.565+0000] {processor.py:829} INFO - Processing file /home/airflow/.local/lib/python3.8/site-packages/airflow/example_dags/example_local_kubernetes_executor.py for tasks to queue
[2023-11-22T19:51:24.566+0000] {logging_mixin.py:154} INFO - [2023-11-22T19:51:24.566+0000] {dagbag.py:536} INFO - Filling up the DagBag from /home/airflow/.local/lib/python3.8/site-packages/airflow/example_dags/example_local_kubernetes_executor.py
[2023-11-22T19:51:24.573+0000] {processor.py:839} INFO - DAG(s) dict_keys(['example_local_kubernetes_executor']) retrieved from /home/airflow/.local/lib/python3.8/site-packages/airflow/example_dags/example_local_kubernetes_executor.py
[2023-11-22T19:51:24.604+0000] {logging_mixin.py:154} INFO - [2023-11-22T19:51:24.604+0000] {dag.py:2941} INFO - Sync 1 DAGs
[2023-11-22T19:51:24.614+0000] {logging_mixin.py:154} INFO - [2023-11-22T19:51:24.614+0000] {dag.py:3722} INFO - Setting next_dagrun for example_local_kubernetes_executor to None, run_after=None
[2023-11-22T19:51:24.626+0000] {processor.py:179} INFO - Processing /home/airflow/.local/lib/python3.8/site-packages/airflow/example_dags/example_local_kubernetes_executor.py took 0.065 seconds
[2023-11-22T19:51:55.523+0000] {processor.py:157} INFO - Started process (PID=10462) to work on /home/airflow/.local/lib/python3.8/site-packages/airflow/example_dags/example_local_kubernetes_executor.py
[2023-11-22T19:51:55.524+0000] {processor.py:829} INFO - Processing file /home/airflow/.local/lib/python3.8/site-packages/airflow/example_dags/example_local_kubernetes_executor.py for tasks to queue
[2023-11-22T19:51:55.525+0000] {logging_mixin.py:154} INFO - [2023-11-22T19:51:55.525+0000] {dagbag.py:536} INFO - Filling up the DagBag from /home/airflow/.local/lib/python3.8/site-packages/airflow/example_dags/example_local_kubernetes_executor.py
[2023-11-22T19:51:55.531+0000] {processor.py:839} INFO - DAG(s) dict_keys(['example_local_kubernetes_executor']) retrieved from /home/airflow/.local/lib/python3.8/site-packages/airflow/example_dags/example_local_kubernetes_executor.py
[2023-11-22T19:51:55.670+0000] {logging_mixin.py:154} INFO - [2023-11-22T19:51:55.669+0000] {dag.py:2941} INFO - Sync 1 DAGs
[2023-11-22T19:51:55.678+0000] {logging_mixin.py:154} INFO - [2023-11-22T19:51:55.678+0000] {dag.py:3722} INFO - Setting next_dagrun for example_local_kubernetes_executor to None, run_after=None
[2023-11-22T19:51:55.689+0000] {processor.py:179} INFO - Processing /home/airflow/.local/lib/python3.8/site-packages/airflow/example_dags/example_local_kubernetes_executor.py took 0.169 seconds
[2023-11-22T19:52:26.529+0000] {processor.py:157} INFO - Started process (PID=10701) to work on /home/airflow/.local/lib/python3.8/site-packages/airflow/example_dags/example_local_kubernetes_executor.py
[2023-11-22T19:52:26.530+0000] {processor.py:829} INFO - Processing file /home/airflow/.local/lib/python3.8/site-packages/airflow/example_dags/example_local_kubernetes_executor.py for tasks to queue
[2023-11-22T19:52:26.531+0000] {logging_mixin.py:154} INFO - [2023-11-22T19:52:26.531+0000] {dagbag.py:536} INFO - Filling up the DagBag from /home/airflow/.local/lib/python3.8/site-packages/airflow/example_dags/example_local_kubernetes_executor.py
[2023-11-22T19:52:26.538+0000] {processor.py:839} INFO - DAG(s) dict_keys(['example_local_kubernetes_executor']) retrieved from /home/airflow/.local/lib/python3.8/site-packages/airflow/example_dags/example_local_kubernetes_executor.py
[2023-11-22T19:52:26.571+0000] {logging_mixin.py:154} INFO - [2023-11-22T19:52:26.571+0000] {dag.py:2941} INFO - Sync 1 DAGs
[2023-11-22T19:52:26.581+0000] {logging_mixin.py:154} INFO - [2023-11-22T19:52:26.580+0000] {dag.py:3722} INFO - Setting next_dagrun for example_local_kubernetes_executor to None, run_after=None
[2023-11-22T19:52:26.594+0000] {processor.py:179} INFO - Processing /home/airflow/.local/lib/python3.8/site-packages/airflow/example_dags/example_local_kubernetes_executor.py took 0.068 seconds
[2023-11-22T19:52:56.973+0000] {processor.py:157} INFO - Started process (PID=10939) to work on /home/airflow/.local/lib/python3.8/site-packages/airflow/example_dags/example_local_kubernetes_executor.py
[2023-11-22T19:52:56.974+0000] {processor.py:829} INFO - Processing file /home/airflow/.local/lib/python3.8/site-packages/airflow/example_dags/example_local_kubernetes_executor.py for tasks to queue
[2023-11-22T19:52:56.975+0000] {logging_mixin.py:154} INFO - [2023-11-22T19:52:56.974+0000] {dagbag.py:536} INFO - Filling up the DagBag from /home/airflow/.local/lib/python3.8/site-packages/airflow/example_dags/example_local_kubernetes_executor.py
[2023-11-22T19:52:56.981+0000] {processor.py:839} INFO - DAG(s) dict_keys(['example_local_kubernetes_executor']) retrieved from /home/airflow/.local/lib/python3.8/site-packages/airflow/example_dags/example_local_kubernetes_executor.py
[2023-11-22T19:52:57.014+0000] {logging_mixin.py:154} INFO - [2023-11-22T19:52:57.014+0000] {dag.py:2941} INFO - Sync 1 DAGs
[2023-11-22T19:52:57.025+0000] {logging_mixin.py:154} INFO - [2023-11-22T19:52:57.025+0000] {dag.py:3722} INFO - Setting next_dagrun for example_local_kubernetes_executor to None, run_after=None
[2023-11-22T19:52:57.038+0000] {processor.py:179} INFO - Processing /home/airflow/.local/lib/python3.8/site-packages/airflow/example_dags/example_local_kubernetes_executor.py took 0.068 seconds
[2023-11-22T19:53:27.459+0000] {processor.py:157} INFO - Started process (PID=11177) to work on /home/airflow/.local/lib/python3.8/site-packages/airflow/example_dags/example_local_kubernetes_executor.py
[2023-11-22T19:53:27.460+0000] {processor.py:829} INFO - Processing file /home/airflow/.local/lib/python3.8/site-packages/airflow/example_dags/example_local_kubernetes_executor.py for tasks to queue
[2023-11-22T19:53:27.461+0000] {logging_mixin.py:154} INFO - [2023-11-22T19:53:27.460+0000] {dagbag.py:536} INFO - Filling up the DagBag from /home/airflow/.local/lib/python3.8/site-packages/airflow/example_dags/example_local_kubernetes_executor.py
[2023-11-22T19:53:27.467+0000] {processor.py:839} INFO - DAG(s) dict_keys(['example_local_kubernetes_executor']) retrieved from /home/airflow/.local/lib/python3.8/site-packages/airflow/example_dags/example_local_kubernetes_executor.py
[2023-11-22T19:53:27.499+0000] {logging_mixin.py:154} INFO - [2023-11-22T19:53:27.499+0000] {dag.py:2941} INFO - Sync 1 DAGs
[2023-11-22T19:53:27.509+0000] {logging_mixin.py:154} INFO - [2023-11-22T19:53:27.509+0000] {dag.py:3722} INFO - Setting next_dagrun for example_local_kubernetes_executor to None, run_after=None
[2023-11-22T19:53:27.522+0000] {processor.py:179} INFO - Processing /home/airflow/.local/lib/python3.8/site-packages/airflow/example_dags/example_local_kubernetes_executor.py took 0.066 seconds
[2023-11-22T19:53:57.957+0000] {processor.py:157} INFO - Started process (PID=11415) to work on /home/airflow/.local/lib/python3.8/site-packages/airflow/example_dags/example_local_kubernetes_executor.py
[2023-11-22T19:53:57.958+0000] {processor.py:829} INFO - Processing file /home/airflow/.local/lib/python3.8/site-packages/airflow/example_dags/example_local_kubernetes_executor.py for tasks to queue
[2023-11-22T19:53:57.959+0000] {logging_mixin.py:154} INFO - [2023-11-22T19:53:57.959+0000] {dagbag.py:536} INFO - Filling up the DagBag from /home/airflow/.local/lib/python3.8/site-packages/airflow/example_dags/example_local_kubernetes_executor.py
[2023-11-22T19:53:57.967+0000] {processor.py:839} INFO - DAG(s) dict_keys(['example_local_kubernetes_executor']) retrieved from /home/airflow/.local/lib/python3.8/site-packages/airflow/example_dags/example_local_kubernetes_executor.py
[2023-11-22T19:53:58.002+0000] {logging_mixin.py:154} INFO - [2023-11-22T19:53:58.002+0000] {dag.py:2941} INFO - Sync 1 DAGs
[2023-11-22T19:53:58.011+0000] {logging_mixin.py:154} INFO - [2023-11-22T19:53:58.011+0000] {dag.py:3722} INFO - Setting next_dagrun for example_local_kubernetes_executor to None, run_after=None
[2023-11-22T19:53:58.024+0000] {processor.py:179} INFO - Processing /home/airflow/.local/lib/python3.8/site-packages/airflow/example_dags/example_local_kubernetes_executor.py took 0.070 seconds
[2023-11-22T20:36:13.967+0000] {processor.py:157} INFO - Started process (PID=11653) to work on /home/airflow/.local/lib/python3.8/site-packages/airflow/example_dags/example_local_kubernetes_executor.py
[2023-11-22T20:36:13.974+0000] {processor.py:829} INFO - Processing file /home/airflow/.local/lib/python3.8/site-packages/airflow/example_dags/example_local_kubernetes_executor.py for tasks to queue
[2023-11-22T20:36:13.977+0000] {logging_mixin.py:154} INFO - [2023-11-22T20:36:13.976+0000] {dagbag.py:536} INFO - Filling up the DagBag from /home/airflow/.local/lib/python3.8/site-packages/airflow/example_dags/example_local_kubernetes_executor.py
[2023-11-22T20:36:14.010+0000] {processor.py:839} INFO - DAG(s) dict_keys(['example_local_kubernetes_executor']) retrieved from /home/airflow/.local/lib/python3.8/site-packages/airflow/example_dags/example_local_kubernetes_executor.py
[2023-11-22T20:36:14.181+0000] {logging_mixin.py:154} INFO - [2023-11-22T20:36:14.181+0000] {dag.py:2941} INFO - Sync 1 DAGs
[2023-11-22T20:36:14.220+0000] {logging_mixin.py:154} INFO - [2023-11-22T20:36:14.220+0000] {dag.py:3722} INFO - Setting next_dagrun for example_local_kubernetes_executor to None, run_after=None
[2023-11-22T20:36:14.270+0000] {processor.py:179} INFO - Processing /home/airflow/.local/lib/python3.8/site-packages/airflow/example_dags/example_local_kubernetes_executor.py took 0.311 seconds
[2023-11-22T21:01:33.655+0000] {processor.py:157} INFO - Started process (PID=11892) to work on /home/airflow/.local/lib/python3.8/site-packages/airflow/example_dags/example_local_kubernetes_executor.py
[2023-11-22T21:01:33.657+0000] {processor.py:829} INFO - Processing file /home/airflow/.local/lib/python3.8/site-packages/airflow/example_dags/example_local_kubernetes_executor.py for tasks to queue
[2023-11-22T21:01:33.658+0000] {logging_mixin.py:154} INFO - [2023-11-22T21:01:33.658+0000] {dagbag.py:536} INFO - Filling up the DagBag from /home/airflow/.local/lib/python3.8/site-packages/airflow/example_dags/example_local_kubernetes_executor.py
[2023-11-22T21:01:33.669+0000] {processor.py:839} INFO - DAG(s) dict_keys(['example_local_kubernetes_executor']) retrieved from /home/airflow/.local/lib/python3.8/site-packages/airflow/example_dags/example_local_kubernetes_executor.py
[2023-11-22T21:01:33.726+0000] {logging_mixin.py:154} INFO - [2023-11-22T21:01:33.725+0000] {dag.py:2941} INFO - Sync 1 DAGs
[2023-11-22T21:01:33.741+0000] {logging_mixin.py:154} INFO - [2023-11-22T21:01:33.741+0000] {dag.py:3722} INFO - Setting next_dagrun for example_local_kubernetes_executor to None, run_after=None
[2023-11-22T21:01:33.761+0000] {processor.py:179} INFO - Processing /home/airflow/.local/lib/python3.8/site-packages/airflow/example_dags/example_local_kubernetes_executor.py took 0.111 seconds
[2023-11-22T21:02:04.033+0000] {processor.py:157} INFO - Started process (PID=12132) to work on /home/airflow/.local/lib/python3.8/site-packages/airflow/example_dags/example_local_kubernetes_executor.py
[2023-11-22T21:02:04.034+0000] {processor.py:829} INFO - Processing file /home/airflow/.local/lib/python3.8/site-packages/airflow/example_dags/example_local_kubernetes_executor.py for tasks to queue
[2023-11-22T21:02:04.035+0000] {logging_mixin.py:154} INFO - [2023-11-22T21:02:04.034+0000] {dagbag.py:536} INFO - Filling up the DagBag from /home/airflow/.local/lib/python3.8/site-packages/airflow/example_dags/example_local_kubernetes_executor.py
[2023-11-22T21:02:04.042+0000] {processor.py:839} INFO - DAG(s) dict_keys(['example_local_kubernetes_executor']) retrieved from /home/airflow/.local/lib/python3.8/site-packages/airflow/example_dags/example_local_kubernetes_executor.py
[2023-11-22T21:02:04.075+0000] {logging_mixin.py:154} INFO - [2023-11-22T21:02:04.075+0000] {dag.py:2941} INFO - Sync 1 DAGs
[2023-11-22T21:02:04.086+0000] {logging_mixin.py:154} INFO - [2023-11-22T21:02:04.086+0000] {dag.py:3722} INFO - Setting next_dagrun for example_local_kubernetes_executor to None, run_after=None
[2023-11-22T21:02:04.103+0000] {processor.py:179} INFO - Processing /home/airflow/.local/lib/python3.8/site-packages/airflow/example_dags/example_local_kubernetes_executor.py took 0.073 seconds
[2023-11-22T21:02:34.224+0000] {processor.py:157} INFO - Started process (PID=12368) to work on /home/airflow/.local/lib/python3.8/site-packages/airflow/example_dags/example_local_kubernetes_executor.py
[2023-11-22T21:02:34.225+0000] {processor.py:829} INFO - Processing file /home/airflow/.local/lib/python3.8/site-packages/airflow/example_dags/example_local_kubernetes_executor.py for tasks to queue
[2023-11-22T21:02:34.226+0000] {logging_mixin.py:154} INFO - [2023-11-22T21:02:34.225+0000] {dagbag.py:536} INFO - Filling up the DagBag from /home/airflow/.local/lib/python3.8/site-packages/airflow/example_dags/example_local_kubernetes_executor.py
[2023-11-22T21:02:34.233+0000] {processor.py:839} INFO - DAG(s) dict_keys(['example_local_kubernetes_executor']) retrieved from /home/airflow/.local/lib/python3.8/site-packages/airflow/example_dags/example_local_kubernetes_executor.py
[2023-11-22T21:02:34.265+0000] {logging_mixin.py:154} INFO - [2023-11-22T21:02:34.265+0000] {dag.py:2941} INFO - Sync 1 DAGs
[2023-11-22T21:02:34.276+0000] {logging_mixin.py:154} INFO - [2023-11-22T21:02:34.276+0000] {dag.py:3722} INFO - Setting next_dagrun for example_local_kubernetes_executor to None, run_after=None
[2023-11-22T21:02:34.290+0000] {processor.py:179} INFO - Processing /home/airflow/.local/lib/python3.8/site-packages/airflow/example_dags/example_local_kubernetes_executor.py took 0.069 seconds
[2023-11-22T21:03:04.769+0000] {processor.py:157} INFO - Started process (PID=12606) to work on /home/airflow/.local/lib/python3.8/site-packages/airflow/example_dags/example_local_kubernetes_executor.py
[2023-11-22T21:03:04.770+0000] {processor.py:829} INFO - Processing file /home/airflow/.local/lib/python3.8/site-packages/airflow/example_dags/example_local_kubernetes_executor.py for tasks to queue
[2023-11-22T21:03:04.770+0000] {logging_mixin.py:154} INFO - [2023-11-22T21:03:04.770+0000] {dagbag.py:536} INFO - Filling up the DagBag from /home/airflow/.local/lib/python3.8/site-packages/airflow/example_dags/example_local_kubernetes_executor.py
[2023-11-22T21:03:04.777+0000] {processor.py:839} INFO - DAG(s) dict_keys(['example_local_kubernetes_executor']) retrieved from /home/airflow/.local/lib/python3.8/site-packages/airflow/example_dags/example_local_kubernetes_executor.py
[2023-11-22T21:03:04.810+0000] {logging_mixin.py:154} INFO - [2023-11-22T21:03:04.810+0000] {dag.py:2941} INFO - Sync 1 DAGs
[2023-11-22T21:03:04.821+0000] {logging_mixin.py:154} INFO - [2023-11-22T21:03:04.820+0000] {dag.py:3722} INFO - Setting next_dagrun for example_local_kubernetes_executor to None, run_after=None
[2023-11-22T21:03:04.834+0000] {processor.py:179} INFO - Processing /home/airflow/.local/lib/python3.8/site-packages/airflow/example_dags/example_local_kubernetes_executor.py took 0.068 seconds
[2023-11-22T21:03:35.402+0000] {processor.py:157} INFO - Started process (PID=12844) to work on /home/airflow/.local/lib/python3.8/site-packages/airflow/example_dags/example_local_kubernetes_executor.py
[2023-11-22T21:03:35.402+0000] {processor.py:829} INFO - Processing file /home/airflow/.local/lib/python3.8/site-packages/airflow/example_dags/example_local_kubernetes_executor.py for tasks to queue
[2023-11-22T21:03:35.403+0000] {logging_mixin.py:154} INFO - [2023-11-22T21:03:35.403+0000] {dagbag.py:536} INFO - Filling up the DagBag from /home/airflow/.local/lib/python3.8/site-packages/airflow/example_dags/example_local_kubernetes_executor.py
[2023-11-22T21:03:35.411+0000] {processor.py:839} INFO - DAG(s) dict_keys(['example_local_kubernetes_executor']) retrieved from /home/airflow/.local/lib/python3.8/site-packages/airflow/example_dags/example_local_kubernetes_executor.py
[2023-11-22T21:03:35.451+0000] {logging_mixin.py:154} INFO - [2023-11-22T21:03:35.451+0000] {dag.py:2941} INFO - Sync 1 DAGs
[2023-11-22T21:03:35.462+0000] {logging_mixin.py:154} INFO - [2023-11-22T21:03:35.462+0000] {dag.py:3722} INFO - Setting next_dagrun for example_local_kubernetes_executor to None, run_after=None
[2023-11-22T21:03:35.479+0000] {processor.py:179} INFO - Processing /home/airflow/.local/lib/python3.8/site-packages/airflow/example_dags/example_local_kubernetes_executor.py took 0.081 seconds
[2023-11-22T21:04:06.109+0000] {processor.py:157} INFO - Started process (PID=13082) to work on /home/airflow/.local/lib/python3.8/site-packages/airflow/example_dags/example_local_kubernetes_executor.py
[2023-11-22T21:04:06.110+0000] {processor.py:829} INFO - Processing file /home/airflow/.local/lib/python3.8/site-packages/airflow/example_dags/example_local_kubernetes_executor.py for tasks to queue
[2023-11-22T21:04:06.110+0000] {logging_mixin.py:154} INFO - [2023-11-22T21:04:06.110+0000] {dagbag.py:536} INFO - Filling up the DagBag from /home/airflow/.local/lib/python3.8/site-packages/airflow/example_dags/example_local_kubernetes_executor.py
[2023-11-22T21:04:06.117+0000] {processor.py:839} INFO - DAG(s) dict_keys(['example_local_kubernetes_executor']) retrieved from /home/airflow/.local/lib/python3.8/site-packages/airflow/example_dags/example_local_kubernetes_executor.py
[2023-11-22T21:04:06.150+0000] {logging_mixin.py:154} INFO - [2023-11-22T21:04:06.149+0000] {dag.py:2941} INFO - Sync 1 DAGs
[2023-11-22T21:04:06.161+0000] {logging_mixin.py:154} INFO - [2023-11-22T21:04:06.160+0000] {dag.py:3722} INFO - Setting next_dagrun for example_local_kubernetes_executor to None, run_after=None
[2023-11-22T21:04:06.174+0000] {processor.py:179} INFO - Processing /home/airflow/.local/lib/python3.8/site-packages/airflow/example_dags/example_local_kubernetes_executor.py took 0.069 seconds
[2023-11-22T21:04:36.758+0000] {processor.py:157} INFO - Started process (PID=13320) to work on /home/airflow/.local/lib/python3.8/site-packages/airflow/example_dags/example_local_kubernetes_executor.py
[2023-11-22T21:04:36.759+0000] {processor.py:829} INFO - Processing file /home/airflow/.local/lib/python3.8/site-packages/airflow/example_dags/example_local_kubernetes_executor.py for tasks to queue
[2023-11-22T21:04:36.759+0000] {logging_mixin.py:154} INFO - [2023-11-22T21:04:36.759+0000] {dagbag.py:536} INFO - Filling up the DagBag from /home/airflow/.local/lib/python3.8/site-packages/airflow/example_dags/example_local_kubernetes_executor.py
[2023-11-22T21:04:36.768+0000] {processor.py:839} INFO - DAG(s) dict_keys(['example_local_kubernetes_executor']) retrieved from /home/airflow/.local/lib/python3.8/site-packages/airflow/example_dags/example_local_kubernetes_executor.py
[2023-11-22T21:04:36.802+0000] {logging_mixin.py:154} INFO - [2023-11-22T21:04:36.802+0000] {dag.py:2941} INFO - Sync 1 DAGs
[2023-11-22T21:04:36.813+0000] {logging_mixin.py:154} INFO - [2023-11-22T21:04:36.813+0000] {dag.py:3722} INFO - Setting next_dagrun for example_local_kubernetes_executor to None, run_after=None
[2023-11-22T21:04:36.828+0000] {processor.py:179} INFO - Processing /home/airflow/.local/lib/python3.8/site-packages/airflow/example_dags/example_local_kubernetes_executor.py took 0.073 seconds
[2023-11-22T21:05:07.182+0000] {processor.py:157} INFO - Started process (PID=13558) to work on /home/airflow/.local/lib/python3.8/site-packages/airflow/example_dags/example_local_kubernetes_executor.py
[2023-11-22T21:05:07.183+0000] {processor.py:829} INFO - Processing file /home/airflow/.local/lib/python3.8/site-packages/airflow/example_dags/example_local_kubernetes_executor.py for tasks to queue
[2023-11-22T21:05:07.183+0000] {logging_mixin.py:154} INFO - [2023-11-22T21:05:07.183+0000] {dagbag.py:536} INFO - Filling up the DagBag from /home/airflow/.local/lib/python3.8/site-packages/airflow/example_dags/example_local_kubernetes_executor.py
[2023-11-22T21:05:07.191+0000] {processor.py:839} INFO - DAG(s) dict_keys(['example_local_kubernetes_executor']) retrieved from /home/airflow/.local/lib/python3.8/site-packages/airflow/example_dags/example_local_kubernetes_executor.py
[2023-11-22T21:05:07.224+0000] {logging_mixin.py:154} INFO - [2023-11-22T21:05:07.224+0000] {dag.py:2941} INFO - Sync 1 DAGs
[2023-11-22T21:05:07.234+0000] {logging_mixin.py:154} INFO - [2023-11-22T21:05:07.234+0000] {dag.py:3722} INFO - Setting next_dagrun for example_local_kubernetes_executor to None, run_after=None
[2023-11-22T21:05:07.248+0000] {processor.py:179} INFO - Processing /home/airflow/.local/lib/python3.8/site-packages/airflow/example_dags/example_local_kubernetes_executor.py took 0.070 seconds
[2023-11-22T21:05:37.864+0000] {processor.py:157} INFO - Started process (PID=13797) to work on /home/airflow/.local/lib/python3.8/site-packages/airflow/example_dags/example_local_kubernetes_executor.py
[2023-11-22T21:05:37.865+0000] {processor.py:829} INFO - Processing file /home/airflow/.local/lib/python3.8/site-packages/airflow/example_dags/example_local_kubernetes_executor.py for tasks to queue
[2023-11-22T21:05:37.867+0000] {logging_mixin.py:154} INFO - [2023-11-22T21:05:37.866+0000] {dagbag.py:536} INFO - Filling up the DagBag from /home/airflow/.local/lib/python3.8/site-packages/airflow/example_dags/example_local_kubernetes_executor.py
[2023-11-22T21:05:37.874+0000] {processor.py:839} INFO - DAG(s) dict_keys(['example_local_kubernetes_executor']) retrieved from /home/airflow/.local/lib/python3.8/site-packages/airflow/example_dags/example_local_kubernetes_executor.py
[2023-11-22T21:05:37.911+0000] {logging_mixin.py:154} INFO - [2023-11-22T21:05:37.911+0000] {dag.py:2941} INFO - Sync 1 DAGs
[2023-11-22T21:05:37.922+0000] {logging_mixin.py:154} INFO - [2023-11-22T21:05:37.922+0000] {dag.py:3722} INFO - Setting next_dagrun for example_local_kubernetes_executor to None, run_after=None
[2023-11-22T21:05:37.936+0000] {processor.py:179} INFO - Processing /home/airflow/.local/lib/python3.8/site-packages/airflow/example_dags/example_local_kubernetes_executor.py took 0.075 seconds
[2023-11-22T21:06:08.074+0000] {processor.py:157} INFO - Started process (PID=14033) to work on /home/airflow/.local/lib/python3.8/site-packages/airflow/example_dags/example_local_kubernetes_executor.py
[2023-11-22T21:06:08.077+0000] {processor.py:829} INFO - Processing file /home/airflow/.local/lib/python3.8/site-packages/airflow/example_dags/example_local_kubernetes_executor.py for tasks to queue
[2023-11-22T21:06:08.084+0000] {logging_mixin.py:154} INFO - [2023-11-22T21:06:08.083+0000] {dagbag.py:536} INFO - Filling up the DagBag from /home/airflow/.local/lib/python3.8/site-packages/airflow/example_dags/example_local_kubernetes_executor.py
[2023-11-22T21:06:08.095+0000] {processor.py:839} INFO - DAG(s) dict_keys(['example_local_kubernetes_executor']) retrieved from /home/airflow/.local/lib/python3.8/site-packages/airflow/example_dags/example_local_kubernetes_executor.py
[2023-11-22T21:06:08.147+0000] {logging_mixin.py:154} INFO - [2023-11-22T21:06:08.147+0000] {dag.py:2941} INFO - Sync 1 DAGs
[2023-11-22T21:06:08.160+0000] {logging_mixin.py:154} INFO - [2023-11-22T21:06:08.160+0000] {dag.py:3722} INFO - Setting next_dagrun for example_local_kubernetes_executor to None, run_after=None
[2023-11-22T21:06:08.176+0000] {processor.py:179} INFO - Processing /home/airflow/.local/lib/python3.8/site-packages/airflow/example_dags/example_local_kubernetes_executor.py took 0.106 seconds
[2023-11-22T21:06:39.119+0000] {processor.py:157} INFO - Started process (PID=14271) to work on /home/airflow/.local/lib/python3.8/site-packages/airflow/example_dags/example_local_kubernetes_executor.py
[2023-11-22T21:06:39.120+0000] {processor.py:829} INFO - Processing file /home/airflow/.local/lib/python3.8/site-packages/airflow/example_dags/example_local_kubernetes_executor.py for tasks to queue
[2023-11-22T21:06:39.121+0000] {logging_mixin.py:154} INFO - [2023-11-22T21:06:39.121+0000] {dagbag.py:536} INFO - Filling up the DagBag from /home/airflow/.local/lib/python3.8/site-packages/airflow/example_dags/example_local_kubernetes_executor.py
[2023-11-22T21:06:39.131+0000] {processor.py:839} INFO - DAG(s) dict_keys(['example_local_kubernetes_executor']) retrieved from /home/airflow/.local/lib/python3.8/site-packages/airflow/example_dags/example_local_kubernetes_executor.py
[2023-11-22T21:06:39.165+0000] {logging_mixin.py:154} INFO - [2023-11-22T21:06:39.165+0000] {dag.py:2941} INFO - Sync 1 DAGs
[2023-11-22T21:06:39.176+0000] {logging_mixin.py:154} INFO - [2023-11-22T21:06:39.176+0000] {dag.py:3722} INFO - Setting next_dagrun for example_local_kubernetes_executor to None, run_after=None
[2023-11-22T21:06:39.190+0000] {processor.py:179} INFO - Processing /home/airflow/.local/lib/python3.8/site-packages/airflow/example_dags/example_local_kubernetes_executor.py took 0.074 seconds
[2023-11-22T21:07:09.907+0000] {processor.py:157} INFO - Started process (PID=14509) to work on /home/airflow/.local/lib/python3.8/site-packages/airflow/example_dags/example_local_kubernetes_executor.py
[2023-11-22T21:07:09.909+0000] {processor.py:829} INFO - Processing file /home/airflow/.local/lib/python3.8/site-packages/airflow/example_dags/example_local_kubernetes_executor.py for tasks to queue
[2023-11-22T21:07:09.910+0000] {logging_mixin.py:154} INFO - [2023-11-22T21:07:09.910+0000] {dagbag.py:536} INFO - Filling up the DagBag from /home/airflow/.local/lib/python3.8/site-packages/airflow/example_dags/example_local_kubernetes_executor.py
[2023-11-22T21:07:09.921+0000] {processor.py:839} INFO - DAG(s) dict_keys(['example_local_kubernetes_executor']) retrieved from /home/airflow/.local/lib/python3.8/site-packages/airflow/example_dags/example_local_kubernetes_executor.py
[2023-11-22T21:07:09.971+0000] {logging_mixin.py:154} INFO - [2023-11-22T21:07:09.971+0000] {dag.py:2941} INFO - Sync 1 DAGs
[2023-11-22T21:07:09.984+0000] {logging_mixin.py:154} INFO - [2023-11-22T21:07:09.984+0000] {dag.py:3722} INFO - Setting next_dagrun for example_local_kubernetes_executor to None, run_after=None
[2023-11-22T21:07:10.004+0000] {processor.py:179} INFO - Processing /home/airflow/.local/lib/python3.8/site-packages/airflow/example_dags/example_local_kubernetes_executor.py took 0.100 seconds
[2023-11-22T21:07:40.284+0000] {processor.py:157} INFO - Started process (PID=14747) to work on /home/airflow/.local/lib/python3.8/site-packages/airflow/example_dags/example_local_kubernetes_executor.py
[2023-11-22T21:07:40.285+0000] {processor.py:829} INFO - Processing file /home/airflow/.local/lib/python3.8/site-packages/airflow/example_dags/example_local_kubernetes_executor.py for tasks to queue
[2023-11-22T21:07:40.285+0000] {logging_mixin.py:154} INFO - [2023-11-22T21:07:40.285+0000] {dagbag.py:536} INFO - Filling up the DagBag from /home/airflow/.local/lib/python3.8/site-packages/airflow/example_dags/example_local_kubernetes_executor.py
[2023-11-22T21:07:40.292+0000] {processor.py:839} INFO - DAG(s) dict_keys(['example_local_kubernetes_executor']) retrieved from /home/airflow/.local/lib/python3.8/site-packages/airflow/example_dags/example_local_kubernetes_executor.py
[2023-11-22T21:07:40.324+0000] {logging_mixin.py:154} INFO - [2023-11-22T21:07:40.324+0000] {dag.py:2941} INFO - Sync 1 DAGs
[2023-11-22T21:07:40.334+0000] {logging_mixin.py:154} INFO - [2023-11-22T21:07:40.334+0000] {dag.py:3722} INFO - Setting next_dagrun for example_local_kubernetes_executor to None, run_after=None
[2023-11-22T21:07:40.348+0000] {processor.py:179} INFO - Processing /home/airflow/.local/lib/python3.8/site-packages/airflow/example_dags/example_local_kubernetes_executor.py took 0.067 seconds
[2023-11-22T21:08:10.804+0000] {processor.py:157} INFO - Started process (PID=14985) to work on /home/airflow/.local/lib/python3.8/site-packages/airflow/example_dags/example_local_kubernetes_executor.py
[2023-11-22T21:08:10.805+0000] {processor.py:829} INFO - Processing file /home/airflow/.local/lib/python3.8/site-packages/airflow/example_dags/example_local_kubernetes_executor.py for tasks to queue
[2023-11-22T21:08:10.806+0000] {logging_mixin.py:154} INFO - [2023-11-22T21:08:10.806+0000] {dagbag.py:536} INFO - Filling up the DagBag from /home/airflow/.local/lib/python3.8/site-packages/airflow/example_dags/example_local_kubernetes_executor.py
[2023-11-22T21:08:10.815+0000] {processor.py:839} INFO - DAG(s) dict_keys(['example_local_kubernetes_executor']) retrieved from /home/airflow/.local/lib/python3.8/site-packages/airflow/example_dags/example_local_kubernetes_executor.py
[2023-11-22T21:08:10.848+0000] {logging_mixin.py:154} INFO - [2023-11-22T21:08:10.848+0000] {dag.py:2941} INFO - Sync 1 DAGs
[2023-11-22T21:08:10.857+0000] {logging_mixin.py:154} INFO - [2023-11-22T21:08:10.857+0000] {dag.py:3722} INFO - Setting next_dagrun for example_local_kubernetes_executor to None, run_after=None
[2023-11-22T21:08:10.870+0000] {processor.py:179} INFO - Processing /home/airflow/.local/lib/python3.8/site-packages/airflow/example_dags/example_local_kubernetes_executor.py took 0.070 seconds
[2023-11-22T21:08:41.803+0000] {processor.py:157} INFO - Started process (PID=15223) to work on /home/airflow/.local/lib/python3.8/site-packages/airflow/example_dags/example_local_kubernetes_executor.py
[2023-11-22T21:08:41.804+0000] {processor.py:829} INFO - Processing file /home/airflow/.local/lib/python3.8/site-packages/airflow/example_dags/example_local_kubernetes_executor.py for tasks to queue
[2023-11-22T21:08:41.805+0000] {logging_mixin.py:154} INFO - [2023-11-22T21:08:41.805+0000] {dagbag.py:536} INFO - Filling up the DagBag from /home/airflow/.local/lib/python3.8/site-packages/airflow/example_dags/example_local_kubernetes_executor.py
[2023-11-22T21:08:41.813+0000] {processor.py:839} INFO - DAG(s) dict_keys(['example_local_kubernetes_executor']) retrieved from /home/airflow/.local/lib/python3.8/site-packages/airflow/example_dags/example_local_kubernetes_executor.py
[2023-11-22T21:08:41.849+0000] {logging_mixin.py:154} INFO - [2023-11-22T21:08:41.849+0000] {dag.py:2941} INFO - Sync 1 DAGs
[2023-11-22T21:08:41.862+0000] {logging_mixin.py:154} INFO - [2023-11-22T21:08:41.862+0000] {dag.py:3722} INFO - Setting next_dagrun for example_local_kubernetes_executor to None, run_after=None
[2023-11-22T21:08:41.884+0000] {processor.py:179} INFO - Processing /home/airflow/.local/lib/python3.8/site-packages/airflow/example_dags/example_local_kubernetes_executor.py took 0.085 seconds
[2023-11-22T21:09:41.223+0000] {processor.py:157} INFO - Started process (PID=221) to work on /home/airflow/.local/lib/python3.8/site-packages/airflow/example_dags/example_local_kubernetes_executor.py
[2023-11-22T21:09:41.224+0000] {processor.py:829} INFO - Processing file /home/airflow/.local/lib/python3.8/site-packages/airflow/example_dags/example_local_kubernetes_executor.py for tasks to queue
[2023-11-22T21:09:41.226+0000] {logging_mixin.py:154} INFO - [2023-11-22T21:09:41.225+0000] {dagbag.py:536} INFO - Filling up the DagBag from /home/airflow/.local/lib/python3.8/site-packages/airflow/example_dags/example_local_kubernetes_executor.py
[2023-11-22T21:09:41.242+0000] {processor.py:839} INFO - DAG(s) dict_keys(['example_local_kubernetes_executor']) retrieved from /home/airflow/.local/lib/python3.8/site-packages/airflow/example_dags/example_local_kubernetes_executor.py
[2023-11-22T21:09:41.269+0000] {logging_mixin.py:154} INFO - [2023-11-22T21:09:41.269+0000] {dag.py:2941} INFO - Sync 1 DAGs
[2023-11-22T21:09:41.292+0000] {logging_mixin.py:154} INFO - [2023-11-22T21:09:41.292+0000] {dag.py:3722} INFO - Setting next_dagrun for example_local_kubernetes_executor to None, run_after=None
[2023-11-22T21:09:41.321+0000] {processor.py:179} INFO - Processing /home/airflow/.local/lib/python3.8/site-packages/airflow/example_dags/example_local_kubernetes_executor.py took 0.102 seconds
[2023-11-22T21:10:12.263+0000] {processor.py:157} INFO - Started process (PID=461) to work on /home/airflow/.local/lib/python3.8/site-packages/airflow/example_dags/example_local_kubernetes_executor.py
[2023-11-22T21:10:12.265+0000] {processor.py:829} INFO - Processing file /home/airflow/.local/lib/python3.8/site-packages/airflow/example_dags/example_local_kubernetes_executor.py for tasks to queue
[2023-11-22T21:10:12.266+0000] {logging_mixin.py:154} INFO - [2023-11-22T21:10:12.266+0000] {dagbag.py:536} INFO - Filling up the DagBag from /home/airflow/.local/lib/python3.8/site-packages/airflow/example_dags/example_local_kubernetes_executor.py
[2023-11-22T21:10:12.276+0000] {processor.py:839} INFO - DAG(s) dict_keys(['example_local_kubernetes_executor']) retrieved from /home/airflow/.local/lib/python3.8/site-packages/airflow/example_dags/example_local_kubernetes_executor.py
[2023-11-22T21:10:12.333+0000] {logging_mixin.py:154} INFO - [2023-11-22T21:10:12.333+0000] {dag.py:2941} INFO - Sync 1 DAGs
[2023-11-22T21:10:12.347+0000] {logging_mixin.py:154} INFO - [2023-11-22T21:10:12.347+0000] {dag.py:3722} INFO - Setting next_dagrun for example_local_kubernetes_executor to None, run_after=None
[2023-11-22T21:10:12.367+0000] {processor.py:179} INFO - Processing /home/airflow/.local/lib/python3.8/site-packages/airflow/example_dags/example_local_kubernetes_executor.py took 0.108 seconds
