[2023-11-22T19:30:03.752+0000] {processor.py:157} INFO - Started process (PID=164) to work on /home/airflow/.local/lib/python3.8/site-packages/airflow/example_dags/example_setup_teardown.py
[2023-11-22T19:30:03.753+0000] {processor.py:829} INFO - Processing file /home/airflow/.local/lib/python3.8/site-packages/airflow/example_dags/example_setup_teardown.py for tasks to queue
[2023-11-22T19:30:03.755+0000] {logging_mixin.py:154} INFO - [2023-11-22T19:30:03.754+0000] {dagbag.py:536} INFO - Filling up the DagBag from /home/airflow/.local/lib/python3.8/site-packages/airflow/example_dags/example_setup_teardown.py
[2023-11-22T19:30:03.773+0000] {processor.py:839} INFO - DAG(s) dict_keys(['example_setup_teardown']) retrieved from /home/airflow/.local/lib/python3.8/site-packages/airflow/example_dags/example_setup_teardown.py
[2023-11-22T19:30:03.813+0000] {logging_mixin.py:154} INFO - [2023-11-22T19:30:03.813+0000] {dag.py:2941} INFO - Sync 1 DAGs
[2023-11-22T19:30:03.854+0000] {logging_mixin.py:154} INFO - [2023-11-22T19:30:03.854+0000] {dag.py:3722} INFO - Setting next_dagrun for example_setup_teardown to 2023-11-21T19:30:03.853940+00:00, run_after=2023-11-22T19:30:03.853940+00:00
[2023-11-22T19:30:03.879+0000] {processor.py:179} INFO - Processing /home/airflow/.local/lib/python3.8/site-packages/airflow/example_dags/example_setup_teardown.py took 0.131 seconds
[2023-11-22T19:30:34.430+0000] {processor.py:157} INFO - Started process (PID=402) to work on /home/airflow/.local/lib/python3.8/site-packages/airflow/example_dags/example_setup_teardown.py
[2023-11-22T19:30:34.432+0000] {processor.py:829} INFO - Processing file /home/airflow/.local/lib/python3.8/site-packages/airflow/example_dags/example_setup_teardown.py for tasks to queue
[2023-11-22T19:30:34.433+0000] {logging_mixin.py:154} INFO - [2023-11-22T19:30:34.432+0000] {dagbag.py:536} INFO - Filling up the DagBag from /home/airflow/.local/lib/python3.8/site-packages/airflow/example_dags/example_setup_teardown.py
[2023-11-22T19:30:34.442+0000] {processor.py:839} INFO - DAG(s) dict_keys(['example_setup_teardown']) retrieved from /home/airflow/.local/lib/python3.8/site-packages/airflow/example_dags/example_setup_teardown.py
[2023-11-22T19:30:34.466+0000] {logging_mixin.py:154} INFO - [2023-11-22T19:30:34.465+0000] {dag.py:2941} INFO - Sync 1 DAGs
[2023-11-22T19:30:34.483+0000] {logging_mixin.py:154} INFO - [2023-11-22T19:30:34.483+0000] {dag.py:3722} INFO - Setting next_dagrun for example_setup_teardown to 2023-11-21T19:30:34.483122+00:00, run_after=2023-11-22T19:30:34.483122+00:00
[2023-11-22T19:30:34.496+0000] {processor.py:179} INFO - Processing /home/airflow/.local/lib/python3.8/site-packages/airflow/example_dags/example_setup_teardown.py took 0.071 seconds
[2023-11-22T19:31:05.118+0000] {processor.py:157} INFO - Started process (PID=640) to work on /home/airflow/.local/lib/python3.8/site-packages/airflow/example_dags/example_setup_teardown.py
[2023-11-22T19:31:05.120+0000] {processor.py:829} INFO - Processing file /home/airflow/.local/lib/python3.8/site-packages/airflow/example_dags/example_setup_teardown.py for tasks to queue
[2023-11-22T19:31:05.121+0000] {logging_mixin.py:154} INFO - [2023-11-22T19:31:05.120+0000] {dagbag.py:536} INFO - Filling up the DagBag from /home/airflow/.local/lib/python3.8/site-packages/airflow/example_dags/example_setup_teardown.py
[2023-11-22T19:31:05.130+0000] {processor.py:839} INFO - DAG(s) dict_keys(['example_setup_teardown']) retrieved from /home/airflow/.local/lib/python3.8/site-packages/airflow/example_dags/example_setup_teardown.py
[2023-11-22T19:31:05.154+0000] {logging_mixin.py:154} INFO - [2023-11-22T19:31:05.154+0000] {dag.py:2941} INFO - Sync 1 DAGs
[2023-11-22T19:31:05.173+0000] {logging_mixin.py:154} INFO - [2023-11-22T19:31:05.172+0000] {dag.py:3722} INFO - Setting next_dagrun for example_setup_teardown to 2023-11-21T19:31:05.172617+00:00, run_after=2023-11-22T19:31:05.172617+00:00
[2023-11-22T19:31:05.186+0000] {processor.py:179} INFO - Processing /home/airflow/.local/lib/python3.8/site-packages/airflow/example_dags/example_setup_teardown.py took 0.072 seconds
[2023-11-22T19:31:35.572+0000] {processor.py:157} INFO - Started process (PID=878) to work on /home/airflow/.local/lib/python3.8/site-packages/airflow/example_dags/example_setup_teardown.py
[2023-11-22T19:31:35.574+0000] {processor.py:829} INFO - Processing file /home/airflow/.local/lib/python3.8/site-packages/airflow/example_dags/example_setup_teardown.py for tasks to queue
[2023-11-22T19:31:35.575+0000] {logging_mixin.py:154} INFO - [2023-11-22T19:31:35.574+0000] {dagbag.py:536} INFO - Filling up the DagBag from /home/airflow/.local/lib/python3.8/site-packages/airflow/example_dags/example_setup_teardown.py
[2023-11-22T19:31:35.586+0000] {processor.py:839} INFO - DAG(s) dict_keys(['example_setup_teardown']) retrieved from /home/airflow/.local/lib/python3.8/site-packages/airflow/example_dags/example_setup_teardown.py
[2023-11-22T19:31:35.610+0000] {logging_mixin.py:154} INFO - [2023-11-22T19:31:35.610+0000] {dag.py:2941} INFO - Sync 1 DAGs
[2023-11-22T19:31:35.628+0000] {logging_mixin.py:154} INFO - [2023-11-22T19:31:35.628+0000] {dag.py:3722} INFO - Setting next_dagrun for example_setup_teardown to 2023-11-21T19:31:35.627924+00:00, run_after=2023-11-22T19:31:35.627924+00:00
[2023-11-22T19:31:35.641+0000] {processor.py:179} INFO - Processing /home/airflow/.local/lib/python3.8/site-packages/airflow/example_dags/example_setup_teardown.py took 0.075 seconds
[2023-11-22T19:32:05.841+0000] {processor.py:157} INFO - Started process (PID=1116) to work on /home/airflow/.local/lib/python3.8/site-packages/airflow/example_dags/example_setup_teardown.py
[2023-11-22T19:32:05.843+0000] {processor.py:829} INFO - Processing file /home/airflow/.local/lib/python3.8/site-packages/airflow/example_dags/example_setup_teardown.py for tasks to queue
[2023-11-22T19:32:05.844+0000] {logging_mixin.py:154} INFO - [2023-11-22T19:32:05.843+0000] {dagbag.py:536} INFO - Filling up the DagBag from /home/airflow/.local/lib/python3.8/site-packages/airflow/example_dags/example_setup_teardown.py
[2023-11-22T19:32:05.854+0000] {processor.py:839} INFO - DAG(s) dict_keys(['example_setup_teardown']) retrieved from /home/airflow/.local/lib/python3.8/site-packages/airflow/example_dags/example_setup_teardown.py
[2023-11-22T19:32:05.878+0000] {logging_mixin.py:154} INFO - [2023-11-22T19:32:05.878+0000] {dag.py:2941} INFO - Sync 1 DAGs
[2023-11-22T19:32:05.896+0000] {logging_mixin.py:154} INFO - [2023-11-22T19:32:05.895+0000] {dag.py:3722} INFO - Setting next_dagrun for example_setup_teardown to 2023-11-21T19:32:05.895656+00:00, run_after=2023-11-22T19:32:05.895656+00:00
[2023-11-22T19:32:05.913+0000] {processor.py:179} INFO - Processing /home/airflow/.local/lib/python3.8/site-packages/airflow/example_dags/example_setup_teardown.py took 0.076 seconds
[2023-11-22T19:32:36.044+0000] {processor.py:157} INFO - Started process (PID=1354) to work on /home/airflow/.local/lib/python3.8/site-packages/airflow/example_dags/example_setup_teardown.py
[2023-11-22T19:32:36.049+0000] {processor.py:829} INFO - Processing file /home/airflow/.local/lib/python3.8/site-packages/airflow/example_dags/example_setup_teardown.py for tasks to queue
[2023-11-22T19:32:36.057+0000] {logging_mixin.py:154} INFO - [2023-11-22T19:32:36.055+0000] {dagbag.py:536} INFO - Filling up the DagBag from /home/airflow/.local/lib/python3.8/site-packages/airflow/example_dags/example_setup_teardown.py
[2023-11-22T19:32:36.086+0000] {processor.py:839} INFO - DAG(s) dict_keys(['example_setup_teardown']) retrieved from /home/airflow/.local/lib/python3.8/site-packages/airflow/example_dags/example_setup_teardown.py
[2023-11-22T19:32:36.144+0000] {logging_mixin.py:154} INFO - [2023-11-22T19:32:36.143+0000] {dag.py:2941} INFO - Sync 1 DAGs
[2023-11-22T19:32:36.186+0000] {logging_mixin.py:154} INFO - [2023-11-22T19:32:36.186+0000] {dag.py:3722} INFO - Setting next_dagrun for example_setup_teardown to 2023-11-21T19:32:36.185637+00:00, run_after=2023-11-22T19:32:36.185637+00:00
[2023-11-22T19:32:36.212+0000] {processor.py:179} INFO - Processing /home/airflow/.local/lib/python3.8/site-packages/airflow/example_dags/example_setup_teardown.py took 0.181 seconds
[2023-11-22T19:33:06.657+0000] {processor.py:157} INFO - Started process (PID=1592) to work on /home/airflow/.local/lib/python3.8/site-packages/airflow/example_dags/example_setup_teardown.py
[2023-11-22T19:33:06.659+0000] {processor.py:829} INFO - Processing file /home/airflow/.local/lib/python3.8/site-packages/airflow/example_dags/example_setup_teardown.py for tasks to queue
[2023-11-22T19:33:06.660+0000] {logging_mixin.py:154} INFO - [2023-11-22T19:33:06.659+0000] {dagbag.py:536} INFO - Filling up the DagBag from /home/airflow/.local/lib/python3.8/site-packages/airflow/example_dags/example_setup_teardown.py
[2023-11-22T19:33:06.671+0000] {processor.py:839} INFO - DAG(s) dict_keys(['example_setup_teardown']) retrieved from /home/airflow/.local/lib/python3.8/site-packages/airflow/example_dags/example_setup_teardown.py
[2023-11-22T19:33:06.694+0000] {logging_mixin.py:154} INFO - [2023-11-22T19:33:06.694+0000] {dag.py:2941} INFO - Sync 1 DAGs
[2023-11-22T19:33:06.713+0000] {logging_mixin.py:154} INFO - [2023-11-22T19:33:06.713+0000] {dag.py:3722} INFO - Setting next_dagrun for example_setup_teardown to 2023-11-21T19:33:06.713048+00:00, run_after=2023-11-22T19:33:06.713048+00:00
[2023-11-22T19:33:06.727+0000] {processor.py:179} INFO - Processing /home/airflow/.local/lib/python3.8/site-packages/airflow/example_dags/example_setup_teardown.py took 0.075 seconds
[2023-11-22T19:33:37.053+0000] {processor.py:157} INFO - Started process (PID=1830) to work on /home/airflow/.local/lib/python3.8/site-packages/airflow/example_dags/example_setup_teardown.py
[2023-11-22T19:33:37.055+0000] {processor.py:829} INFO - Processing file /home/airflow/.local/lib/python3.8/site-packages/airflow/example_dags/example_setup_teardown.py for tasks to queue
[2023-11-22T19:33:37.056+0000] {logging_mixin.py:154} INFO - [2023-11-22T19:33:37.056+0000] {dagbag.py:536} INFO - Filling up the DagBag from /home/airflow/.local/lib/python3.8/site-packages/airflow/example_dags/example_setup_teardown.py
[2023-11-22T19:33:37.067+0000] {processor.py:839} INFO - DAG(s) dict_keys(['example_setup_teardown']) retrieved from /home/airflow/.local/lib/python3.8/site-packages/airflow/example_dags/example_setup_teardown.py
[2023-11-22T19:33:37.090+0000] {logging_mixin.py:154} INFO - [2023-11-22T19:33:37.090+0000] {dag.py:2941} INFO - Sync 1 DAGs
[2023-11-22T19:33:37.107+0000] {logging_mixin.py:154} INFO - [2023-11-22T19:33:37.107+0000] {dag.py:3722} INFO - Setting next_dagrun for example_setup_teardown to 2023-11-21T19:33:37.107277+00:00, run_after=2023-11-22T19:33:37.107277+00:00
[2023-11-22T19:33:37.120+0000] {processor.py:179} INFO - Processing /home/airflow/.local/lib/python3.8/site-packages/airflow/example_dags/example_setup_teardown.py took 0.073 seconds
[2023-11-22T19:34:07.699+0000] {processor.py:157} INFO - Started process (PID=2068) to work on /home/airflow/.local/lib/python3.8/site-packages/airflow/example_dags/example_setup_teardown.py
[2023-11-22T19:34:07.701+0000] {processor.py:829} INFO - Processing file /home/airflow/.local/lib/python3.8/site-packages/airflow/example_dags/example_setup_teardown.py for tasks to queue
[2023-11-22T19:34:07.702+0000] {logging_mixin.py:154} INFO - [2023-11-22T19:34:07.702+0000] {dagbag.py:536} INFO - Filling up the DagBag from /home/airflow/.local/lib/python3.8/site-packages/airflow/example_dags/example_setup_teardown.py
[2023-11-22T19:34:07.715+0000] {processor.py:839} INFO - DAG(s) dict_keys(['example_setup_teardown']) retrieved from /home/airflow/.local/lib/python3.8/site-packages/airflow/example_dags/example_setup_teardown.py
[2023-11-22T19:34:07.744+0000] {logging_mixin.py:154} INFO - [2023-11-22T19:34:07.744+0000] {dag.py:2941} INFO - Sync 1 DAGs
[2023-11-22T19:34:07.766+0000] {logging_mixin.py:154} INFO - [2023-11-22T19:34:07.766+0000] {dag.py:3722} INFO - Setting next_dagrun for example_setup_teardown to 2023-11-21T19:34:07.765734+00:00, run_after=2023-11-22T19:34:07.765734+00:00
[2023-11-22T19:34:07.782+0000] {processor.py:179} INFO - Processing /home/airflow/.local/lib/python3.8/site-packages/airflow/example_dags/example_setup_teardown.py took 0.090 seconds
[2023-11-22T19:34:38.302+0000] {processor.py:157} INFO - Started process (PID=2306) to work on /home/airflow/.local/lib/python3.8/site-packages/airflow/example_dags/example_setup_teardown.py
[2023-11-22T19:34:38.304+0000] {processor.py:829} INFO - Processing file /home/airflow/.local/lib/python3.8/site-packages/airflow/example_dags/example_setup_teardown.py for tasks to queue
[2023-11-22T19:34:38.305+0000] {logging_mixin.py:154} INFO - [2023-11-22T19:34:38.305+0000] {dagbag.py:536} INFO - Filling up the DagBag from /home/airflow/.local/lib/python3.8/site-packages/airflow/example_dags/example_setup_teardown.py
[2023-11-22T19:34:38.318+0000] {processor.py:839} INFO - DAG(s) dict_keys(['example_setup_teardown']) retrieved from /home/airflow/.local/lib/python3.8/site-packages/airflow/example_dags/example_setup_teardown.py
[2023-11-22T19:34:38.343+0000] {logging_mixin.py:154} INFO - [2023-11-22T19:34:38.343+0000] {dag.py:2941} INFO - Sync 1 DAGs
[2023-11-22T19:34:38.364+0000] {logging_mixin.py:154} INFO - [2023-11-22T19:34:38.363+0000] {dag.py:3722} INFO - Setting next_dagrun for example_setup_teardown to 2023-11-21T19:34:38.363618+00:00, run_after=2023-11-22T19:34:38.363618+00:00
[2023-11-22T19:34:38.377+0000] {processor.py:179} INFO - Processing /home/airflow/.local/lib/python3.8/site-packages/airflow/example_dags/example_setup_teardown.py took 0.081 seconds
[2023-11-22T19:35:08.568+0000] {processor.py:157} INFO - Started process (PID=2544) to work on /home/airflow/.local/lib/python3.8/site-packages/airflow/example_dags/example_setup_teardown.py
[2023-11-22T19:35:08.570+0000] {processor.py:829} INFO - Processing file /home/airflow/.local/lib/python3.8/site-packages/airflow/example_dags/example_setup_teardown.py for tasks to queue
[2023-11-22T19:35:08.571+0000] {logging_mixin.py:154} INFO - [2023-11-22T19:35:08.571+0000] {dagbag.py:536} INFO - Filling up the DagBag from /home/airflow/.local/lib/python3.8/site-packages/airflow/example_dags/example_setup_teardown.py
[2023-11-22T19:35:08.581+0000] {processor.py:839} INFO - DAG(s) dict_keys(['example_setup_teardown']) retrieved from /home/airflow/.local/lib/python3.8/site-packages/airflow/example_dags/example_setup_teardown.py
[2023-11-22T19:35:08.604+0000] {logging_mixin.py:154} INFO - [2023-11-22T19:35:08.604+0000] {dag.py:2941} INFO - Sync 1 DAGs
[2023-11-22T19:35:08.622+0000] {logging_mixin.py:154} INFO - [2023-11-22T19:35:08.622+0000] {dag.py:3722} INFO - Setting next_dagrun for example_setup_teardown to 2023-11-21T19:35:08.621877+00:00, run_after=2023-11-22T19:35:08.621877+00:00
[2023-11-22T19:35:08.636+0000] {processor.py:179} INFO - Processing /home/airflow/.local/lib/python3.8/site-packages/airflow/example_dags/example_setup_teardown.py took 0.073 seconds
[2023-11-22T19:35:39.005+0000] {processor.py:157} INFO - Started process (PID=2782) to work on /home/airflow/.local/lib/python3.8/site-packages/airflow/example_dags/example_setup_teardown.py
[2023-11-22T19:35:39.006+0000] {processor.py:829} INFO - Processing file /home/airflow/.local/lib/python3.8/site-packages/airflow/example_dags/example_setup_teardown.py for tasks to queue
[2023-11-22T19:35:39.007+0000] {logging_mixin.py:154} INFO - [2023-11-22T19:35:39.006+0000] {dagbag.py:536} INFO - Filling up the DagBag from /home/airflow/.local/lib/python3.8/site-packages/airflow/example_dags/example_setup_teardown.py
[2023-11-22T19:35:39.014+0000] {processor.py:839} INFO - DAG(s) dict_keys(['example_setup_teardown']) retrieved from /home/airflow/.local/lib/python3.8/site-packages/airflow/example_dags/example_setup_teardown.py
[2023-11-22T19:35:39.035+0000] {logging_mixin.py:154} INFO - [2023-11-22T19:35:39.035+0000] {dag.py:2941} INFO - Sync 1 DAGs
[2023-11-22T19:35:39.056+0000] {logging_mixin.py:154} INFO - [2023-11-22T19:35:39.056+0000] {dag.py:3722} INFO - Setting next_dagrun for example_setup_teardown to 2023-11-21T19:35:39.056391+00:00, run_after=2023-11-22T19:35:39.056391+00:00
[2023-11-22T19:35:39.070+0000] {processor.py:179} INFO - Processing /home/airflow/.local/lib/python3.8/site-packages/airflow/example_dags/example_setup_teardown.py took 0.069 seconds
[2023-11-22T19:36:09.512+0000] {processor.py:157} INFO - Started process (PID=3020) to work on /home/airflow/.local/lib/python3.8/site-packages/airflow/example_dags/example_setup_teardown.py
[2023-11-22T19:36:09.514+0000] {processor.py:829} INFO - Processing file /home/airflow/.local/lib/python3.8/site-packages/airflow/example_dags/example_setup_teardown.py for tasks to queue
[2023-11-22T19:36:09.515+0000] {logging_mixin.py:154} INFO - [2023-11-22T19:36:09.515+0000] {dagbag.py:536} INFO - Filling up the DagBag from /home/airflow/.local/lib/python3.8/site-packages/airflow/example_dags/example_setup_teardown.py
[2023-11-22T19:36:09.528+0000] {processor.py:839} INFO - DAG(s) dict_keys(['example_setup_teardown']) retrieved from /home/airflow/.local/lib/python3.8/site-packages/airflow/example_dags/example_setup_teardown.py
[2023-11-22T19:36:09.552+0000] {logging_mixin.py:154} INFO - [2023-11-22T19:36:09.552+0000] {dag.py:2941} INFO - Sync 1 DAGs
[2023-11-22T19:36:09.572+0000] {logging_mixin.py:154} INFO - [2023-11-22T19:36:09.572+0000] {dag.py:3722} INFO - Setting next_dagrun for example_setup_teardown to 2023-11-21T19:36:09.571861+00:00, run_after=2023-11-22T19:36:09.571861+00:00
[2023-11-22T19:36:09.585+0000] {processor.py:179} INFO - Processing /home/airflow/.local/lib/python3.8/site-packages/airflow/example_dags/example_setup_teardown.py took 0.079 seconds
[2023-11-22T19:36:39.942+0000] {processor.py:157} INFO - Started process (PID=3258) to work on /home/airflow/.local/lib/python3.8/site-packages/airflow/example_dags/example_setup_teardown.py
[2023-11-22T19:36:39.943+0000] {processor.py:829} INFO - Processing file /home/airflow/.local/lib/python3.8/site-packages/airflow/example_dags/example_setup_teardown.py for tasks to queue
[2023-11-22T19:36:39.945+0000] {logging_mixin.py:154} INFO - [2023-11-22T19:36:39.944+0000] {dagbag.py:536} INFO - Filling up the DagBag from /home/airflow/.local/lib/python3.8/site-packages/airflow/example_dags/example_setup_teardown.py
[2023-11-22T19:36:39.958+0000] {processor.py:839} INFO - DAG(s) dict_keys(['example_setup_teardown']) retrieved from /home/airflow/.local/lib/python3.8/site-packages/airflow/example_dags/example_setup_teardown.py
[2023-11-22T19:36:39.984+0000] {logging_mixin.py:154} INFO - [2023-11-22T19:36:39.983+0000] {dag.py:2941} INFO - Sync 1 DAGs
[2023-11-22T19:36:40.004+0000] {logging_mixin.py:154} INFO - [2023-11-22T19:36:40.004+0000] {dag.py:3722} INFO - Setting next_dagrun for example_setup_teardown to 2023-11-21T19:36:40.004128+00:00, run_after=2023-11-22T19:36:40.004128+00:00
[2023-11-22T19:36:40.018+0000] {processor.py:179} INFO - Processing /home/airflow/.local/lib/python3.8/site-packages/airflow/example_dags/example_setup_teardown.py took 0.084 seconds
[2023-11-22T19:37:10.069+0000] {processor.py:157} INFO - Started process (PID=3496) to work on /home/airflow/.local/lib/python3.8/site-packages/airflow/example_dags/example_setup_teardown.py
[2023-11-22T19:37:10.070+0000] {processor.py:829} INFO - Processing file /home/airflow/.local/lib/python3.8/site-packages/airflow/example_dags/example_setup_teardown.py for tasks to queue
[2023-11-22T19:37:10.072+0000] {logging_mixin.py:154} INFO - [2023-11-22T19:37:10.071+0000] {dagbag.py:536} INFO - Filling up the DagBag from /home/airflow/.local/lib/python3.8/site-packages/airflow/example_dags/example_setup_teardown.py
[2023-11-22T19:37:10.087+0000] {processor.py:839} INFO - DAG(s) dict_keys(['example_setup_teardown']) retrieved from /home/airflow/.local/lib/python3.8/site-packages/airflow/example_dags/example_setup_teardown.py
[2023-11-22T19:37:10.116+0000] {logging_mixin.py:154} INFO - [2023-11-22T19:37:10.116+0000] {dag.py:2941} INFO - Sync 1 DAGs
[2023-11-22T19:37:10.139+0000] {logging_mixin.py:154} INFO - [2023-11-22T19:37:10.139+0000] {dag.py:3722} INFO - Setting next_dagrun for example_setup_teardown to 2023-11-21T19:37:10.138969+00:00, run_after=2023-11-22T19:37:10.138969+00:00
[2023-11-22T19:37:10.154+0000] {processor.py:179} INFO - Processing /home/airflow/.local/lib/python3.8/site-packages/airflow/example_dags/example_setup_teardown.py took 0.091 seconds
[2023-11-22T19:37:40.345+0000] {processor.py:157} INFO - Started process (PID=3734) to work on /home/airflow/.local/lib/python3.8/site-packages/airflow/example_dags/example_setup_teardown.py
[2023-11-22T19:37:40.347+0000] {processor.py:829} INFO - Processing file /home/airflow/.local/lib/python3.8/site-packages/airflow/example_dags/example_setup_teardown.py for tasks to queue
[2023-11-22T19:37:40.348+0000] {logging_mixin.py:154} INFO - [2023-11-22T19:37:40.347+0000] {dagbag.py:536} INFO - Filling up the DagBag from /home/airflow/.local/lib/python3.8/site-packages/airflow/example_dags/example_setup_teardown.py
[2023-11-22T19:37:40.359+0000] {processor.py:839} INFO - DAG(s) dict_keys(['example_setup_teardown']) retrieved from /home/airflow/.local/lib/python3.8/site-packages/airflow/example_dags/example_setup_teardown.py
[2023-11-22T19:37:40.383+0000] {logging_mixin.py:154} INFO - [2023-11-22T19:37:40.383+0000] {dag.py:2941} INFO - Sync 1 DAGs
[2023-11-22T19:37:40.400+0000] {logging_mixin.py:154} INFO - [2023-11-22T19:37:40.400+0000] {dag.py:3722} INFO - Setting next_dagrun for example_setup_teardown to 2023-11-21T19:37:40.400268+00:00, run_after=2023-11-22T19:37:40.400268+00:00
[2023-11-22T19:37:40.413+0000] {processor.py:179} INFO - Processing /home/airflow/.local/lib/python3.8/site-packages/airflow/example_dags/example_setup_teardown.py took 0.074 seconds
[2023-11-22T19:38:10.581+0000] {processor.py:157} INFO - Started process (PID=3972) to work on /home/airflow/.local/lib/python3.8/site-packages/airflow/example_dags/example_setup_teardown.py
[2023-11-22T19:38:10.582+0000] {processor.py:829} INFO - Processing file /home/airflow/.local/lib/python3.8/site-packages/airflow/example_dags/example_setup_teardown.py for tasks to queue
[2023-11-22T19:38:10.584+0000] {logging_mixin.py:154} INFO - [2023-11-22T19:38:10.583+0000] {dagbag.py:536} INFO - Filling up the DagBag from /home/airflow/.local/lib/python3.8/site-packages/airflow/example_dags/example_setup_teardown.py
[2023-11-22T19:38:10.596+0000] {processor.py:839} INFO - DAG(s) dict_keys(['example_setup_teardown']) retrieved from /home/airflow/.local/lib/python3.8/site-packages/airflow/example_dags/example_setup_teardown.py
[2023-11-22T19:38:10.619+0000] {logging_mixin.py:154} INFO - [2023-11-22T19:38:10.619+0000] {dag.py:2941} INFO - Sync 1 DAGs
[2023-11-22T19:38:10.636+0000] {logging_mixin.py:154} INFO - [2023-11-22T19:38:10.636+0000] {dag.py:3722} INFO - Setting next_dagrun for example_setup_teardown to 2023-11-21T19:38:10.636473+00:00, run_after=2023-11-22T19:38:10.636473+00:00
[2023-11-22T19:38:10.650+0000] {processor.py:179} INFO - Processing /home/airflow/.local/lib/python3.8/site-packages/airflow/example_dags/example_setup_teardown.py took 0.075 seconds
[2023-11-22T19:38:40.995+0000] {processor.py:157} INFO - Started process (PID=4209) to work on /home/airflow/.local/lib/python3.8/site-packages/airflow/example_dags/example_setup_teardown.py
[2023-11-22T19:38:40.997+0000] {processor.py:829} INFO - Processing file /home/airflow/.local/lib/python3.8/site-packages/airflow/example_dags/example_setup_teardown.py for tasks to queue
[2023-11-22T19:38:40.998+0000] {logging_mixin.py:154} INFO - [2023-11-22T19:38:40.998+0000] {dagbag.py:536} INFO - Filling up the DagBag from /home/airflow/.local/lib/python3.8/site-packages/airflow/example_dags/example_setup_teardown.py
[2023-11-22T19:38:41.009+0000] {processor.py:839} INFO - DAG(s) dict_keys(['example_setup_teardown']) retrieved from /home/airflow/.local/lib/python3.8/site-packages/airflow/example_dags/example_setup_teardown.py
[2023-11-22T19:38:41.033+0000] {logging_mixin.py:154} INFO - [2023-11-22T19:38:41.032+0000] {dag.py:2941} INFO - Sync 1 DAGs
[2023-11-22T19:38:41.049+0000] {logging_mixin.py:154} INFO - [2023-11-22T19:38:41.049+0000] {dag.py:3722} INFO - Setting next_dagrun for example_setup_teardown to 2023-11-21T19:38:41.049479+00:00, run_after=2023-11-22T19:38:41.049479+00:00
[2023-11-22T19:38:41.062+0000] {processor.py:179} INFO - Processing /home/airflow/.local/lib/python3.8/site-packages/airflow/example_dags/example_setup_teardown.py took 0.073 seconds
[2023-11-22T19:39:11.647+0000] {processor.py:157} INFO - Started process (PID=4447) to work on /home/airflow/.local/lib/python3.8/site-packages/airflow/example_dags/example_setup_teardown.py
[2023-11-22T19:39:11.648+0000] {processor.py:829} INFO - Processing file /home/airflow/.local/lib/python3.8/site-packages/airflow/example_dags/example_setup_teardown.py for tasks to queue
[2023-11-22T19:39:11.649+0000] {logging_mixin.py:154} INFO - [2023-11-22T19:39:11.649+0000] {dagbag.py:536} INFO - Filling up the DagBag from /home/airflow/.local/lib/python3.8/site-packages/airflow/example_dags/example_setup_teardown.py
[2023-11-22T19:39:11.658+0000] {processor.py:839} INFO - DAG(s) dict_keys(['example_setup_teardown']) retrieved from /home/airflow/.local/lib/python3.8/site-packages/airflow/example_dags/example_setup_teardown.py
[2023-11-22T19:39:11.680+0000] {logging_mixin.py:154} INFO - [2023-11-22T19:39:11.679+0000] {dag.py:2941} INFO - Sync 1 DAGs
[2023-11-22T19:39:11.696+0000] {logging_mixin.py:154} INFO - [2023-11-22T19:39:11.696+0000] {dag.py:3722} INFO - Setting next_dagrun for example_setup_teardown to 2023-11-21T19:39:11.695916+00:00, run_after=2023-11-22T19:39:11.695916+00:00
[2023-11-22T19:39:11.709+0000] {processor.py:179} INFO - Processing /home/airflow/.local/lib/python3.8/site-packages/airflow/example_dags/example_setup_teardown.py took 0.067 seconds
[2023-11-22T19:39:42.040+0000] {processor.py:157} INFO - Started process (PID=4685) to work on /home/airflow/.local/lib/python3.8/site-packages/airflow/example_dags/example_setup_teardown.py
[2023-11-22T19:39:42.042+0000] {processor.py:829} INFO - Processing file /home/airflow/.local/lib/python3.8/site-packages/airflow/example_dags/example_setup_teardown.py for tasks to queue
[2023-11-22T19:39:42.043+0000] {logging_mixin.py:154} INFO - [2023-11-22T19:39:42.043+0000] {dagbag.py:536} INFO - Filling up the DagBag from /home/airflow/.local/lib/python3.8/site-packages/airflow/example_dags/example_setup_teardown.py
[2023-11-22T19:39:42.052+0000] {processor.py:839} INFO - DAG(s) dict_keys(['example_setup_teardown']) retrieved from /home/airflow/.local/lib/python3.8/site-packages/airflow/example_dags/example_setup_teardown.py
[2023-11-22T19:39:42.075+0000] {logging_mixin.py:154} INFO - [2023-11-22T19:39:42.075+0000] {dag.py:2941} INFO - Sync 1 DAGs
[2023-11-22T19:39:42.092+0000] {logging_mixin.py:154} INFO - [2023-11-22T19:39:42.091+0000] {dag.py:3722} INFO - Setting next_dagrun for example_setup_teardown to 2023-11-21T19:39:42.091602+00:00, run_after=2023-11-22T19:39:42.091602+00:00
[2023-11-22T19:39:42.104+0000] {processor.py:179} INFO - Processing /home/airflow/.local/lib/python3.8/site-packages/airflow/example_dags/example_setup_teardown.py took 0.069 seconds
[2023-11-22T19:40:12.571+0000] {processor.py:157} INFO - Started process (PID=4923) to work on /home/airflow/.local/lib/python3.8/site-packages/airflow/example_dags/example_setup_teardown.py
[2023-11-22T19:40:12.572+0000] {processor.py:829} INFO - Processing file /home/airflow/.local/lib/python3.8/site-packages/airflow/example_dags/example_setup_teardown.py for tasks to queue
[2023-11-22T19:40:12.574+0000] {logging_mixin.py:154} INFO - [2023-11-22T19:40:12.573+0000] {dagbag.py:536} INFO - Filling up the DagBag from /home/airflow/.local/lib/python3.8/site-packages/airflow/example_dags/example_setup_teardown.py
[2023-11-22T19:40:12.585+0000] {processor.py:839} INFO - DAG(s) dict_keys(['example_setup_teardown']) retrieved from /home/airflow/.local/lib/python3.8/site-packages/airflow/example_dags/example_setup_teardown.py
[2023-11-22T19:40:12.610+0000] {logging_mixin.py:154} INFO - [2023-11-22T19:40:12.610+0000] {dag.py:2941} INFO - Sync 1 DAGs
[2023-11-22T19:40:12.628+0000] {logging_mixin.py:154} INFO - [2023-11-22T19:40:12.628+0000] {dag.py:3722} INFO - Setting next_dagrun for example_setup_teardown to 2023-11-21T19:40:12.628515+00:00, run_after=2023-11-22T19:40:12.628515+00:00
[2023-11-22T19:40:12.642+0000] {processor.py:179} INFO - Processing /home/airflow/.local/lib/python3.8/site-packages/airflow/example_dags/example_setup_teardown.py took 0.076 seconds
[2023-11-22T19:40:43.037+0000] {processor.py:157} INFO - Started process (PID=5161) to work on /home/airflow/.local/lib/python3.8/site-packages/airflow/example_dags/example_setup_teardown.py
[2023-11-22T19:40:43.038+0000] {processor.py:829} INFO - Processing file /home/airflow/.local/lib/python3.8/site-packages/airflow/example_dags/example_setup_teardown.py for tasks to queue
[2023-11-22T19:40:43.040+0000] {logging_mixin.py:154} INFO - [2023-11-22T19:40:43.039+0000] {dagbag.py:536} INFO - Filling up the DagBag from /home/airflow/.local/lib/python3.8/site-packages/airflow/example_dags/example_setup_teardown.py
[2023-11-22T19:40:43.049+0000] {processor.py:839} INFO - DAG(s) dict_keys(['example_setup_teardown']) retrieved from /home/airflow/.local/lib/python3.8/site-packages/airflow/example_dags/example_setup_teardown.py
[2023-11-22T19:40:43.071+0000] {logging_mixin.py:154} INFO - [2023-11-22T19:40:43.071+0000] {dag.py:2941} INFO - Sync 1 DAGs
[2023-11-22T19:40:43.088+0000] {logging_mixin.py:154} INFO - [2023-11-22T19:40:43.088+0000] {dag.py:3722} INFO - Setting next_dagrun for example_setup_teardown to 2023-11-21T19:40:43.088037+00:00, run_after=2023-11-22T19:40:43.088037+00:00
[2023-11-22T19:40:43.101+0000] {processor.py:179} INFO - Processing /home/airflow/.local/lib/python3.8/site-packages/airflow/example_dags/example_setup_teardown.py took 0.069 seconds
[2023-11-22T19:41:13.697+0000] {processor.py:157} INFO - Started process (PID=5399) to work on /home/airflow/.local/lib/python3.8/site-packages/airflow/example_dags/example_setup_teardown.py
[2023-11-22T19:41:13.698+0000] {processor.py:829} INFO - Processing file /home/airflow/.local/lib/python3.8/site-packages/airflow/example_dags/example_setup_teardown.py for tasks to queue
[2023-11-22T19:41:13.699+0000] {logging_mixin.py:154} INFO - [2023-11-22T19:41:13.699+0000] {dagbag.py:536} INFO - Filling up the DagBag from /home/airflow/.local/lib/python3.8/site-packages/airflow/example_dags/example_setup_teardown.py
[2023-11-22T19:41:13.711+0000] {processor.py:839} INFO - DAG(s) dict_keys(['example_setup_teardown']) retrieved from /home/airflow/.local/lib/python3.8/site-packages/airflow/example_dags/example_setup_teardown.py
[2023-11-22T19:41:13.735+0000] {logging_mixin.py:154} INFO - [2023-11-22T19:41:13.735+0000] {dag.py:2941} INFO - Sync 1 DAGs
[2023-11-22T19:41:13.755+0000] {logging_mixin.py:154} INFO - [2023-11-22T19:41:13.755+0000] {dag.py:3722} INFO - Setting next_dagrun for example_setup_teardown to 2023-11-21T19:41:13.755148+00:00, run_after=2023-11-22T19:41:13.755148+00:00
[2023-11-22T19:41:13.769+0000] {processor.py:179} INFO - Processing /home/airflow/.local/lib/python3.8/site-packages/airflow/example_dags/example_setup_teardown.py took 0.078 seconds
[2023-11-22T19:41:44.180+0000] {processor.py:157} INFO - Started process (PID=5637) to work on /home/airflow/.local/lib/python3.8/site-packages/airflow/example_dags/example_setup_teardown.py
[2023-11-22T19:41:44.181+0000] {processor.py:829} INFO - Processing file /home/airflow/.local/lib/python3.8/site-packages/airflow/example_dags/example_setup_teardown.py for tasks to queue
[2023-11-22T19:41:44.182+0000] {logging_mixin.py:154} INFO - [2023-11-22T19:41:44.182+0000] {dagbag.py:536} INFO - Filling up the DagBag from /home/airflow/.local/lib/python3.8/site-packages/airflow/example_dags/example_setup_teardown.py
[2023-11-22T19:41:44.193+0000] {processor.py:839} INFO - DAG(s) dict_keys(['example_setup_teardown']) retrieved from /home/airflow/.local/lib/python3.8/site-packages/airflow/example_dags/example_setup_teardown.py
[2023-11-22T19:41:44.217+0000] {logging_mixin.py:154} INFO - [2023-11-22T19:41:44.216+0000] {dag.py:2941} INFO - Sync 1 DAGs
[2023-11-22T19:41:44.237+0000] {logging_mixin.py:154} INFO - [2023-11-22T19:41:44.237+0000] {dag.py:3722} INFO - Setting next_dagrun for example_setup_teardown to 2023-11-21T19:41:44.236764+00:00, run_after=2023-11-22T19:41:44.236764+00:00
[2023-11-22T19:41:44.250+0000] {processor.py:179} INFO - Processing /home/airflow/.local/lib/python3.8/site-packages/airflow/example_dags/example_setup_teardown.py took 0.076 seconds
[2023-11-22T19:42:14.626+0000] {processor.py:157} INFO - Started process (PID=5874) to work on /home/airflow/.local/lib/python3.8/site-packages/airflow/example_dags/example_setup_teardown.py
[2023-11-22T19:42:14.628+0000] {processor.py:829} INFO - Processing file /home/airflow/.local/lib/python3.8/site-packages/airflow/example_dags/example_setup_teardown.py for tasks to queue
[2023-11-22T19:42:14.629+0000] {logging_mixin.py:154} INFO - [2023-11-22T19:42:14.628+0000] {dagbag.py:536} INFO - Filling up the DagBag from /home/airflow/.local/lib/python3.8/site-packages/airflow/example_dags/example_setup_teardown.py
[2023-11-22T19:42:14.639+0000] {processor.py:839} INFO - DAG(s) dict_keys(['example_setup_teardown']) retrieved from /home/airflow/.local/lib/python3.8/site-packages/airflow/example_dags/example_setup_teardown.py
[2023-11-22T19:42:14.662+0000] {logging_mixin.py:154} INFO - [2023-11-22T19:42:14.662+0000] {dag.py:2941} INFO - Sync 1 DAGs
[2023-11-22T19:42:14.679+0000] {logging_mixin.py:154} INFO - [2023-11-22T19:42:14.679+0000] {dag.py:3722} INFO - Setting next_dagrun for example_setup_teardown to 2023-11-21T19:42:14.678788+00:00, run_after=2023-11-22T19:42:14.678788+00:00
[2023-11-22T19:42:14.691+0000] {processor.py:179} INFO - Processing /home/airflow/.local/lib/python3.8/site-packages/airflow/example_dags/example_setup_teardown.py took 0.071 seconds
[2023-11-22T19:42:45.019+0000] {processor.py:157} INFO - Started process (PID=6112) to work on /home/airflow/.local/lib/python3.8/site-packages/airflow/example_dags/example_setup_teardown.py
[2023-11-22T19:42:45.021+0000] {processor.py:829} INFO - Processing file /home/airflow/.local/lib/python3.8/site-packages/airflow/example_dags/example_setup_teardown.py for tasks to queue
[2023-11-22T19:42:45.022+0000] {logging_mixin.py:154} INFO - [2023-11-22T19:42:45.022+0000] {dagbag.py:536} INFO - Filling up the DagBag from /home/airflow/.local/lib/python3.8/site-packages/airflow/example_dags/example_setup_teardown.py
[2023-11-22T19:42:45.031+0000] {processor.py:839} INFO - DAG(s) dict_keys(['example_setup_teardown']) retrieved from /home/airflow/.local/lib/python3.8/site-packages/airflow/example_dags/example_setup_teardown.py
[2023-11-22T19:42:45.054+0000] {logging_mixin.py:154} INFO - [2023-11-22T19:42:45.054+0000] {dag.py:2941} INFO - Sync 1 DAGs
[2023-11-22T19:42:45.071+0000] {logging_mixin.py:154} INFO - [2023-11-22T19:42:45.071+0000] {dag.py:3722} INFO - Setting next_dagrun for example_setup_teardown to 2023-11-21T19:42:45.071237+00:00, run_after=2023-11-22T19:42:45.071237+00:00
[2023-11-22T19:42:45.084+0000] {processor.py:179} INFO - Processing /home/airflow/.local/lib/python3.8/site-packages/airflow/example_dags/example_setup_teardown.py took 0.069 seconds
[2023-11-22T19:43:15.429+0000] {processor.py:157} INFO - Started process (PID=6350) to work on /home/airflow/.local/lib/python3.8/site-packages/airflow/example_dags/example_setup_teardown.py
[2023-11-22T19:43:15.430+0000] {processor.py:829} INFO - Processing file /home/airflow/.local/lib/python3.8/site-packages/airflow/example_dags/example_setup_teardown.py for tasks to queue
[2023-11-22T19:43:15.432+0000] {logging_mixin.py:154} INFO - [2023-11-22T19:43:15.431+0000] {dagbag.py:536} INFO - Filling up the DagBag from /home/airflow/.local/lib/python3.8/site-packages/airflow/example_dags/example_setup_teardown.py
[2023-11-22T19:43:15.441+0000] {processor.py:839} INFO - DAG(s) dict_keys(['example_setup_teardown']) retrieved from /home/airflow/.local/lib/python3.8/site-packages/airflow/example_dags/example_setup_teardown.py
[2023-11-22T19:43:15.463+0000] {logging_mixin.py:154} INFO - [2023-11-22T19:43:15.463+0000] {dag.py:2941} INFO - Sync 1 DAGs
[2023-11-22T19:43:15.480+0000] {logging_mixin.py:154} INFO - [2023-11-22T19:43:15.480+0000] {dag.py:3722} INFO - Setting next_dagrun for example_setup_teardown to 2023-11-21T19:43:15.480153+00:00, run_after=2023-11-22T19:43:15.480153+00:00
[2023-11-22T19:43:15.494+0000] {processor.py:179} INFO - Processing /home/airflow/.local/lib/python3.8/site-packages/airflow/example_dags/example_setup_teardown.py took 0.069 seconds
[2023-11-22T19:43:45.891+0000] {processor.py:157} INFO - Started process (PID=6588) to work on /home/airflow/.local/lib/python3.8/site-packages/airflow/example_dags/example_setup_teardown.py
[2023-11-22T19:43:45.893+0000] {processor.py:829} INFO - Processing file /home/airflow/.local/lib/python3.8/site-packages/airflow/example_dags/example_setup_teardown.py for tasks to queue
[2023-11-22T19:43:45.894+0000] {logging_mixin.py:154} INFO - [2023-11-22T19:43:45.893+0000] {dagbag.py:536} INFO - Filling up the DagBag from /home/airflow/.local/lib/python3.8/site-packages/airflow/example_dags/example_setup_teardown.py
[2023-11-22T19:43:45.903+0000] {processor.py:839} INFO - DAG(s) dict_keys(['example_setup_teardown']) retrieved from /home/airflow/.local/lib/python3.8/site-packages/airflow/example_dags/example_setup_teardown.py
[2023-11-22T19:43:45.928+0000] {logging_mixin.py:154} INFO - [2023-11-22T19:43:45.928+0000] {dag.py:2941} INFO - Sync 1 DAGs
[2023-11-22T19:43:45.947+0000] {logging_mixin.py:154} INFO - [2023-11-22T19:43:45.946+0000] {dag.py:3722} INFO - Setting next_dagrun for example_setup_teardown to 2023-11-21T19:43:45.946621+00:00, run_after=2023-11-22T19:43:45.946621+00:00
[2023-11-22T19:43:45.961+0000] {processor.py:179} INFO - Processing /home/airflow/.local/lib/python3.8/site-packages/airflow/example_dags/example_setup_teardown.py took 0.074 seconds
[2023-11-22T19:44:16.408+0000] {processor.py:157} INFO - Started process (PID=6826) to work on /home/airflow/.local/lib/python3.8/site-packages/airflow/example_dags/example_setup_teardown.py
[2023-11-22T19:44:16.409+0000] {processor.py:829} INFO - Processing file /home/airflow/.local/lib/python3.8/site-packages/airflow/example_dags/example_setup_teardown.py for tasks to queue
[2023-11-22T19:44:16.410+0000] {logging_mixin.py:154} INFO - [2023-11-22T19:44:16.410+0000] {dagbag.py:536} INFO - Filling up the DagBag from /home/airflow/.local/lib/python3.8/site-packages/airflow/example_dags/example_setup_teardown.py
[2023-11-22T19:44:16.421+0000] {processor.py:839} INFO - DAG(s) dict_keys(['example_setup_teardown']) retrieved from /home/airflow/.local/lib/python3.8/site-packages/airflow/example_dags/example_setup_teardown.py
[2023-11-22T19:44:16.444+0000] {logging_mixin.py:154} INFO - [2023-11-22T19:44:16.444+0000] {dag.py:2941} INFO - Sync 1 DAGs
[2023-11-22T19:44:16.461+0000] {logging_mixin.py:154} INFO - [2023-11-22T19:44:16.461+0000] {dag.py:3722} INFO - Setting next_dagrun for example_setup_teardown to 2023-11-21T19:44:16.460968+00:00, run_after=2023-11-22T19:44:16.460968+00:00
[2023-11-22T19:44:16.473+0000] {processor.py:179} INFO - Processing /home/airflow/.local/lib/python3.8/site-packages/airflow/example_dags/example_setup_teardown.py took 0.071 seconds
[2023-11-22T19:44:46.810+0000] {processor.py:157} INFO - Started process (PID=7064) to work on /home/airflow/.local/lib/python3.8/site-packages/airflow/example_dags/example_setup_teardown.py
[2023-11-22T19:44:46.812+0000] {processor.py:829} INFO - Processing file /home/airflow/.local/lib/python3.8/site-packages/airflow/example_dags/example_setup_teardown.py for tasks to queue
[2023-11-22T19:44:46.813+0000] {logging_mixin.py:154} INFO - [2023-11-22T19:44:46.812+0000] {dagbag.py:536} INFO - Filling up the DagBag from /home/airflow/.local/lib/python3.8/site-packages/airflow/example_dags/example_setup_teardown.py
[2023-11-22T19:44:46.822+0000] {processor.py:839} INFO - DAG(s) dict_keys(['example_setup_teardown']) retrieved from /home/airflow/.local/lib/python3.8/site-packages/airflow/example_dags/example_setup_teardown.py
[2023-11-22T19:44:46.845+0000] {logging_mixin.py:154} INFO - [2023-11-22T19:44:46.844+0000] {dag.py:2941} INFO - Sync 1 DAGs
[2023-11-22T19:44:46.861+0000] {logging_mixin.py:154} INFO - [2023-11-22T19:44:46.861+0000] {dag.py:3722} INFO - Setting next_dagrun for example_setup_teardown to 2023-11-21T19:44:46.861409+00:00, run_after=2023-11-22T19:44:46.861409+00:00
[2023-11-22T19:44:46.874+0000] {processor.py:179} INFO - Processing /home/airflow/.local/lib/python3.8/site-packages/airflow/example_dags/example_setup_teardown.py took 0.069 seconds
[2023-11-22T19:45:17.287+0000] {processor.py:157} INFO - Started process (PID=7302) to work on /home/airflow/.local/lib/python3.8/site-packages/airflow/example_dags/example_setup_teardown.py
[2023-11-22T19:45:17.288+0000] {processor.py:829} INFO - Processing file /home/airflow/.local/lib/python3.8/site-packages/airflow/example_dags/example_setup_teardown.py for tasks to queue
[2023-11-22T19:45:17.289+0000] {logging_mixin.py:154} INFO - [2023-11-22T19:45:17.288+0000] {dagbag.py:536} INFO - Filling up the DagBag from /home/airflow/.local/lib/python3.8/site-packages/airflow/example_dags/example_setup_teardown.py
[2023-11-22T19:45:17.295+0000] {processor.py:839} INFO - DAG(s) dict_keys(['example_setup_teardown']) retrieved from /home/airflow/.local/lib/python3.8/site-packages/airflow/example_dags/example_setup_teardown.py
[2023-11-22T19:45:17.316+0000] {logging_mixin.py:154} INFO - [2023-11-22T19:45:17.316+0000] {dag.py:2941} INFO - Sync 1 DAGs
[2023-11-22T19:45:17.333+0000] {logging_mixin.py:154} INFO - [2023-11-22T19:45:17.333+0000] {dag.py:3722} INFO - Setting next_dagrun for example_setup_teardown to 2023-11-21T19:45:17.333088+00:00, run_after=2023-11-22T19:45:17.333088+00:00
[2023-11-22T19:45:17.346+0000] {processor.py:179} INFO - Processing /home/airflow/.local/lib/python3.8/site-packages/airflow/example_dags/example_setup_teardown.py took 0.062 seconds
[2023-11-22T19:45:47.707+0000] {processor.py:157} INFO - Started process (PID=7540) to work on /home/airflow/.local/lib/python3.8/site-packages/airflow/example_dags/example_setup_teardown.py
[2023-11-22T19:45:47.708+0000] {processor.py:829} INFO - Processing file /home/airflow/.local/lib/python3.8/site-packages/airflow/example_dags/example_setup_teardown.py for tasks to queue
[2023-11-22T19:45:47.710+0000] {logging_mixin.py:154} INFO - [2023-11-22T19:45:47.709+0000] {dagbag.py:536} INFO - Filling up the DagBag from /home/airflow/.local/lib/python3.8/site-packages/airflow/example_dags/example_setup_teardown.py
[2023-11-22T19:45:47.719+0000] {processor.py:839} INFO - DAG(s) dict_keys(['example_setup_teardown']) retrieved from /home/airflow/.local/lib/python3.8/site-packages/airflow/example_dags/example_setup_teardown.py
[2023-11-22T19:45:47.742+0000] {logging_mixin.py:154} INFO - [2023-11-22T19:45:47.742+0000] {dag.py:2941} INFO - Sync 1 DAGs
[2023-11-22T19:45:47.758+0000] {logging_mixin.py:154} INFO - [2023-11-22T19:45:47.758+0000] {dag.py:3722} INFO - Setting next_dagrun for example_setup_teardown to 2023-11-21T19:45:47.758585+00:00, run_after=2023-11-22T19:45:47.758585+00:00
[2023-11-22T19:45:47.771+0000] {processor.py:179} INFO - Processing /home/airflow/.local/lib/python3.8/site-packages/airflow/example_dags/example_setup_teardown.py took 0.069 seconds
[2023-11-22T19:46:18.197+0000] {processor.py:157} INFO - Started process (PID=7778) to work on /home/airflow/.local/lib/python3.8/site-packages/airflow/example_dags/example_setup_teardown.py
[2023-11-22T19:46:18.198+0000] {processor.py:829} INFO - Processing file /home/airflow/.local/lib/python3.8/site-packages/airflow/example_dags/example_setup_teardown.py for tasks to queue
[2023-11-22T19:46:18.199+0000] {logging_mixin.py:154} INFO - [2023-11-22T19:46:18.199+0000] {dagbag.py:536} INFO - Filling up the DagBag from /home/airflow/.local/lib/python3.8/site-packages/airflow/example_dags/example_setup_teardown.py
[2023-11-22T19:46:18.206+0000] {processor.py:839} INFO - DAG(s) dict_keys(['example_setup_teardown']) retrieved from /home/airflow/.local/lib/python3.8/site-packages/airflow/example_dags/example_setup_teardown.py
[2023-11-22T19:46:18.227+0000] {logging_mixin.py:154} INFO - [2023-11-22T19:46:18.227+0000] {dag.py:2941} INFO - Sync 1 DAGs
[2023-11-22T19:46:18.244+0000] {logging_mixin.py:154} INFO - [2023-11-22T19:46:18.244+0000] {dag.py:3722} INFO - Setting next_dagrun for example_setup_teardown to 2023-11-21T19:46:18.243936+00:00, run_after=2023-11-22T19:46:18.243936+00:00
[2023-11-22T19:46:18.259+0000] {processor.py:179} INFO - Processing /home/airflow/.local/lib/python3.8/site-packages/airflow/example_dags/example_setup_teardown.py took 0.064 seconds
[2023-11-22T19:46:48.621+0000] {processor.py:157} INFO - Started process (PID=8016) to work on /home/airflow/.local/lib/python3.8/site-packages/airflow/example_dags/example_setup_teardown.py
[2023-11-22T19:46:48.622+0000] {processor.py:829} INFO - Processing file /home/airflow/.local/lib/python3.8/site-packages/airflow/example_dags/example_setup_teardown.py for tasks to queue
[2023-11-22T19:46:48.623+0000] {logging_mixin.py:154} INFO - [2023-11-22T19:46:48.622+0000] {dagbag.py:536} INFO - Filling up the DagBag from /home/airflow/.local/lib/python3.8/site-packages/airflow/example_dags/example_setup_teardown.py
[2023-11-22T19:46:48.630+0000] {processor.py:839} INFO - DAG(s) dict_keys(['example_setup_teardown']) retrieved from /home/airflow/.local/lib/python3.8/site-packages/airflow/example_dags/example_setup_teardown.py
[2023-11-22T19:46:48.657+0000] {logging_mixin.py:154} INFO - [2023-11-22T19:46:48.657+0000] {dag.py:2941} INFO - Sync 1 DAGs
[2023-11-22T19:46:48.683+0000] {logging_mixin.py:154} INFO - [2023-11-22T19:46:48.683+0000] {dag.py:3722} INFO - Setting next_dagrun for example_setup_teardown to 2023-11-21T19:46:48.683277+00:00, run_after=2023-11-22T19:46:48.683277+00:00
[2023-11-22T19:46:48.701+0000] {processor.py:179} INFO - Processing /home/airflow/.local/lib/python3.8/site-packages/airflow/example_dags/example_setup_teardown.py took 0.083 seconds
[2023-11-22T19:47:19.065+0000] {processor.py:157} INFO - Started process (PID=8254) to work on /home/airflow/.local/lib/python3.8/site-packages/airflow/example_dags/example_setup_teardown.py
[2023-11-22T19:47:19.066+0000] {processor.py:829} INFO - Processing file /home/airflow/.local/lib/python3.8/site-packages/airflow/example_dags/example_setup_teardown.py for tasks to queue
[2023-11-22T19:47:19.067+0000] {logging_mixin.py:154} INFO - [2023-11-22T19:47:19.067+0000] {dagbag.py:536} INFO - Filling up the DagBag from /home/airflow/.local/lib/python3.8/site-packages/airflow/example_dags/example_setup_teardown.py
[2023-11-22T19:47:19.074+0000] {processor.py:839} INFO - DAG(s) dict_keys(['example_setup_teardown']) retrieved from /home/airflow/.local/lib/python3.8/site-packages/airflow/example_dags/example_setup_teardown.py
[2023-11-22T19:47:19.096+0000] {logging_mixin.py:154} INFO - [2023-11-22T19:47:19.095+0000] {dag.py:2941} INFO - Sync 1 DAGs
[2023-11-22T19:47:19.113+0000] {logging_mixin.py:154} INFO - [2023-11-22T19:47:19.113+0000] {dag.py:3722} INFO - Setting next_dagrun for example_setup_teardown to 2023-11-21T19:47:19.113402+00:00, run_after=2023-11-22T19:47:19.113402+00:00
[2023-11-22T19:47:19.132+0000] {processor.py:179} INFO - Processing /home/airflow/.local/lib/python3.8/site-packages/airflow/example_dags/example_setup_teardown.py took 0.070 seconds
[2023-11-22T19:47:49.556+0000] {processor.py:157} INFO - Started process (PID=8491) to work on /home/airflow/.local/lib/python3.8/site-packages/airflow/example_dags/example_setup_teardown.py
[2023-11-22T19:47:49.558+0000] {processor.py:829} INFO - Processing file /home/airflow/.local/lib/python3.8/site-packages/airflow/example_dags/example_setup_teardown.py for tasks to queue
[2023-11-22T19:47:49.560+0000] {logging_mixin.py:154} INFO - [2023-11-22T19:47:49.559+0000] {dagbag.py:536} INFO - Filling up the DagBag from /home/airflow/.local/lib/python3.8/site-packages/airflow/example_dags/example_setup_teardown.py
[2023-11-22T19:47:49.572+0000] {processor.py:839} INFO - DAG(s) dict_keys(['example_setup_teardown']) retrieved from /home/airflow/.local/lib/python3.8/site-packages/airflow/example_dags/example_setup_teardown.py
[2023-11-22T19:47:49.599+0000] {logging_mixin.py:154} INFO - [2023-11-22T19:47:49.599+0000] {dag.py:2941} INFO - Sync 1 DAGs
[2023-11-22T19:47:49.620+0000] {logging_mixin.py:154} INFO - [2023-11-22T19:47:49.619+0000] {dag.py:3722} INFO - Setting next_dagrun for example_setup_teardown to 2023-11-21T19:47:49.619629+00:00, run_after=2023-11-22T19:47:49.619629+00:00
[2023-11-22T19:47:49.633+0000] {processor.py:179} INFO - Processing /home/airflow/.local/lib/python3.8/site-packages/airflow/example_dags/example_setup_teardown.py took 0.084 seconds
[2023-11-22T19:48:19.678+0000] {processor.py:157} INFO - Started process (PID=8729) to work on /home/airflow/.local/lib/python3.8/site-packages/airflow/example_dags/example_setup_teardown.py
[2023-11-22T19:48:19.679+0000] {processor.py:829} INFO - Processing file /home/airflow/.local/lib/python3.8/site-packages/airflow/example_dags/example_setup_teardown.py for tasks to queue
[2023-11-22T19:48:19.680+0000] {logging_mixin.py:154} INFO - [2023-11-22T19:48:19.680+0000] {dagbag.py:536} INFO - Filling up the DagBag from /home/airflow/.local/lib/python3.8/site-packages/airflow/example_dags/example_setup_teardown.py
[2023-11-22T19:48:19.688+0000] {processor.py:839} INFO - DAG(s) dict_keys(['example_setup_teardown']) retrieved from /home/airflow/.local/lib/python3.8/site-packages/airflow/example_dags/example_setup_teardown.py
[2023-11-22T19:48:19.710+0000] {logging_mixin.py:154} INFO - [2023-11-22T19:48:19.710+0000] {dag.py:2941} INFO - Sync 1 DAGs
[2023-11-22T19:48:19.726+0000] {logging_mixin.py:154} INFO - [2023-11-22T19:48:19.726+0000] {dag.py:3722} INFO - Setting next_dagrun for example_setup_teardown to 2023-11-21T19:48:19.726431+00:00, run_after=2023-11-22T19:48:19.726431+00:00
[2023-11-22T19:48:19.739+0000] {processor.py:179} INFO - Processing /home/airflow/.local/lib/python3.8/site-packages/airflow/example_dags/example_setup_teardown.py took 0.065 seconds
[2023-11-22T19:48:50.006+0000] {processor.py:157} INFO - Started process (PID=8967) to work on /home/airflow/.local/lib/python3.8/site-packages/airflow/example_dags/example_setup_teardown.py
[2023-11-22T19:48:50.007+0000] {processor.py:829} INFO - Processing file /home/airflow/.local/lib/python3.8/site-packages/airflow/example_dags/example_setup_teardown.py for tasks to queue
[2023-11-22T19:48:50.008+0000] {logging_mixin.py:154} INFO - [2023-11-22T19:48:50.008+0000] {dagbag.py:536} INFO - Filling up the DagBag from /home/airflow/.local/lib/python3.8/site-packages/airflow/example_dags/example_setup_teardown.py
[2023-11-22T19:48:50.017+0000] {processor.py:839} INFO - DAG(s) dict_keys(['example_setup_teardown']) retrieved from /home/airflow/.local/lib/python3.8/site-packages/airflow/example_dags/example_setup_teardown.py
[2023-11-22T19:48:50.041+0000] {logging_mixin.py:154} INFO - [2023-11-22T19:48:50.040+0000] {dag.py:2941} INFO - Sync 1 DAGs
[2023-11-22T19:48:50.059+0000] {logging_mixin.py:154} INFO - [2023-11-22T19:48:50.059+0000] {dag.py:3722} INFO - Setting next_dagrun for example_setup_teardown to 2023-11-21T19:48:50.058883+00:00, run_after=2023-11-22T19:48:50.058883+00:00
[2023-11-22T19:48:50.072+0000] {processor.py:179} INFO - Processing /home/airflow/.local/lib/python3.8/site-packages/airflow/example_dags/example_setup_teardown.py took 0.071 seconds
[2023-11-22T19:49:20.998+0000] {processor.py:157} INFO - Started process (PID=9205) to work on /home/airflow/.local/lib/python3.8/site-packages/airflow/example_dags/example_setup_teardown.py
[2023-11-22T19:49:20.999+0000] {processor.py:829} INFO - Processing file /home/airflow/.local/lib/python3.8/site-packages/airflow/example_dags/example_setup_teardown.py for tasks to queue
[2023-11-22T19:49:21.000+0000] {logging_mixin.py:154} INFO - [2023-11-22T19:49:21.000+0000] {dagbag.py:536} INFO - Filling up the DagBag from /home/airflow/.local/lib/python3.8/site-packages/airflow/example_dags/example_setup_teardown.py
[2023-11-22T19:49:21.009+0000] {processor.py:839} INFO - DAG(s) dict_keys(['example_setup_teardown']) retrieved from /home/airflow/.local/lib/python3.8/site-packages/airflow/example_dags/example_setup_teardown.py
[2023-11-22T19:49:21.034+0000] {logging_mixin.py:154} INFO - [2023-11-22T19:49:21.034+0000] {dag.py:2941} INFO - Sync 1 DAGs
[2023-11-22T19:49:21.192+0000] {logging_mixin.py:154} INFO - [2023-11-22T19:49:21.192+0000] {dag.py:3722} INFO - Setting next_dagrun for example_setup_teardown to 2023-11-21T19:49:21.192187+00:00, run_after=2023-11-22T19:49:21.192187+00:00
[2023-11-22T19:49:21.205+0000] {processor.py:179} INFO - Processing /home/airflow/.local/lib/python3.8/site-packages/airflow/example_dags/example_setup_teardown.py took 0.212 seconds
[2023-11-22T19:49:51.842+0000] {processor.py:157} INFO - Started process (PID=9450) to work on /home/airflow/.local/lib/python3.8/site-packages/airflow/example_dags/example_setup_teardown.py
[2023-11-22T19:49:51.843+0000] {processor.py:829} INFO - Processing file /home/airflow/.local/lib/python3.8/site-packages/airflow/example_dags/example_setup_teardown.py for tasks to queue
[2023-11-22T19:49:51.845+0000] {logging_mixin.py:154} INFO - [2023-11-22T19:49:51.844+0000] {dagbag.py:536} INFO - Filling up the DagBag from /home/airflow/.local/lib/python3.8/site-packages/airflow/example_dags/example_setup_teardown.py
[2023-11-22T19:49:51.854+0000] {processor.py:839} INFO - DAG(s) dict_keys(['example_setup_teardown']) retrieved from /home/airflow/.local/lib/python3.8/site-packages/airflow/example_dags/example_setup_teardown.py
[2023-11-22T19:49:51.876+0000] {logging_mixin.py:154} INFO - [2023-11-22T19:49:51.876+0000] {dag.py:2941} INFO - Sync 1 DAGs
[2023-11-22T19:49:51.892+0000] {logging_mixin.py:154} INFO - [2023-11-22T19:49:51.892+0000] {dag.py:3722} INFO - Setting next_dagrun for example_setup_teardown to 2023-11-21T19:49:51.892375+00:00, run_after=2023-11-22T19:49:51.892375+00:00
[2023-11-22T19:49:52.030+0000] {processor.py:179} INFO - Processing /home/airflow/.local/lib/python3.8/site-packages/airflow/example_dags/example_setup_teardown.py took 0.192 seconds
[2023-11-22T19:50:22.187+0000] {processor.py:157} INFO - Started process (PID=9688) to work on /home/airflow/.local/lib/python3.8/site-packages/airflow/example_dags/example_setup_teardown.py
[2023-11-22T19:50:22.188+0000] {processor.py:829} INFO - Processing file /home/airflow/.local/lib/python3.8/site-packages/airflow/example_dags/example_setup_teardown.py for tasks to queue
[2023-11-22T19:50:22.189+0000] {logging_mixin.py:154} INFO - [2023-11-22T19:50:22.189+0000] {dagbag.py:536} INFO - Filling up the DagBag from /home/airflow/.local/lib/python3.8/site-packages/airflow/example_dags/example_setup_teardown.py
[2023-11-22T19:50:22.198+0000] {processor.py:839} INFO - DAG(s) dict_keys(['example_setup_teardown']) retrieved from /home/airflow/.local/lib/python3.8/site-packages/airflow/example_dags/example_setup_teardown.py
[2023-11-22T19:50:22.220+0000] {logging_mixin.py:154} INFO - [2023-11-22T19:50:22.220+0000] {dag.py:2941} INFO - Sync 1 DAGs
[2023-11-22T19:50:22.237+0000] {logging_mixin.py:154} INFO - [2023-11-22T19:50:22.237+0000] {dag.py:3722} INFO - Setting next_dagrun for example_setup_teardown to 2023-11-21T19:50:22.237136+00:00, run_after=2023-11-22T19:50:22.237136+00:00
[2023-11-22T19:50:22.251+0000] {processor.py:179} INFO - Processing /home/airflow/.local/lib/python3.8/site-packages/airflow/example_dags/example_setup_teardown.py took 0.069 seconds
[2023-11-22T19:50:52.552+0000] {processor.py:157} INFO - Started process (PID=9926) to work on /home/airflow/.local/lib/python3.8/site-packages/airflow/example_dags/example_setup_teardown.py
[2023-11-22T19:50:52.553+0000] {processor.py:829} INFO - Processing file /home/airflow/.local/lib/python3.8/site-packages/airflow/example_dags/example_setup_teardown.py for tasks to queue
[2023-11-22T19:50:52.554+0000] {logging_mixin.py:154} INFO - [2023-11-22T19:50:52.554+0000] {dagbag.py:536} INFO - Filling up the DagBag from /home/airflow/.local/lib/python3.8/site-packages/airflow/example_dags/example_setup_teardown.py
[2023-11-22T19:50:52.563+0000] {processor.py:839} INFO - DAG(s) dict_keys(['example_setup_teardown']) retrieved from /home/airflow/.local/lib/python3.8/site-packages/airflow/example_dags/example_setup_teardown.py
[2023-11-22T19:50:52.586+0000] {logging_mixin.py:154} INFO - [2023-11-22T19:50:52.586+0000] {dag.py:2941} INFO - Sync 1 DAGs
[2023-11-22T19:50:52.602+0000] {logging_mixin.py:154} INFO - [2023-11-22T19:50:52.602+0000] {dag.py:3722} INFO - Setting next_dagrun for example_setup_teardown to 2023-11-21T19:50:52.602521+00:00, run_after=2023-11-22T19:50:52.602521+00:00
[2023-11-22T19:50:52.615+0000] {processor.py:179} INFO - Processing /home/airflow/.local/lib/python3.8/site-packages/airflow/example_dags/example_setup_teardown.py took 0.068 seconds
[2023-11-22T19:51:23.024+0000] {processor.py:157} INFO - Started process (PID=10164) to work on /home/airflow/.local/lib/python3.8/site-packages/airflow/example_dags/example_setup_teardown.py
[2023-11-22T19:51:23.026+0000] {processor.py:829} INFO - Processing file /home/airflow/.local/lib/python3.8/site-packages/airflow/example_dags/example_setup_teardown.py for tasks to queue
[2023-11-22T19:51:23.027+0000] {logging_mixin.py:154} INFO - [2023-11-22T19:51:23.026+0000] {dagbag.py:536} INFO - Filling up the DagBag from /home/airflow/.local/lib/python3.8/site-packages/airflow/example_dags/example_setup_teardown.py
[2023-11-22T19:51:23.036+0000] {processor.py:839} INFO - DAG(s) dict_keys(['example_setup_teardown']) retrieved from /home/airflow/.local/lib/python3.8/site-packages/airflow/example_dags/example_setup_teardown.py
[2023-11-22T19:51:23.059+0000] {logging_mixin.py:154} INFO - [2023-11-22T19:51:23.058+0000] {dag.py:2941} INFO - Sync 1 DAGs
[2023-11-22T19:51:23.075+0000] {logging_mixin.py:154} INFO - [2023-11-22T19:51:23.075+0000] {dag.py:3722} INFO - Setting next_dagrun for example_setup_teardown to 2023-11-21T19:51:23.075312+00:00, run_after=2023-11-22T19:51:23.075312+00:00
[2023-11-22T19:51:23.087+0000] {processor.py:179} INFO - Processing /home/airflow/.local/lib/python3.8/site-packages/airflow/example_dags/example_setup_teardown.py took 0.068 seconds
[2023-11-22T19:51:53.133+0000] {processor.py:157} INFO - Started process (PID=10402) to work on /home/airflow/.local/lib/python3.8/site-packages/airflow/example_dags/example_setup_teardown.py
[2023-11-22T19:51:53.134+0000] {processor.py:829} INFO - Processing file /home/airflow/.local/lib/python3.8/site-packages/airflow/example_dags/example_setup_teardown.py for tasks to queue
[2023-11-22T19:51:53.136+0000] {logging_mixin.py:154} INFO - [2023-11-22T19:51:53.135+0000] {dagbag.py:536} INFO - Filling up the DagBag from /home/airflow/.local/lib/python3.8/site-packages/airflow/example_dags/example_setup_teardown.py
[2023-11-22T19:51:53.144+0000] {processor.py:839} INFO - DAG(s) dict_keys(['example_setup_teardown']) retrieved from /home/airflow/.local/lib/python3.8/site-packages/airflow/example_dags/example_setup_teardown.py
[2023-11-22T19:51:53.167+0000] {logging_mixin.py:154} INFO - [2023-11-22T19:51:53.166+0000] {dag.py:2941} INFO - Sync 1 DAGs
[2023-11-22T19:51:53.292+0000] {logging_mixin.py:154} INFO - [2023-11-22T19:51:53.292+0000] {dag.py:3722} INFO - Setting next_dagrun for example_setup_teardown to 2023-11-21T19:51:53.291893+00:00, run_after=2023-11-22T19:51:53.291893+00:00
[2023-11-22T19:51:53.303+0000] {processor.py:179} INFO - Processing /home/airflow/.local/lib/python3.8/site-packages/airflow/example_dags/example_setup_teardown.py took 0.175 seconds
[2023-11-22T19:52:23.921+0000] {processor.py:157} INFO - Started process (PID=10641) to work on /home/airflow/.local/lib/python3.8/site-packages/airflow/example_dags/example_setup_teardown.py
[2023-11-22T19:52:23.923+0000] {processor.py:829} INFO - Processing file /home/airflow/.local/lib/python3.8/site-packages/airflow/example_dags/example_setup_teardown.py for tasks to queue
[2023-11-22T19:52:23.924+0000] {logging_mixin.py:154} INFO - [2023-11-22T19:52:23.923+0000] {dagbag.py:536} INFO - Filling up the DagBag from /home/airflow/.local/lib/python3.8/site-packages/airflow/example_dags/example_setup_teardown.py
[2023-11-22T19:52:23.933+0000] {processor.py:839} INFO - DAG(s) dict_keys(['example_setup_teardown']) retrieved from /home/airflow/.local/lib/python3.8/site-packages/airflow/example_dags/example_setup_teardown.py
[2023-11-22T19:52:23.956+0000] {logging_mixin.py:154} INFO - [2023-11-22T19:52:23.955+0000] {dag.py:2941} INFO - Sync 1 DAGs
[2023-11-22T19:52:23.974+0000] {logging_mixin.py:154} INFO - [2023-11-22T19:52:23.974+0000] {dag.py:3722} INFO - Setting next_dagrun for example_setup_teardown to 2023-11-21T19:52:23.974363+00:00, run_after=2023-11-22T19:52:23.974363+00:00
[2023-11-22T19:52:23.987+0000] {processor.py:179} INFO - Processing /home/airflow/.local/lib/python3.8/site-packages/airflow/example_dags/example_setup_teardown.py took 0.072 seconds
[2023-11-22T19:52:54.413+0000] {processor.py:157} INFO - Started process (PID=10879) to work on /home/airflow/.local/lib/python3.8/site-packages/airflow/example_dags/example_setup_teardown.py
[2023-11-22T19:52:54.414+0000] {processor.py:829} INFO - Processing file /home/airflow/.local/lib/python3.8/site-packages/airflow/example_dags/example_setup_teardown.py for tasks to queue
[2023-11-22T19:52:54.415+0000] {logging_mixin.py:154} INFO - [2023-11-22T19:52:54.415+0000] {dagbag.py:536} INFO - Filling up the DagBag from /home/airflow/.local/lib/python3.8/site-packages/airflow/example_dags/example_setup_teardown.py
[2023-11-22T19:52:54.423+0000] {processor.py:839} INFO - DAG(s) dict_keys(['example_setup_teardown']) retrieved from /home/airflow/.local/lib/python3.8/site-packages/airflow/example_dags/example_setup_teardown.py
[2023-11-22T19:52:54.444+0000] {logging_mixin.py:154} INFO - [2023-11-22T19:52:54.444+0000] {dag.py:2941} INFO - Sync 1 DAGs
[2023-11-22T19:52:54.461+0000] {logging_mixin.py:154} INFO - [2023-11-22T19:52:54.461+0000] {dag.py:3722} INFO - Setting next_dagrun for example_setup_teardown to 2023-11-21T19:52:54.461221+00:00, run_after=2023-11-22T19:52:54.461221+00:00
[2023-11-22T19:52:54.475+0000] {processor.py:179} INFO - Processing /home/airflow/.local/lib/python3.8/site-packages/airflow/example_dags/example_setup_teardown.py took 0.066 seconds
[2023-11-22T19:53:24.911+0000] {processor.py:157} INFO - Started process (PID=11117) to work on /home/airflow/.local/lib/python3.8/site-packages/airflow/example_dags/example_setup_teardown.py
[2023-11-22T19:53:24.912+0000] {processor.py:829} INFO - Processing file /home/airflow/.local/lib/python3.8/site-packages/airflow/example_dags/example_setup_teardown.py for tasks to queue
[2023-11-22T19:53:24.914+0000] {logging_mixin.py:154} INFO - [2023-11-22T19:53:24.913+0000] {dagbag.py:536} INFO - Filling up the DagBag from /home/airflow/.local/lib/python3.8/site-packages/airflow/example_dags/example_setup_teardown.py
[2023-11-22T19:53:24.922+0000] {processor.py:839} INFO - DAG(s) dict_keys(['example_setup_teardown']) retrieved from /home/airflow/.local/lib/python3.8/site-packages/airflow/example_dags/example_setup_teardown.py
[2023-11-22T19:53:24.944+0000] {logging_mixin.py:154} INFO - [2023-11-22T19:53:24.944+0000] {dag.py:2941} INFO - Sync 1 DAGs
[2023-11-22T19:53:24.961+0000] {logging_mixin.py:154} INFO - [2023-11-22T19:53:24.961+0000] {dag.py:3722} INFO - Setting next_dagrun for example_setup_teardown to 2023-11-21T19:53:24.961141+00:00, run_after=2023-11-22T19:53:24.961141+00:00
[2023-11-22T19:53:24.973+0000] {processor.py:179} INFO - Processing /home/airflow/.local/lib/python3.8/site-packages/airflow/example_dags/example_setup_teardown.py took 0.067 seconds
[2023-11-22T19:53:55.257+0000] {processor.py:157} INFO - Started process (PID=11355) to work on /home/airflow/.local/lib/python3.8/site-packages/airflow/example_dags/example_setup_teardown.py
[2023-11-22T19:53:55.259+0000] {processor.py:829} INFO - Processing file /home/airflow/.local/lib/python3.8/site-packages/airflow/example_dags/example_setup_teardown.py for tasks to queue
[2023-11-22T19:53:55.260+0000] {logging_mixin.py:154} INFO - [2023-11-22T19:53:55.260+0000] {dagbag.py:536} INFO - Filling up the DagBag from /home/airflow/.local/lib/python3.8/site-packages/airflow/example_dags/example_setup_teardown.py
[2023-11-22T19:53:55.281+0000] {processor.py:839} INFO - DAG(s) dict_keys(['example_setup_teardown']) retrieved from /home/airflow/.local/lib/python3.8/site-packages/airflow/example_dags/example_setup_teardown.py
[2023-11-22T19:53:55.315+0000] {logging_mixin.py:154} INFO - [2023-11-22T19:53:55.315+0000] {dag.py:2941} INFO - Sync 1 DAGs
[2023-11-22T19:53:55.339+0000] {logging_mixin.py:154} INFO - [2023-11-22T19:53:55.339+0000] {dag.py:3722} INFO - Setting next_dagrun for example_setup_teardown to 2023-11-21T19:53:55.339120+00:00, run_after=2023-11-22T19:53:55.339120+00:00
[2023-11-22T19:53:55.365+0000] {processor.py:179} INFO - Processing /home/airflow/.local/lib/python3.8/site-packages/airflow/example_dags/example_setup_teardown.py took 0.114 seconds
[2023-11-22T20:36:13.234+0000] {processor.py:157} INFO - Started process (PID=11593) to work on /home/airflow/.local/lib/python3.8/site-packages/airflow/example_dags/example_setup_teardown.py
[2023-11-22T20:36:13.236+0000] {processor.py:829} INFO - Processing file /home/airflow/.local/lib/python3.8/site-packages/airflow/example_dags/example_setup_teardown.py for tasks to queue
[2023-11-22T20:36:13.237+0000] {logging_mixin.py:154} INFO - [2023-11-22T20:36:13.237+0000] {dagbag.py:536} INFO - Filling up the DagBag from /home/airflow/.local/lib/python3.8/site-packages/airflow/example_dags/example_setup_teardown.py
[2023-11-22T20:36:13.250+0000] {processor.py:839} INFO - DAG(s) dict_keys(['example_setup_teardown']) retrieved from /home/airflow/.local/lib/python3.8/site-packages/airflow/example_dags/example_setup_teardown.py
[2023-11-22T20:36:13.277+0000] {logging_mixin.py:154} INFO - [2023-11-22T20:36:13.277+0000] {dag.py:2941} INFO - Sync 1 DAGs
[2023-11-22T20:36:13.298+0000] {logging_mixin.py:154} INFO - [2023-11-22T20:36:13.298+0000] {dag.py:3722} INFO - Setting next_dagrun for example_setup_teardown to 2023-11-21T20:36:13.298290+00:00, run_after=2023-11-22T20:36:13.298290+00:00
[2023-11-22T20:36:13.312+0000] {processor.py:179} INFO - Processing /home/airflow/.local/lib/python3.8/site-packages/airflow/example_dags/example_setup_teardown.py took 0.082 seconds
[2023-11-22T21:01:31.914+0000] {processor.py:157} INFO - Started process (PID=11832) to work on /home/airflow/.local/lib/python3.8/site-packages/airflow/example_dags/example_setup_teardown.py
[2023-11-22T21:01:31.918+0000] {processor.py:829} INFO - Processing file /home/airflow/.local/lib/python3.8/site-packages/airflow/example_dags/example_setup_teardown.py for tasks to queue
[2023-11-22T21:01:31.928+0000] {logging_mixin.py:154} INFO - [2023-11-22T21:01:31.927+0000] {dagbag.py:536} INFO - Filling up the DagBag from /home/airflow/.local/lib/python3.8/site-packages/airflow/example_dags/example_setup_teardown.py
[2023-11-22T21:01:31.973+0000] {processor.py:839} INFO - DAG(s) dict_keys(['example_setup_teardown']) retrieved from /home/airflow/.local/lib/python3.8/site-packages/airflow/example_dags/example_setup_teardown.py
[2023-11-22T21:01:32.093+0000] {logging_mixin.py:154} INFO - [2023-11-22T21:01:32.093+0000] {dag.py:2941} INFO - Sync 1 DAGs
[2023-11-22T21:01:32.176+0000] {logging_mixin.py:154} INFO - [2023-11-22T21:01:32.176+0000] {dag.py:3722} INFO - Setting next_dagrun for example_setup_teardown to 2023-11-21T21:01:32.175564+00:00, run_after=2023-11-22T21:01:32.175564+00:00
[2023-11-22T21:01:32.225+0000] {processor.py:179} INFO - Processing /home/airflow/.local/lib/python3.8/site-packages/airflow/example_dags/example_setup_teardown.py took 0.320 seconds
[2023-11-22T21:02:02.460+0000] {processor.py:157} INFO - Started process (PID=12072) to work on /home/airflow/.local/lib/python3.8/site-packages/airflow/example_dags/example_setup_teardown.py
[2023-11-22T21:02:02.461+0000] {processor.py:829} INFO - Processing file /home/airflow/.local/lib/python3.8/site-packages/airflow/example_dags/example_setup_teardown.py for tasks to queue
[2023-11-22T21:02:02.463+0000] {logging_mixin.py:154} INFO - [2023-11-22T21:02:02.462+0000] {dagbag.py:536} INFO - Filling up the DagBag from /home/airflow/.local/lib/python3.8/site-packages/airflow/example_dags/example_setup_teardown.py
[2023-11-22T21:02:02.476+0000] {processor.py:839} INFO - DAG(s) dict_keys(['example_setup_teardown']) retrieved from /home/airflow/.local/lib/python3.8/site-packages/airflow/example_dags/example_setup_teardown.py
[2023-11-22T21:02:02.503+0000] {logging_mixin.py:154} INFO - [2023-11-22T21:02:02.503+0000] {dag.py:2941} INFO - Sync 1 DAGs
[2023-11-22T21:02:02.525+0000] {logging_mixin.py:154} INFO - [2023-11-22T21:02:02.525+0000] {dag.py:3722} INFO - Setting next_dagrun for example_setup_teardown to 2023-11-21T21:02:02.524962+00:00, run_after=2023-11-22T21:02:02.524962+00:00
[2023-11-22T21:02:02.538+0000] {processor.py:179} INFO - Processing /home/airflow/.local/lib/python3.8/site-packages/airflow/example_dags/example_setup_teardown.py took 0.085 seconds
[2023-11-22T21:02:32.661+0000] {processor.py:157} INFO - Started process (PID=12310) to work on /home/airflow/.local/lib/python3.8/site-packages/airflow/example_dags/example_setup_teardown.py
[2023-11-22T21:02:32.663+0000] {processor.py:829} INFO - Processing file /home/airflow/.local/lib/python3.8/site-packages/airflow/example_dags/example_setup_teardown.py for tasks to queue
[2023-11-22T21:02:32.664+0000] {logging_mixin.py:154} INFO - [2023-11-22T21:02:32.663+0000] {dagbag.py:536} INFO - Filling up the DagBag from /home/airflow/.local/lib/python3.8/site-packages/airflow/example_dags/example_setup_teardown.py
[2023-11-22T21:02:32.671+0000] {processor.py:839} INFO - DAG(s) dict_keys(['example_setup_teardown']) retrieved from /home/airflow/.local/lib/python3.8/site-packages/airflow/example_dags/example_setup_teardown.py
[2023-11-22T21:02:32.699+0000] {logging_mixin.py:154} INFO - [2023-11-22T21:02:32.699+0000] {dag.py:2941} INFO - Sync 1 DAGs
[2023-11-22T21:02:32.720+0000] {logging_mixin.py:154} INFO - [2023-11-22T21:02:32.720+0000] {dag.py:3722} INFO - Setting next_dagrun for example_setup_teardown to 2023-11-21T21:02:32.720518+00:00, run_after=2023-11-22T21:02:32.720518+00:00
[2023-11-22T21:02:32.738+0000] {processor.py:179} INFO - Processing /home/airflow/.local/lib/python3.8/site-packages/airflow/example_dags/example_setup_teardown.py took 0.080 seconds
[2023-11-22T21:03:03.264+0000] {processor.py:157} INFO - Started process (PID=12548) to work on /home/airflow/.local/lib/python3.8/site-packages/airflow/example_dags/example_setup_teardown.py
[2023-11-22T21:03:03.265+0000] {processor.py:829} INFO - Processing file /home/airflow/.local/lib/python3.8/site-packages/airflow/example_dags/example_setup_teardown.py for tasks to queue
[2023-11-22T21:03:03.265+0000] {logging_mixin.py:154} INFO - [2023-11-22T21:03:03.265+0000] {dagbag.py:536} INFO - Filling up the DagBag from /home/airflow/.local/lib/python3.8/site-packages/airflow/example_dags/example_setup_teardown.py
[2023-11-22T21:03:03.273+0000] {processor.py:839} INFO - DAG(s) dict_keys(['example_setup_teardown']) retrieved from /home/airflow/.local/lib/python3.8/site-packages/airflow/example_dags/example_setup_teardown.py
[2023-11-22T21:03:03.294+0000] {logging_mixin.py:154} INFO - [2023-11-22T21:03:03.294+0000] {dag.py:2941} INFO - Sync 1 DAGs
[2023-11-22T21:03:03.311+0000] {logging_mixin.py:154} INFO - [2023-11-22T21:03:03.311+0000] {dag.py:3722} INFO - Setting next_dagrun for example_setup_teardown to 2023-11-21T21:03:03.311055+00:00, run_after=2023-11-22T21:03:03.311055+00:00
[2023-11-22T21:03:03.323+0000] {processor.py:179} INFO - Processing /home/airflow/.local/lib/python3.8/site-packages/airflow/example_dags/example_setup_teardown.py took 0.063 seconds
[2023-11-22T21:03:33.843+0000] {processor.py:157} INFO - Started process (PID=12786) to work on /home/airflow/.local/lib/python3.8/site-packages/airflow/example_dags/example_setup_teardown.py
[2023-11-22T21:03:33.845+0000] {processor.py:829} INFO - Processing file /home/airflow/.local/lib/python3.8/site-packages/airflow/example_dags/example_setup_teardown.py for tasks to queue
[2023-11-22T21:03:33.846+0000] {logging_mixin.py:154} INFO - [2023-11-22T21:03:33.845+0000] {dagbag.py:536} INFO - Filling up the DagBag from /home/airflow/.local/lib/python3.8/site-packages/airflow/example_dags/example_setup_teardown.py
[2023-11-22T21:03:33.856+0000] {processor.py:839} INFO - DAG(s) dict_keys(['example_setup_teardown']) retrieved from /home/airflow/.local/lib/python3.8/site-packages/airflow/example_dags/example_setup_teardown.py
[2023-11-22T21:03:33.881+0000] {logging_mixin.py:154} INFO - [2023-11-22T21:03:33.880+0000] {dag.py:2941} INFO - Sync 1 DAGs
[2023-11-22T21:03:33.901+0000] {logging_mixin.py:154} INFO - [2023-11-22T21:03:33.901+0000] {dag.py:3722} INFO - Setting next_dagrun for example_setup_teardown to 2023-11-21T21:03:33.901170+00:00, run_after=2023-11-22T21:03:33.901170+00:00
[2023-11-22T21:03:33.914+0000] {processor.py:179} INFO - Processing /home/airflow/.local/lib/python3.8/site-packages/airflow/example_dags/example_setup_teardown.py took 0.076 seconds
[2023-11-22T21:04:04.517+0000] {processor.py:157} INFO - Started process (PID=13024) to work on /home/airflow/.local/lib/python3.8/site-packages/airflow/example_dags/example_setup_teardown.py
[2023-11-22T21:04:04.518+0000] {processor.py:829} INFO - Processing file /home/airflow/.local/lib/python3.8/site-packages/airflow/example_dags/example_setup_teardown.py for tasks to queue
[2023-11-22T21:04:04.519+0000] {logging_mixin.py:154} INFO - [2023-11-22T21:04:04.519+0000] {dagbag.py:536} INFO - Filling up the DagBag from /home/airflow/.local/lib/python3.8/site-packages/airflow/example_dags/example_setup_teardown.py
[2023-11-22T21:04:04.530+0000] {processor.py:839} INFO - DAG(s) dict_keys(['example_setup_teardown']) retrieved from /home/airflow/.local/lib/python3.8/site-packages/airflow/example_dags/example_setup_teardown.py
[2023-11-22T21:04:04.561+0000] {logging_mixin.py:154} INFO - [2023-11-22T21:04:04.561+0000] {dag.py:2941} INFO - Sync 1 DAGs
[2023-11-22T21:04:04.585+0000] {logging_mixin.py:154} INFO - [2023-11-22T21:04:04.585+0000] {dag.py:3722} INFO - Setting next_dagrun for example_setup_teardown to 2023-11-21T21:04:04.584775+00:00, run_after=2023-11-22T21:04:04.584775+00:00
[2023-11-22T21:04:04.601+0000] {processor.py:179} INFO - Processing /home/airflow/.local/lib/python3.8/site-packages/airflow/example_dags/example_setup_teardown.py took 0.088 seconds
[2023-11-22T21:04:35.157+0000] {processor.py:157} INFO - Started process (PID=13262) to work on /home/airflow/.local/lib/python3.8/site-packages/airflow/example_dags/example_setup_teardown.py
[2023-11-22T21:04:35.158+0000] {processor.py:829} INFO - Processing file /home/airflow/.local/lib/python3.8/site-packages/airflow/example_dags/example_setup_teardown.py for tasks to queue
[2023-11-22T21:04:35.160+0000] {logging_mixin.py:154} INFO - [2023-11-22T21:04:35.160+0000] {dagbag.py:536} INFO - Filling up the DagBag from /home/airflow/.local/lib/python3.8/site-packages/airflow/example_dags/example_setup_teardown.py
[2023-11-22T21:04:35.176+0000] {processor.py:839} INFO - DAG(s) dict_keys(['example_setup_teardown']) retrieved from /home/airflow/.local/lib/python3.8/site-packages/airflow/example_dags/example_setup_teardown.py
[2023-11-22T21:04:35.202+0000] {logging_mixin.py:154} INFO - [2023-11-22T21:04:35.202+0000] {dag.py:2941} INFO - Sync 1 DAGs
[2023-11-22T21:04:35.223+0000] {logging_mixin.py:154} INFO - [2023-11-22T21:04:35.223+0000] {dag.py:3722} INFO - Setting next_dagrun for example_setup_teardown to 2023-11-21T21:04:35.222844+00:00, run_after=2023-11-22T21:04:35.222844+00:00
[2023-11-22T21:04:35.238+0000] {processor.py:179} INFO - Processing /home/airflow/.local/lib/python3.8/site-packages/airflow/example_dags/example_setup_teardown.py took 0.087 seconds
[2023-11-22T21:05:05.626+0000] {processor.py:157} INFO - Started process (PID=13500) to work on /home/airflow/.local/lib/python3.8/site-packages/airflow/example_dags/example_setup_teardown.py
[2023-11-22T21:05:05.628+0000] {processor.py:829} INFO - Processing file /home/airflow/.local/lib/python3.8/site-packages/airflow/example_dags/example_setup_teardown.py for tasks to queue
[2023-11-22T21:05:05.629+0000] {logging_mixin.py:154} INFO - [2023-11-22T21:05:05.629+0000] {dagbag.py:536} INFO - Filling up the DagBag from /home/airflow/.local/lib/python3.8/site-packages/airflow/example_dags/example_setup_teardown.py
[2023-11-22T21:05:05.639+0000] {processor.py:839} INFO - DAG(s) dict_keys(['example_setup_teardown']) retrieved from /home/airflow/.local/lib/python3.8/site-packages/airflow/example_dags/example_setup_teardown.py
[2023-11-22T21:05:05.662+0000] {logging_mixin.py:154} INFO - [2023-11-22T21:05:05.662+0000] {dag.py:2941} INFO - Sync 1 DAGs
[2023-11-22T21:05:05.679+0000] {logging_mixin.py:154} INFO - [2023-11-22T21:05:05.679+0000] {dag.py:3722} INFO - Setting next_dagrun for example_setup_teardown to 2023-11-21T21:05:05.678976+00:00, run_after=2023-11-22T21:05:05.678976+00:00
[2023-11-22T21:05:05.691+0000] {processor.py:179} INFO - Processing /home/airflow/.local/lib/python3.8/site-packages/airflow/example_dags/example_setup_teardown.py took 0.071 seconds
[2023-11-22T21:05:36.190+0000] {processor.py:157} INFO - Started process (PID=13737) to work on /home/airflow/.local/lib/python3.8/site-packages/airflow/example_dags/example_setup_teardown.py
[2023-11-22T21:05:36.192+0000] {processor.py:829} INFO - Processing file /home/airflow/.local/lib/python3.8/site-packages/airflow/example_dags/example_setup_teardown.py for tasks to queue
[2023-11-22T21:05:36.193+0000] {logging_mixin.py:154} INFO - [2023-11-22T21:05:36.193+0000] {dagbag.py:536} INFO - Filling up the DagBag from /home/airflow/.local/lib/python3.8/site-packages/airflow/example_dags/example_setup_teardown.py
[2023-11-22T21:05:36.208+0000] {processor.py:839} INFO - DAG(s) dict_keys(['example_setup_teardown']) retrieved from /home/airflow/.local/lib/python3.8/site-packages/airflow/example_dags/example_setup_teardown.py
[2023-11-22T21:05:36.239+0000] {logging_mixin.py:154} INFO - [2023-11-22T21:05:36.239+0000] {dag.py:2941} INFO - Sync 1 DAGs
[2023-11-22T21:05:36.263+0000] {logging_mixin.py:154} INFO - [2023-11-22T21:05:36.262+0000] {dag.py:3722} INFO - Setting next_dagrun for example_setup_teardown to 2023-11-21T21:05:36.262560+00:00, run_after=2023-11-22T21:05:36.262560+00:00
[2023-11-22T21:05:36.279+0000] {processor.py:179} INFO - Processing /home/airflow/.local/lib/python3.8/site-packages/airflow/example_dags/example_setup_teardown.py took 0.095 seconds
[2023-11-22T21:06:06.461+0000] {processor.py:157} INFO - Started process (PID=13975) to work on /home/airflow/.local/lib/python3.8/site-packages/airflow/example_dags/example_setup_teardown.py
[2023-11-22T21:06:06.462+0000] {processor.py:829} INFO - Processing file /home/airflow/.local/lib/python3.8/site-packages/airflow/example_dags/example_setup_teardown.py for tasks to queue
[2023-11-22T21:06:06.463+0000] {logging_mixin.py:154} INFO - [2023-11-22T21:06:06.463+0000] {dagbag.py:536} INFO - Filling up the DagBag from /home/airflow/.local/lib/python3.8/site-packages/airflow/example_dags/example_setup_teardown.py
[2023-11-22T21:06:06.472+0000] {processor.py:839} INFO - DAG(s) dict_keys(['example_setup_teardown']) retrieved from /home/airflow/.local/lib/python3.8/site-packages/airflow/example_dags/example_setup_teardown.py
[2023-11-22T21:06:06.496+0000] {logging_mixin.py:154} INFO - [2023-11-22T21:06:06.496+0000] {dag.py:2941} INFO - Sync 1 DAGs
[2023-11-22T21:06:06.516+0000] {logging_mixin.py:154} INFO - [2023-11-22T21:06:06.516+0000] {dag.py:3722} INFO - Setting next_dagrun for example_setup_teardown to 2023-11-21T21:06:06.515886+00:00, run_after=2023-11-22T21:06:06.515886+00:00
[2023-11-22T21:06:06.530+0000] {processor.py:179} INFO - Processing /home/airflow/.local/lib/python3.8/site-packages/airflow/example_dags/example_setup_teardown.py took 0.072 seconds
[2023-11-22T21:06:37.400+0000] {processor.py:157} INFO - Started process (PID=14213) to work on /home/airflow/.local/lib/python3.8/site-packages/airflow/example_dags/example_setup_teardown.py
[2023-11-22T21:06:37.402+0000] {processor.py:829} INFO - Processing file /home/airflow/.local/lib/python3.8/site-packages/airflow/example_dags/example_setup_teardown.py for tasks to queue
[2023-11-22T21:06:37.404+0000] {logging_mixin.py:154} INFO - [2023-11-22T21:06:37.403+0000] {dagbag.py:536} INFO - Filling up the DagBag from /home/airflow/.local/lib/python3.8/site-packages/airflow/example_dags/example_setup_teardown.py
[2023-11-22T21:06:37.422+0000] {processor.py:839} INFO - DAG(s) dict_keys(['example_setup_teardown']) retrieved from /home/airflow/.local/lib/python3.8/site-packages/airflow/example_dags/example_setup_teardown.py
[2023-11-22T21:06:37.449+0000] {logging_mixin.py:154} INFO - [2023-11-22T21:06:37.449+0000] {dag.py:2941} INFO - Sync 1 DAGs
[2023-11-22T21:06:37.471+0000] {logging_mixin.py:154} INFO - [2023-11-22T21:06:37.471+0000] {dag.py:3722} INFO - Setting next_dagrun for example_setup_teardown to 2023-11-21T21:06:37.470935+00:00, run_after=2023-11-22T21:06:37.470935+00:00
[2023-11-22T21:06:37.485+0000] {processor.py:179} INFO - Processing /home/airflow/.local/lib/python3.8/site-packages/airflow/example_dags/example_setup_teardown.py took 0.092 seconds
[2023-11-22T21:07:08.167+0000] {processor.py:157} INFO - Started process (PID=14451) to work on /home/airflow/.local/lib/python3.8/site-packages/airflow/example_dags/example_setup_teardown.py
[2023-11-22T21:07:08.168+0000] {processor.py:829} INFO - Processing file /home/airflow/.local/lib/python3.8/site-packages/airflow/example_dags/example_setup_teardown.py for tasks to queue
[2023-11-22T21:07:08.169+0000] {logging_mixin.py:154} INFO - [2023-11-22T21:07:08.169+0000] {dagbag.py:536} INFO - Filling up the DagBag from /home/airflow/.local/lib/python3.8/site-packages/airflow/example_dags/example_setup_teardown.py
[2023-11-22T21:07:08.179+0000] {processor.py:839} INFO - DAG(s) dict_keys(['example_setup_teardown']) retrieved from /home/airflow/.local/lib/python3.8/site-packages/airflow/example_dags/example_setup_teardown.py
[2023-11-22T21:07:08.218+0000] {logging_mixin.py:154} INFO - [2023-11-22T21:07:08.218+0000] {dag.py:2941} INFO - Sync 1 DAGs
[2023-11-22T21:07:08.280+0000] {logging_mixin.py:154} INFO - [2023-11-22T21:07:08.280+0000] {dag.py:3722} INFO - Setting next_dagrun for example_setup_teardown to 2023-11-21T21:07:08.280121+00:00, run_after=2023-11-22T21:07:08.280121+00:00
[2023-11-22T21:07:08.306+0000] {processor.py:179} INFO - Processing /home/airflow/.local/lib/python3.8/site-packages/airflow/example_dags/example_setup_teardown.py took 0.145 seconds
[2023-11-22T21:07:38.697+0000] {processor.py:157} INFO - Started process (PID=14689) to work on /home/airflow/.local/lib/python3.8/site-packages/airflow/example_dags/example_setup_teardown.py
[2023-11-22T21:07:38.699+0000] {processor.py:829} INFO - Processing file /home/airflow/.local/lib/python3.8/site-packages/airflow/example_dags/example_setup_teardown.py for tasks to queue
[2023-11-22T21:07:38.700+0000] {logging_mixin.py:154} INFO - [2023-11-22T21:07:38.700+0000] {dagbag.py:536} INFO - Filling up the DagBag from /home/airflow/.local/lib/python3.8/site-packages/airflow/example_dags/example_setup_teardown.py
[2023-11-22T21:07:38.713+0000] {processor.py:839} INFO - DAG(s) dict_keys(['example_setup_teardown']) retrieved from /home/airflow/.local/lib/python3.8/site-packages/airflow/example_dags/example_setup_teardown.py
[2023-11-22T21:07:38.741+0000] {logging_mixin.py:154} INFO - [2023-11-22T21:07:38.741+0000] {dag.py:2941} INFO - Sync 1 DAGs
[2023-11-22T21:07:38.762+0000] {logging_mixin.py:154} INFO - [2023-11-22T21:07:38.762+0000] {dag.py:3722} INFO - Setting next_dagrun for example_setup_teardown to 2023-11-21T21:07:38.761785+00:00, run_after=2023-11-22T21:07:38.761785+00:00
[2023-11-22T21:07:38.776+0000] {processor.py:179} INFO - Processing /home/airflow/.local/lib/python3.8/site-packages/airflow/example_dags/example_setup_teardown.py took 0.085 seconds
[2023-11-22T21:08:09.251+0000] {processor.py:157} INFO - Started process (PID=14927) to work on /home/airflow/.local/lib/python3.8/site-packages/airflow/example_dags/example_setup_teardown.py
[2023-11-22T21:08:09.253+0000] {processor.py:829} INFO - Processing file /home/airflow/.local/lib/python3.8/site-packages/airflow/example_dags/example_setup_teardown.py for tasks to queue
[2023-11-22T21:08:09.255+0000] {logging_mixin.py:154} INFO - [2023-11-22T21:08:09.254+0000] {dagbag.py:536} INFO - Filling up the DagBag from /home/airflow/.local/lib/python3.8/site-packages/airflow/example_dags/example_setup_teardown.py
[2023-11-22T21:08:09.271+0000] {processor.py:839} INFO - DAG(s) dict_keys(['example_setup_teardown']) retrieved from /home/airflow/.local/lib/python3.8/site-packages/airflow/example_dags/example_setup_teardown.py
[2023-11-22T21:08:09.297+0000] {logging_mixin.py:154} INFO - [2023-11-22T21:08:09.297+0000] {dag.py:2941} INFO - Sync 1 DAGs
[2023-11-22T21:08:09.319+0000] {logging_mixin.py:154} INFO - [2023-11-22T21:08:09.319+0000] {dag.py:3722} INFO - Setting next_dagrun for example_setup_teardown to 2023-11-21T21:08:09.318853+00:00, run_after=2023-11-22T21:08:09.318853+00:00
[2023-11-22T21:08:09.333+0000] {processor.py:179} INFO - Processing /home/airflow/.local/lib/python3.8/site-packages/airflow/example_dags/example_setup_teardown.py took 0.090 seconds
[2023-11-22T21:08:40.075+0000] {processor.py:157} INFO - Started process (PID=15165) to work on /home/airflow/.local/lib/python3.8/site-packages/airflow/example_dags/example_setup_teardown.py
[2023-11-22T21:08:40.077+0000] {processor.py:829} INFO - Processing file /home/airflow/.local/lib/python3.8/site-packages/airflow/example_dags/example_setup_teardown.py for tasks to queue
[2023-11-22T21:08:40.078+0000] {logging_mixin.py:154} INFO - [2023-11-22T21:08:40.078+0000] {dagbag.py:536} INFO - Filling up the DagBag from /home/airflow/.local/lib/python3.8/site-packages/airflow/example_dags/example_setup_teardown.py
[2023-11-22T21:08:40.088+0000] {processor.py:839} INFO - DAG(s) dict_keys(['example_setup_teardown']) retrieved from /home/airflow/.local/lib/python3.8/site-packages/airflow/example_dags/example_setup_teardown.py
[2023-11-22T21:08:40.116+0000] {logging_mixin.py:154} INFO - [2023-11-22T21:08:40.116+0000] {dag.py:2941} INFO - Sync 1 DAGs
[2023-11-22T21:08:40.136+0000] {logging_mixin.py:154} INFO - [2023-11-22T21:08:40.136+0000] {dag.py:3722} INFO - Setting next_dagrun for example_setup_teardown to 2023-11-21T21:08:40.135895+00:00, run_after=2023-11-22T21:08:40.135895+00:00
[2023-11-22T21:08:40.150+0000] {processor.py:179} INFO - Processing /home/airflow/.local/lib/python3.8/site-packages/airflow/example_dags/example_setup_teardown.py took 0.084 seconds
[2023-11-22T21:09:40.227+0000] {processor.py:157} INFO - Started process (PID=164) to work on /home/airflow/.local/lib/python3.8/site-packages/airflow/example_dags/example_setup_teardown.py
[2023-11-22T21:09:40.229+0000] {processor.py:829} INFO - Processing file /home/airflow/.local/lib/python3.8/site-packages/airflow/example_dags/example_setup_teardown.py for tasks to queue
[2023-11-22T21:09:40.230+0000] {logging_mixin.py:154} INFO - [2023-11-22T21:09:40.229+0000] {dagbag.py:536} INFO - Filling up the DagBag from /home/airflow/.local/lib/python3.8/site-packages/airflow/example_dags/example_setup_teardown.py
[2023-11-22T21:09:40.255+0000] {processor.py:839} INFO - DAG(s) dict_keys(['example_setup_teardown']) retrieved from /home/airflow/.local/lib/python3.8/site-packages/airflow/example_dags/example_setup_teardown.py
[2023-11-22T21:09:40.296+0000] {logging_mixin.py:154} INFO - [2023-11-22T21:09:40.296+0000] {dag.py:2941} INFO - Sync 1 DAGs
[2023-11-22T21:09:40.341+0000] {logging_mixin.py:154} INFO - [2023-11-22T21:09:40.341+0000] {dag.py:3722} INFO - Setting next_dagrun for example_setup_teardown to 2023-11-21T21:09:40.340869+00:00, run_after=2023-11-22T21:09:40.340869+00:00
[2023-11-22T21:09:40.369+0000] {processor.py:179} INFO - Processing /home/airflow/.local/lib/python3.8/site-packages/airflow/example_dags/example_setup_teardown.py took 0.146 seconds
[2023-11-22T21:10:10.694+0000] {processor.py:157} INFO - Started process (PID=403) to work on /home/airflow/.local/lib/python3.8/site-packages/airflow/example_dags/example_setup_teardown.py
[2023-11-22T21:10:10.696+0000] {processor.py:829} INFO - Processing file /home/airflow/.local/lib/python3.8/site-packages/airflow/example_dags/example_setup_teardown.py for tasks to queue
[2023-11-22T21:10:10.697+0000] {logging_mixin.py:154} INFO - [2023-11-22T21:10:10.697+0000] {dagbag.py:536} INFO - Filling up the DagBag from /home/airflow/.local/lib/python3.8/site-packages/airflow/example_dags/example_setup_teardown.py
[2023-11-22T21:10:10.709+0000] {processor.py:839} INFO - DAG(s) dict_keys(['example_setup_teardown']) retrieved from /home/airflow/.local/lib/python3.8/site-packages/airflow/example_dags/example_setup_teardown.py
[2023-11-22T21:10:10.735+0000] {logging_mixin.py:154} INFO - [2023-11-22T21:10:10.735+0000] {dag.py:2941} INFO - Sync 1 DAGs
[2023-11-22T21:10:10.756+0000] {logging_mixin.py:154} INFO - [2023-11-22T21:10:10.756+0000] {dag.py:3722} INFO - Setting next_dagrun for example_setup_teardown to 2023-11-21T21:10:10.755769+00:00, run_after=2023-11-22T21:10:10.755769+00:00
[2023-11-22T21:10:10.770+0000] {processor.py:179} INFO - Processing /home/airflow/.local/lib/python3.8/site-packages/airflow/example_dags/example_setup_teardown.py took 0.080 seconds
