[2023-11-22T19:30:07.034+0000] {processor.py:157} INFO - Started process (PID=367) to work on /home/airflow/.local/lib/python3.8/site-packages/airflow/example_dags/example_kubernetes_executor.py
[2023-11-22T19:30:07.036+0000] {processor.py:829} INFO - Processing file /home/airflow/.local/lib/python3.8/site-packages/airflow/example_dags/example_kubernetes_executor.py for tasks to queue
[2023-11-22T19:30:07.037+0000] {logging_mixin.py:154} INFO - [2023-11-22T19:30:07.036+0000] {dagbag.py:536} INFO - Filling up the DagBag from /home/airflow/.local/lib/python3.8/site-packages/airflow/example_dags/example_kubernetes_executor.py
[2023-11-22T19:30:07.055+0000] {processor.py:839} INFO - DAG(s) dict_keys(['example_kubernetes_executor']) retrieved from /home/airflow/.local/lib/python3.8/site-packages/airflow/example_dags/example_kubernetes_executor.py
[2023-11-22T19:30:07.075+0000] {logging_mixin.py:154} INFO - [2023-11-22T19:30:07.075+0000] {dag.py:2941} INFO - Sync 1 DAGs
[2023-11-22T19:30:07.092+0000] {logging_mixin.py:154} INFO - [2023-11-22T19:30:07.092+0000] {dag.py:3722} INFO - Setting next_dagrun for example_kubernetes_executor to None, run_after=None
[2023-11-22T19:30:07.114+0000] {processor.py:179} INFO - Processing /home/airflow/.local/lib/python3.8/site-packages/airflow/example_dags/example_kubernetes_executor.py took 0.084 seconds
[2023-11-22T19:30:37.712+0000] {processor.py:157} INFO - Started process (PID=605) to work on /home/airflow/.local/lib/python3.8/site-packages/airflow/example_dags/example_kubernetes_executor.py
[2023-11-22T19:30:37.717+0000] {processor.py:829} INFO - Processing file /home/airflow/.local/lib/python3.8/site-packages/airflow/example_dags/example_kubernetes_executor.py for tasks to queue
[2023-11-22T19:30:37.720+0000] {logging_mixin.py:154} INFO - [2023-11-22T19:30:37.720+0000] {dagbag.py:536} INFO - Filling up the DagBag from /home/airflow/.local/lib/python3.8/site-packages/airflow/example_dags/example_kubernetes_executor.py
[2023-11-22T19:30:37.779+0000] {processor.py:839} INFO - DAG(s) dict_keys(['example_kubernetes_executor']) retrieved from /home/airflow/.local/lib/python3.8/site-packages/airflow/example_dags/example_kubernetes_executor.py
[2023-11-22T19:30:37.915+0000] {logging_mixin.py:154} INFO - [2023-11-22T19:30:37.914+0000] {dag.py:2941} INFO - Sync 1 DAGs
[2023-11-22T19:30:37.953+0000] {logging_mixin.py:154} INFO - [2023-11-22T19:30:37.952+0000] {dag.py:3722} INFO - Setting next_dagrun for example_kubernetes_executor to None, run_after=None
[2023-11-22T19:30:38.020+0000] {processor.py:179} INFO - Processing /home/airflow/.local/lib/python3.8/site-packages/airflow/example_dags/example_kubernetes_executor.py took 0.320 seconds
[2023-11-22T19:31:08.189+0000] {processor.py:157} INFO - Started process (PID=848) to work on /home/airflow/.local/lib/python3.8/site-packages/airflow/example_dags/example_kubernetes_executor.py
[2023-11-22T19:31:08.190+0000] {processor.py:829} INFO - Processing file /home/airflow/.local/lib/python3.8/site-packages/airflow/example_dags/example_kubernetes_executor.py for tasks to queue
[2023-11-22T19:31:08.191+0000] {logging_mixin.py:154} INFO - [2023-11-22T19:31:08.190+0000] {dagbag.py:536} INFO - Filling up the DagBag from /home/airflow/.local/lib/python3.8/site-packages/airflow/example_dags/example_kubernetes_executor.py
[2023-11-22T19:31:08.202+0000] {processor.py:839} INFO - DAG(s) dict_keys(['example_kubernetes_executor']) retrieved from /home/airflow/.local/lib/python3.8/site-packages/airflow/example_dags/example_kubernetes_executor.py
[2023-11-22T19:31:08.238+0000] {logging_mixin.py:154} INFO - [2023-11-22T19:31:08.238+0000] {dag.py:2941} INFO - Sync 1 DAGs
[2023-11-22T19:31:08.249+0000] {logging_mixin.py:154} INFO - [2023-11-22T19:31:08.249+0000] {dag.py:3722} INFO - Setting next_dagrun for example_kubernetes_executor to None, run_after=None
[2023-11-22T19:31:08.266+0000] {processor.py:179} INFO - Processing /home/airflow/.local/lib/python3.8/site-packages/airflow/example_dags/example_kubernetes_executor.py took 0.080 seconds
[2023-11-22T19:31:39.029+0000] {processor.py:157} INFO - Started process (PID=1081) to work on /home/airflow/.local/lib/python3.8/site-packages/airflow/example_dags/example_kubernetes_executor.py
[2023-11-22T19:31:39.030+0000] {processor.py:829} INFO - Processing file /home/airflow/.local/lib/python3.8/site-packages/airflow/example_dags/example_kubernetes_executor.py for tasks to queue
[2023-11-22T19:31:39.031+0000] {logging_mixin.py:154} INFO - [2023-11-22T19:31:39.031+0000] {dagbag.py:536} INFO - Filling up the DagBag from /home/airflow/.local/lib/python3.8/site-packages/airflow/example_dags/example_kubernetes_executor.py
[2023-11-22T19:31:39.043+0000] {processor.py:839} INFO - DAG(s) dict_keys(['example_kubernetes_executor']) retrieved from /home/airflow/.local/lib/python3.8/site-packages/airflow/example_dags/example_kubernetes_executor.py
[2023-11-22T19:31:39.079+0000] {logging_mixin.py:154} INFO - [2023-11-22T19:31:39.079+0000] {dag.py:2941} INFO - Sync 1 DAGs
[2023-11-22T19:31:39.088+0000] {logging_mixin.py:154} INFO - [2023-11-22T19:31:39.088+0000] {dag.py:3722} INFO - Setting next_dagrun for example_kubernetes_executor to None, run_after=None
[2023-11-22T19:31:39.102+0000] {processor.py:179} INFO - Processing /home/airflow/.local/lib/python3.8/site-packages/airflow/example_dags/example_kubernetes_executor.py took 0.076 seconds
[2023-11-22T19:32:09.236+0000] {processor.py:157} INFO - Started process (PID=1319) to work on /home/airflow/.local/lib/python3.8/site-packages/airflow/example_dags/example_kubernetes_executor.py
[2023-11-22T19:32:09.236+0000] {processor.py:829} INFO - Processing file /home/airflow/.local/lib/python3.8/site-packages/airflow/example_dags/example_kubernetes_executor.py for tasks to queue
[2023-11-22T19:32:09.237+0000] {logging_mixin.py:154} INFO - [2023-11-22T19:32:09.237+0000] {dagbag.py:536} INFO - Filling up the DagBag from /home/airflow/.local/lib/python3.8/site-packages/airflow/example_dags/example_kubernetes_executor.py
[2023-11-22T19:32:09.248+0000] {processor.py:839} INFO - DAG(s) dict_keys(['example_kubernetes_executor']) retrieved from /home/airflow/.local/lib/python3.8/site-packages/airflow/example_dags/example_kubernetes_executor.py
[2023-11-22T19:32:09.281+0000] {logging_mixin.py:154} INFO - [2023-11-22T19:32:09.281+0000] {dag.py:2941} INFO - Sync 1 DAGs
[2023-11-22T19:32:09.292+0000] {logging_mixin.py:154} INFO - [2023-11-22T19:32:09.291+0000] {dag.py:3722} INFO - Setting next_dagrun for example_kubernetes_executor to None, run_after=None
[2023-11-22T19:32:09.305+0000] {processor.py:179} INFO - Processing /home/airflow/.local/lib/python3.8/site-packages/airflow/example_dags/example_kubernetes_executor.py took 0.072 seconds
[2023-11-22T19:32:39.805+0000] {processor.py:157} INFO - Started process (PID=1559) to work on /home/airflow/.local/lib/python3.8/site-packages/airflow/example_dags/example_kubernetes_executor.py
[2023-11-22T19:32:39.806+0000] {processor.py:829} INFO - Processing file /home/airflow/.local/lib/python3.8/site-packages/airflow/example_dags/example_kubernetes_executor.py for tasks to queue
[2023-11-22T19:32:39.807+0000] {logging_mixin.py:154} INFO - [2023-11-22T19:32:39.807+0000] {dagbag.py:536} INFO - Filling up the DagBag from /home/airflow/.local/lib/python3.8/site-packages/airflow/example_dags/example_kubernetes_executor.py
[2023-11-22T19:32:39.818+0000] {processor.py:839} INFO - DAG(s) dict_keys(['example_kubernetes_executor']) retrieved from /home/airflow/.local/lib/python3.8/site-packages/airflow/example_dags/example_kubernetes_executor.py
[2023-11-22T19:32:39.852+0000] {logging_mixin.py:154} INFO - [2023-11-22T19:32:39.852+0000] {dag.py:2941} INFO - Sync 1 DAGs
[2023-11-22T19:32:39.862+0000] {logging_mixin.py:154} INFO - [2023-11-22T19:32:39.862+0000] {dag.py:3722} INFO - Setting next_dagrun for example_kubernetes_executor to None, run_after=None
[2023-11-22T19:32:39.875+0000] {processor.py:179} INFO - Processing /home/airflow/.local/lib/python3.8/site-packages/airflow/example_dags/example_kubernetes_executor.py took 0.073 seconds
[2023-11-22T19:33:10.611+0000] {processor.py:157} INFO - Started process (PID=1795) to work on /home/airflow/.local/lib/python3.8/site-packages/airflow/example_dags/example_kubernetes_executor.py
[2023-11-22T19:33:10.612+0000] {processor.py:829} INFO - Processing file /home/airflow/.local/lib/python3.8/site-packages/airflow/example_dags/example_kubernetes_executor.py for tasks to queue
[2023-11-22T19:33:10.613+0000] {logging_mixin.py:154} INFO - [2023-11-22T19:33:10.613+0000] {dagbag.py:536} INFO - Filling up the DagBag from /home/airflow/.local/lib/python3.8/site-packages/airflow/example_dags/example_kubernetes_executor.py
[2023-11-22T19:33:10.624+0000] {processor.py:839} INFO - DAG(s) dict_keys(['example_kubernetes_executor']) retrieved from /home/airflow/.local/lib/python3.8/site-packages/airflow/example_dags/example_kubernetes_executor.py
[2023-11-22T19:33:10.658+0000] {logging_mixin.py:154} INFO - [2023-11-22T19:33:10.658+0000] {dag.py:2941} INFO - Sync 1 DAGs
[2023-11-22T19:33:10.668+0000] {logging_mixin.py:154} INFO - [2023-11-22T19:33:10.667+0000] {dag.py:3722} INFO - Setting next_dagrun for example_kubernetes_executor to None, run_after=None
[2023-11-22T19:33:10.681+0000] {processor.py:179} INFO - Processing /home/airflow/.local/lib/python3.8/site-packages/airflow/example_dags/example_kubernetes_executor.py took 0.073 seconds
[2023-11-22T19:33:41.182+0000] {processor.py:157} INFO - Started process (PID=2033) to work on /home/airflow/.local/lib/python3.8/site-packages/airflow/example_dags/example_kubernetes_executor.py
[2023-11-22T19:33:41.183+0000] {processor.py:829} INFO - Processing file /home/airflow/.local/lib/python3.8/site-packages/airflow/example_dags/example_kubernetes_executor.py for tasks to queue
[2023-11-22T19:33:41.184+0000] {logging_mixin.py:154} INFO - [2023-11-22T19:33:41.184+0000] {dagbag.py:536} INFO - Filling up the DagBag from /home/airflow/.local/lib/python3.8/site-packages/airflow/example_dags/example_kubernetes_executor.py
[2023-11-22T19:33:41.196+0000] {processor.py:839} INFO - DAG(s) dict_keys(['example_kubernetes_executor']) retrieved from /home/airflow/.local/lib/python3.8/site-packages/airflow/example_dags/example_kubernetes_executor.py
[2023-11-22T19:33:41.237+0000] {logging_mixin.py:154} INFO - [2023-11-22T19:33:41.237+0000] {dag.py:2941} INFO - Sync 1 DAGs
[2023-11-22T19:33:41.248+0000] {logging_mixin.py:154} INFO - [2023-11-22T19:33:41.248+0000] {dag.py:3722} INFO - Setting next_dagrun for example_kubernetes_executor to None, run_after=None
[2023-11-22T19:33:41.266+0000] {processor.py:179} INFO - Processing /home/airflow/.local/lib/python3.8/site-packages/airflow/example_dags/example_kubernetes_executor.py took 0.087 seconds
[2023-11-22T19:34:11.912+0000] {processor.py:157} INFO - Started process (PID=2273) to work on /home/airflow/.local/lib/python3.8/site-packages/airflow/example_dags/example_kubernetes_executor.py
[2023-11-22T19:34:11.913+0000] {processor.py:829} INFO - Processing file /home/airflow/.local/lib/python3.8/site-packages/airflow/example_dags/example_kubernetes_executor.py for tasks to queue
[2023-11-22T19:34:11.914+0000] {logging_mixin.py:154} INFO - [2023-11-22T19:34:11.913+0000] {dagbag.py:536} INFO - Filling up the DagBag from /home/airflow/.local/lib/python3.8/site-packages/airflow/example_dags/example_kubernetes_executor.py
[2023-11-22T19:34:11.927+0000] {processor.py:839} INFO - DAG(s) dict_keys(['example_kubernetes_executor']) retrieved from /home/airflow/.local/lib/python3.8/site-packages/airflow/example_dags/example_kubernetes_executor.py
[2023-11-22T19:34:11.964+0000] {logging_mixin.py:154} INFO - [2023-11-22T19:34:11.963+0000] {dag.py:2941} INFO - Sync 1 DAGs
[2023-11-22T19:34:11.978+0000] {logging_mixin.py:154} INFO - [2023-11-22T19:34:11.978+0000] {dag.py:3722} INFO - Setting next_dagrun for example_kubernetes_executor to None, run_after=None
[2023-11-22T19:34:12.004+0000] {processor.py:179} INFO - Processing /home/airflow/.local/lib/python3.8/site-packages/airflow/example_dags/example_kubernetes_executor.py took 0.096 seconds
[2023-11-22T19:34:42.204+0000] {processor.py:157} INFO - Started process (PID=2511) to work on /home/airflow/.local/lib/python3.8/site-packages/airflow/example_dags/example_kubernetes_executor.py
[2023-11-22T19:34:42.205+0000] {processor.py:829} INFO - Processing file /home/airflow/.local/lib/python3.8/site-packages/airflow/example_dags/example_kubernetes_executor.py for tasks to queue
[2023-11-22T19:34:42.206+0000] {logging_mixin.py:154} INFO - [2023-11-22T19:34:42.206+0000] {dagbag.py:536} INFO - Filling up the DagBag from /home/airflow/.local/lib/python3.8/site-packages/airflow/example_dags/example_kubernetes_executor.py
[2023-11-22T19:34:42.216+0000] {processor.py:839} INFO - DAG(s) dict_keys(['example_kubernetes_executor']) retrieved from /home/airflow/.local/lib/python3.8/site-packages/airflow/example_dags/example_kubernetes_executor.py
[2023-11-22T19:34:42.251+0000] {logging_mixin.py:154} INFO - [2023-11-22T19:34:42.251+0000] {dag.py:2941} INFO - Sync 1 DAGs
[2023-11-22T19:34:42.262+0000] {logging_mixin.py:154} INFO - [2023-11-22T19:34:42.261+0000] {dag.py:3722} INFO - Setting next_dagrun for example_kubernetes_executor to None, run_after=None
[2023-11-22T19:34:42.275+0000] {processor.py:179} INFO - Processing /home/airflow/.local/lib/python3.8/site-packages/airflow/example_dags/example_kubernetes_executor.py took 0.074 seconds
[2023-11-22T19:35:12.575+0000] {processor.py:157} INFO - Started process (PID=2749) to work on /home/airflow/.local/lib/python3.8/site-packages/airflow/example_dags/example_kubernetes_executor.py
[2023-11-22T19:35:12.576+0000] {processor.py:829} INFO - Processing file /home/airflow/.local/lib/python3.8/site-packages/airflow/example_dags/example_kubernetes_executor.py for tasks to queue
[2023-11-22T19:35:12.577+0000] {logging_mixin.py:154} INFO - [2023-11-22T19:35:12.576+0000] {dagbag.py:536} INFO - Filling up the DagBag from /home/airflow/.local/lib/python3.8/site-packages/airflow/example_dags/example_kubernetes_executor.py
[2023-11-22T19:35:12.587+0000] {processor.py:839} INFO - DAG(s) dict_keys(['example_kubernetes_executor']) retrieved from /home/airflow/.local/lib/python3.8/site-packages/airflow/example_dags/example_kubernetes_executor.py
[2023-11-22T19:35:12.621+0000] {logging_mixin.py:154} INFO - [2023-11-22T19:35:12.621+0000] {dag.py:2941} INFO - Sync 1 DAGs
[2023-11-22T19:35:12.630+0000] {logging_mixin.py:154} INFO - [2023-11-22T19:35:12.630+0000] {dag.py:3722} INFO - Setting next_dagrun for example_kubernetes_executor to None, run_after=None
[2023-11-22T19:35:12.643+0000] {processor.py:179} INFO - Processing /home/airflow/.local/lib/python3.8/site-packages/airflow/example_dags/example_kubernetes_executor.py took 0.071 seconds
[2023-11-22T19:35:43.054+0000] {processor.py:157} INFO - Started process (PID=2985) to work on /home/airflow/.local/lib/python3.8/site-packages/airflow/example_dags/example_kubernetes_executor.py
[2023-11-22T19:35:43.055+0000] {processor.py:829} INFO - Processing file /home/airflow/.local/lib/python3.8/site-packages/airflow/example_dags/example_kubernetes_executor.py for tasks to queue
[2023-11-22T19:35:43.055+0000] {logging_mixin.py:154} INFO - [2023-11-22T19:35:43.055+0000] {dagbag.py:536} INFO - Filling up the DagBag from /home/airflow/.local/lib/python3.8/site-packages/airflow/example_dags/example_kubernetes_executor.py
[2023-11-22T19:35:43.066+0000] {processor.py:839} INFO - DAG(s) dict_keys(['example_kubernetes_executor']) retrieved from /home/airflow/.local/lib/python3.8/site-packages/airflow/example_dags/example_kubernetes_executor.py
[2023-11-22T19:35:43.101+0000] {logging_mixin.py:154} INFO - [2023-11-22T19:35:43.101+0000] {dag.py:2941} INFO - Sync 1 DAGs
[2023-11-22T19:35:43.111+0000] {logging_mixin.py:154} INFO - [2023-11-22T19:35:43.110+0000] {dag.py:3722} INFO - Setting next_dagrun for example_kubernetes_executor to None, run_after=None
[2023-11-22T19:35:43.125+0000] {processor.py:179} INFO - Processing /home/airflow/.local/lib/python3.8/site-packages/airflow/example_dags/example_kubernetes_executor.py took 0.074 seconds
[2023-11-22T19:36:13.496+0000] {processor.py:157} INFO - Started process (PID=3223) to work on /home/airflow/.local/lib/python3.8/site-packages/airflow/example_dags/example_kubernetes_executor.py
[2023-11-22T19:36:13.497+0000] {processor.py:829} INFO - Processing file /home/airflow/.local/lib/python3.8/site-packages/airflow/example_dags/example_kubernetes_executor.py for tasks to queue
[2023-11-22T19:36:13.498+0000] {logging_mixin.py:154} INFO - [2023-11-22T19:36:13.497+0000] {dagbag.py:536} INFO - Filling up the DagBag from /home/airflow/.local/lib/python3.8/site-packages/airflow/example_dags/example_kubernetes_executor.py
[2023-11-22T19:36:13.509+0000] {processor.py:839} INFO - DAG(s) dict_keys(['example_kubernetes_executor']) retrieved from /home/airflow/.local/lib/python3.8/site-packages/airflow/example_dags/example_kubernetes_executor.py
[2023-11-22T19:36:13.544+0000] {logging_mixin.py:154} INFO - [2023-11-22T19:36:13.544+0000] {dag.py:2941} INFO - Sync 1 DAGs
[2023-11-22T19:36:13.554+0000] {logging_mixin.py:154} INFO - [2023-11-22T19:36:13.553+0000] {dag.py:3722} INFO - Setting next_dagrun for example_kubernetes_executor to None, run_after=None
[2023-11-22T19:36:13.566+0000] {processor.py:179} INFO - Processing /home/airflow/.local/lib/python3.8/site-packages/airflow/example_dags/example_kubernetes_executor.py took 0.073 seconds
[2023-11-22T19:36:44.587+0000] {processor.py:157} INFO - Started process (PID=3463) to work on /home/airflow/.local/lib/python3.8/site-packages/airflow/example_dags/example_kubernetes_executor.py
[2023-11-22T19:36:44.588+0000] {processor.py:829} INFO - Processing file /home/airflow/.local/lib/python3.8/site-packages/airflow/example_dags/example_kubernetes_executor.py for tasks to queue
[2023-11-22T19:36:44.589+0000] {logging_mixin.py:154} INFO - [2023-11-22T19:36:44.589+0000] {dagbag.py:536} INFO - Filling up the DagBag from /home/airflow/.local/lib/python3.8/site-packages/airflow/example_dags/example_kubernetes_executor.py
[2023-11-22T19:36:44.601+0000] {processor.py:839} INFO - DAG(s) dict_keys(['example_kubernetes_executor']) retrieved from /home/airflow/.local/lib/python3.8/site-packages/airflow/example_dags/example_kubernetes_executor.py
[2023-11-22T19:36:44.639+0000] {logging_mixin.py:154} INFO - [2023-11-22T19:36:44.638+0000] {dag.py:2941} INFO - Sync 1 DAGs
[2023-11-22T19:36:44.649+0000] {logging_mixin.py:154} INFO - [2023-11-22T19:36:44.649+0000] {dag.py:3722} INFO - Setting next_dagrun for example_kubernetes_executor to None, run_after=None
[2023-11-22T19:36:44.665+0000] {processor.py:179} INFO - Processing /home/airflow/.local/lib/python3.8/site-packages/airflow/example_dags/example_kubernetes_executor.py took 0.081 seconds
[2023-11-22T19:37:15.531+0000] {processor.py:157} INFO - Started process (PID=3699) to work on /home/airflow/.local/lib/python3.8/site-packages/airflow/example_dags/example_kubernetes_executor.py
[2023-11-22T19:37:15.532+0000] {processor.py:829} INFO - Processing file /home/airflow/.local/lib/python3.8/site-packages/airflow/example_dags/example_kubernetes_executor.py for tasks to queue
[2023-11-22T19:37:15.533+0000] {logging_mixin.py:154} INFO - [2023-11-22T19:37:15.532+0000] {dagbag.py:536} INFO - Filling up the DagBag from /home/airflow/.local/lib/python3.8/site-packages/airflow/example_dags/example_kubernetes_executor.py
[2023-11-22T19:37:15.550+0000] {processor.py:839} INFO - DAG(s) dict_keys(['example_kubernetes_executor']) retrieved from /home/airflow/.local/lib/python3.8/site-packages/airflow/example_dags/example_kubernetes_executor.py
[2023-11-22T19:37:15.598+0000] {logging_mixin.py:154} INFO - [2023-11-22T19:37:15.597+0000] {dag.py:2941} INFO - Sync 1 DAGs
[2023-11-22T19:37:15.610+0000] {logging_mixin.py:154} INFO - [2023-11-22T19:37:15.610+0000] {dag.py:3722} INFO - Setting next_dagrun for example_kubernetes_executor to None, run_after=None
[2023-11-22T19:37:15.629+0000] {processor.py:179} INFO - Processing /home/airflow/.local/lib/python3.8/site-packages/airflow/example_dags/example_kubernetes_executor.py took 0.102 seconds
[2023-11-22T19:37:46.008+0000] {processor.py:157} INFO - Started process (PID=3937) to work on /home/airflow/.local/lib/python3.8/site-packages/airflow/example_dags/example_kubernetes_executor.py
[2023-11-22T19:37:46.011+0000] {processor.py:829} INFO - Processing file /home/airflow/.local/lib/python3.8/site-packages/airflow/example_dags/example_kubernetes_executor.py for tasks to queue
[2023-11-22T19:37:46.021+0000] {logging_mixin.py:154} INFO - [2023-11-22T19:37:46.019+0000] {dagbag.py:536} INFO - Filling up the DagBag from /home/airflow/.local/lib/python3.8/site-packages/airflow/example_dags/example_kubernetes_executor.py
[2023-11-22T19:37:46.067+0000] {processor.py:839} INFO - DAG(s) dict_keys(['example_kubernetes_executor']) retrieved from /home/airflow/.local/lib/python3.8/site-packages/airflow/example_dags/example_kubernetes_executor.py
[2023-11-22T19:37:46.132+0000] {logging_mixin.py:154} INFO - [2023-11-22T19:37:46.132+0000] {dag.py:2941} INFO - Sync 1 DAGs
[2023-11-22T19:37:46.147+0000] {logging_mixin.py:154} INFO - [2023-11-22T19:37:46.147+0000] {dag.py:3722} INFO - Setting next_dagrun for example_kubernetes_executor to None, run_after=None
[2023-11-22T19:37:46.169+0000] {processor.py:179} INFO - Processing /home/airflow/.local/lib/python3.8/site-packages/airflow/example_dags/example_kubernetes_executor.py took 0.167 seconds
[2023-11-22T19:38:16.220+0000] {processor.py:157} INFO - Started process (PID=4182) to work on /home/airflow/.local/lib/python3.8/site-packages/airflow/example_dags/example_kubernetes_executor.py
[2023-11-22T19:38:16.221+0000] {processor.py:829} INFO - Processing file /home/airflow/.local/lib/python3.8/site-packages/airflow/example_dags/example_kubernetes_executor.py for tasks to queue
[2023-11-22T19:38:16.222+0000] {logging_mixin.py:154} INFO - [2023-11-22T19:38:16.222+0000] {dagbag.py:536} INFO - Filling up the DagBag from /home/airflow/.local/lib/python3.8/site-packages/airflow/example_dags/example_kubernetes_executor.py
[2023-11-22T19:38:16.232+0000] {processor.py:839} INFO - DAG(s) dict_keys(['example_kubernetes_executor']) retrieved from /home/airflow/.local/lib/python3.8/site-packages/airflow/example_dags/example_kubernetes_executor.py
[2023-11-22T19:38:16.266+0000] {logging_mixin.py:154} INFO - [2023-11-22T19:38:16.266+0000] {dag.py:2941} INFO - Sync 1 DAGs
[2023-11-22T19:38:16.276+0000] {logging_mixin.py:154} INFO - [2023-11-22T19:38:16.276+0000] {dag.py:3722} INFO - Setting next_dagrun for example_kubernetes_executor to None, run_after=None
[2023-11-22T19:38:16.288+0000] {processor.py:179} INFO - Processing /home/airflow/.local/lib/python3.8/site-packages/airflow/example_dags/example_kubernetes_executor.py took 0.071 seconds
[2023-11-22T19:38:47.297+0000] {processor.py:157} INFO - Started process (PID=4419) to work on /home/airflow/.local/lib/python3.8/site-packages/airflow/example_dags/example_kubernetes_executor.py
[2023-11-22T19:38:47.299+0000] {processor.py:829} INFO - Processing file /home/airflow/.local/lib/python3.8/site-packages/airflow/example_dags/example_kubernetes_executor.py for tasks to queue
[2023-11-22T19:38:47.300+0000] {logging_mixin.py:154} INFO - [2023-11-22T19:38:47.300+0000] {dagbag.py:536} INFO - Filling up the DagBag from /home/airflow/.local/lib/python3.8/site-packages/airflow/example_dags/example_kubernetes_executor.py
[2023-11-22T19:38:47.313+0000] {processor.py:839} INFO - DAG(s) dict_keys(['example_kubernetes_executor']) retrieved from /home/airflow/.local/lib/python3.8/site-packages/airflow/example_dags/example_kubernetes_executor.py
[2023-11-22T19:38:47.346+0000] {logging_mixin.py:154} INFO - [2023-11-22T19:38:47.346+0000] {dag.py:2941} INFO - Sync 1 DAGs
[2023-11-22T19:38:47.357+0000] {logging_mixin.py:154} INFO - [2023-11-22T19:38:47.356+0000] {dag.py:3722} INFO - Setting next_dagrun for example_kubernetes_executor to None, run_after=None
[2023-11-22T19:38:47.371+0000] {processor.py:179} INFO - Processing /home/airflow/.local/lib/python3.8/site-packages/airflow/example_dags/example_kubernetes_executor.py took 0.078 seconds
[2023-11-22T19:39:17.638+0000] {processor.py:157} INFO - Started process (PID=4657) to work on /home/airflow/.local/lib/python3.8/site-packages/airflow/example_dags/example_kubernetes_executor.py
[2023-11-22T19:39:17.639+0000] {processor.py:829} INFO - Processing file /home/airflow/.local/lib/python3.8/site-packages/airflow/example_dags/example_kubernetes_executor.py for tasks to queue
[2023-11-22T19:39:17.641+0000] {logging_mixin.py:154} INFO - [2023-11-22T19:39:17.640+0000] {dagbag.py:536} INFO - Filling up the DagBag from /home/airflow/.local/lib/python3.8/site-packages/airflow/example_dags/example_kubernetes_executor.py
[2023-11-22T19:39:17.657+0000] {processor.py:839} INFO - DAG(s) dict_keys(['example_kubernetes_executor']) retrieved from /home/airflow/.local/lib/python3.8/site-packages/airflow/example_dags/example_kubernetes_executor.py
[2023-11-22T19:39:17.695+0000] {logging_mixin.py:154} INFO - [2023-11-22T19:39:17.695+0000] {dag.py:2941} INFO - Sync 1 DAGs
[2023-11-22T19:39:17.705+0000] {logging_mixin.py:154} INFO - [2023-11-22T19:39:17.705+0000] {dag.py:3722} INFO - Setting next_dagrun for example_kubernetes_executor to None, run_after=None
[2023-11-22T19:39:17.718+0000] {processor.py:179} INFO - Processing /home/airflow/.local/lib/python3.8/site-packages/airflow/example_dags/example_kubernetes_executor.py took 0.085 seconds
[2023-11-22T19:39:48.138+0000] {processor.py:157} INFO - Started process (PID=4895) to work on /home/airflow/.local/lib/python3.8/site-packages/airflow/example_dags/example_kubernetes_executor.py
[2023-11-22T19:39:48.139+0000] {processor.py:829} INFO - Processing file /home/airflow/.local/lib/python3.8/site-packages/airflow/example_dags/example_kubernetes_executor.py for tasks to queue
[2023-11-22T19:39:48.140+0000] {logging_mixin.py:154} INFO - [2023-11-22T19:39:48.140+0000] {dagbag.py:536} INFO - Filling up the DagBag from /home/airflow/.local/lib/python3.8/site-packages/airflow/example_dags/example_kubernetes_executor.py
[2023-11-22T19:39:48.151+0000] {processor.py:839} INFO - DAG(s) dict_keys(['example_kubernetes_executor']) retrieved from /home/airflow/.local/lib/python3.8/site-packages/airflow/example_dags/example_kubernetes_executor.py
[2023-11-22T19:39:48.193+0000] {logging_mixin.py:154} INFO - [2023-11-22T19:39:48.193+0000] {dag.py:2941} INFO - Sync 1 DAGs
[2023-11-22T19:39:48.203+0000] {logging_mixin.py:154} INFO - [2023-11-22T19:39:48.203+0000] {dag.py:3722} INFO - Setting next_dagrun for example_kubernetes_executor to None, run_after=None
[2023-11-22T19:39:48.219+0000] {processor.py:179} INFO - Processing /home/airflow/.local/lib/python3.8/site-packages/airflow/example_dags/example_kubernetes_executor.py took 0.084 seconds
[2023-11-22T19:40:18.624+0000] {processor.py:157} INFO - Started process (PID=5133) to work on /home/airflow/.local/lib/python3.8/site-packages/airflow/example_dags/example_kubernetes_executor.py
[2023-11-22T19:40:18.625+0000] {processor.py:829} INFO - Processing file /home/airflow/.local/lib/python3.8/site-packages/airflow/example_dags/example_kubernetes_executor.py for tasks to queue
[2023-11-22T19:40:18.627+0000] {logging_mixin.py:154} INFO - [2023-11-22T19:40:18.626+0000] {dagbag.py:536} INFO - Filling up the DagBag from /home/airflow/.local/lib/python3.8/site-packages/airflow/example_dags/example_kubernetes_executor.py
[2023-11-22T19:40:18.640+0000] {processor.py:839} INFO - DAG(s) dict_keys(['example_kubernetes_executor']) retrieved from /home/airflow/.local/lib/python3.8/site-packages/airflow/example_dags/example_kubernetes_executor.py
[2023-11-22T19:40:18.675+0000] {logging_mixin.py:154} INFO - [2023-11-22T19:40:18.675+0000] {dag.py:2941} INFO - Sync 1 DAGs
[2023-11-22T19:40:18.684+0000] {logging_mixin.py:154} INFO - [2023-11-22T19:40:18.684+0000] {dag.py:3722} INFO - Setting next_dagrun for example_kubernetes_executor to None, run_after=None
[2023-11-22T19:40:18.697+0000] {processor.py:179} INFO - Processing /home/airflow/.local/lib/python3.8/site-packages/airflow/example_dags/example_kubernetes_executor.py took 0.078 seconds
[2023-11-22T19:40:49.347+0000] {processor.py:157} INFO - Started process (PID=5371) to work on /home/airflow/.local/lib/python3.8/site-packages/airflow/example_dags/example_kubernetes_executor.py
[2023-11-22T19:40:49.349+0000] {processor.py:829} INFO - Processing file /home/airflow/.local/lib/python3.8/site-packages/airflow/example_dags/example_kubernetes_executor.py for tasks to queue
[2023-11-22T19:40:49.350+0000] {logging_mixin.py:154} INFO - [2023-11-22T19:40:49.350+0000] {dagbag.py:536} INFO - Filling up the DagBag from /home/airflow/.local/lib/python3.8/site-packages/airflow/example_dags/example_kubernetes_executor.py
[2023-11-22T19:40:49.363+0000] {processor.py:839} INFO - DAG(s) dict_keys(['example_kubernetes_executor']) retrieved from /home/airflow/.local/lib/python3.8/site-packages/airflow/example_dags/example_kubernetes_executor.py
[2023-11-22T19:40:49.399+0000] {logging_mixin.py:154} INFO - [2023-11-22T19:40:49.399+0000] {dag.py:2941} INFO - Sync 1 DAGs
[2023-11-22T19:40:49.408+0000] {logging_mixin.py:154} INFO - [2023-11-22T19:40:49.408+0000] {dag.py:3722} INFO - Setting next_dagrun for example_kubernetes_executor to None, run_after=None
[2023-11-22T19:40:49.422+0000] {processor.py:179} INFO - Processing /home/airflow/.local/lib/python3.8/site-packages/airflow/example_dags/example_kubernetes_executor.py took 0.080 seconds
[2023-11-22T19:41:19.765+0000] {processor.py:157} INFO - Started process (PID=5609) to work on /home/airflow/.local/lib/python3.8/site-packages/airflow/example_dags/example_kubernetes_executor.py
[2023-11-22T19:41:19.766+0000] {processor.py:829} INFO - Processing file /home/airflow/.local/lib/python3.8/site-packages/airflow/example_dags/example_kubernetes_executor.py for tasks to queue
[2023-11-22T19:41:19.767+0000] {logging_mixin.py:154} INFO - [2023-11-22T19:41:19.767+0000] {dagbag.py:536} INFO - Filling up the DagBag from /home/airflow/.local/lib/python3.8/site-packages/airflow/example_dags/example_kubernetes_executor.py
[2023-11-22T19:41:19.781+0000] {processor.py:839} INFO - DAG(s) dict_keys(['example_kubernetes_executor']) retrieved from /home/airflow/.local/lib/python3.8/site-packages/airflow/example_dags/example_kubernetes_executor.py
[2023-11-22T19:41:19.814+0000] {logging_mixin.py:154} INFO - [2023-11-22T19:41:19.814+0000] {dag.py:2941} INFO - Sync 1 DAGs
[2023-11-22T19:41:19.824+0000] {logging_mixin.py:154} INFO - [2023-11-22T19:41:19.823+0000] {dag.py:3722} INFO - Setting next_dagrun for example_kubernetes_executor to None, run_after=None
[2023-11-22T19:41:19.836+0000] {processor.py:179} INFO - Processing /home/airflow/.local/lib/python3.8/site-packages/airflow/example_dags/example_kubernetes_executor.py took 0.076 seconds
[2023-11-22T19:41:50.229+0000] {processor.py:157} INFO - Started process (PID=5848) to work on /home/airflow/.local/lib/python3.8/site-packages/airflow/example_dags/example_kubernetes_executor.py
[2023-11-22T19:41:50.230+0000] {processor.py:829} INFO - Processing file /home/airflow/.local/lib/python3.8/site-packages/airflow/example_dags/example_kubernetes_executor.py for tasks to queue
[2023-11-22T19:41:50.232+0000] {logging_mixin.py:154} INFO - [2023-11-22T19:41:50.231+0000] {dagbag.py:536} INFO - Filling up the DagBag from /home/airflow/.local/lib/python3.8/site-packages/airflow/example_dags/example_kubernetes_executor.py
[2023-11-22T19:41:50.252+0000] {processor.py:839} INFO - DAG(s) dict_keys(['example_kubernetes_executor']) retrieved from /home/airflow/.local/lib/python3.8/site-packages/airflow/example_dags/example_kubernetes_executor.py
[2023-11-22T19:41:50.289+0000] {logging_mixin.py:154} INFO - [2023-11-22T19:41:50.288+0000] {dag.py:2941} INFO - Sync 1 DAGs
[2023-11-22T19:41:50.298+0000] {logging_mixin.py:154} INFO - [2023-11-22T19:41:50.298+0000] {dag.py:3722} INFO - Setting next_dagrun for example_kubernetes_executor to None, run_after=None
[2023-11-22T19:41:50.311+0000] {processor.py:179} INFO - Processing /home/airflow/.local/lib/python3.8/site-packages/airflow/example_dags/example_kubernetes_executor.py took 0.090 seconds
[2023-11-22T19:42:20.593+0000] {processor.py:157} INFO - Started process (PID=6091) to work on /home/airflow/.local/lib/python3.8/site-packages/airflow/example_dags/example_kubernetes_executor.py
[2023-11-22T19:42:20.594+0000] {processor.py:829} INFO - Processing file /home/airflow/.local/lib/python3.8/site-packages/airflow/example_dags/example_kubernetes_executor.py for tasks to queue
[2023-11-22T19:42:20.596+0000] {logging_mixin.py:154} INFO - [2023-11-22T19:42:20.595+0000] {dagbag.py:536} INFO - Filling up the DagBag from /home/airflow/.local/lib/python3.8/site-packages/airflow/example_dags/example_kubernetes_executor.py
[2023-11-22T19:42:20.611+0000] {processor.py:839} INFO - DAG(s) dict_keys(['example_kubernetes_executor']) retrieved from /home/airflow/.local/lib/python3.8/site-packages/airflow/example_dags/example_kubernetes_executor.py
[2023-11-22T19:42:20.647+0000] {logging_mixin.py:154} INFO - [2023-11-22T19:42:20.647+0000] {dag.py:2941} INFO - Sync 1 DAGs
[2023-11-22T19:42:20.656+0000] {logging_mixin.py:154} INFO - [2023-11-22T19:42:20.656+0000] {dag.py:3722} INFO - Setting next_dagrun for example_kubernetes_executor to None, run_after=None
[2023-11-22T19:42:20.669+0000] {processor.py:179} INFO - Processing /home/airflow/.local/lib/python3.8/site-packages/airflow/example_dags/example_kubernetes_executor.py took 0.081 seconds
[2023-11-22T19:42:51.051+0000] {processor.py:157} INFO - Started process (PID=6329) to work on /home/airflow/.local/lib/python3.8/site-packages/airflow/example_dags/example_kubernetes_executor.py
[2023-11-22T19:42:51.053+0000] {processor.py:829} INFO - Processing file /home/airflow/.local/lib/python3.8/site-packages/airflow/example_dags/example_kubernetes_executor.py for tasks to queue
[2023-11-22T19:42:51.054+0000] {logging_mixin.py:154} INFO - [2023-11-22T19:42:51.054+0000] {dagbag.py:536} INFO - Filling up the DagBag from /home/airflow/.local/lib/python3.8/site-packages/airflow/example_dags/example_kubernetes_executor.py
[2023-11-22T19:42:51.070+0000] {processor.py:839} INFO - DAG(s) dict_keys(['example_kubernetes_executor']) retrieved from /home/airflow/.local/lib/python3.8/site-packages/airflow/example_dags/example_kubernetes_executor.py
[2023-11-22T19:42:51.107+0000] {logging_mixin.py:154} INFO - [2023-11-22T19:42:51.107+0000] {dag.py:2941} INFO - Sync 1 DAGs
[2023-11-22T19:42:51.117+0000] {logging_mixin.py:154} INFO - [2023-11-22T19:42:51.117+0000] {dag.py:3722} INFO - Setting next_dagrun for example_kubernetes_executor to None, run_after=None
[2023-11-22T19:42:51.131+0000] {processor.py:179} INFO - Processing /home/airflow/.local/lib/python3.8/site-packages/airflow/example_dags/example_kubernetes_executor.py took 0.086 seconds
[2023-11-22T19:43:21.440+0000] {processor.py:157} INFO - Started process (PID=6567) to work on /home/airflow/.local/lib/python3.8/site-packages/airflow/example_dags/example_kubernetes_executor.py
[2023-11-22T19:43:21.441+0000] {processor.py:829} INFO - Processing file /home/airflow/.local/lib/python3.8/site-packages/airflow/example_dags/example_kubernetes_executor.py for tasks to queue
[2023-11-22T19:43:21.442+0000] {logging_mixin.py:154} INFO - [2023-11-22T19:43:21.442+0000] {dagbag.py:536} INFO - Filling up the DagBag from /home/airflow/.local/lib/python3.8/site-packages/airflow/example_dags/example_kubernetes_executor.py
[2023-11-22T19:43:21.457+0000] {processor.py:839} INFO - DAG(s) dict_keys(['example_kubernetes_executor']) retrieved from /home/airflow/.local/lib/python3.8/site-packages/airflow/example_dags/example_kubernetes_executor.py
[2023-11-22T19:43:21.492+0000] {logging_mixin.py:154} INFO - [2023-11-22T19:43:21.492+0000] {dag.py:2941} INFO - Sync 1 DAGs
[2023-11-22T19:43:21.502+0000] {logging_mixin.py:154} INFO - [2023-11-22T19:43:21.501+0000] {dag.py:3722} INFO - Setting next_dagrun for example_kubernetes_executor to None, run_after=None
[2023-11-22T19:43:21.514+0000] {processor.py:179} INFO - Processing /home/airflow/.local/lib/python3.8/site-packages/airflow/example_dags/example_kubernetes_executor.py took 0.081 seconds
[2023-11-22T19:43:52.029+0000] {processor.py:157} INFO - Started process (PID=6805) to work on /home/airflow/.local/lib/python3.8/site-packages/airflow/example_dags/example_kubernetes_executor.py
[2023-11-22T19:43:52.030+0000] {processor.py:829} INFO - Processing file /home/airflow/.local/lib/python3.8/site-packages/airflow/example_dags/example_kubernetes_executor.py for tasks to queue
[2023-11-22T19:43:52.032+0000] {logging_mixin.py:154} INFO - [2023-11-22T19:43:52.031+0000] {dagbag.py:536} INFO - Filling up the DagBag from /home/airflow/.local/lib/python3.8/site-packages/airflow/example_dags/example_kubernetes_executor.py
[2023-11-22T19:43:52.046+0000] {processor.py:839} INFO - DAG(s) dict_keys(['example_kubernetes_executor']) retrieved from /home/airflow/.local/lib/python3.8/site-packages/airflow/example_dags/example_kubernetes_executor.py
[2023-11-22T19:43:52.083+0000] {logging_mixin.py:154} INFO - [2023-11-22T19:43:52.083+0000] {dag.py:2941} INFO - Sync 1 DAGs
[2023-11-22T19:43:52.093+0000] {logging_mixin.py:154} INFO - [2023-11-22T19:43:52.093+0000] {dag.py:3722} INFO - Setting next_dagrun for example_kubernetes_executor to None, run_after=None
[2023-11-22T19:43:52.106+0000] {processor.py:179} INFO - Processing /home/airflow/.local/lib/python3.8/site-packages/airflow/example_dags/example_kubernetes_executor.py took 0.083 seconds
[2023-11-22T19:44:22.370+0000] {processor.py:157} INFO - Started process (PID=7043) to work on /home/airflow/.local/lib/python3.8/site-packages/airflow/example_dags/example_kubernetes_executor.py
[2023-11-22T19:44:22.371+0000] {processor.py:829} INFO - Processing file /home/airflow/.local/lib/python3.8/site-packages/airflow/example_dags/example_kubernetes_executor.py for tasks to queue
[2023-11-22T19:44:22.372+0000] {logging_mixin.py:154} INFO - [2023-11-22T19:44:22.372+0000] {dagbag.py:536} INFO - Filling up the DagBag from /home/airflow/.local/lib/python3.8/site-packages/airflow/example_dags/example_kubernetes_executor.py
[2023-11-22T19:44:22.385+0000] {processor.py:839} INFO - DAG(s) dict_keys(['example_kubernetes_executor']) retrieved from /home/airflow/.local/lib/python3.8/site-packages/airflow/example_dags/example_kubernetes_executor.py
[2023-11-22T19:44:22.420+0000] {logging_mixin.py:154} INFO - [2023-11-22T19:44:22.420+0000] {dag.py:2941} INFO - Sync 1 DAGs
[2023-11-22T19:44:22.430+0000] {logging_mixin.py:154} INFO - [2023-11-22T19:44:22.430+0000] {dag.py:3722} INFO - Setting next_dagrun for example_kubernetes_executor to None, run_after=None
[2023-11-22T19:44:22.442+0000] {processor.py:179} INFO - Processing /home/airflow/.local/lib/python3.8/site-packages/airflow/example_dags/example_kubernetes_executor.py took 0.077 seconds
[2023-11-22T19:44:52.851+0000] {processor.py:157} INFO - Started process (PID=7281) to work on /home/airflow/.local/lib/python3.8/site-packages/airflow/example_dags/example_kubernetes_executor.py
[2023-11-22T19:44:52.852+0000] {processor.py:829} INFO - Processing file /home/airflow/.local/lib/python3.8/site-packages/airflow/example_dags/example_kubernetes_executor.py for tasks to queue
[2023-11-22T19:44:52.854+0000] {logging_mixin.py:154} INFO - [2023-11-22T19:44:52.853+0000] {dagbag.py:536} INFO - Filling up the DagBag from /home/airflow/.local/lib/python3.8/site-packages/airflow/example_dags/example_kubernetes_executor.py
[2023-11-22T19:44:52.868+0000] {processor.py:839} INFO - DAG(s) dict_keys(['example_kubernetes_executor']) retrieved from /home/airflow/.local/lib/python3.8/site-packages/airflow/example_dags/example_kubernetes_executor.py
[2023-11-22T19:44:52.902+0000] {logging_mixin.py:154} INFO - [2023-11-22T19:44:52.902+0000] {dag.py:2941} INFO - Sync 1 DAGs
[2023-11-22T19:44:52.913+0000] {logging_mixin.py:154} INFO - [2023-11-22T19:44:52.913+0000] {dag.py:3722} INFO - Setting next_dagrun for example_kubernetes_executor to None, run_after=None
[2023-11-22T19:44:52.929+0000] {processor.py:179} INFO - Processing /home/airflow/.local/lib/python3.8/site-packages/airflow/example_dags/example_kubernetes_executor.py took 0.083 seconds
[2023-11-22T19:45:23.246+0000] {processor.py:157} INFO - Started process (PID=7519) to work on /home/airflow/.local/lib/python3.8/site-packages/airflow/example_dags/example_kubernetes_executor.py
[2023-11-22T19:45:23.248+0000] {processor.py:829} INFO - Processing file /home/airflow/.local/lib/python3.8/site-packages/airflow/example_dags/example_kubernetes_executor.py for tasks to queue
[2023-11-22T19:45:23.249+0000] {logging_mixin.py:154} INFO - [2023-11-22T19:45:23.249+0000] {dagbag.py:536} INFO - Filling up the DagBag from /home/airflow/.local/lib/python3.8/site-packages/airflow/example_dags/example_kubernetes_executor.py
[2023-11-22T19:45:23.263+0000] {processor.py:839} INFO - DAG(s) dict_keys(['example_kubernetes_executor']) retrieved from /home/airflow/.local/lib/python3.8/site-packages/airflow/example_dags/example_kubernetes_executor.py
[2023-11-22T19:45:23.297+0000] {logging_mixin.py:154} INFO - [2023-11-22T19:45:23.297+0000] {dag.py:2941} INFO - Sync 1 DAGs
[2023-11-22T19:45:23.307+0000] {logging_mixin.py:154} INFO - [2023-11-22T19:45:23.307+0000] {dag.py:3722} INFO - Setting next_dagrun for example_kubernetes_executor to None, run_after=None
[2023-11-22T19:45:23.320+0000] {processor.py:179} INFO - Processing /home/airflow/.local/lib/python3.8/site-packages/airflow/example_dags/example_kubernetes_executor.py took 0.078 seconds
[2023-11-22T19:45:53.759+0000] {processor.py:157} INFO - Started process (PID=7757) to work on /home/airflow/.local/lib/python3.8/site-packages/airflow/example_dags/example_kubernetes_executor.py
[2023-11-22T19:45:53.761+0000] {processor.py:829} INFO - Processing file /home/airflow/.local/lib/python3.8/site-packages/airflow/example_dags/example_kubernetes_executor.py for tasks to queue
[2023-11-22T19:45:53.762+0000] {logging_mixin.py:154} INFO - [2023-11-22T19:45:53.762+0000] {dagbag.py:536} INFO - Filling up the DagBag from /home/airflow/.local/lib/python3.8/site-packages/airflow/example_dags/example_kubernetes_executor.py
[2023-11-22T19:45:53.777+0000] {processor.py:839} INFO - DAG(s) dict_keys(['example_kubernetes_executor']) retrieved from /home/airflow/.local/lib/python3.8/site-packages/airflow/example_dags/example_kubernetes_executor.py
[2023-11-22T19:45:53.812+0000] {logging_mixin.py:154} INFO - [2023-11-22T19:45:53.812+0000] {dag.py:2941} INFO - Sync 1 DAGs
[2023-11-22T19:45:53.821+0000] {logging_mixin.py:154} INFO - [2023-11-22T19:45:53.821+0000] {dag.py:3722} INFO - Setting next_dagrun for example_kubernetes_executor to None, run_after=None
[2023-11-22T19:45:53.834+0000] {processor.py:179} INFO - Processing /home/airflow/.local/lib/python3.8/site-packages/airflow/example_dags/example_kubernetes_executor.py took 0.081 seconds
[2023-11-22T19:46:24.208+0000] {processor.py:157} INFO - Started process (PID=7995) to work on /home/airflow/.local/lib/python3.8/site-packages/airflow/example_dags/example_kubernetes_executor.py
[2023-11-22T19:46:24.210+0000] {processor.py:829} INFO - Processing file /home/airflow/.local/lib/python3.8/site-packages/airflow/example_dags/example_kubernetes_executor.py for tasks to queue
[2023-11-22T19:46:24.212+0000] {logging_mixin.py:154} INFO - [2023-11-22T19:46:24.211+0000] {dagbag.py:536} INFO - Filling up the DagBag from /home/airflow/.local/lib/python3.8/site-packages/airflow/example_dags/example_kubernetes_executor.py
[2023-11-22T19:46:24.227+0000] {processor.py:839} INFO - DAG(s) dict_keys(['example_kubernetes_executor']) retrieved from /home/airflow/.local/lib/python3.8/site-packages/airflow/example_dags/example_kubernetes_executor.py
[2023-11-22T19:46:24.262+0000] {logging_mixin.py:154} INFO - [2023-11-22T19:46:24.262+0000] {dag.py:2941} INFO - Sync 1 DAGs
[2023-11-22T19:46:24.272+0000] {logging_mixin.py:154} INFO - [2023-11-22T19:46:24.272+0000] {dag.py:3722} INFO - Setting next_dagrun for example_kubernetes_executor to None, run_after=None
[2023-11-22T19:46:24.284+0000] {processor.py:179} INFO - Processing /home/airflow/.local/lib/python3.8/site-packages/airflow/example_dags/example_kubernetes_executor.py took 0.081 seconds
[2023-11-22T19:46:54.640+0000] {processor.py:157} INFO - Started process (PID=8233) to work on /home/airflow/.local/lib/python3.8/site-packages/airflow/example_dags/example_kubernetes_executor.py
[2023-11-22T19:46:54.642+0000] {processor.py:829} INFO - Processing file /home/airflow/.local/lib/python3.8/site-packages/airflow/example_dags/example_kubernetes_executor.py for tasks to queue
[2023-11-22T19:46:54.643+0000] {logging_mixin.py:154} INFO - [2023-11-22T19:46:54.643+0000] {dagbag.py:536} INFO - Filling up the DagBag from /home/airflow/.local/lib/python3.8/site-packages/airflow/example_dags/example_kubernetes_executor.py
[2023-11-22T19:46:54.657+0000] {processor.py:839} INFO - DAG(s) dict_keys(['example_kubernetes_executor']) retrieved from /home/airflow/.local/lib/python3.8/site-packages/airflow/example_dags/example_kubernetes_executor.py
[2023-11-22T19:46:54.691+0000] {logging_mixin.py:154} INFO - [2023-11-22T19:46:54.691+0000] {dag.py:2941} INFO - Sync 1 DAGs
[2023-11-22T19:46:54.701+0000] {logging_mixin.py:154} INFO - [2023-11-22T19:46:54.701+0000] {dag.py:3722} INFO - Setting next_dagrun for example_kubernetes_executor to None, run_after=None
[2023-11-22T19:46:54.714+0000] {processor.py:179} INFO - Processing /home/airflow/.local/lib/python3.8/site-packages/airflow/example_dags/example_kubernetes_executor.py took 0.079 seconds
[2023-11-22T19:47:25.131+0000] {processor.py:157} INFO - Started process (PID=8470) to work on /home/airflow/.local/lib/python3.8/site-packages/airflow/example_dags/example_kubernetes_executor.py
[2023-11-22T19:47:25.131+0000] {processor.py:829} INFO - Processing file /home/airflow/.local/lib/python3.8/site-packages/airflow/example_dags/example_kubernetes_executor.py for tasks to queue
[2023-11-22T19:47:25.132+0000] {logging_mixin.py:154} INFO - [2023-11-22T19:47:25.132+0000] {dagbag.py:536} INFO - Filling up the DagBag from /home/airflow/.local/lib/python3.8/site-packages/airflow/example_dags/example_kubernetes_executor.py
[2023-11-22T19:47:25.143+0000] {processor.py:839} INFO - DAG(s) dict_keys(['example_kubernetes_executor']) retrieved from /home/airflow/.local/lib/python3.8/site-packages/airflow/example_dags/example_kubernetes_executor.py
[2023-11-22T19:47:25.178+0000] {logging_mixin.py:154} INFO - [2023-11-22T19:47:25.178+0000] {dag.py:2941} INFO - Sync 1 DAGs
[2023-11-22T19:47:25.189+0000] {logging_mixin.py:154} INFO - [2023-11-22T19:47:25.189+0000] {dag.py:3722} INFO - Setting next_dagrun for example_kubernetes_executor to None, run_after=None
[2023-11-22T19:47:25.203+0000] {processor.py:179} INFO - Processing /home/airflow/.local/lib/python3.8/site-packages/airflow/example_dags/example_kubernetes_executor.py took 0.076 seconds
[2023-11-22T19:47:55.984+0000] {processor.py:157} INFO - Started process (PID=8708) to work on /home/airflow/.local/lib/python3.8/site-packages/airflow/example_dags/example_kubernetes_executor.py
[2023-11-22T19:47:55.985+0000] {processor.py:829} INFO - Processing file /home/airflow/.local/lib/python3.8/site-packages/airflow/example_dags/example_kubernetes_executor.py for tasks to queue
[2023-11-22T19:47:55.987+0000] {logging_mixin.py:154} INFO - [2023-11-22T19:47:55.986+0000] {dagbag.py:536} INFO - Filling up the DagBag from /home/airflow/.local/lib/python3.8/site-packages/airflow/example_dags/example_kubernetes_executor.py
[2023-11-22T19:47:55.999+0000] {processor.py:839} INFO - DAG(s) dict_keys(['example_kubernetes_executor']) retrieved from /home/airflow/.local/lib/python3.8/site-packages/airflow/example_dags/example_kubernetes_executor.py
[2023-11-22T19:47:56.034+0000] {logging_mixin.py:154} INFO - [2023-11-22T19:47:56.034+0000] {dag.py:2941} INFO - Sync 1 DAGs
[2023-11-22T19:47:56.044+0000] {logging_mixin.py:154} INFO - [2023-11-22T19:47:56.043+0000] {dag.py:3722} INFO - Setting next_dagrun for example_kubernetes_executor to None, run_after=None
[2023-11-22T19:47:56.056+0000] {processor.py:179} INFO - Processing /home/airflow/.local/lib/python3.8/site-packages/airflow/example_dags/example_kubernetes_executor.py took 0.077 seconds
[2023-11-22T19:48:26.220+0000] {processor.py:157} INFO - Started process (PID=8944) to work on /home/airflow/.local/lib/python3.8/site-packages/airflow/example_dags/example_kubernetes_executor.py
[2023-11-22T19:48:26.221+0000] {processor.py:829} INFO - Processing file /home/airflow/.local/lib/python3.8/site-packages/airflow/example_dags/example_kubernetes_executor.py for tasks to queue
[2023-11-22T19:48:26.222+0000] {logging_mixin.py:154} INFO - [2023-11-22T19:48:26.222+0000] {dagbag.py:536} INFO - Filling up the DagBag from /home/airflow/.local/lib/python3.8/site-packages/airflow/example_dags/example_kubernetes_executor.py
[2023-11-22T19:48:26.233+0000] {processor.py:839} INFO - DAG(s) dict_keys(['example_kubernetes_executor']) retrieved from /home/airflow/.local/lib/python3.8/site-packages/airflow/example_dags/example_kubernetes_executor.py
[2023-11-22T19:48:26.381+0000] {logging_mixin.py:154} INFO - [2023-11-22T19:48:26.381+0000] {dag.py:2941} INFO - Sync 1 DAGs
[2023-11-22T19:48:26.389+0000] {logging_mixin.py:154} INFO - [2023-11-22T19:48:26.389+0000] {dag.py:3722} INFO - Setting next_dagrun for example_kubernetes_executor to None, run_after=None
[2023-11-22T19:48:26.401+0000] {processor.py:179} INFO - Processing /home/airflow/.local/lib/python3.8/site-packages/airflow/example_dags/example_kubernetes_executor.py took 0.185 seconds
[2023-11-22T19:48:57.395+0000] {processor.py:157} INFO - Started process (PID=9194) to work on /home/airflow/.local/lib/python3.8/site-packages/airflow/example_dags/example_kubernetes_executor.py
[2023-11-22T19:48:57.396+0000] {processor.py:829} INFO - Processing file /home/airflow/.local/lib/python3.8/site-packages/airflow/example_dags/example_kubernetes_executor.py for tasks to queue
[2023-11-22T19:48:57.398+0000] {logging_mixin.py:154} INFO - [2023-11-22T19:48:57.397+0000] {dagbag.py:536} INFO - Filling up the DagBag from /home/airflow/.local/lib/python3.8/site-packages/airflow/example_dags/example_kubernetes_executor.py
[2023-11-22T19:48:57.413+0000] {processor.py:839} INFO - DAG(s) dict_keys(['example_kubernetes_executor']) retrieved from /home/airflow/.local/lib/python3.8/site-packages/airflow/example_dags/example_kubernetes_executor.py
[2023-11-22T19:48:57.449+0000] {logging_mixin.py:154} INFO - [2023-11-22T19:48:57.449+0000] {dag.py:2941} INFO - Sync 1 DAGs
[2023-11-22T19:48:57.569+0000] {logging_mixin.py:154} INFO - [2023-11-22T19:48:57.569+0000] {dag.py:3722} INFO - Setting next_dagrun for example_kubernetes_executor to None, run_after=None
[2023-11-22T19:48:57.581+0000] {processor.py:179} INFO - Processing /home/airflow/.local/lib/python3.8/site-packages/airflow/example_dags/example_kubernetes_executor.py took 0.190 seconds
[2023-11-22T19:49:28.476+0000] {processor.py:157} INFO - Started process (PID=9432) to work on /home/airflow/.local/lib/python3.8/site-packages/airflow/example_dags/example_kubernetes_executor.py
[2023-11-22T19:49:28.477+0000] {processor.py:829} INFO - Processing file /home/airflow/.local/lib/python3.8/site-packages/airflow/example_dags/example_kubernetes_executor.py for tasks to queue
[2023-11-22T19:49:28.478+0000] {logging_mixin.py:154} INFO - [2023-11-22T19:49:28.477+0000] {dagbag.py:536} INFO - Filling up the DagBag from /home/airflow/.local/lib/python3.8/site-packages/airflow/example_dags/example_kubernetes_executor.py
[2023-11-22T19:49:28.488+0000] {processor.py:839} INFO - DAG(s) dict_keys(['example_kubernetes_executor']) retrieved from /home/airflow/.local/lib/python3.8/site-packages/airflow/example_dags/example_kubernetes_executor.py
[2023-11-22T19:49:28.522+0000] {logging_mixin.py:154} INFO - [2023-11-22T19:49:28.522+0000] {dag.py:2941} INFO - Sync 1 DAGs
[2023-11-22T19:49:28.531+0000] {logging_mixin.py:154} INFO - [2023-11-22T19:49:28.531+0000] {dag.py:3722} INFO - Setting next_dagrun for example_kubernetes_executor to None, run_after=None
[2023-11-22T19:49:28.545+0000] {processor.py:179} INFO - Processing /home/airflow/.local/lib/python3.8/site-packages/airflow/example_dags/example_kubernetes_executor.py took 0.072 seconds
[2023-11-22T19:49:59.455+0000] {processor.py:157} INFO - Started process (PID=9670) to work on /home/airflow/.local/lib/python3.8/site-packages/airflow/example_dags/example_kubernetes_executor.py
[2023-11-22T19:49:59.456+0000] {processor.py:829} INFO - Processing file /home/airflow/.local/lib/python3.8/site-packages/airflow/example_dags/example_kubernetes_executor.py for tasks to queue
[2023-11-22T19:49:59.457+0000] {logging_mixin.py:154} INFO - [2023-11-22T19:49:59.457+0000] {dagbag.py:536} INFO - Filling up the DagBag from /home/airflow/.local/lib/python3.8/site-packages/airflow/example_dags/example_kubernetes_executor.py
[2023-11-22T19:49:59.467+0000] {processor.py:839} INFO - DAG(s) dict_keys(['example_kubernetes_executor']) retrieved from /home/airflow/.local/lib/python3.8/site-packages/airflow/example_dags/example_kubernetes_executor.py
[2023-11-22T19:49:59.501+0000] {logging_mixin.py:154} INFO - [2023-11-22T19:49:59.501+0000] {dag.py:2941} INFO - Sync 1 DAGs
[2023-11-22T19:49:59.510+0000] {logging_mixin.py:154} INFO - [2023-11-22T19:49:59.510+0000] {dag.py:3722} INFO - Setting next_dagrun for example_kubernetes_executor to None, run_after=None
[2023-11-22T19:49:59.522+0000] {processor.py:179} INFO - Processing /home/airflow/.local/lib/python3.8/site-packages/airflow/example_dags/example_kubernetes_executor.py took 0.070 seconds
[2023-11-22T19:50:30.207+0000] {processor.py:157} INFO - Started process (PID=9908) to work on /home/airflow/.local/lib/python3.8/site-packages/airflow/example_dags/example_kubernetes_executor.py
[2023-11-22T19:50:30.208+0000] {processor.py:829} INFO - Processing file /home/airflow/.local/lib/python3.8/site-packages/airflow/example_dags/example_kubernetes_executor.py for tasks to queue
[2023-11-22T19:50:30.209+0000] {logging_mixin.py:154} INFO - [2023-11-22T19:50:30.209+0000] {dagbag.py:536} INFO - Filling up the DagBag from /home/airflow/.local/lib/python3.8/site-packages/airflow/example_dags/example_kubernetes_executor.py
[2023-11-22T19:50:30.220+0000] {processor.py:839} INFO - DAG(s) dict_keys(['example_kubernetes_executor']) retrieved from /home/airflow/.local/lib/python3.8/site-packages/airflow/example_dags/example_kubernetes_executor.py
[2023-11-22T19:50:30.253+0000] {logging_mixin.py:154} INFO - [2023-11-22T19:50:30.253+0000] {dag.py:2941} INFO - Sync 1 DAGs
[2023-11-22T19:50:30.262+0000] {logging_mixin.py:154} INFO - [2023-11-22T19:50:30.262+0000] {dag.py:3722} INFO - Setting next_dagrun for example_kubernetes_executor to None, run_after=None
[2023-11-22T19:50:30.275+0000] {processor.py:179} INFO - Processing /home/airflow/.local/lib/python3.8/site-packages/airflow/example_dags/example_kubernetes_executor.py took 0.071 seconds
[2023-11-22T19:51:00.497+0000] {processor.py:157} INFO - Started process (PID=10146) to work on /home/airflow/.local/lib/python3.8/site-packages/airflow/example_dags/example_kubernetes_executor.py
[2023-11-22T19:51:00.498+0000] {processor.py:829} INFO - Processing file /home/airflow/.local/lib/python3.8/site-packages/airflow/example_dags/example_kubernetes_executor.py for tasks to queue
[2023-11-22T19:51:00.500+0000] {logging_mixin.py:154} INFO - [2023-11-22T19:51:00.499+0000] {dagbag.py:536} INFO - Filling up the DagBag from /home/airflow/.local/lib/python3.8/site-packages/airflow/example_dags/example_kubernetes_executor.py
[2023-11-22T19:51:00.514+0000] {processor.py:839} INFO - DAG(s) dict_keys(['example_kubernetes_executor']) retrieved from /home/airflow/.local/lib/python3.8/site-packages/airflow/example_dags/example_kubernetes_executor.py
[2023-11-22T19:51:00.657+0000] {logging_mixin.py:154} INFO - [2023-11-22T19:51:00.657+0000] {dag.py:2941} INFO - Sync 1 DAGs
[2023-11-22T19:51:00.665+0000] {logging_mixin.py:154} INFO - [2023-11-22T19:51:00.665+0000] {dag.py:3722} INFO - Setting next_dagrun for example_kubernetes_executor to None, run_after=None
[2023-11-22T19:51:00.677+0000] {processor.py:179} INFO - Processing /home/airflow/.local/lib/python3.8/site-packages/airflow/example_dags/example_kubernetes_executor.py took 0.186 seconds
[2023-11-22T19:51:31.445+0000] {processor.py:157} INFO - Started process (PID=10384) to work on /home/airflow/.local/lib/python3.8/site-packages/airflow/example_dags/example_kubernetes_executor.py
[2023-11-22T19:51:31.446+0000] {processor.py:829} INFO - Processing file /home/airflow/.local/lib/python3.8/site-packages/airflow/example_dags/example_kubernetes_executor.py for tasks to queue
[2023-11-22T19:51:31.448+0000] {logging_mixin.py:154} INFO - [2023-11-22T19:51:31.448+0000] {dagbag.py:536} INFO - Filling up the DagBag from /home/airflow/.local/lib/python3.8/site-packages/airflow/example_dags/example_kubernetes_executor.py
[2023-11-22T19:51:31.463+0000] {processor.py:839} INFO - DAG(s) dict_keys(['example_kubernetes_executor']) retrieved from /home/airflow/.local/lib/python3.8/site-packages/airflow/example_dags/example_kubernetes_executor.py
[2023-11-22T19:51:31.614+0000] {logging_mixin.py:154} INFO - [2023-11-22T19:51:31.613+0000] {dag.py:2941} INFO - Sync 1 DAGs
[2023-11-22T19:51:31.622+0000] {logging_mixin.py:154} INFO - [2023-11-22T19:51:31.621+0000] {dag.py:3722} INFO - Setting next_dagrun for example_kubernetes_executor to None, run_after=None
[2023-11-22T19:51:31.633+0000] {processor.py:179} INFO - Processing /home/airflow/.local/lib/python3.8/site-packages/airflow/example_dags/example_kubernetes_executor.py took 0.194 seconds
[2023-11-22T19:52:02.537+0000] {processor.py:157} INFO - Started process (PID=10622) to work on /home/airflow/.local/lib/python3.8/site-packages/airflow/example_dags/example_kubernetes_executor.py
[2023-11-22T19:52:02.537+0000] {processor.py:829} INFO - Processing file /home/airflow/.local/lib/python3.8/site-packages/airflow/example_dags/example_kubernetes_executor.py for tasks to queue
[2023-11-22T19:52:02.538+0000] {logging_mixin.py:154} INFO - [2023-11-22T19:52:02.538+0000] {dagbag.py:536} INFO - Filling up the DagBag from /home/airflow/.local/lib/python3.8/site-packages/airflow/example_dags/example_kubernetes_executor.py
[2023-11-22T19:52:02.549+0000] {processor.py:839} INFO - DAG(s) dict_keys(['example_kubernetes_executor']) retrieved from /home/airflow/.local/lib/python3.8/site-packages/airflow/example_dags/example_kubernetes_executor.py
[2023-11-22T19:52:02.582+0000] {logging_mixin.py:154} INFO - [2023-11-22T19:52:02.582+0000] {dag.py:2941} INFO - Sync 1 DAGs
[2023-11-22T19:52:02.592+0000] {logging_mixin.py:154} INFO - [2023-11-22T19:52:02.592+0000] {dag.py:3722} INFO - Setting next_dagrun for example_kubernetes_executor to None, run_after=None
[2023-11-22T19:52:02.604+0000] {processor.py:179} INFO - Processing /home/airflow/.local/lib/python3.8/site-packages/airflow/example_dags/example_kubernetes_executor.py took 0.070 seconds
[2023-11-22T19:52:33.068+0000] {processor.py:157} INFO - Started process (PID=10861) to work on /home/airflow/.local/lib/python3.8/site-packages/airflow/example_dags/example_kubernetes_executor.py
[2023-11-22T19:52:33.070+0000] {processor.py:829} INFO - Processing file /home/airflow/.local/lib/python3.8/site-packages/airflow/example_dags/example_kubernetes_executor.py for tasks to queue
[2023-11-22T19:52:33.071+0000] {logging_mixin.py:154} INFO - [2023-11-22T19:52:33.071+0000] {dagbag.py:536} INFO - Filling up the DagBag from /home/airflow/.local/lib/python3.8/site-packages/airflow/example_dags/example_kubernetes_executor.py
[2023-11-22T19:52:33.085+0000] {processor.py:839} INFO - DAG(s) dict_keys(['example_kubernetes_executor']) retrieved from /home/airflow/.local/lib/python3.8/site-packages/airflow/example_dags/example_kubernetes_executor.py
[2023-11-22T19:52:33.121+0000] {logging_mixin.py:154} INFO - [2023-11-22T19:52:33.121+0000] {dag.py:2941} INFO - Sync 1 DAGs
[2023-11-22T19:52:33.130+0000] {logging_mixin.py:154} INFO - [2023-11-22T19:52:33.130+0000] {dag.py:3722} INFO - Setting next_dagrun for example_kubernetes_executor to None, run_after=None
[2023-11-22T19:52:33.143+0000] {processor.py:179} INFO - Processing /home/airflow/.local/lib/python3.8/site-packages/airflow/example_dags/example_kubernetes_executor.py took 0.079 seconds
[2023-11-22T19:53:03.548+0000] {processor.py:157} INFO - Started process (PID=11099) to work on /home/airflow/.local/lib/python3.8/site-packages/airflow/example_dags/example_kubernetes_executor.py
[2023-11-22T19:53:03.549+0000] {processor.py:829} INFO - Processing file /home/airflow/.local/lib/python3.8/site-packages/airflow/example_dags/example_kubernetes_executor.py for tasks to queue
[2023-11-22T19:53:03.551+0000] {logging_mixin.py:154} INFO - [2023-11-22T19:53:03.550+0000] {dagbag.py:536} INFO - Filling up the DagBag from /home/airflow/.local/lib/python3.8/site-packages/airflow/example_dags/example_kubernetes_executor.py
[2023-11-22T19:53:03.566+0000] {processor.py:839} INFO - DAG(s) dict_keys(['example_kubernetes_executor']) retrieved from /home/airflow/.local/lib/python3.8/site-packages/airflow/example_dags/example_kubernetes_executor.py
[2023-11-22T19:53:03.604+0000] {logging_mixin.py:154} INFO - [2023-11-22T19:53:03.604+0000] {dag.py:2941} INFO - Sync 1 DAGs
[2023-11-22T19:53:03.614+0000] {logging_mixin.py:154} INFO - [2023-11-22T19:53:03.613+0000] {dag.py:3722} INFO - Setting next_dagrun for example_kubernetes_executor to None, run_after=None
[2023-11-22T19:53:03.626+0000] {processor.py:179} INFO - Processing /home/airflow/.local/lib/python3.8/site-packages/airflow/example_dags/example_kubernetes_executor.py took 0.083 seconds
[2023-11-22T19:53:33.906+0000] {processor.py:157} INFO - Started process (PID=11337) to work on /home/airflow/.local/lib/python3.8/site-packages/airflow/example_dags/example_kubernetes_executor.py
[2023-11-22T19:53:33.907+0000] {processor.py:829} INFO - Processing file /home/airflow/.local/lib/python3.8/site-packages/airflow/example_dags/example_kubernetes_executor.py for tasks to queue
[2023-11-22T19:53:33.908+0000] {logging_mixin.py:154} INFO - [2023-11-22T19:53:33.908+0000] {dagbag.py:536} INFO - Filling up the DagBag from /home/airflow/.local/lib/python3.8/site-packages/airflow/example_dags/example_kubernetes_executor.py
[2023-11-22T19:53:33.921+0000] {processor.py:839} INFO - DAG(s) dict_keys(['example_kubernetes_executor']) retrieved from /home/airflow/.local/lib/python3.8/site-packages/airflow/example_dags/example_kubernetes_executor.py
[2023-11-22T19:53:33.955+0000] {logging_mixin.py:154} INFO - [2023-11-22T19:53:33.955+0000] {dag.py:2941} INFO - Sync 1 DAGs
[2023-11-22T19:53:33.964+0000] {logging_mixin.py:154} INFO - [2023-11-22T19:53:33.964+0000] {dag.py:3722} INFO - Setting next_dagrun for example_kubernetes_executor to None, run_after=None
[2023-11-22T19:53:33.976+0000] {processor.py:179} INFO - Processing /home/airflow/.local/lib/python3.8/site-packages/airflow/example_dags/example_kubernetes_executor.py took 0.074 seconds
[2023-11-22T19:54:04.428+0000] {processor.py:157} INFO - Started process (PID=11575) to work on /home/airflow/.local/lib/python3.8/site-packages/airflow/example_dags/example_kubernetes_executor.py
[2023-11-22T19:54:04.430+0000] {processor.py:829} INFO - Processing file /home/airflow/.local/lib/python3.8/site-packages/airflow/example_dags/example_kubernetes_executor.py for tasks to queue
[2023-11-22T19:54:04.431+0000] {logging_mixin.py:154} INFO - [2023-11-22T19:54:04.430+0000] {dagbag.py:536} INFO - Filling up the DagBag from /home/airflow/.local/lib/python3.8/site-packages/airflow/example_dags/example_kubernetes_executor.py
[2023-11-22T19:54:04.447+0000] {processor.py:839} INFO - DAG(s) dict_keys(['example_kubernetes_executor']) retrieved from /home/airflow/.local/lib/python3.8/site-packages/airflow/example_dags/example_kubernetes_executor.py
[2023-11-22T19:54:04.487+0000] {logging_mixin.py:154} INFO - [2023-11-22T19:54:04.486+0000] {dag.py:2941} INFO - Sync 1 DAGs
[2023-11-22T19:54:04.496+0000] {logging_mixin.py:154} INFO - [2023-11-22T19:54:04.496+0000] {dag.py:3722} INFO - Setting next_dagrun for example_kubernetes_executor to None, run_after=None
[2023-11-22T19:54:04.508+0000] {processor.py:179} INFO - Processing /home/airflow/.local/lib/python3.8/site-packages/airflow/example_dags/example_kubernetes_executor.py took 0.085 seconds
[2023-11-22T20:36:15.920+0000] {processor.py:157} INFO - Started process (PID=11800) to work on /home/airflow/.local/lib/python3.8/site-packages/airflow/example_dags/example_kubernetes_executor.py
[2023-11-22T20:36:15.921+0000] {processor.py:829} INFO - Processing file /home/airflow/.local/lib/python3.8/site-packages/airflow/example_dags/example_kubernetes_executor.py for tasks to queue
[2023-11-22T20:36:15.922+0000] {logging_mixin.py:154} INFO - [2023-11-22T20:36:15.921+0000] {dagbag.py:536} INFO - Filling up the DagBag from /home/airflow/.local/lib/python3.8/site-packages/airflow/example_dags/example_kubernetes_executor.py
[2023-11-22T20:36:15.933+0000] {processor.py:839} INFO - DAG(s) dict_keys(['example_kubernetes_executor']) retrieved from /home/airflow/.local/lib/python3.8/site-packages/airflow/example_dags/example_kubernetes_executor.py
[2023-11-22T20:36:15.968+0000] {logging_mixin.py:154} INFO - [2023-11-22T20:36:15.967+0000] {dag.py:2941} INFO - Sync 1 DAGs
[2023-11-22T20:36:15.977+0000] {logging_mixin.py:154} INFO - [2023-11-22T20:36:15.977+0000] {dag.py:3722} INFO - Setting next_dagrun for example_kubernetes_executor to None, run_after=None
[2023-11-22T20:36:15.992+0000] {processor.py:179} INFO - Processing /home/airflow/.local/lib/python3.8/site-packages/airflow/example_dags/example_kubernetes_executor.py took 0.074 seconds
[2023-11-22T21:01:35.804+0000] {processor.py:157} INFO - Started process (PID=12037) to work on /home/airflow/.local/lib/python3.8/site-packages/airflow/example_dags/example_kubernetes_executor.py
[2023-11-22T21:01:35.808+0000] {processor.py:829} INFO - Processing file /home/airflow/.local/lib/python3.8/site-packages/airflow/example_dags/example_kubernetes_executor.py for tasks to queue
[2023-11-22T21:01:35.810+0000] {logging_mixin.py:154} INFO - [2023-11-22T21:01:35.809+0000] {dagbag.py:536} INFO - Filling up the DagBag from /home/airflow/.local/lib/python3.8/site-packages/airflow/example_dags/example_kubernetes_executor.py
[2023-11-22T21:01:35.827+0000] {processor.py:839} INFO - DAG(s) dict_keys(['example_kubernetes_executor']) retrieved from /home/airflow/.local/lib/python3.8/site-packages/airflow/example_dags/example_kubernetes_executor.py
[2023-11-22T21:01:35.876+0000] {logging_mixin.py:154} INFO - [2023-11-22T21:01:35.876+0000] {dag.py:2941} INFO - Sync 1 DAGs
[2023-11-22T21:01:35.889+0000] {logging_mixin.py:154} INFO - [2023-11-22T21:01:35.889+0000] {dag.py:3722} INFO - Setting next_dagrun for example_kubernetes_executor to None, run_after=None
[2023-11-22T21:01:35.907+0000] {processor.py:179} INFO - Processing /home/airflow/.local/lib/python3.8/site-packages/airflow/example_dags/example_kubernetes_executor.py took 0.106 seconds
[2023-11-22T21:02:06.017+0000] {processor.py:157} INFO - Started process (PID=12280) to work on /home/airflow/.local/lib/python3.8/site-packages/airflow/example_dags/example_kubernetes_executor.py
[2023-11-22T21:02:06.018+0000] {processor.py:829} INFO - Processing file /home/airflow/.local/lib/python3.8/site-packages/airflow/example_dags/example_kubernetes_executor.py for tasks to queue
[2023-11-22T21:02:06.019+0000] {logging_mixin.py:154} INFO - [2023-11-22T21:02:06.019+0000] {dagbag.py:536} INFO - Filling up the DagBag from /home/airflow/.local/lib/python3.8/site-packages/airflow/example_dags/example_kubernetes_executor.py
[2023-11-22T21:02:06.032+0000] {processor.py:839} INFO - DAG(s) dict_keys(['example_kubernetes_executor']) retrieved from /home/airflow/.local/lib/python3.8/site-packages/airflow/example_dags/example_kubernetes_executor.py
[2023-11-22T21:02:06.070+0000] {logging_mixin.py:154} INFO - [2023-11-22T21:02:06.070+0000] {dag.py:2941} INFO - Sync 1 DAGs
[2023-11-22T21:02:06.080+0000] {logging_mixin.py:154} INFO - [2023-11-22T21:02:06.080+0000] {dag.py:3722} INFO - Setting next_dagrun for example_kubernetes_executor to None, run_after=None
[2023-11-22T21:02:06.095+0000] {processor.py:179} INFO - Processing /home/airflow/.local/lib/python3.8/site-packages/airflow/example_dags/example_kubernetes_executor.py took 0.081 seconds
[2023-11-22T21:02:36.873+0000] {processor.py:157} INFO - Started process (PID=12514) to work on /home/airflow/.local/lib/python3.8/site-packages/airflow/example_dags/example_kubernetes_executor.py
[2023-11-22T21:02:36.874+0000] {processor.py:829} INFO - Processing file /home/airflow/.local/lib/python3.8/site-packages/airflow/example_dags/example_kubernetes_executor.py for tasks to queue
[2023-11-22T21:02:36.875+0000] {logging_mixin.py:154} INFO - [2023-11-22T21:02:36.875+0000] {dagbag.py:536} INFO - Filling up the DagBag from /home/airflow/.local/lib/python3.8/site-packages/airflow/example_dags/example_kubernetes_executor.py
[2023-11-22T21:02:36.886+0000] {processor.py:839} INFO - DAG(s) dict_keys(['example_kubernetes_executor']) retrieved from /home/airflow/.local/lib/python3.8/site-packages/airflow/example_dags/example_kubernetes_executor.py
[2023-11-22T21:02:36.921+0000] {logging_mixin.py:154} INFO - [2023-11-22T21:02:36.921+0000] {dag.py:2941} INFO - Sync 1 DAGs
[2023-11-22T21:02:36.930+0000] {logging_mixin.py:154} INFO - [2023-11-22T21:02:36.930+0000] {dag.py:3722} INFO - Setting next_dagrun for example_kubernetes_executor to None, run_after=None
[2023-11-22T21:02:36.943+0000] {processor.py:179} INFO - Processing /home/airflow/.local/lib/python3.8/site-packages/airflow/example_dags/example_kubernetes_executor.py took 0.073 seconds
[2023-11-22T21:03:07.372+0000] {processor.py:157} INFO - Started process (PID=12751) to work on /home/airflow/.local/lib/python3.8/site-packages/airflow/example_dags/example_kubernetes_executor.py
[2023-11-22T21:03:07.373+0000] {processor.py:829} INFO - Processing file /home/airflow/.local/lib/python3.8/site-packages/airflow/example_dags/example_kubernetes_executor.py for tasks to queue
[2023-11-22T21:03:07.374+0000] {logging_mixin.py:154} INFO - [2023-11-22T21:03:07.374+0000] {dagbag.py:536} INFO - Filling up the DagBag from /home/airflow/.local/lib/python3.8/site-packages/airflow/example_dags/example_kubernetes_executor.py
[2023-11-22T21:03:07.389+0000] {processor.py:839} INFO - DAG(s) dict_keys(['example_kubernetes_executor']) retrieved from /home/airflow/.local/lib/python3.8/site-packages/airflow/example_dags/example_kubernetes_executor.py
[2023-11-22T21:03:07.431+0000] {logging_mixin.py:154} INFO - [2023-11-22T21:03:07.431+0000] {dag.py:2941} INFO - Sync 1 DAGs
[2023-11-22T21:03:07.444+0000] {logging_mixin.py:154} INFO - [2023-11-22T21:03:07.444+0000] {dag.py:3722} INFO - Setting next_dagrun for example_kubernetes_executor to None, run_after=None
[2023-11-22T21:03:07.459+0000] {processor.py:179} INFO - Processing /home/airflow/.local/lib/python3.8/site-packages/airflow/example_dags/example_kubernetes_executor.py took 0.092 seconds
[2023-11-22T21:03:38.108+0000] {processor.py:157} INFO - Started process (PID=12989) to work on /home/airflow/.local/lib/python3.8/site-packages/airflow/example_dags/example_kubernetes_executor.py
[2023-11-22T21:03:38.109+0000] {processor.py:829} INFO - Processing file /home/airflow/.local/lib/python3.8/site-packages/airflow/example_dags/example_kubernetes_executor.py for tasks to queue
[2023-11-22T21:03:38.110+0000] {logging_mixin.py:154} INFO - [2023-11-22T21:03:38.109+0000] {dagbag.py:536} INFO - Filling up the DagBag from /home/airflow/.local/lib/python3.8/site-packages/airflow/example_dags/example_kubernetes_executor.py
[2023-11-22T21:03:38.122+0000] {processor.py:839} INFO - DAG(s) dict_keys(['example_kubernetes_executor']) retrieved from /home/airflow/.local/lib/python3.8/site-packages/airflow/example_dags/example_kubernetes_executor.py
[2023-11-22T21:03:38.160+0000] {logging_mixin.py:154} INFO - [2023-11-22T21:03:38.160+0000] {dag.py:2941} INFO - Sync 1 DAGs
[2023-11-22T21:03:38.171+0000] {logging_mixin.py:154} INFO - [2023-11-22T21:03:38.171+0000] {dag.py:3722} INFO - Setting next_dagrun for example_kubernetes_executor to None, run_after=None
[2023-11-22T21:03:38.192+0000] {processor.py:179} INFO - Processing /home/airflow/.local/lib/python3.8/site-packages/airflow/example_dags/example_kubernetes_executor.py took 0.087 seconds
[2023-11-22T21:04:08.664+0000] {processor.py:157} INFO - Started process (PID=13229) to work on /home/airflow/.local/lib/python3.8/site-packages/airflow/example_dags/example_kubernetes_executor.py
[2023-11-22T21:04:08.665+0000] {processor.py:829} INFO - Processing file /home/airflow/.local/lib/python3.8/site-packages/airflow/example_dags/example_kubernetes_executor.py for tasks to queue
[2023-11-22T21:04:08.666+0000] {logging_mixin.py:154} INFO - [2023-11-22T21:04:08.666+0000] {dagbag.py:536} INFO - Filling up the DagBag from /home/airflow/.local/lib/python3.8/site-packages/airflow/example_dags/example_kubernetes_executor.py
[2023-11-22T21:04:08.679+0000] {processor.py:839} INFO - DAG(s) dict_keys(['example_kubernetes_executor']) retrieved from /home/airflow/.local/lib/python3.8/site-packages/airflow/example_dags/example_kubernetes_executor.py
[2023-11-22T21:04:08.715+0000] {logging_mixin.py:154} INFO - [2023-11-22T21:04:08.715+0000] {dag.py:2941} INFO - Sync 1 DAGs
[2023-11-22T21:04:08.725+0000] {logging_mixin.py:154} INFO - [2023-11-22T21:04:08.725+0000] {dag.py:3722} INFO - Setting next_dagrun for example_kubernetes_executor to None, run_after=None
[2023-11-22T21:04:08.738+0000] {processor.py:179} INFO - Processing /home/airflow/.local/lib/python3.8/site-packages/airflow/example_dags/example_kubernetes_executor.py took 0.078 seconds
[2023-11-22T21:04:39.236+0000] {processor.py:157} INFO - Started process (PID=13467) to work on /home/airflow/.local/lib/python3.8/site-packages/airflow/example_dags/example_kubernetes_executor.py
[2023-11-22T21:04:39.236+0000] {processor.py:829} INFO - Processing file /home/airflow/.local/lib/python3.8/site-packages/airflow/example_dags/example_kubernetes_executor.py for tasks to queue
[2023-11-22T21:04:39.237+0000] {logging_mixin.py:154} INFO - [2023-11-22T21:04:39.237+0000] {dagbag.py:536} INFO - Filling up the DagBag from /home/airflow/.local/lib/python3.8/site-packages/airflow/example_dags/example_kubernetes_executor.py
[2023-11-22T21:04:39.249+0000] {processor.py:839} INFO - DAG(s) dict_keys(['example_kubernetes_executor']) retrieved from /home/airflow/.local/lib/python3.8/site-packages/airflow/example_dags/example_kubernetes_executor.py
[2023-11-22T21:04:39.284+0000] {logging_mixin.py:154} INFO - [2023-11-22T21:04:39.284+0000] {dag.py:2941} INFO - Sync 1 DAGs
[2023-11-22T21:04:39.294+0000] {logging_mixin.py:154} INFO - [2023-11-22T21:04:39.294+0000] {dag.py:3722} INFO - Setting next_dagrun for example_kubernetes_executor to None, run_after=None
[2023-11-22T21:04:39.307+0000] {processor.py:179} INFO - Processing /home/airflow/.local/lib/python3.8/site-packages/airflow/example_dags/example_kubernetes_executor.py took 0.075 seconds
[2023-11-22T21:05:09.751+0000] {processor.py:157} INFO - Started process (PID=13703) to work on /home/airflow/.local/lib/python3.8/site-packages/airflow/example_dags/example_kubernetes_executor.py
[2023-11-22T21:05:09.752+0000] {processor.py:829} INFO - Processing file /home/airflow/.local/lib/python3.8/site-packages/airflow/example_dags/example_kubernetes_executor.py for tasks to queue
[2023-11-22T21:05:09.753+0000] {logging_mixin.py:154} INFO - [2023-11-22T21:05:09.752+0000] {dagbag.py:536} INFO - Filling up the DagBag from /home/airflow/.local/lib/python3.8/site-packages/airflow/example_dags/example_kubernetes_executor.py
[2023-11-22T21:05:09.763+0000] {processor.py:839} INFO - DAG(s) dict_keys(['example_kubernetes_executor']) retrieved from /home/airflow/.local/lib/python3.8/site-packages/airflow/example_dags/example_kubernetes_executor.py
[2023-11-22T21:05:09.799+0000] {logging_mixin.py:154} INFO - [2023-11-22T21:05:09.799+0000] {dag.py:2941} INFO - Sync 1 DAGs
[2023-11-22T21:05:09.809+0000] {logging_mixin.py:154} INFO - [2023-11-22T21:05:09.809+0000] {dag.py:3722} INFO - Setting next_dagrun for example_kubernetes_executor to None, run_after=None
[2023-11-22T21:05:09.822+0000] {processor.py:179} INFO - Processing /home/airflow/.local/lib/python3.8/site-packages/airflow/example_dags/example_kubernetes_executor.py took 0.075 seconds
[2023-11-22T21:05:40.728+0000] {processor.py:157} INFO - Started process (PID=13940) to work on /home/airflow/.local/lib/python3.8/site-packages/airflow/example_dags/example_kubernetes_executor.py
[2023-11-22T21:05:40.729+0000] {processor.py:829} INFO - Processing file /home/airflow/.local/lib/python3.8/site-packages/airflow/example_dags/example_kubernetes_executor.py for tasks to queue
[2023-11-22T21:05:40.730+0000] {logging_mixin.py:154} INFO - [2023-11-22T21:05:40.730+0000] {dagbag.py:536} INFO - Filling up the DagBag from /home/airflow/.local/lib/python3.8/site-packages/airflow/example_dags/example_kubernetes_executor.py
[2023-11-22T21:05:40.746+0000] {processor.py:839} INFO - DAG(s) dict_keys(['example_kubernetes_executor']) retrieved from /home/airflow/.local/lib/python3.8/site-packages/airflow/example_dags/example_kubernetes_executor.py
[2023-11-22T21:05:40.799+0000] {logging_mixin.py:154} INFO - [2023-11-22T21:05:40.799+0000] {dag.py:2941} INFO - Sync 1 DAGs
[2023-11-22T21:05:40.812+0000] {logging_mixin.py:154} INFO - [2023-11-22T21:05:40.811+0000] {dag.py:3722} INFO - Setting next_dagrun for example_kubernetes_executor to None, run_after=None
[2023-11-22T21:05:40.829+0000] {processor.py:179} INFO - Processing /home/airflow/.local/lib/python3.8/site-packages/airflow/example_dags/example_kubernetes_executor.py took 0.105 seconds
[2023-11-22T21:06:10.916+0000] {processor.py:157} INFO - Started process (PID=14180) to work on /home/airflow/.local/lib/python3.8/site-packages/airflow/example_dags/example_kubernetes_executor.py
[2023-11-22T21:06:10.917+0000] {processor.py:829} INFO - Processing file /home/airflow/.local/lib/python3.8/site-packages/airflow/example_dags/example_kubernetes_executor.py for tasks to queue
[2023-11-22T21:06:10.918+0000] {logging_mixin.py:154} INFO - [2023-11-22T21:06:10.918+0000] {dagbag.py:536} INFO - Filling up the DagBag from /home/airflow/.local/lib/python3.8/site-packages/airflow/example_dags/example_kubernetes_executor.py
[2023-11-22T21:06:10.929+0000] {processor.py:839} INFO - DAG(s) dict_keys(['example_kubernetes_executor']) retrieved from /home/airflow/.local/lib/python3.8/site-packages/airflow/example_dags/example_kubernetes_executor.py
[2023-11-22T21:06:10.967+0000] {logging_mixin.py:154} INFO - [2023-11-22T21:06:10.967+0000] {dag.py:2941} INFO - Sync 1 DAGs
[2023-11-22T21:06:10.978+0000] {logging_mixin.py:154} INFO - [2023-11-22T21:06:10.978+0000] {dag.py:3722} INFO - Setting next_dagrun for example_kubernetes_executor to None, run_after=None
[2023-11-22T21:06:10.993+0000] {processor.py:179} INFO - Processing /home/airflow/.local/lib/python3.8/site-packages/airflow/example_dags/example_kubernetes_executor.py took 0.080 seconds
[2023-11-22T21:06:41.787+0000] {processor.py:157} INFO - Started process (PID=14423) to work on /home/airflow/.local/lib/python3.8/site-packages/airflow/example_dags/example_kubernetes_executor.py
[2023-11-22T21:06:41.788+0000] {processor.py:829} INFO - Processing file /home/airflow/.local/lib/python3.8/site-packages/airflow/example_dags/example_kubernetes_executor.py for tasks to queue
[2023-11-22T21:06:41.789+0000] {logging_mixin.py:154} INFO - [2023-11-22T21:06:41.789+0000] {dagbag.py:536} INFO - Filling up the DagBag from /home/airflow/.local/lib/python3.8/site-packages/airflow/example_dags/example_kubernetes_executor.py
[2023-11-22T21:06:41.801+0000] {processor.py:839} INFO - DAG(s) dict_keys(['example_kubernetes_executor']) retrieved from /home/airflow/.local/lib/python3.8/site-packages/airflow/example_dags/example_kubernetes_executor.py
[2023-11-22T21:06:41.840+0000] {logging_mixin.py:154} INFO - [2023-11-22T21:06:41.840+0000] {dag.py:2941} INFO - Sync 1 DAGs
[2023-11-22T21:06:41.849+0000] {logging_mixin.py:154} INFO - [2023-11-22T21:06:41.849+0000] {dag.py:3722} INFO - Setting next_dagrun for example_kubernetes_executor to None, run_after=None
[2023-11-22T21:06:41.862+0000] {processor.py:179} INFO - Processing /home/airflow/.local/lib/python3.8/site-packages/airflow/example_dags/example_kubernetes_executor.py took 0.078 seconds
[2023-11-22T21:07:13.161+0000] {processor.py:157} INFO - Started process (PID=14656) to work on /home/airflow/.local/lib/python3.8/site-packages/airflow/example_dags/example_kubernetes_executor.py
[2023-11-22T21:07:13.163+0000] {processor.py:829} INFO - Processing file /home/airflow/.local/lib/python3.8/site-packages/airflow/example_dags/example_kubernetes_executor.py for tasks to queue
[2023-11-22T21:07:13.164+0000] {logging_mixin.py:154} INFO - [2023-11-22T21:07:13.163+0000] {dagbag.py:536} INFO - Filling up the DagBag from /home/airflow/.local/lib/python3.8/site-packages/airflow/example_dags/example_kubernetes_executor.py
[2023-11-22T21:07:13.186+0000] {processor.py:839} INFO - DAG(s) dict_keys(['example_kubernetes_executor']) retrieved from /home/airflow/.local/lib/python3.8/site-packages/airflow/example_dags/example_kubernetes_executor.py
[2023-11-22T21:07:13.238+0000] {logging_mixin.py:154} INFO - [2023-11-22T21:07:13.237+0000] {dag.py:2941} INFO - Sync 1 DAGs
[2023-11-22T21:07:13.250+0000] {logging_mixin.py:154} INFO - [2023-11-22T21:07:13.250+0000] {dag.py:3722} INFO - Setting next_dagrun for example_kubernetes_executor to None, run_after=None
[2023-11-22T21:07:13.266+0000] {processor.py:179} INFO - Processing /home/airflow/.local/lib/python3.8/site-packages/airflow/example_dags/example_kubernetes_executor.py took 0.109 seconds
[2023-11-22T21:07:43.860+0000] {processor.py:157} INFO - Started process (PID=14892) to work on /home/airflow/.local/lib/python3.8/site-packages/airflow/example_dags/example_kubernetes_executor.py
[2023-11-22T21:07:43.861+0000] {processor.py:829} INFO - Processing file /home/airflow/.local/lib/python3.8/site-packages/airflow/example_dags/example_kubernetes_executor.py for tasks to queue
[2023-11-22T21:07:43.862+0000] {logging_mixin.py:154} INFO - [2023-11-22T21:07:43.862+0000] {dagbag.py:536} INFO - Filling up the DagBag from /home/airflow/.local/lib/python3.8/site-packages/airflow/example_dags/example_kubernetes_executor.py
[2023-11-22T21:07:43.873+0000] {processor.py:839} INFO - DAG(s) dict_keys(['example_kubernetes_executor']) retrieved from /home/airflow/.local/lib/python3.8/site-packages/airflow/example_dags/example_kubernetes_executor.py
[2023-11-22T21:07:43.909+0000] {logging_mixin.py:154} INFO - [2023-11-22T21:07:43.909+0000] {dag.py:2941} INFO - Sync 1 DAGs
[2023-11-22T21:07:43.918+0000] {logging_mixin.py:154} INFO - [2023-11-22T21:07:43.918+0000] {dag.py:3722} INFO - Setting next_dagrun for example_kubernetes_executor to None, run_after=None
[2023-11-22T21:07:43.931+0000] {processor.py:179} INFO - Processing /home/airflow/.local/lib/python3.8/site-packages/airflow/example_dags/example_kubernetes_executor.py took 0.074 seconds
[2023-11-22T21:08:14.687+0000] {processor.py:157} INFO - Started process (PID=15130) to work on /home/airflow/.local/lib/python3.8/site-packages/airflow/example_dags/example_kubernetes_executor.py
[2023-11-22T21:08:14.687+0000] {processor.py:829} INFO - Processing file /home/airflow/.local/lib/python3.8/site-packages/airflow/example_dags/example_kubernetes_executor.py for tasks to queue
[2023-11-22T21:08:14.688+0000] {logging_mixin.py:154} INFO - [2023-11-22T21:08:14.688+0000] {dagbag.py:536} INFO - Filling up the DagBag from /home/airflow/.local/lib/python3.8/site-packages/airflow/example_dags/example_kubernetes_executor.py
[2023-11-22T21:08:14.700+0000] {processor.py:839} INFO - DAG(s) dict_keys(['example_kubernetes_executor']) retrieved from /home/airflow/.local/lib/python3.8/site-packages/airflow/example_dags/example_kubernetes_executor.py
[2023-11-22T21:08:14.738+0000] {logging_mixin.py:154} INFO - [2023-11-22T21:08:14.738+0000] {dag.py:2941} INFO - Sync 1 DAGs
[2023-11-22T21:08:14.751+0000] {logging_mixin.py:154} INFO - [2023-11-22T21:08:14.751+0000] {dag.py:3722} INFO - Setting next_dagrun for example_kubernetes_executor to None, run_after=None
[2023-11-22T21:08:14.773+0000] {processor.py:179} INFO - Processing /home/airflow/.local/lib/python3.8/site-packages/airflow/example_dags/example_kubernetes_executor.py took 0.089 seconds
[2023-11-22T21:08:45.380+0000] {processor.py:157} INFO - Started process (PID=15368) to work on /home/airflow/.local/lib/python3.8/site-packages/airflow/example_dags/example_kubernetes_executor.py
[2023-11-22T21:08:45.381+0000] {processor.py:829} INFO - Processing file /home/airflow/.local/lib/python3.8/site-packages/airflow/example_dags/example_kubernetes_executor.py for tasks to queue
[2023-11-22T21:08:45.383+0000] {logging_mixin.py:154} INFO - [2023-11-22T21:08:45.382+0000] {dagbag.py:536} INFO - Filling up the DagBag from /home/airflow/.local/lib/python3.8/site-packages/airflow/example_dags/example_kubernetes_executor.py
[2023-11-22T21:08:45.399+0000] {processor.py:839} INFO - DAG(s) dict_keys(['example_kubernetes_executor']) retrieved from /home/airflow/.local/lib/python3.8/site-packages/airflow/example_dags/example_kubernetes_executor.py
[2023-11-22T21:08:45.448+0000] {logging_mixin.py:154} INFO - [2023-11-22T21:08:45.448+0000] {dag.py:2941} INFO - Sync 1 DAGs
[2023-11-22T21:08:45.462+0000] {logging_mixin.py:154} INFO - [2023-11-22T21:08:45.462+0000] {dag.py:3722} INFO - Setting next_dagrun for example_kubernetes_executor to None, run_after=None
[2023-11-22T21:08:45.492+0000] {processor.py:179} INFO - Processing /home/airflow/.local/lib/python3.8/site-packages/airflow/example_dags/example_kubernetes_executor.py took 0.117 seconds
[2023-11-22T21:09:44.213+0000] {processor.py:157} INFO - Started process (PID=369) to work on /home/airflow/.local/lib/python3.8/site-packages/airflow/example_dags/example_kubernetes_executor.py
[2023-11-22T21:09:44.214+0000] {processor.py:829} INFO - Processing file /home/airflow/.local/lib/python3.8/site-packages/airflow/example_dags/example_kubernetes_executor.py for tasks to queue
[2023-11-22T21:09:44.216+0000] {logging_mixin.py:154} INFO - [2023-11-22T21:09:44.215+0000] {dagbag.py:536} INFO - Filling up the DagBag from /home/airflow/.local/lib/python3.8/site-packages/airflow/example_dags/example_kubernetes_executor.py
[2023-11-22T21:09:44.240+0000] {processor.py:839} INFO - DAG(s) dict_keys(['example_kubernetes_executor']) retrieved from /home/airflow/.local/lib/python3.8/site-packages/airflow/example_dags/example_kubernetes_executor.py
[2023-11-22T21:09:44.267+0000] {logging_mixin.py:154} INFO - [2023-11-22T21:09:44.267+0000] {dag.py:2941} INFO - Sync 1 DAGs
[2023-11-22T21:09:44.289+0000] {logging_mixin.py:154} INFO - [2023-11-22T21:09:44.289+0000] {dag.py:3722} INFO - Setting next_dagrun for example_kubernetes_executor to None, run_after=None
[2023-11-22T21:09:44.316+0000] {processor.py:179} INFO - Processing /home/airflow/.local/lib/python3.8/site-packages/airflow/example_dags/example_kubernetes_executor.py took 0.109 seconds
[2023-11-22T21:10:15.297+0000] {processor.py:157} INFO - Started process (PID=608) to work on /home/airflow/.local/lib/python3.8/site-packages/airflow/example_dags/example_kubernetes_executor.py
[2023-11-22T21:10:15.299+0000] {processor.py:829} INFO - Processing file /home/airflow/.local/lib/python3.8/site-packages/airflow/example_dags/example_kubernetes_executor.py for tasks to queue
[2023-11-22T21:10:15.299+0000] {logging_mixin.py:154} INFO - [2023-11-22T21:10:15.299+0000] {dagbag.py:536} INFO - Filling up the DagBag from /home/airflow/.local/lib/python3.8/site-packages/airflow/example_dags/example_kubernetes_executor.py
[2023-11-22T21:10:15.311+0000] {processor.py:839} INFO - DAG(s) dict_keys(['example_kubernetes_executor']) retrieved from /home/airflow/.local/lib/python3.8/site-packages/airflow/example_dags/example_kubernetes_executor.py
[2023-11-22T21:10:15.347+0000] {logging_mixin.py:154} INFO - [2023-11-22T21:10:15.346+0000] {dag.py:2941} INFO - Sync 1 DAGs
[2023-11-22T21:10:15.356+0000] {logging_mixin.py:154} INFO - [2023-11-22T21:10:15.356+0000] {dag.py:3722} INFO - Setting next_dagrun for example_kubernetes_executor to None, run_after=None
[2023-11-22T21:10:15.370+0000] {processor.py:179} INFO - Processing /home/airflow/.local/lib/python3.8/site-packages/airflow/example_dags/example_kubernetes_executor.py took 0.076 seconds
