[2023-11-22T19:30:06.723+0000] {processor.py:157} INFO - Started process (PID=347) to work on /home/airflow/.local/lib/python3.8/site-packages/airflow/example_dags/example_task_group.py
[2023-11-22T19:30:06.724+0000] {processor.py:829} INFO - Processing file /home/airflow/.local/lib/python3.8/site-packages/airflow/example_dags/example_task_group.py for tasks to queue
[2023-11-22T19:30:06.726+0000] {logging_mixin.py:154} INFO - [2023-11-22T19:30:06.725+0000] {dagbag.py:536} INFO - Filling up the DagBag from /home/airflow/.local/lib/python3.8/site-packages/airflow/example_dags/example_task_group.py
[2023-11-22T19:30:06.739+0000] {processor.py:839} INFO - DAG(s) dict_keys(['example_task_group']) retrieved from /home/airflow/.local/lib/python3.8/site-packages/airflow/example_dags/example_task_group.py
[2023-11-22T19:30:06.758+0000] {logging_mixin.py:154} INFO - [2023-11-22T19:30:06.758+0000] {dag.py:2941} INFO - Sync 1 DAGs
[2023-11-22T19:30:06.803+0000] {logging_mixin.py:154} INFO - [2023-11-22T19:30:06.803+0000] {dag.py:3722} INFO - Setting next_dagrun for example_task_group to 2023-11-21T19:30:06.802691+00:00, run_after=2023-11-22T19:30:06.802691+00:00
[2023-11-22T19:30:06.821+0000] {processor.py:179} INFO - Processing /home/airflow/.local/lib/python3.8/site-packages/airflow/example_dags/example_task_group.py took 0.102 seconds
[2023-11-22T19:30:37.299+0000] {processor.py:157} INFO - Started process (PID=585) to work on /home/airflow/.local/lib/python3.8/site-packages/airflow/example_dags/example_task_group.py
[2023-11-22T19:30:37.301+0000] {processor.py:829} INFO - Processing file /home/airflow/.local/lib/python3.8/site-packages/airflow/example_dags/example_task_group.py for tasks to queue
[2023-11-22T19:30:37.303+0000] {logging_mixin.py:154} INFO - [2023-11-22T19:30:37.302+0000] {dagbag.py:536} INFO - Filling up the DagBag from /home/airflow/.local/lib/python3.8/site-packages/airflow/example_dags/example_task_group.py
[2023-11-22T19:30:37.311+0000] {processor.py:839} INFO - DAG(s) dict_keys(['example_task_group']) retrieved from /home/airflow/.local/lib/python3.8/site-packages/airflow/example_dags/example_task_group.py
[2023-11-22T19:30:37.360+0000] {logging_mixin.py:154} INFO - [2023-11-22T19:30:37.359+0000] {dag.py:2941} INFO - Sync 1 DAGs
[2023-11-22T19:30:37.400+0000] {logging_mixin.py:154} INFO - [2023-11-22T19:30:37.400+0000] {dag.py:3722} INFO - Setting next_dagrun for example_task_group to 2023-11-21T19:30:37.399711+00:00, run_after=2023-11-22T19:30:37.399711+00:00
[2023-11-22T19:30:37.419+0000] {processor.py:179} INFO - Processing /home/airflow/.local/lib/python3.8/site-packages/airflow/example_dags/example_task_group.py took 0.131 seconds
[2023-11-22T19:31:07.964+0000] {processor.py:157} INFO - Started process (PID=823) to work on /home/airflow/.local/lib/python3.8/site-packages/airflow/example_dags/example_task_group.py
[2023-11-22T19:31:07.966+0000] {processor.py:829} INFO - Processing file /home/airflow/.local/lib/python3.8/site-packages/airflow/example_dags/example_task_group.py for tasks to queue
[2023-11-22T19:31:07.967+0000] {logging_mixin.py:154} INFO - [2023-11-22T19:31:07.966+0000] {dagbag.py:536} INFO - Filling up the DagBag from /home/airflow/.local/lib/python3.8/site-packages/airflow/example_dags/example_task_group.py
[2023-11-22T19:31:07.981+0000] {processor.py:839} INFO - DAG(s) dict_keys(['example_task_group']) retrieved from /home/airflow/.local/lib/python3.8/site-packages/airflow/example_dags/example_task_group.py
[2023-11-22T19:31:08.009+0000] {logging_mixin.py:154} INFO - [2023-11-22T19:31:08.009+0000] {dag.py:2941} INFO - Sync 1 DAGs
[2023-11-22T19:31:08.036+0000] {logging_mixin.py:154} INFO - [2023-11-22T19:31:08.036+0000] {dag.py:3722} INFO - Setting next_dagrun for example_task_group to 2023-11-21T19:31:08.035882+00:00, run_after=2023-11-22T19:31:08.035882+00:00
[2023-11-22T19:31:08.048+0000] {processor.py:179} INFO - Processing /home/airflow/.local/lib/python3.8/site-packages/airflow/example_dags/example_task_group.py took 0.087 seconds
[2023-11-22T19:31:38.852+0000] {processor.py:157} INFO - Started process (PID=1061) to work on /home/airflow/.local/lib/python3.8/site-packages/airflow/example_dags/example_task_group.py
[2023-11-22T19:31:38.853+0000] {processor.py:829} INFO - Processing file /home/airflow/.local/lib/python3.8/site-packages/airflow/example_dags/example_task_group.py for tasks to queue
[2023-11-22T19:31:38.854+0000] {logging_mixin.py:154} INFO - [2023-11-22T19:31:38.853+0000] {dagbag.py:536} INFO - Filling up the DagBag from /home/airflow/.local/lib/python3.8/site-packages/airflow/example_dags/example_task_group.py
[2023-11-22T19:31:38.861+0000] {processor.py:839} INFO - DAG(s) dict_keys(['example_task_group']) retrieved from /home/airflow/.local/lib/python3.8/site-packages/airflow/example_dags/example_task_group.py
[2023-11-22T19:31:38.882+0000] {logging_mixin.py:154} INFO - [2023-11-22T19:31:38.882+0000] {dag.py:2941} INFO - Sync 1 DAGs
[2023-11-22T19:31:38.900+0000] {logging_mixin.py:154} INFO - [2023-11-22T19:31:38.900+0000] {dag.py:3722} INFO - Setting next_dagrun for example_task_group to 2023-11-21T19:31:38.900065+00:00, run_after=2023-11-22T19:31:38.900065+00:00
[2023-11-22T19:31:38.912+0000] {processor.py:179} INFO - Processing /home/airflow/.local/lib/python3.8/site-packages/airflow/example_dags/example_task_group.py took 0.064 seconds
[2023-11-22T19:32:09.062+0000] {processor.py:157} INFO - Started process (PID=1301) to work on /home/airflow/.local/lib/python3.8/site-packages/airflow/example_dags/example_task_group.py
[2023-11-22T19:32:09.063+0000] {processor.py:829} INFO - Processing file /home/airflow/.local/lib/python3.8/site-packages/airflow/example_dags/example_task_group.py for tasks to queue
[2023-11-22T19:32:09.064+0000] {logging_mixin.py:154} INFO - [2023-11-22T19:32:09.063+0000] {dagbag.py:536} INFO - Filling up the DagBag from /home/airflow/.local/lib/python3.8/site-packages/airflow/example_dags/example_task_group.py
[2023-11-22T19:32:09.070+0000] {processor.py:839} INFO - DAG(s) dict_keys(['example_task_group']) retrieved from /home/airflow/.local/lib/python3.8/site-packages/airflow/example_dags/example_task_group.py
[2023-11-22T19:32:09.091+0000] {logging_mixin.py:154} INFO - [2023-11-22T19:32:09.091+0000] {dag.py:2941} INFO - Sync 1 DAGs
[2023-11-22T19:32:09.107+0000] {logging_mixin.py:154} INFO - [2023-11-22T19:32:09.107+0000] {dag.py:3722} INFO - Setting next_dagrun for example_task_group to 2023-11-21T19:32:09.107096+00:00, run_after=2023-11-22T19:32:09.107096+00:00
[2023-11-22T19:32:09.120+0000] {processor.py:179} INFO - Processing /home/airflow/.local/lib/python3.8/site-packages/airflow/example_dags/example_task_group.py took 0.061 seconds
[2023-11-22T19:32:39.633+0000] {processor.py:157} INFO - Started process (PID=1537) to work on /home/airflow/.local/lib/python3.8/site-packages/airflow/example_dags/example_task_group.py
[2023-11-22T19:32:39.634+0000] {processor.py:829} INFO - Processing file /home/airflow/.local/lib/python3.8/site-packages/airflow/example_dags/example_task_group.py for tasks to queue
[2023-11-22T19:32:39.635+0000] {logging_mixin.py:154} INFO - [2023-11-22T19:32:39.635+0000] {dagbag.py:536} INFO - Filling up the DagBag from /home/airflow/.local/lib/python3.8/site-packages/airflow/example_dags/example_task_group.py
[2023-11-22T19:32:39.642+0000] {processor.py:839} INFO - DAG(s) dict_keys(['example_task_group']) retrieved from /home/airflow/.local/lib/python3.8/site-packages/airflow/example_dags/example_task_group.py
[2023-11-22T19:32:39.663+0000] {logging_mixin.py:154} INFO - [2023-11-22T19:32:39.663+0000] {dag.py:2941} INFO - Sync 1 DAGs
[2023-11-22T19:32:39.679+0000] {logging_mixin.py:154} INFO - [2023-11-22T19:32:39.679+0000] {dag.py:3722} INFO - Setting next_dagrun for example_task_group to 2023-11-21T19:32:39.679537+00:00, run_after=2023-11-22T19:32:39.679537+00:00
[2023-11-22T19:32:39.692+0000] {processor.py:179} INFO - Processing /home/airflow/.local/lib/python3.8/site-packages/airflow/example_dags/example_task_group.py took 0.062 seconds
[2023-11-22T19:33:10.429+0000] {processor.py:157} INFO - Started process (PID=1777) to work on /home/airflow/.local/lib/python3.8/site-packages/airflow/example_dags/example_task_group.py
[2023-11-22T19:33:10.430+0000] {processor.py:829} INFO - Processing file /home/airflow/.local/lib/python3.8/site-packages/airflow/example_dags/example_task_group.py for tasks to queue
[2023-11-22T19:33:10.430+0000] {logging_mixin.py:154} INFO - [2023-11-22T19:33:10.430+0000] {dagbag.py:536} INFO - Filling up the DagBag from /home/airflow/.local/lib/python3.8/site-packages/airflow/example_dags/example_task_group.py
[2023-11-22T19:33:10.437+0000] {processor.py:839} INFO - DAG(s) dict_keys(['example_task_group']) retrieved from /home/airflow/.local/lib/python3.8/site-packages/airflow/example_dags/example_task_group.py
[2023-11-22T19:33:10.458+0000] {logging_mixin.py:154} INFO - [2023-11-22T19:33:10.458+0000] {dag.py:2941} INFO - Sync 1 DAGs
[2023-11-22T19:33:10.474+0000] {logging_mixin.py:154} INFO - [2023-11-22T19:33:10.474+0000] {dag.py:3722} INFO - Setting next_dagrun for example_task_group to 2023-11-21T19:33:10.474483+00:00, run_after=2023-11-22T19:33:10.474483+00:00
[2023-11-22T19:33:10.486+0000] {processor.py:179} INFO - Processing /home/airflow/.local/lib/python3.8/site-packages/airflow/example_dags/example_task_group.py took 0.061 seconds
[2023-11-22T19:33:40.993+0000] {processor.py:157} INFO - Started process (PID=2013) to work on /home/airflow/.local/lib/python3.8/site-packages/airflow/example_dags/example_task_group.py
[2023-11-22T19:33:40.994+0000] {processor.py:829} INFO - Processing file /home/airflow/.local/lib/python3.8/site-packages/airflow/example_dags/example_task_group.py for tasks to queue
[2023-11-22T19:33:40.995+0000] {logging_mixin.py:154} INFO - [2023-11-22T19:33:40.995+0000] {dagbag.py:536} INFO - Filling up the DagBag from /home/airflow/.local/lib/python3.8/site-packages/airflow/example_dags/example_task_group.py
[2023-11-22T19:33:41.003+0000] {processor.py:839} INFO - DAG(s) dict_keys(['example_task_group']) retrieved from /home/airflow/.local/lib/python3.8/site-packages/airflow/example_dags/example_task_group.py
[2023-11-22T19:33:41.025+0000] {logging_mixin.py:154} INFO - [2023-11-22T19:33:41.025+0000] {dag.py:2941} INFO - Sync 1 DAGs
[2023-11-22T19:33:41.044+0000] {logging_mixin.py:154} INFO - [2023-11-22T19:33:41.044+0000] {dag.py:3722} INFO - Setting next_dagrun for example_task_group to 2023-11-21T19:33:41.043886+00:00, run_after=2023-11-22T19:33:41.043886+00:00
[2023-11-22T19:33:41.058+0000] {processor.py:179} INFO - Processing /home/airflow/.local/lib/python3.8/site-packages/airflow/example_dags/example_task_group.py took 0.068 seconds
[2023-11-22T19:34:11.731+0000] {processor.py:157} INFO - Started process (PID=2251) to work on /home/airflow/.local/lib/python3.8/site-packages/airflow/example_dags/example_task_group.py
[2023-11-22T19:34:11.732+0000] {processor.py:829} INFO - Processing file /home/airflow/.local/lib/python3.8/site-packages/airflow/example_dags/example_task_group.py for tasks to queue
[2023-11-22T19:34:11.732+0000] {logging_mixin.py:154} INFO - [2023-11-22T19:34:11.732+0000] {dagbag.py:536} INFO - Filling up the DagBag from /home/airflow/.local/lib/python3.8/site-packages/airflow/example_dags/example_task_group.py
[2023-11-22T19:34:11.739+0000] {processor.py:839} INFO - DAG(s) dict_keys(['example_task_group']) retrieved from /home/airflow/.local/lib/python3.8/site-packages/airflow/example_dags/example_task_group.py
[2023-11-22T19:34:11.761+0000] {logging_mixin.py:154} INFO - [2023-11-22T19:34:11.761+0000] {dag.py:2941} INFO - Sync 1 DAGs
[2023-11-22T19:34:11.778+0000] {logging_mixin.py:154} INFO - [2023-11-22T19:34:11.778+0000] {dag.py:3722} INFO - Setting next_dagrun for example_task_group to 2023-11-21T19:34:11.778229+00:00, run_after=2023-11-22T19:34:11.778229+00:00
[2023-11-22T19:34:11.792+0000] {processor.py:179} INFO - Processing /home/airflow/.local/lib/python3.8/site-packages/airflow/example_dags/example_task_group.py took 0.065 seconds
[2023-11-22T19:34:42.027+0000] {processor.py:157} INFO - Started process (PID=2489) to work on /home/airflow/.local/lib/python3.8/site-packages/airflow/example_dags/example_task_group.py
[2023-11-22T19:34:42.028+0000] {processor.py:829} INFO - Processing file /home/airflow/.local/lib/python3.8/site-packages/airflow/example_dags/example_task_group.py for tasks to queue
[2023-11-22T19:34:42.028+0000] {logging_mixin.py:154} INFO - [2023-11-22T19:34:42.028+0000] {dagbag.py:536} INFO - Filling up the DagBag from /home/airflow/.local/lib/python3.8/site-packages/airflow/example_dags/example_task_group.py
[2023-11-22T19:34:42.036+0000] {processor.py:839} INFO - DAG(s) dict_keys(['example_task_group']) retrieved from /home/airflow/.local/lib/python3.8/site-packages/airflow/example_dags/example_task_group.py
[2023-11-22T19:34:42.058+0000] {logging_mixin.py:154} INFO - [2023-11-22T19:34:42.058+0000] {dag.py:2941} INFO - Sync 1 DAGs
[2023-11-22T19:34:42.075+0000] {logging_mixin.py:154} INFO - [2023-11-22T19:34:42.075+0000] {dag.py:3722} INFO - Setting next_dagrun for example_task_group to 2023-11-21T19:34:42.074847+00:00, run_after=2023-11-22T19:34:42.074847+00:00
[2023-11-22T19:34:42.088+0000] {processor.py:179} INFO - Processing /home/airflow/.local/lib/python3.8/site-packages/airflow/example_dags/example_task_group.py took 0.064 seconds
[2023-11-22T19:35:12.399+0000] {processor.py:157} INFO - Started process (PID=2728) to work on /home/airflow/.local/lib/python3.8/site-packages/airflow/example_dags/example_task_group.py
[2023-11-22T19:35:12.400+0000] {processor.py:829} INFO - Processing file /home/airflow/.local/lib/python3.8/site-packages/airflow/example_dags/example_task_group.py for tasks to queue
[2023-11-22T19:35:12.401+0000] {logging_mixin.py:154} INFO - [2023-11-22T19:35:12.401+0000] {dagbag.py:536} INFO - Filling up the DagBag from /home/airflow/.local/lib/python3.8/site-packages/airflow/example_dags/example_task_group.py
[2023-11-22T19:35:12.408+0000] {processor.py:839} INFO - DAG(s) dict_keys(['example_task_group']) retrieved from /home/airflow/.local/lib/python3.8/site-packages/airflow/example_dags/example_task_group.py
[2023-11-22T19:35:12.430+0000] {logging_mixin.py:154} INFO - [2023-11-22T19:35:12.429+0000] {dag.py:2941} INFO - Sync 1 DAGs
[2023-11-22T19:35:12.446+0000] {logging_mixin.py:154} INFO - [2023-11-22T19:35:12.446+0000] {dag.py:3722} INFO - Setting next_dagrun for example_task_group to 2023-11-21T19:35:12.446340+00:00, run_after=2023-11-22T19:35:12.446340+00:00
[2023-11-22T19:35:12.459+0000] {processor.py:179} INFO - Processing /home/airflow/.local/lib/python3.8/site-packages/airflow/example_dags/example_task_group.py took 0.063 seconds
[2023-11-22T19:35:42.873+0000] {processor.py:157} INFO - Started process (PID=2965) to work on /home/airflow/.local/lib/python3.8/site-packages/airflow/example_dags/example_task_group.py
[2023-11-22T19:35:42.874+0000] {processor.py:829} INFO - Processing file /home/airflow/.local/lib/python3.8/site-packages/airflow/example_dags/example_task_group.py for tasks to queue
[2023-11-22T19:35:42.875+0000] {logging_mixin.py:154} INFO - [2023-11-22T19:35:42.874+0000] {dagbag.py:536} INFO - Filling up the DagBag from /home/airflow/.local/lib/python3.8/site-packages/airflow/example_dags/example_task_group.py
[2023-11-22T19:35:42.882+0000] {processor.py:839} INFO - DAG(s) dict_keys(['example_task_group']) retrieved from /home/airflow/.local/lib/python3.8/site-packages/airflow/example_dags/example_task_group.py
[2023-11-22T19:35:42.907+0000] {logging_mixin.py:154} INFO - [2023-11-22T19:35:42.907+0000] {dag.py:2941} INFO - Sync 1 DAGs
[2023-11-22T19:35:42.926+0000] {logging_mixin.py:154} INFO - [2023-11-22T19:35:42.925+0000] {dag.py:3722} INFO - Setting next_dagrun for example_task_group to 2023-11-21T19:35:42.925624+00:00, run_after=2023-11-22T19:35:42.925624+00:00
[2023-11-22T19:35:42.938+0000] {processor.py:179} INFO - Processing /home/airflow/.local/lib/python3.8/site-packages/airflow/example_dags/example_task_group.py took 0.069 seconds
[2023-11-22T19:36:13.324+0000] {processor.py:157} INFO - Started process (PID=3203) to work on /home/airflow/.local/lib/python3.8/site-packages/airflow/example_dags/example_task_group.py
[2023-11-22T19:36:13.324+0000] {processor.py:829} INFO - Processing file /home/airflow/.local/lib/python3.8/site-packages/airflow/example_dags/example_task_group.py for tasks to queue
[2023-11-22T19:36:13.325+0000] {logging_mixin.py:154} INFO - [2023-11-22T19:36:13.325+0000] {dagbag.py:536} INFO - Filling up the DagBag from /home/airflow/.local/lib/python3.8/site-packages/airflow/example_dags/example_task_group.py
[2023-11-22T19:36:13.332+0000] {processor.py:839} INFO - DAG(s) dict_keys(['example_task_group']) retrieved from /home/airflow/.local/lib/python3.8/site-packages/airflow/example_dags/example_task_group.py
[2023-11-22T19:36:13.354+0000] {logging_mixin.py:154} INFO - [2023-11-22T19:36:13.353+0000] {dag.py:2941} INFO - Sync 1 DAGs
[2023-11-22T19:36:13.370+0000] {logging_mixin.py:154} INFO - [2023-11-22T19:36:13.370+0000] {dag.py:3722} INFO - Setting next_dagrun for example_task_group to 2023-11-21T19:36:13.370199+00:00, run_after=2023-11-22T19:36:13.370199+00:00
[2023-11-22T19:36:13.383+0000] {processor.py:179} INFO - Processing /home/airflow/.local/lib/python3.8/site-packages/airflow/example_dags/example_task_group.py took 0.063 seconds
[2023-11-22T19:36:44.378+0000] {processor.py:157} INFO - Started process (PID=3443) to work on /home/airflow/.local/lib/python3.8/site-packages/airflow/example_dags/example_task_group.py
[2023-11-22T19:36:44.379+0000] {processor.py:829} INFO - Processing file /home/airflow/.local/lib/python3.8/site-packages/airflow/example_dags/example_task_group.py for tasks to queue
[2023-11-22T19:36:44.380+0000] {logging_mixin.py:154} INFO - [2023-11-22T19:36:44.380+0000] {dagbag.py:536} INFO - Filling up the DagBag from /home/airflow/.local/lib/python3.8/site-packages/airflow/example_dags/example_task_group.py
[2023-11-22T19:36:44.388+0000] {processor.py:839} INFO - DAG(s) dict_keys(['example_task_group']) retrieved from /home/airflow/.local/lib/python3.8/site-packages/airflow/example_dags/example_task_group.py
[2023-11-22T19:36:44.415+0000] {logging_mixin.py:154} INFO - [2023-11-22T19:36:44.415+0000] {dag.py:2941} INFO - Sync 1 DAGs
[2023-11-22T19:36:44.434+0000] {logging_mixin.py:154} INFO - [2023-11-22T19:36:44.434+0000] {dag.py:3722} INFO - Setting next_dagrun for example_task_group to 2023-11-21T19:36:44.433945+00:00, run_after=2023-11-22T19:36:44.433945+00:00
[2023-11-22T19:36:44.451+0000] {processor.py:179} INFO - Processing /home/airflow/.local/lib/python3.8/site-packages/airflow/example_dags/example_task_group.py took 0.077 seconds
[2023-11-22T19:37:15.314+0000] {processor.py:157} INFO - Started process (PID=3679) to work on /home/airflow/.local/lib/python3.8/site-packages/airflow/example_dags/example_task_group.py
[2023-11-22T19:37:15.315+0000] {processor.py:829} INFO - Processing file /home/airflow/.local/lib/python3.8/site-packages/airflow/example_dags/example_task_group.py for tasks to queue
[2023-11-22T19:37:15.316+0000] {logging_mixin.py:154} INFO - [2023-11-22T19:37:15.316+0000] {dagbag.py:536} INFO - Filling up the DagBag from /home/airflow/.local/lib/python3.8/site-packages/airflow/example_dags/example_task_group.py
[2023-11-22T19:37:15.323+0000] {processor.py:839} INFO - DAG(s) dict_keys(['example_task_group']) retrieved from /home/airflow/.local/lib/python3.8/site-packages/airflow/example_dags/example_task_group.py
[2023-11-22T19:37:15.346+0000] {logging_mixin.py:154} INFO - [2023-11-22T19:37:15.346+0000] {dag.py:2941} INFO - Sync 1 DAGs
[2023-11-22T19:37:15.370+0000] {logging_mixin.py:154} INFO - [2023-11-22T19:37:15.370+0000] {dag.py:3722} INFO - Setting next_dagrun for example_task_group to 2023-11-21T19:37:15.370344+00:00, run_after=2023-11-22T19:37:15.370344+00:00
[2023-11-22T19:37:15.385+0000] {processor.py:179} INFO - Processing /home/airflow/.local/lib/python3.8/site-packages/airflow/example_dags/example_task_group.py took 0.074 seconds
[2023-11-22T19:37:45.658+0000] {processor.py:157} INFO - Started process (PID=3917) to work on /home/airflow/.local/lib/python3.8/site-packages/airflow/example_dags/example_task_group.py
[2023-11-22T19:37:45.659+0000] {processor.py:829} INFO - Processing file /home/airflow/.local/lib/python3.8/site-packages/airflow/example_dags/example_task_group.py for tasks to queue
[2023-11-22T19:37:45.661+0000] {logging_mixin.py:154} INFO - [2023-11-22T19:37:45.660+0000] {dagbag.py:536} INFO - Filling up the DagBag from /home/airflow/.local/lib/python3.8/site-packages/airflow/example_dags/example_task_group.py
[2023-11-22T19:37:45.674+0000] {processor.py:839} INFO - DAG(s) dict_keys(['example_task_group']) retrieved from /home/airflow/.local/lib/python3.8/site-packages/airflow/example_dags/example_task_group.py
[2023-11-22T19:37:45.719+0000] {logging_mixin.py:154} INFO - [2023-11-22T19:37:45.719+0000] {dag.py:2941} INFO - Sync 1 DAGs
[2023-11-22T19:37:45.755+0000] {logging_mixin.py:154} INFO - [2023-11-22T19:37:45.755+0000] {dag.py:3722} INFO - Setting next_dagrun for example_task_group to 2023-11-21T19:37:45.754931+00:00, run_after=2023-11-22T19:37:45.754931+00:00
[2023-11-22T19:37:45.784+0000] {processor.py:179} INFO - Processing /home/airflow/.local/lib/python3.8/site-packages/airflow/example_dags/example_task_group.py took 0.131 seconds
[2023-11-22T19:38:15.852+0000] {processor.py:157} INFO - Started process (PID=4157) to work on /home/airflow/.local/lib/python3.8/site-packages/airflow/example_dags/example_task_group.py
[2023-11-22T19:38:15.853+0000] {processor.py:829} INFO - Processing file /home/airflow/.local/lib/python3.8/site-packages/airflow/example_dags/example_task_group.py for tasks to queue
[2023-11-22T19:38:15.854+0000] {logging_mixin.py:154} INFO - [2023-11-22T19:38:15.853+0000] {dagbag.py:536} INFO - Filling up the DagBag from /home/airflow/.local/lib/python3.8/site-packages/airflow/example_dags/example_task_group.py
[2023-11-22T19:38:15.861+0000] {processor.py:839} INFO - DAG(s) dict_keys(['example_task_group']) retrieved from /home/airflow/.local/lib/python3.8/site-packages/airflow/example_dags/example_task_group.py
[2023-11-22T19:38:15.882+0000] {logging_mixin.py:154} INFO - [2023-11-22T19:38:15.881+0000] {dag.py:2941} INFO - Sync 1 DAGs
[2023-11-22T19:38:15.898+0000] {logging_mixin.py:154} INFO - [2023-11-22T19:38:15.897+0000] {dag.py:3722} INFO - Setting next_dagrun for example_task_group to 2023-11-21T19:38:15.897737+00:00, run_after=2023-11-22T19:38:15.897737+00:00
[2023-11-22T19:38:15.910+0000] {processor.py:179} INFO - Processing /home/airflow/.local/lib/python3.8/site-packages/airflow/example_dags/example_task_group.py took 0.062 seconds
[2023-11-22T19:38:45.973+0000] {processor.py:157} INFO - Started process (PID=4394) to work on /home/airflow/.local/lib/python3.8/site-packages/airflow/example_dags/example_task_group.py
[2023-11-22T19:38:45.973+0000] {processor.py:829} INFO - Processing file /home/airflow/.local/lib/python3.8/site-packages/airflow/example_dags/example_task_group.py for tasks to queue
[2023-11-22T19:38:45.974+0000] {logging_mixin.py:154} INFO - [2023-11-22T19:38:45.974+0000] {dagbag.py:536} INFO - Filling up the DagBag from /home/airflow/.local/lib/python3.8/site-packages/airflow/example_dags/example_task_group.py
[2023-11-22T19:38:45.981+0000] {processor.py:839} INFO - DAG(s) dict_keys(['example_task_group']) retrieved from /home/airflow/.local/lib/python3.8/site-packages/airflow/example_dags/example_task_group.py
[2023-11-22T19:38:46.002+0000] {logging_mixin.py:154} INFO - [2023-11-22T19:38:46.002+0000] {dag.py:2941} INFO - Sync 1 DAGs
[2023-11-22T19:38:46.018+0000] {logging_mixin.py:154} INFO - [2023-11-22T19:38:46.018+0000] {dag.py:3722} INFO - Setting next_dagrun for example_task_group to 2023-11-21T19:38:46.018188+00:00, run_after=2023-11-22T19:38:46.018188+00:00
[2023-11-22T19:38:46.030+0000] {processor.py:179} INFO - Processing /home/airflow/.local/lib/python3.8/site-packages/airflow/example_dags/example_task_group.py took 0.060 seconds
[2023-11-22T19:39:16.362+0000] {processor.py:157} INFO - Started process (PID=4630) to work on /home/airflow/.local/lib/python3.8/site-packages/airflow/example_dags/example_task_group.py
[2023-11-22T19:39:16.363+0000] {processor.py:829} INFO - Processing file /home/airflow/.local/lib/python3.8/site-packages/airflow/example_dags/example_task_group.py for tasks to queue
[2023-11-22T19:39:16.364+0000] {logging_mixin.py:154} INFO - [2023-11-22T19:39:16.364+0000] {dagbag.py:536} INFO - Filling up the DagBag from /home/airflow/.local/lib/python3.8/site-packages/airflow/example_dags/example_task_group.py
[2023-11-22T19:39:16.371+0000] {processor.py:839} INFO - DAG(s) dict_keys(['example_task_group']) retrieved from /home/airflow/.local/lib/python3.8/site-packages/airflow/example_dags/example_task_group.py
[2023-11-22T19:39:16.392+0000] {logging_mixin.py:154} INFO - [2023-11-22T19:39:16.392+0000] {dag.py:2941} INFO - Sync 1 DAGs
[2023-11-22T19:39:16.408+0000] {logging_mixin.py:154} INFO - [2023-11-22T19:39:16.408+0000] {dag.py:3722} INFO - Setting next_dagrun for example_task_group to 2023-11-21T19:39:16.408142+00:00, run_after=2023-11-22T19:39:16.408142+00:00
[2023-11-22T19:39:16.421+0000] {processor.py:179} INFO - Processing /home/airflow/.local/lib/python3.8/site-packages/airflow/example_dags/example_task_group.py took 0.062 seconds
[2023-11-22T19:39:46.919+0000] {processor.py:157} INFO - Started process (PID=4868) to work on /home/airflow/.local/lib/python3.8/site-packages/airflow/example_dags/example_task_group.py
[2023-11-22T19:39:46.920+0000] {processor.py:829} INFO - Processing file /home/airflow/.local/lib/python3.8/site-packages/airflow/example_dags/example_task_group.py for tasks to queue
[2023-11-22T19:39:46.921+0000] {logging_mixin.py:154} INFO - [2023-11-22T19:39:46.921+0000] {dagbag.py:536} INFO - Filling up the DagBag from /home/airflow/.local/lib/python3.8/site-packages/airflow/example_dags/example_task_group.py
[2023-11-22T19:39:46.928+0000] {processor.py:839} INFO - DAG(s) dict_keys(['example_task_group']) retrieved from /home/airflow/.local/lib/python3.8/site-packages/airflow/example_dags/example_task_group.py
[2023-11-22T19:39:46.949+0000] {logging_mixin.py:154} INFO - [2023-11-22T19:39:46.949+0000] {dag.py:2941} INFO - Sync 1 DAGs
[2023-11-22T19:39:46.966+0000] {logging_mixin.py:154} INFO - [2023-11-22T19:39:46.966+0000] {dag.py:3722} INFO - Setting next_dagrun for example_task_group to 2023-11-21T19:39:46.966616+00:00, run_after=2023-11-22T19:39:46.966616+00:00
[2023-11-22T19:39:46.979+0000] {processor.py:179} INFO - Processing /home/airflow/.local/lib/python3.8/site-packages/airflow/example_dags/example_task_group.py took 0.063 seconds
[2023-11-22T19:40:17.408+0000] {processor.py:157} INFO - Started process (PID=5106) to work on /home/airflow/.local/lib/python3.8/site-packages/airflow/example_dags/example_task_group.py
[2023-11-22T19:40:17.409+0000] {processor.py:829} INFO - Processing file /home/airflow/.local/lib/python3.8/site-packages/airflow/example_dags/example_task_group.py for tasks to queue
[2023-11-22T19:40:17.410+0000] {logging_mixin.py:154} INFO - [2023-11-22T19:40:17.409+0000] {dagbag.py:536} INFO - Filling up the DagBag from /home/airflow/.local/lib/python3.8/site-packages/airflow/example_dags/example_task_group.py
[2023-11-22T19:40:17.416+0000] {processor.py:839} INFO - DAG(s) dict_keys(['example_task_group']) retrieved from /home/airflow/.local/lib/python3.8/site-packages/airflow/example_dags/example_task_group.py
[2023-11-22T19:40:17.438+0000] {logging_mixin.py:154} INFO - [2023-11-22T19:40:17.437+0000] {dag.py:2941} INFO - Sync 1 DAGs
[2023-11-22T19:40:17.454+0000] {logging_mixin.py:154} INFO - [2023-11-22T19:40:17.454+0000] {dag.py:3722} INFO - Setting next_dagrun for example_task_group to 2023-11-21T19:40:17.454179+00:00, run_after=2023-11-22T19:40:17.454179+00:00
[2023-11-22T19:40:17.467+0000] {processor.py:179} INFO - Processing /home/airflow/.local/lib/python3.8/site-packages/airflow/example_dags/example_task_group.py took 0.063 seconds
[2023-11-22T19:40:48.092+0000] {processor.py:157} INFO - Started process (PID=5344) to work on /home/airflow/.local/lib/python3.8/site-packages/airflow/example_dags/example_task_group.py
[2023-11-22T19:40:48.093+0000] {processor.py:829} INFO - Processing file /home/airflow/.local/lib/python3.8/site-packages/airflow/example_dags/example_task_group.py for tasks to queue
[2023-11-22T19:40:48.094+0000] {logging_mixin.py:154} INFO - [2023-11-22T19:40:48.093+0000] {dagbag.py:536} INFO - Filling up the DagBag from /home/airflow/.local/lib/python3.8/site-packages/airflow/example_dags/example_task_group.py
[2023-11-22T19:40:48.101+0000] {processor.py:839} INFO - DAG(s) dict_keys(['example_task_group']) retrieved from /home/airflow/.local/lib/python3.8/site-packages/airflow/example_dags/example_task_group.py
[2023-11-22T19:40:48.123+0000] {logging_mixin.py:154} INFO - [2023-11-22T19:40:48.123+0000] {dag.py:2941} INFO - Sync 1 DAGs
[2023-11-22T19:40:48.141+0000] {logging_mixin.py:154} INFO - [2023-11-22T19:40:48.141+0000] {dag.py:3722} INFO - Setting next_dagrun for example_task_group to 2023-11-21T19:40:48.141256+00:00, run_after=2023-11-22T19:40:48.141256+00:00
[2023-11-22T19:40:48.156+0000] {processor.py:179} INFO - Processing /home/airflow/.local/lib/python3.8/site-packages/airflow/example_dags/example_task_group.py took 0.067 seconds
[2023-11-22T19:41:18.546+0000] {processor.py:157} INFO - Started process (PID=5582) to work on /home/airflow/.local/lib/python3.8/site-packages/airflow/example_dags/example_task_group.py
[2023-11-22T19:41:18.547+0000] {processor.py:829} INFO - Processing file /home/airflow/.local/lib/python3.8/site-packages/airflow/example_dags/example_task_group.py for tasks to queue
[2023-11-22T19:41:18.548+0000] {logging_mixin.py:154} INFO - [2023-11-22T19:41:18.547+0000] {dagbag.py:536} INFO - Filling up the DagBag from /home/airflow/.local/lib/python3.8/site-packages/airflow/example_dags/example_task_group.py
[2023-11-22T19:41:18.554+0000] {processor.py:839} INFO - DAG(s) dict_keys(['example_task_group']) retrieved from /home/airflow/.local/lib/python3.8/site-packages/airflow/example_dags/example_task_group.py
[2023-11-22T19:41:18.576+0000] {logging_mixin.py:154} INFO - [2023-11-22T19:41:18.576+0000] {dag.py:2941} INFO - Sync 1 DAGs
[2023-11-22T19:41:18.593+0000] {logging_mixin.py:154} INFO - [2023-11-22T19:41:18.593+0000] {dag.py:3722} INFO - Setting next_dagrun for example_task_group to 2023-11-21T19:41:18.592886+00:00, run_after=2023-11-22T19:41:18.592886+00:00
[2023-11-22T19:41:18.605+0000] {processor.py:179} INFO - Processing /home/airflow/.local/lib/python3.8/site-packages/airflow/example_dags/example_task_group.py took 0.062 seconds
[2023-11-22T19:41:49.008+0000] {processor.py:157} INFO - Started process (PID=5820) to work on /home/airflow/.local/lib/python3.8/site-packages/airflow/example_dags/example_task_group.py
[2023-11-22T19:41:49.009+0000] {processor.py:829} INFO - Processing file /home/airflow/.local/lib/python3.8/site-packages/airflow/example_dags/example_task_group.py for tasks to queue
[2023-11-22T19:41:49.010+0000] {logging_mixin.py:154} INFO - [2023-11-22T19:41:49.010+0000] {dagbag.py:536} INFO - Filling up the DagBag from /home/airflow/.local/lib/python3.8/site-packages/airflow/example_dags/example_task_group.py
[2023-11-22T19:41:49.017+0000] {processor.py:839} INFO - DAG(s) dict_keys(['example_task_group']) retrieved from /home/airflow/.local/lib/python3.8/site-packages/airflow/example_dags/example_task_group.py
[2023-11-22T19:41:49.039+0000] {logging_mixin.py:154} INFO - [2023-11-22T19:41:49.039+0000] {dag.py:2941} INFO - Sync 1 DAGs
[2023-11-22T19:41:49.056+0000] {logging_mixin.py:154} INFO - [2023-11-22T19:41:49.056+0000] {dag.py:3722} INFO - Setting next_dagrun for example_task_group to 2023-11-21T19:41:49.056568+00:00, run_after=2023-11-22T19:41:49.056568+00:00
[2023-11-22T19:41:49.070+0000] {processor.py:179} INFO - Processing /home/airflow/.local/lib/python3.8/site-packages/airflow/example_dags/example_task_group.py took 0.065 seconds
[2023-11-22T19:42:19.391+0000] {processor.py:157} INFO - Started process (PID=6059) to work on /home/airflow/.local/lib/python3.8/site-packages/airflow/example_dags/example_task_group.py
[2023-11-22T19:42:19.392+0000] {processor.py:829} INFO - Processing file /home/airflow/.local/lib/python3.8/site-packages/airflow/example_dags/example_task_group.py for tasks to queue
[2023-11-22T19:42:19.393+0000] {logging_mixin.py:154} INFO - [2023-11-22T19:42:19.393+0000] {dagbag.py:536} INFO - Filling up the DagBag from /home/airflow/.local/lib/python3.8/site-packages/airflow/example_dags/example_task_group.py
[2023-11-22T19:42:19.400+0000] {processor.py:839} INFO - DAG(s) dict_keys(['example_task_group']) retrieved from /home/airflow/.local/lib/python3.8/site-packages/airflow/example_dags/example_task_group.py
[2023-11-22T19:42:19.421+0000] {logging_mixin.py:154} INFO - [2023-11-22T19:42:19.421+0000] {dag.py:2941} INFO - Sync 1 DAGs
[2023-11-22T19:42:19.437+0000] {logging_mixin.py:154} INFO - [2023-11-22T19:42:19.437+0000] {dag.py:3722} INFO - Setting next_dagrun for example_task_group to 2023-11-21T19:42:19.437433+00:00, run_after=2023-11-22T19:42:19.437433+00:00
[2023-11-22T19:42:19.450+0000] {processor.py:179} INFO - Processing /home/airflow/.local/lib/python3.8/site-packages/airflow/example_dags/example_task_group.py took 0.062 seconds
[2023-11-22T19:42:49.828+0000] {processor.py:157} INFO - Started process (PID=6295) to work on /home/airflow/.local/lib/python3.8/site-packages/airflow/example_dags/example_task_group.py
[2023-11-22T19:42:49.829+0000] {processor.py:829} INFO - Processing file /home/airflow/.local/lib/python3.8/site-packages/airflow/example_dags/example_task_group.py for tasks to queue
[2023-11-22T19:42:49.830+0000] {logging_mixin.py:154} INFO - [2023-11-22T19:42:49.830+0000] {dagbag.py:536} INFO - Filling up the DagBag from /home/airflow/.local/lib/python3.8/site-packages/airflow/example_dags/example_task_group.py
[2023-11-22T19:42:49.837+0000] {processor.py:839} INFO - DAG(s) dict_keys(['example_task_group']) retrieved from /home/airflow/.local/lib/python3.8/site-packages/airflow/example_dags/example_task_group.py
[2023-11-22T19:42:49.858+0000] {logging_mixin.py:154} INFO - [2023-11-22T19:42:49.858+0000] {dag.py:2941} INFO - Sync 1 DAGs
[2023-11-22T19:42:49.875+0000] {logging_mixin.py:154} INFO - [2023-11-22T19:42:49.875+0000] {dag.py:3722} INFO - Setting next_dagrun for example_task_group to 2023-11-21T19:42:49.875041+00:00, run_after=2023-11-22T19:42:49.875041+00:00
[2023-11-22T19:42:49.888+0000] {processor.py:179} INFO - Processing /home/airflow/.local/lib/python3.8/site-packages/airflow/example_dags/example_task_group.py took 0.063 seconds
[2023-11-22T19:43:20.144+0000] {processor.py:157} INFO - Started process (PID=6535) to work on /home/airflow/.local/lib/python3.8/site-packages/airflow/example_dags/example_task_group.py
[2023-11-22T19:43:20.144+0000] {processor.py:829} INFO - Processing file /home/airflow/.local/lib/python3.8/site-packages/airflow/example_dags/example_task_group.py for tasks to queue
[2023-11-22T19:43:20.145+0000] {logging_mixin.py:154} INFO - [2023-11-22T19:43:20.145+0000] {dagbag.py:536} INFO - Filling up the DagBag from /home/airflow/.local/lib/python3.8/site-packages/airflow/example_dags/example_task_group.py
[2023-11-22T19:43:20.152+0000] {processor.py:839} INFO - DAG(s) dict_keys(['example_task_group']) retrieved from /home/airflow/.local/lib/python3.8/site-packages/airflow/example_dags/example_task_group.py
[2023-11-22T19:43:20.173+0000] {logging_mixin.py:154} INFO - [2023-11-22T19:43:20.173+0000] {dag.py:2941} INFO - Sync 1 DAGs
[2023-11-22T19:43:20.189+0000] {logging_mixin.py:154} INFO - [2023-11-22T19:43:20.189+0000] {dag.py:3722} INFO - Setting next_dagrun for example_task_group to 2023-11-21T19:43:20.189439+00:00, run_after=2023-11-22T19:43:20.189439+00:00
[2023-11-22T19:43:20.202+0000] {processor.py:179} INFO - Processing /home/airflow/.local/lib/python3.8/site-packages/airflow/example_dags/example_task_group.py took 0.061 seconds
[2023-11-22T19:43:50.768+0000] {processor.py:157} INFO - Started process (PID=6780) to work on /home/airflow/.local/lib/python3.8/site-packages/airflow/example_dags/example_task_group.py
[2023-11-22T19:43:50.769+0000] {processor.py:829} INFO - Processing file /home/airflow/.local/lib/python3.8/site-packages/airflow/example_dags/example_task_group.py for tasks to queue
[2023-11-22T19:43:50.770+0000] {logging_mixin.py:154} INFO - [2023-11-22T19:43:50.770+0000] {dagbag.py:536} INFO - Filling up the DagBag from /home/airflow/.local/lib/python3.8/site-packages/airflow/example_dags/example_task_group.py
[2023-11-22T19:43:50.777+0000] {processor.py:839} INFO - DAG(s) dict_keys(['example_task_group']) retrieved from /home/airflow/.local/lib/python3.8/site-packages/airflow/example_dags/example_task_group.py
[2023-11-22T19:43:50.801+0000] {logging_mixin.py:154} INFO - [2023-11-22T19:43:50.800+0000] {dag.py:2941} INFO - Sync 1 DAGs
[2023-11-22T19:43:50.819+0000] {logging_mixin.py:154} INFO - [2023-11-22T19:43:50.819+0000] {dag.py:3722} INFO - Setting next_dagrun for example_task_group to 2023-11-21T19:43:50.818975+00:00, run_after=2023-11-22T19:43:50.818975+00:00
[2023-11-22T19:43:50.832+0000] {processor.py:179} INFO - Processing /home/airflow/.local/lib/python3.8/site-packages/airflow/example_dags/example_task_group.py took 0.067 seconds
[2023-11-22T19:44:21.176+0000] {processor.py:157} INFO - Started process (PID=7016) to work on /home/airflow/.local/lib/python3.8/site-packages/airflow/example_dags/example_task_group.py
[2023-11-22T19:44:21.177+0000] {processor.py:829} INFO - Processing file /home/airflow/.local/lib/python3.8/site-packages/airflow/example_dags/example_task_group.py for tasks to queue
[2023-11-22T19:44:21.178+0000] {logging_mixin.py:154} INFO - [2023-11-22T19:44:21.178+0000] {dagbag.py:536} INFO - Filling up the DagBag from /home/airflow/.local/lib/python3.8/site-packages/airflow/example_dags/example_task_group.py
[2023-11-22T19:44:21.185+0000] {processor.py:839} INFO - DAG(s) dict_keys(['example_task_group']) retrieved from /home/airflow/.local/lib/python3.8/site-packages/airflow/example_dags/example_task_group.py
[2023-11-22T19:44:21.206+0000] {logging_mixin.py:154} INFO - [2023-11-22T19:44:21.206+0000] {dag.py:2941} INFO - Sync 1 DAGs
[2023-11-22T19:44:21.222+0000] {logging_mixin.py:154} INFO - [2023-11-22T19:44:21.222+0000] {dag.py:3722} INFO - Setting next_dagrun for example_task_group to 2023-11-21T19:44:21.222387+00:00, run_after=2023-11-22T19:44:21.222387+00:00
[2023-11-22T19:44:21.235+0000] {processor.py:179} INFO - Processing /home/airflow/.local/lib/python3.8/site-packages/airflow/example_dags/example_task_group.py took 0.062 seconds
[2023-11-22T19:44:51.640+0000] {processor.py:157} INFO - Started process (PID=7254) to work on /home/airflow/.local/lib/python3.8/site-packages/airflow/example_dags/example_task_group.py
[2023-11-22T19:44:51.641+0000] {processor.py:829} INFO - Processing file /home/airflow/.local/lib/python3.8/site-packages/airflow/example_dags/example_task_group.py for tasks to queue
[2023-11-22T19:44:51.642+0000] {logging_mixin.py:154} INFO - [2023-11-22T19:44:51.642+0000] {dagbag.py:536} INFO - Filling up the DagBag from /home/airflow/.local/lib/python3.8/site-packages/airflow/example_dags/example_task_group.py
[2023-11-22T19:44:51.649+0000] {processor.py:839} INFO - DAG(s) dict_keys(['example_task_group']) retrieved from /home/airflow/.local/lib/python3.8/site-packages/airflow/example_dags/example_task_group.py
[2023-11-22T19:44:51.670+0000] {logging_mixin.py:154} INFO - [2023-11-22T19:44:51.670+0000] {dag.py:2941} INFO - Sync 1 DAGs
[2023-11-22T19:44:51.686+0000] {logging_mixin.py:154} INFO - [2023-11-22T19:44:51.686+0000] {dag.py:3722} INFO - Setting next_dagrun for example_task_group to 2023-11-21T19:44:51.686447+00:00, run_after=2023-11-22T19:44:51.686447+00:00
[2023-11-22T19:44:51.698+0000] {processor.py:179} INFO - Processing /home/airflow/.local/lib/python3.8/site-packages/airflow/example_dags/example_task_group.py took 0.061 seconds
[2023-11-22T19:45:22.022+0000] {processor.py:157} INFO - Started process (PID=7492) to work on /home/airflow/.local/lib/python3.8/site-packages/airflow/example_dags/example_task_group.py
[2023-11-22T19:45:22.023+0000] {processor.py:829} INFO - Processing file /home/airflow/.local/lib/python3.8/site-packages/airflow/example_dags/example_task_group.py for tasks to queue
[2023-11-22T19:45:22.023+0000] {logging_mixin.py:154} INFO - [2023-11-22T19:45:22.023+0000] {dagbag.py:536} INFO - Filling up the DagBag from /home/airflow/.local/lib/python3.8/site-packages/airflow/example_dags/example_task_group.py
[2023-11-22T19:45:22.030+0000] {processor.py:839} INFO - DAG(s) dict_keys(['example_task_group']) retrieved from /home/airflow/.local/lib/python3.8/site-packages/airflow/example_dags/example_task_group.py
[2023-11-22T19:45:22.052+0000] {logging_mixin.py:154} INFO - [2023-11-22T19:45:22.052+0000] {dag.py:2941} INFO - Sync 1 DAGs
[2023-11-22T19:45:22.069+0000] {logging_mixin.py:154} INFO - [2023-11-22T19:45:22.069+0000] {dag.py:3722} INFO - Setting next_dagrun for example_task_group to 2023-11-21T19:45:22.069190+00:00, run_after=2023-11-22T19:45:22.069190+00:00
[2023-11-22T19:45:22.081+0000] {processor.py:179} INFO - Processing /home/airflow/.local/lib/python3.8/site-packages/airflow/example_dags/example_task_group.py took 0.063 seconds
[2023-11-22T19:45:52.539+0000] {processor.py:157} INFO - Started process (PID=7730) to work on /home/airflow/.local/lib/python3.8/site-packages/airflow/example_dags/example_task_group.py
[2023-11-22T19:45:52.540+0000] {processor.py:829} INFO - Processing file /home/airflow/.local/lib/python3.8/site-packages/airflow/example_dags/example_task_group.py for tasks to queue
[2023-11-22T19:45:52.540+0000] {logging_mixin.py:154} INFO - [2023-11-22T19:45:52.540+0000] {dagbag.py:536} INFO - Filling up the DagBag from /home/airflow/.local/lib/python3.8/site-packages/airflow/example_dags/example_task_group.py
[2023-11-22T19:45:52.547+0000] {processor.py:839} INFO - DAG(s) dict_keys(['example_task_group']) retrieved from /home/airflow/.local/lib/python3.8/site-packages/airflow/example_dags/example_task_group.py
[2023-11-22T19:45:52.569+0000] {logging_mixin.py:154} INFO - [2023-11-22T19:45:52.569+0000] {dag.py:2941} INFO - Sync 1 DAGs
[2023-11-22T19:45:52.585+0000] {logging_mixin.py:154} INFO - [2023-11-22T19:45:52.585+0000] {dag.py:3722} INFO - Setting next_dagrun for example_task_group to 2023-11-21T19:45:52.585456+00:00, run_after=2023-11-22T19:45:52.585456+00:00
[2023-11-22T19:45:52.598+0000] {processor.py:179} INFO - Processing /home/airflow/.local/lib/python3.8/site-packages/airflow/example_dags/example_task_group.py took 0.063 seconds
[2023-11-22T19:46:22.992+0000] {processor.py:157} INFO - Started process (PID=7968) to work on /home/airflow/.local/lib/python3.8/site-packages/airflow/example_dags/example_task_group.py
[2023-11-22T19:46:22.993+0000] {processor.py:829} INFO - Processing file /home/airflow/.local/lib/python3.8/site-packages/airflow/example_dags/example_task_group.py for tasks to queue
[2023-11-22T19:46:22.994+0000] {logging_mixin.py:154} INFO - [2023-11-22T19:46:22.994+0000] {dagbag.py:536} INFO - Filling up the DagBag from /home/airflow/.local/lib/python3.8/site-packages/airflow/example_dags/example_task_group.py
[2023-11-22T19:46:23.001+0000] {processor.py:839} INFO - DAG(s) dict_keys(['example_task_group']) retrieved from /home/airflow/.local/lib/python3.8/site-packages/airflow/example_dags/example_task_group.py
[2023-11-22T19:46:23.022+0000] {logging_mixin.py:154} INFO - [2023-11-22T19:46:23.022+0000] {dag.py:2941} INFO - Sync 1 DAGs
[2023-11-22T19:46:23.039+0000] {logging_mixin.py:154} INFO - [2023-11-22T19:46:23.039+0000] {dag.py:3722} INFO - Setting next_dagrun for example_task_group to 2023-11-21T19:46:23.039092+00:00, run_after=2023-11-22T19:46:23.039092+00:00
[2023-11-22T19:46:23.052+0000] {processor.py:179} INFO - Processing /home/airflow/.local/lib/python3.8/site-packages/airflow/example_dags/example_task_group.py took 0.063 seconds
[2023-11-22T19:46:53.423+0000] {processor.py:157} INFO - Started process (PID=8206) to work on /home/airflow/.local/lib/python3.8/site-packages/airflow/example_dags/example_task_group.py
[2023-11-22T19:46:53.424+0000] {processor.py:829} INFO - Processing file /home/airflow/.local/lib/python3.8/site-packages/airflow/example_dags/example_task_group.py for tasks to queue
[2023-11-22T19:46:53.425+0000] {logging_mixin.py:154} INFO - [2023-11-22T19:46:53.425+0000] {dagbag.py:536} INFO - Filling up the DagBag from /home/airflow/.local/lib/python3.8/site-packages/airflow/example_dags/example_task_group.py
[2023-11-22T19:46:53.432+0000] {processor.py:839} INFO - DAG(s) dict_keys(['example_task_group']) retrieved from /home/airflow/.local/lib/python3.8/site-packages/airflow/example_dags/example_task_group.py
[2023-11-22T19:46:53.453+0000] {logging_mixin.py:154} INFO - [2023-11-22T19:46:53.453+0000] {dag.py:2941} INFO - Sync 1 DAGs
[2023-11-22T19:46:53.470+0000] {logging_mixin.py:154} INFO - [2023-11-22T19:46:53.469+0000] {dag.py:3722} INFO - Setting next_dagrun for example_task_group to 2023-11-21T19:46:53.469737+00:00, run_after=2023-11-22T19:46:53.469737+00:00
[2023-11-22T19:46:53.482+0000] {processor.py:179} INFO - Processing /home/airflow/.local/lib/python3.8/site-packages/airflow/example_dags/example_task_group.py took 0.062 seconds
[2023-11-22T19:47:23.923+0000] {processor.py:157} INFO - Started process (PID=8443) to work on /home/airflow/.local/lib/python3.8/site-packages/airflow/example_dags/example_task_group.py
[2023-11-22T19:47:23.924+0000] {processor.py:829} INFO - Processing file /home/airflow/.local/lib/python3.8/site-packages/airflow/example_dags/example_task_group.py for tasks to queue
[2023-11-22T19:47:23.925+0000] {logging_mixin.py:154} INFO - [2023-11-22T19:47:23.924+0000] {dagbag.py:536} INFO - Filling up the DagBag from /home/airflow/.local/lib/python3.8/site-packages/airflow/example_dags/example_task_group.py
[2023-11-22T19:47:23.932+0000] {processor.py:839} INFO - DAG(s) dict_keys(['example_task_group']) retrieved from /home/airflow/.local/lib/python3.8/site-packages/airflow/example_dags/example_task_group.py
[2023-11-22T19:47:23.955+0000] {logging_mixin.py:154} INFO - [2023-11-22T19:47:23.955+0000] {dag.py:2941} INFO - Sync 1 DAGs
[2023-11-22T19:47:23.972+0000] {logging_mixin.py:154} INFO - [2023-11-22T19:47:23.971+0000] {dag.py:3722} INFO - Setting next_dagrun for example_task_group to 2023-11-21T19:47:23.971697+00:00, run_after=2023-11-22T19:47:23.971697+00:00
[2023-11-22T19:47:23.985+0000] {processor.py:179} INFO - Processing /home/airflow/.local/lib/python3.8/site-packages/airflow/example_dags/example_task_group.py took 0.065 seconds
[2023-11-22T19:47:54.760+0000] {processor.py:157} INFO - Started process (PID=8681) to work on /home/airflow/.local/lib/python3.8/site-packages/airflow/example_dags/example_task_group.py
[2023-11-22T19:47:54.761+0000] {processor.py:829} INFO - Processing file /home/airflow/.local/lib/python3.8/site-packages/airflow/example_dags/example_task_group.py for tasks to queue
[2023-11-22T19:47:54.761+0000] {logging_mixin.py:154} INFO - [2023-11-22T19:47:54.761+0000] {dagbag.py:536} INFO - Filling up the DagBag from /home/airflow/.local/lib/python3.8/site-packages/airflow/example_dags/example_task_group.py
[2023-11-22T19:47:54.768+0000] {processor.py:839} INFO - DAG(s) dict_keys(['example_task_group']) retrieved from /home/airflow/.local/lib/python3.8/site-packages/airflow/example_dags/example_task_group.py
[2023-11-22T19:47:54.790+0000] {logging_mixin.py:154} INFO - [2023-11-22T19:47:54.790+0000] {dag.py:2941} INFO - Sync 1 DAGs
[2023-11-22T19:47:54.806+0000] {logging_mixin.py:154} INFO - [2023-11-22T19:47:54.806+0000] {dag.py:3722} INFO - Setting next_dagrun for example_task_group to 2023-11-21T19:47:54.806382+00:00, run_after=2023-11-22T19:47:54.806382+00:00
[2023-11-22T19:47:54.819+0000] {processor.py:179} INFO - Processing /home/airflow/.local/lib/python3.8/site-packages/airflow/example_dags/example_task_group.py took 0.062 seconds
[2023-11-22T19:48:25.758+0000] {processor.py:157} INFO - Started process (PID=8919) to work on /home/airflow/.local/lib/python3.8/site-packages/airflow/example_dags/example_task_group.py
[2023-11-22T19:48:25.759+0000] {processor.py:829} INFO - Processing file /home/airflow/.local/lib/python3.8/site-packages/airflow/example_dags/example_task_group.py for tasks to queue
[2023-11-22T19:48:25.759+0000] {logging_mixin.py:154} INFO - [2023-11-22T19:48:25.759+0000] {dagbag.py:536} INFO - Filling up the DagBag from /home/airflow/.local/lib/python3.8/site-packages/airflow/example_dags/example_task_group.py
[2023-11-22T19:48:25.766+0000] {processor.py:839} INFO - DAG(s) dict_keys(['example_task_group']) retrieved from /home/airflow/.local/lib/python3.8/site-packages/airflow/example_dags/example_task_group.py
[2023-11-22T19:48:25.787+0000] {logging_mixin.py:154} INFO - [2023-11-22T19:48:25.787+0000] {dag.py:2941} INFO - Sync 1 DAGs
[2023-11-22T19:48:25.805+0000] {logging_mixin.py:154} INFO - [2023-11-22T19:48:25.804+0000] {dag.py:3722} INFO - Setting next_dagrun for example_task_group to 2023-11-21T19:48:25.804731+00:00, run_after=2023-11-22T19:48:25.804731+00:00
[2023-11-22T19:48:25.930+0000] {processor.py:179} INFO - Processing /home/airflow/.local/lib/python3.8/site-packages/airflow/example_dags/example_task_group.py took 0.175 seconds
[2023-11-22T19:48:56.114+0000] {processor.py:157} INFO - Started process (PID=9158) to work on /home/airflow/.local/lib/python3.8/site-packages/airflow/example_dags/example_task_group.py
[2023-11-22T19:48:56.115+0000] {processor.py:829} INFO - Processing file /home/airflow/.local/lib/python3.8/site-packages/airflow/example_dags/example_task_group.py for tasks to queue
[2023-11-22T19:48:56.116+0000] {logging_mixin.py:154} INFO - [2023-11-22T19:48:56.115+0000] {dagbag.py:536} INFO - Filling up the DagBag from /home/airflow/.local/lib/python3.8/site-packages/airflow/example_dags/example_task_group.py
[2023-11-22T19:48:56.126+0000] {processor.py:839} INFO - DAG(s) dict_keys(['example_task_group']) retrieved from /home/airflow/.local/lib/python3.8/site-packages/airflow/example_dags/example_task_group.py
[2023-11-22T19:48:56.150+0000] {logging_mixin.py:154} INFO - [2023-11-22T19:48:56.150+0000] {dag.py:2941} INFO - Sync 1 DAGs
[2023-11-22T19:48:56.168+0000] {logging_mixin.py:154} INFO - [2023-11-22T19:48:56.168+0000] {dag.py:3722} INFO - Setting next_dagrun for example_task_group to 2023-11-21T19:48:56.167861+00:00, run_after=2023-11-22T19:48:56.167861+00:00
[2023-11-22T19:48:56.182+0000] {processor.py:179} INFO - Processing /home/airflow/.local/lib/python3.8/site-packages/airflow/example_dags/example_task_group.py took 0.073 seconds
[2023-11-22T19:49:27.182+0000] {processor.py:157} INFO - Started process (PID=9395) to work on /home/airflow/.local/lib/python3.8/site-packages/airflow/example_dags/example_task_group.py
[2023-11-22T19:49:27.183+0000] {processor.py:829} INFO - Processing file /home/airflow/.local/lib/python3.8/site-packages/airflow/example_dags/example_task_group.py for tasks to queue
[2023-11-22T19:49:27.184+0000] {logging_mixin.py:154} INFO - [2023-11-22T19:49:27.184+0000] {dagbag.py:536} INFO - Filling up the DagBag from /home/airflow/.local/lib/python3.8/site-packages/airflow/example_dags/example_task_group.py
[2023-11-22T19:49:27.192+0000] {processor.py:839} INFO - DAG(s) dict_keys(['example_task_group']) retrieved from /home/airflow/.local/lib/python3.8/site-packages/airflow/example_dags/example_task_group.py
[2023-11-22T19:49:27.220+0000] {logging_mixin.py:154} INFO - [2023-11-22T19:49:27.219+0000] {dag.py:2941} INFO - Sync 1 DAGs
[2023-11-22T19:49:27.240+0000] {logging_mixin.py:154} INFO - [2023-11-22T19:49:27.240+0000] {dag.py:3722} INFO - Setting next_dagrun for example_task_group to 2023-11-21T19:49:27.239797+00:00, run_after=2023-11-22T19:49:27.239797+00:00
[2023-11-22T19:49:27.254+0000] {processor.py:179} INFO - Processing /home/airflow/.local/lib/python3.8/site-packages/airflow/example_dags/example_task_group.py took 0.076 seconds
[2023-11-22T19:49:58.187+0000] {processor.py:157} INFO - Started process (PID=9633) to work on /home/airflow/.local/lib/python3.8/site-packages/airflow/example_dags/example_task_group.py
[2023-11-22T19:49:58.188+0000] {processor.py:829} INFO - Processing file /home/airflow/.local/lib/python3.8/site-packages/airflow/example_dags/example_task_group.py for tasks to queue
[2023-11-22T19:49:58.189+0000] {logging_mixin.py:154} INFO - [2023-11-22T19:49:58.188+0000] {dagbag.py:536} INFO - Filling up the DagBag from /home/airflow/.local/lib/python3.8/site-packages/airflow/example_dags/example_task_group.py
[2023-11-22T19:49:58.196+0000] {processor.py:839} INFO - DAG(s) dict_keys(['example_task_group']) retrieved from /home/airflow/.local/lib/python3.8/site-packages/airflow/example_dags/example_task_group.py
[2023-11-22T19:49:58.218+0000] {logging_mixin.py:154} INFO - [2023-11-22T19:49:58.218+0000] {dag.py:2941} INFO - Sync 1 DAGs
[2023-11-22T19:49:58.236+0000] {logging_mixin.py:154} INFO - [2023-11-22T19:49:58.236+0000] {dag.py:3722} INFO - Setting next_dagrun for example_task_group to 2023-11-21T19:49:58.235873+00:00, run_after=2023-11-22T19:49:58.235873+00:00
[2023-11-22T19:49:58.249+0000] {processor.py:179} INFO - Processing /home/airflow/.local/lib/python3.8/site-packages/airflow/example_dags/example_task_group.py took 0.065 seconds
[2023-11-22T19:50:28.648+0000] {processor.py:157} INFO - Started process (PID=9871) to work on /home/airflow/.local/lib/python3.8/site-packages/airflow/example_dags/example_task_group.py
[2023-11-22T19:50:28.649+0000] {processor.py:829} INFO - Processing file /home/airflow/.local/lib/python3.8/site-packages/airflow/example_dags/example_task_group.py for tasks to queue
[2023-11-22T19:50:28.650+0000] {logging_mixin.py:154} INFO - [2023-11-22T19:50:28.649+0000] {dagbag.py:536} INFO - Filling up the DagBag from /home/airflow/.local/lib/python3.8/site-packages/airflow/example_dags/example_task_group.py
[2023-11-22T19:50:28.658+0000] {processor.py:839} INFO - DAG(s) dict_keys(['example_task_group']) retrieved from /home/airflow/.local/lib/python3.8/site-packages/airflow/example_dags/example_task_group.py
[2023-11-22T19:50:28.681+0000] {logging_mixin.py:154} INFO - [2023-11-22T19:50:28.681+0000] {dag.py:2941} INFO - Sync 1 DAGs
[2023-11-22T19:50:28.825+0000] {logging_mixin.py:154} INFO - [2023-11-22T19:50:28.825+0000] {dag.py:3722} INFO - Setting next_dagrun for example_task_group to 2023-11-21T19:50:28.825004+00:00, run_after=2023-11-22T19:50:28.825004+00:00
[2023-11-22T19:50:28.838+0000] {processor.py:179} INFO - Processing /home/airflow/.local/lib/python3.8/site-packages/airflow/example_dags/example_task_group.py took 0.193 seconds
[2023-11-22T19:50:58.929+0000] {processor.py:157} INFO - Started process (PID=10109) to work on /home/airflow/.local/lib/python3.8/site-packages/airflow/example_dags/example_task_group.py
[2023-11-22T19:50:58.931+0000] {processor.py:829} INFO - Processing file /home/airflow/.local/lib/python3.8/site-packages/airflow/example_dags/example_task_group.py for tasks to queue
[2023-11-22T19:50:58.932+0000] {logging_mixin.py:154} INFO - [2023-11-22T19:50:58.932+0000] {dagbag.py:536} INFO - Filling up the DagBag from /home/airflow/.local/lib/python3.8/site-packages/airflow/example_dags/example_task_group.py
[2023-11-22T19:50:58.943+0000] {processor.py:839} INFO - DAG(s) dict_keys(['example_task_group']) retrieved from /home/airflow/.local/lib/python3.8/site-packages/airflow/example_dags/example_task_group.py
[2023-11-22T19:50:58.964+0000] {logging_mixin.py:154} INFO - [2023-11-22T19:50:58.964+0000] {dag.py:2941} INFO - Sync 1 DAGs
[2023-11-22T19:50:59.087+0000] {logging_mixin.py:154} INFO - [2023-11-22T19:50:59.087+0000] {dag.py:3722} INFO - Setting next_dagrun for example_task_group to 2023-11-21T19:50:59.086908+00:00, run_after=2023-11-22T19:50:59.086908+00:00
[2023-11-22T19:50:59.098+0000] {processor.py:179} INFO - Processing /home/airflow/.local/lib/python3.8/site-packages/airflow/example_dags/example_task_group.py took 0.172 seconds
[2023-11-22T19:51:29.921+0000] {processor.py:157} INFO - Started process (PID=10347) to work on /home/airflow/.local/lib/python3.8/site-packages/airflow/example_dags/example_task_group.py
[2023-11-22T19:51:29.923+0000] {processor.py:829} INFO - Processing file /home/airflow/.local/lib/python3.8/site-packages/airflow/example_dags/example_task_group.py for tasks to queue
[2023-11-22T19:51:29.924+0000] {logging_mixin.py:154} INFO - [2023-11-22T19:51:29.924+0000] {dagbag.py:536} INFO - Filling up the DagBag from /home/airflow/.local/lib/python3.8/site-packages/airflow/example_dags/example_task_group.py
[2023-11-22T19:51:29.934+0000] {processor.py:839} INFO - DAG(s) dict_keys(['example_task_group']) retrieved from /home/airflow/.local/lib/python3.8/site-packages/airflow/example_dags/example_task_group.py
[2023-11-22T19:51:29.956+0000] {logging_mixin.py:154} INFO - [2023-11-22T19:51:29.956+0000] {dag.py:2941} INFO - Sync 1 DAGs
[2023-11-22T19:51:29.974+0000] {logging_mixin.py:154} INFO - [2023-11-22T19:51:29.974+0000] {dag.py:3722} INFO - Setting next_dagrun for example_task_group to 2023-11-21T19:51:29.974015+00:00, run_after=2023-11-22T19:51:29.974015+00:00
[2023-11-22T19:51:30.100+0000] {processor.py:179} INFO - Processing /home/airflow/.local/lib/python3.8/site-packages/airflow/example_dags/example_task_group.py took 0.185 seconds
[2023-11-22T19:52:00.258+0000] {processor.py:157} INFO - Started process (PID=10585) to work on /home/airflow/.local/lib/python3.8/site-packages/airflow/example_dags/example_task_group.py
[2023-11-22T19:52:00.259+0000] {processor.py:829} INFO - Processing file /home/airflow/.local/lib/python3.8/site-packages/airflow/example_dags/example_task_group.py for tasks to queue
[2023-11-22T19:52:00.260+0000] {logging_mixin.py:154} INFO - [2023-11-22T19:52:00.260+0000] {dagbag.py:536} INFO - Filling up the DagBag from /home/airflow/.local/lib/python3.8/site-packages/airflow/example_dags/example_task_group.py
[2023-11-22T19:52:00.268+0000] {processor.py:839} INFO - DAG(s) dict_keys(['example_task_group']) retrieved from /home/airflow/.local/lib/python3.8/site-packages/airflow/example_dags/example_task_group.py
[2023-11-22T19:52:00.292+0000] {logging_mixin.py:154} INFO - [2023-11-22T19:52:00.292+0000] {dag.py:2941} INFO - Sync 1 DAGs
[2023-11-22T19:52:00.310+0000] {logging_mixin.py:154} INFO - [2023-11-22T19:52:00.310+0000] {dag.py:3722} INFO - Setting next_dagrun for example_task_group to 2023-11-21T19:52:00.310359+00:00, run_after=2023-11-22T19:52:00.310359+00:00
[2023-11-22T19:52:00.323+0000] {processor.py:179} INFO - Processing /home/airflow/.local/lib/python3.8/site-packages/airflow/example_dags/example_task_group.py took 0.069 seconds
[2023-11-22T19:52:30.774+0000] {processor.py:157} INFO - Started process (PID=10824) to work on /home/airflow/.local/lib/python3.8/site-packages/airflow/example_dags/example_task_group.py
[2023-11-22T19:52:30.775+0000] {processor.py:829} INFO - Processing file /home/airflow/.local/lib/python3.8/site-packages/airflow/example_dags/example_task_group.py for tasks to queue
[2023-11-22T19:52:30.776+0000] {logging_mixin.py:154} INFO - [2023-11-22T19:52:30.776+0000] {dagbag.py:536} INFO - Filling up the DagBag from /home/airflow/.local/lib/python3.8/site-packages/airflow/example_dags/example_task_group.py
[2023-11-22T19:52:30.783+0000] {processor.py:839} INFO - DAG(s) dict_keys(['example_task_group']) retrieved from /home/airflow/.local/lib/python3.8/site-packages/airflow/example_dags/example_task_group.py
[2023-11-22T19:52:30.804+0000] {logging_mixin.py:154} INFO - [2023-11-22T19:52:30.804+0000] {dag.py:2941} INFO - Sync 1 DAGs
[2023-11-22T19:52:30.820+0000] {logging_mixin.py:154} INFO - [2023-11-22T19:52:30.820+0000] {dag.py:3722} INFO - Setting next_dagrun for example_task_group to 2023-11-21T19:52:30.820276+00:00, run_after=2023-11-22T19:52:30.820276+00:00
[2023-11-22T19:52:30.833+0000] {processor.py:179} INFO - Processing /home/airflow/.local/lib/python3.8/site-packages/airflow/example_dags/example_task_group.py took 0.061 seconds
[2023-11-22T19:53:01.276+0000] {processor.py:157} INFO - Started process (PID=11064) to work on /home/airflow/.local/lib/python3.8/site-packages/airflow/example_dags/example_task_group.py
[2023-11-22T19:53:01.277+0000] {processor.py:829} INFO - Processing file /home/airflow/.local/lib/python3.8/site-packages/airflow/example_dags/example_task_group.py for tasks to queue
[2023-11-22T19:53:01.278+0000] {logging_mixin.py:154} INFO - [2023-11-22T19:53:01.278+0000] {dagbag.py:536} INFO - Filling up the DagBag from /home/airflow/.local/lib/python3.8/site-packages/airflow/example_dags/example_task_group.py
[2023-11-22T19:53:01.285+0000] {processor.py:839} INFO - DAG(s) dict_keys(['example_task_group']) retrieved from /home/airflow/.local/lib/python3.8/site-packages/airflow/example_dags/example_task_group.py
[2023-11-22T19:53:01.306+0000] {logging_mixin.py:154} INFO - [2023-11-22T19:53:01.306+0000] {dag.py:2941} INFO - Sync 1 DAGs
[2023-11-22T19:53:01.322+0000] {logging_mixin.py:154} INFO - [2023-11-22T19:53:01.322+0000] {dag.py:3722} INFO - Setting next_dagrun for example_task_group to 2023-11-21T19:53:01.322366+00:00, run_after=2023-11-22T19:53:01.322366+00:00
[2023-11-22T19:53:01.335+0000] {processor.py:179} INFO - Processing /home/airflow/.local/lib/python3.8/site-packages/airflow/example_dags/example_task_group.py took 0.062 seconds
[2023-11-22T19:53:31.634+0000] {processor.py:157} INFO - Started process (PID=11300) to work on /home/airflow/.local/lib/python3.8/site-packages/airflow/example_dags/example_task_group.py
[2023-11-22T19:53:31.635+0000] {processor.py:829} INFO - Processing file /home/airflow/.local/lib/python3.8/site-packages/airflow/example_dags/example_task_group.py for tasks to queue
[2023-11-22T19:53:31.636+0000] {logging_mixin.py:154} INFO - [2023-11-22T19:53:31.636+0000] {dagbag.py:536} INFO - Filling up the DagBag from /home/airflow/.local/lib/python3.8/site-packages/airflow/example_dags/example_task_group.py
[2023-11-22T19:53:31.643+0000] {processor.py:839} INFO - DAG(s) dict_keys(['example_task_group']) retrieved from /home/airflow/.local/lib/python3.8/site-packages/airflow/example_dags/example_task_group.py
[2023-11-22T19:53:31.664+0000] {logging_mixin.py:154} INFO - [2023-11-22T19:53:31.664+0000] {dag.py:2941} INFO - Sync 1 DAGs
[2023-11-22T19:53:31.681+0000] {logging_mixin.py:154} INFO - [2023-11-22T19:53:31.681+0000] {dag.py:3722} INFO - Setting next_dagrun for example_task_group to 2023-11-21T19:53:31.681353+00:00, run_after=2023-11-22T19:53:31.681353+00:00
[2023-11-22T19:53:31.694+0000] {processor.py:179} INFO - Processing /home/airflow/.local/lib/python3.8/site-packages/airflow/example_dags/example_task_group.py took 0.062 seconds
[2023-11-22T19:54:02.993+0000] {processor.py:157} INFO - Started process (PID=11538) to work on /home/airflow/.local/lib/python3.8/site-packages/airflow/example_dags/example_task_group.py
[2023-11-22T19:54:02.995+0000] {processor.py:829} INFO - Processing file /home/airflow/.local/lib/python3.8/site-packages/airflow/example_dags/example_task_group.py for tasks to queue
[2023-11-22T19:54:02.997+0000] {logging_mixin.py:154} INFO - [2023-11-22T19:54:02.997+0000] {dagbag.py:536} INFO - Filling up the DagBag from /home/airflow/.local/lib/python3.8/site-packages/airflow/example_dags/example_task_group.py
[2023-11-22T19:54:03.014+0000] {processor.py:839} INFO - DAG(s) dict_keys(['example_task_group']) retrieved from /home/airflow/.local/lib/python3.8/site-packages/airflow/example_dags/example_task_group.py
[2023-11-22T19:54:03.079+0000] {logging_mixin.py:154} INFO - [2023-11-22T19:54:03.078+0000] {dag.py:2941} INFO - Sync 1 DAGs
[2023-11-22T19:54:03.136+0000] {logging_mixin.py:154} INFO - [2023-11-22T19:54:03.135+0000] {dag.py:3722} INFO - Setting next_dagrun for example_task_group to 2023-11-21T19:54:03.135459+00:00, run_after=2023-11-22T19:54:03.135459+00:00
[2023-11-22T19:54:03.173+0000] {processor.py:179} INFO - Processing /home/airflow/.local/lib/python3.8/site-packages/airflow/example_dags/example_task_group.py took 0.186 seconds
[2023-11-22T20:36:15.747+0000] {processor.py:157} INFO - Started process (PID=11778) to work on /home/airflow/.local/lib/python3.8/site-packages/airflow/example_dags/example_task_group.py
[2023-11-22T20:36:15.748+0000] {processor.py:829} INFO - Processing file /home/airflow/.local/lib/python3.8/site-packages/airflow/example_dags/example_task_group.py for tasks to queue
[2023-11-22T20:36:15.749+0000] {logging_mixin.py:154} INFO - [2023-11-22T20:36:15.749+0000] {dagbag.py:536} INFO - Filling up the DagBag from /home/airflow/.local/lib/python3.8/site-packages/airflow/example_dags/example_task_group.py
[2023-11-22T20:36:15.756+0000] {processor.py:839} INFO - DAG(s) dict_keys(['example_task_group']) retrieved from /home/airflow/.local/lib/python3.8/site-packages/airflow/example_dags/example_task_group.py
[2023-11-22T20:36:15.778+0000] {logging_mixin.py:154} INFO - [2023-11-22T20:36:15.778+0000] {dag.py:2941} INFO - Sync 1 DAGs
[2023-11-22T20:36:15.794+0000] {logging_mixin.py:154} INFO - [2023-11-22T20:36:15.794+0000] {dag.py:3722} INFO - Setting next_dagrun for example_task_group to 2023-11-21T20:36:15.794073+00:00, run_after=2023-11-22T20:36:15.794073+00:00
[2023-11-22T20:36:15.806+0000] {processor.py:179} INFO - Processing /home/airflow/.local/lib/python3.8/site-packages/airflow/example_dags/example_task_group.py took 0.062 seconds
[2023-11-22T21:01:35.398+0000] {processor.py:157} INFO - Started process (PID=12017) to work on /home/airflow/.local/lib/python3.8/site-packages/airflow/example_dags/example_task_group.py
[2023-11-22T21:01:35.400+0000] {processor.py:829} INFO - Processing file /home/airflow/.local/lib/python3.8/site-packages/airflow/example_dags/example_task_group.py for tasks to queue
[2023-11-22T21:01:35.402+0000] {logging_mixin.py:154} INFO - [2023-11-22T21:01:35.402+0000] {dagbag.py:536} INFO - Filling up the DagBag from /home/airflow/.local/lib/python3.8/site-packages/airflow/example_dags/example_task_group.py
[2023-11-22T21:01:35.419+0000] {processor.py:839} INFO - DAG(s) dict_keys(['example_task_group']) retrieved from /home/airflow/.local/lib/python3.8/site-packages/airflow/example_dags/example_task_group.py
[2023-11-22T21:01:35.465+0000] {logging_mixin.py:154} INFO - [2023-11-22T21:01:35.465+0000] {dag.py:2941} INFO - Sync 1 DAGs
[2023-11-22T21:01:35.499+0000] {logging_mixin.py:154} INFO - [2023-11-22T21:01:35.499+0000] {dag.py:3722} INFO - Setting next_dagrun for example_task_group to 2023-11-21T21:01:35.498614+00:00, run_after=2023-11-22T21:01:35.498614+00:00
[2023-11-22T21:01:35.527+0000] {processor.py:179} INFO - Processing /home/airflow/.local/lib/python3.8/site-packages/airflow/example_dags/example_task_group.py took 0.135 seconds
[2023-11-22T21:02:05.812+0000] {processor.py:157} INFO - Started process (PID=12255) to work on /home/airflow/.local/lib/python3.8/site-packages/airflow/example_dags/example_task_group.py
[2023-11-22T21:02:05.813+0000] {processor.py:829} INFO - Processing file /home/airflow/.local/lib/python3.8/site-packages/airflow/example_dags/example_task_group.py for tasks to queue
[2023-11-22T21:02:05.813+0000] {logging_mixin.py:154} INFO - [2023-11-22T21:02:05.813+0000] {dagbag.py:536} INFO - Filling up the DagBag from /home/airflow/.local/lib/python3.8/site-packages/airflow/example_dags/example_task_group.py
[2023-11-22T21:02:05.821+0000] {processor.py:839} INFO - DAG(s) dict_keys(['example_task_group']) retrieved from /home/airflow/.local/lib/python3.8/site-packages/airflow/example_dags/example_task_group.py
[2023-11-22T21:02:05.844+0000] {logging_mixin.py:154} INFO - [2023-11-22T21:02:05.844+0000] {dag.py:2941} INFO - Sync 1 DAGs
[2023-11-22T21:02:05.861+0000] {logging_mixin.py:154} INFO - [2023-11-22T21:02:05.861+0000] {dag.py:3722} INFO - Setting next_dagrun for example_task_group to 2023-11-21T21:02:05.861248+00:00, run_after=2023-11-22T21:02:05.861248+00:00
[2023-11-22T21:02:05.875+0000] {processor.py:179} INFO - Processing /home/airflow/.local/lib/python3.8/site-packages/airflow/example_dags/example_task_group.py took 0.067 seconds
[2023-11-22T21:02:36.697+0000] {processor.py:157} INFO - Started process (PID=12493) to work on /home/airflow/.local/lib/python3.8/site-packages/airflow/example_dags/example_task_group.py
[2023-11-22T21:02:36.698+0000] {processor.py:829} INFO - Processing file /home/airflow/.local/lib/python3.8/site-packages/airflow/example_dags/example_task_group.py for tasks to queue
[2023-11-22T21:02:36.699+0000] {logging_mixin.py:154} INFO - [2023-11-22T21:02:36.698+0000] {dagbag.py:536} INFO - Filling up the DagBag from /home/airflow/.local/lib/python3.8/site-packages/airflow/example_dags/example_task_group.py
[2023-11-22T21:02:36.706+0000] {processor.py:839} INFO - DAG(s) dict_keys(['example_task_group']) retrieved from /home/airflow/.local/lib/python3.8/site-packages/airflow/example_dags/example_task_group.py
[2023-11-22T21:02:36.728+0000] {logging_mixin.py:154} INFO - [2023-11-22T21:02:36.728+0000] {dag.py:2941} INFO - Sync 1 DAGs
[2023-11-22T21:02:36.745+0000] {logging_mixin.py:154} INFO - [2023-11-22T21:02:36.745+0000] {dag.py:3722} INFO - Setting next_dagrun for example_task_group to 2023-11-21T21:02:36.744753+00:00, run_after=2023-11-22T21:02:36.744753+00:00
[2023-11-22T21:02:36.758+0000] {processor.py:179} INFO - Processing /home/airflow/.local/lib/python3.8/site-packages/airflow/example_dags/example_task_group.py took 0.064 seconds
[2023-11-22T21:03:07.027+0000] {processor.py:157} INFO - Started process (PID=12731) to work on /home/airflow/.local/lib/python3.8/site-packages/airflow/example_dags/example_task_group.py
[2023-11-22T21:03:07.031+0000] {processor.py:829} INFO - Processing file /home/airflow/.local/lib/python3.8/site-packages/airflow/example_dags/example_task_group.py for tasks to queue
[2023-11-22T21:03:07.033+0000] {logging_mixin.py:154} INFO - [2023-11-22T21:03:07.032+0000] {dagbag.py:536} INFO - Filling up the DagBag from /home/airflow/.local/lib/python3.8/site-packages/airflow/example_dags/example_task_group.py
[2023-11-22T21:03:07.050+0000] {processor.py:839} INFO - DAG(s) dict_keys(['example_task_group']) retrieved from /home/airflow/.local/lib/python3.8/site-packages/airflow/example_dags/example_task_group.py
[2023-11-22T21:03:07.092+0000] {logging_mixin.py:154} INFO - [2023-11-22T21:03:07.092+0000] {dag.py:2941} INFO - Sync 1 DAGs
[2023-11-22T21:03:07.121+0000] {logging_mixin.py:154} INFO - [2023-11-22T21:03:07.121+0000] {dag.py:3722} INFO - Setting next_dagrun for example_task_group to 2023-11-21T21:03:07.120934+00:00, run_after=2023-11-22T21:03:07.120934+00:00
[2023-11-22T21:03:07.144+0000] {processor.py:179} INFO - Processing /home/airflow/.local/lib/python3.8/site-packages/airflow/example_dags/example_task_group.py took 0.133 seconds
[2023-11-22T21:03:37.914+0000] {processor.py:157} INFO - Started process (PID=12969) to work on /home/airflow/.local/lib/python3.8/site-packages/airflow/example_dags/example_task_group.py
[2023-11-22T21:03:37.916+0000] {processor.py:829} INFO - Processing file /home/airflow/.local/lib/python3.8/site-packages/airflow/example_dags/example_task_group.py for tasks to queue
[2023-11-22T21:03:37.916+0000] {logging_mixin.py:154} INFO - [2023-11-22T21:03:37.916+0000] {dagbag.py:536} INFO - Filling up the DagBag from /home/airflow/.local/lib/python3.8/site-packages/airflow/example_dags/example_task_group.py
[2023-11-22T21:03:37.924+0000] {processor.py:839} INFO - DAG(s) dict_keys(['example_task_group']) retrieved from /home/airflow/.local/lib/python3.8/site-packages/airflow/example_dags/example_task_group.py
[2023-11-22T21:03:37.948+0000] {logging_mixin.py:154} INFO - [2023-11-22T21:03:37.948+0000] {dag.py:2941} INFO - Sync 1 DAGs
[2023-11-22T21:03:37.967+0000] {logging_mixin.py:154} INFO - [2023-11-22T21:03:37.967+0000] {dag.py:3722} INFO - Setting next_dagrun for example_task_group to 2023-11-21T21:03:37.966916+00:00, run_after=2023-11-22T21:03:37.966916+00:00
[2023-11-22T21:03:37.981+0000] {processor.py:179} INFO - Processing /home/airflow/.local/lib/python3.8/site-packages/airflow/example_dags/example_task_group.py took 0.070 seconds
[2023-11-22T21:04:08.447+0000] {processor.py:157} INFO - Started process (PID=13207) to work on /home/airflow/.local/lib/python3.8/site-packages/airflow/example_dags/example_task_group.py
[2023-11-22T21:04:08.448+0000] {processor.py:829} INFO - Processing file /home/airflow/.local/lib/python3.8/site-packages/airflow/example_dags/example_task_group.py for tasks to queue
[2023-11-22T21:04:08.449+0000] {logging_mixin.py:154} INFO - [2023-11-22T21:04:08.449+0000] {dagbag.py:536} INFO - Filling up the DagBag from /home/airflow/.local/lib/python3.8/site-packages/airflow/example_dags/example_task_group.py
[2023-11-22T21:04:08.456+0000] {processor.py:839} INFO - DAG(s) dict_keys(['example_task_group']) retrieved from /home/airflow/.local/lib/python3.8/site-packages/airflow/example_dags/example_task_group.py
[2023-11-22T21:04:08.480+0000] {logging_mixin.py:154} INFO - [2023-11-22T21:04:08.479+0000] {dag.py:2941} INFO - Sync 1 DAGs
[2023-11-22T21:04:08.497+0000] {logging_mixin.py:154} INFO - [2023-11-22T21:04:08.497+0000] {dag.py:3722} INFO - Setting next_dagrun for example_task_group to 2023-11-21T21:04:08.497528+00:00, run_after=2023-11-22T21:04:08.497528+00:00
[2023-11-22T21:04:08.513+0000] {processor.py:179} INFO - Processing /home/airflow/.local/lib/python3.8/site-packages/airflow/example_dags/example_task_group.py took 0.070 seconds
[2023-11-22T21:04:39.059+0000] {processor.py:157} INFO - Started process (PID=13445) to work on /home/airflow/.local/lib/python3.8/site-packages/airflow/example_dags/example_task_group.py
[2023-11-22T21:04:39.060+0000] {processor.py:829} INFO - Processing file /home/airflow/.local/lib/python3.8/site-packages/airflow/example_dags/example_task_group.py for tasks to queue
[2023-11-22T21:04:39.061+0000] {logging_mixin.py:154} INFO - [2023-11-22T21:04:39.060+0000] {dagbag.py:536} INFO - Filling up the DagBag from /home/airflow/.local/lib/python3.8/site-packages/airflow/example_dags/example_task_group.py
[2023-11-22T21:04:39.068+0000] {processor.py:839} INFO - DAG(s) dict_keys(['example_task_group']) retrieved from /home/airflow/.local/lib/python3.8/site-packages/airflow/example_dags/example_task_group.py
[2023-11-22T21:04:39.090+0000] {logging_mixin.py:154} INFO - [2023-11-22T21:04:39.090+0000] {dag.py:2941} INFO - Sync 1 DAGs
[2023-11-22T21:04:39.107+0000] {logging_mixin.py:154} INFO - [2023-11-22T21:04:39.106+0000] {dag.py:3722} INFO - Setting next_dagrun for example_task_group to 2023-11-21T21:04:39.106752+00:00, run_after=2023-11-22T21:04:39.106752+00:00
[2023-11-22T21:04:39.120+0000] {processor.py:179} INFO - Processing /home/airflow/.local/lib/python3.8/site-packages/airflow/example_dags/example_task_group.py took 0.065 seconds
[2023-11-22T21:05:09.572+0000] {processor.py:157} INFO - Started process (PID=13683) to work on /home/airflow/.local/lib/python3.8/site-packages/airflow/example_dags/example_task_group.py
[2023-11-22T21:05:09.573+0000] {processor.py:829} INFO - Processing file /home/airflow/.local/lib/python3.8/site-packages/airflow/example_dags/example_task_group.py for tasks to queue
[2023-11-22T21:05:09.574+0000] {logging_mixin.py:154} INFO - [2023-11-22T21:05:09.574+0000] {dagbag.py:536} INFO - Filling up the DagBag from /home/airflow/.local/lib/python3.8/site-packages/airflow/example_dags/example_task_group.py
[2023-11-22T21:05:09.581+0000] {processor.py:839} INFO - DAG(s) dict_keys(['example_task_group']) retrieved from /home/airflow/.local/lib/python3.8/site-packages/airflow/example_dags/example_task_group.py
[2023-11-22T21:05:09.604+0000] {logging_mixin.py:154} INFO - [2023-11-22T21:05:09.603+0000] {dag.py:2941} INFO - Sync 1 DAGs
[2023-11-22T21:05:09.622+0000] {logging_mixin.py:154} INFO - [2023-11-22T21:05:09.622+0000] {dag.py:3722} INFO - Setting next_dagrun for example_task_group to 2023-11-21T21:05:09.621934+00:00, run_after=2023-11-22T21:05:09.621934+00:00
[2023-11-22T21:05:09.635+0000] {processor.py:179} INFO - Processing /home/airflow/.local/lib/python3.8/site-packages/airflow/example_dags/example_task_group.py took 0.066 seconds
[2023-11-22T21:05:40.482+0000] {processor.py:157} INFO - Started process (PID=13922) to work on /home/airflow/.local/lib/python3.8/site-packages/airflow/example_dags/example_task_group.py
[2023-11-22T21:05:40.484+0000] {processor.py:829} INFO - Processing file /home/airflow/.local/lib/python3.8/site-packages/airflow/example_dags/example_task_group.py for tasks to queue
[2023-11-22T21:05:40.485+0000] {logging_mixin.py:154} INFO - [2023-11-22T21:05:40.485+0000] {dagbag.py:536} INFO - Filling up the DagBag from /home/airflow/.local/lib/python3.8/site-packages/airflow/example_dags/example_task_group.py
[2023-11-22T21:05:40.495+0000] {processor.py:839} INFO - DAG(s) dict_keys(['example_task_group']) retrieved from /home/airflow/.local/lib/python3.8/site-packages/airflow/example_dags/example_task_group.py
[2023-11-22T21:05:40.528+0000] {logging_mixin.py:154} INFO - [2023-11-22T21:05:40.528+0000] {dag.py:2941} INFO - Sync 1 DAGs
[2023-11-22T21:05:40.551+0000] {logging_mixin.py:154} INFO - [2023-11-22T21:05:40.551+0000] {dag.py:3722} INFO - Setting next_dagrun for example_task_group to 2023-11-21T21:05:40.551102+00:00, run_after=2023-11-22T21:05:40.551102+00:00
[2023-11-22T21:05:40.566+0000] {processor.py:179} INFO - Processing /home/airflow/.local/lib/python3.8/site-packages/airflow/example_dags/example_task_group.py took 0.088 seconds
[2023-11-22T21:06:10.633+0000] {processor.py:157} INFO - Started process (PID=14158) to work on /home/airflow/.local/lib/python3.8/site-packages/airflow/example_dags/example_task_group.py
[2023-11-22T21:06:10.634+0000] {processor.py:829} INFO - Processing file /home/airflow/.local/lib/python3.8/site-packages/airflow/example_dags/example_task_group.py for tasks to queue
[2023-11-22T21:06:10.635+0000] {logging_mixin.py:154} INFO - [2023-11-22T21:06:10.635+0000] {dagbag.py:536} INFO - Filling up the DagBag from /home/airflow/.local/lib/python3.8/site-packages/airflow/example_dags/example_task_group.py
[2023-11-22T21:06:10.643+0000] {processor.py:839} INFO - DAG(s) dict_keys(['example_task_group']) retrieved from /home/airflow/.local/lib/python3.8/site-packages/airflow/example_dags/example_task_group.py
[2023-11-22T21:06:10.668+0000] {logging_mixin.py:154} INFO - [2023-11-22T21:06:10.668+0000] {dag.py:2941} INFO - Sync 1 DAGs
[2023-11-22T21:06:10.686+0000] {logging_mixin.py:154} INFO - [2023-11-22T21:06:10.686+0000] {dag.py:3722} INFO - Setting next_dagrun for example_task_group to 2023-11-21T21:06:10.686332+00:00, run_after=2023-11-22T21:06:10.686332+00:00
[2023-11-22T21:06:10.700+0000] {processor.py:179} INFO - Processing /home/airflow/.local/lib/python3.8/site-packages/airflow/example_dags/example_task_group.py took 0.070 seconds
[2023-11-22T21:06:41.554+0000] {processor.py:157} INFO - Started process (PID=14398) to work on /home/airflow/.local/lib/python3.8/site-packages/airflow/example_dags/example_task_group.py
[2023-11-22T21:06:41.555+0000] {processor.py:829} INFO - Processing file /home/airflow/.local/lib/python3.8/site-packages/airflow/example_dags/example_task_group.py for tasks to queue
[2023-11-22T21:06:41.556+0000] {logging_mixin.py:154} INFO - [2023-11-22T21:06:41.555+0000] {dagbag.py:536} INFO - Filling up the DagBag from /home/airflow/.local/lib/python3.8/site-packages/airflow/example_dags/example_task_group.py
[2023-11-22T21:06:41.563+0000] {processor.py:839} INFO - DAG(s) dict_keys(['example_task_group']) retrieved from /home/airflow/.local/lib/python3.8/site-packages/airflow/example_dags/example_task_group.py
[2023-11-22T21:06:41.584+0000] {logging_mixin.py:154} INFO - [2023-11-22T21:06:41.584+0000] {dag.py:2941} INFO - Sync 1 DAGs
[2023-11-22T21:06:41.600+0000] {logging_mixin.py:154} INFO - [2023-11-22T21:06:41.600+0000] {dag.py:3722} INFO - Setting next_dagrun for example_task_group to 2023-11-21T21:06:41.600459+00:00, run_after=2023-11-22T21:06:41.600459+00:00
[2023-11-22T21:06:41.613+0000] {processor.py:179} INFO - Processing /home/airflow/.local/lib/python3.8/site-packages/airflow/example_dags/example_task_group.py took 0.062 seconds
[2023-11-22T21:07:12.755+0000] {processor.py:157} INFO - Started process (PID=14636) to work on /home/airflow/.local/lib/python3.8/site-packages/airflow/example_dags/example_task_group.py
[2023-11-22T21:07:12.756+0000] {processor.py:829} INFO - Processing file /home/airflow/.local/lib/python3.8/site-packages/airflow/example_dags/example_task_group.py for tasks to queue
[2023-11-22T21:07:12.758+0000] {logging_mixin.py:154} INFO - [2023-11-22T21:07:12.757+0000] {dagbag.py:536} INFO - Filling up the DagBag from /home/airflow/.local/lib/python3.8/site-packages/airflow/example_dags/example_task_group.py
[2023-11-22T21:07:12.769+0000] {processor.py:839} INFO - DAG(s) dict_keys(['example_task_group']) retrieved from /home/airflow/.local/lib/python3.8/site-packages/airflow/example_dags/example_task_group.py
[2023-11-22T21:07:12.801+0000] {logging_mixin.py:154} INFO - [2023-11-22T21:07:12.800+0000] {dag.py:2941} INFO - Sync 1 DAGs
[2023-11-22T21:07:12.834+0000] {logging_mixin.py:154} INFO - [2023-11-22T21:07:12.833+0000] {dag.py:3722} INFO - Setting next_dagrun for example_task_group to 2023-11-21T21:07:12.832713+00:00, run_after=2023-11-22T21:07:12.832713+00:00
[2023-11-22T21:07:12.863+0000] {processor.py:179} INFO - Processing /home/airflow/.local/lib/python3.8/site-packages/airflow/example_dags/example_task_group.py took 0.113 seconds
[2023-11-22T21:07:43.679+0000] {processor.py:157} INFO - Started process (PID=14872) to work on /home/airflow/.local/lib/python3.8/site-packages/airflow/example_dags/example_task_group.py
[2023-11-22T21:07:43.680+0000] {processor.py:829} INFO - Processing file /home/airflow/.local/lib/python3.8/site-packages/airflow/example_dags/example_task_group.py for tasks to queue
[2023-11-22T21:07:43.681+0000] {logging_mixin.py:154} INFO - [2023-11-22T21:07:43.681+0000] {dagbag.py:536} INFO - Filling up the DagBag from /home/airflow/.local/lib/python3.8/site-packages/airflow/example_dags/example_task_group.py
[2023-11-22T21:07:43.688+0000] {processor.py:839} INFO - DAG(s) dict_keys(['example_task_group']) retrieved from /home/airflow/.local/lib/python3.8/site-packages/airflow/example_dags/example_task_group.py
[2023-11-22T21:07:43.711+0000] {logging_mixin.py:154} INFO - [2023-11-22T21:07:43.711+0000] {dag.py:2941} INFO - Sync 1 DAGs
[2023-11-22T21:07:43.730+0000] {logging_mixin.py:154} INFO - [2023-11-22T21:07:43.730+0000] {dag.py:3722} INFO - Setting next_dagrun for example_task_group to 2023-11-21T21:07:43.730174+00:00, run_after=2023-11-22T21:07:43.730174+00:00
[2023-11-22T21:07:43.743+0000] {processor.py:179} INFO - Processing /home/airflow/.local/lib/python3.8/site-packages/airflow/example_dags/example_task_group.py took 0.067 seconds
[2023-11-22T21:08:14.481+0000] {processor.py:157} INFO - Started process (PID=15110) to work on /home/airflow/.local/lib/python3.8/site-packages/airflow/example_dags/example_task_group.py
[2023-11-22T21:08:14.482+0000] {processor.py:829} INFO - Processing file /home/airflow/.local/lib/python3.8/site-packages/airflow/example_dags/example_task_group.py for tasks to queue
[2023-11-22T21:08:14.483+0000] {logging_mixin.py:154} INFO - [2023-11-22T21:08:14.482+0000] {dagbag.py:536} INFO - Filling up the DagBag from /home/airflow/.local/lib/python3.8/site-packages/airflow/example_dags/example_task_group.py
[2023-11-22T21:08:14.490+0000] {processor.py:839} INFO - DAG(s) dict_keys(['example_task_group']) retrieved from /home/airflow/.local/lib/python3.8/site-packages/airflow/example_dags/example_task_group.py
[2023-11-22T21:08:14.517+0000] {logging_mixin.py:154} INFO - [2023-11-22T21:08:14.516+0000] {dag.py:2941} INFO - Sync 1 DAGs
[2023-11-22T21:08:14.537+0000] {logging_mixin.py:154} INFO - [2023-11-22T21:08:14.537+0000] {dag.py:3722} INFO - Setting next_dagrun for example_task_group to 2023-11-21T21:08:14.536794+00:00, run_after=2023-11-22T21:08:14.536794+00:00
[2023-11-22T21:08:14.552+0000] {processor.py:179} INFO - Processing /home/airflow/.local/lib/python3.8/site-packages/airflow/example_dags/example_task_group.py took 0.075 seconds
[2023-11-22T21:08:44.983+0000] {processor.py:157} INFO - Started process (PID=15348) to work on /home/airflow/.local/lib/python3.8/site-packages/airflow/example_dags/example_task_group.py
[2023-11-22T21:08:44.984+0000] {processor.py:829} INFO - Processing file /home/airflow/.local/lib/python3.8/site-packages/airflow/example_dags/example_task_group.py for tasks to queue
[2023-11-22T21:08:44.985+0000] {logging_mixin.py:154} INFO - [2023-11-22T21:08:44.985+0000] {dagbag.py:536} INFO - Filling up the DagBag from /home/airflow/.local/lib/python3.8/site-packages/airflow/example_dags/example_task_group.py
[2023-11-22T21:08:44.995+0000] {processor.py:839} INFO - DAG(s) dict_keys(['example_task_group']) retrieved from /home/airflow/.local/lib/python3.8/site-packages/airflow/example_dags/example_task_group.py
[2023-11-22T21:08:45.030+0000] {logging_mixin.py:154} INFO - [2023-11-22T21:08:45.030+0000] {dag.py:2941} INFO - Sync 1 DAGs
[2023-11-22T21:08:45.065+0000] {logging_mixin.py:154} INFO - [2023-11-22T21:08:45.064+0000] {dag.py:3722} INFO - Setting next_dagrun for example_task_group to 2023-11-21T21:08:45.064542+00:00, run_after=2023-11-22T21:08:45.064542+00:00
[2023-11-22T21:08:45.115+0000] {processor.py:179} INFO - Processing /home/airflow/.local/lib/python3.8/site-packages/airflow/example_dags/example_task_group.py took 0.136 seconds
[2023-11-22T21:09:43.883+0000] {processor.py:157} INFO - Started process (PID=347) to work on /home/airflow/.local/lib/python3.8/site-packages/airflow/example_dags/example_task_group.py
[2023-11-22T21:09:43.884+0000] {processor.py:829} INFO - Processing file /home/airflow/.local/lib/python3.8/site-packages/airflow/example_dags/example_task_group.py for tasks to queue
[2023-11-22T21:09:43.886+0000] {logging_mixin.py:154} INFO - [2023-11-22T21:09:43.885+0000] {dagbag.py:536} INFO - Filling up the DagBag from /home/airflow/.local/lib/python3.8/site-packages/airflow/example_dags/example_task_group.py
[2023-11-22T21:09:43.898+0000] {processor.py:839} INFO - DAG(s) dict_keys(['example_task_group']) retrieved from /home/airflow/.local/lib/python3.8/site-packages/airflow/example_dags/example_task_group.py
[2023-11-22T21:09:43.922+0000] {logging_mixin.py:154} INFO - [2023-11-22T21:09:43.922+0000] {dag.py:2941} INFO - Sync 1 DAGs
[2023-11-22T21:09:43.951+0000] {logging_mixin.py:154} INFO - [2023-11-22T21:09:43.951+0000] {dag.py:3722} INFO - Setting next_dagrun for example_task_group to 2023-11-21T21:09:43.950991+00:00, run_after=2023-11-22T21:09:43.950991+00:00
[2023-11-22T21:09:43.976+0000] {processor.py:179} INFO - Processing /home/airflow/.local/lib/python3.8/site-packages/airflow/example_dags/example_task_group.py took 0.100 seconds
[2023-11-22T21:10:14.080+0000] {processor.py:157} INFO - Started process (PID=588) to work on /home/airflow/.local/lib/python3.8/site-packages/airflow/example_dags/example_task_group.py
[2023-11-22T21:10:14.081+0000] {processor.py:829} INFO - Processing file /home/airflow/.local/lib/python3.8/site-packages/airflow/example_dags/example_task_group.py for tasks to queue
[2023-11-22T21:10:14.082+0000] {logging_mixin.py:154} INFO - [2023-11-22T21:10:14.081+0000] {dagbag.py:536} INFO - Filling up the DagBag from /home/airflow/.local/lib/python3.8/site-packages/airflow/example_dags/example_task_group.py
[2023-11-22T21:10:14.088+0000] {processor.py:839} INFO - DAG(s) dict_keys(['example_task_group']) retrieved from /home/airflow/.local/lib/python3.8/site-packages/airflow/example_dags/example_task_group.py
[2023-11-22T21:10:14.112+0000] {logging_mixin.py:154} INFO - [2023-11-22T21:10:14.111+0000] {dag.py:2941} INFO - Sync 1 DAGs
[2023-11-22T21:10:14.128+0000] {logging_mixin.py:154} INFO - [2023-11-22T21:10:14.128+0000] {dag.py:3722} INFO - Setting next_dagrun for example_task_group to 2023-11-21T21:10:14.128205+00:00, run_after=2023-11-22T21:10:14.128205+00:00
[2023-11-22T21:10:14.141+0000] {processor.py:179} INFO - Processing /home/airflow/.local/lib/python3.8/site-packages/airflow/example_dags/example_task_group.py took 0.065 seconds
