[2023-11-22T19:30:05.895+0000] {processor.py:157} INFO - Started process (PID=287) to work on /home/airflow/.local/lib/python3.8/site-packages/airflow/example_dags/example_python_operator.py
[2023-11-22T19:30:05.897+0000] {processor.py:829} INFO - Processing file /home/airflow/.local/lib/python3.8/site-packages/airflow/example_dags/example_python_operator.py for tasks to queue
[2023-11-22T19:30:05.898+0000] {logging_mixin.py:154} INFO - [2023-11-22T19:30:05.897+0000] {dagbag.py:536} INFO - Filling up the DagBag from /home/airflow/.local/lib/python3.8/site-packages/airflow/example_dags/example_python_operator.py
[2023-11-22T19:30:05.920+0000] {processor.py:839} INFO - DAG(s) dict_keys(['example_python_operator']) retrieved from /home/airflow/.local/lib/python3.8/site-packages/airflow/example_dags/example_python_operator.py
[2023-11-22T19:30:05.945+0000] {logging_mixin.py:154} INFO - [2023-11-22T19:30:05.944+0000] {dag.py:2941} INFO - Sync 1 DAGs
[2023-11-22T19:30:05.960+0000] {logging_mixin.py:154} INFO - [2023-11-22T19:30:05.959+0000] {dag.py:3722} INFO - Setting next_dagrun for example_python_operator to None, run_after=None
[2023-11-22T19:30:05.982+0000] {processor.py:179} INFO - Processing /home/airflow/.local/lib/python3.8/site-packages/airflow/example_dags/example_python_operator.py took 0.091 seconds
[2023-11-22T19:30:36.713+0000] {processor.py:157} INFO - Started process (PID=525) to work on /home/airflow/.local/lib/python3.8/site-packages/airflow/example_dags/example_python_operator.py
[2023-11-22T19:30:36.714+0000] {processor.py:829} INFO - Processing file /home/airflow/.local/lib/python3.8/site-packages/airflow/example_dags/example_python_operator.py for tasks to queue
[2023-11-22T19:30:36.714+0000] {logging_mixin.py:154} INFO - [2023-11-22T19:30:36.714+0000] {dagbag.py:536} INFO - Filling up the DagBag from /home/airflow/.local/lib/python3.8/site-packages/airflow/example_dags/example_python_operator.py
[2023-11-22T19:30:36.722+0000] {processor.py:839} INFO - DAG(s) dict_keys(['example_python_operator']) retrieved from /home/airflow/.local/lib/python3.8/site-packages/airflow/example_dags/example_python_operator.py
[2023-11-22T19:30:36.804+0000] {logging_mixin.py:154} INFO - [2023-11-22T19:30:36.804+0000] {dag.py:2941} INFO - Sync 1 DAGs
[2023-11-22T19:30:36.812+0000] {logging_mixin.py:154} INFO - [2023-11-22T19:30:36.812+0000] {dag.py:3722} INFO - Setting next_dagrun for example_python_operator to None, run_after=None
[2023-11-22T19:30:36.826+0000] {processor.py:179} INFO - Processing /home/airflow/.local/lib/python3.8/site-packages/airflow/example_dags/example_python_operator.py took 0.116 seconds
[2023-11-22T19:31:07.325+0000] {processor.py:157} INFO - Started process (PID=763) to work on /home/airflow/.local/lib/python3.8/site-packages/airflow/example_dags/example_python_operator.py
[2023-11-22T19:31:07.326+0000] {processor.py:829} INFO - Processing file /home/airflow/.local/lib/python3.8/site-packages/airflow/example_dags/example_python_operator.py for tasks to queue
[2023-11-22T19:31:07.327+0000] {logging_mixin.py:154} INFO - [2023-11-22T19:31:07.327+0000] {dagbag.py:536} INFO - Filling up the DagBag from /home/airflow/.local/lib/python3.8/site-packages/airflow/example_dags/example_python_operator.py
[2023-11-22T19:31:07.335+0000] {processor.py:839} INFO - DAG(s) dict_keys(['example_python_operator']) retrieved from /home/airflow/.local/lib/python3.8/site-packages/airflow/example_dags/example_python_operator.py
[2023-11-22T19:31:07.359+0000] {logging_mixin.py:154} INFO - [2023-11-22T19:31:07.359+0000] {dag.py:2941} INFO - Sync 1 DAGs
[2023-11-22T19:31:07.369+0000] {logging_mixin.py:154} INFO - [2023-11-22T19:31:07.369+0000] {dag.py:3722} INFO - Setting next_dagrun for example_python_operator to None, run_after=None
[2023-11-22T19:31:07.381+0000] {processor.py:179} INFO - Processing /home/airflow/.local/lib/python3.8/site-packages/airflow/example_dags/example_python_operator.py took 0.059 seconds
[2023-11-22T19:31:38.170+0000] {processor.py:157} INFO - Started process (PID=1001) to work on /home/airflow/.local/lib/python3.8/site-packages/airflow/example_dags/example_python_operator.py
[2023-11-22T19:31:38.171+0000] {processor.py:829} INFO - Processing file /home/airflow/.local/lib/python3.8/site-packages/airflow/example_dags/example_python_operator.py for tasks to queue
[2023-11-22T19:31:38.173+0000] {logging_mixin.py:154} INFO - [2023-11-22T19:31:38.172+0000] {dagbag.py:536} INFO - Filling up the DagBag from /home/airflow/.local/lib/python3.8/site-packages/airflow/example_dags/example_python_operator.py
[2023-11-22T19:31:38.186+0000] {processor.py:839} INFO - DAG(s) dict_keys(['example_python_operator']) retrieved from /home/airflow/.local/lib/python3.8/site-packages/airflow/example_dags/example_python_operator.py
[2023-11-22T19:31:38.233+0000] {logging_mixin.py:154} INFO - [2023-11-22T19:31:38.233+0000] {dag.py:2941} INFO - Sync 1 DAGs
[2023-11-22T19:31:38.249+0000] {logging_mixin.py:154} INFO - [2023-11-22T19:31:38.249+0000] {dag.py:3722} INFO - Setting next_dagrun for example_python_operator to None, run_after=None
[2023-11-22T19:31:38.270+0000] {processor.py:179} INFO - Processing /home/airflow/.local/lib/python3.8/site-packages/airflow/example_dags/example_python_operator.py took 0.105 seconds
[2023-11-22T19:32:08.502+0000] {processor.py:157} INFO - Started process (PID=1239) to work on /home/airflow/.local/lib/python3.8/site-packages/airflow/example_dags/example_python_operator.py
[2023-11-22T19:32:08.503+0000] {processor.py:829} INFO - Processing file /home/airflow/.local/lib/python3.8/site-packages/airflow/example_dags/example_python_operator.py for tasks to queue
[2023-11-22T19:32:08.504+0000] {logging_mixin.py:154} INFO - [2023-11-22T19:32:08.503+0000] {dagbag.py:536} INFO - Filling up the DagBag from /home/airflow/.local/lib/python3.8/site-packages/airflow/example_dags/example_python_operator.py
[2023-11-22T19:32:08.511+0000] {processor.py:839} INFO - DAG(s) dict_keys(['example_python_operator']) retrieved from /home/airflow/.local/lib/python3.8/site-packages/airflow/example_dags/example_python_operator.py
[2023-11-22T19:32:08.534+0000] {logging_mixin.py:154} INFO - [2023-11-22T19:32:08.534+0000] {dag.py:2941} INFO - Sync 1 DAGs
[2023-11-22T19:32:08.543+0000] {logging_mixin.py:154} INFO - [2023-11-22T19:32:08.543+0000] {dag.py:3722} INFO - Setting next_dagrun for example_python_operator to None, run_after=None
[2023-11-22T19:32:08.557+0000] {processor.py:179} INFO - Processing /home/airflow/.local/lib/python3.8/site-packages/airflow/example_dags/example_python_operator.py took 0.058 seconds
[2023-11-22T19:32:38.992+0000] {processor.py:157} INFO - Started process (PID=1477) to work on /home/airflow/.local/lib/python3.8/site-packages/airflow/example_dags/example_python_operator.py
[2023-11-22T19:32:38.993+0000] {processor.py:829} INFO - Processing file /home/airflow/.local/lib/python3.8/site-packages/airflow/example_dags/example_python_operator.py for tasks to queue
[2023-11-22T19:32:38.994+0000] {logging_mixin.py:154} INFO - [2023-11-22T19:32:38.994+0000] {dagbag.py:536} INFO - Filling up the DagBag from /home/airflow/.local/lib/python3.8/site-packages/airflow/example_dags/example_python_operator.py
[2023-11-22T19:32:39.003+0000] {processor.py:839} INFO - DAG(s) dict_keys(['example_python_operator']) retrieved from /home/airflow/.local/lib/python3.8/site-packages/airflow/example_dags/example_python_operator.py
[2023-11-22T19:32:39.036+0000] {logging_mixin.py:154} INFO - [2023-11-22T19:32:39.036+0000] {dag.py:2941} INFO - Sync 1 DAGs
[2023-11-22T19:32:39.047+0000] {logging_mixin.py:154} INFO - [2023-11-22T19:32:39.047+0000] {dag.py:3722} INFO - Setting next_dagrun for example_python_operator to None, run_after=None
[2023-11-22T19:32:39.062+0000] {processor.py:179} INFO - Processing /home/airflow/.local/lib/python3.8/site-packages/airflow/example_dags/example_python_operator.py took 0.073 seconds
[2023-11-22T19:33:09.859+0000] {processor.py:157} INFO - Started process (PID=1715) to work on /home/airflow/.local/lib/python3.8/site-packages/airflow/example_dags/example_python_operator.py
[2023-11-22T19:33:09.860+0000] {processor.py:829} INFO - Processing file /home/airflow/.local/lib/python3.8/site-packages/airflow/example_dags/example_python_operator.py for tasks to queue
[2023-11-22T19:33:09.861+0000] {logging_mixin.py:154} INFO - [2023-11-22T19:33:09.861+0000] {dagbag.py:536} INFO - Filling up the DagBag from /home/airflow/.local/lib/python3.8/site-packages/airflow/example_dags/example_python_operator.py
[2023-11-22T19:33:09.869+0000] {processor.py:839} INFO - DAG(s) dict_keys(['example_python_operator']) retrieved from /home/airflow/.local/lib/python3.8/site-packages/airflow/example_dags/example_python_operator.py
[2023-11-22T19:33:09.892+0000] {logging_mixin.py:154} INFO - [2023-11-22T19:33:09.892+0000] {dag.py:2941} INFO - Sync 1 DAGs
[2023-11-22T19:33:09.902+0000] {logging_mixin.py:154} INFO - [2023-11-22T19:33:09.902+0000] {dag.py:3722} INFO - Setting next_dagrun for example_python_operator to None, run_after=None
[2023-11-22T19:33:09.915+0000] {processor.py:179} INFO - Processing /home/airflow/.local/lib/python3.8/site-packages/airflow/example_dags/example_python_operator.py took 0.059 seconds
[2023-11-22T19:33:40.395+0000] {processor.py:157} INFO - Started process (PID=1953) to work on /home/airflow/.local/lib/python3.8/site-packages/airflow/example_dags/example_python_operator.py
[2023-11-22T19:33:40.397+0000] {processor.py:829} INFO - Processing file /home/airflow/.local/lib/python3.8/site-packages/airflow/example_dags/example_python_operator.py for tasks to queue
[2023-11-22T19:33:40.398+0000] {logging_mixin.py:154} INFO - [2023-11-22T19:33:40.398+0000] {dagbag.py:536} INFO - Filling up the DagBag from /home/airflow/.local/lib/python3.8/site-packages/airflow/example_dags/example_python_operator.py
[2023-11-22T19:33:40.406+0000] {processor.py:839} INFO - DAG(s) dict_keys(['example_python_operator']) retrieved from /home/airflow/.local/lib/python3.8/site-packages/airflow/example_dags/example_python_operator.py
[2023-11-22T19:33:40.430+0000] {logging_mixin.py:154} INFO - [2023-11-22T19:33:40.430+0000] {dag.py:2941} INFO - Sync 1 DAGs
[2023-11-22T19:33:40.441+0000] {logging_mixin.py:154} INFO - [2023-11-22T19:33:40.441+0000] {dag.py:3722} INFO - Setting next_dagrun for example_python_operator to None, run_after=None
[2023-11-22T19:33:40.454+0000] {processor.py:179} INFO - Processing /home/airflow/.local/lib/python3.8/site-packages/airflow/example_dags/example_python_operator.py took 0.062 seconds
[2023-11-22T19:34:11.039+0000] {processor.py:157} INFO - Started process (PID=2191) to work on /home/airflow/.local/lib/python3.8/site-packages/airflow/example_dags/example_python_operator.py
[2023-11-22T19:34:11.040+0000] {processor.py:829} INFO - Processing file /home/airflow/.local/lib/python3.8/site-packages/airflow/example_dags/example_python_operator.py for tasks to queue
[2023-11-22T19:34:11.040+0000] {logging_mixin.py:154} INFO - [2023-11-22T19:34:11.040+0000] {dagbag.py:536} INFO - Filling up the DagBag from /home/airflow/.local/lib/python3.8/site-packages/airflow/example_dags/example_python_operator.py
[2023-11-22T19:34:11.048+0000] {processor.py:839} INFO - DAG(s) dict_keys(['example_python_operator']) retrieved from /home/airflow/.local/lib/python3.8/site-packages/airflow/example_dags/example_python_operator.py
[2023-11-22T19:34:11.071+0000] {logging_mixin.py:154} INFO - [2023-11-22T19:34:11.071+0000] {dag.py:2941} INFO - Sync 1 DAGs
[2023-11-22T19:34:11.081+0000] {logging_mixin.py:154} INFO - [2023-11-22T19:34:11.081+0000] {dag.py:3722} INFO - Setting next_dagrun for example_python_operator to None, run_after=None
[2023-11-22T19:34:11.098+0000] {processor.py:179} INFO - Processing /home/airflow/.local/lib/python3.8/site-packages/airflow/example_dags/example_python_operator.py took 0.062 seconds
[2023-11-22T19:34:41.428+0000] {processor.py:157} INFO - Started process (PID=2429) to work on /home/airflow/.local/lib/python3.8/site-packages/airflow/example_dags/example_python_operator.py
[2023-11-22T19:34:41.429+0000] {processor.py:829} INFO - Processing file /home/airflow/.local/lib/python3.8/site-packages/airflow/example_dags/example_python_operator.py for tasks to queue
[2023-11-22T19:34:41.430+0000] {logging_mixin.py:154} INFO - [2023-11-22T19:34:41.430+0000] {dagbag.py:536} INFO - Filling up the DagBag from /home/airflow/.local/lib/python3.8/site-packages/airflow/example_dags/example_python_operator.py
[2023-11-22T19:34:41.438+0000] {processor.py:839} INFO - DAG(s) dict_keys(['example_python_operator']) retrieved from /home/airflow/.local/lib/python3.8/site-packages/airflow/example_dags/example_python_operator.py
[2023-11-22T19:34:41.461+0000] {logging_mixin.py:154} INFO - [2023-11-22T19:34:41.461+0000] {dag.py:2941} INFO - Sync 1 DAGs
[2023-11-22T19:34:41.470+0000] {logging_mixin.py:154} INFO - [2023-11-22T19:34:41.470+0000] {dag.py:3722} INFO - Setting next_dagrun for example_python_operator to None, run_after=None
[2023-11-22T19:34:41.483+0000] {processor.py:179} INFO - Processing /home/airflow/.local/lib/python3.8/site-packages/airflow/example_dags/example_python_operator.py took 0.058 seconds
[2023-11-22T19:35:11.808+0000] {processor.py:157} INFO - Started process (PID=2667) to work on /home/airflow/.local/lib/python3.8/site-packages/airflow/example_dags/example_python_operator.py
[2023-11-22T19:35:11.809+0000] {processor.py:829} INFO - Processing file /home/airflow/.local/lib/python3.8/site-packages/airflow/example_dags/example_python_operator.py for tasks to queue
[2023-11-22T19:35:11.810+0000] {logging_mixin.py:154} INFO - [2023-11-22T19:35:11.809+0000] {dagbag.py:536} INFO - Filling up the DagBag from /home/airflow/.local/lib/python3.8/site-packages/airflow/example_dags/example_python_operator.py
[2023-11-22T19:35:11.817+0000] {processor.py:839} INFO - DAG(s) dict_keys(['example_python_operator']) retrieved from /home/airflow/.local/lib/python3.8/site-packages/airflow/example_dags/example_python_operator.py
[2023-11-22T19:35:11.840+0000] {logging_mixin.py:154} INFO - [2023-11-22T19:35:11.840+0000] {dag.py:2941} INFO - Sync 1 DAGs
[2023-11-22T19:35:11.850+0000] {logging_mixin.py:154} INFO - [2023-11-22T19:35:11.850+0000] {dag.py:3722} INFO - Setting next_dagrun for example_python_operator to None, run_after=None
[2023-11-22T19:35:11.863+0000] {processor.py:179} INFO - Processing /home/airflow/.local/lib/python3.8/site-packages/airflow/example_dags/example_python_operator.py took 0.058 seconds
[2023-11-22T19:35:42.333+0000] {processor.py:157} INFO - Started process (PID=2905) to work on /home/airflow/.local/lib/python3.8/site-packages/airflow/example_dags/example_python_operator.py
[2023-11-22T19:35:42.334+0000] {processor.py:829} INFO - Processing file /home/airflow/.local/lib/python3.8/site-packages/airflow/example_dags/example_python_operator.py for tasks to queue
[2023-11-22T19:35:42.335+0000] {logging_mixin.py:154} INFO - [2023-11-22T19:35:42.334+0000] {dagbag.py:536} INFO - Filling up the DagBag from /home/airflow/.local/lib/python3.8/site-packages/airflow/example_dags/example_python_operator.py
[2023-11-22T19:35:42.343+0000] {processor.py:839} INFO - DAG(s) dict_keys(['example_python_operator']) retrieved from /home/airflow/.local/lib/python3.8/site-packages/airflow/example_dags/example_python_operator.py
[2023-11-22T19:35:42.366+0000] {logging_mixin.py:154} INFO - [2023-11-22T19:35:42.366+0000] {dag.py:2941} INFO - Sync 1 DAGs
[2023-11-22T19:35:42.376+0000] {logging_mixin.py:154} INFO - [2023-11-22T19:35:42.376+0000] {dag.py:3722} INFO - Setting next_dagrun for example_python_operator to None, run_after=None
[2023-11-22T19:35:42.389+0000] {processor.py:179} INFO - Processing /home/airflow/.local/lib/python3.8/site-packages/airflow/example_dags/example_python_operator.py took 0.060 seconds
[2023-11-22T19:36:12.737+0000] {processor.py:157} INFO - Started process (PID=3143) to work on /home/airflow/.local/lib/python3.8/site-packages/airflow/example_dags/example_python_operator.py
[2023-11-22T19:36:12.738+0000] {processor.py:829} INFO - Processing file /home/airflow/.local/lib/python3.8/site-packages/airflow/example_dags/example_python_operator.py for tasks to queue
[2023-11-22T19:36:12.739+0000] {logging_mixin.py:154} INFO - [2023-11-22T19:36:12.738+0000] {dagbag.py:536} INFO - Filling up the DagBag from /home/airflow/.local/lib/python3.8/site-packages/airflow/example_dags/example_python_operator.py
[2023-11-22T19:36:12.746+0000] {processor.py:839} INFO - DAG(s) dict_keys(['example_python_operator']) retrieved from /home/airflow/.local/lib/python3.8/site-packages/airflow/example_dags/example_python_operator.py
[2023-11-22T19:36:12.769+0000] {logging_mixin.py:154} INFO - [2023-11-22T19:36:12.769+0000] {dag.py:2941} INFO - Sync 1 DAGs
[2023-11-22T19:36:12.778+0000] {logging_mixin.py:154} INFO - [2023-11-22T19:36:12.778+0000] {dag.py:3722} INFO - Setting next_dagrun for example_python_operator to None, run_after=None
[2023-11-22T19:36:12.791+0000] {processor.py:179} INFO - Processing /home/airflow/.local/lib/python3.8/site-packages/airflow/example_dags/example_python_operator.py took 0.057 seconds
[2023-11-22T19:36:43.500+0000] {processor.py:157} INFO - Started process (PID=3381) to work on /home/airflow/.local/lib/python3.8/site-packages/airflow/example_dags/example_python_operator.py
[2023-11-22T19:36:43.502+0000] {processor.py:829} INFO - Processing file /home/airflow/.local/lib/python3.8/site-packages/airflow/example_dags/example_python_operator.py for tasks to queue
[2023-11-22T19:36:43.504+0000] {logging_mixin.py:154} INFO - [2023-11-22T19:36:43.503+0000] {dagbag.py:536} INFO - Filling up the DagBag from /home/airflow/.local/lib/python3.8/site-packages/airflow/example_dags/example_python_operator.py
[2023-11-22T19:36:43.518+0000] {processor.py:839} INFO - DAG(s) dict_keys(['example_python_operator']) retrieved from /home/airflow/.local/lib/python3.8/site-packages/airflow/example_dags/example_python_operator.py
[2023-11-22T19:36:43.554+0000] {logging_mixin.py:154} INFO - [2023-11-22T19:36:43.554+0000] {dag.py:2941} INFO - Sync 1 DAGs
[2023-11-22T19:36:43.570+0000] {logging_mixin.py:154} INFO - [2023-11-22T19:36:43.570+0000] {dag.py:3722} INFO - Setting next_dagrun for example_python_operator to None, run_after=None
[2023-11-22T19:36:43.591+0000] {processor.py:179} INFO - Processing /home/airflow/.local/lib/python3.8/site-packages/airflow/example_dags/example_python_operator.py took 0.096 seconds
[2023-11-22T19:37:14.491+0000] {processor.py:157} INFO - Started process (PID=3619) to work on /home/airflow/.local/lib/python3.8/site-packages/airflow/example_dags/example_python_operator.py
[2023-11-22T19:37:14.492+0000] {processor.py:829} INFO - Processing file /home/airflow/.local/lib/python3.8/site-packages/airflow/example_dags/example_python_operator.py for tasks to queue
[2023-11-22T19:37:14.493+0000] {logging_mixin.py:154} INFO - [2023-11-22T19:37:14.493+0000] {dagbag.py:536} INFO - Filling up the DagBag from /home/airflow/.local/lib/python3.8/site-packages/airflow/example_dags/example_python_operator.py
[2023-11-22T19:37:14.502+0000] {processor.py:839} INFO - DAG(s) dict_keys(['example_python_operator']) retrieved from /home/airflow/.local/lib/python3.8/site-packages/airflow/example_dags/example_python_operator.py
[2023-11-22T19:37:14.533+0000] {logging_mixin.py:154} INFO - [2023-11-22T19:37:14.532+0000] {dag.py:2941} INFO - Sync 1 DAGs
[2023-11-22T19:37:14.546+0000] {logging_mixin.py:154} INFO - [2023-11-22T19:37:14.545+0000] {dag.py:3722} INFO - Setting next_dagrun for example_python_operator to None, run_after=None
[2023-11-22T19:37:14.564+0000] {processor.py:179} INFO - Processing /home/airflow/.local/lib/python3.8/site-packages/airflow/example_dags/example_python_operator.py took 0.076 seconds
[2023-11-22T19:37:44.877+0000] {processor.py:157} INFO - Started process (PID=3857) to work on /home/airflow/.local/lib/python3.8/site-packages/airflow/example_dags/example_python_operator.py
[2023-11-22T19:37:44.878+0000] {processor.py:829} INFO - Processing file /home/airflow/.local/lib/python3.8/site-packages/airflow/example_dags/example_python_operator.py for tasks to queue
[2023-11-22T19:37:44.879+0000] {logging_mixin.py:154} INFO - [2023-11-22T19:37:44.879+0000] {dagbag.py:536} INFO - Filling up the DagBag from /home/airflow/.local/lib/python3.8/site-packages/airflow/example_dags/example_python_operator.py
[2023-11-22T19:37:44.891+0000] {processor.py:839} INFO - DAG(s) dict_keys(['example_python_operator']) retrieved from /home/airflow/.local/lib/python3.8/site-packages/airflow/example_dags/example_python_operator.py
[2023-11-22T19:37:44.928+0000] {logging_mixin.py:154} INFO - [2023-11-22T19:37:44.927+0000] {dag.py:2941} INFO - Sync 1 DAGs
[2023-11-22T19:37:44.941+0000] {logging_mixin.py:154} INFO - [2023-11-22T19:37:44.940+0000] {dag.py:3722} INFO - Setting next_dagrun for example_python_operator to None, run_after=None
[2023-11-22T19:37:44.956+0000] {processor.py:179} INFO - Processing /home/airflow/.local/lib/python3.8/site-packages/airflow/example_dags/example_python_operator.py took 0.082 seconds
[2023-11-22T19:38:14.992+0000] {processor.py:157} INFO - Started process (PID=4095) to work on /home/airflow/.local/lib/python3.8/site-packages/airflow/example_dags/example_python_operator.py
[2023-11-22T19:38:14.992+0000] {processor.py:829} INFO - Processing file /home/airflow/.local/lib/python3.8/site-packages/airflow/example_dags/example_python_operator.py for tasks to queue
[2023-11-22T19:38:14.993+0000] {logging_mixin.py:154} INFO - [2023-11-22T19:38:14.993+0000] {dagbag.py:536} INFO - Filling up the DagBag from /home/airflow/.local/lib/python3.8/site-packages/airflow/example_dags/example_python_operator.py
[2023-11-22T19:38:15.001+0000] {processor.py:839} INFO - DAG(s) dict_keys(['example_python_operator']) retrieved from /home/airflow/.local/lib/python3.8/site-packages/airflow/example_dags/example_python_operator.py
[2023-11-22T19:38:15.030+0000] {logging_mixin.py:154} INFO - [2023-11-22T19:38:15.030+0000] {dag.py:2941} INFO - Sync 1 DAGs
[2023-11-22T19:38:15.042+0000] {logging_mixin.py:154} INFO - [2023-11-22T19:38:15.042+0000] {dag.py:3722} INFO - Setting next_dagrun for example_python_operator to None, run_after=None
[2023-11-22T19:38:15.056+0000] {processor.py:179} INFO - Processing /home/airflow/.local/lib/python3.8/site-packages/airflow/example_dags/example_python_operator.py took 0.068 seconds
[2023-11-22T19:38:45.350+0000] {processor.py:157} INFO - Started process (PID=4332) to work on /home/airflow/.local/lib/python3.8/site-packages/airflow/example_dags/example_python_operator.py
[2023-11-22T19:38:45.351+0000] {processor.py:829} INFO - Processing file /home/airflow/.local/lib/python3.8/site-packages/airflow/example_dags/example_python_operator.py for tasks to queue
[2023-11-22T19:38:45.352+0000] {logging_mixin.py:154} INFO - [2023-11-22T19:38:45.352+0000] {dagbag.py:536} INFO - Filling up the DagBag from /home/airflow/.local/lib/python3.8/site-packages/airflow/example_dags/example_python_operator.py
[2023-11-22T19:38:45.361+0000] {processor.py:839} INFO - DAG(s) dict_keys(['example_python_operator']) retrieved from /home/airflow/.local/lib/python3.8/site-packages/airflow/example_dags/example_python_operator.py
[2023-11-22T19:38:45.393+0000] {logging_mixin.py:154} INFO - [2023-11-22T19:38:45.392+0000] {dag.py:2941} INFO - Sync 1 DAGs
[2023-11-22T19:38:45.406+0000] {logging_mixin.py:154} INFO - [2023-11-22T19:38:45.406+0000] {dag.py:3722} INFO - Setting next_dagrun for example_python_operator to None, run_after=None
[2023-11-22T19:38:45.423+0000] {processor.py:179} INFO - Processing /home/airflow/.local/lib/python3.8/site-packages/airflow/example_dags/example_python_operator.py took 0.076 seconds
[2023-11-22T19:39:15.847+0000] {processor.py:157} INFO - Started process (PID=4570) to work on /home/airflow/.local/lib/python3.8/site-packages/airflow/example_dags/example_python_operator.py
[2023-11-22T19:39:15.848+0000] {processor.py:829} INFO - Processing file /home/airflow/.local/lib/python3.8/site-packages/airflow/example_dags/example_python_operator.py for tasks to queue
[2023-11-22T19:39:15.849+0000] {logging_mixin.py:154} INFO - [2023-11-22T19:39:15.848+0000] {dagbag.py:536} INFO - Filling up the DagBag from /home/airflow/.local/lib/python3.8/site-packages/airflow/example_dags/example_python_operator.py
[2023-11-22T19:39:15.856+0000] {processor.py:839} INFO - DAG(s) dict_keys(['example_python_operator']) retrieved from /home/airflow/.local/lib/python3.8/site-packages/airflow/example_dags/example_python_operator.py
[2023-11-22T19:39:15.879+0000] {logging_mixin.py:154} INFO - [2023-11-22T19:39:15.879+0000] {dag.py:2941} INFO - Sync 1 DAGs
[2023-11-22T19:39:15.889+0000] {logging_mixin.py:154} INFO - [2023-11-22T19:39:15.889+0000] {dag.py:3722} INFO - Setting next_dagrun for example_python_operator to None, run_after=None
[2023-11-22T19:39:15.902+0000] {processor.py:179} INFO - Processing /home/airflow/.local/lib/python3.8/site-packages/airflow/example_dags/example_python_operator.py took 0.058 seconds
[2023-11-22T19:39:46.224+0000] {processor.py:157} INFO - Started process (PID=4808) to work on /home/airflow/.local/lib/python3.8/site-packages/airflow/example_dags/example_python_operator.py
[2023-11-22T19:39:46.225+0000] {processor.py:829} INFO - Processing file /home/airflow/.local/lib/python3.8/site-packages/airflow/example_dags/example_python_operator.py for tasks to queue
[2023-11-22T19:39:46.225+0000] {logging_mixin.py:154} INFO - [2023-11-22T19:39:46.225+0000] {dagbag.py:536} INFO - Filling up the DagBag from /home/airflow/.local/lib/python3.8/site-packages/airflow/example_dags/example_python_operator.py
[2023-11-22T19:39:46.233+0000] {processor.py:839} INFO - DAG(s) dict_keys(['example_python_operator']) retrieved from /home/airflow/.local/lib/python3.8/site-packages/airflow/example_dags/example_python_operator.py
[2023-11-22T19:39:46.256+0000] {logging_mixin.py:154} INFO - [2023-11-22T19:39:46.255+0000] {dag.py:2941} INFO - Sync 1 DAGs
[2023-11-22T19:39:46.265+0000] {logging_mixin.py:154} INFO - [2023-11-22T19:39:46.265+0000] {dag.py:3722} INFO - Setting next_dagrun for example_python_operator to None, run_after=None
[2023-11-22T19:39:46.277+0000] {processor.py:179} INFO - Processing /home/airflow/.local/lib/python3.8/site-packages/airflow/example_dags/example_python_operator.py took 0.057 seconds
[2023-11-22T19:40:16.875+0000] {processor.py:157} INFO - Started process (PID=5046) to work on /home/airflow/.local/lib/python3.8/site-packages/airflow/example_dags/example_python_operator.py
[2023-11-22T19:40:16.875+0000] {processor.py:829} INFO - Processing file /home/airflow/.local/lib/python3.8/site-packages/airflow/example_dags/example_python_operator.py for tasks to queue
[2023-11-22T19:40:16.876+0000] {logging_mixin.py:154} INFO - [2023-11-22T19:40:16.876+0000] {dagbag.py:536} INFO - Filling up the DagBag from /home/airflow/.local/lib/python3.8/site-packages/airflow/example_dags/example_python_operator.py
[2023-11-22T19:40:16.884+0000] {processor.py:839} INFO - DAG(s) dict_keys(['example_python_operator']) retrieved from /home/airflow/.local/lib/python3.8/site-packages/airflow/example_dags/example_python_operator.py
[2023-11-22T19:40:16.906+0000] {logging_mixin.py:154} INFO - [2023-11-22T19:40:16.906+0000] {dag.py:2941} INFO - Sync 1 DAGs
[2023-11-22T19:40:16.916+0000] {logging_mixin.py:154} INFO - [2023-11-22T19:40:16.916+0000] {dag.py:3722} INFO - Setting next_dagrun for example_python_operator to None, run_after=None
[2023-11-22T19:40:16.929+0000] {processor.py:179} INFO - Processing /home/airflow/.local/lib/python3.8/site-packages/airflow/example_dags/example_python_operator.py took 0.057 seconds
[2023-11-22T19:40:47.448+0000] {processor.py:157} INFO - Started process (PID=5284) to work on /home/airflow/.local/lib/python3.8/site-packages/airflow/example_dags/example_python_operator.py
[2023-11-22T19:40:47.449+0000] {processor.py:829} INFO - Processing file /home/airflow/.local/lib/python3.8/site-packages/airflow/example_dags/example_python_operator.py for tasks to queue
[2023-11-22T19:40:47.450+0000] {logging_mixin.py:154} INFO - [2023-11-22T19:40:47.450+0000] {dagbag.py:536} INFO - Filling up the DagBag from /home/airflow/.local/lib/python3.8/site-packages/airflow/example_dags/example_python_operator.py
[2023-11-22T19:40:47.458+0000] {processor.py:839} INFO - DAG(s) dict_keys(['example_python_operator']) retrieved from /home/airflow/.local/lib/python3.8/site-packages/airflow/example_dags/example_python_operator.py
[2023-11-22T19:40:47.481+0000] {logging_mixin.py:154} INFO - [2023-11-22T19:40:47.481+0000] {dag.py:2941} INFO - Sync 1 DAGs
[2023-11-22T19:40:47.490+0000] {logging_mixin.py:154} INFO - [2023-11-22T19:40:47.490+0000] {dag.py:3722} INFO - Setting next_dagrun for example_python_operator to None, run_after=None
[2023-11-22T19:40:47.502+0000] {processor.py:179} INFO - Processing /home/airflow/.local/lib/python3.8/site-packages/airflow/example_dags/example_python_operator.py took 0.057 seconds
[2023-11-22T19:41:17.972+0000] {processor.py:157} INFO - Started process (PID=5522) to work on /home/airflow/.local/lib/python3.8/site-packages/airflow/example_dags/example_python_operator.py
[2023-11-22T19:41:17.973+0000] {processor.py:829} INFO - Processing file /home/airflow/.local/lib/python3.8/site-packages/airflow/example_dags/example_python_operator.py for tasks to queue
[2023-11-22T19:41:17.974+0000] {logging_mixin.py:154} INFO - [2023-11-22T19:41:17.973+0000] {dagbag.py:536} INFO - Filling up the DagBag from /home/airflow/.local/lib/python3.8/site-packages/airflow/example_dags/example_python_operator.py
[2023-11-22T19:41:17.981+0000] {processor.py:839} INFO - DAG(s) dict_keys(['example_python_operator']) retrieved from /home/airflow/.local/lib/python3.8/site-packages/airflow/example_dags/example_python_operator.py
[2023-11-22T19:41:18.003+0000] {logging_mixin.py:154} INFO - [2023-11-22T19:41:18.002+0000] {dag.py:2941} INFO - Sync 1 DAGs
[2023-11-22T19:41:18.012+0000] {logging_mixin.py:154} INFO - [2023-11-22T19:41:18.012+0000] {dag.py:3722} INFO - Setting next_dagrun for example_python_operator to None, run_after=None
[2023-11-22T19:41:18.026+0000] {processor.py:179} INFO - Processing /home/airflow/.local/lib/python3.8/site-packages/airflow/example_dags/example_python_operator.py took 0.056 seconds
[2023-11-22T19:41:48.481+0000] {processor.py:157} INFO - Started process (PID=5760) to work on /home/airflow/.local/lib/python3.8/site-packages/airflow/example_dags/example_python_operator.py
[2023-11-22T19:41:48.482+0000] {processor.py:829} INFO - Processing file /home/airflow/.local/lib/python3.8/site-packages/airflow/example_dags/example_python_operator.py for tasks to queue
[2023-11-22T19:41:48.483+0000] {logging_mixin.py:154} INFO - [2023-11-22T19:41:48.482+0000] {dagbag.py:536} INFO - Filling up the DagBag from /home/airflow/.local/lib/python3.8/site-packages/airflow/example_dags/example_python_operator.py
[2023-11-22T19:41:48.490+0000] {processor.py:839} INFO - DAG(s) dict_keys(['example_python_operator']) retrieved from /home/airflow/.local/lib/python3.8/site-packages/airflow/example_dags/example_python_operator.py
[2023-11-22T19:41:48.513+0000] {logging_mixin.py:154} INFO - [2023-11-22T19:41:48.513+0000] {dag.py:2941} INFO - Sync 1 DAGs
[2023-11-22T19:41:48.523+0000] {logging_mixin.py:154} INFO - [2023-11-22T19:41:48.523+0000] {dag.py:3722} INFO - Setting next_dagrun for example_python_operator to None, run_after=None
[2023-11-22T19:41:48.536+0000] {processor.py:179} INFO - Processing /home/airflow/.local/lib/python3.8/site-packages/airflow/example_dags/example_python_operator.py took 0.058 seconds
[2023-11-22T19:42:18.855+0000] {processor.py:157} INFO - Started process (PID=5997) to work on /home/airflow/.local/lib/python3.8/site-packages/airflow/example_dags/example_python_operator.py
[2023-11-22T19:42:18.856+0000] {processor.py:829} INFO - Processing file /home/airflow/.local/lib/python3.8/site-packages/airflow/example_dags/example_python_operator.py for tasks to queue
[2023-11-22T19:42:18.857+0000] {logging_mixin.py:154} INFO - [2023-11-22T19:42:18.856+0000] {dagbag.py:536} INFO - Filling up the DagBag from /home/airflow/.local/lib/python3.8/site-packages/airflow/example_dags/example_python_operator.py
[2023-11-22T19:42:18.865+0000] {processor.py:839} INFO - DAG(s) dict_keys(['example_python_operator']) retrieved from /home/airflow/.local/lib/python3.8/site-packages/airflow/example_dags/example_python_operator.py
[2023-11-22T19:42:18.887+0000] {logging_mixin.py:154} INFO - [2023-11-22T19:42:18.887+0000] {dag.py:2941} INFO - Sync 1 DAGs
[2023-11-22T19:42:18.897+0000] {logging_mixin.py:154} INFO - [2023-11-22T19:42:18.897+0000] {dag.py:3722} INFO - Setting next_dagrun for example_python_operator to None, run_after=None
[2023-11-22T19:42:18.911+0000] {processor.py:179} INFO - Processing /home/airflow/.local/lib/python3.8/site-packages/airflow/example_dags/example_python_operator.py took 0.059 seconds
[2023-11-22T19:42:49.298+0000] {processor.py:157} INFO - Started process (PID=6235) to work on /home/airflow/.local/lib/python3.8/site-packages/airflow/example_dags/example_python_operator.py
[2023-11-22T19:42:49.299+0000] {processor.py:829} INFO - Processing file /home/airflow/.local/lib/python3.8/site-packages/airflow/example_dags/example_python_operator.py for tasks to queue
[2023-11-22T19:42:49.299+0000] {logging_mixin.py:154} INFO - [2023-11-22T19:42:49.299+0000] {dagbag.py:536} INFO - Filling up the DagBag from /home/airflow/.local/lib/python3.8/site-packages/airflow/example_dags/example_python_operator.py
[2023-11-22T19:42:49.307+0000] {processor.py:839} INFO - DAG(s) dict_keys(['example_python_operator']) retrieved from /home/airflow/.local/lib/python3.8/site-packages/airflow/example_dags/example_python_operator.py
[2023-11-22T19:42:49.330+0000] {logging_mixin.py:154} INFO - [2023-11-22T19:42:49.330+0000] {dag.py:2941} INFO - Sync 1 DAGs
[2023-11-22T19:42:49.340+0000] {logging_mixin.py:154} INFO - [2023-11-22T19:42:49.340+0000] {dag.py:3722} INFO - Setting next_dagrun for example_python_operator to None, run_after=None
[2023-11-22T19:42:49.353+0000] {processor.py:179} INFO - Processing /home/airflow/.local/lib/python3.8/site-packages/airflow/example_dags/example_python_operator.py took 0.058 seconds
[2023-11-22T19:43:19.593+0000] {processor.py:157} INFO - Started process (PID=6473) to work on /home/airflow/.local/lib/python3.8/site-packages/airflow/example_dags/example_python_operator.py
[2023-11-22T19:43:19.594+0000] {processor.py:829} INFO - Processing file /home/airflow/.local/lib/python3.8/site-packages/airflow/example_dags/example_python_operator.py for tasks to queue
[2023-11-22T19:43:19.594+0000] {logging_mixin.py:154} INFO - [2023-11-22T19:43:19.594+0000] {dagbag.py:536} INFO - Filling up the DagBag from /home/airflow/.local/lib/python3.8/site-packages/airflow/example_dags/example_python_operator.py
[2023-11-22T19:43:19.602+0000] {processor.py:839} INFO - DAG(s) dict_keys(['example_python_operator']) retrieved from /home/airflow/.local/lib/python3.8/site-packages/airflow/example_dags/example_python_operator.py
[2023-11-22T19:43:19.625+0000] {logging_mixin.py:154} INFO - [2023-11-22T19:43:19.625+0000] {dag.py:2941} INFO - Sync 1 DAGs
[2023-11-22T19:43:19.635+0000] {logging_mixin.py:154} INFO - [2023-11-22T19:43:19.635+0000] {dag.py:3722} INFO - Setting next_dagrun for example_python_operator to None, run_after=None
[2023-11-22T19:43:19.647+0000] {processor.py:179} INFO - Processing /home/airflow/.local/lib/python3.8/site-packages/airflow/example_dags/example_python_operator.py took 0.058 seconds
[2023-11-22T19:43:50.156+0000] {processor.py:157} INFO - Started process (PID=6711) to work on /home/airflow/.local/lib/python3.8/site-packages/airflow/example_dags/example_python_operator.py
[2023-11-22T19:43:50.157+0000] {processor.py:829} INFO - Processing file /home/airflow/.local/lib/python3.8/site-packages/airflow/example_dags/example_python_operator.py for tasks to queue
[2023-11-22T19:43:50.158+0000] {logging_mixin.py:154} INFO - [2023-11-22T19:43:50.158+0000] {dagbag.py:536} INFO - Filling up the DagBag from /home/airflow/.local/lib/python3.8/site-packages/airflow/example_dags/example_python_operator.py
[2023-11-22T19:43:50.166+0000] {processor.py:839} INFO - DAG(s) dict_keys(['example_python_operator']) retrieved from /home/airflow/.local/lib/python3.8/site-packages/airflow/example_dags/example_python_operator.py
[2023-11-22T19:43:50.188+0000] {logging_mixin.py:154} INFO - [2023-11-22T19:43:50.188+0000] {dag.py:2941} INFO - Sync 1 DAGs
[2023-11-22T19:43:50.198+0000] {logging_mixin.py:154} INFO - [2023-11-22T19:43:50.197+0000] {dag.py:3722} INFO - Setting next_dagrun for example_python_operator to None, run_after=None
[2023-11-22T19:43:50.211+0000] {processor.py:179} INFO - Processing /home/airflow/.local/lib/python3.8/site-packages/airflow/example_dags/example_python_operator.py took 0.058 seconds
[2023-11-22T19:44:20.640+0000] {processor.py:157} INFO - Started process (PID=6956) to work on /home/airflow/.local/lib/python3.8/site-packages/airflow/example_dags/example_python_operator.py
[2023-11-22T19:44:20.640+0000] {processor.py:829} INFO - Processing file /home/airflow/.local/lib/python3.8/site-packages/airflow/example_dags/example_python_operator.py for tasks to queue
[2023-11-22T19:44:20.641+0000] {logging_mixin.py:154} INFO - [2023-11-22T19:44:20.641+0000] {dagbag.py:536} INFO - Filling up the DagBag from /home/airflow/.local/lib/python3.8/site-packages/airflow/example_dags/example_python_operator.py
[2023-11-22T19:44:20.649+0000] {processor.py:839} INFO - DAG(s) dict_keys(['example_python_operator']) retrieved from /home/airflow/.local/lib/python3.8/site-packages/airflow/example_dags/example_python_operator.py
[2023-11-22T19:44:20.672+0000] {logging_mixin.py:154} INFO - [2023-11-22T19:44:20.672+0000] {dag.py:2941} INFO - Sync 1 DAGs
[2023-11-22T19:44:20.682+0000] {logging_mixin.py:154} INFO - [2023-11-22T19:44:20.682+0000] {dag.py:3722} INFO - Setting next_dagrun for example_python_operator to None, run_after=None
[2023-11-22T19:44:20.695+0000] {processor.py:179} INFO - Processing /home/airflow/.local/lib/python3.8/site-packages/airflow/example_dags/example_python_operator.py took 0.058 seconds
[2023-11-22T19:44:51.108+0000] {processor.py:157} INFO - Started process (PID=7194) to work on /home/airflow/.local/lib/python3.8/site-packages/airflow/example_dags/example_python_operator.py
[2023-11-22T19:44:51.109+0000] {processor.py:829} INFO - Processing file /home/airflow/.local/lib/python3.8/site-packages/airflow/example_dags/example_python_operator.py for tasks to queue
[2023-11-22T19:44:51.110+0000] {logging_mixin.py:154} INFO - [2023-11-22T19:44:51.110+0000] {dagbag.py:536} INFO - Filling up the DagBag from /home/airflow/.local/lib/python3.8/site-packages/airflow/example_dags/example_python_operator.py
[2023-11-22T19:44:51.118+0000] {processor.py:839} INFO - DAG(s) dict_keys(['example_python_operator']) retrieved from /home/airflow/.local/lib/python3.8/site-packages/airflow/example_dags/example_python_operator.py
[2023-11-22T19:44:51.141+0000] {logging_mixin.py:154} INFO - [2023-11-22T19:44:51.141+0000] {dag.py:2941} INFO - Sync 1 DAGs
[2023-11-22T19:44:51.151+0000] {logging_mixin.py:154} INFO - [2023-11-22T19:44:51.150+0000] {dag.py:3722} INFO - Setting next_dagrun for example_python_operator to None, run_after=None
[2023-11-22T19:44:51.164+0000] {processor.py:179} INFO - Processing /home/airflow/.local/lib/python3.8/site-packages/airflow/example_dags/example_python_operator.py took 0.059 seconds
[2023-11-22T19:45:21.492+0000] {processor.py:157} INFO - Started process (PID=7432) to work on /home/airflow/.local/lib/python3.8/site-packages/airflow/example_dags/example_python_operator.py
[2023-11-22T19:45:21.492+0000] {processor.py:829} INFO - Processing file /home/airflow/.local/lib/python3.8/site-packages/airflow/example_dags/example_python_operator.py for tasks to queue
[2023-11-22T19:45:21.493+0000] {logging_mixin.py:154} INFO - [2023-11-22T19:45:21.493+0000] {dagbag.py:536} INFO - Filling up the DagBag from /home/airflow/.local/lib/python3.8/site-packages/airflow/example_dags/example_python_operator.py
[2023-11-22T19:45:21.501+0000] {processor.py:839} INFO - DAG(s) dict_keys(['example_python_operator']) retrieved from /home/airflow/.local/lib/python3.8/site-packages/airflow/example_dags/example_python_operator.py
[2023-11-22T19:45:21.524+0000] {logging_mixin.py:154} INFO - [2023-11-22T19:45:21.524+0000] {dag.py:2941} INFO - Sync 1 DAGs
[2023-11-22T19:45:21.534+0000] {logging_mixin.py:154} INFO - [2023-11-22T19:45:21.534+0000] {dag.py:3722} INFO - Setting next_dagrun for example_python_operator to None, run_after=None
[2023-11-22T19:45:21.548+0000] {processor.py:179} INFO - Processing /home/airflow/.local/lib/python3.8/site-packages/airflow/example_dags/example_python_operator.py took 0.059 seconds
[2023-11-22T19:45:52.002+0000] {processor.py:157} INFO - Started process (PID=7670) to work on /home/airflow/.local/lib/python3.8/site-packages/airflow/example_dags/example_python_operator.py
[2023-11-22T19:45:52.003+0000] {processor.py:829} INFO - Processing file /home/airflow/.local/lib/python3.8/site-packages/airflow/example_dags/example_python_operator.py for tasks to queue
[2023-11-22T19:45:52.004+0000] {logging_mixin.py:154} INFO - [2023-11-22T19:45:52.003+0000] {dagbag.py:536} INFO - Filling up the DagBag from /home/airflow/.local/lib/python3.8/site-packages/airflow/example_dags/example_python_operator.py
[2023-11-22T19:45:52.012+0000] {processor.py:839} INFO - DAG(s) dict_keys(['example_python_operator']) retrieved from /home/airflow/.local/lib/python3.8/site-packages/airflow/example_dags/example_python_operator.py
[2023-11-22T19:45:52.036+0000] {logging_mixin.py:154} INFO - [2023-11-22T19:45:52.035+0000] {dag.py:2941} INFO - Sync 1 DAGs
[2023-11-22T19:45:52.045+0000] {logging_mixin.py:154} INFO - [2023-11-22T19:45:52.045+0000] {dag.py:3722} INFO - Setting next_dagrun for example_python_operator to None, run_after=None
[2023-11-22T19:45:52.060+0000] {processor.py:179} INFO - Processing /home/airflow/.local/lib/python3.8/site-packages/airflow/example_dags/example_python_operator.py took 0.061 seconds
[2023-11-22T19:46:22.466+0000] {processor.py:157} INFO - Started process (PID=7908) to work on /home/airflow/.local/lib/python3.8/site-packages/airflow/example_dags/example_python_operator.py
[2023-11-22T19:46:22.467+0000] {processor.py:829} INFO - Processing file /home/airflow/.local/lib/python3.8/site-packages/airflow/example_dags/example_python_operator.py for tasks to queue
[2023-11-22T19:46:22.468+0000] {logging_mixin.py:154} INFO - [2023-11-22T19:46:22.467+0000] {dagbag.py:536} INFO - Filling up the DagBag from /home/airflow/.local/lib/python3.8/site-packages/airflow/example_dags/example_python_operator.py
[2023-11-22T19:46:22.475+0000] {processor.py:839} INFO - DAG(s) dict_keys(['example_python_operator']) retrieved from /home/airflow/.local/lib/python3.8/site-packages/airflow/example_dags/example_python_operator.py
[2023-11-22T19:46:22.498+0000] {logging_mixin.py:154} INFO - [2023-11-22T19:46:22.498+0000] {dag.py:2941} INFO - Sync 1 DAGs
[2023-11-22T19:46:22.508+0000] {logging_mixin.py:154} INFO - [2023-11-22T19:46:22.508+0000] {dag.py:3722} INFO - Setting next_dagrun for example_python_operator to None, run_after=None
[2023-11-22T19:46:22.521+0000] {processor.py:179} INFO - Processing /home/airflow/.local/lib/python3.8/site-packages/airflow/example_dags/example_python_operator.py took 0.059 seconds
[2023-11-22T19:46:52.871+0000] {processor.py:157} INFO - Started process (PID=8146) to work on /home/airflow/.local/lib/python3.8/site-packages/airflow/example_dags/example_python_operator.py
[2023-11-22T19:46:52.872+0000] {processor.py:829} INFO - Processing file /home/airflow/.local/lib/python3.8/site-packages/airflow/example_dags/example_python_operator.py for tasks to queue
[2023-11-22T19:46:52.873+0000] {logging_mixin.py:154} INFO - [2023-11-22T19:46:52.873+0000] {dagbag.py:536} INFO - Filling up the DagBag from /home/airflow/.local/lib/python3.8/site-packages/airflow/example_dags/example_python_operator.py
[2023-11-22T19:46:52.881+0000] {processor.py:839} INFO - DAG(s) dict_keys(['example_python_operator']) retrieved from /home/airflow/.local/lib/python3.8/site-packages/airflow/example_dags/example_python_operator.py
[2023-11-22T19:46:52.903+0000] {logging_mixin.py:154} INFO - [2023-11-22T19:46:52.903+0000] {dag.py:2941} INFO - Sync 1 DAGs
[2023-11-22T19:46:52.913+0000] {logging_mixin.py:154} INFO - [2023-11-22T19:46:52.913+0000] {dag.py:3722} INFO - Setting next_dagrun for example_python_operator to None, run_after=None
[2023-11-22T19:46:52.927+0000] {processor.py:179} INFO - Processing /home/airflow/.local/lib/python3.8/site-packages/airflow/example_dags/example_python_operator.py took 0.059 seconds
[2023-11-22T19:47:23.326+0000] {processor.py:157} INFO - Started process (PID=8383) to work on /home/airflow/.local/lib/python3.8/site-packages/airflow/example_dags/example_python_operator.py
[2023-11-22T19:47:23.327+0000] {processor.py:829} INFO - Processing file /home/airflow/.local/lib/python3.8/site-packages/airflow/example_dags/example_python_operator.py for tasks to queue
[2023-11-22T19:47:23.328+0000] {logging_mixin.py:154} INFO - [2023-11-22T19:47:23.328+0000] {dagbag.py:536} INFO - Filling up the DagBag from /home/airflow/.local/lib/python3.8/site-packages/airflow/example_dags/example_python_operator.py
[2023-11-22T19:47:23.336+0000] {processor.py:839} INFO - DAG(s) dict_keys(['example_python_operator']) retrieved from /home/airflow/.local/lib/python3.8/site-packages/airflow/example_dags/example_python_operator.py
[2023-11-22T19:47:23.360+0000] {logging_mixin.py:154} INFO - [2023-11-22T19:47:23.359+0000] {dag.py:2941} INFO - Sync 1 DAGs
[2023-11-22T19:47:23.371+0000] {logging_mixin.py:154} INFO - [2023-11-22T19:47:23.371+0000] {dag.py:3722} INFO - Setting next_dagrun for example_python_operator to None, run_after=None
[2023-11-22T19:47:23.385+0000] {processor.py:179} INFO - Processing /home/airflow/.local/lib/python3.8/site-packages/airflow/example_dags/example_python_operator.py took 0.062 seconds
[2023-11-22T19:47:53.990+0000] {processor.py:157} INFO - Started process (PID=8621) to work on /home/airflow/.local/lib/python3.8/site-packages/airflow/example_dags/example_python_operator.py
[2023-11-22T19:47:53.991+0000] {processor.py:829} INFO - Processing file /home/airflow/.local/lib/python3.8/site-packages/airflow/example_dags/example_python_operator.py for tasks to queue
[2023-11-22T19:47:53.992+0000] {logging_mixin.py:154} INFO - [2023-11-22T19:47:53.992+0000] {dagbag.py:536} INFO - Filling up the DagBag from /home/airflow/.local/lib/python3.8/site-packages/airflow/example_dags/example_python_operator.py
[2023-11-22T19:47:54.000+0000] {processor.py:839} INFO - DAG(s) dict_keys(['example_python_operator']) retrieved from /home/airflow/.local/lib/python3.8/site-packages/airflow/example_dags/example_python_operator.py
[2023-11-22T19:47:54.024+0000] {logging_mixin.py:154} INFO - [2023-11-22T19:47:54.024+0000] {dag.py:2941} INFO - Sync 1 DAGs
[2023-11-22T19:47:54.034+0000] {logging_mixin.py:154} INFO - [2023-11-22T19:47:54.034+0000] {dag.py:3722} INFO - Setting next_dagrun for example_python_operator to None, run_after=None
[2023-11-22T19:47:54.050+0000] {processor.py:179} INFO - Processing /home/airflow/.local/lib/python3.8/site-packages/airflow/example_dags/example_python_operator.py took 0.063 seconds
[2023-11-22T19:48:25.089+0000] {processor.py:157} INFO - Started process (PID=8859) to work on /home/airflow/.local/lib/python3.8/site-packages/airflow/example_dags/example_python_operator.py
[2023-11-22T19:48:25.090+0000] {processor.py:829} INFO - Processing file /home/airflow/.local/lib/python3.8/site-packages/airflow/example_dags/example_python_operator.py for tasks to queue
[2023-11-22T19:48:25.091+0000] {logging_mixin.py:154} INFO - [2023-11-22T19:48:25.090+0000] {dagbag.py:536} INFO - Filling up the DagBag from /home/airflow/.local/lib/python3.8/site-packages/airflow/example_dags/example_python_operator.py
[2023-11-22T19:48:25.099+0000] {processor.py:839} INFO - DAG(s) dict_keys(['example_python_operator']) retrieved from /home/airflow/.local/lib/python3.8/site-packages/airflow/example_dags/example_python_operator.py
[2023-11-22T19:48:25.124+0000] {logging_mixin.py:154} INFO - [2023-11-22T19:48:25.124+0000] {dag.py:2941} INFO - Sync 1 DAGs
[2023-11-22T19:48:25.134+0000] {logging_mixin.py:154} INFO - [2023-11-22T19:48:25.134+0000] {dag.py:3722} INFO - Setting next_dagrun for example_python_operator to None, run_after=None
[2023-11-22T19:48:25.149+0000] {processor.py:179} INFO - Processing /home/airflow/.local/lib/python3.8/site-packages/airflow/example_dags/example_python_operator.py took 0.064 seconds
[2023-11-22T19:48:55.494+0000] {processor.py:157} INFO - Started process (PID=9097) to work on /home/airflow/.local/lib/python3.8/site-packages/airflow/example_dags/example_python_operator.py
[2023-11-22T19:48:55.499+0000] {processor.py:829} INFO - Processing file /home/airflow/.local/lib/python3.8/site-packages/airflow/example_dags/example_python_operator.py for tasks to queue
[2023-11-22T19:48:55.500+0000] {logging_mixin.py:154} INFO - [2023-11-22T19:48:55.500+0000] {dagbag.py:536} INFO - Filling up the DagBag from /home/airflow/.local/lib/python3.8/site-packages/airflow/example_dags/example_python_operator.py
[2023-11-22T19:48:55.509+0000] {processor.py:839} INFO - DAG(s) dict_keys(['example_python_operator']) retrieved from /home/airflow/.local/lib/python3.8/site-packages/airflow/example_dags/example_python_operator.py
[2023-11-22T19:48:55.534+0000] {logging_mixin.py:154} INFO - [2023-11-22T19:48:55.533+0000] {dag.py:2941} INFO - Sync 1 DAGs
[2023-11-22T19:48:55.543+0000] {logging_mixin.py:154} INFO - [2023-11-22T19:48:55.543+0000] {dag.py:3722} INFO - Setting next_dagrun for example_python_operator to None, run_after=None
[2023-11-22T19:48:55.557+0000] {processor.py:179} INFO - Processing /home/airflow/.local/lib/python3.8/site-packages/airflow/example_dags/example_python_operator.py took 0.066 seconds
[2023-11-22T19:49:26.540+0000] {processor.py:157} INFO - Started process (PID=9335) to work on /home/airflow/.local/lib/python3.8/site-packages/airflow/example_dags/example_python_operator.py
[2023-11-22T19:49:26.541+0000] {processor.py:829} INFO - Processing file /home/airflow/.local/lib/python3.8/site-packages/airflow/example_dags/example_python_operator.py for tasks to queue
[2023-11-22T19:49:26.542+0000] {logging_mixin.py:154} INFO - [2023-11-22T19:49:26.542+0000] {dagbag.py:536} INFO - Filling up the DagBag from /home/airflow/.local/lib/python3.8/site-packages/airflow/example_dags/example_python_operator.py
[2023-11-22T19:49:26.551+0000] {processor.py:839} INFO - DAG(s) dict_keys(['example_python_operator']) retrieved from /home/airflow/.local/lib/python3.8/site-packages/airflow/example_dags/example_python_operator.py
[2023-11-22T19:49:26.588+0000] {logging_mixin.py:154} INFO - [2023-11-22T19:49:26.588+0000] {dag.py:2941} INFO - Sync 1 DAGs
[2023-11-22T19:49:26.600+0000] {logging_mixin.py:154} INFO - [2023-11-22T19:49:26.600+0000] {dag.py:3722} INFO - Setting next_dagrun for example_python_operator to None, run_after=None
[2023-11-22T19:49:26.615+0000] {processor.py:179} INFO - Processing /home/airflow/.local/lib/python3.8/site-packages/airflow/example_dags/example_python_operator.py took 0.078 seconds
[2023-11-22T19:49:57.055+0000] {processor.py:157} INFO - Started process (PID=9573) to work on /home/airflow/.local/lib/python3.8/site-packages/airflow/example_dags/example_python_operator.py
[2023-11-22T19:49:57.056+0000] {processor.py:829} INFO - Processing file /home/airflow/.local/lib/python3.8/site-packages/airflow/example_dags/example_python_operator.py for tasks to queue
[2023-11-22T19:49:57.057+0000] {logging_mixin.py:154} INFO - [2023-11-22T19:49:57.056+0000] {dagbag.py:536} INFO - Filling up the DagBag from /home/airflow/.local/lib/python3.8/site-packages/airflow/example_dags/example_python_operator.py
[2023-11-22T19:49:57.065+0000] {processor.py:839} INFO - DAG(s) dict_keys(['example_python_operator']) retrieved from /home/airflow/.local/lib/python3.8/site-packages/airflow/example_dags/example_python_operator.py
[2023-11-22T19:49:57.090+0000] {logging_mixin.py:154} INFO - [2023-11-22T19:49:57.090+0000] {dag.py:2941} INFO - Sync 1 DAGs
[2023-11-22T19:49:57.219+0000] {logging_mixin.py:154} INFO - [2023-11-22T19:49:57.218+0000] {dag.py:3722} INFO - Setting next_dagrun for example_python_operator to None, run_after=None
[2023-11-22T19:49:57.231+0000] {processor.py:179} INFO - Processing /home/airflow/.local/lib/python3.8/site-packages/airflow/example_dags/example_python_operator.py took 0.180 seconds
[2023-11-22T19:50:27.323+0000] {processor.py:157} INFO - Started process (PID=9811) to work on /home/airflow/.local/lib/python3.8/site-packages/airflow/example_dags/example_python_operator.py
[2023-11-22T19:50:27.324+0000] {processor.py:829} INFO - Processing file /home/airflow/.local/lib/python3.8/site-packages/airflow/example_dags/example_python_operator.py for tasks to queue
[2023-11-22T19:50:27.325+0000] {logging_mixin.py:154} INFO - [2023-11-22T19:50:27.325+0000] {dagbag.py:536} INFO - Filling up the DagBag from /home/airflow/.local/lib/python3.8/site-packages/airflow/example_dags/example_python_operator.py
[2023-11-22T19:50:27.334+0000] {processor.py:839} INFO - DAG(s) dict_keys(['example_python_operator']) retrieved from /home/airflow/.local/lib/python3.8/site-packages/airflow/example_dags/example_python_operator.py
[2023-11-22T19:50:27.362+0000] {logging_mixin.py:154} INFO - [2023-11-22T19:50:27.362+0000] {dag.py:2941} INFO - Sync 1 DAGs
[2023-11-22T19:50:27.373+0000] {logging_mixin.py:154} INFO - [2023-11-22T19:50:27.372+0000] {dag.py:3722} INFO - Setting next_dagrun for example_python_operator to None, run_after=None
[2023-11-22T19:50:27.509+0000] {processor.py:179} INFO - Processing /home/airflow/.local/lib/python3.8/site-packages/airflow/example_dags/example_python_operator.py took 0.189 seconds
[2023-11-22T19:50:57.777+0000] {processor.py:157} INFO - Started process (PID=10049) to work on /home/airflow/.local/lib/python3.8/site-packages/airflow/example_dags/example_python_operator.py
[2023-11-22T19:50:57.778+0000] {processor.py:829} INFO - Processing file /home/airflow/.local/lib/python3.8/site-packages/airflow/example_dags/example_python_operator.py for tasks to queue
[2023-11-22T19:50:57.779+0000] {logging_mixin.py:154} INFO - [2023-11-22T19:50:57.778+0000] {dagbag.py:536} INFO - Filling up the DagBag from /home/airflow/.local/lib/python3.8/site-packages/airflow/example_dags/example_python_operator.py
[2023-11-22T19:50:57.787+0000] {processor.py:839} INFO - DAG(s) dict_keys(['example_python_operator']) retrieved from /home/airflow/.local/lib/python3.8/site-packages/airflow/example_dags/example_python_operator.py
[2023-11-22T19:50:57.811+0000] {logging_mixin.py:154} INFO - [2023-11-22T19:50:57.811+0000] {dag.py:2941} INFO - Sync 1 DAGs
[2023-11-22T19:50:57.821+0000] {logging_mixin.py:154} INFO - [2023-11-22T19:50:57.821+0000] {dag.py:3722} INFO - Setting next_dagrun for example_python_operator to None, run_after=None
[2023-11-22T19:50:57.836+0000] {processor.py:179} INFO - Processing /home/airflow/.local/lib/python3.8/site-packages/airflow/example_dags/example_python_operator.py took 0.062 seconds
[2023-11-22T19:51:28.181+0000] {processor.py:157} INFO - Started process (PID=10287) to work on /home/airflow/.local/lib/python3.8/site-packages/airflow/example_dags/example_python_operator.py
[2023-11-22T19:51:28.182+0000] {processor.py:829} INFO - Processing file /home/airflow/.local/lib/python3.8/site-packages/airflow/example_dags/example_python_operator.py for tasks to queue
[2023-11-22T19:51:28.183+0000] {logging_mixin.py:154} INFO - [2023-11-22T19:51:28.183+0000] {dagbag.py:536} INFO - Filling up the DagBag from /home/airflow/.local/lib/python3.8/site-packages/airflow/example_dags/example_python_operator.py
[2023-11-22T19:51:28.191+0000] {processor.py:839} INFO - DAG(s) dict_keys(['example_python_operator']) retrieved from /home/airflow/.local/lib/python3.8/site-packages/airflow/example_dags/example_python_operator.py
[2023-11-22T19:51:28.214+0000] {logging_mixin.py:154} INFO - [2023-11-22T19:51:28.213+0000] {dag.py:2941} INFO - Sync 1 DAGs
[2023-11-22T19:51:28.223+0000] {logging_mixin.py:154} INFO - [2023-11-22T19:51:28.223+0000] {dag.py:3722} INFO - Setting next_dagrun for example_python_operator to None, run_after=None
[2023-11-22T19:51:28.236+0000] {processor.py:179} INFO - Processing /home/airflow/.local/lib/python3.8/site-packages/airflow/example_dags/example_python_operator.py took 0.058 seconds
[2023-11-22T19:51:59.000+0000] {processor.py:157} INFO - Started process (PID=10525) to work on /home/airflow/.local/lib/python3.8/site-packages/airflow/example_dags/example_python_operator.py
[2023-11-22T19:51:59.001+0000] {processor.py:829} INFO - Processing file /home/airflow/.local/lib/python3.8/site-packages/airflow/example_dags/example_python_operator.py for tasks to queue
[2023-11-22T19:51:59.002+0000] {logging_mixin.py:154} INFO - [2023-11-22T19:51:59.002+0000] {dagbag.py:536} INFO - Filling up the DagBag from /home/airflow/.local/lib/python3.8/site-packages/airflow/example_dags/example_python_operator.py
[2023-11-22T19:51:59.011+0000] {processor.py:839} INFO - DAG(s) dict_keys(['example_python_operator']) retrieved from /home/airflow/.local/lib/python3.8/site-packages/airflow/example_dags/example_python_operator.py
[2023-11-22T19:51:59.152+0000] {logging_mixin.py:154} INFO - [2023-11-22T19:51:59.152+0000] {dag.py:2941} INFO - Sync 1 DAGs
[2023-11-22T19:51:59.160+0000] {logging_mixin.py:154} INFO - [2023-11-22T19:51:59.160+0000] {dag.py:3722} INFO - Setting next_dagrun for example_python_operator to None, run_after=None
[2023-11-22T19:51:59.173+0000] {processor.py:179} INFO - Processing /home/airflow/.local/lib/python3.8/site-packages/airflow/example_dags/example_python_operator.py took 0.177 seconds
[2023-11-22T19:52:29.237+0000] {processor.py:157} INFO - Started process (PID=10766) to work on /home/airflow/.local/lib/python3.8/site-packages/airflow/example_dags/example_python_operator.py
[2023-11-22T19:52:29.238+0000] {processor.py:829} INFO - Processing file /home/airflow/.local/lib/python3.8/site-packages/airflow/example_dags/example_python_operator.py for tasks to queue
[2023-11-22T19:52:29.239+0000] {logging_mixin.py:154} INFO - [2023-11-22T19:52:29.239+0000] {dagbag.py:536} INFO - Filling up the DagBag from /home/airflow/.local/lib/python3.8/site-packages/airflow/example_dags/example_python_operator.py
[2023-11-22T19:52:29.247+0000] {processor.py:839} INFO - DAG(s) dict_keys(['example_python_operator']) retrieved from /home/airflow/.local/lib/python3.8/site-packages/airflow/example_dags/example_python_operator.py
[2023-11-22T19:52:29.270+0000] {logging_mixin.py:154} INFO - [2023-11-22T19:52:29.269+0000] {dag.py:2941} INFO - Sync 1 DAGs
[2023-11-22T19:52:29.279+0000] {logging_mixin.py:154} INFO - [2023-11-22T19:52:29.279+0000] {dag.py:3722} INFO - Setting next_dagrun for example_python_operator to None, run_after=None
[2023-11-22T19:52:29.292+0000] {processor.py:179} INFO - Processing /home/airflow/.local/lib/python3.8/site-packages/airflow/example_dags/example_python_operator.py took 0.058 seconds
[2023-11-22T19:52:59.689+0000] {processor.py:157} INFO - Started process (PID=11004) to work on /home/airflow/.local/lib/python3.8/site-packages/airflow/example_dags/example_python_operator.py
[2023-11-22T19:52:59.690+0000] {processor.py:829} INFO - Processing file /home/airflow/.local/lib/python3.8/site-packages/airflow/example_dags/example_python_operator.py for tasks to queue
[2023-11-22T19:52:59.691+0000] {logging_mixin.py:154} INFO - [2023-11-22T19:52:59.691+0000] {dagbag.py:536} INFO - Filling up the DagBag from /home/airflow/.local/lib/python3.8/site-packages/airflow/example_dags/example_python_operator.py
[2023-11-22T19:52:59.699+0000] {processor.py:839} INFO - DAG(s) dict_keys(['example_python_operator']) retrieved from /home/airflow/.local/lib/python3.8/site-packages/airflow/example_dags/example_python_operator.py
[2023-11-22T19:52:59.723+0000] {logging_mixin.py:154} INFO - [2023-11-22T19:52:59.723+0000] {dag.py:2941} INFO - Sync 1 DAGs
[2023-11-22T19:52:59.732+0000] {logging_mixin.py:154} INFO - [2023-11-22T19:52:59.732+0000] {dag.py:3722} INFO - Setting next_dagrun for example_python_operator to None, run_after=None
[2023-11-22T19:52:59.745+0000] {processor.py:179} INFO - Processing /home/airflow/.local/lib/python3.8/site-packages/airflow/example_dags/example_python_operator.py took 0.059 seconds
[2023-11-22T19:53:30.079+0000] {processor.py:157} INFO - Started process (PID=11242) to work on /home/airflow/.local/lib/python3.8/site-packages/airflow/example_dags/example_python_operator.py
[2023-11-22T19:53:30.080+0000] {processor.py:829} INFO - Processing file /home/airflow/.local/lib/python3.8/site-packages/airflow/example_dags/example_python_operator.py for tasks to queue
[2023-11-22T19:53:30.081+0000] {logging_mixin.py:154} INFO - [2023-11-22T19:53:30.081+0000] {dagbag.py:536} INFO - Filling up the DagBag from /home/airflow/.local/lib/python3.8/site-packages/airflow/example_dags/example_python_operator.py
[2023-11-22T19:53:30.089+0000] {processor.py:839} INFO - DAG(s) dict_keys(['example_python_operator']) retrieved from /home/airflow/.local/lib/python3.8/site-packages/airflow/example_dags/example_python_operator.py
[2023-11-22T19:53:30.112+0000] {logging_mixin.py:154} INFO - [2023-11-22T19:53:30.112+0000] {dag.py:2941} INFO - Sync 1 DAGs
[2023-11-22T19:53:30.122+0000] {logging_mixin.py:154} INFO - [2023-11-22T19:53:30.122+0000] {dag.py:3722} INFO - Setting next_dagrun for example_python_operator to None, run_after=None
[2023-11-22T19:53:30.134+0000] {processor.py:179} INFO - Processing /home/airflow/.local/lib/python3.8/site-packages/airflow/example_dags/example_python_operator.py took 0.058 seconds
[2023-11-22T19:54:00.627+0000] {processor.py:157} INFO - Started process (PID=11478) to work on /home/airflow/.local/lib/python3.8/site-packages/airflow/example_dags/example_python_operator.py
[2023-11-22T19:54:00.628+0000] {processor.py:829} INFO - Processing file /home/airflow/.local/lib/python3.8/site-packages/airflow/example_dags/example_python_operator.py for tasks to queue
[2023-11-22T19:54:00.629+0000] {logging_mixin.py:154} INFO - [2023-11-22T19:54:00.628+0000] {dagbag.py:536} INFO - Filling up the DagBag from /home/airflow/.local/lib/python3.8/site-packages/airflow/example_dags/example_python_operator.py
[2023-11-22T19:54:00.636+0000] {processor.py:839} INFO - DAG(s) dict_keys(['example_python_operator']) retrieved from /home/airflow/.local/lib/python3.8/site-packages/airflow/example_dags/example_python_operator.py
[2023-11-22T19:54:00.659+0000] {logging_mixin.py:154} INFO - [2023-11-22T19:54:00.659+0000] {dag.py:2941} INFO - Sync 1 DAGs
[2023-11-22T19:54:00.669+0000] {logging_mixin.py:154} INFO - [2023-11-22T19:54:00.668+0000] {dag.py:3722} INFO - Setting next_dagrun for example_python_operator to None, run_after=None
[2023-11-22T19:54:00.681+0000] {processor.py:179} INFO - Processing /home/airflow/.local/lib/python3.8/site-packages/airflow/example_dags/example_python_operator.py took 0.057 seconds
[2023-11-22T20:36:15.207+0000] {processor.py:157} INFO - Started process (PID=11718) to work on /home/airflow/.local/lib/python3.8/site-packages/airflow/example_dags/example_python_operator.py
[2023-11-22T20:36:15.208+0000] {processor.py:829} INFO - Processing file /home/airflow/.local/lib/python3.8/site-packages/airflow/example_dags/example_python_operator.py for tasks to queue
[2023-11-22T20:36:15.209+0000] {logging_mixin.py:154} INFO - [2023-11-22T20:36:15.209+0000] {dagbag.py:536} INFO - Filling up the DagBag from /home/airflow/.local/lib/python3.8/site-packages/airflow/example_dags/example_python_operator.py
[2023-11-22T20:36:15.217+0000] {processor.py:839} INFO - DAG(s) dict_keys(['example_python_operator']) retrieved from /home/airflow/.local/lib/python3.8/site-packages/airflow/example_dags/example_python_operator.py
[2023-11-22T20:36:15.240+0000] {logging_mixin.py:154} INFO - [2023-11-22T20:36:15.240+0000] {dag.py:2941} INFO - Sync 1 DAGs
[2023-11-22T20:36:15.250+0000] {logging_mixin.py:154} INFO - [2023-11-22T20:36:15.250+0000] {dag.py:3722} INFO - Setting next_dagrun for example_python_operator to None, run_after=None
[2023-11-22T20:36:15.264+0000] {processor.py:179} INFO - Processing /home/airflow/.local/lib/python3.8/site-packages/airflow/example_dags/example_python_operator.py took 0.059 seconds
[2023-11-22T21:01:34.539+0000] {processor.py:157} INFO - Started process (PID=11957) to work on /home/airflow/.local/lib/python3.8/site-packages/airflow/example_dags/example_python_operator.py
[2023-11-22T21:01:34.541+0000] {processor.py:829} INFO - Processing file /home/airflow/.local/lib/python3.8/site-packages/airflow/example_dags/example_python_operator.py for tasks to queue
[2023-11-22T21:01:34.541+0000] {logging_mixin.py:154} INFO - [2023-11-22T21:01:34.541+0000] {dagbag.py:536} INFO - Filling up the DagBag from /home/airflow/.local/lib/python3.8/site-packages/airflow/example_dags/example_python_operator.py
[2023-11-22T21:01:34.550+0000] {processor.py:839} INFO - DAG(s) dict_keys(['example_python_operator']) retrieved from /home/airflow/.local/lib/python3.8/site-packages/airflow/example_dags/example_python_operator.py
[2023-11-22T21:01:34.577+0000] {logging_mixin.py:154} INFO - [2023-11-22T21:01:34.577+0000] {dag.py:2941} INFO - Sync 1 DAGs
[2023-11-22T21:01:34.590+0000] {logging_mixin.py:154} INFO - [2023-11-22T21:01:34.589+0000] {dag.py:3722} INFO - Setting next_dagrun for example_python_operator to None, run_after=None
[2023-11-22T21:01:34.606+0000] {processor.py:179} INFO - Processing /home/airflow/.local/lib/python3.8/site-packages/airflow/example_dags/example_python_operator.py took 0.070 seconds
[2023-11-22T21:02:04.912+0000] {processor.py:157} INFO - Started process (PID=12195) to work on /home/airflow/.local/lib/python3.8/site-packages/airflow/example_dags/example_python_operator.py
[2023-11-22T21:02:04.915+0000] {processor.py:829} INFO - Processing file /home/airflow/.local/lib/python3.8/site-packages/airflow/example_dags/example_python_operator.py for tasks to queue
[2023-11-22T21:02:04.917+0000] {logging_mixin.py:154} INFO - [2023-11-22T21:02:04.916+0000] {dagbag.py:536} INFO - Filling up the DagBag from /home/airflow/.local/lib/python3.8/site-packages/airflow/example_dags/example_python_operator.py
[2023-11-22T21:02:04.932+0000] {processor.py:839} INFO - DAG(s) dict_keys(['example_python_operator']) retrieved from /home/airflow/.local/lib/python3.8/site-packages/airflow/example_dags/example_python_operator.py
[2023-11-22T21:02:04.981+0000] {logging_mixin.py:154} INFO - [2023-11-22T21:02:04.981+0000] {dag.py:2941} INFO - Sync 1 DAGs
[2023-11-22T21:02:05.000+0000] {logging_mixin.py:154} INFO - [2023-11-22T21:02:05.000+0000] {dag.py:3722} INFO - Setting next_dagrun for example_python_operator to None, run_after=None
[2023-11-22T21:02:05.049+0000] {processor.py:179} INFO - Processing /home/airflow/.local/lib/python3.8/site-packages/airflow/example_dags/example_python_operator.py took 0.148 seconds
[2023-11-22T21:02:35.136+0000] {processor.py:157} INFO - Started process (PID=12435) to work on /home/airflow/.local/lib/python3.8/site-packages/airflow/example_dags/example_python_operator.py
[2023-11-22T21:02:35.137+0000] {processor.py:829} INFO - Processing file /home/airflow/.local/lib/python3.8/site-packages/airflow/example_dags/example_python_operator.py for tasks to queue
[2023-11-22T21:02:35.138+0000] {logging_mixin.py:154} INFO - [2023-11-22T21:02:35.138+0000] {dagbag.py:536} INFO - Filling up the DagBag from /home/airflow/.local/lib/python3.8/site-packages/airflow/example_dags/example_python_operator.py
[2023-11-22T21:02:35.146+0000] {processor.py:839} INFO - DAG(s) dict_keys(['example_python_operator']) retrieved from /home/airflow/.local/lib/python3.8/site-packages/airflow/example_dags/example_python_operator.py
[2023-11-22T21:02:35.169+0000] {logging_mixin.py:154} INFO - [2023-11-22T21:02:35.168+0000] {dag.py:2941} INFO - Sync 1 DAGs
[2023-11-22T21:02:35.178+0000] {logging_mixin.py:154} INFO - [2023-11-22T21:02:35.178+0000] {dag.py:3722} INFO - Setting next_dagrun for example_python_operator to None, run_after=None
[2023-11-22T21:02:35.191+0000] {processor.py:179} INFO - Processing /home/airflow/.local/lib/python3.8/site-packages/airflow/example_dags/example_python_operator.py took 0.057 seconds
[2023-11-22T21:03:05.385+0000] {processor.py:157} INFO - Started process (PID=12671) to work on /home/airflow/.local/lib/python3.8/site-packages/airflow/example_dags/example_python_operator.py
[2023-11-22T21:03:05.386+0000] {processor.py:829} INFO - Processing file /home/airflow/.local/lib/python3.8/site-packages/airflow/example_dags/example_python_operator.py for tasks to queue
[2023-11-22T21:03:05.387+0000] {logging_mixin.py:154} INFO - [2023-11-22T21:03:05.386+0000] {dagbag.py:536} INFO - Filling up the DagBag from /home/airflow/.local/lib/python3.8/site-packages/airflow/example_dags/example_python_operator.py
[2023-11-22T21:03:05.394+0000] {processor.py:839} INFO - DAG(s) dict_keys(['example_python_operator']) retrieved from /home/airflow/.local/lib/python3.8/site-packages/airflow/example_dags/example_python_operator.py
[2023-11-22T21:03:05.417+0000] {logging_mixin.py:154} INFO - [2023-11-22T21:03:05.417+0000] {dag.py:2941} INFO - Sync 1 DAGs
[2023-11-22T21:03:05.427+0000] {logging_mixin.py:154} INFO - [2023-11-22T21:03:05.426+0000] {dag.py:3722} INFO - Setting next_dagrun for example_python_operator to None, run_after=None
[2023-11-22T21:03:05.439+0000] {processor.py:179} INFO - Processing /home/airflow/.local/lib/python3.8/site-packages/airflow/example_dags/example_python_operator.py took 0.057 seconds
[2023-11-22T21:03:36.233+0000] {processor.py:157} INFO - Started process (PID=12909) to work on /home/airflow/.local/lib/python3.8/site-packages/airflow/example_dags/example_python_operator.py
[2023-11-22T21:03:36.235+0000] {processor.py:829} INFO - Processing file /home/airflow/.local/lib/python3.8/site-packages/airflow/example_dags/example_python_operator.py for tasks to queue
[2023-11-22T21:03:36.236+0000] {logging_mixin.py:154} INFO - [2023-11-22T21:03:36.235+0000] {dagbag.py:536} INFO - Filling up the DagBag from /home/airflow/.local/lib/python3.8/site-packages/airflow/example_dags/example_python_operator.py
[2023-11-22T21:03:36.246+0000] {processor.py:839} INFO - DAG(s) dict_keys(['example_python_operator']) retrieved from /home/airflow/.local/lib/python3.8/site-packages/airflow/example_dags/example_python_operator.py
[2023-11-22T21:03:36.275+0000] {logging_mixin.py:154} INFO - [2023-11-22T21:03:36.275+0000] {dag.py:2941} INFO - Sync 1 DAGs
[2023-11-22T21:03:36.291+0000] {logging_mixin.py:154} INFO - [2023-11-22T21:03:36.291+0000] {dag.py:3722} INFO - Setting next_dagrun for example_python_operator to None, run_after=None
[2023-11-22T21:03:36.310+0000] {processor.py:179} INFO - Processing /home/airflow/.local/lib/python3.8/site-packages/airflow/example_dags/example_python_operator.py took 0.080 seconds
[2023-11-22T21:04:06.821+0000] {processor.py:157} INFO - Started process (PID=13147) to work on /home/airflow/.local/lib/python3.8/site-packages/airflow/example_dags/example_python_operator.py
[2023-11-22T21:04:06.822+0000] {processor.py:829} INFO - Processing file /home/airflow/.local/lib/python3.8/site-packages/airflow/example_dags/example_python_operator.py for tasks to queue
[2023-11-22T21:04:06.823+0000] {logging_mixin.py:154} INFO - [2023-11-22T21:04:06.823+0000] {dagbag.py:536} INFO - Filling up the DagBag from /home/airflow/.local/lib/python3.8/site-packages/airflow/example_dags/example_python_operator.py
[2023-11-22T21:04:06.834+0000] {processor.py:839} INFO - DAG(s) dict_keys(['example_python_operator']) retrieved from /home/airflow/.local/lib/python3.8/site-packages/airflow/example_dags/example_python_operator.py
[2023-11-22T21:04:06.868+0000] {logging_mixin.py:154} INFO - [2023-11-22T21:04:06.868+0000] {dag.py:2941} INFO - Sync 1 DAGs
[2023-11-22T21:04:06.882+0000] {logging_mixin.py:154} INFO - [2023-11-22T21:04:06.882+0000] {dag.py:3722} INFO - Setting next_dagrun for example_python_operator to None, run_after=None
[2023-11-22T21:04:06.901+0000] {processor.py:179} INFO - Processing /home/airflow/.local/lib/python3.8/site-packages/airflow/example_dags/example_python_operator.py took 0.085 seconds
[2023-11-22T21:04:37.418+0000] {processor.py:157} INFO - Started process (PID=13385) to work on /home/airflow/.local/lib/python3.8/site-packages/airflow/example_dags/example_python_operator.py
[2023-11-22T21:04:37.419+0000] {processor.py:829} INFO - Processing file /home/airflow/.local/lib/python3.8/site-packages/airflow/example_dags/example_python_operator.py for tasks to queue
[2023-11-22T21:04:37.420+0000] {logging_mixin.py:154} INFO - [2023-11-22T21:04:37.420+0000] {dagbag.py:536} INFO - Filling up the DagBag from /home/airflow/.local/lib/python3.8/site-packages/airflow/example_dags/example_python_operator.py
[2023-11-22T21:04:37.428+0000] {processor.py:839} INFO - DAG(s) dict_keys(['example_python_operator']) retrieved from /home/airflow/.local/lib/python3.8/site-packages/airflow/example_dags/example_python_operator.py
[2023-11-22T21:04:37.452+0000] {logging_mixin.py:154} INFO - [2023-11-22T21:04:37.451+0000] {dag.py:2941} INFO - Sync 1 DAGs
[2023-11-22T21:04:37.462+0000] {logging_mixin.py:154} INFO - [2023-11-22T21:04:37.461+0000] {dag.py:3722} INFO - Setting next_dagrun for example_python_operator to None, run_after=None
[2023-11-22T21:04:37.475+0000] {processor.py:179} INFO - Processing /home/airflow/.local/lib/python3.8/site-packages/airflow/example_dags/example_python_operator.py took 0.060 seconds
[2023-11-22T21:05:07.962+0000] {processor.py:157} INFO - Started process (PID=13623) to work on /home/airflow/.local/lib/python3.8/site-packages/airflow/example_dags/example_python_operator.py
[2023-11-22T21:05:07.963+0000] {processor.py:829} INFO - Processing file /home/airflow/.local/lib/python3.8/site-packages/airflow/example_dags/example_python_operator.py for tasks to queue
[2023-11-22T21:05:07.964+0000] {logging_mixin.py:154} INFO - [2023-11-22T21:05:07.964+0000] {dagbag.py:536} INFO - Filling up the DagBag from /home/airflow/.local/lib/python3.8/site-packages/airflow/example_dags/example_python_operator.py
[2023-11-22T21:05:07.972+0000] {processor.py:839} INFO - DAG(s) dict_keys(['example_python_operator']) retrieved from /home/airflow/.local/lib/python3.8/site-packages/airflow/example_dags/example_python_operator.py
[2023-11-22T21:05:08.001+0000] {logging_mixin.py:154} INFO - [2023-11-22T21:05:08.001+0000] {dag.py:2941} INFO - Sync 1 DAGs
[2023-11-22T21:05:08.011+0000] {logging_mixin.py:154} INFO - [2023-11-22T21:05:08.011+0000] {dag.py:3722} INFO - Setting next_dagrun for example_python_operator to None, run_after=None
[2023-11-22T21:05:08.024+0000] {processor.py:179} INFO - Processing /home/airflow/.local/lib/python3.8/site-packages/airflow/example_dags/example_python_operator.py took 0.065 seconds
[2023-11-22T21:05:38.600+0000] {processor.py:157} INFO - Started process (PID=13860) to work on /home/airflow/.local/lib/python3.8/site-packages/airflow/example_dags/example_python_operator.py
[2023-11-22T21:05:38.603+0000] {processor.py:829} INFO - Processing file /home/airflow/.local/lib/python3.8/site-packages/airflow/example_dags/example_python_operator.py for tasks to queue
[2023-11-22T21:05:38.604+0000] {logging_mixin.py:154} INFO - [2023-11-22T21:05:38.604+0000] {dagbag.py:536} INFO - Filling up the DagBag from /home/airflow/.local/lib/python3.8/site-packages/airflow/example_dags/example_python_operator.py
[2023-11-22T21:05:38.616+0000] {processor.py:839} INFO - DAG(s) dict_keys(['example_python_operator']) retrieved from /home/airflow/.local/lib/python3.8/site-packages/airflow/example_dags/example_python_operator.py
[2023-11-22T21:05:38.668+0000] {logging_mixin.py:154} INFO - [2023-11-22T21:05:38.667+0000] {dag.py:2941} INFO - Sync 1 DAGs
[2023-11-22T21:05:38.685+0000] {logging_mixin.py:154} INFO - [2023-11-22T21:05:38.685+0000] {dag.py:3722} INFO - Setting next_dagrun for example_python_operator to None, run_after=None
[2023-11-22T21:05:38.710+0000] {processor.py:179} INFO - Processing /home/airflow/.local/lib/python3.8/site-packages/airflow/example_dags/example_python_operator.py took 0.114 seconds
[2023-11-22T21:06:08.753+0000] {processor.py:157} INFO - Started process (PID=14095) to work on /home/airflow/.local/lib/python3.8/site-packages/airflow/example_dags/example_python_operator.py
[2023-11-22T21:06:08.754+0000] {processor.py:829} INFO - Processing file /home/airflow/.local/lib/python3.8/site-packages/airflow/example_dags/example_python_operator.py for tasks to queue
[2023-11-22T21:06:08.755+0000] {logging_mixin.py:154} INFO - [2023-11-22T21:06:08.755+0000] {dagbag.py:536} INFO - Filling up the DagBag from /home/airflow/.local/lib/python3.8/site-packages/airflow/example_dags/example_python_operator.py
[2023-11-22T21:06:08.763+0000] {processor.py:839} INFO - DAG(s) dict_keys(['example_python_operator']) retrieved from /home/airflow/.local/lib/python3.8/site-packages/airflow/example_dags/example_python_operator.py
[2023-11-22T21:06:08.786+0000] {logging_mixin.py:154} INFO - [2023-11-22T21:06:08.786+0000] {dag.py:2941} INFO - Sync 1 DAGs
[2023-11-22T21:06:08.796+0000] {logging_mixin.py:154} INFO - [2023-11-22T21:06:08.796+0000] {dag.py:3722} INFO - Setting next_dagrun for example_python_operator to None, run_after=None
[2023-11-22T21:06:08.808+0000] {processor.py:179} INFO - Processing /home/airflow/.local/lib/python3.8/site-packages/airflow/example_dags/example_python_operator.py took 0.058 seconds
[2023-11-22T21:06:39.892+0000] {processor.py:157} INFO - Started process (PID=14336) to work on /home/airflow/.local/lib/python3.8/site-packages/airflow/example_dags/example_python_operator.py
[2023-11-22T21:06:39.893+0000] {processor.py:829} INFO - Processing file /home/airflow/.local/lib/python3.8/site-packages/airflow/example_dags/example_python_operator.py for tasks to queue
[2023-11-22T21:06:39.894+0000] {logging_mixin.py:154} INFO - [2023-11-22T21:06:39.894+0000] {dagbag.py:536} INFO - Filling up the DagBag from /home/airflow/.local/lib/python3.8/site-packages/airflow/example_dags/example_python_operator.py
[2023-11-22T21:06:39.905+0000] {processor.py:839} INFO - DAG(s) dict_keys(['example_python_operator']) retrieved from /home/airflow/.local/lib/python3.8/site-packages/airflow/example_dags/example_python_operator.py
[2023-11-22T21:06:39.931+0000] {logging_mixin.py:154} INFO - [2023-11-22T21:06:39.931+0000] {dag.py:2941} INFO - Sync 1 DAGs
[2023-11-22T21:06:39.942+0000] {logging_mixin.py:154} INFO - [2023-11-22T21:06:39.942+0000] {dag.py:3722} INFO - Setting next_dagrun for example_python_operator to None, run_after=None
[2023-11-22T21:06:39.956+0000] {processor.py:179} INFO - Processing /home/airflow/.local/lib/python3.8/site-packages/airflow/example_dags/example_python_operator.py took 0.068 seconds
[2023-11-22T21:07:10.806+0000] {processor.py:157} INFO - Started process (PID=14574) to work on /home/airflow/.local/lib/python3.8/site-packages/airflow/example_dags/example_python_operator.py
[2023-11-22T21:07:10.808+0000] {processor.py:829} INFO - Processing file /home/airflow/.local/lib/python3.8/site-packages/airflow/example_dags/example_python_operator.py for tasks to queue
[2023-11-22T21:07:10.809+0000] {logging_mixin.py:154} INFO - [2023-11-22T21:07:10.808+0000] {dagbag.py:536} INFO - Filling up the DagBag from /home/airflow/.local/lib/python3.8/site-packages/airflow/example_dags/example_python_operator.py
[2023-11-22T21:07:10.818+0000] {processor.py:839} INFO - DAG(s) dict_keys(['example_python_operator']) retrieved from /home/airflow/.local/lib/python3.8/site-packages/airflow/example_dags/example_python_operator.py
[2023-11-22T21:07:10.860+0000] {logging_mixin.py:154} INFO - [2023-11-22T21:07:10.860+0000] {dag.py:2941} INFO - Sync 1 DAGs
[2023-11-22T21:07:10.872+0000] {logging_mixin.py:154} INFO - [2023-11-22T21:07:10.871+0000] {dag.py:3722} INFO - Setting next_dagrun for example_python_operator to None, run_after=None
[2023-11-22T21:07:10.889+0000] {processor.py:179} INFO - Processing /home/airflow/.local/lib/python3.8/site-packages/airflow/example_dags/example_python_operator.py took 0.086 seconds
[2023-11-22T21:07:41.004+0000] {processor.py:157} INFO - Started process (PID=14812) to work on /home/airflow/.local/lib/python3.8/site-packages/airflow/example_dags/example_python_operator.py
[2023-11-22T21:07:41.005+0000] {processor.py:829} INFO - Processing file /home/airflow/.local/lib/python3.8/site-packages/airflow/example_dags/example_python_operator.py for tasks to queue
[2023-11-22T21:07:41.006+0000] {logging_mixin.py:154} INFO - [2023-11-22T21:07:41.005+0000] {dagbag.py:536} INFO - Filling up the DagBag from /home/airflow/.local/lib/python3.8/site-packages/airflow/example_dags/example_python_operator.py
[2023-11-22T21:07:41.014+0000] {processor.py:839} INFO - DAG(s) dict_keys(['example_python_operator']) retrieved from /home/airflow/.local/lib/python3.8/site-packages/airflow/example_dags/example_python_operator.py
[2023-11-22T21:07:41.037+0000] {logging_mixin.py:154} INFO - [2023-11-22T21:07:41.037+0000] {dag.py:2941} INFO - Sync 1 DAGs
[2023-11-22T21:07:41.047+0000] {logging_mixin.py:154} INFO - [2023-11-22T21:07:41.047+0000] {dag.py:3722} INFO - Setting next_dagrun for example_python_operator to None, run_after=None
[2023-11-22T21:07:41.060+0000] {processor.py:179} INFO - Processing /home/airflow/.local/lib/python3.8/site-packages/airflow/example_dags/example_python_operator.py took 0.059 seconds
[2023-11-22T21:08:11.864+0000] {processor.py:157} INFO - Started process (PID=15050) to work on /home/airflow/.local/lib/python3.8/site-packages/airflow/example_dags/example_python_operator.py
[2023-11-22T21:08:11.864+0000] {processor.py:829} INFO - Processing file /home/airflow/.local/lib/python3.8/site-packages/airflow/example_dags/example_python_operator.py for tasks to queue
[2023-11-22T21:08:11.865+0000] {logging_mixin.py:154} INFO - [2023-11-22T21:08:11.865+0000] {dagbag.py:536} INFO - Filling up the DagBag from /home/airflow/.local/lib/python3.8/site-packages/airflow/example_dags/example_python_operator.py
[2023-11-22T21:08:11.873+0000] {processor.py:839} INFO - DAG(s) dict_keys(['example_python_operator']) retrieved from /home/airflow/.local/lib/python3.8/site-packages/airflow/example_dags/example_python_operator.py
[2023-11-22T21:08:11.896+0000] {logging_mixin.py:154} INFO - [2023-11-22T21:08:11.896+0000] {dag.py:2941} INFO - Sync 1 DAGs
[2023-11-22T21:08:11.906+0000] {logging_mixin.py:154} INFO - [2023-11-22T21:08:11.905+0000] {dag.py:3722} INFO - Setting next_dagrun for example_python_operator to None, run_after=None
[2023-11-22T21:08:11.917+0000] {processor.py:179} INFO - Processing /home/airflow/.local/lib/python3.8/site-packages/airflow/example_dags/example_python_operator.py took 0.057 seconds
[2023-11-22T21:08:42.980+0000] {processor.py:157} INFO - Started process (PID=15288) to work on /home/airflow/.local/lib/python3.8/site-packages/airflow/example_dags/example_python_operator.py
[2023-11-22T21:08:42.990+0000] {processor.py:829} INFO - Processing file /home/airflow/.local/lib/python3.8/site-packages/airflow/example_dags/example_python_operator.py for tasks to queue
[2023-11-22T21:08:42.992+0000] {logging_mixin.py:154} INFO - [2023-11-22T21:08:42.991+0000] {dagbag.py:536} INFO - Filling up the DagBag from /home/airflow/.local/lib/python3.8/site-packages/airflow/example_dags/example_python_operator.py
[2023-11-22T21:08:43.005+0000] {processor.py:839} INFO - DAG(s) dict_keys(['example_python_operator']) retrieved from /home/airflow/.local/lib/python3.8/site-packages/airflow/example_dags/example_python_operator.py
[2023-11-22T21:08:43.046+0000] {logging_mixin.py:154} INFO - [2023-11-22T21:08:43.046+0000] {dag.py:2941} INFO - Sync 1 DAGs
[2023-11-22T21:08:43.066+0000] {logging_mixin.py:154} INFO - [2023-11-22T21:08:43.066+0000] {dag.py:3722} INFO - Setting next_dagrun for example_python_operator to None, run_after=None
[2023-11-22T21:08:43.097+0000] {processor.py:179} INFO - Processing /home/airflow/.local/lib/python3.8/site-packages/airflow/example_dags/example_python_operator.py took 0.122 seconds
[2023-11-22T21:09:42.913+0000] {processor.py:157} INFO - Started process (PID=287) to work on /home/airflow/.local/lib/python3.8/site-packages/airflow/example_dags/example_python_operator.py
[2023-11-22T21:09:42.914+0000] {processor.py:829} INFO - Processing file /home/airflow/.local/lib/python3.8/site-packages/airflow/example_dags/example_python_operator.py for tasks to queue
[2023-11-22T21:09:42.916+0000] {logging_mixin.py:154} INFO - [2023-11-22T21:09:42.915+0000] {dagbag.py:536} INFO - Filling up the DagBag from /home/airflow/.local/lib/python3.8/site-packages/airflow/example_dags/example_python_operator.py
[2023-11-22T21:09:42.929+0000] {processor.py:839} INFO - DAG(s) dict_keys(['example_python_operator']) retrieved from /home/airflow/.local/lib/python3.8/site-packages/airflow/example_dags/example_python_operator.py
[2023-11-22T21:09:42.960+0000] {logging_mixin.py:154} INFO - [2023-11-22T21:09:42.960+0000] {dag.py:2941} INFO - Sync 1 DAGs
[2023-11-22T21:09:42.981+0000] {logging_mixin.py:154} INFO - [2023-11-22T21:09:42.981+0000] {dag.py:3722} INFO - Setting next_dagrun for example_python_operator to None, run_after=None
[2023-11-22T21:09:43.048+0000] {processor.py:179} INFO - Processing /home/airflow/.local/lib/python3.8/site-packages/airflow/example_dags/example_python_operator.py took 0.140 seconds
[2023-11-22T21:10:13.240+0000] {processor.py:157} INFO - Started process (PID=526) to work on /home/airflow/.local/lib/python3.8/site-packages/airflow/example_dags/example_python_operator.py
[2023-11-22T21:10:13.241+0000] {processor.py:829} INFO - Processing file /home/airflow/.local/lib/python3.8/site-packages/airflow/example_dags/example_python_operator.py for tasks to queue
[2023-11-22T21:10:13.242+0000] {logging_mixin.py:154} INFO - [2023-11-22T21:10:13.241+0000] {dagbag.py:536} INFO - Filling up the DagBag from /home/airflow/.local/lib/python3.8/site-packages/airflow/example_dags/example_python_operator.py
[2023-11-22T21:10:13.250+0000] {processor.py:839} INFO - DAG(s) dict_keys(['example_python_operator']) retrieved from /home/airflow/.local/lib/python3.8/site-packages/airflow/example_dags/example_python_operator.py
[2023-11-22T21:10:13.338+0000] {logging_mixin.py:154} INFO - [2023-11-22T21:10:13.338+0000] {dag.py:2941} INFO - Sync 1 DAGs
[2023-11-22T21:10:13.351+0000] {logging_mixin.py:154} INFO - [2023-11-22T21:10:13.351+0000] {dag.py:3722} INFO - Setting next_dagrun for example_python_operator to None, run_after=None
[2023-11-22T21:10:13.365+0000] {processor.py:179} INFO - Processing /home/airflow/.local/lib/python3.8/site-packages/airflow/example_dags/example_python_operator.py took 0.129 seconds
