[2023-11-22T19:30:05.649+0000] {processor.py:157} INFO - Started process (PID=274) to work on /home/airflow/.local/lib/python3.8/site-packages/airflow/example_dags/example_skip_dag.py
[2023-11-22T19:30:05.651+0000] {processor.py:829} INFO - Processing file /home/airflow/.local/lib/python3.8/site-packages/airflow/example_dags/example_skip_dag.py for tasks to queue
[2023-11-22T19:30:05.654+0000] {logging_mixin.py:154} INFO - [2023-11-22T19:30:05.652+0000] {dagbag.py:536} INFO - Filling up the DagBag from /home/airflow/.local/lib/python3.8/site-packages/airflow/example_dags/example_skip_dag.py
[2023-11-22T19:30:05.687+0000] {processor.py:839} INFO - DAG(s) dict_keys(['example_skip_dag']) retrieved from /home/airflow/.local/lib/python3.8/site-packages/airflow/example_dags/example_skip_dag.py
[2023-11-22T19:30:05.708+0000] {logging_mixin.py:154} INFO - [2023-11-22T19:30:05.708+0000] {dag.py:2941} INFO - Sync 1 DAGs
[2023-11-22T19:30:05.736+0000] {logging_mixin.py:154} INFO - [2023-11-22T19:30:05.736+0000] {dag.py:3722} INFO - Setting next_dagrun for example_skip_dag to 2023-11-21T19:30:05.735509+00:00, run_after=2023-11-22T19:30:05.735509+00:00
[2023-11-22T19:30:05.771+0000] {processor.py:179} INFO - Processing /home/airflow/.local/lib/python3.8/site-packages/airflow/example_dags/example_skip_dag.py took 0.130 seconds
[2023-11-22T19:30:36.611+0000] {processor.py:157} INFO - Started process (PID=512) to work on /home/airflow/.local/lib/python3.8/site-packages/airflow/example_dags/example_skip_dag.py
[2023-11-22T19:30:36.612+0000] {processor.py:829} INFO - Processing file /home/airflow/.local/lib/python3.8/site-packages/airflow/example_dags/example_skip_dag.py for tasks to queue
[2023-11-22T19:30:36.613+0000] {logging_mixin.py:154} INFO - [2023-11-22T19:30:36.613+0000] {dagbag.py:536} INFO - Filling up the DagBag from /home/airflow/.local/lib/python3.8/site-packages/airflow/example_dags/example_skip_dag.py
[2023-11-22T19:30:36.619+0000] {processor.py:839} INFO - DAG(s) dict_keys(['example_skip_dag']) retrieved from /home/airflow/.local/lib/python3.8/site-packages/airflow/example_dags/example_skip_dag.py
[2023-11-22T19:30:36.640+0000] {logging_mixin.py:154} INFO - [2023-11-22T19:30:36.640+0000] {dag.py:2941} INFO - Sync 1 DAGs
[2023-11-22T19:30:36.658+0000] {logging_mixin.py:154} INFO - [2023-11-22T19:30:36.657+0000] {dag.py:3722} INFO - Setting next_dagrun for example_skip_dag to 2023-11-21T19:30:36.657640+00:00, run_after=2023-11-22T19:30:36.657640+00:00
[2023-11-22T19:30:36.671+0000] {processor.py:179} INFO - Processing /home/airflow/.local/lib/python3.8/site-packages/airflow/example_dags/example_skip_dag.py took 0.063 seconds
[2023-11-22T19:31:07.212+0000] {processor.py:157} INFO - Started process (PID=750) to work on /home/airflow/.local/lib/python3.8/site-packages/airflow/example_dags/example_skip_dag.py
[2023-11-22T19:31:07.213+0000] {processor.py:829} INFO - Processing file /home/airflow/.local/lib/python3.8/site-packages/airflow/example_dags/example_skip_dag.py for tasks to queue
[2023-11-22T19:31:07.214+0000] {logging_mixin.py:154} INFO - [2023-11-22T19:31:07.213+0000] {dagbag.py:536} INFO - Filling up the DagBag from /home/airflow/.local/lib/python3.8/site-packages/airflow/example_dags/example_skip_dag.py
[2023-11-22T19:31:07.221+0000] {processor.py:839} INFO - DAG(s) dict_keys(['example_skip_dag']) retrieved from /home/airflow/.local/lib/python3.8/site-packages/airflow/example_dags/example_skip_dag.py
[2023-11-22T19:31:07.242+0000] {logging_mixin.py:154} INFO - [2023-11-22T19:31:07.242+0000] {dag.py:2941} INFO - Sync 1 DAGs
[2023-11-22T19:31:07.259+0000] {logging_mixin.py:154} INFO - [2023-11-22T19:31:07.259+0000] {dag.py:3722} INFO - Setting next_dagrun for example_skip_dag to 2023-11-21T19:31:07.259532+00:00, run_after=2023-11-22T19:31:07.259532+00:00
[2023-11-22T19:31:07.273+0000] {processor.py:179} INFO - Processing /home/airflow/.local/lib/python3.8/site-packages/airflow/example_dags/example_skip_dag.py took 0.064 seconds
[2023-11-22T19:31:37.892+0000] {processor.py:157} INFO - Started process (PID=986) to work on /home/airflow/.local/lib/python3.8/site-packages/airflow/example_dags/example_skip_dag.py
[2023-11-22T19:31:37.893+0000] {processor.py:829} INFO - Processing file /home/airflow/.local/lib/python3.8/site-packages/airflow/example_dags/example_skip_dag.py for tasks to queue
[2023-11-22T19:31:37.894+0000] {logging_mixin.py:154} INFO - [2023-11-22T19:31:37.894+0000] {dagbag.py:536} INFO - Filling up the DagBag from /home/airflow/.local/lib/python3.8/site-packages/airflow/example_dags/example_skip_dag.py
[2023-11-22T19:31:37.901+0000] {processor.py:839} INFO - DAG(s) dict_keys(['example_skip_dag']) retrieved from /home/airflow/.local/lib/python3.8/site-packages/airflow/example_dags/example_skip_dag.py
[2023-11-22T19:31:37.930+0000] {logging_mixin.py:154} INFO - [2023-11-22T19:31:37.930+0000] {dag.py:2941} INFO - Sync 1 DAGs
[2023-11-22T19:31:37.958+0000] {logging_mixin.py:154} INFO - [2023-11-22T19:31:37.958+0000] {dag.py:3722} INFO - Setting next_dagrun for example_skip_dag to 2023-11-21T19:31:37.958422+00:00, run_after=2023-11-22T19:31:37.958422+00:00
[2023-11-22T19:31:37.985+0000] {processor.py:179} INFO - Processing /home/airflow/.local/lib/python3.8/site-packages/airflow/example_dags/example_skip_dag.py took 0.097 seconds
[2023-11-22T19:32:08.397+0000] {processor.py:157} INFO - Started process (PID=1226) to work on /home/airflow/.local/lib/python3.8/site-packages/airflow/example_dags/example_skip_dag.py
[2023-11-22T19:32:08.397+0000] {processor.py:829} INFO - Processing file /home/airflow/.local/lib/python3.8/site-packages/airflow/example_dags/example_skip_dag.py for tasks to queue
[2023-11-22T19:32:08.398+0000] {logging_mixin.py:154} INFO - [2023-11-22T19:32:08.398+0000] {dagbag.py:536} INFO - Filling up the DagBag from /home/airflow/.local/lib/python3.8/site-packages/airflow/example_dags/example_skip_dag.py
[2023-11-22T19:32:08.405+0000] {processor.py:839} INFO - DAG(s) dict_keys(['example_skip_dag']) retrieved from /home/airflow/.local/lib/python3.8/site-packages/airflow/example_dags/example_skip_dag.py
[2023-11-22T19:32:08.425+0000] {logging_mixin.py:154} INFO - [2023-11-22T19:32:08.425+0000] {dag.py:2941} INFO - Sync 1 DAGs
[2023-11-22T19:32:08.441+0000] {logging_mixin.py:154} INFO - [2023-11-22T19:32:08.441+0000] {dag.py:3722} INFO - Setting next_dagrun for example_skip_dag to 2023-11-21T19:32:08.441599+00:00, run_after=2023-11-22T19:32:08.441599+00:00
[2023-11-22T19:32:08.454+0000] {processor.py:179} INFO - Processing /home/airflow/.local/lib/python3.8/site-packages/airflow/example_dags/example_skip_dag.py took 0.061 seconds
[2023-11-22T19:32:38.862+0000] {processor.py:157} INFO - Started process (PID=1462) to work on /home/airflow/.local/lib/python3.8/site-packages/airflow/example_dags/example_skip_dag.py
[2023-11-22T19:32:38.863+0000] {processor.py:829} INFO - Processing file /home/airflow/.local/lib/python3.8/site-packages/airflow/example_dags/example_skip_dag.py for tasks to queue
[2023-11-22T19:32:38.863+0000] {logging_mixin.py:154} INFO - [2023-11-22T19:32:38.863+0000] {dagbag.py:536} INFO - Filling up the DagBag from /home/airflow/.local/lib/python3.8/site-packages/airflow/example_dags/example_skip_dag.py
[2023-11-22T19:32:38.871+0000] {processor.py:839} INFO - DAG(s) dict_keys(['example_skip_dag']) retrieved from /home/airflow/.local/lib/python3.8/site-packages/airflow/example_dags/example_skip_dag.py
[2023-11-22T19:32:38.892+0000] {logging_mixin.py:154} INFO - [2023-11-22T19:32:38.892+0000] {dag.py:2941} INFO - Sync 1 DAGs
[2023-11-22T19:32:38.913+0000] {logging_mixin.py:154} INFO - [2023-11-22T19:32:38.913+0000] {dag.py:3722} INFO - Setting next_dagrun for example_skip_dag to 2023-11-21T19:32:38.913144+00:00, run_after=2023-11-22T19:32:38.913144+00:00
[2023-11-22T19:32:38.931+0000] {processor.py:179} INFO - Processing /home/airflow/.local/lib/python3.8/site-packages/airflow/example_dags/example_skip_dag.py took 0.072 seconds
[2023-11-22T19:33:09.750+0000] {processor.py:157} INFO - Started process (PID=1702) to work on /home/airflow/.local/lib/python3.8/site-packages/airflow/example_dags/example_skip_dag.py
[2023-11-22T19:33:09.751+0000] {processor.py:829} INFO - Processing file /home/airflow/.local/lib/python3.8/site-packages/airflow/example_dags/example_skip_dag.py for tasks to queue
[2023-11-22T19:33:09.752+0000] {logging_mixin.py:154} INFO - [2023-11-22T19:33:09.751+0000] {dagbag.py:536} INFO - Filling up the DagBag from /home/airflow/.local/lib/python3.8/site-packages/airflow/example_dags/example_skip_dag.py
[2023-11-22T19:33:09.758+0000] {processor.py:839} INFO - DAG(s) dict_keys(['example_skip_dag']) retrieved from /home/airflow/.local/lib/python3.8/site-packages/airflow/example_dags/example_skip_dag.py
[2023-11-22T19:33:09.779+0000] {logging_mixin.py:154} INFO - [2023-11-22T19:33:09.779+0000] {dag.py:2941} INFO - Sync 1 DAGs
[2023-11-22T19:33:09.796+0000] {logging_mixin.py:154} INFO - [2023-11-22T19:33:09.796+0000] {dag.py:3722} INFO - Setting next_dagrun for example_skip_dag to 2023-11-21T19:33:09.796007+00:00, run_after=2023-11-22T19:33:09.796007+00:00
[2023-11-22T19:33:09.809+0000] {processor.py:179} INFO - Processing /home/airflow/.local/lib/python3.8/site-packages/airflow/example_dags/example_skip_dag.py took 0.062 seconds
[2023-11-22T19:33:40.175+0000] {processor.py:157} INFO - Started process (PID=1940) to work on /home/airflow/.local/lib/python3.8/site-packages/airflow/example_dags/example_skip_dag.py
[2023-11-22T19:33:40.176+0000] {processor.py:829} INFO - Processing file /home/airflow/.local/lib/python3.8/site-packages/airflow/example_dags/example_skip_dag.py for tasks to queue
[2023-11-22T19:33:40.176+0000] {logging_mixin.py:154} INFO - [2023-11-22T19:33:40.176+0000] {dagbag.py:536} INFO - Filling up the DagBag from /home/airflow/.local/lib/python3.8/site-packages/airflow/example_dags/example_skip_dag.py
[2023-11-22T19:33:40.183+0000] {processor.py:839} INFO - DAG(s) dict_keys(['example_skip_dag']) retrieved from /home/airflow/.local/lib/python3.8/site-packages/airflow/example_dags/example_skip_dag.py
[2023-11-22T19:33:40.205+0000] {logging_mixin.py:154} INFO - [2023-11-22T19:33:40.205+0000] {dag.py:2941} INFO - Sync 1 DAGs
[2023-11-22T19:33:40.222+0000] {logging_mixin.py:154} INFO - [2023-11-22T19:33:40.221+0000] {dag.py:3722} INFO - Setting next_dagrun for example_skip_dag to 2023-11-21T19:33:40.221724+00:00, run_after=2023-11-22T19:33:40.221724+00:00
[2023-11-22T19:33:40.235+0000] {processor.py:179} INFO - Processing /home/airflow/.local/lib/python3.8/site-packages/airflow/example_dags/example_skip_dag.py took 0.063 seconds
[2023-11-22T19:34:10.923+0000] {processor.py:157} INFO - Started process (PID=2176) to work on /home/airflow/.local/lib/python3.8/site-packages/airflow/example_dags/example_skip_dag.py
[2023-11-22T19:34:10.924+0000] {processor.py:829} INFO - Processing file /home/airflow/.local/lib/python3.8/site-packages/airflow/example_dags/example_skip_dag.py for tasks to queue
[2023-11-22T19:34:10.925+0000] {logging_mixin.py:154} INFO - [2023-11-22T19:34:10.924+0000] {dagbag.py:536} INFO - Filling up the DagBag from /home/airflow/.local/lib/python3.8/site-packages/airflow/example_dags/example_skip_dag.py
[2023-11-22T19:34:10.931+0000] {processor.py:839} INFO - DAG(s) dict_keys(['example_skip_dag']) retrieved from /home/airflow/.local/lib/python3.8/site-packages/airflow/example_dags/example_skip_dag.py
[2023-11-22T19:34:10.953+0000] {logging_mixin.py:154} INFO - [2023-11-22T19:34:10.952+0000] {dag.py:2941} INFO - Sync 1 DAGs
[2023-11-22T19:34:10.969+0000] {logging_mixin.py:154} INFO - [2023-11-22T19:34:10.969+0000] {dag.py:3722} INFO - Setting next_dagrun for example_skip_dag to 2023-11-21T19:34:10.969464+00:00, run_after=2023-11-22T19:34:10.969464+00:00
[2023-11-22T19:34:10.982+0000] {processor.py:179} INFO - Processing /home/airflow/.local/lib/python3.8/site-packages/airflow/example_dags/example_skip_dag.py took 0.062 seconds
[2023-11-22T19:34:41.309+0000] {processor.py:157} INFO - Started process (PID=2414) to work on /home/airflow/.local/lib/python3.8/site-packages/airflow/example_dags/example_skip_dag.py
[2023-11-22T19:34:41.310+0000] {processor.py:829} INFO - Processing file /home/airflow/.local/lib/python3.8/site-packages/airflow/example_dags/example_skip_dag.py for tasks to queue
[2023-11-22T19:34:41.311+0000] {logging_mixin.py:154} INFO - [2023-11-22T19:34:41.311+0000] {dagbag.py:536} INFO - Filling up the DagBag from /home/airflow/.local/lib/python3.8/site-packages/airflow/example_dags/example_skip_dag.py
[2023-11-22T19:34:41.317+0000] {processor.py:839} INFO - DAG(s) dict_keys(['example_skip_dag']) retrieved from /home/airflow/.local/lib/python3.8/site-packages/airflow/example_dags/example_skip_dag.py
[2023-11-22T19:34:41.339+0000] {logging_mixin.py:154} INFO - [2023-11-22T19:34:41.339+0000] {dag.py:2941} INFO - Sync 1 DAGs
[2023-11-22T19:34:41.356+0000] {logging_mixin.py:154} INFO - [2023-11-22T19:34:41.356+0000] {dag.py:3722} INFO - Setting next_dagrun for example_skip_dag to 2023-11-21T19:34:41.355809+00:00, run_after=2023-11-22T19:34:41.355809+00:00
[2023-11-22T19:34:41.369+0000] {processor.py:179} INFO - Processing /home/airflow/.local/lib/python3.8/site-packages/airflow/example_dags/example_skip_dag.py took 0.063 seconds
[2023-11-22T19:35:11.633+0000] {processor.py:157} INFO - Started process (PID=2652) to work on /home/airflow/.local/lib/python3.8/site-packages/airflow/example_dags/example_skip_dag.py
[2023-11-22T19:35:11.634+0000] {processor.py:829} INFO - Processing file /home/airflow/.local/lib/python3.8/site-packages/airflow/example_dags/example_skip_dag.py for tasks to queue
[2023-11-22T19:35:11.635+0000] {logging_mixin.py:154} INFO - [2023-11-22T19:35:11.634+0000] {dagbag.py:536} INFO - Filling up the DagBag from /home/airflow/.local/lib/python3.8/site-packages/airflow/example_dags/example_skip_dag.py
[2023-11-22T19:35:11.641+0000] {processor.py:839} INFO - DAG(s) dict_keys(['example_skip_dag']) retrieved from /home/airflow/.local/lib/python3.8/site-packages/airflow/example_dags/example_skip_dag.py
[2023-11-22T19:35:11.661+0000] {logging_mixin.py:154} INFO - [2023-11-22T19:35:11.661+0000] {dag.py:2941} INFO - Sync 1 DAGs
[2023-11-22T19:35:11.678+0000] {logging_mixin.py:154} INFO - [2023-11-22T19:35:11.678+0000] {dag.py:3722} INFO - Setting next_dagrun for example_skip_dag to 2023-11-21T19:35:11.678090+00:00, run_after=2023-11-22T19:35:11.678090+00:00
[2023-11-22T19:35:11.691+0000] {processor.py:179} INFO - Processing /home/airflow/.local/lib/python3.8/site-packages/airflow/example_dags/example_skip_dag.py took 0.062 seconds
[2023-11-22T19:35:42.157+0000] {processor.py:157} INFO - Started process (PID=2892) to work on /home/airflow/.local/lib/python3.8/site-packages/airflow/example_dags/example_skip_dag.py
[2023-11-22T19:35:42.158+0000] {processor.py:829} INFO - Processing file /home/airflow/.local/lib/python3.8/site-packages/airflow/example_dags/example_skip_dag.py for tasks to queue
[2023-11-22T19:35:42.159+0000] {logging_mixin.py:154} INFO - [2023-11-22T19:35:42.158+0000] {dagbag.py:536} INFO - Filling up the DagBag from /home/airflow/.local/lib/python3.8/site-packages/airflow/example_dags/example_skip_dag.py
[2023-11-22T19:35:42.165+0000] {processor.py:839} INFO - DAG(s) dict_keys(['example_skip_dag']) retrieved from /home/airflow/.local/lib/python3.8/site-packages/airflow/example_dags/example_skip_dag.py
[2023-11-22T19:35:42.186+0000] {logging_mixin.py:154} INFO - [2023-11-22T19:35:42.186+0000] {dag.py:2941} INFO - Sync 1 DAGs
[2023-11-22T19:35:42.202+0000] {logging_mixin.py:154} INFO - [2023-11-22T19:35:42.202+0000] {dag.py:3722} INFO - Setting next_dagrun for example_skip_dag to 2023-11-21T19:35:42.201922+00:00, run_after=2023-11-22T19:35:42.201922+00:00
[2023-11-22T19:35:42.213+0000] {processor.py:179} INFO - Processing /home/airflow/.local/lib/python3.8/site-packages/airflow/example_dags/example_skip_dag.py took 0.059 seconds
[2023-11-22T19:36:12.629+0000] {processor.py:157} INFO - Started process (PID=3130) to work on /home/airflow/.local/lib/python3.8/site-packages/airflow/example_dags/example_skip_dag.py
[2023-11-22T19:36:12.630+0000] {processor.py:829} INFO - Processing file /home/airflow/.local/lib/python3.8/site-packages/airflow/example_dags/example_skip_dag.py for tasks to queue
[2023-11-22T19:36:12.630+0000] {logging_mixin.py:154} INFO - [2023-11-22T19:36:12.630+0000] {dagbag.py:536} INFO - Filling up the DagBag from /home/airflow/.local/lib/python3.8/site-packages/airflow/example_dags/example_skip_dag.py
[2023-11-22T19:36:12.637+0000] {processor.py:839} INFO - DAG(s) dict_keys(['example_skip_dag']) retrieved from /home/airflow/.local/lib/python3.8/site-packages/airflow/example_dags/example_skip_dag.py
[2023-11-22T19:36:12.657+0000] {logging_mixin.py:154} INFO - [2023-11-22T19:36:12.657+0000] {dag.py:2941} INFO - Sync 1 DAGs
[2023-11-22T19:36:12.673+0000] {logging_mixin.py:154} INFO - [2023-11-22T19:36:12.673+0000] {dag.py:3722} INFO - Setting next_dagrun for example_skip_dag to 2023-11-21T19:36:12.673496+00:00, run_after=2023-11-22T19:36:12.673496+00:00
[2023-11-22T19:36:12.686+0000] {processor.py:179} INFO - Processing /home/airflow/.local/lib/python3.8/site-packages/airflow/example_dags/example_skip_dag.py took 0.060 seconds
[2023-11-22T19:36:43.264+0000] {processor.py:157} INFO - Started process (PID=3366) to work on /home/airflow/.local/lib/python3.8/site-packages/airflow/example_dags/example_skip_dag.py
[2023-11-22T19:36:43.265+0000] {processor.py:829} INFO - Processing file /home/airflow/.local/lib/python3.8/site-packages/airflow/example_dags/example_skip_dag.py for tasks to queue
[2023-11-22T19:36:43.268+0000] {logging_mixin.py:154} INFO - [2023-11-22T19:36:43.268+0000] {dagbag.py:536} INFO - Filling up the DagBag from /home/airflow/.local/lib/python3.8/site-packages/airflow/example_dags/example_skip_dag.py
[2023-11-22T19:36:43.278+0000] {processor.py:839} INFO - DAG(s) dict_keys(['example_skip_dag']) retrieved from /home/airflow/.local/lib/python3.8/site-packages/airflow/example_dags/example_skip_dag.py
[2023-11-22T19:36:43.306+0000] {logging_mixin.py:154} INFO - [2023-11-22T19:36:43.306+0000] {dag.py:2941} INFO - Sync 1 DAGs
[2023-11-22T19:36:43.331+0000] {logging_mixin.py:154} INFO - [2023-11-22T19:36:43.331+0000] {dag.py:3722} INFO - Setting next_dagrun for example_skip_dag to 2023-11-21T19:36:43.331064+00:00, run_after=2023-11-22T19:36:43.331064+00:00
[2023-11-22T19:36:43.351+0000] {processor.py:179} INFO - Processing /home/airflow/.local/lib/python3.8/site-packages/airflow/example_dags/example_skip_dag.py took 0.091 seconds
[2023-11-22T19:37:14.333+0000] {processor.py:157} INFO - Started process (PID=3605) to work on /home/airflow/.local/lib/python3.8/site-packages/airflow/example_dags/example_skip_dag.py
[2023-11-22T19:37:14.334+0000] {processor.py:829} INFO - Processing file /home/airflow/.local/lib/python3.8/site-packages/airflow/example_dags/example_skip_dag.py for tasks to queue
[2023-11-22T19:37:14.334+0000] {logging_mixin.py:154} INFO - [2023-11-22T19:37:14.334+0000] {dagbag.py:536} INFO - Filling up the DagBag from /home/airflow/.local/lib/python3.8/site-packages/airflow/example_dags/example_skip_dag.py
[2023-11-22T19:37:14.342+0000] {processor.py:839} INFO - DAG(s) dict_keys(['example_skip_dag']) retrieved from /home/airflow/.local/lib/python3.8/site-packages/airflow/example_dags/example_skip_dag.py
[2023-11-22T19:37:14.367+0000] {logging_mixin.py:154} INFO - [2023-11-22T19:37:14.367+0000] {dag.py:2941} INFO - Sync 1 DAGs
[2023-11-22T19:37:14.387+0000] {logging_mixin.py:154} INFO - [2023-11-22T19:37:14.387+0000] {dag.py:3722} INFO - Setting next_dagrun for example_skip_dag to 2023-11-21T19:37:14.387498+00:00, run_after=2023-11-22T19:37:14.387498+00:00
[2023-11-22T19:37:14.402+0000] {processor.py:179} INFO - Processing /home/airflow/.local/lib/python3.8/site-packages/airflow/example_dags/example_skip_dag.py took 0.073 seconds
[2023-11-22T19:37:44.604+0000] {processor.py:157} INFO - Started process (PID=3842) to work on /home/airflow/.local/lib/python3.8/site-packages/airflow/example_dags/example_skip_dag.py
[2023-11-22T19:37:44.605+0000] {processor.py:829} INFO - Processing file /home/airflow/.local/lib/python3.8/site-packages/airflow/example_dags/example_skip_dag.py for tasks to queue
[2023-11-22T19:37:44.606+0000] {logging_mixin.py:154} INFO - [2023-11-22T19:37:44.606+0000] {dagbag.py:536} INFO - Filling up the DagBag from /home/airflow/.local/lib/python3.8/site-packages/airflow/example_dags/example_skip_dag.py
[2023-11-22T19:37:44.617+0000] {processor.py:839} INFO - DAG(s) dict_keys(['example_skip_dag']) retrieved from /home/airflow/.local/lib/python3.8/site-packages/airflow/example_dags/example_skip_dag.py
[2023-11-22T19:37:44.662+0000] {logging_mixin.py:154} INFO - [2023-11-22T19:37:44.662+0000] {dag.py:2941} INFO - Sync 1 DAGs
[2023-11-22T19:37:44.689+0000] {logging_mixin.py:154} INFO - [2023-11-22T19:37:44.689+0000] {dag.py:3722} INFO - Setting next_dagrun for example_skip_dag to 2023-11-21T19:37:44.688690+00:00, run_after=2023-11-22T19:37:44.688690+00:00
[2023-11-22T19:37:44.711+0000] {processor.py:179} INFO - Processing /home/airflow/.local/lib/python3.8/site-packages/airflow/example_dags/example_skip_dag.py took 0.112 seconds
[2023-11-22T19:38:14.812+0000] {processor.py:157} INFO - Started process (PID=4082) to work on /home/airflow/.local/lib/python3.8/site-packages/airflow/example_dags/example_skip_dag.py
[2023-11-22T19:38:14.813+0000] {processor.py:829} INFO - Processing file /home/airflow/.local/lib/python3.8/site-packages/airflow/example_dags/example_skip_dag.py for tasks to queue
[2023-11-22T19:38:14.814+0000] {logging_mixin.py:154} INFO - [2023-11-22T19:38:14.814+0000] {dagbag.py:536} INFO - Filling up the DagBag from /home/airflow/.local/lib/python3.8/site-packages/airflow/example_dags/example_skip_dag.py
[2023-11-22T19:38:14.820+0000] {processor.py:839} INFO - DAG(s) dict_keys(['example_skip_dag']) retrieved from /home/airflow/.local/lib/python3.8/site-packages/airflow/example_dags/example_skip_dag.py
[2023-11-22T19:38:14.841+0000] {logging_mixin.py:154} INFO - [2023-11-22T19:38:14.841+0000] {dag.py:2941} INFO - Sync 1 DAGs
[2023-11-22T19:38:14.857+0000] {logging_mixin.py:154} INFO - [2023-11-22T19:38:14.857+0000] {dag.py:3722} INFO - Setting next_dagrun for example_skip_dag to 2023-11-21T19:38:14.857374+00:00, run_after=2023-11-22T19:38:14.857374+00:00
[2023-11-22T19:38:14.870+0000] {processor.py:179} INFO - Processing /home/airflow/.local/lib/python3.8/site-packages/airflow/example_dags/example_skip_dag.py took 0.061 seconds
[2023-11-22T19:38:45.159+0000] {processor.py:157} INFO - Started process (PID=4317) to work on /home/airflow/.local/lib/python3.8/site-packages/airflow/example_dags/example_skip_dag.py
[2023-11-22T19:38:45.160+0000] {processor.py:829} INFO - Processing file /home/airflow/.local/lib/python3.8/site-packages/airflow/example_dags/example_skip_dag.py for tasks to queue
[2023-11-22T19:38:45.160+0000] {logging_mixin.py:154} INFO - [2023-11-22T19:38:45.160+0000] {dagbag.py:536} INFO - Filling up the DagBag from /home/airflow/.local/lib/python3.8/site-packages/airflow/example_dags/example_skip_dag.py
[2023-11-22T19:38:45.167+0000] {processor.py:839} INFO - DAG(s) dict_keys(['example_skip_dag']) retrieved from /home/airflow/.local/lib/python3.8/site-packages/airflow/example_dags/example_skip_dag.py
[2023-11-22T19:38:45.192+0000] {logging_mixin.py:154} INFO - [2023-11-22T19:38:45.191+0000] {dag.py:2941} INFO - Sync 1 DAGs
[2023-11-22T19:38:45.212+0000] {logging_mixin.py:154} INFO - [2023-11-22T19:38:45.212+0000] {dag.py:3722} INFO - Setting next_dagrun for example_skip_dag to 2023-11-21T19:38:45.212225+00:00, run_after=2023-11-22T19:38:45.212225+00:00
[2023-11-22T19:38:45.227+0000] {processor.py:179} INFO - Processing /home/airflow/.local/lib/python3.8/site-packages/airflow/example_dags/example_skip_dag.py took 0.071 seconds
[2023-11-22T19:39:15.742+0000] {processor.py:157} INFO - Started process (PID=4557) to work on /home/airflow/.local/lib/python3.8/site-packages/airflow/example_dags/example_skip_dag.py
[2023-11-22T19:39:15.743+0000] {processor.py:829} INFO - Processing file /home/airflow/.local/lib/python3.8/site-packages/airflow/example_dags/example_skip_dag.py for tasks to queue
[2023-11-22T19:39:15.744+0000] {logging_mixin.py:154} INFO - [2023-11-22T19:39:15.744+0000] {dagbag.py:536} INFO - Filling up the DagBag from /home/airflow/.local/lib/python3.8/site-packages/airflow/example_dags/example_skip_dag.py
[2023-11-22T19:39:15.750+0000] {processor.py:839} INFO - DAG(s) dict_keys(['example_skip_dag']) retrieved from /home/airflow/.local/lib/python3.8/site-packages/airflow/example_dags/example_skip_dag.py
[2023-11-22T19:39:15.771+0000] {logging_mixin.py:154} INFO - [2023-11-22T19:39:15.771+0000] {dag.py:2941} INFO - Sync 1 DAGs
[2023-11-22T19:39:15.787+0000] {logging_mixin.py:154} INFO - [2023-11-22T19:39:15.787+0000] {dag.py:3722} INFO - Setting next_dagrun for example_skip_dag to 2023-11-21T19:39:15.787507+00:00, run_after=2023-11-22T19:39:15.787507+00:00
[2023-11-22T19:39:15.800+0000] {processor.py:179} INFO - Processing /home/airflow/.local/lib/python3.8/site-packages/airflow/example_dags/example_skip_dag.py took 0.060 seconds
[2023-11-22T19:39:46.112+0000] {processor.py:157} INFO - Started process (PID=4793) to work on /home/airflow/.local/lib/python3.8/site-packages/airflow/example_dags/example_skip_dag.py
[2023-11-22T19:39:46.112+0000] {processor.py:829} INFO - Processing file /home/airflow/.local/lib/python3.8/site-packages/airflow/example_dags/example_skip_dag.py for tasks to queue
[2023-11-22T19:39:46.113+0000] {logging_mixin.py:154} INFO - [2023-11-22T19:39:46.113+0000] {dagbag.py:536} INFO - Filling up the DagBag from /home/airflow/.local/lib/python3.8/site-packages/airflow/example_dags/example_skip_dag.py
[2023-11-22T19:39:46.119+0000] {processor.py:839} INFO - DAG(s) dict_keys(['example_skip_dag']) retrieved from /home/airflow/.local/lib/python3.8/site-packages/airflow/example_dags/example_skip_dag.py
[2023-11-22T19:39:46.141+0000] {logging_mixin.py:154} INFO - [2023-11-22T19:39:46.140+0000] {dag.py:2941} INFO - Sync 1 DAGs
[2023-11-22T19:39:46.157+0000] {logging_mixin.py:154} INFO - [2023-11-22T19:39:46.157+0000] {dag.py:3722} INFO - Setting next_dagrun for example_skip_dag to 2023-11-21T19:39:46.156822+00:00, run_after=2023-11-22T19:39:46.156822+00:00
[2023-11-22T19:39:46.169+0000] {processor.py:179} INFO - Processing /home/airflow/.local/lib/python3.8/site-packages/airflow/example_dags/example_skip_dag.py took 0.061 seconds
[2023-11-22T19:40:16.735+0000] {processor.py:157} INFO - Started process (PID=5031) to work on /home/airflow/.local/lib/python3.8/site-packages/airflow/example_dags/example_skip_dag.py
[2023-11-22T19:40:16.736+0000] {processor.py:829} INFO - Processing file /home/airflow/.local/lib/python3.8/site-packages/airflow/example_dags/example_skip_dag.py for tasks to queue
[2023-11-22T19:40:16.737+0000] {logging_mixin.py:154} INFO - [2023-11-22T19:40:16.736+0000] {dagbag.py:536} INFO - Filling up the DagBag from /home/airflow/.local/lib/python3.8/site-packages/airflow/example_dags/example_skip_dag.py
[2023-11-22T19:40:16.743+0000] {processor.py:839} INFO - DAG(s) dict_keys(['example_skip_dag']) retrieved from /home/airflow/.local/lib/python3.8/site-packages/airflow/example_dags/example_skip_dag.py
[2023-11-22T19:40:16.764+0000] {logging_mixin.py:154} INFO - [2023-11-22T19:40:16.764+0000] {dag.py:2941} INFO - Sync 1 DAGs
[2023-11-22T19:40:16.781+0000] {logging_mixin.py:154} INFO - [2023-11-22T19:40:16.781+0000] {dag.py:3722} INFO - Setting next_dagrun for example_skip_dag to 2023-11-21T19:40:16.780822+00:00, run_after=2023-11-22T19:40:16.780822+00:00
[2023-11-22T19:40:16.794+0000] {processor.py:179} INFO - Processing /home/airflow/.local/lib/python3.8/site-packages/airflow/example_dags/example_skip_dag.py took 0.062 seconds
[2023-11-22T19:40:47.340+0000] {processor.py:157} INFO - Started process (PID=5271) to work on /home/airflow/.local/lib/python3.8/site-packages/airflow/example_dags/example_skip_dag.py
[2023-11-22T19:40:47.341+0000] {processor.py:829} INFO - Processing file /home/airflow/.local/lib/python3.8/site-packages/airflow/example_dags/example_skip_dag.py for tasks to queue
[2023-11-22T19:40:47.342+0000] {logging_mixin.py:154} INFO - [2023-11-22T19:40:47.341+0000] {dagbag.py:536} INFO - Filling up the DagBag from /home/airflow/.local/lib/python3.8/site-packages/airflow/example_dags/example_skip_dag.py
[2023-11-22T19:40:47.348+0000] {processor.py:839} INFO - DAG(s) dict_keys(['example_skip_dag']) retrieved from /home/airflow/.local/lib/python3.8/site-packages/airflow/example_dags/example_skip_dag.py
[2023-11-22T19:40:47.369+0000] {logging_mixin.py:154} INFO - [2023-11-22T19:40:47.369+0000] {dag.py:2941} INFO - Sync 1 DAGs
[2023-11-22T19:40:47.385+0000] {logging_mixin.py:154} INFO - [2023-11-22T19:40:47.385+0000] {dag.py:3722} INFO - Setting next_dagrun for example_skip_dag to 2023-11-21T19:40:47.385362+00:00, run_after=2023-11-22T19:40:47.385362+00:00
[2023-11-22T19:40:47.398+0000] {processor.py:179} INFO - Processing /home/airflow/.local/lib/python3.8/site-packages/airflow/example_dags/example_skip_dag.py took 0.061 seconds
[2023-11-22T19:41:17.796+0000] {processor.py:157} INFO - Started process (PID=5509) to work on /home/airflow/.local/lib/python3.8/site-packages/airflow/example_dags/example_skip_dag.py
[2023-11-22T19:41:17.797+0000] {processor.py:829} INFO - Processing file /home/airflow/.local/lib/python3.8/site-packages/airflow/example_dags/example_skip_dag.py for tasks to queue
[2023-11-22T19:41:17.798+0000] {logging_mixin.py:154} INFO - [2023-11-22T19:41:17.797+0000] {dagbag.py:536} INFO - Filling up the DagBag from /home/airflow/.local/lib/python3.8/site-packages/airflow/example_dags/example_skip_dag.py
[2023-11-22T19:41:17.804+0000] {processor.py:839} INFO - DAG(s) dict_keys(['example_skip_dag']) retrieved from /home/airflow/.local/lib/python3.8/site-packages/airflow/example_dags/example_skip_dag.py
[2023-11-22T19:41:17.825+0000] {logging_mixin.py:154} INFO - [2023-11-22T19:41:17.824+0000] {dag.py:2941} INFO - Sync 1 DAGs
[2023-11-22T19:41:17.841+0000] {logging_mixin.py:154} INFO - [2023-11-22T19:41:17.841+0000] {dag.py:3722} INFO - Setting next_dagrun for example_skip_dag to 2023-11-21T19:41:17.841299+00:00, run_after=2023-11-22T19:41:17.841299+00:00
[2023-11-22T19:41:17.854+0000] {processor.py:179} INFO - Processing /home/airflow/.local/lib/python3.8/site-packages/airflow/example_dags/example_skip_dag.py took 0.061 seconds
[2023-11-22T19:41:48.330+0000] {processor.py:157} INFO - Started process (PID=5745) to work on /home/airflow/.local/lib/python3.8/site-packages/airflow/example_dags/example_skip_dag.py
[2023-11-22T19:41:48.331+0000] {processor.py:829} INFO - Processing file /home/airflow/.local/lib/python3.8/site-packages/airflow/example_dags/example_skip_dag.py for tasks to queue
[2023-11-22T19:41:48.332+0000] {logging_mixin.py:154} INFO - [2023-11-22T19:41:48.331+0000] {dagbag.py:536} INFO - Filling up the DagBag from /home/airflow/.local/lib/python3.8/site-packages/airflow/example_dags/example_skip_dag.py
[2023-11-22T19:41:48.338+0000] {processor.py:839} INFO - DAG(s) dict_keys(['example_skip_dag']) retrieved from /home/airflow/.local/lib/python3.8/site-packages/airflow/example_dags/example_skip_dag.py
[2023-11-22T19:41:48.359+0000] {logging_mixin.py:154} INFO - [2023-11-22T19:41:48.359+0000] {dag.py:2941} INFO - Sync 1 DAGs
[2023-11-22T19:41:48.376+0000] {logging_mixin.py:154} INFO - [2023-11-22T19:41:48.376+0000] {dag.py:3722} INFO - Setting next_dagrun for example_skip_dag to 2023-11-21T19:41:48.376113+00:00, run_after=2023-11-22T19:41:48.376113+00:00
[2023-11-22T19:41:48.389+0000] {processor.py:179} INFO - Processing /home/airflow/.local/lib/python3.8/site-packages/airflow/example_dags/example_skip_dag.py took 0.062 seconds
[2023-11-22T19:42:18.713+0000] {processor.py:157} INFO - Started process (PID=5982) to work on /home/airflow/.local/lib/python3.8/site-packages/airflow/example_dags/example_skip_dag.py
[2023-11-22T19:42:18.714+0000] {processor.py:829} INFO - Processing file /home/airflow/.local/lib/python3.8/site-packages/airflow/example_dags/example_skip_dag.py for tasks to queue
[2023-11-22T19:42:18.714+0000] {logging_mixin.py:154} INFO - [2023-11-22T19:42:18.714+0000] {dagbag.py:536} INFO - Filling up the DagBag from /home/airflow/.local/lib/python3.8/site-packages/airflow/example_dags/example_skip_dag.py
[2023-11-22T19:42:18.721+0000] {processor.py:839} INFO - DAG(s) dict_keys(['example_skip_dag']) retrieved from /home/airflow/.local/lib/python3.8/site-packages/airflow/example_dags/example_skip_dag.py
[2023-11-22T19:42:18.742+0000] {logging_mixin.py:154} INFO - [2023-11-22T19:42:18.742+0000] {dag.py:2941} INFO - Sync 1 DAGs
[2023-11-22T19:42:18.759+0000] {logging_mixin.py:154} INFO - [2023-11-22T19:42:18.759+0000] {dag.py:3722} INFO - Setting next_dagrun for example_skip_dag to 2023-11-21T19:42:18.758920+00:00, run_after=2023-11-22T19:42:18.758920+00:00
[2023-11-22T19:42:18.771+0000] {processor.py:179} INFO - Processing /home/airflow/.local/lib/python3.8/site-packages/airflow/example_dags/example_skip_dag.py took 0.062 seconds
[2023-11-22T19:42:49.154+0000] {processor.py:157} INFO - Started process (PID=6220) to work on /home/airflow/.local/lib/python3.8/site-packages/airflow/example_dags/example_skip_dag.py
[2023-11-22T19:42:49.155+0000] {processor.py:829} INFO - Processing file /home/airflow/.local/lib/python3.8/site-packages/airflow/example_dags/example_skip_dag.py for tasks to queue
[2023-11-22T19:42:49.156+0000] {logging_mixin.py:154} INFO - [2023-11-22T19:42:49.155+0000] {dagbag.py:536} INFO - Filling up the DagBag from /home/airflow/.local/lib/python3.8/site-packages/airflow/example_dags/example_skip_dag.py
[2023-11-22T19:42:49.162+0000] {processor.py:839} INFO - DAG(s) dict_keys(['example_skip_dag']) retrieved from /home/airflow/.local/lib/python3.8/site-packages/airflow/example_dags/example_skip_dag.py
[2023-11-22T19:42:49.183+0000] {logging_mixin.py:154} INFO - [2023-11-22T19:42:49.183+0000] {dag.py:2941} INFO - Sync 1 DAGs
[2023-11-22T19:42:49.201+0000] {logging_mixin.py:154} INFO - [2023-11-22T19:42:49.200+0000] {dag.py:3722} INFO - Setting next_dagrun for example_skip_dag to 2023-11-21T19:42:49.200596+00:00, run_after=2023-11-22T19:42:49.200596+00:00
[2023-11-22T19:42:49.213+0000] {processor.py:179} INFO - Processing /home/airflow/.local/lib/python3.8/site-packages/airflow/example_dags/example_skip_dag.py took 0.062 seconds
[2023-11-22T19:43:19.459+0000] {processor.py:157} INFO - Started process (PID=6458) to work on /home/airflow/.local/lib/python3.8/site-packages/airflow/example_dags/example_skip_dag.py
[2023-11-22T19:43:19.460+0000] {processor.py:829} INFO - Processing file /home/airflow/.local/lib/python3.8/site-packages/airflow/example_dags/example_skip_dag.py for tasks to queue
[2023-11-22T19:43:19.461+0000] {logging_mixin.py:154} INFO - [2023-11-22T19:43:19.461+0000] {dagbag.py:536} INFO - Filling up the DagBag from /home/airflow/.local/lib/python3.8/site-packages/airflow/example_dags/example_skip_dag.py
[2023-11-22T19:43:19.467+0000] {processor.py:839} INFO - DAG(s) dict_keys(['example_skip_dag']) retrieved from /home/airflow/.local/lib/python3.8/site-packages/airflow/example_dags/example_skip_dag.py
[2023-11-22T19:43:19.491+0000] {logging_mixin.py:154} INFO - [2023-11-22T19:43:19.490+0000] {dag.py:2941} INFO - Sync 1 DAGs
[2023-11-22T19:43:19.508+0000] {logging_mixin.py:154} INFO - [2023-11-22T19:43:19.508+0000] {dag.py:3722} INFO - Setting next_dagrun for example_skip_dag to 2023-11-21T19:43:19.508346+00:00, run_after=2023-11-22T19:43:19.508346+00:00
[2023-11-22T19:43:19.521+0000] {processor.py:179} INFO - Processing /home/airflow/.local/lib/python3.8/site-packages/airflow/example_dags/example_skip_dag.py took 0.065 seconds
[2023-11-22T19:43:50.017+0000] {processor.py:157} INFO - Started process (PID=6696) to work on /home/airflow/.local/lib/python3.8/site-packages/airflow/example_dags/example_skip_dag.py
[2023-11-22T19:43:50.018+0000] {processor.py:829} INFO - Processing file /home/airflow/.local/lib/python3.8/site-packages/airflow/example_dags/example_skip_dag.py for tasks to queue
[2023-11-22T19:43:50.019+0000] {logging_mixin.py:154} INFO - [2023-11-22T19:43:50.019+0000] {dagbag.py:536} INFO - Filling up the DagBag from /home/airflow/.local/lib/python3.8/site-packages/airflow/example_dags/example_skip_dag.py
[2023-11-22T19:43:50.025+0000] {processor.py:839} INFO - DAG(s) dict_keys(['example_skip_dag']) retrieved from /home/airflow/.local/lib/python3.8/site-packages/airflow/example_dags/example_skip_dag.py
[2023-11-22T19:43:50.047+0000] {logging_mixin.py:154} INFO - [2023-11-22T19:43:50.047+0000] {dag.py:2941} INFO - Sync 1 DAGs
[2023-11-22T19:43:50.065+0000] {logging_mixin.py:154} INFO - [2023-11-22T19:43:50.064+0000] {dag.py:3722} INFO - Setting next_dagrun for example_skip_dag to 2023-11-21T19:43:50.064696+00:00, run_after=2023-11-22T19:43:50.064696+00:00
[2023-11-22T19:43:50.078+0000] {processor.py:179} INFO - Processing /home/airflow/.local/lib/python3.8/site-packages/airflow/example_dags/example_skip_dag.py took 0.064 seconds
[2023-11-22T19:44:20.469+0000] {processor.py:157} INFO - Started process (PID=6934) to work on /home/airflow/.local/lib/python3.8/site-packages/airflow/example_dags/example_skip_dag.py
[2023-11-22T19:44:20.470+0000] {processor.py:829} INFO - Processing file /home/airflow/.local/lib/python3.8/site-packages/airflow/example_dags/example_skip_dag.py for tasks to queue
[2023-11-22T19:44:20.471+0000] {logging_mixin.py:154} INFO - [2023-11-22T19:44:20.471+0000] {dagbag.py:536} INFO - Filling up the DagBag from /home/airflow/.local/lib/python3.8/site-packages/airflow/example_dags/example_skip_dag.py
[2023-11-22T19:44:20.478+0000] {processor.py:839} INFO - DAG(s) dict_keys(['example_skip_dag']) retrieved from /home/airflow/.local/lib/python3.8/site-packages/airflow/example_dags/example_skip_dag.py
[2023-11-22T19:44:20.498+0000] {logging_mixin.py:154} INFO - [2023-11-22T19:44:20.498+0000] {dag.py:2941} INFO - Sync 1 DAGs
[2023-11-22T19:44:20.518+0000] {logging_mixin.py:154} INFO - [2023-11-22T19:44:20.518+0000] {dag.py:3722} INFO - Setting next_dagrun for example_skip_dag to 2023-11-21T19:44:20.517918+00:00, run_after=2023-11-22T19:44:20.517918+00:00
[2023-11-22T19:44:20.532+0000] {processor.py:179} INFO - Processing /home/airflow/.local/lib/python3.8/site-packages/airflow/example_dags/example_skip_dag.py took 0.066 seconds
[2023-11-22T19:44:50.966+0000] {processor.py:157} INFO - Started process (PID=7179) to work on /home/airflow/.local/lib/python3.8/site-packages/airflow/example_dags/example_skip_dag.py
[2023-11-22T19:44:50.967+0000] {processor.py:829} INFO - Processing file /home/airflow/.local/lib/python3.8/site-packages/airflow/example_dags/example_skip_dag.py for tasks to queue
[2023-11-22T19:44:50.968+0000] {logging_mixin.py:154} INFO - [2023-11-22T19:44:50.967+0000] {dagbag.py:536} INFO - Filling up the DagBag from /home/airflow/.local/lib/python3.8/site-packages/airflow/example_dags/example_skip_dag.py
[2023-11-22T19:44:50.974+0000] {processor.py:839} INFO - DAG(s) dict_keys(['example_skip_dag']) retrieved from /home/airflow/.local/lib/python3.8/site-packages/airflow/example_dags/example_skip_dag.py
[2023-11-22T19:44:50.996+0000] {logging_mixin.py:154} INFO - [2023-11-22T19:44:50.996+0000] {dag.py:2941} INFO - Sync 1 DAGs
[2023-11-22T19:44:51.013+0000] {logging_mixin.py:154} INFO - [2023-11-22T19:44:51.013+0000] {dag.py:3722} INFO - Setting next_dagrun for example_skip_dag to 2023-11-21T19:44:51.013208+00:00, run_after=2023-11-22T19:44:51.013208+00:00
[2023-11-22T19:44:51.026+0000] {processor.py:179} INFO - Processing /home/airflow/.local/lib/python3.8/site-packages/airflow/example_dags/example_skip_dag.py took 0.063 seconds
[2023-11-22T19:45:21.347+0000] {processor.py:157} INFO - Started process (PID=7417) to work on /home/airflow/.local/lib/python3.8/site-packages/airflow/example_dags/example_skip_dag.py
[2023-11-22T19:45:21.348+0000] {processor.py:829} INFO - Processing file /home/airflow/.local/lib/python3.8/site-packages/airflow/example_dags/example_skip_dag.py for tasks to queue
[2023-11-22T19:45:21.348+0000] {logging_mixin.py:154} INFO - [2023-11-22T19:45:21.348+0000] {dagbag.py:536} INFO - Filling up the DagBag from /home/airflow/.local/lib/python3.8/site-packages/airflow/example_dags/example_skip_dag.py
[2023-11-22T19:45:21.355+0000] {processor.py:839} INFO - DAG(s) dict_keys(['example_skip_dag']) retrieved from /home/airflow/.local/lib/python3.8/site-packages/airflow/example_dags/example_skip_dag.py
[2023-11-22T19:45:21.375+0000] {logging_mixin.py:154} INFO - [2023-11-22T19:45:21.375+0000] {dag.py:2941} INFO - Sync 1 DAGs
[2023-11-22T19:45:21.393+0000] {logging_mixin.py:154} INFO - [2023-11-22T19:45:21.393+0000] {dag.py:3722} INFO - Setting next_dagrun for example_skip_dag to 2023-11-21T19:45:21.393318+00:00, run_after=2023-11-22T19:45:21.393318+00:00
[2023-11-22T19:45:21.407+0000] {processor.py:179} INFO - Processing /home/airflow/.local/lib/python3.8/site-packages/airflow/example_dags/example_skip_dag.py took 0.063 seconds
[2023-11-22T19:45:51.861+0000] {processor.py:157} INFO - Started process (PID=7655) to work on /home/airflow/.local/lib/python3.8/site-packages/airflow/example_dags/example_skip_dag.py
[2023-11-22T19:45:51.862+0000] {processor.py:829} INFO - Processing file /home/airflow/.local/lib/python3.8/site-packages/airflow/example_dags/example_skip_dag.py for tasks to queue
[2023-11-22T19:45:51.863+0000] {logging_mixin.py:154} INFO - [2023-11-22T19:45:51.862+0000] {dagbag.py:536} INFO - Filling up the DagBag from /home/airflow/.local/lib/python3.8/site-packages/airflow/example_dags/example_skip_dag.py
[2023-11-22T19:45:51.869+0000] {processor.py:839} INFO - DAG(s) dict_keys(['example_skip_dag']) retrieved from /home/airflow/.local/lib/python3.8/site-packages/airflow/example_dags/example_skip_dag.py
[2023-11-22T19:45:51.890+0000] {logging_mixin.py:154} INFO - [2023-11-22T19:45:51.890+0000] {dag.py:2941} INFO - Sync 1 DAGs
[2023-11-22T19:45:51.907+0000] {logging_mixin.py:154} INFO - [2023-11-22T19:45:51.907+0000] {dag.py:3722} INFO - Setting next_dagrun for example_skip_dag to 2023-11-21T19:45:51.907282+00:00, run_after=2023-11-22T19:45:51.907282+00:00
[2023-11-22T19:45:51.921+0000] {processor.py:179} INFO - Processing /home/airflow/.local/lib/python3.8/site-packages/airflow/example_dags/example_skip_dag.py took 0.063 seconds
[2023-11-22T19:46:22.319+0000] {processor.py:157} INFO - Started process (PID=7893) to work on /home/airflow/.local/lib/python3.8/site-packages/airflow/example_dags/example_skip_dag.py
[2023-11-22T19:46:22.319+0000] {processor.py:829} INFO - Processing file /home/airflow/.local/lib/python3.8/site-packages/airflow/example_dags/example_skip_dag.py for tasks to queue
[2023-11-22T19:46:22.320+0000] {logging_mixin.py:154} INFO - [2023-11-22T19:46:22.320+0000] {dagbag.py:536} INFO - Filling up the DagBag from /home/airflow/.local/lib/python3.8/site-packages/airflow/example_dags/example_skip_dag.py
[2023-11-22T19:46:22.326+0000] {processor.py:839} INFO - DAG(s) dict_keys(['example_skip_dag']) retrieved from /home/airflow/.local/lib/python3.8/site-packages/airflow/example_dags/example_skip_dag.py
[2023-11-22T19:46:22.348+0000] {logging_mixin.py:154} INFO - [2023-11-22T19:46:22.348+0000] {dag.py:2941} INFO - Sync 1 DAGs
[2023-11-22T19:46:22.365+0000] {logging_mixin.py:154} INFO - [2023-11-22T19:46:22.365+0000] {dag.py:3722} INFO - Setting next_dagrun for example_skip_dag to 2023-11-21T19:46:22.365373+00:00, run_after=2023-11-22T19:46:22.365373+00:00
[2023-11-22T19:46:22.379+0000] {processor.py:179} INFO - Processing /home/airflow/.local/lib/python3.8/site-packages/airflow/example_dags/example_skip_dag.py took 0.063 seconds
[2023-11-22T19:46:52.733+0000] {processor.py:157} INFO - Started process (PID=8131) to work on /home/airflow/.local/lib/python3.8/site-packages/airflow/example_dags/example_skip_dag.py
[2023-11-22T19:46:52.734+0000] {processor.py:829} INFO - Processing file /home/airflow/.local/lib/python3.8/site-packages/airflow/example_dags/example_skip_dag.py for tasks to queue
[2023-11-22T19:46:52.734+0000] {logging_mixin.py:154} INFO - [2023-11-22T19:46:52.734+0000] {dagbag.py:536} INFO - Filling up the DagBag from /home/airflow/.local/lib/python3.8/site-packages/airflow/example_dags/example_skip_dag.py
[2023-11-22T19:46:52.741+0000] {processor.py:839} INFO - DAG(s) dict_keys(['example_skip_dag']) retrieved from /home/airflow/.local/lib/python3.8/site-packages/airflow/example_dags/example_skip_dag.py
[2023-11-22T19:46:52.762+0000] {logging_mixin.py:154} INFO - [2023-11-22T19:46:52.762+0000] {dag.py:2941} INFO - Sync 1 DAGs
[2023-11-22T19:46:52.780+0000] {logging_mixin.py:154} INFO - [2023-11-22T19:46:52.779+0000] {dag.py:3722} INFO - Setting next_dagrun for example_skip_dag to 2023-11-21T19:46:52.779683+00:00, run_after=2023-11-22T19:46:52.779683+00:00
[2023-11-22T19:46:52.792+0000] {processor.py:179} INFO - Processing /home/airflow/.local/lib/python3.8/site-packages/airflow/example_dags/example_skip_dag.py took 0.063 seconds
[2023-11-22T19:47:23.164+0000] {processor.py:157} INFO - Started process (PID=8368) to work on /home/airflow/.local/lib/python3.8/site-packages/airflow/example_dags/example_skip_dag.py
[2023-11-22T19:47:23.165+0000] {processor.py:829} INFO - Processing file /home/airflow/.local/lib/python3.8/site-packages/airflow/example_dags/example_skip_dag.py for tasks to queue
[2023-11-22T19:47:23.166+0000] {logging_mixin.py:154} INFO - [2023-11-22T19:47:23.165+0000] {dagbag.py:536} INFO - Filling up the DagBag from /home/airflow/.local/lib/python3.8/site-packages/airflow/example_dags/example_skip_dag.py
[2023-11-22T19:47:23.172+0000] {processor.py:839} INFO - DAG(s) dict_keys(['example_skip_dag']) retrieved from /home/airflow/.local/lib/python3.8/site-packages/airflow/example_dags/example_skip_dag.py
[2023-11-22T19:47:23.194+0000] {logging_mixin.py:154} INFO - [2023-11-22T19:47:23.193+0000] {dag.py:2941} INFO - Sync 1 DAGs
[2023-11-22T19:47:23.211+0000] {logging_mixin.py:154} INFO - [2023-11-22T19:47:23.211+0000] {dag.py:3722} INFO - Setting next_dagrun for example_skip_dag to 2023-11-21T19:47:23.211403+00:00, run_after=2023-11-22T19:47:23.211403+00:00
[2023-11-22T19:47:23.227+0000] {processor.py:179} INFO - Processing /home/airflow/.local/lib/python3.8/site-packages/airflow/example_dags/example_skip_dag.py took 0.067 seconds
[2023-11-22T19:47:53.813+0000] {processor.py:157} INFO - Started process (PID=8608) to work on /home/airflow/.local/lib/python3.8/site-packages/airflow/example_dags/example_skip_dag.py
[2023-11-22T19:47:53.814+0000] {processor.py:829} INFO - Processing file /home/airflow/.local/lib/python3.8/site-packages/airflow/example_dags/example_skip_dag.py for tasks to queue
[2023-11-22T19:47:53.815+0000] {logging_mixin.py:154} INFO - [2023-11-22T19:47:53.815+0000] {dagbag.py:536} INFO - Filling up the DagBag from /home/airflow/.local/lib/python3.8/site-packages/airflow/example_dags/example_skip_dag.py
[2023-11-22T19:47:53.821+0000] {processor.py:839} INFO - DAG(s) dict_keys(['example_skip_dag']) retrieved from /home/airflow/.local/lib/python3.8/site-packages/airflow/example_dags/example_skip_dag.py
[2023-11-22T19:47:53.842+0000] {logging_mixin.py:154} INFO - [2023-11-22T19:47:53.842+0000] {dag.py:2941} INFO - Sync 1 DAGs
[2023-11-22T19:47:53.859+0000] {logging_mixin.py:154} INFO - [2023-11-22T19:47:53.858+0000] {dag.py:3722} INFO - Setting next_dagrun for example_skip_dag to 2023-11-21T19:47:53.858628+00:00, run_after=2023-11-22T19:47:53.858628+00:00
[2023-11-22T19:47:53.872+0000] {processor.py:179} INFO - Processing /home/airflow/.local/lib/python3.8/site-packages/airflow/example_dags/example_skip_dag.py took 0.062 seconds
[2023-11-22T19:48:24.883+0000] {processor.py:157} INFO - Started process (PID=8844) to work on /home/airflow/.local/lib/python3.8/site-packages/airflow/example_dags/example_skip_dag.py
[2023-11-22T19:48:24.885+0000] {processor.py:829} INFO - Processing file /home/airflow/.local/lib/python3.8/site-packages/airflow/example_dags/example_skip_dag.py for tasks to queue
[2023-11-22T19:48:24.886+0000] {logging_mixin.py:154} INFO - [2023-11-22T19:48:24.886+0000] {dagbag.py:536} INFO - Filling up the DagBag from /home/airflow/.local/lib/python3.8/site-packages/airflow/example_dags/example_skip_dag.py
[2023-11-22T19:48:24.894+0000] {processor.py:839} INFO - DAG(s) dict_keys(['example_skip_dag']) retrieved from /home/airflow/.local/lib/python3.8/site-packages/airflow/example_dags/example_skip_dag.py
[2023-11-22T19:48:24.916+0000] {logging_mixin.py:154} INFO - [2023-11-22T19:48:24.916+0000] {dag.py:2941} INFO - Sync 1 DAGs
[2023-11-22T19:48:24.935+0000] {logging_mixin.py:154} INFO - [2023-11-22T19:48:24.935+0000] {dag.py:3722} INFO - Setting next_dagrun for example_skip_dag to 2023-11-21T19:48:24.934786+00:00, run_after=2023-11-22T19:48:24.934786+00:00
[2023-11-22T19:48:24.950+0000] {processor.py:179} INFO - Processing /home/airflow/.local/lib/python3.8/site-packages/airflow/example_dags/example_skip_dag.py took 0.073 seconds
[2023-11-22T19:48:55.315+0000] {processor.py:157} INFO - Started process (PID=9084) to work on /home/airflow/.local/lib/python3.8/site-packages/airflow/example_dags/example_skip_dag.py
[2023-11-22T19:48:55.316+0000] {processor.py:829} INFO - Processing file /home/airflow/.local/lib/python3.8/site-packages/airflow/example_dags/example_skip_dag.py for tasks to queue
[2023-11-22T19:48:55.317+0000] {logging_mixin.py:154} INFO - [2023-11-22T19:48:55.316+0000] {dagbag.py:536} INFO - Filling up the DagBag from /home/airflow/.local/lib/python3.8/site-packages/airflow/example_dags/example_skip_dag.py
[2023-11-22T19:48:55.323+0000] {processor.py:839} INFO - DAG(s) dict_keys(['example_skip_dag']) retrieved from /home/airflow/.local/lib/python3.8/site-packages/airflow/example_dags/example_skip_dag.py
[2023-11-22T19:48:55.345+0000] {logging_mixin.py:154} INFO - [2023-11-22T19:48:55.345+0000] {dag.py:2941} INFO - Sync 1 DAGs
[2023-11-22T19:48:55.361+0000] {logging_mixin.py:154} INFO - [2023-11-22T19:48:55.361+0000] {dag.py:3722} INFO - Setting next_dagrun for example_skip_dag to 2023-11-21T19:48:55.361358+00:00, run_after=2023-11-22T19:48:55.361358+00:00
[2023-11-22T19:48:55.374+0000] {processor.py:179} INFO - Processing /home/airflow/.local/lib/python3.8/site-packages/airflow/example_dags/example_skip_dag.py took 0.062 seconds
[2023-11-22T19:49:26.234+0000] {processor.py:157} INFO - Started process (PID=9320) to work on /home/airflow/.local/lib/python3.8/site-packages/airflow/example_dags/example_skip_dag.py
[2023-11-22T19:49:26.236+0000] {processor.py:829} INFO - Processing file /home/airflow/.local/lib/python3.8/site-packages/airflow/example_dags/example_skip_dag.py for tasks to queue
[2023-11-22T19:49:26.237+0000] {logging_mixin.py:154} INFO - [2023-11-22T19:49:26.236+0000] {dagbag.py:536} INFO - Filling up the DagBag from /home/airflow/.local/lib/python3.8/site-packages/airflow/example_dags/example_skip_dag.py
[2023-11-22T19:49:26.244+0000] {processor.py:839} INFO - DAG(s) dict_keys(['example_skip_dag']) retrieved from /home/airflow/.local/lib/python3.8/site-packages/airflow/example_dags/example_skip_dag.py
[2023-11-22T19:49:26.265+0000] {logging_mixin.py:154} INFO - [2023-11-22T19:49:26.265+0000] {dag.py:2941} INFO - Sync 1 DAGs
[2023-11-22T19:49:26.283+0000] {logging_mixin.py:154} INFO - [2023-11-22T19:49:26.283+0000] {dag.py:3722} INFO - Setting next_dagrun for example_skip_dag to 2023-11-21T19:49:26.283000+00:00, run_after=2023-11-22T19:49:26.283000+00:00
[2023-11-22T19:49:26.296+0000] {processor.py:179} INFO - Processing /home/airflow/.local/lib/python3.8/site-packages/airflow/example_dags/example_skip_dag.py took 0.066 seconds
[2023-11-22T19:49:56.631+0000] {processor.py:157} INFO - Started process (PID=9558) to work on /home/airflow/.local/lib/python3.8/site-packages/airflow/example_dags/example_skip_dag.py
[2023-11-22T19:49:56.632+0000] {processor.py:829} INFO - Processing file /home/airflow/.local/lib/python3.8/site-packages/airflow/example_dags/example_skip_dag.py for tasks to queue
[2023-11-22T19:49:56.633+0000] {logging_mixin.py:154} INFO - [2023-11-22T19:49:56.633+0000] {dagbag.py:536} INFO - Filling up the DagBag from /home/airflow/.local/lib/python3.8/site-packages/airflow/example_dags/example_skip_dag.py
[2023-11-22T19:49:56.641+0000] {processor.py:839} INFO - DAG(s) dict_keys(['example_skip_dag']) retrieved from /home/airflow/.local/lib/python3.8/site-packages/airflow/example_dags/example_skip_dag.py
[2023-11-22T19:49:56.663+0000] {logging_mixin.py:154} INFO - [2023-11-22T19:49:56.663+0000] {dag.py:2941} INFO - Sync 1 DAGs
[2023-11-22T19:49:56.797+0000] {logging_mixin.py:154} INFO - [2023-11-22T19:49:56.797+0000] {dag.py:3722} INFO - Setting next_dagrun for example_skip_dag to 2023-11-21T19:49:56.797252+00:00, run_after=2023-11-22T19:49:56.797252+00:00
[2023-11-22T19:49:56.810+0000] {processor.py:179} INFO - Processing /home/airflow/.local/lib/python3.8/site-packages/airflow/example_dags/example_skip_dag.py took 0.184 seconds
[2023-11-22T19:50:26.891+0000] {processor.py:157} INFO - Started process (PID=9793) to work on /home/airflow/.local/lib/python3.8/site-packages/airflow/example_dags/example_skip_dag.py
[2023-11-22T19:50:26.892+0000] {processor.py:829} INFO - Processing file /home/airflow/.local/lib/python3.8/site-packages/airflow/example_dags/example_skip_dag.py for tasks to queue
[2023-11-22T19:50:26.893+0000] {logging_mixin.py:154} INFO - [2023-11-22T19:50:26.893+0000] {dagbag.py:536} INFO - Filling up the DagBag from /home/airflow/.local/lib/python3.8/site-packages/airflow/example_dags/example_skip_dag.py
[2023-11-22T19:50:26.903+0000] {processor.py:839} INFO - DAG(s) dict_keys(['example_skip_dag']) retrieved from /home/airflow/.local/lib/python3.8/site-packages/airflow/example_dags/example_skip_dag.py
[2023-11-22T19:50:26.928+0000] {logging_mixin.py:154} INFO - [2023-11-22T19:50:26.928+0000] {dag.py:2941} INFO - Sync 1 DAGs
[2023-11-22T19:50:26.947+0000] {logging_mixin.py:154} INFO - [2023-11-22T19:50:26.947+0000] {dag.py:3722} INFO - Setting next_dagrun for example_skip_dag to 2023-11-21T19:50:26.947000+00:00, run_after=2023-11-22T19:50:26.947000+00:00
[2023-11-22T19:50:27.074+0000] {processor.py:179} INFO - Processing /home/airflow/.local/lib/python3.8/site-packages/airflow/example_dags/example_skip_dag.py took 0.188 seconds
[2023-11-22T19:50:57.488+0000] {processor.py:157} INFO - Started process (PID=10034) to work on /home/airflow/.local/lib/python3.8/site-packages/airflow/example_dags/example_skip_dag.py
[2023-11-22T19:50:57.489+0000] {processor.py:829} INFO - Processing file /home/airflow/.local/lib/python3.8/site-packages/airflow/example_dags/example_skip_dag.py for tasks to queue
[2023-11-22T19:50:57.490+0000] {logging_mixin.py:154} INFO - [2023-11-22T19:50:57.490+0000] {dagbag.py:536} INFO - Filling up the DagBag from /home/airflow/.local/lib/python3.8/site-packages/airflow/example_dags/example_skip_dag.py
[2023-11-22T19:50:57.499+0000] {processor.py:839} INFO - DAG(s) dict_keys(['example_skip_dag']) retrieved from /home/airflow/.local/lib/python3.8/site-packages/airflow/example_dags/example_skip_dag.py
[2023-11-22T19:50:57.522+0000] {logging_mixin.py:154} INFO - [2023-11-22T19:50:57.521+0000] {dag.py:2941} INFO - Sync 1 DAGs
[2023-11-22T19:50:57.538+0000] {logging_mixin.py:154} INFO - [2023-11-22T19:50:57.538+0000] {dag.py:3722} INFO - Setting next_dagrun for example_skip_dag to 2023-11-21T19:50:57.538320+00:00, run_after=2023-11-22T19:50:57.538320+00:00
[2023-11-22T19:50:57.551+0000] {processor.py:179} INFO - Processing /home/airflow/.local/lib/python3.8/site-packages/airflow/example_dags/example_skip_dag.py took 0.068 seconds
[2023-11-22T19:51:27.945+0000] {processor.py:157} INFO - Started process (PID=10272) to work on /home/airflow/.local/lib/python3.8/site-packages/airflow/example_dags/example_skip_dag.py
[2023-11-22T19:51:27.946+0000] {processor.py:829} INFO - Processing file /home/airflow/.local/lib/python3.8/site-packages/airflow/example_dags/example_skip_dag.py for tasks to queue
[2023-11-22T19:51:27.947+0000] {logging_mixin.py:154} INFO - [2023-11-22T19:51:27.947+0000] {dagbag.py:536} INFO - Filling up the DagBag from /home/airflow/.local/lib/python3.8/site-packages/airflow/example_dags/example_skip_dag.py
[2023-11-22T19:51:27.955+0000] {processor.py:839} INFO - DAG(s) dict_keys(['example_skip_dag']) retrieved from /home/airflow/.local/lib/python3.8/site-packages/airflow/example_dags/example_skip_dag.py
[2023-11-22T19:51:27.977+0000] {logging_mixin.py:154} INFO - [2023-11-22T19:51:27.977+0000] {dag.py:2941} INFO - Sync 1 DAGs
[2023-11-22T19:51:27.994+0000] {logging_mixin.py:154} INFO - [2023-11-22T19:51:27.994+0000] {dag.py:3722} INFO - Setting next_dagrun for example_skip_dag to 2023-11-21T19:51:27.993775+00:00, run_after=2023-11-22T19:51:27.993775+00:00
[2023-11-22T19:51:28.007+0000] {processor.py:179} INFO - Processing /home/airflow/.local/lib/python3.8/site-packages/airflow/example_dags/example_skip_dag.py took 0.067 seconds
[2023-11-22T19:51:58.579+0000] {processor.py:157} INFO - Started process (PID=10510) to work on /home/airflow/.local/lib/python3.8/site-packages/airflow/example_dags/example_skip_dag.py
[2023-11-22T19:51:58.579+0000] {processor.py:829} INFO - Processing file /home/airflow/.local/lib/python3.8/site-packages/airflow/example_dags/example_skip_dag.py for tasks to queue
[2023-11-22T19:51:58.580+0000] {logging_mixin.py:154} INFO - [2023-11-22T19:51:58.580+0000] {dagbag.py:536} INFO - Filling up the DagBag from /home/airflow/.local/lib/python3.8/site-packages/airflow/example_dags/example_skip_dag.py
[2023-11-22T19:51:58.586+0000] {processor.py:839} INFO - DAG(s) dict_keys(['example_skip_dag']) retrieved from /home/airflow/.local/lib/python3.8/site-packages/airflow/example_dags/example_skip_dag.py
[2023-11-22T19:51:58.722+0000] {logging_mixin.py:154} INFO - [2023-11-22T19:51:58.722+0000] {dag.py:2941} INFO - Sync 1 DAGs
[2023-11-22T19:51:58.736+0000] {logging_mixin.py:154} INFO - [2023-11-22T19:51:58.736+0000] {dag.py:3722} INFO - Setting next_dagrun for example_skip_dag to 2023-11-21T19:51:58.736042+00:00, run_after=2023-11-22T19:51:58.736042+00:00
[2023-11-22T19:51:58.748+0000] {processor.py:179} INFO - Processing /home/airflow/.local/lib/python3.8/site-packages/airflow/example_dags/example_skip_dag.py took 0.173 seconds
[2023-11-22T19:52:28.950+0000] {processor.py:157} INFO - Started process (PID=10749) to work on /home/airflow/.local/lib/python3.8/site-packages/airflow/example_dags/example_skip_dag.py
[2023-11-22T19:52:28.951+0000] {processor.py:829} INFO - Processing file /home/airflow/.local/lib/python3.8/site-packages/airflow/example_dags/example_skip_dag.py for tasks to queue
[2023-11-22T19:52:28.952+0000] {logging_mixin.py:154} INFO - [2023-11-22T19:52:28.952+0000] {dagbag.py:536} INFO - Filling up the DagBag from /home/airflow/.local/lib/python3.8/site-packages/airflow/example_dags/example_skip_dag.py
[2023-11-22T19:52:28.960+0000] {processor.py:839} INFO - DAG(s) dict_keys(['example_skip_dag']) retrieved from /home/airflow/.local/lib/python3.8/site-packages/airflow/example_dags/example_skip_dag.py
[2023-11-22T19:52:28.982+0000] {logging_mixin.py:154} INFO - [2023-11-22T19:52:28.982+0000] {dag.py:2941} INFO - Sync 1 DAGs
[2023-11-22T19:52:28.999+0000] {logging_mixin.py:154} INFO - [2023-11-22T19:52:28.999+0000] {dag.py:3722} INFO - Setting next_dagrun for example_skip_dag to 2023-11-21T19:52:28.998840+00:00, run_after=2023-11-22T19:52:28.998840+00:00
[2023-11-22T19:52:29.012+0000] {processor.py:179} INFO - Processing /home/airflow/.local/lib/python3.8/site-packages/airflow/example_dags/example_skip_dag.py took 0.066 seconds
[2023-11-22T19:52:59.392+0000] {processor.py:157} INFO - Started process (PID=10987) to work on /home/airflow/.local/lib/python3.8/site-packages/airflow/example_dags/example_skip_dag.py
[2023-11-22T19:52:59.393+0000] {processor.py:829} INFO - Processing file /home/airflow/.local/lib/python3.8/site-packages/airflow/example_dags/example_skip_dag.py for tasks to queue
[2023-11-22T19:52:59.394+0000] {logging_mixin.py:154} INFO - [2023-11-22T19:52:59.394+0000] {dagbag.py:536} INFO - Filling up the DagBag from /home/airflow/.local/lib/python3.8/site-packages/airflow/example_dags/example_skip_dag.py
[2023-11-22T19:52:59.403+0000] {processor.py:839} INFO - DAG(s) dict_keys(['example_skip_dag']) retrieved from /home/airflow/.local/lib/python3.8/site-packages/airflow/example_dags/example_skip_dag.py
[2023-11-22T19:52:59.425+0000] {logging_mixin.py:154} INFO - [2023-11-22T19:52:59.425+0000] {dag.py:2941} INFO - Sync 1 DAGs
[2023-11-22T19:52:59.442+0000] {logging_mixin.py:154} INFO - [2023-11-22T19:52:59.442+0000] {dag.py:3722} INFO - Setting next_dagrun for example_skip_dag to 2023-11-21T19:52:59.442258+00:00, run_after=2023-11-22T19:52:59.442258+00:00
[2023-11-22T19:52:59.456+0000] {processor.py:179} INFO - Processing /home/airflow/.local/lib/python3.8/site-packages/airflow/example_dags/example_skip_dag.py took 0.069 seconds
[2023-11-22T19:53:29.796+0000] {processor.py:157} INFO - Started process (PID=11225) to work on /home/airflow/.local/lib/python3.8/site-packages/airflow/example_dags/example_skip_dag.py
[2023-11-22T19:53:29.797+0000] {processor.py:829} INFO - Processing file /home/airflow/.local/lib/python3.8/site-packages/airflow/example_dags/example_skip_dag.py for tasks to queue
[2023-11-22T19:53:29.798+0000] {logging_mixin.py:154} INFO - [2023-11-22T19:53:29.798+0000] {dagbag.py:536} INFO - Filling up the DagBag from /home/airflow/.local/lib/python3.8/site-packages/airflow/example_dags/example_skip_dag.py
[2023-11-22T19:53:29.806+0000] {processor.py:839} INFO - DAG(s) dict_keys(['example_skip_dag']) retrieved from /home/airflow/.local/lib/python3.8/site-packages/airflow/example_dags/example_skip_dag.py
[2023-11-22T19:53:29.827+0000] {logging_mixin.py:154} INFO - [2023-11-22T19:53:29.827+0000] {dag.py:2941} INFO - Sync 1 DAGs
[2023-11-22T19:53:29.844+0000] {logging_mixin.py:154} INFO - [2023-11-22T19:53:29.844+0000] {dag.py:3722} INFO - Setting next_dagrun for example_skip_dag to 2023-11-21T19:53:29.843791+00:00, run_after=2023-11-22T19:53:29.843791+00:00
[2023-11-22T19:53:29.857+0000] {processor.py:179} INFO - Processing /home/airflow/.local/lib/python3.8/site-packages/airflow/example_dags/example_skip_dag.py took 0.065 seconds
[2023-11-22T19:54:00.438+0000] {processor.py:157} INFO - Started process (PID=11463) to work on /home/airflow/.local/lib/python3.8/site-packages/airflow/example_dags/example_skip_dag.py
[2023-11-22T19:54:00.440+0000] {processor.py:829} INFO - Processing file /home/airflow/.local/lib/python3.8/site-packages/airflow/example_dags/example_skip_dag.py for tasks to queue
[2023-11-22T19:54:00.441+0000] {logging_mixin.py:154} INFO - [2023-11-22T19:54:00.441+0000] {dagbag.py:536} INFO - Filling up the DagBag from /home/airflow/.local/lib/python3.8/site-packages/airflow/example_dags/example_skip_dag.py
[2023-11-22T19:54:00.451+0000] {processor.py:839} INFO - DAG(s) dict_keys(['example_skip_dag']) retrieved from /home/airflow/.local/lib/python3.8/site-packages/airflow/example_dags/example_skip_dag.py
[2023-11-22T19:54:00.474+0000] {logging_mixin.py:154} INFO - [2023-11-22T19:54:00.473+0000] {dag.py:2941} INFO - Sync 1 DAGs
[2023-11-22T19:54:00.491+0000] {logging_mixin.py:154} INFO - [2023-11-22T19:54:00.491+0000] {dag.py:3722} INFO - Setting next_dagrun for example_skip_dag to 2023-11-21T19:54:00.491287+00:00, run_after=2023-11-22T19:54:00.491287+00:00
[2023-11-22T19:54:00.505+0000] {processor.py:179} INFO - Processing /home/airflow/.local/lib/python3.8/site-packages/airflow/example_dags/example_skip_dag.py took 0.072 seconds
[2023-11-22T20:36:15.045+0000] {processor.py:157} INFO - Started process (PID=11703) to work on /home/airflow/.local/lib/python3.8/site-packages/airflow/example_dags/example_skip_dag.py
[2023-11-22T20:36:15.046+0000] {processor.py:829} INFO - Processing file /home/airflow/.local/lib/python3.8/site-packages/airflow/example_dags/example_skip_dag.py for tasks to queue
[2023-11-22T20:36:15.047+0000] {logging_mixin.py:154} INFO - [2023-11-22T20:36:15.047+0000] {dagbag.py:536} INFO - Filling up the DagBag from /home/airflow/.local/lib/python3.8/site-packages/airflow/example_dags/example_skip_dag.py
[2023-11-22T20:36:15.053+0000] {processor.py:839} INFO - DAG(s) dict_keys(['example_skip_dag']) retrieved from /home/airflow/.local/lib/python3.8/site-packages/airflow/example_dags/example_skip_dag.py
[2023-11-22T20:36:15.075+0000] {logging_mixin.py:154} INFO - [2023-11-22T20:36:15.075+0000] {dag.py:2941} INFO - Sync 1 DAGs
[2023-11-22T20:36:15.094+0000] {logging_mixin.py:154} INFO - [2023-11-22T20:36:15.094+0000] {dag.py:3722} INFO - Setting next_dagrun for example_skip_dag to 2023-11-21T20:36:15.094327+00:00, run_after=2023-11-22T20:36:15.094327+00:00
[2023-11-22T20:36:15.108+0000] {processor.py:179} INFO - Processing /home/airflow/.local/lib/python3.8/site-packages/airflow/example_dags/example_skip_dag.py took 0.067 seconds
[2023-11-22T21:01:34.317+0000] {processor.py:157} INFO - Started process (PID=11942) to work on /home/airflow/.local/lib/python3.8/site-packages/airflow/example_dags/example_skip_dag.py
[2023-11-22T21:01:34.318+0000] {processor.py:829} INFO - Processing file /home/airflow/.local/lib/python3.8/site-packages/airflow/example_dags/example_skip_dag.py for tasks to queue
[2023-11-22T21:01:34.319+0000] {logging_mixin.py:154} INFO - [2023-11-22T21:01:34.318+0000] {dagbag.py:536} INFO - Filling up the DagBag from /home/airflow/.local/lib/python3.8/site-packages/airflow/example_dags/example_skip_dag.py
[2023-11-22T21:01:34.327+0000] {processor.py:839} INFO - DAG(s) dict_keys(['example_skip_dag']) retrieved from /home/airflow/.local/lib/python3.8/site-packages/airflow/example_dags/example_skip_dag.py
[2023-11-22T21:01:34.362+0000] {logging_mixin.py:154} INFO - [2023-11-22T21:01:34.362+0000] {dag.py:2941} INFO - Sync 1 DAGs
[2023-11-22T21:01:34.384+0000] {logging_mixin.py:154} INFO - [2023-11-22T21:01:34.384+0000] {dag.py:3722} INFO - Setting next_dagrun for example_skip_dag to 2023-11-21T21:01:34.384141+00:00, run_after=2023-11-22T21:01:34.384141+00:00
[2023-11-22T21:01:34.409+0000] {processor.py:179} INFO - Processing /home/airflow/.local/lib/python3.8/site-packages/airflow/example_dags/example_skip_dag.py took 0.096 seconds
[2023-11-22T21:02:04.541+0000] {processor.py:157} INFO - Started process (PID=12180) to work on /home/airflow/.local/lib/python3.8/site-packages/airflow/example_dags/example_skip_dag.py
[2023-11-22T21:02:04.542+0000] {processor.py:829} INFO - Processing file /home/airflow/.local/lib/python3.8/site-packages/airflow/example_dags/example_skip_dag.py for tasks to queue
[2023-11-22T21:02:04.543+0000] {logging_mixin.py:154} INFO - [2023-11-22T21:02:04.543+0000] {dagbag.py:536} INFO - Filling up the DagBag from /home/airflow/.local/lib/python3.8/site-packages/airflow/example_dags/example_skip_dag.py
[2023-11-22T21:02:04.551+0000] {processor.py:839} INFO - DAG(s) dict_keys(['example_skip_dag']) retrieved from /home/airflow/.local/lib/python3.8/site-packages/airflow/example_dags/example_skip_dag.py
[2023-11-22T21:02:04.574+0000] {logging_mixin.py:154} INFO - [2023-11-22T21:02:04.574+0000] {dag.py:2941} INFO - Sync 1 DAGs
[2023-11-22T21:02:04.593+0000] {logging_mixin.py:154} INFO - [2023-11-22T21:02:04.593+0000] {dag.py:3722} INFO - Setting next_dagrun for example_skip_dag to 2023-11-21T21:02:04.592848+00:00, run_after=2023-11-22T21:02:04.592848+00:00
[2023-11-22T21:02:04.608+0000] {processor.py:179} INFO - Processing /home/airflow/.local/lib/python3.8/site-packages/airflow/example_dags/example_skip_dag.py took 0.070 seconds
[2023-11-22T21:02:34.870+0000] {processor.py:157} INFO - Started process (PID=12418) to work on /home/airflow/.local/lib/python3.8/site-packages/airflow/example_dags/example_skip_dag.py
[2023-11-22T21:02:34.871+0000] {processor.py:829} INFO - Processing file /home/airflow/.local/lib/python3.8/site-packages/airflow/example_dags/example_skip_dag.py for tasks to queue
[2023-11-22T21:02:34.872+0000] {logging_mixin.py:154} INFO - [2023-11-22T21:02:34.872+0000] {dagbag.py:536} INFO - Filling up the DagBag from /home/airflow/.local/lib/python3.8/site-packages/airflow/example_dags/example_skip_dag.py
[2023-11-22T21:02:34.879+0000] {processor.py:839} INFO - DAG(s) dict_keys(['example_skip_dag']) retrieved from /home/airflow/.local/lib/python3.8/site-packages/airflow/example_dags/example_skip_dag.py
[2023-11-22T21:02:34.900+0000] {logging_mixin.py:154} INFO - [2023-11-22T21:02:34.900+0000] {dag.py:2941} INFO - Sync 1 DAGs
[2023-11-22T21:02:34.917+0000] {logging_mixin.py:154} INFO - [2023-11-22T21:02:34.916+0000] {dag.py:3722} INFO - Setting next_dagrun for example_skip_dag to 2023-11-21T21:02:34.916635+00:00, run_after=2023-11-22T21:02:34.916635+00:00
[2023-11-22T21:02:34.929+0000] {processor.py:179} INFO - Processing /home/airflow/.local/lib/python3.8/site-packages/airflow/example_dags/example_skip_dag.py took 0.062 seconds
[2023-11-22T21:03:05.266+0000] {processor.py:157} INFO - Started process (PID=12656) to work on /home/airflow/.local/lib/python3.8/site-packages/airflow/example_dags/example_skip_dag.py
[2023-11-22T21:03:05.267+0000] {processor.py:829} INFO - Processing file /home/airflow/.local/lib/python3.8/site-packages/airflow/example_dags/example_skip_dag.py for tasks to queue
[2023-11-22T21:03:05.268+0000] {logging_mixin.py:154} INFO - [2023-11-22T21:03:05.268+0000] {dagbag.py:536} INFO - Filling up the DagBag from /home/airflow/.local/lib/python3.8/site-packages/airflow/example_dags/example_skip_dag.py
[2023-11-22T21:03:05.275+0000] {processor.py:839} INFO - DAG(s) dict_keys(['example_skip_dag']) retrieved from /home/airflow/.local/lib/python3.8/site-packages/airflow/example_dags/example_skip_dag.py
[2023-11-22T21:03:05.298+0000] {logging_mixin.py:154} INFO - [2023-11-22T21:03:05.297+0000] {dag.py:2941} INFO - Sync 1 DAGs
[2023-11-22T21:03:05.314+0000] {logging_mixin.py:154} INFO - [2023-11-22T21:03:05.314+0000] {dag.py:3722} INFO - Setting next_dagrun for example_skip_dag to 2023-11-21T21:03:05.314062+00:00, run_after=2023-11-22T21:03:05.314062+00:00
[2023-11-22T21:03:05.326+0000] {processor.py:179} INFO - Processing /home/airflow/.local/lib/python3.8/site-packages/airflow/example_dags/example_skip_dag.py took 0.063 seconds
[2023-11-22T21:03:36.081+0000] {processor.py:157} INFO - Started process (PID=12894) to work on /home/airflow/.local/lib/python3.8/site-packages/airflow/example_dags/example_skip_dag.py
[2023-11-22T21:03:36.082+0000] {processor.py:829} INFO - Processing file /home/airflow/.local/lib/python3.8/site-packages/airflow/example_dags/example_skip_dag.py for tasks to queue
[2023-11-22T21:03:36.083+0000] {logging_mixin.py:154} INFO - [2023-11-22T21:03:36.083+0000] {dagbag.py:536} INFO - Filling up the DagBag from /home/airflow/.local/lib/python3.8/site-packages/airflow/example_dags/example_skip_dag.py
[2023-11-22T21:03:36.091+0000] {processor.py:839} INFO - DAG(s) dict_keys(['example_skip_dag']) retrieved from /home/airflow/.local/lib/python3.8/site-packages/airflow/example_dags/example_skip_dag.py
[2023-11-22T21:03:36.117+0000] {logging_mixin.py:154} INFO - [2023-11-22T21:03:36.117+0000] {dag.py:2941} INFO - Sync 1 DAGs
[2023-11-22T21:03:36.139+0000] {logging_mixin.py:154} INFO - [2023-11-22T21:03:36.139+0000] {dag.py:3722} INFO - Setting next_dagrun for example_skip_dag to 2023-11-21T21:03:36.138737+00:00, run_after=2023-11-22T21:03:36.138737+00:00
[2023-11-22T21:03:36.152+0000] {processor.py:179} INFO - Processing /home/airflow/.local/lib/python3.8/site-packages/airflow/example_dags/example_skip_dag.py took 0.074 seconds
[2023-11-22T21:04:06.670+0000] {processor.py:157} INFO - Started process (PID=13132) to work on /home/airflow/.local/lib/python3.8/site-packages/airflow/example_dags/example_skip_dag.py
[2023-11-22T21:04:06.671+0000] {processor.py:829} INFO - Processing file /home/airflow/.local/lib/python3.8/site-packages/airflow/example_dags/example_skip_dag.py for tasks to queue
[2023-11-22T21:04:06.672+0000] {logging_mixin.py:154} INFO - [2023-11-22T21:04:06.672+0000] {dagbag.py:536} INFO - Filling up the DagBag from /home/airflow/.local/lib/python3.8/site-packages/airflow/example_dags/example_skip_dag.py
[2023-11-22T21:04:06.679+0000] {processor.py:839} INFO - DAG(s) dict_keys(['example_skip_dag']) retrieved from /home/airflow/.local/lib/python3.8/site-packages/airflow/example_dags/example_skip_dag.py
[2023-11-22T21:04:06.707+0000] {logging_mixin.py:154} INFO - [2023-11-22T21:04:06.706+0000] {dag.py:2941} INFO - Sync 1 DAGs
[2023-11-22T21:04:06.730+0000] {logging_mixin.py:154} INFO - [2023-11-22T21:04:06.730+0000] {dag.py:3722} INFO - Setting next_dagrun for example_skip_dag to 2023-11-21T21:04:06.729830+00:00, run_after=2023-11-22T21:04:06.729830+00:00
[2023-11-22T21:04:06.745+0000] {processor.py:179} INFO - Processing /home/airflow/.local/lib/python3.8/site-packages/airflow/example_dags/example_skip_dag.py took 0.079 seconds
[2023-11-22T21:04:37.274+0000] {processor.py:157} INFO - Started process (PID=13370) to work on /home/airflow/.local/lib/python3.8/site-packages/airflow/example_dags/example_skip_dag.py
[2023-11-22T21:04:37.275+0000] {processor.py:829} INFO - Processing file /home/airflow/.local/lib/python3.8/site-packages/airflow/example_dags/example_skip_dag.py for tasks to queue
[2023-11-22T21:04:37.276+0000] {logging_mixin.py:154} INFO - [2023-11-22T21:04:37.276+0000] {dagbag.py:536} INFO - Filling up the DagBag from /home/airflow/.local/lib/python3.8/site-packages/airflow/example_dags/example_skip_dag.py
[2023-11-22T21:04:37.283+0000] {processor.py:839} INFO - DAG(s) dict_keys(['example_skip_dag']) retrieved from /home/airflow/.local/lib/python3.8/site-packages/airflow/example_dags/example_skip_dag.py
[2023-11-22T21:04:37.308+0000] {logging_mixin.py:154} INFO - [2023-11-22T21:04:37.308+0000] {dag.py:2941} INFO - Sync 1 DAGs
[2023-11-22T21:04:37.326+0000] {logging_mixin.py:154} INFO - [2023-11-22T21:04:37.326+0000] {dag.py:3722} INFO - Setting next_dagrun for example_skip_dag to 2023-11-21T21:04:37.326219+00:00, run_after=2023-11-22T21:04:37.326219+00:00
[2023-11-22T21:04:37.340+0000] {processor.py:179} INFO - Processing /home/airflow/.local/lib/python3.8/site-packages/airflow/example_dags/example_skip_dag.py took 0.069 seconds
[2023-11-22T21:05:07.784+0000] {processor.py:157} INFO - Started process (PID=13608) to work on /home/airflow/.local/lib/python3.8/site-packages/airflow/example_dags/example_skip_dag.py
[2023-11-22T21:05:07.785+0000] {processor.py:829} INFO - Processing file /home/airflow/.local/lib/python3.8/site-packages/airflow/example_dags/example_skip_dag.py for tasks to queue
[2023-11-22T21:05:07.786+0000] {logging_mixin.py:154} INFO - [2023-11-22T21:05:07.785+0000] {dagbag.py:536} INFO - Filling up the DagBag from /home/airflow/.local/lib/python3.8/site-packages/airflow/example_dags/example_skip_dag.py
[2023-11-22T21:05:07.792+0000] {processor.py:839} INFO - DAG(s) dict_keys(['example_skip_dag']) retrieved from /home/airflow/.local/lib/python3.8/site-packages/airflow/example_dags/example_skip_dag.py
[2023-11-22T21:05:07.814+0000] {logging_mixin.py:154} INFO - [2023-11-22T21:05:07.814+0000] {dag.py:2941} INFO - Sync 1 DAGs
[2023-11-22T21:05:07.834+0000] {logging_mixin.py:154} INFO - [2023-11-22T21:05:07.834+0000] {dag.py:3722} INFO - Setting next_dagrun for example_skip_dag to 2023-11-21T21:05:07.834184+00:00, run_after=2023-11-22T21:05:07.834184+00:00
[2023-11-22T21:05:07.848+0000] {processor.py:179} INFO - Processing /home/airflow/.local/lib/python3.8/site-packages/airflow/example_dags/example_skip_dag.py took 0.067 seconds
[2023-11-22T21:05:38.482+0000] {processor.py:157} INFO - Started process (PID=13847) to work on /home/airflow/.local/lib/python3.8/site-packages/airflow/example_dags/example_skip_dag.py
[2023-11-22T21:05:38.483+0000] {processor.py:829} INFO - Processing file /home/airflow/.local/lib/python3.8/site-packages/airflow/example_dags/example_skip_dag.py for tasks to queue
[2023-11-22T21:05:38.484+0000] {logging_mixin.py:154} INFO - [2023-11-22T21:05:38.483+0000] {dagbag.py:536} INFO - Filling up the DagBag from /home/airflow/.local/lib/python3.8/site-packages/airflow/example_dags/example_skip_dag.py
[2023-11-22T21:05:38.491+0000] {processor.py:839} INFO - DAG(s) dict_keys(['example_skip_dag']) retrieved from /home/airflow/.local/lib/python3.8/site-packages/airflow/example_dags/example_skip_dag.py
[2023-11-22T21:05:38.512+0000] {logging_mixin.py:154} INFO - [2023-11-22T21:05:38.512+0000] {dag.py:2941} INFO - Sync 1 DAGs
[2023-11-22T21:05:38.529+0000] {logging_mixin.py:154} INFO - [2023-11-22T21:05:38.529+0000] {dag.py:3722} INFO - Setting next_dagrun for example_skip_dag to 2023-11-21T21:05:38.529421+00:00, run_after=2023-11-22T21:05:38.529421+00:00
[2023-11-22T21:05:38.543+0000] {processor.py:179} INFO - Processing /home/airflow/.local/lib/python3.8/site-packages/airflow/example_dags/example_skip_dag.py took 0.064 seconds
[2023-11-22T21:06:08.647+0000] {processor.py:157} INFO - Started process (PID=14085) to work on /home/airflow/.local/lib/python3.8/site-packages/airflow/example_dags/example_skip_dag.py
[2023-11-22T21:06:08.648+0000] {processor.py:829} INFO - Processing file /home/airflow/.local/lib/python3.8/site-packages/airflow/example_dags/example_skip_dag.py for tasks to queue
[2023-11-22T21:06:08.649+0000] {logging_mixin.py:154} INFO - [2023-11-22T21:06:08.649+0000] {dagbag.py:536} INFO - Filling up the DagBag from /home/airflow/.local/lib/python3.8/site-packages/airflow/example_dags/example_skip_dag.py
[2023-11-22T21:06:08.656+0000] {processor.py:839} INFO - DAG(s) dict_keys(['example_skip_dag']) retrieved from /home/airflow/.local/lib/python3.8/site-packages/airflow/example_dags/example_skip_dag.py
[2023-11-22T21:06:08.677+0000] {logging_mixin.py:154} INFO - [2023-11-22T21:06:08.677+0000] {dag.py:2941} INFO - Sync 1 DAGs
[2023-11-22T21:06:08.694+0000] {logging_mixin.py:154} INFO - [2023-11-22T21:06:08.693+0000] {dag.py:3722} INFO - Setting next_dagrun for example_skip_dag to 2023-11-21T21:06:08.693727+00:00, run_after=2023-11-22T21:06:08.693727+00:00
[2023-11-22T21:06:08.706+0000] {processor.py:179} INFO - Processing /home/airflow/.local/lib/python3.8/site-packages/airflow/example_dags/example_skip_dag.py took 0.062 seconds
[2023-11-22T21:06:39.718+0000] {processor.py:157} INFO - Started process (PID=14321) to work on /home/airflow/.local/lib/python3.8/site-packages/airflow/example_dags/example_skip_dag.py
[2023-11-22T21:06:39.719+0000] {processor.py:829} INFO - Processing file /home/airflow/.local/lib/python3.8/site-packages/airflow/example_dags/example_skip_dag.py for tasks to queue
[2023-11-22T21:06:39.720+0000] {logging_mixin.py:154} INFO - [2023-11-22T21:06:39.720+0000] {dagbag.py:536} INFO - Filling up the DagBag from /home/airflow/.local/lib/python3.8/site-packages/airflow/example_dags/example_skip_dag.py
[2023-11-22T21:06:39.726+0000] {processor.py:839} INFO - DAG(s) dict_keys(['example_skip_dag']) retrieved from /home/airflow/.local/lib/python3.8/site-packages/airflow/example_dags/example_skip_dag.py
[2023-11-22T21:06:39.748+0000] {logging_mixin.py:154} INFO - [2023-11-22T21:06:39.748+0000] {dag.py:2941} INFO - Sync 1 DAGs
[2023-11-22T21:06:39.765+0000] {logging_mixin.py:154} INFO - [2023-11-22T21:06:39.765+0000] {dag.py:3722} INFO - Setting next_dagrun for example_skip_dag to 2023-11-21T21:06:39.765388+00:00, run_after=2023-11-22T21:06:39.765388+00:00
[2023-11-22T21:06:39.778+0000] {processor.py:179} INFO - Processing /home/airflow/.local/lib/python3.8/site-packages/airflow/example_dags/example_skip_dag.py took 0.063 seconds
[2023-11-22T21:07:10.662+0000] {processor.py:157} INFO - Started process (PID=14561) to work on /home/airflow/.local/lib/python3.8/site-packages/airflow/example_dags/example_skip_dag.py
[2023-11-22T21:07:10.663+0000] {processor.py:829} INFO - Processing file /home/airflow/.local/lib/python3.8/site-packages/airflow/example_dags/example_skip_dag.py for tasks to queue
[2023-11-22T21:07:10.664+0000] {logging_mixin.py:154} INFO - [2023-11-22T21:07:10.663+0000] {dagbag.py:536} INFO - Filling up the DagBag from /home/airflow/.local/lib/python3.8/site-packages/airflow/example_dags/example_skip_dag.py
[2023-11-22T21:07:10.672+0000] {processor.py:839} INFO - DAG(s) dict_keys(['example_skip_dag']) retrieved from /home/airflow/.local/lib/python3.8/site-packages/airflow/example_dags/example_skip_dag.py
[2023-11-22T21:07:10.701+0000] {logging_mixin.py:154} INFO - [2023-11-22T21:07:10.701+0000] {dag.py:2941} INFO - Sync 1 DAGs
[2023-11-22T21:07:10.726+0000] {logging_mixin.py:154} INFO - [2023-11-22T21:07:10.726+0000] {dag.py:3722} INFO - Setting next_dagrun for example_skip_dag to 2023-11-21T21:07:10.725800+00:00, run_after=2023-11-22T21:07:10.725800+00:00
[2023-11-22T21:07:10.747+0000] {processor.py:179} INFO - Processing /home/airflow/.local/lib/python3.8/site-packages/airflow/example_dags/example_skip_dag.py took 0.088 seconds
[2023-11-22T21:07:40.904+0000] {processor.py:157} INFO - Started process (PID=14799) to work on /home/airflow/.local/lib/python3.8/site-packages/airflow/example_dags/example_skip_dag.py
[2023-11-22T21:07:40.905+0000] {processor.py:829} INFO - Processing file /home/airflow/.local/lib/python3.8/site-packages/airflow/example_dags/example_skip_dag.py for tasks to queue
[2023-11-22T21:07:40.906+0000] {logging_mixin.py:154} INFO - [2023-11-22T21:07:40.906+0000] {dagbag.py:536} INFO - Filling up the DagBag from /home/airflow/.local/lib/python3.8/site-packages/airflow/example_dags/example_skip_dag.py
[2023-11-22T21:07:40.912+0000] {processor.py:839} INFO - DAG(s) dict_keys(['example_skip_dag']) retrieved from /home/airflow/.local/lib/python3.8/site-packages/airflow/example_dags/example_skip_dag.py
[2023-11-22T21:07:40.934+0000] {logging_mixin.py:154} INFO - [2023-11-22T21:07:40.933+0000] {dag.py:2941} INFO - Sync 1 DAGs
[2023-11-22T21:07:40.950+0000] {logging_mixin.py:154} INFO - [2023-11-22T21:07:40.950+0000] {dag.py:3722} INFO - Setting next_dagrun for example_skip_dag to 2023-11-21T21:07:40.949938+00:00, run_after=2023-11-22T21:07:40.949938+00:00
[2023-11-22T21:07:40.962+0000] {processor.py:179} INFO - Processing /home/airflow/.local/lib/python3.8/site-packages/airflow/example_dags/example_skip_dag.py took 0.061 seconds
[2023-11-22T21:08:11.686+0000] {processor.py:157} INFO - Started process (PID=15037) to work on /home/airflow/.local/lib/python3.8/site-packages/airflow/example_dags/example_skip_dag.py
[2023-11-22T21:08:11.687+0000] {processor.py:829} INFO - Processing file /home/airflow/.local/lib/python3.8/site-packages/airflow/example_dags/example_skip_dag.py for tasks to queue
[2023-11-22T21:08:11.688+0000] {logging_mixin.py:154} INFO - [2023-11-22T21:08:11.687+0000] {dagbag.py:536} INFO - Filling up the DagBag from /home/airflow/.local/lib/python3.8/site-packages/airflow/example_dags/example_skip_dag.py
[2023-11-22T21:08:11.694+0000] {processor.py:839} INFO - DAG(s) dict_keys(['example_skip_dag']) retrieved from /home/airflow/.local/lib/python3.8/site-packages/airflow/example_dags/example_skip_dag.py
[2023-11-22T21:08:11.715+0000] {logging_mixin.py:154} INFO - [2023-11-22T21:08:11.715+0000] {dag.py:2941} INFO - Sync 1 DAGs
[2023-11-22T21:08:11.731+0000] {logging_mixin.py:154} INFO - [2023-11-22T21:08:11.731+0000] {dag.py:3722} INFO - Setting next_dagrun for example_skip_dag to 2023-11-21T21:08:11.731459+00:00, run_after=2023-11-22T21:08:11.731459+00:00
[2023-11-22T21:08:11.744+0000] {processor.py:179} INFO - Processing /home/airflow/.local/lib/python3.8/site-packages/airflow/example_dags/example_skip_dag.py took 0.061 seconds
[2023-11-22T21:08:42.696+0000] {processor.py:157} INFO - Started process (PID=15275) to work on /home/airflow/.local/lib/python3.8/site-packages/airflow/example_dags/example_skip_dag.py
[2023-11-22T21:08:42.697+0000] {processor.py:829} INFO - Processing file /home/airflow/.local/lib/python3.8/site-packages/airflow/example_dags/example_skip_dag.py for tasks to queue
[2023-11-22T21:08:42.698+0000] {logging_mixin.py:154} INFO - [2023-11-22T21:08:42.698+0000] {dagbag.py:536} INFO - Filling up the DagBag from /home/airflow/.local/lib/python3.8/site-packages/airflow/example_dags/example_skip_dag.py
[2023-11-22T21:08:42.707+0000] {processor.py:839} INFO - DAG(s) dict_keys(['example_skip_dag']) retrieved from /home/airflow/.local/lib/python3.8/site-packages/airflow/example_dags/example_skip_dag.py
[2023-11-22T21:08:42.736+0000] {logging_mixin.py:154} INFO - [2023-11-22T21:08:42.736+0000] {dag.py:2941} INFO - Sync 1 DAGs
[2023-11-22T21:08:42.756+0000] {logging_mixin.py:154} INFO - [2023-11-22T21:08:42.756+0000] {dag.py:3722} INFO - Setting next_dagrun for example_skip_dag to 2023-11-21T21:08:42.756520+00:00, run_after=2023-11-22T21:08:42.756520+00:00
[2023-11-22T21:08:42.772+0000] {processor.py:179} INFO - Processing /home/airflow/.local/lib/python3.8/site-packages/airflow/example_dags/example_skip_dag.py took 0.080 seconds
[2023-11-22T21:09:42.543+0000] {processor.py:157} INFO - Started process (PID=272) to work on /home/airflow/.local/lib/python3.8/site-packages/airflow/example_dags/example_skip_dag.py
[2023-11-22T21:09:42.545+0000] {processor.py:829} INFO - Processing file /home/airflow/.local/lib/python3.8/site-packages/airflow/example_dags/example_skip_dag.py for tasks to queue
[2023-11-22T21:09:42.547+0000] {logging_mixin.py:154} INFO - [2023-11-22T21:09:42.546+0000] {dagbag.py:536} INFO - Filling up the DagBag from /home/airflow/.local/lib/python3.8/site-packages/airflow/example_dags/example_skip_dag.py
[2023-11-22T21:09:42.589+0000] {processor.py:839} INFO - DAG(s) dict_keys(['example_skip_dag']) retrieved from /home/airflow/.local/lib/python3.8/site-packages/airflow/example_dags/example_skip_dag.py
[2023-11-22T21:09:42.613+0000] {logging_mixin.py:154} INFO - [2023-11-22T21:09:42.612+0000] {dag.py:2941} INFO - Sync 1 DAGs
[2023-11-22T21:09:42.645+0000] {logging_mixin.py:154} INFO - [2023-11-22T21:09:42.645+0000] {dag.py:3722} INFO - Setting next_dagrun for example_skip_dag to 2023-11-21T21:09:42.644690+00:00, run_after=2023-11-22T21:09:42.644690+00:00
[2023-11-22T21:09:42.670+0000] {processor.py:179} INFO - Processing /home/airflow/.local/lib/python3.8/site-packages/airflow/example_dags/example_skip_dag.py took 0.132 seconds
[2023-11-22T21:10:13.045+0000] {processor.py:157} INFO - Started process (PID=513) to work on /home/airflow/.local/lib/python3.8/site-packages/airflow/example_dags/example_skip_dag.py
[2023-11-22T21:10:13.046+0000] {processor.py:829} INFO - Processing file /home/airflow/.local/lib/python3.8/site-packages/airflow/example_dags/example_skip_dag.py for tasks to queue
[2023-11-22T21:10:13.046+0000] {logging_mixin.py:154} INFO - [2023-11-22T21:10:13.046+0000] {dagbag.py:536} INFO - Filling up the DagBag from /home/airflow/.local/lib/python3.8/site-packages/airflow/example_dags/example_skip_dag.py
[2023-11-22T21:10:13.053+0000] {processor.py:839} INFO - DAG(s) dict_keys(['example_skip_dag']) retrieved from /home/airflow/.local/lib/python3.8/site-packages/airflow/example_dags/example_skip_dag.py
[2023-11-22T21:10:13.074+0000] {logging_mixin.py:154} INFO - [2023-11-22T21:10:13.074+0000] {dag.py:2941} INFO - Sync 1 DAGs
[2023-11-22T21:10:13.092+0000] {logging_mixin.py:154} INFO - [2023-11-22T21:10:13.091+0000] {dag.py:3722} INFO - Setting next_dagrun for example_skip_dag to 2023-11-21T21:10:13.091700+00:00, run_after=2023-11-22T21:10:13.091700+00:00
[2023-11-22T21:10:13.104+0000] {processor.py:179} INFO - Processing /home/airflow/.local/lib/python3.8/site-packages/airflow/example_dags/example_skip_dag.py took 0.063 seconds
