[2023-11-22T19:30:04.357+0000] {processor.py:157} INFO - Started process (PID=198) to work on /home/airflow/.local/lib/python3.8/site-packages/airflow/example_dags/example_xcomargs.py
[2023-11-22T19:30:04.359+0000] {processor.py:829} INFO - Processing file /home/airflow/.local/lib/python3.8/site-packages/airflow/example_dags/example_xcomargs.py for tasks to queue
[2023-11-22T19:30:04.360+0000] {logging_mixin.py:154} INFO - [2023-11-22T19:30:04.360+0000] {dagbag.py:536} INFO - Filling up the DagBag from /home/airflow/.local/lib/python3.8/site-packages/airflow/example_dags/example_xcomargs.py
[2023-11-22T19:30:04.377+0000] {processor.py:839} INFO - DAG(s) dict_keys(['example_xcom_args_with_operators', 'example_xcom_args']) retrieved from /home/airflow/.local/lib/python3.8/site-packages/airflow/example_dags/example_xcomargs.py
[2023-11-22T19:30:04.406+0000] {logging_mixin.py:154} INFO - [2023-11-22T19:30:04.406+0000] {dag.py:2941} INFO - Sync 2 DAGs
[2023-11-22T19:30:04.424+0000] {logging_mixin.py:154} INFO - [2023-11-22T19:30:04.424+0000] {dag.py:3722} INFO - Setting next_dagrun for example_xcom_args to None, run_after=None
[2023-11-22T19:30:04.435+0000] {logging_mixin.py:154} INFO - [2023-11-22T19:30:04.435+0000] {dag.py:3722} INFO - Setting next_dagrun for example_xcom_args_with_operators to None, run_after=None
[2023-11-22T19:30:04.460+0000] {processor.py:179} INFO - Processing /home/airflow/.local/lib/python3.8/site-packages/airflow/example_dags/example_xcomargs.py took 0.107 seconds
[2023-11-22T19:30:34.750+0000] {processor.py:157} INFO - Started process (PID=437) to work on /home/airflow/.local/lib/python3.8/site-packages/airflow/example_dags/example_xcomargs.py
[2023-11-22T19:30:34.751+0000] {processor.py:829} INFO - Processing file /home/airflow/.local/lib/python3.8/site-packages/airflow/example_dags/example_xcomargs.py for tasks to queue
[2023-11-22T19:30:34.752+0000] {logging_mixin.py:154} INFO - [2023-11-22T19:30:34.751+0000] {dagbag.py:536} INFO - Filling up the DagBag from /home/airflow/.local/lib/python3.8/site-packages/airflow/example_dags/example_xcomargs.py
[2023-11-22T19:30:34.758+0000] {processor.py:839} INFO - DAG(s) dict_keys(['example_xcom_args', 'example_xcom_args_with_operators']) retrieved from /home/airflow/.local/lib/python3.8/site-packages/airflow/example_dags/example_xcomargs.py
[2023-11-22T19:30:34.781+0000] {logging_mixin.py:154} INFO - [2023-11-22T19:30:34.781+0000] {dag.py:2941} INFO - Sync 2 DAGs
[2023-11-22T19:30:34.792+0000] {logging_mixin.py:154} INFO - [2023-11-22T19:30:34.791+0000] {dag.py:3722} INFO - Setting next_dagrun for example_xcom_args to None, run_after=None
[2023-11-22T19:30:34.794+0000] {logging_mixin.py:154} INFO - [2023-11-22T19:30:34.794+0000] {dag.py:3722} INFO - Setting next_dagrun for example_xcom_args_with_operators to None, run_after=None
[2023-11-22T19:30:34.804+0000] {processor.py:179} INFO - Processing /home/airflow/.local/lib/python3.8/site-packages/airflow/example_dags/example_xcomargs.py took 0.057 seconds
[2023-11-22T19:31:05.439+0000] {processor.py:157} INFO - Started process (PID=675) to work on /home/airflow/.local/lib/python3.8/site-packages/airflow/example_dags/example_xcomargs.py
[2023-11-22T19:31:05.440+0000] {processor.py:829} INFO - Processing file /home/airflow/.local/lib/python3.8/site-packages/airflow/example_dags/example_xcomargs.py for tasks to queue
[2023-11-22T19:31:05.440+0000] {logging_mixin.py:154} INFO - [2023-11-22T19:31:05.440+0000] {dagbag.py:536} INFO - Filling up the DagBag from /home/airflow/.local/lib/python3.8/site-packages/airflow/example_dags/example_xcomargs.py
[2023-11-22T19:31:05.447+0000] {processor.py:839} INFO - DAG(s) dict_keys(['example_xcom_args', 'example_xcom_args_with_operators']) retrieved from /home/airflow/.local/lib/python3.8/site-packages/airflow/example_dags/example_xcomargs.py
[2023-11-22T19:31:05.470+0000] {logging_mixin.py:154} INFO - [2023-11-22T19:31:05.470+0000] {dag.py:2941} INFO - Sync 2 DAGs
[2023-11-22T19:31:05.480+0000] {logging_mixin.py:154} INFO - [2023-11-22T19:31:05.480+0000] {dag.py:3722} INFO - Setting next_dagrun for example_xcom_args to None, run_after=None
[2023-11-22T19:31:05.482+0000] {logging_mixin.py:154} INFO - [2023-11-22T19:31:05.482+0000] {dag.py:3722} INFO - Setting next_dagrun for example_xcom_args_with_operators to None, run_after=None
[2023-11-22T19:31:05.493+0000] {processor.py:179} INFO - Processing /home/airflow/.local/lib/python3.8/site-packages/airflow/example_dags/example_xcomargs.py took 0.057 seconds
[2023-11-22T19:31:35.900+0000] {processor.py:157} INFO - Started process (PID=911) to work on /home/airflow/.local/lib/python3.8/site-packages/airflow/example_dags/example_xcomargs.py
[2023-11-22T19:31:35.901+0000] {processor.py:829} INFO - Processing file /home/airflow/.local/lib/python3.8/site-packages/airflow/example_dags/example_xcomargs.py for tasks to queue
[2023-11-22T19:31:35.902+0000] {logging_mixin.py:154} INFO - [2023-11-22T19:31:35.902+0000] {dagbag.py:536} INFO - Filling up the DagBag from /home/airflow/.local/lib/python3.8/site-packages/airflow/example_dags/example_xcomargs.py
[2023-11-22T19:31:35.909+0000] {processor.py:839} INFO - DAG(s) dict_keys(['example_xcom_args', 'example_xcom_args_with_operators']) retrieved from /home/airflow/.local/lib/python3.8/site-packages/airflow/example_dags/example_xcomargs.py
[2023-11-22T19:31:35.932+0000] {logging_mixin.py:154} INFO - [2023-11-22T19:31:35.932+0000] {dag.py:2941} INFO - Sync 2 DAGs
[2023-11-22T19:31:35.942+0000] {logging_mixin.py:154} INFO - [2023-11-22T19:31:35.942+0000] {dag.py:3722} INFO - Setting next_dagrun for example_xcom_args to None, run_after=None
[2023-11-22T19:31:35.945+0000] {logging_mixin.py:154} INFO - [2023-11-22T19:31:35.945+0000] {dag.py:3722} INFO - Setting next_dagrun for example_xcom_args_with_operators to None, run_after=None
[2023-11-22T19:31:35.956+0000] {processor.py:179} INFO - Processing /home/airflow/.local/lib/python3.8/site-packages/airflow/example_dags/example_xcomargs.py took 0.059 seconds
[2023-11-22T19:32:06.271+0000] {processor.py:157} INFO - Started process (PID=1151) to work on /home/airflow/.local/lib/python3.8/site-packages/airflow/example_dags/example_xcomargs.py
[2023-11-22T19:32:06.272+0000] {processor.py:829} INFO - Processing file /home/airflow/.local/lib/python3.8/site-packages/airflow/example_dags/example_xcomargs.py for tasks to queue
[2023-11-22T19:32:06.273+0000] {logging_mixin.py:154} INFO - [2023-11-22T19:32:06.273+0000] {dagbag.py:536} INFO - Filling up the DagBag from /home/airflow/.local/lib/python3.8/site-packages/airflow/example_dags/example_xcomargs.py
[2023-11-22T19:32:06.281+0000] {processor.py:839} INFO - DAG(s) dict_keys(['example_xcom_args', 'example_xcom_args_with_operators']) retrieved from /home/airflow/.local/lib/python3.8/site-packages/airflow/example_dags/example_xcomargs.py
[2023-11-22T19:32:06.305+0000] {logging_mixin.py:154} INFO - [2023-11-22T19:32:06.305+0000] {dag.py:2941} INFO - Sync 2 DAGs
[2023-11-22T19:32:06.315+0000] {logging_mixin.py:154} INFO - [2023-11-22T19:32:06.315+0000] {dag.py:3722} INFO - Setting next_dagrun for example_xcom_args to None, run_after=None
[2023-11-22T19:32:06.318+0000] {logging_mixin.py:154} INFO - [2023-11-22T19:32:06.318+0000] {dag.py:3722} INFO - Setting next_dagrun for example_xcom_args_with_operators to None, run_after=None
[2023-11-22T19:32:06.331+0000] {processor.py:179} INFO - Processing /home/airflow/.local/lib/python3.8/site-packages/airflow/example_dags/example_xcomargs.py took 0.063 seconds
[2023-11-22T19:32:36.876+0000] {processor.py:157} INFO - Started process (PID=1387) to work on /home/airflow/.local/lib/python3.8/site-packages/airflow/example_dags/example_xcomargs.py
[2023-11-22T19:32:36.878+0000] {processor.py:829} INFO - Processing file /home/airflow/.local/lib/python3.8/site-packages/airflow/example_dags/example_xcomargs.py for tasks to queue
[2023-11-22T19:32:36.879+0000] {logging_mixin.py:154} INFO - [2023-11-22T19:32:36.879+0000] {dagbag.py:536} INFO - Filling up the DagBag from /home/airflow/.local/lib/python3.8/site-packages/airflow/example_dags/example_xcomargs.py
[2023-11-22T19:32:36.889+0000] {processor.py:839} INFO - DAG(s) dict_keys(['example_xcom_args_with_operators', 'example_xcom_args']) retrieved from /home/airflow/.local/lib/python3.8/site-packages/airflow/example_dags/example_xcomargs.py
[2023-11-22T19:32:36.925+0000] {logging_mixin.py:154} INFO - [2023-11-22T19:32:36.925+0000] {dag.py:2941} INFO - Sync 2 DAGs
[2023-11-22T19:32:36.949+0000] {logging_mixin.py:154} INFO - [2023-11-22T19:32:36.949+0000] {dag.py:3722} INFO - Setting next_dagrun for example_xcom_args to None, run_after=None
[2023-11-22T19:32:36.953+0000] {logging_mixin.py:154} INFO - [2023-11-22T19:32:36.953+0000] {dag.py:3722} INFO - Setting next_dagrun for example_xcom_args_with_operators to None, run_after=None
[2023-11-22T19:32:36.991+0000] {processor.py:179} INFO - Processing /home/airflow/.local/lib/python3.8/site-packages/airflow/example_dags/example_xcomargs.py took 0.119 seconds
[2023-11-22T19:33:07.954+0000] {processor.py:157} INFO - Started process (PID=1625) to work on /home/airflow/.local/lib/python3.8/site-packages/airflow/example_dags/example_xcomargs.py
[2023-11-22T19:33:07.955+0000] {processor.py:829} INFO - Processing file /home/airflow/.local/lib/python3.8/site-packages/airflow/example_dags/example_xcomargs.py for tasks to queue
[2023-11-22T19:33:07.956+0000] {logging_mixin.py:154} INFO - [2023-11-22T19:33:07.956+0000] {dagbag.py:536} INFO - Filling up the DagBag from /home/airflow/.local/lib/python3.8/site-packages/airflow/example_dags/example_xcomargs.py
[2023-11-22T19:33:07.965+0000] {processor.py:839} INFO - DAG(s) dict_keys(['example_xcom_args', 'example_xcom_args_with_operators']) retrieved from /home/airflow/.local/lib/python3.8/site-packages/airflow/example_dags/example_xcomargs.py
[2023-11-22T19:33:07.991+0000] {logging_mixin.py:154} INFO - [2023-11-22T19:33:07.991+0000] {dag.py:2941} INFO - Sync 2 DAGs
[2023-11-22T19:33:08.003+0000] {logging_mixin.py:154} INFO - [2023-11-22T19:33:08.003+0000] {dag.py:3722} INFO - Setting next_dagrun for example_xcom_args to None, run_after=None
[2023-11-22T19:33:08.006+0000] {logging_mixin.py:154} INFO - [2023-11-22T19:33:08.006+0000] {dag.py:3722} INFO - Setting next_dagrun for example_xcom_args_with_operators to None, run_after=None
[2023-11-22T19:33:08.021+0000] {processor.py:179} INFO - Processing /home/airflow/.local/lib/python3.8/site-packages/airflow/example_dags/example_xcomargs.py took 0.072 seconds
[2023-11-22T19:33:38.345+0000] {processor.py:157} INFO - Started process (PID=1863) to work on /home/airflow/.local/lib/python3.8/site-packages/airflow/example_dags/example_xcomargs.py
[2023-11-22T19:33:38.346+0000] {processor.py:829} INFO - Processing file /home/airflow/.local/lib/python3.8/site-packages/airflow/example_dags/example_xcomargs.py for tasks to queue
[2023-11-22T19:33:38.348+0000] {logging_mixin.py:154} INFO - [2023-11-22T19:33:38.347+0000] {dagbag.py:536} INFO - Filling up the DagBag from /home/airflow/.local/lib/python3.8/site-packages/airflow/example_dags/example_xcomargs.py
[2023-11-22T19:33:38.357+0000] {processor.py:839} INFO - DAG(s) dict_keys(['example_xcom_args', 'example_xcom_args_with_operators']) retrieved from /home/airflow/.local/lib/python3.8/site-packages/airflow/example_dags/example_xcomargs.py
[2023-11-22T19:33:38.381+0000] {logging_mixin.py:154} INFO - [2023-11-22T19:33:38.381+0000] {dag.py:2941} INFO - Sync 2 DAGs
[2023-11-22T19:33:38.391+0000] {logging_mixin.py:154} INFO - [2023-11-22T19:33:38.391+0000] {dag.py:3722} INFO - Setting next_dagrun for example_xcom_args to None, run_after=None
[2023-11-22T19:33:38.394+0000] {logging_mixin.py:154} INFO - [2023-11-22T19:33:38.394+0000] {dag.py:3722} INFO - Setting next_dagrun for example_xcom_args_with_operators to None, run_after=None
[2023-11-22T19:33:38.410+0000] {processor.py:179} INFO - Processing /home/airflow/.local/lib/python3.8/site-packages/airflow/example_dags/example_xcomargs.py took 0.070 seconds
[2023-11-22T19:34:09.032+0000] {processor.py:157} INFO - Started process (PID=2101) to work on /home/airflow/.local/lib/python3.8/site-packages/airflow/example_dags/example_xcomargs.py
[2023-11-22T19:34:09.033+0000] {processor.py:829} INFO - Processing file /home/airflow/.local/lib/python3.8/site-packages/airflow/example_dags/example_xcomargs.py for tasks to queue
[2023-11-22T19:34:09.034+0000] {logging_mixin.py:154} INFO - [2023-11-22T19:34:09.034+0000] {dagbag.py:536} INFO - Filling up the DagBag from /home/airflow/.local/lib/python3.8/site-packages/airflow/example_dags/example_xcomargs.py
[2023-11-22T19:34:09.043+0000] {processor.py:839} INFO - DAG(s) dict_keys(['example_xcom_args', 'example_xcom_args_with_operators']) retrieved from /home/airflow/.local/lib/python3.8/site-packages/airflow/example_dags/example_xcomargs.py
[2023-11-22T19:34:09.080+0000] {logging_mixin.py:154} INFO - [2023-11-22T19:34:09.079+0000] {dag.py:2941} INFO - Sync 2 DAGs
[2023-11-22T19:34:09.091+0000] {logging_mixin.py:154} INFO - [2023-11-22T19:34:09.091+0000] {dag.py:3722} INFO - Setting next_dagrun for example_xcom_args to None, run_after=None
[2023-11-22T19:34:09.094+0000] {logging_mixin.py:154} INFO - [2023-11-22T19:34:09.094+0000] {dag.py:3722} INFO - Setting next_dagrun for example_xcom_args_with_operators to None, run_after=None
[2023-11-22T19:34:09.107+0000] {processor.py:179} INFO - Processing /home/airflow/.local/lib/python3.8/site-packages/airflow/example_dags/example_xcomargs.py took 0.079 seconds
[2023-11-22T19:34:39.606+0000] {processor.py:157} INFO - Started process (PID=2339) to work on /home/airflow/.local/lib/python3.8/site-packages/airflow/example_dags/example_xcomargs.py
[2023-11-22T19:34:39.608+0000] {processor.py:829} INFO - Processing file /home/airflow/.local/lib/python3.8/site-packages/airflow/example_dags/example_xcomargs.py for tasks to queue
[2023-11-22T19:34:39.609+0000] {logging_mixin.py:154} INFO - [2023-11-22T19:34:39.608+0000] {dagbag.py:536} INFO - Filling up the DagBag from /home/airflow/.local/lib/python3.8/site-packages/airflow/example_dags/example_xcomargs.py
[2023-11-22T19:34:39.617+0000] {processor.py:839} INFO - DAG(s) dict_keys(['example_xcom_args_with_operators', 'example_xcom_args']) retrieved from /home/airflow/.local/lib/python3.8/site-packages/airflow/example_dags/example_xcomargs.py
[2023-11-22T19:34:39.641+0000] {logging_mixin.py:154} INFO - [2023-11-22T19:34:39.641+0000] {dag.py:2941} INFO - Sync 2 DAGs
[2023-11-22T19:34:39.651+0000] {logging_mixin.py:154} INFO - [2023-11-22T19:34:39.651+0000] {dag.py:3722} INFO - Setting next_dagrun for example_xcom_args to None, run_after=None
[2023-11-22T19:34:39.653+0000] {logging_mixin.py:154} INFO - [2023-11-22T19:34:39.653+0000] {dag.py:3722} INFO - Setting next_dagrun for example_xcom_args_with_operators to None, run_after=None
[2023-11-22T19:34:39.665+0000] {processor.py:179} INFO - Processing /home/airflow/.local/lib/python3.8/site-packages/airflow/example_dags/example_xcomargs.py took 0.063 seconds
[2023-11-22T19:35:09.859+0000] {processor.py:157} INFO - Started process (PID=2577) to work on /home/airflow/.local/lib/python3.8/site-packages/airflow/example_dags/example_xcomargs.py
[2023-11-22T19:35:09.861+0000] {processor.py:829} INFO - Processing file /home/airflow/.local/lib/python3.8/site-packages/airflow/example_dags/example_xcomargs.py for tasks to queue
[2023-11-22T19:35:09.863+0000] {logging_mixin.py:154} INFO - [2023-11-22T19:35:09.862+0000] {dagbag.py:536} INFO - Filling up the DagBag from /home/airflow/.local/lib/python3.8/site-packages/airflow/example_dags/example_xcomargs.py
[2023-11-22T19:35:09.871+0000] {processor.py:839} INFO - DAG(s) dict_keys(['example_xcom_args', 'example_xcom_args_with_operators']) retrieved from /home/airflow/.local/lib/python3.8/site-packages/airflow/example_dags/example_xcomargs.py
[2023-11-22T19:35:09.896+0000] {logging_mixin.py:154} INFO - [2023-11-22T19:35:09.896+0000] {dag.py:2941} INFO - Sync 2 DAGs
[2023-11-22T19:35:09.905+0000] {logging_mixin.py:154} INFO - [2023-11-22T19:35:09.905+0000] {dag.py:3722} INFO - Setting next_dagrun for example_xcom_args to None, run_after=None
[2023-11-22T19:35:09.908+0000] {logging_mixin.py:154} INFO - [2023-11-22T19:35:09.908+0000] {dag.py:3722} INFO - Setting next_dagrun for example_xcom_args_with_operators to None, run_after=None
[2023-11-22T19:35:09.920+0000] {processor.py:179} INFO - Processing /home/airflow/.local/lib/python3.8/site-packages/airflow/example_dags/example_xcomargs.py took 0.066 seconds
[2023-11-22T19:35:40.337+0000] {processor.py:157} INFO - Started process (PID=2815) to work on /home/airflow/.local/lib/python3.8/site-packages/airflow/example_dags/example_xcomargs.py
[2023-11-22T19:35:40.338+0000] {processor.py:829} INFO - Processing file /home/airflow/.local/lib/python3.8/site-packages/airflow/example_dags/example_xcomargs.py for tasks to queue
[2023-11-22T19:35:40.339+0000] {logging_mixin.py:154} INFO - [2023-11-22T19:35:40.338+0000] {dagbag.py:536} INFO - Filling up the DagBag from /home/airflow/.local/lib/python3.8/site-packages/airflow/example_dags/example_xcomargs.py
[2023-11-22T19:35:40.345+0000] {processor.py:839} INFO - DAG(s) dict_keys(['example_xcom_args_with_operators', 'example_xcom_args']) retrieved from /home/airflow/.local/lib/python3.8/site-packages/airflow/example_dags/example_xcomargs.py
[2023-11-22T19:35:40.368+0000] {logging_mixin.py:154} INFO - [2023-11-22T19:35:40.368+0000] {dag.py:2941} INFO - Sync 2 DAGs
[2023-11-22T19:35:40.378+0000] {logging_mixin.py:154} INFO - [2023-11-22T19:35:40.378+0000] {dag.py:3722} INFO - Setting next_dagrun for example_xcom_args to None, run_after=None
[2023-11-22T19:35:40.380+0000] {logging_mixin.py:154} INFO - [2023-11-22T19:35:40.380+0000] {dag.py:3722} INFO - Setting next_dagrun for example_xcom_args_with_operators to None, run_after=None
[2023-11-22T19:35:40.391+0000] {processor.py:179} INFO - Processing /home/airflow/.local/lib/python3.8/site-packages/airflow/example_dags/example_xcomargs.py took 0.058 seconds
[2023-11-22T19:36:10.792+0000] {processor.py:157} INFO - Started process (PID=3053) to work on /home/airflow/.local/lib/python3.8/site-packages/airflow/example_dags/example_xcomargs.py
[2023-11-22T19:36:10.793+0000] {processor.py:829} INFO - Processing file /home/airflow/.local/lib/python3.8/site-packages/airflow/example_dags/example_xcomargs.py for tasks to queue
[2023-11-22T19:36:10.794+0000] {logging_mixin.py:154} INFO - [2023-11-22T19:36:10.794+0000] {dagbag.py:536} INFO - Filling up the DagBag from /home/airflow/.local/lib/python3.8/site-packages/airflow/example_dags/example_xcomargs.py
[2023-11-22T19:36:10.802+0000] {processor.py:839} INFO - DAG(s) dict_keys(['example_xcom_args_with_operators', 'example_xcom_args']) retrieved from /home/airflow/.local/lib/python3.8/site-packages/airflow/example_dags/example_xcomargs.py
[2023-11-22T19:36:10.830+0000] {logging_mixin.py:154} INFO - [2023-11-22T19:36:10.830+0000] {dag.py:2941} INFO - Sync 2 DAGs
[2023-11-22T19:36:10.843+0000] {logging_mixin.py:154} INFO - [2023-11-22T19:36:10.843+0000] {dag.py:3722} INFO - Setting next_dagrun for example_xcom_args to None, run_after=None
[2023-11-22T19:36:10.845+0000] {logging_mixin.py:154} INFO - [2023-11-22T19:36:10.845+0000] {dag.py:3722} INFO - Setting next_dagrun for example_xcom_args_with_operators to None, run_after=None
[2023-11-22T19:36:10.858+0000] {processor.py:179} INFO - Processing /home/airflow/.local/lib/python3.8/site-packages/airflow/example_dags/example_xcomargs.py took 0.070 seconds
[2023-11-22T19:36:41.268+0000] {processor.py:157} INFO - Started process (PID=3291) to work on /home/airflow/.local/lib/python3.8/site-packages/airflow/example_dags/example_xcomargs.py
[2023-11-22T19:36:41.270+0000] {processor.py:829} INFO - Processing file /home/airflow/.local/lib/python3.8/site-packages/airflow/example_dags/example_xcomargs.py for tasks to queue
[2023-11-22T19:36:41.271+0000] {logging_mixin.py:154} INFO - [2023-11-22T19:36:41.271+0000] {dagbag.py:536} INFO - Filling up the DagBag from /home/airflow/.local/lib/python3.8/site-packages/airflow/example_dags/example_xcomargs.py
[2023-11-22T19:36:41.280+0000] {processor.py:839} INFO - DAG(s) dict_keys(['example_xcom_args', 'example_xcom_args_with_operators']) retrieved from /home/airflow/.local/lib/python3.8/site-packages/airflow/example_dags/example_xcomargs.py
[2023-11-22T19:36:41.308+0000] {logging_mixin.py:154} INFO - [2023-11-22T19:36:41.308+0000] {dag.py:2941} INFO - Sync 2 DAGs
[2023-11-22T19:36:41.320+0000] {logging_mixin.py:154} INFO - [2023-11-22T19:36:41.320+0000] {dag.py:3722} INFO - Setting next_dagrun for example_xcom_args to None, run_after=None
[2023-11-22T19:36:41.323+0000] {logging_mixin.py:154} INFO - [2023-11-22T19:36:41.323+0000] {dag.py:3722} INFO - Setting next_dagrun for example_xcom_args_with_operators to None, run_after=None
[2023-11-22T19:36:41.335+0000] {processor.py:179} INFO - Processing /home/airflow/.local/lib/python3.8/site-packages/airflow/example_dags/example_xcomargs.py took 0.071 seconds
[2023-11-22T19:37:11.400+0000] {processor.py:157} INFO - Started process (PID=3529) to work on /home/airflow/.local/lib/python3.8/site-packages/airflow/example_dags/example_xcomargs.py
[2023-11-22T19:37:11.401+0000] {processor.py:829} INFO - Processing file /home/airflow/.local/lib/python3.8/site-packages/airflow/example_dags/example_xcomargs.py for tasks to queue
[2023-11-22T19:37:11.403+0000] {logging_mixin.py:154} INFO - [2023-11-22T19:37:11.402+0000] {dagbag.py:536} INFO - Filling up the DagBag from /home/airflow/.local/lib/python3.8/site-packages/airflow/example_dags/example_xcomargs.py
[2023-11-22T19:37:11.412+0000] {processor.py:839} INFO - DAG(s) dict_keys(['example_xcom_args_with_operators', 'example_xcom_args']) retrieved from /home/airflow/.local/lib/python3.8/site-packages/airflow/example_dags/example_xcomargs.py
[2023-11-22T19:37:11.436+0000] {logging_mixin.py:154} INFO - [2023-11-22T19:37:11.436+0000] {dag.py:2941} INFO - Sync 2 DAGs
[2023-11-22T19:37:11.446+0000] {logging_mixin.py:154} INFO - [2023-11-22T19:37:11.445+0000] {dag.py:3722} INFO - Setting next_dagrun for example_xcom_args to None, run_after=None
[2023-11-22T19:37:11.448+0000] {logging_mixin.py:154} INFO - [2023-11-22T19:37:11.448+0000] {dag.py:3722} INFO - Setting next_dagrun for example_xcom_args_with_operators to None, run_after=None
[2023-11-22T19:37:11.460+0000] {processor.py:179} INFO - Processing /home/airflow/.local/lib/python3.8/site-packages/airflow/example_dags/example_xcomargs.py took 0.065 seconds
[2023-11-22T19:37:41.629+0000] {processor.py:157} INFO - Started process (PID=3767) to work on /home/airflow/.local/lib/python3.8/site-packages/airflow/example_dags/example_xcomargs.py
[2023-11-22T19:37:41.630+0000] {processor.py:829} INFO - Processing file /home/airflow/.local/lib/python3.8/site-packages/airflow/example_dags/example_xcomargs.py for tasks to queue
[2023-11-22T19:37:41.632+0000] {logging_mixin.py:154} INFO - [2023-11-22T19:37:41.631+0000] {dagbag.py:536} INFO - Filling up the DagBag from /home/airflow/.local/lib/python3.8/site-packages/airflow/example_dags/example_xcomargs.py
[2023-11-22T19:37:41.641+0000] {processor.py:839} INFO - DAG(s) dict_keys(['example_xcom_args_with_operators', 'example_xcom_args']) retrieved from /home/airflow/.local/lib/python3.8/site-packages/airflow/example_dags/example_xcomargs.py
[2023-11-22T19:37:41.665+0000] {logging_mixin.py:154} INFO - [2023-11-22T19:37:41.665+0000] {dag.py:2941} INFO - Sync 2 DAGs
[2023-11-22T19:37:41.674+0000] {logging_mixin.py:154} INFO - [2023-11-22T19:37:41.674+0000] {dag.py:3722} INFO - Setting next_dagrun for example_xcom_args to None, run_after=None
[2023-11-22T19:37:41.677+0000] {logging_mixin.py:154} INFO - [2023-11-22T19:37:41.676+0000] {dag.py:3722} INFO - Setting next_dagrun for example_xcom_args_with_operators to None, run_after=None
[2023-11-22T19:37:41.688+0000] {processor.py:179} INFO - Processing /home/airflow/.local/lib/python3.8/site-packages/airflow/example_dags/example_xcomargs.py took 0.064 seconds
[2023-11-22T19:38:11.880+0000] {processor.py:157} INFO - Started process (PID=4005) to work on /home/airflow/.local/lib/python3.8/site-packages/airflow/example_dags/example_xcomargs.py
[2023-11-22T19:38:11.881+0000] {processor.py:829} INFO - Processing file /home/airflow/.local/lib/python3.8/site-packages/airflow/example_dags/example_xcomargs.py for tasks to queue
[2023-11-22T19:38:11.883+0000] {logging_mixin.py:154} INFO - [2023-11-22T19:38:11.882+0000] {dagbag.py:536} INFO - Filling up the DagBag from /home/airflow/.local/lib/python3.8/site-packages/airflow/example_dags/example_xcomargs.py
[2023-11-22T19:38:11.892+0000] {processor.py:839} INFO - DAG(s) dict_keys(['example_xcom_args_with_operators', 'example_xcom_args']) retrieved from /home/airflow/.local/lib/python3.8/site-packages/airflow/example_dags/example_xcomargs.py
[2023-11-22T19:38:11.916+0000] {logging_mixin.py:154} INFO - [2023-11-22T19:38:11.916+0000] {dag.py:2941} INFO - Sync 2 DAGs
[2023-11-22T19:38:11.926+0000] {logging_mixin.py:154} INFO - [2023-11-22T19:38:11.926+0000] {dag.py:3722} INFO - Setting next_dagrun for example_xcom_args to None, run_after=None
[2023-11-22T19:38:11.929+0000] {logging_mixin.py:154} INFO - [2023-11-22T19:38:11.929+0000] {dag.py:3722} INFO - Setting next_dagrun for example_xcom_args_with_operators to None, run_after=None
[2023-11-22T19:38:11.941+0000] {processor.py:179} INFO - Processing /home/airflow/.local/lib/python3.8/site-packages/airflow/example_dags/example_xcomargs.py took 0.066 seconds
[2023-11-22T19:38:42.286+0000] {processor.py:157} INFO - Started process (PID=4242) to work on /home/airflow/.local/lib/python3.8/site-packages/airflow/example_dags/example_xcomargs.py
[2023-11-22T19:38:42.288+0000] {processor.py:829} INFO - Processing file /home/airflow/.local/lib/python3.8/site-packages/airflow/example_dags/example_xcomargs.py for tasks to queue
[2023-11-22T19:38:42.289+0000] {logging_mixin.py:154} INFO - [2023-11-22T19:38:42.289+0000] {dagbag.py:536} INFO - Filling up the DagBag from /home/airflow/.local/lib/python3.8/site-packages/airflow/example_dags/example_xcomargs.py
[2023-11-22T19:38:42.299+0000] {processor.py:839} INFO - DAG(s) dict_keys(['example_xcom_args', 'example_xcom_args_with_operators']) retrieved from /home/airflow/.local/lib/python3.8/site-packages/airflow/example_dags/example_xcomargs.py
[2023-11-22T19:38:42.323+0000] {logging_mixin.py:154} INFO - [2023-11-22T19:38:42.323+0000] {dag.py:2941} INFO - Sync 2 DAGs
[2023-11-22T19:38:42.333+0000] {logging_mixin.py:154} INFO - [2023-11-22T19:38:42.333+0000] {dag.py:3722} INFO - Setting next_dagrun for example_xcom_args to None, run_after=None
[2023-11-22T19:38:42.335+0000] {logging_mixin.py:154} INFO - [2023-11-22T19:38:42.335+0000] {dag.py:3722} INFO - Setting next_dagrun for example_xcom_args_with_operators to None, run_after=None
[2023-11-22T19:38:42.347+0000] {processor.py:179} INFO - Processing /home/airflow/.local/lib/python3.8/site-packages/airflow/example_dags/example_xcomargs.py took 0.066 seconds
[2023-11-22T19:39:12.927+0000] {processor.py:157} INFO - Started process (PID=4480) to work on /home/airflow/.local/lib/python3.8/site-packages/airflow/example_dags/example_xcomargs.py
[2023-11-22T19:39:12.928+0000] {processor.py:829} INFO - Processing file /home/airflow/.local/lib/python3.8/site-packages/airflow/example_dags/example_xcomargs.py for tasks to queue
[2023-11-22T19:39:12.930+0000] {logging_mixin.py:154} INFO - [2023-11-22T19:39:12.929+0000] {dagbag.py:536} INFO - Filling up the DagBag from /home/airflow/.local/lib/python3.8/site-packages/airflow/example_dags/example_xcomargs.py
[2023-11-22T19:39:12.937+0000] {processor.py:839} INFO - DAG(s) dict_keys(['example_xcom_args', 'example_xcom_args_with_operators']) retrieved from /home/airflow/.local/lib/python3.8/site-packages/airflow/example_dags/example_xcomargs.py
[2023-11-22T19:39:12.961+0000] {logging_mixin.py:154} INFO - [2023-11-22T19:39:12.960+0000] {dag.py:2941} INFO - Sync 2 DAGs
[2023-11-22T19:39:12.970+0000] {logging_mixin.py:154} INFO - [2023-11-22T19:39:12.970+0000] {dag.py:3722} INFO - Setting next_dagrun for example_xcom_args to None, run_after=None
[2023-11-22T19:39:12.972+0000] {logging_mixin.py:154} INFO - [2023-11-22T19:39:12.972+0000] {dag.py:3722} INFO - Setting next_dagrun for example_xcom_args_with_operators to None, run_after=None
[2023-11-22T19:39:12.984+0000] {processor.py:179} INFO - Processing /home/airflow/.local/lib/python3.8/site-packages/airflow/example_dags/example_xcomargs.py took 0.061 seconds
[2023-11-22T19:39:43.332+0000] {processor.py:157} INFO - Started process (PID=4718) to work on /home/airflow/.local/lib/python3.8/site-packages/airflow/example_dags/example_xcomargs.py
[2023-11-22T19:39:43.334+0000] {processor.py:829} INFO - Processing file /home/airflow/.local/lib/python3.8/site-packages/airflow/example_dags/example_xcomargs.py for tasks to queue
[2023-11-22T19:39:43.335+0000] {logging_mixin.py:154} INFO - [2023-11-22T19:39:43.334+0000] {dagbag.py:536} INFO - Filling up the DagBag from /home/airflow/.local/lib/python3.8/site-packages/airflow/example_dags/example_xcomargs.py
[2023-11-22T19:39:43.342+0000] {processor.py:839} INFO - DAG(s) dict_keys(['example_xcom_args_with_operators', 'example_xcom_args']) retrieved from /home/airflow/.local/lib/python3.8/site-packages/airflow/example_dags/example_xcomargs.py
[2023-11-22T19:39:43.365+0000] {logging_mixin.py:154} INFO - [2023-11-22T19:39:43.365+0000] {dag.py:2941} INFO - Sync 2 DAGs
[2023-11-22T19:39:43.375+0000] {logging_mixin.py:154} INFO - [2023-11-22T19:39:43.375+0000] {dag.py:3722} INFO - Setting next_dagrun for example_xcom_args to None, run_after=None
[2023-11-22T19:39:43.377+0000] {logging_mixin.py:154} INFO - [2023-11-22T19:39:43.377+0000] {dag.py:3722} INFO - Setting next_dagrun for example_xcom_args_with_operators to None, run_after=None
[2023-11-22T19:39:43.388+0000] {processor.py:179} INFO - Processing /home/airflow/.local/lib/python3.8/site-packages/airflow/example_dags/example_xcomargs.py took 0.060 seconds
[2023-11-22T19:40:13.869+0000] {processor.py:157} INFO - Started process (PID=4956) to work on /home/airflow/.local/lib/python3.8/site-packages/airflow/example_dags/example_xcomargs.py
[2023-11-22T19:40:13.870+0000] {processor.py:829} INFO - Processing file /home/airflow/.local/lib/python3.8/site-packages/airflow/example_dags/example_xcomargs.py for tasks to queue
[2023-11-22T19:40:13.871+0000] {logging_mixin.py:154} INFO - [2023-11-22T19:40:13.871+0000] {dagbag.py:536} INFO - Filling up the DagBag from /home/airflow/.local/lib/python3.8/site-packages/airflow/example_dags/example_xcomargs.py
[2023-11-22T19:40:13.880+0000] {processor.py:839} INFO - DAG(s) dict_keys(['example_xcom_args_with_operators', 'example_xcom_args']) retrieved from /home/airflow/.local/lib/python3.8/site-packages/airflow/example_dags/example_xcomargs.py
[2023-11-22T19:40:13.902+0000] {logging_mixin.py:154} INFO - [2023-11-22T19:40:13.902+0000] {dag.py:2941} INFO - Sync 2 DAGs
[2023-11-22T19:40:13.912+0000] {logging_mixin.py:154} INFO - [2023-11-22T19:40:13.911+0000] {dag.py:3722} INFO - Setting next_dagrun for example_xcom_args to None, run_after=None
[2023-11-22T19:40:13.914+0000] {logging_mixin.py:154} INFO - [2023-11-22T19:40:13.914+0000] {dag.py:3722} INFO - Setting next_dagrun for example_xcom_args_with_operators to None, run_after=None
[2023-11-22T19:40:13.929+0000] {processor.py:179} INFO - Processing /home/airflow/.local/lib/python3.8/site-packages/airflow/example_dags/example_xcomargs.py took 0.064 seconds
[2023-11-22T19:40:44.327+0000] {processor.py:157} INFO - Started process (PID=5194) to work on /home/airflow/.local/lib/python3.8/site-packages/airflow/example_dags/example_xcomargs.py
[2023-11-22T19:40:44.329+0000] {processor.py:829} INFO - Processing file /home/airflow/.local/lib/python3.8/site-packages/airflow/example_dags/example_xcomargs.py for tasks to queue
[2023-11-22T19:40:44.330+0000] {logging_mixin.py:154} INFO - [2023-11-22T19:40:44.329+0000] {dagbag.py:536} INFO - Filling up the DagBag from /home/airflow/.local/lib/python3.8/site-packages/airflow/example_dags/example_xcomargs.py
[2023-11-22T19:40:44.338+0000] {processor.py:839} INFO - DAG(s) dict_keys(['example_xcom_args_with_operators', 'example_xcom_args']) retrieved from /home/airflow/.local/lib/python3.8/site-packages/airflow/example_dags/example_xcomargs.py
[2023-11-22T19:40:44.367+0000] {logging_mixin.py:154} INFO - [2023-11-22T19:40:44.367+0000] {dag.py:2941} INFO - Sync 2 DAGs
[2023-11-22T19:40:44.380+0000] {logging_mixin.py:154} INFO - [2023-11-22T19:40:44.380+0000] {dag.py:3722} INFO - Setting next_dagrun for example_xcom_args to None, run_after=None
[2023-11-22T19:40:44.383+0000] {logging_mixin.py:154} INFO - [2023-11-22T19:40:44.383+0000] {dag.py:3722} INFO - Setting next_dagrun for example_xcom_args_with_operators to None, run_after=None
[2023-11-22T19:40:44.397+0000] {processor.py:179} INFO - Processing /home/airflow/.local/lib/python3.8/site-packages/airflow/example_dags/example_xcomargs.py took 0.074 seconds
[2023-11-22T19:41:14.988+0000] {processor.py:157} INFO - Started process (PID=5432) to work on /home/airflow/.local/lib/python3.8/site-packages/airflow/example_dags/example_xcomargs.py
[2023-11-22T19:41:14.989+0000] {processor.py:829} INFO - Processing file /home/airflow/.local/lib/python3.8/site-packages/airflow/example_dags/example_xcomargs.py for tasks to queue
[2023-11-22T19:41:14.990+0000] {logging_mixin.py:154} INFO - [2023-11-22T19:41:14.990+0000] {dagbag.py:536} INFO - Filling up the DagBag from /home/airflow/.local/lib/python3.8/site-packages/airflow/example_dags/example_xcomargs.py
[2023-11-22T19:41:14.998+0000] {processor.py:839} INFO - DAG(s) dict_keys(['example_xcom_args', 'example_xcom_args_with_operators']) retrieved from /home/airflow/.local/lib/python3.8/site-packages/airflow/example_dags/example_xcomargs.py
[2023-11-22T19:41:15.021+0000] {logging_mixin.py:154} INFO - [2023-11-22T19:41:15.021+0000] {dag.py:2941} INFO - Sync 2 DAGs
[2023-11-22T19:41:15.030+0000] {logging_mixin.py:154} INFO - [2023-11-22T19:41:15.030+0000] {dag.py:3722} INFO - Setting next_dagrun for example_xcom_args to None, run_after=None
[2023-11-22T19:41:15.032+0000] {logging_mixin.py:154} INFO - [2023-11-22T19:41:15.032+0000] {dag.py:3722} INFO - Setting next_dagrun for example_xcom_args_with_operators to None, run_after=None
[2023-11-22T19:41:15.044+0000] {processor.py:179} INFO - Processing /home/airflow/.local/lib/python3.8/site-packages/airflow/example_dags/example_xcomargs.py took 0.060 seconds
[2023-11-22T19:41:45.473+0000] {processor.py:157} INFO - Started process (PID=5670) to work on /home/airflow/.local/lib/python3.8/site-packages/airflow/example_dags/example_xcomargs.py
[2023-11-22T19:41:45.474+0000] {processor.py:829} INFO - Processing file /home/airflow/.local/lib/python3.8/site-packages/airflow/example_dags/example_xcomargs.py for tasks to queue
[2023-11-22T19:41:45.475+0000] {logging_mixin.py:154} INFO - [2023-11-22T19:41:45.475+0000] {dagbag.py:536} INFO - Filling up the DagBag from /home/airflow/.local/lib/python3.8/site-packages/airflow/example_dags/example_xcomargs.py
[2023-11-22T19:41:45.483+0000] {processor.py:839} INFO - DAG(s) dict_keys(['example_xcom_args', 'example_xcom_args_with_operators']) retrieved from /home/airflow/.local/lib/python3.8/site-packages/airflow/example_dags/example_xcomargs.py
[2023-11-22T19:41:45.506+0000] {logging_mixin.py:154} INFO - [2023-11-22T19:41:45.506+0000] {dag.py:2941} INFO - Sync 2 DAGs
[2023-11-22T19:41:45.516+0000] {logging_mixin.py:154} INFO - [2023-11-22T19:41:45.516+0000] {dag.py:3722} INFO - Setting next_dagrun for example_xcom_args to None, run_after=None
[2023-11-22T19:41:45.518+0000] {logging_mixin.py:154} INFO - [2023-11-22T19:41:45.518+0000] {dag.py:3722} INFO - Setting next_dagrun for example_xcom_args_with_operators to None, run_after=None
[2023-11-22T19:41:45.529+0000] {processor.py:179} INFO - Processing /home/airflow/.local/lib/python3.8/site-packages/airflow/example_dags/example_xcomargs.py took 0.061 seconds
[2023-11-22T19:42:15.919+0000] {processor.py:157} INFO - Started process (PID=5907) to work on /home/airflow/.local/lib/python3.8/site-packages/airflow/example_dags/example_xcomargs.py
[2023-11-22T19:42:15.920+0000] {processor.py:829} INFO - Processing file /home/airflow/.local/lib/python3.8/site-packages/airflow/example_dags/example_xcomargs.py for tasks to queue
[2023-11-22T19:42:15.921+0000] {logging_mixin.py:154} INFO - [2023-11-22T19:42:15.921+0000] {dagbag.py:536} INFO - Filling up the DagBag from /home/airflow/.local/lib/python3.8/site-packages/airflow/example_dags/example_xcomargs.py
[2023-11-22T19:42:15.929+0000] {processor.py:839} INFO - DAG(s) dict_keys(['example_xcom_args', 'example_xcom_args_with_operators']) retrieved from /home/airflow/.local/lib/python3.8/site-packages/airflow/example_dags/example_xcomargs.py
[2023-11-22T19:42:15.952+0000] {logging_mixin.py:154} INFO - [2023-11-22T19:42:15.952+0000] {dag.py:2941} INFO - Sync 2 DAGs
[2023-11-22T19:42:15.961+0000] {logging_mixin.py:154} INFO - [2023-11-22T19:42:15.961+0000] {dag.py:3722} INFO - Setting next_dagrun for example_xcom_args to None, run_after=None
[2023-11-22T19:42:15.964+0000] {logging_mixin.py:154} INFO - [2023-11-22T19:42:15.963+0000] {dag.py:3722} INFO - Setting next_dagrun for example_xcom_args_with_operators to None, run_after=None
[2023-11-22T19:42:15.975+0000] {processor.py:179} INFO - Processing /home/airflow/.local/lib/python3.8/site-packages/airflow/example_dags/example_xcomargs.py took 0.060 seconds
[2023-11-22T19:42:46.315+0000] {processor.py:157} INFO - Started process (PID=6145) to work on /home/airflow/.local/lib/python3.8/site-packages/airflow/example_dags/example_xcomargs.py
[2023-11-22T19:42:46.316+0000] {processor.py:829} INFO - Processing file /home/airflow/.local/lib/python3.8/site-packages/airflow/example_dags/example_xcomargs.py for tasks to queue
[2023-11-22T19:42:46.317+0000] {logging_mixin.py:154} INFO - [2023-11-22T19:42:46.317+0000] {dagbag.py:536} INFO - Filling up the DagBag from /home/airflow/.local/lib/python3.8/site-packages/airflow/example_dags/example_xcomargs.py
[2023-11-22T19:42:46.325+0000] {processor.py:839} INFO - DAG(s) dict_keys(['example_xcom_args', 'example_xcom_args_with_operators']) retrieved from /home/airflow/.local/lib/python3.8/site-packages/airflow/example_dags/example_xcomargs.py
[2023-11-22T19:42:46.348+0000] {logging_mixin.py:154} INFO - [2023-11-22T19:42:46.348+0000] {dag.py:2941} INFO - Sync 2 DAGs
[2023-11-22T19:42:46.358+0000] {logging_mixin.py:154} INFO - [2023-11-22T19:42:46.358+0000] {dag.py:3722} INFO - Setting next_dagrun for example_xcom_args to None, run_after=None
[2023-11-22T19:42:46.360+0000] {logging_mixin.py:154} INFO - [2023-11-22T19:42:46.360+0000] {dag.py:3722} INFO - Setting next_dagrun for example_xcom_args_with_operators to None, run_after=None
[2023-11-22T19:42:46.371+0000] {processor.py:179} INFO - Processing /home/airflow/.local/lib/python3.8/site-packages/airflow/example_dags/example_xcomargs.py took 0.060 seconds
[2023-11-22T19:43:16.723+0000] {processor.py:157} INFO - Started process (PID=6383) to work on /home/airflow/.local/lib/python3.8/site-packages/airflow/example_dags/example_xcomargs.py
[2023-11-22T19:43:16.725+0000] {processor.py:829} INFO - Processing file /home/airflow/.local/lib/python3.8/site-packages/airflow/example_dags/example_xcomargs.py for tasks to queue
[2023-11-22T19:43:16.726+0000] {logging_mixin.py:154} INFO - [2023-11-22T19:43:16.725+0000] {dagbag.py:536} INFO - Filling up the DagBag from /home/airflow/.local/lib/python3.8/site-packages/airflow/example_dags/example_xcomargs.py
[2023-11-22T19:43:16.733+0000] {processor.py:839} INFO - DAG(s) dict_keys(['example_xcom_args_with_operators', 'example_xcom_args']) retrieved from /home/airflow/.local/lib/python3.8/site-packages/airflow/example_dags/example_xcomargs.py
[2023-11-22T19:43:16.756+0000] {logging_mixin.py:154} INFO - [2023-11-22T19:43:16.756+0000] {dag.py:2941} INFO - Sync 2 DAGs
[2023-11-22T19:43:16.765+0000] {logging_mixin.py:154} INFO - [2023-11-22T19:43:16.765+0000] {dag.py:3722} INFO - Setting next_dagrun for example_xcom_args to None, run_after=None
[2023-11-22T19:43:16.768+0000] {logging_mixin.py:154} INFO - [2023-11-22T19:43:16.767+0000] {dag.py:3722} INFO - Setting next_dagrun for example_xcom_args_with_operators to None, run_after=None
[2023-11-22T19:43:16.779+0000] {processor.py:179} INFO - Processing /home/airflow/.local/lib/python3.8/site-packages/airflow/example_dags/example_xcomargs.py took 0.060 seconds
[2023-11-22T19:43:47.182+0000] {processor.py:157} INFO - Started process (PID=6621) to work on /home/airflow/.local/lib/python3.8/site-packages/airflow/example_dags/example_xcomargs.py
[2023-11-22T19:43:47.184+0000] {processor.py:829} INFO - Processing file /home/airflow/.local/lib/python3.8/site-packages/airflow/example_dags/example_xcomargs.py for tasks to queue
[2023-11-22T19:43:47.185+0000] {logging_mixin.py:154} INFO - [2023-11-22T19:43:47.185+0000] {dagbag.py:536} INFO - Filling up the DagBag from /home/airflow/.local/lib/python3.8/site-packages/airflow/example_dags/example_xcomargs.py
[2023-11-22T19:43:47.195+0000] {processor.py:839} INFO - DAG(s) dict_keys(['example_xcom_args_with_operators', 'example_xcom_args']) retrieved from /home/airflow/.local/lib/python3.8/site-packages/airflow/example_dags/example_xcomargs.py
[2023-11-22T19:43:47.221+0000] {logging_mixin.py:154} INFO - [2023-11-22T19:43:47.221+0000] {dag.py:2941} INFO - Sync 2 DAGs
[2023-11-22T19:43:47.233+0000] {logging_mixin.py:154} INFO - [2023-11-22T19:43:47.233+0000] {dag.py:3722} INFO - Setting next_dagrun for example_xcom_args to None, run_after=None
[2023-11-22T19:43:47.236+0000] {logging_mixin.py:154} INFO - [2023-11-22T19:43:47.236+0000] {dag.py:3722} INFO - Setting next_dagrun for example_xcom_args_with_operators to None, run_after=None
[2023-11-22T19:43:47.250+0000] {processor.py:179} INFO - Processing /home/airflow/.local/lib/python3.8/site-packages/airflow/example_dags/example_xcomargs.py took 0.074 seconds
[2023-11-22T19:44:17.698+0000] {processor.py:157} INFO - Started process (PID=6859) to work on /home/airflow/.local/lib/python3.8/site-packages/airflow/example_dags/example_xcomargs.py
[2023-11-22T19:44:17.699+0000] {processor.py:829} INFO - Processing file /home/airflow/.local/lib/python3.8/site-packages/airflow/example_dags/example_xcomargs.py for tasks to queue
[2023-11-22T19:44:17.700+0000] {logging_mixin.py:154} INFO - [2023-11-22T19:44:17.700+0000] {dagbag.py:536} INFO - Filling up the DagBag from /home/airflow/.local/lib/python3.8/site-packages/airflow/example_dags/example_xcomargs.py
[2023-11-22T19:44:17.709+0000] {processor.py:839} INFO - DAG(s) dict_keys(['example_xcom_args', 'example_xcom_args_with_operators']) retrieved from /home/airflow/.local/lib/python3.8/site-packages/airflow/example_dags/example_xcomargs.py
[2023-11-22T19:44:17.732+0000] {logging_mixin.py:154} INFO - [2023-11-22T19:44:17.732+0000] {dag.py:2941} INFO - Sync 2 DAGs
[2023-11-22T19:44:17.742+0000] {logging_mixin.py:154} INFO - [2023-11-22T19:44:17.742+0000] {dag.py:3722} INFO - Setting next_dagrun for example_xcom_args to None, run_after=None
[2023-11-22T19:44:17.744+0000] {logging_mixin.py:154} INFO - [2023-11-22T19:44:17.744+0000] {dag.py:3722} INFO - Setting next_dagrun for example_xcom_args_with_operators to None, run_after=None
[2023-11-22T19:44:17.755+0000] {processor.py:179} INFO - Processing /home/airflow/.local/lib/python3.8/site-packages/airflow/example_dags/example_xcomargs.py took 0.063 seconds
[2023-11-22T19:44:48.096+0000] {processor.py:157} INFO - Started process (PID=7097) to work on /home/airflow/.local/lib/python3.8/site-packages/airflow/example_dags/example_xcomargs.py
[2023-11-22T19:44:48.097+0000] {processor.py:829} INFO - Processing file /home/airflow/.local/lib/python3.8/site-packages/airflow/example_dags/example_xcomargs.py for tasks to queue
[2023-11-22T19:44:48.098+0000] {logging_mixin.py:154} INFO - [2023-11-22T19:44:48.098+0000] {dagbag.py:536} INFO - Filling up the DagBag from /home/airflow/.local/lib/python3.8/site-packages/airflow/example_dags/example_xcomargs.py
[2023-11-22T19:44:48.106+0000] {processor.py:839} INFO - DAG(s) dict_keys(['example_xcom_args_with_operators', 'example_xcom_args']) retrieved from /home/airflow/.local/lib/python3.8/site-packages/airflow/example_dags/example_xcomargs.py
[2023-11-22T19:44:48.128+0000] {logging_mixin.py:154} INFO - [2023-11-22T19:44:48.128+0000] {dag.py:2941} INFO - Sync 2 DAGs
[2023-11-22T19:44:48.138+0000] {logging_mixin.py:154} INFO - [2023-11-22T19:44:48.138+0000] {dag.py:3722} INFO - Setting next_dagrun for example_xcom_args to None, run_after=None
[2023-11-22T19:44:48.140+0000] {logging_mixin.py:154} INFO - [2023-11-22T19:44:48.140+0000] {dag.py:3722} INFO - Setting next_dagrun for example_xcom_args_with_operators to None, run_after=None
[2023-11-22T19:44:48.151+0000] {processor.py:179} INFO - Processing /home/airflow/.local/lib/python3.8/site-packages/airflow/example_dags/example_xcomargs.py took 0.059 seconds
[2023-11-22T19:45:18.578+0000] {processor.py:157} INFO - Started process (PID=7335) to work on /home/airflow/.local/lib/python3.8/site-packages/airflow/example_dags/example_xcomargs.py
[2023-11-22T19:45:18.579+0000] {processor.py:829} INFO - Processing file /home/airflow/.local/lib/python3.8/site-packages/airflow/example_dags/example_xcomargs.py for tasks to queue
[2023-11-22T19:45:18.580+0000] {logging_mixin.py:154} INFO - [2023-11-22T19:45:18.580+0000] {dagbag.py:536} INFO - Filling up the DagBag from /home/airflow/.local/lib/python3.8/site-packages/airflow/example_dags/example_xcomargs.py
[2023-11-22T19:45:18.587+0000] {processor.py:839} INFO - DAG(s) dict_keys(['example_xcom_args_with_operators', 'example_xcom_args']) retrieved from /home/airflow/.local/lib/python3.8/site-packages/airflow/example_dags/example_xcomargs.py
[2023-11-22T19:45:18.610+0000] {logging_mixin.py:154} INFO - [2023-11-22T19:45:18.609+0000] {dag.py:2941} INFO - Sync 2 DAGs
[2023-11-22T19:45:18.620+0000] {logging_mixin.py:154} INFO - [2023-11-22T19:45:18.620+0000] {dag.py:3722} INFO - Setting next_dagrun for example_xcom_args to None, run_after=None
[2023-11-22T19:45:18.622+0000] {logging_mixin.py:154} INFO - [2023-11-22T19:45:18.622+0000] {dag.py:3722} INFO - Setting next_dagrun for example_xcom_args_with_operators to None, run_after=None
[2023-11-22T19:45:18.633+0000] {processor.py:179} INFO - Processing /home/airflow/.local/lib/python3.8/site-packages/airflow/example_dags/example_xcomargs.py took 0.058 seconds
[2023-11-22T19:45:48.997+0000] {processor.py:157} INFO - Started process (PID=7573) to work on /home/airflow/.local/lib/python3.8/site-packages/airflow/example_dags/example_xcomargs.py
[2023-11-22T19:45:48.998+0000] {processor.py:829} INFO - Processing file /home/airflow/.local/lib/python3.8/site-packages/airflow/example_dags/example_xcomargs.py for tasks to queue
[2023-11-22T19:45:48.999+0000] {logging_mixin.py:154} INFO - [2023-11-22T19:45:48.998+0000] {dagbag.py:536} INFO - Filling up the DagBag from /home/airflow/.local/lib/python3.8/site-packages/airflow/example_dags/example_xcomargs.py
[2023-11-22T19:45:49.006+0000] {processor.py:839} INFO - DAG(s) dict_keys(['example_xcom_args_with_operators', 'example_xcom_args']) retrieved from /home/airflow/.local/lib/python3.8/site-packages/airflow/example_dags/example_xcomargs.py
[2023-11-22T19:45:49.031+0000] {logging_mixin.py:154} INFO - [2023-11-22T19:45:49.031+0000] {dag.py:2941} INFO - Sync 2 DAGs
[2023-11-22T19:45:49.041+0000] {logging_mixin.py:154} INFO - [2023-11-22T19:45:49.041+0000] {dag.py:3722} INFO - Setting next_dagrun for example_xcom_args to None, run_after=None
[2023-11-22T19:45:49.043+0000] {logging_mixin.py:154} INFO - [2023-11-22T19:45:49.043+0000] {dag.py:3722} INFO - Setting next_dagrun for example_xcom_args_with_operators to None, run_after=None
[2023-11-22T19:45:49.059+0000] {processor.py:179} INFO - Processing /home/airflow/.local/lib/python3.8/site-packages/airflow/example_dags/example_xcomargs.py took 0.067 seconds
[2023-11-22T19:46:19.505+0000] {processor.py:157} INFO - Started process (PID=7811) to work on /home/airflow/.local/lib/python3.8/site-packages/airflow/example_dags/example_xcomargs.py
[2023-11-22T19:46:19.506+0000] {processor.py:829} INFO - Processing file /home/airflow/.local/lib/python3.8/site-packages/airflow/example_dags/example_xcomargs.py for tasks to queue
[2023-11-22T19:46:19.507+0000] {logging_mixin.py:154} INFO - [2023-11-22T19:46:19.507+0000] {dagbag.py:536} INFO - Filling up the DagBag from /home/airflow/.local/lib/python3.8/site-packages/airflow/example_dags/example_xcomargs.py
[2023-11-22T19:46:19.514+0000] {processor.py:839} INFO - DAG(s) dict_keys(['example_xcom_args', 'example_xcom_args_with_operators']) retrieved from /home/airflow/.local/lib/python3.8/site-packages/airflow/example_dags/example_xcomargs.py
[2023-11-22T19:46:19.536+0000] {logging_mixin.py:154} INFO - [2023-11-22T19:46:19.536+0000] {dag.py:2941} INFO - Sync 2 DAGs
[2023-11-22T19:46:19.545+0000] {logging_mixin.py:154} INFO - [2023-11-22T19:46:19.545+0000] {dag.py:3722} INFO - Setting next_dagrun for example_xcom_args to None, run_after=None
[2023-11-22T19:46:19.548+0000] {logging_mixin.py:154} INFO - [2023-11-22T19:46:19.548+0000] {dag.py:3722} INFO - Setting next_dagrun for example_xcom_args_with_operators to None, run_after=None
[2023-11-22T19:46:19.562+0000] {processor.py:179} INFO - Processing /home/airflow/.local/lib/python3.8/site-packages/airflow/example_dags/example_xcomargs.py took 0.059 seconds
[2023-11-22T19:46:49.941+0000] {processor.py:157} INFO - Started process (PID=8049) to work on /home/airflow/.local/lib/python3.8/site-packages/airflow/example_dags/example_xcomargs.py
[2023-11-22T19:46:49.942+0000] {processor.py:829} INFO - Processing file /home/airflow/.local/lib/python3.8/site-packages/airflow/example_dags/example_xcomargs.py for tasks to queue
[2023-11-22T19:46:49.943+0000] {logging_mixin.py:154} INFO - [2023-11-22T19:46:49.942+0000] {dagbag.py:536} INFO - Filling up the DagBag from /home/airflow/.local/lib/python3.8/site-packages/airflow/example_dags/example_xcomargs.py
[2023-11-22T19:46:49.950+0000] {processor.py:839} INFO - DAG(s) dict_keys(['example_xcom_args', 'example_xcom_args_with_operators']) retrieved from /home/airflow/.local/lib/python3.8/site-packages/airflow/example_dags/example_xcomargs.py
[2023-11-22T19:46:49.973+0000] {logging_mixin.py:154} INFO - [2023-11-22T19:46:49.973+0000] {dag.py:2941} INFO - Sync 2 DAGs
[2023-11-22T19:46:49.982+0000] {logging_mixin.py:154} INFO - [2023-11-22T19:46:49.982+0000] {dag.py:3722} INFO - Setting next_dagrun for example_xcom_args to None, run_after=None
[2023-11-22T19:46:49.985+0000] {logging_mixin.py:154} INFO - [2023-11-22T19:46:49.985+0000] {dag.py:3722} INFO - Setting next_dagrun for example_xcom_args_with_operators to None, run_after=None
[2023-11-22T19:46:49.996+0000] {processor.py:179} INFO - Processing /home/airflow/.local/lib/python3.8/site-packages/airflow/example_dags/example_xcomargs.py took 0.059 seconds
[2023-11-22T19:47:20.341+0000] {processor.py:157} INFO - Started process (PID=8287) to work on /home/airflow/.local/lib/python3.8/site-packages/airflow/example_dags/example_xcomargs.py
[2023-11-22T19:47:20.342+0000] {processor.py:829} INFO - Processing file /home/airflow/.local/lib/python3.8/site-packages/airflow/example_dags/example_xcomargs.py for tasks to queue
[2023-11-22T19:47:20.343+0000] {logging_mixin.py:154} INFO - [2023-11-22T19:47:20.342+0000] {dagbag.py:536} INFO - Filling up the DagBag from /home/airflow/.local/lib/python3.8/site-packages/airflow/example_dags/example_xcomargs.py
[2023-11-22T19:47:20.349+0000] {processor.py:839} INFO - DAG(s) dict_keys(['example_xcom_args_with_operators', 'example_xcom_args']) retrieved from /home/airflow/.local/lib/python3.8/site-packages/airflow/example_dags/example_xcomargs.py
[2023-11-22T19:47:20.372+0000] {logging_mixin.py:154} INFO - [2023-11-22T19:47:20.372+0000] {dag.py:2941} INFO - Sync 2 DAGs
[2023-11-22T19:47:20.391+0000] {logging_mixin.py:154} INFO - [2023-11-22T19:47:20.391+0000] {dag.py:3722} INFO - Setting next_dagrun for example_xcom_args to None, run_after=None
[2023-11-22T19:47:20.394+0000] {logging_mixin.py:154} INFO - [2023-11-22T19:47:20.394+0000] {dag.py:3722} INFO - Setting next_dagrun for example_xcom_args_with_operators to None, run_after=None
[2023-11-22T19:47:20.410+0000] {processor.py:179} INFO - Processing /home/airflow/.local/lib/python3.8/site-packages/airflow/example_dags/example_xcomargs.py took 0.072 seconds
[2023-11-22T19:47:50.824+0000] {processor.py:157} INFO - Started process (PID=8524) to work on /home/airflow/.local/lib/python3.8/site-packages/airflow/example_dags/example_xcomargs.py
[2023-11-22T19:47:50.825+0000] {processor.py:829} INFO - Processing file /home/airflow/.local/lib/python3.8/site-packages/airflow/example_dags/example_xcomargs.py for tasks to queue
[2023-11-22T19:47:50.826+0000] {logging_mixin.py:154} INFO - [2023-11-22T19:47:50.826+0000] {dagbag.py:536} INFO - Filling up the DagBag from /home/airflow/.local/lib/python3.8/site-packages/airflow/example_dags/example_xcomargs.py
[2023-11-22T19:47:50.832+0000] {processor.py:839} INFO - DAG(s) dict_keys(['example_xcom_args_with_operators', 'example_xcom_args']) retrieved from /home/airflow/.local/lib/python3.8/site-packages/airflow/example_dags/example_xcomargs.py
[2023-11-22T19:47:50.855+0000] {logging_mixin.py:154} INFO - [2023-11-22T19:47:50.855+0000] {dag.py:2941} INFO - Sync 2 DAGs
[2023-11-22T19:47:50.866+0000] {logging_mixin.py:154} INFO - [2023-11-22T19:47:50.866+0000] {dag.py:3722} INFO - Setting next_dagrun for example_xcom_args to None, run_after=None
[2023-11-22T19:47:50.869+0000] {logging_mixin.py:154} INFO - [2023-11-22T19:47:50.868+0000] {dag.py:3722} INFO - Setting next_dagrun for example_xcom_args_with_operators to None, run_after=None
[2023-11-22T19:47:50.883+0000] {processor.py:179} INFO - Processing /home/airflow/.local/lib/python3.8/site-packages/airflow/example_dags/example_xcomargs.py took 0.062 seconds
[2023-11-22T19:48:20.960+0000] {processor.py:157} INFO - Started process (PID=8762) to work on /home/airflow/.local/lib/python3.8/site-packages/airflow/example_dags/example_xcomargs.py
[2023-11-22T19:48:20.961+0000] {processor.py:829} INFO - Processing file /home/airflow/.local/lib/python3.8/site-packages/airflow/example_dags/example_xcomargs.py for tasks to queue
[2023-11-22T19:48:20.962+0000] {logging_mixin.py:154} INFO - [2023-11-22T19:48:20.962+0000] {dagbag.py:536} INFO - Filling up the DagBag from /home/airflow/.local/lib/python3.8/site-packages/airflow/example_dags/example_xcomargs.py
[2023-11-22T19:48:20.971+0000] {processor.py:839} INFO - DAG(s) dict_keys(['example_xcom_args', 'example_xcom_args_with_operators']) retrieved from /home/airflow/.local/lib/python3.8/site-packages/airflow/example_dags/example_xcomargs.py
[2023-11-22T19:48:21.002+0000] {logging_mixin.py:154} INFO - [2023-11-22T19:48:21.002+0000] {dag.py:2941} INFO - Sync 2 DAGs
[2023-11-22T19:48:21.015+0000] {logging_mixin.py:154} INFO - [2023-11-22T19:48:21.015+0000] {dag.py:3722} INFO - Setting next_dagrun for example_xcom_args to None, run_after=None
[2023-11-22T19:48:21.018+0000] {logging_mixin.py:154} INFO - [2023-11-22T19:48:21.018+0000] {dag.py:3722} INFO - Setting next_dagrun for example_xcom_args_with_operators to None, run_after=None
[2023-11-22T19:48:21.031+0000] {processor.py:179} INFO - Processing /home/airflow/.local/lib/python3.8/site-packages/airflow/example_dags/example_xcomargs.py took 0.075 seconds
[2023-11-22T19:48:51.273+0000] {processor.py:157} INFO - Started process (PID=9007) to work on /home/airflow/.local/lib/python3.8/site-packages/airflow/example_dags/example_xcomargs.py
[2023-11-22T19:48:51.274+0000] {processor.py:829} INFO - Processing file /home/airflow/.local/lib/python3.8/site-packages/airflow/example_dags/example_xcomargs.py for tasks to queue
[2023-11-22T19:48:51.275+0000] {logging_mixin.py:154} INFO - [2023-11-22T19:48:51.274+0000] {dagbag.py:536} INFO - Filling up the DagBag from /home/airflow/.local/lib/python3.8/site-packages/airflow/example_dags/example_xcomargs.py
[2023-11-22T19:48:51.281+0000] {processor.py:839} INFO - DAG(s) dict_keys(['example_xcom_args_with_operators', 'example_xcom_args']) retrieved from /home/airflow/.local/lib/python3.8/site-packages/airflow/example_dags/example_xcomargs.py
[2023-11-22T19:48:51.304+0000] {logging_mixin.py:154} INFO - [2023-11-22T19:48:51.304+0000] {dag.py:2941} INFO - Sync 2 DAGs
[2023-11-22T19:48:51.314+0000] {logging_mixin.py:154} INFO - [2023-11-22T19:48:51.314+0000] {dag.py:3722} INFO - Setting next_dagrun for example_xcom_args to None, run_after=None
[2023-11-22T19:48:51.316+0000] {logging_mixin.py:154} INFO - [2023-11-22T19:48:51.316+0000] {dag.py:3722} INFO - Setting next_dagrun for example_xcom_args_with_operators to None, run_after=None
[2023-11-22T19:48:51.327+0000] {processor.py:179} INFO - Processing /home/airflow/.local/lib/python3.8/site-packages/airflow/example_dags/example_xcomargs.py took 0.057 seconds
[2023-11-22T19:49:21.827+0000] {processor.py:157} INFO - Started process (PID=9247) to work on /home/airflow/.local/lib/python3.8/site-packages/airflow/example_dags/example_xcomargs.py
[2023-11-22T19:49:21.828+0000] {processor.py:829} INFO - Processing file /home/airflow/.local/lib/python3.8/site-packages/airflow/example_dags/example_xcomargs.py for tasks to queue
[2023-11-22T19:49:21.828+0000] {logging_mixin.py:154} INFO - [2023-11-22T19:49:21.828+0000] {dagbag.py:536} INFO - Filling up the DagBag from /home/airflow/.local/lib/python3.8/site-packages/airflow/example_dags/example_xcomargs.py
[2023-11-22T19:49:21.835+0000] {processor.py:839} INFO - DAG(s) dict_keys(['example_xcom_args_with_operators', 'example_xcom_args']) retrieved from /home/airflow/.local/lib/python3.8/site-packages/airflow/example_dags/example_xcomargs.py
[2023-11-22T19:49:21.858+0000] {logging_mixin.py:154} INFO - [2023-11-22T19:49:21.858+0000] {dag.py:2941} INFO - Sync 2 DAGs
[2023-11-22T19:49:21.981+0000] {logging_mixin.py:154} INFO - [2023-11-22T19:49:21.981+0000] {dag.py:3722} INFO - Setting next_dagrun for example_xcom_args to None, run_after=None
[2023-11-22T19:49:21.984+0000] {logging_mixin.py:154} INFO - [2023-11-22T19:49:21.984+0000] {dag.py:3722} INFO - Setting next_dagrun for example_xcom_args_with_operators to None, run_after=None
[2023-11-22T19:49:21.997+0000] {processor.py:179} INFO - Processing /home/airflow/.local/lib/python3.8/site-packages/airflow/example_dags/example_xcomargs.py took 0.173 seconds
[2023-11-22T19:49:52.352+0000] {processor.py:157} INFO - Started process (PID=9483) to work on /home/airflow/.local/lib/python3.8/site-packages/airflow/example_dags/example_xcomargs.py
[2023-11-22T19:49:52.353+0000] {processor.py:829} INFO - Processing file /home/airflow/.local/lib/python3.8/site-packages/airflow/example_dags/example_xcomargs.py for tasks to queue
[2023-11-22T19:49:52.354+0000] {logging_mixin.py:154} INFO - [2023-11-22T19:49:52.354+0000] {dagbag.py:536} INFO - Filling up the DagBag from /home/airflow/.local/lib/python3.8/site-packages/airflow/example_dags/example_xcomargs.py
[2023-11-22T19:49:52.361+0000] {processor.py:839} INFO - DAG(s) dict_keys(['example_xcom_args', 'example_xcom_args_with_operators']) retrieved from /home/airflow/.local/lib/python3.8/site-packages/airflow/example_dags/example_xcomargs.py
[2023-11-22T19:49:52.384+0000] {logging_mixin.py:154} INFO - [2023-11-22T19:49:52.384+0000] {dag.py:2941} INFO - Sync 2 DAGs
[2023-11-22T19:49:52.394+0000] {logging_mixin.py:154} INFO - [2023-11-22T19:49:52.394+0000] {dag.py:3722} INFO - Setting next_dagrun for example_xcom_args to None, run_after=None
[2023-11-22T19:49:52.397+0000] {logging_mixin.py:154} INFO - [2023-11-22T19:49:52.397+0000] {dag.py:3722} INFO - Setting next_dagrun for example_xcom_args_with_operators to None, run_after=None
[2023-11-22T19:49:52.409+0000] {processor.py:179} INFO - Processing /home/airflow/.local/lib/python3.8/site-packages/airflow/example_dags/example_xcomargs.py took 0.060 seconds
[2023-11-22T19:50:22.502+0000] {processor.py:157} INFO - Started process (PID=9718) to work on /home/airflow/.local/lib/python3.8/site-packages/airflow/example_dags/example_xcomargs.py
[2023-11-22T19:50:22.503+0000] {processor.py:829} INFO - Processing file /home/airflow/.local/lib/python3.8/site-packages/airflow/example_dags/example_xcomargs.py for tasks to queue
[2023-11-22T19:50:22.504+0000] {logging_mixin.py:154} INFO - [2023-11-22T19:50:22.504+0000] {dagbag.py:536} INFO - Filling up the DagBag from /home/airflow/.local/lib/python3.8/site-packages/airflow/example_dags/example_xcomargs.py
[2023-11-22T19:50:22.511+0000] {processor.py:839} INFO - DAG(s) dict_keys(['example_xcom_args_with_operators', 'example_xcom_args']) retrieved from /home/airflow/.local/lib/python3.8/site-packages/airflow/example_dags/example_xcomargs.py
[2023-11-22T19:50:22.533+0000] {logging_mixin.py:154} INFO - [2023-11-22T19:50:22.533+0000] {dag.py:2941} INFO - Sync 2 DAGs
[2023-11-22T19:50:22.543+0000] {logging_mixin.py:154} INFO - [2023-11-22T19:50:22.543+0000] {dag.py:3722} INFO - Setting next_dagrun for example_xcom_args to None, run_after=None
[2023-11-22T19:50:22.546+0000] {logging_mixin.py:154} INFO - [2023-11-22T19:50:22.546+0000] {dag.py:3722} INFO - Setting next_dagrun for example_xcom_args_with_operators to None, run_after=None
[2023-11-22T19:50:22.557+0000] {processor.py:179} INFO - Processing /home/airflow/.local/lib/python3.8/site-packages/airflow/example_dags/example_xcomargs.py took 0.058 seconds
[2023-11-22T19:50:52.866+0000] {processor.py:157} INFO - Started process (PID=9959) to work on /home/airflow/.local/lib/python3.8/site-packages/airflow/example_dags/example_xcomargs.py
[2023-11-22T19:50:52.867+0000] {processor.py:829} INFO - Processing file /home/airflow/.local/lib/python3.8/site-packages/airflow/example_dags/example_xcomargs.py for tasks to queue
[2023-11-22T19:50:52.868+0000] {logging_mixin.py:154} INFO - [2023-11-22T19:50:52.868+0000] {dagbag.py:536} INFO - Filling up the DagBag from /home/airflow/.local/lib/python3.8/site-packages/airflow/example_dags/example_xcomargs.py
[2023-11-22T19:50:52.875+0000] {processor.py:839} INFO - DAG(s) dict_keys(['example_xcom_args_with_operators', 'example_xcom_args']) retrieved from /home/airflow/.local/lib/python3.8/site-packages/airflow/example_dags/example_xcomargs.py
[2023-11-22T19:50:52.898+0000] {logging_mixin.py:154} INFO - [2023-11-22T19:50:52.898+0000] {dag.py:2941} INFO - Sync 2 DAGs
[2023-11-22T19:50:52.908+0000] {logging_mixin.py:154} INFO - [2023-11-22T19:50:52.908+0000] {dag.py:3722} INFO - Setting next_dagrun for example_xcom_args to None, run_after=None
[2023-11-22T19:50:52.911+0000] {logging_mixin.py:154} INFO - [2023-11-22T19:50:52.910+0000] {dag.py:3722} INFO - Setting next_dagrun for example_xcom_args_with_operators to None, run_after=None
[2023-11-22T19:50:52.921+0000] {processor.py:179} INFO - Processing /home/airflow/.local/lib/python3.8/site-packages/airflow/example_dags/example_xcomargs.py took 0.058 seconds
[2023-11-22T19:51:23.340+0000] {processor.py:157} INFO - Started process (PID=10198) to work on /home/airflow/.local/lib/python3.8/site-packages/airflow/example_dags/example_xcomargs.py
[2023-11-22T19:51:23.341+0000] {processor.py:829} INFO - Processing file /home/airflow/.local/lib/python3.8/site-packages/airflow/example_dags/example_xcomargs.py for tasks to queue
[2023-11-22T19:51:23.342+0000] {logging_mixin.py:154} INFO - [2023-11-22T19:51:23.342+0000] {dagbag.py:536} INFO - Filling up the DagBag from /home/airflow/.local/lib/python3.8/site-packages/airflow/example_dags/example_xcomargs.py
[2023-11-22T19:51:23.348+0000] {processor.py:839} INFO - DAG(s) dict_keys(['example_xcom_args_with_operators', 'example_xcom_args']) retrieved from /home/airflow/.local/lib/python3.8/site-packages/airflow/example_dags/example_xcomargs.py
[2023-11-22T19:51:23.372+0000] {logging_mixin.py:154} INFO - [2023-11-22T19:51:23.371+0000] {dag.py:2941} INFO - Sync 2 DAGs
[2023-11-22T19:51:23.381+0000] {logging_mixin.py:154} INFO - [2023-11-22T19:51:23.381+0000] {dag.py:3722} INFO - Setting next_dagrun for example_xcom_args to None, run_after=None
[2023-11-22T19:51:23.384+0000] {logging_mixin.py:154} INFO - [2023-11-22T19:51:23.384+0000] {dag.py:3722} INFO - Setting next_dagrun for example_xcom_args_with_operators to None, run_after=None
[2023-11-22T19:51:23.395+0000] {processor.py:179} INFO - Processing /home/airflow/.local/lib/python3.8/site-packages/airflow/example_dags/example_xcomargs.py took 0.058 seconds
[2023-11-22T19:51:53.896+0000] {processor.py:157} INFO - Started process (PID=10435) to work on /home/airflow/.local/lib/python3.8/site-packages/airflow/example_dags/example_xcomargs.py
[2023-11-22T19:51:53.897+0000] {processor.py:829} INFO - Processing file /home/airflow/.local/lib/python3.8/site-packages/airflow/example_dags/example_xcomargs.py for tasks to queue
[2023-11-22T19:51:53.897+0000] {logging_mixin.py:154} INFO - [2023-11-22T19:51:53.897+0000] {dagbag.py:536} INFO - Filling up the DagBag from /home/airflow/.local/lib/python3.8/site-packages/airflow/example_dags/example_xcomargs.py
[2023-11-22T19:51:53.904+0000] {processor.py:839} INFO - DAG(s) dict_keys(['example_xcom_args_with_operators', 'example_xcom_args']) retrieved from /home/airflow/.local/lib/python3.8/site-packages/airflow/example_dags/example_xcomargs.py
[2023-11-22T19:51:53.926+0000] {logging_mixin.py:154} INFO - [2023-11-22T19:51:53.926+0000] {dag.py:2941} INFO - Sync 2 DAGs
[2023-11-22T19:51:54.049+0000] {logging_mixin.py:154} INFO - [2023-11-22T19:51:54.048+0000] {dag.py:3722} INFO - Setting next_dagrun for example_xcom_args to None, run_after=None
[2023-11-22T19:51:54.051+0000] {logging_mixin.py:154} INFO - [2023-11-22T19:51:54.051+0000] {dag.py:3722} INFO - Setting next_dagrun for example_xcom_args_with_operators to None, run_after=None
[2023-11-22T19:51:54.061+0000] {processor.py:179} INFO - Processing /home/airflow/.local/lib/python3.8/site-packages/airflow/example_dags/example_xcomargs.py took 0.169 seconds
[2023-11-22T19:52:24.242+0000] {processor.py:157} INFO - Started process (PID=10674) to work on /home/airflow/.local/lib/python3.8/site-packages/airflow/example_dags/example_xcomargs.py
[2023-11-22T19:52:24.242+0000] {processor.py:829} INFO - Processing file /home/airflow/.local/lib/python3.8/site-packages/airflow/example_dags/example_xcomargs.py for tasks to queue
[2023-11-22T19:52:24.243+0000] {logging_mixin.py:154} INFO - [2023-11-22T19:52:24.243+0000] {dagbag.py:536} INFO - Filling up the DagBag from /home/airflow/.local/lib/python3.8/site-packages/airflow/example_dags/example_xcomargs.py
[2023-11-22T19:52:24.250+0000] {processor.py:839} INFO - DAG(s) dict_keys(['example_xcom_args', 'example_xcom_args_with_operators']) retrieved from /home/airflow/.local/lib/python3.8/site-packages/airflow/example_dags/example_xcomargs.py
[2023-11-22T19:52:24.273+0000] {logging_mixin.py:154} INFO - [2023-11-22T19:52:24.273+0000] {dag.py:2941} INFO - Sync 2 DAGs
[2023-11-22T19:52:24.283+0000] {logging_mixin.py:154} INFO - [2023-11-22T19:52:24.283+0000] {dag.py:3722} INFO - Setting next_dagrun for example_xcom_args to None, run_after=None
[2023-11-22T19:52:24.285+0000] {logging_mixin.py:154} INFO - [2023-11-22T19:52:24.285+0000] {dag.py:3722} INFO - Setting next_dagrun for example_xcom_args_with_operators to None, run_after=None
[2023-11-22T19:52:24.296+0000] {processor.py:179} INFO - Processing /home/airflow/.local/lib/python3.8/site-packages/airflow/example_dags/example_xcomargs.py took 0.057 seconds
[2023-11-22T19:52:54.731+0000] {processor.py:157} INFO - Started process (PID=10914) to work on /home/airflow/.local/lib/python3.8/site-packages/airflow/example_dags/example_xcomargs.py
[2023-11-22T19:52:54.732+0000] {processor.py:829} INFO - Processing file /home/airflow/.local/lib/python3.8/site-packages/airflow/example_dags/example_xcomargs.py for tasks to queue
[2023-11-22T19:52:54.733+0000] {logging_mixin.py:154} INFO - [2023-11-22T19:52:54.732+0000] {dagbag.py:536} INFO - Filling up the DagBag from /home/airflow/.local/lib/python3.8/site-packages/airflow/example_dags/example_xcomargs.py
[2023-11-22T19:52:54.739+0000] {processor.py:839} INFO - DAG(s) dict_keys(['example_xcom_args', 'example_xcom_args_with_operators']) retrieved from /home/airflow/.local/lib/python3.8/site-packages/airflow/example_dags/example_xcomargs.py
[2023-11-22T19:52:54.762+0000] {logging_mixin.py:154} INFO - [2023-11-22T19:52:54.762+0000] {dag.py:2941} INFO - Sync 2 DAGs
[2023-11-22T19:52:54.772+0000] {logging_mixin.py:154} INFO - [2023-11-22T19:52:54.772+0000] {dag.py:3722} INFO - Setting next_dagrun for example_xcom_args to None, run_after=None
[2023-11-22T19:52:54.775+0000] {logging_mixin.py:154} INFO - [2023-11-22T19:52:54.775+0000] {dag.py:3722} INFO - Setting next_dagrun for example_xcom_args_with_operators to None, run_after=None
[2023-11-22T19:52:54.786+0000] {processor.py:179} INFO - Processing /home/airflow/.local/lib/python3.8/site-packages/airflow/example_dags/example_xcomargs.py took 0.058 seconds
[2023-11-22T19:53:25.227+0000] {processor.py:157} INFO - Started process (PID=11150) to work on /home/airflow/.local/lib/python3.8/site-packages/airflow/example_dags/example_xcomargs.py
[2023-11-22T19:53:25.228+0000] {processor.py:829} INFO - Processing file /home/airflow/.local/lib/python3.8/site-packages/airflow/example_dags/example_xcomargs.py for tasks to queue
[2023-11-22T19:53:25.229+0000] {logging_mixin.py:154} INFO - [2023-11-22T19:53:25.229+0000] {dagbag.py:536} INFO - Filling up the DagBag from /home/airflow/.local/lib/python3.8/site-packages/airflow/example_dags/example_xcomargs.py
[2023-11-22T19:53:25.236+0000] {processor.py:839} INFO - DAG(s) dict_keys(['example_xcom_args', 'example_xcom_args_with_operators']) retrieved from /home/airflow/.local/lib/python3.8/site-packages/airflow/example_dags/example_xcomargs.py
[2023-11-22T19:53:25.259+0000] {logging_mixin.py:154} INFO - [2023-11-22T19:53:25.259+0000] {dag.py:2941} INFO - Sync 2 DAGs
[2023-11-22T19:53:25.269+0000] {logging_mixin.py:154} INFO - [2023-11-22T19:53:25.269+0000] {dag.py:3722} INFO - Setting next_dagrun for example_xcom_args to None, run_after=None
[2023-11-22T19:53:25.272+0000] {logging_mixin.py:154} INFO - [2023-11-22T19:53:25.272+0000] {dag.py:3722} INFO - Setting next_dagrun for example_xcom_args_with_operators to None, run_after=None
[2023-11-22T19:53:25.283+0000] {processor.py:179} INFO - Processing /home/airflow/.local/lib/python3.8/site-packages/airflow/example_dags/example_xcomargs.py took 0.059 seconds
[2023-11-22T19:53:55.690+0000] {processor.py:157} INFO - Started process (PID=11389) to work on /home/airflow/.local/lib/python3.8/site-packages/airflow/example_dags/example_xcomargs.py
[2023-11-22T19:53:55.691+0000] {processor.py:829} INFO - Processing file /home/airflow/.local/lib/python3.8/site-packages/airflow/example_dags/example_xcomargs.py for tasks to queue
[2023-11-22T19:53:55.692+0000] {logging_mixin.py:154} INFO - [2023-11-22T19:53:55.692+0000] {dagbag.py:536} INFO - Filling up the DagBag from /home/airflow/.local/lib/python3.8/site-packages/airflow/example_dags/example_xcomargs.py
[2023-11-22T19:53:55.701+0000] {processor.py:839} INFO - DAG(s) dict_keys(['example_xcom_args_with_operators', 'example_xcom_args']) retrieved from /home/airflow/.local/lib/python3.8/site-packages/airflow/example_dags/example_xcomargs.py
[2023-11-22T19:53:55.730+0000] {logging_mixin.py:154} INFO - [2023-11-22T19:53:55.730+0000] {dag.py:2941} INFO - Sync 2 DAGs
[2023-11-22T19:53:55.742+0000] {logging_mixin.py:154} INFO - [2023-11-22T19:53:55.741+0000] {dag.py:3722} INFO - Setting next_dagrun for example_xcom_args to None, run_after=None
[2023-11-22T19:53:55.745+0000] {logging_mixin.py:154} INFO - [2023-11-22T19:53:55.744+0000] {dag.py:3722} INFO - Setting next_dagrun for example_xcom_args_with_operators to None, run_after=None
[2023-11-22T19:53:55.760+0000] {processor.py:179} INFO - Processing /home/airflow/.local/lib/python3.8/site-packages/airflow/example_dags/example_xcomargs.py took 0.074 seconds
[2023-11-22T20:36:13.583+0000] {processor.py:157} INFO - Started process (PID=11626) to work on /home/airflow/.local/lib/python3.8/site-packages/airflow/example_dags/example_xcomargs.py
[2023-11-22T20:36:13.584+0000] {processor.py:829} INFO - Processing file /home/airflow/.local/lib/python3.8/site-packages/airflow/example_dags/example_xcomargs.py for tasks to queue
[2023-11-22T20:36:13.585+0000] {logging_mixin.py:154} INFO - [2023-11-22T20:36:13.584+0000] {dagbag.py:536} INFO - Filling up the DagBag from /home/airflow/.local/lib/python3.8/site-packages/airflow/example_dags/example_xcomargs.py
[2023-11-22T20:36:13.592+0000] {processor.py:839} INFO - DAG(s) dict_keys(['example_xcom_args', 'example_xcom_args_with_operators']) retrieved from /home/airflow/.local/lib/python3.8/site-packages/airflow/example_dags/example_xcomargs.py
[2023-11-22T20:36:13.621+0000] {logging_mixin.py:154} INFO - [2023-11-22T20:36:13.621+0000] {dag.py:2941} INFO - Sync 2 DAGs
[2023-11-22T20:36:13.632+0000] {logging_mixin.py:154} INFO - [2023-11-22T20:36:13.632+0000] {dag.py:3722} INFO - Setting next_dagrun for example_xcom_args to None, run_after=None
[2023-11-22T20:36:13.634+0000] {logging_mixin.py:154} INFO - [2023-11-22T20:36:13.634+0000] {dag.py:3722} INFO - Setting next_dagrun for example_xcom_args_with_operators to None, run_after=None
[2023-11-22T20:36:13.645+0000] {processor.py:179} INFO - Processing /home/airflow/.local/lib/python3.8/site-packages/airflow/example_dags/example_xcomargs.py took 0.065 seconds
[2023-11-22T21:01:32.949+0000] {processor.py:157} INFO - Started process (PID=11867) to work on /home/airflow/.local/lib/python3.8/site-packages/airflow/example_dags/example_xcomargs.py
[2023-11-22T21:01:32.952+0000] {processor.py:829} INFO - Processing file /home/airflow/.local/lib/python3.8/site-packages/airflow/example_dags/example_xcomargs.py for tasks to queue
[2023-11-22T21:01:32.954+0000] {logging_mixin.py:154} INFO - [2023-11-22T21:01:32.954+0000] {dagbag.py:536} INFO - Filling up the DagBag from /home/airflow/.local/lib/python3.8/site-packages/airflow/example_dags/example_xcomargs.py
[2023-11-22T21:01:33.031+0000] {processor.py:839} INFO - DAG(s) dict_keys(['example_xcom_args_with_operators', 'example_xcom_args']) retrieved from /home/airflow/.local/lib/python3.8/site-packages/airflow/example_dags/example_xcomargs.py
[2023-11-22T21:01:33.188+0000] {logging_mixin.py:154} INFO - [2023-11-22T21:01:33.187+0000] {dag.py:2941} INFO - Sync 2 DAGs
[2023-11-22T21:01:33.217+0000] {logging_mixin.py:154} INFO - [2023-11-22T21:01:33.217+0000] {dag.py:3722} INFO - Setting next_dagrun for example_xcom_args to None, run_after=None
[2023-11-22T21:01:33.224+0000] {logging_mixin.py:154} INFO - [2023-11-22T21:01:33.224+0000] {dag.py:3722} INFO - Setting next_dagrun for example_xcom_args_with_operators to None, run_after=None
[2023-11-22T21:01:33.258+0000] {processor.py:179} INFO - Processing /home/airflow/.local/lib/python3.8/site-packages/airflow/example_dags/example_xcomargs.py took 0.317 seconds
[2023-11-22T21:02:03.777+0000] {processor.py:157} INFO - Started process (PID=12105) to work on /home/airflow/.local/lib/python3.8/site-packages/airflow/example_dags/example_xcomargs.py
[2023-11-22T21:02:03.778+0000] {processor.py:829} INFO - Processing file /home/airflow/.local/lib/python3.8/site-packages/airflow/example_dags/example_xcomargs.py for tasks to queue
[2023-11-22T21:02:03.779+0000] {logging_mixin.py:154} INFO - [2023-11-22T21:02:03.778+0000] {dagbag.py:536} INFO - Filling up the DagBag from /home/airflow/.local/lib/python3.8/site-packages/airflow/example_dags/example_xcomargs.py
[2023-11-22T21:02:03.786+0000] {processor.py:839} INFO - DAG(s) dict_keys(['example_xcom_args', 'example_xcom_args_with_operators']) retrieved from /home/airflow/.local/lib/python3.8/site-packages/airflow/example_dags/example_xcomargs.py
[2023-11-22T21:02:03.809+0000] {logging_mixin.py:154} INFO - [2023-11-22T21:02:03.809+0000] {dag.py:2941} INFO - Sync 2 DAGs
[2023-11-22T21:02:03.820+0000] {logging_mixin.py:154} INFO - [2023-11-22T21:02:03.820+0000] {dag.py:3722} INFO - Setting next_dagrun for example_xcom_args to None, run_after=None
[2023-11-22T21:02:03.823+0000] {logging_mixin.py:154} INFO - [2023-11-22T21:02:03.823+0000] {dag.py:3722} INFO - Setting next_dagrun for example_xcom_args_with_operators to None, run_after=None
[2023-11-22T21:02:03.839+0000] {processor.py:179} INFO - Processing /home/airflow/.local/lib/python3.8/site-packages/airflow/example_dags/example_xcomargs.py took 0.066 seconds
[2023-11-22T21:02:34.028+0000] {processor.py:157} INFO - Started process (PID=12345) to work on /home/airflow/.local/lib/python3.8/site-packages/airflow/example_dags/example_xcomargs.py
[2023-11-22T21:02:34.029+0000] {processor.py:829} INFO - Processing file /home/airflow/.local/lib/python3.8/site-packages/airflow/example_dags/example_xcomargs.py for tasks to queue
[2023-11-22T21:02:34.030+0000] {logging_mixin.py:154} INFO - [2023-11-22T21:02:34.030+0000] {dagbag.py:536} INFO - Filling up the DagBag from /home/airflow/.local/lib/python3.8/site-packages/airflow/example_dags/example_xcomargs.py
[2023-11-22T21:02:34.038+0000] {processor.py:839} INFO - DAG(s) dict_keys(['example_xcom_args', 'example_xcom_args_with_operators']) retrieved from /home/airflow/.local/lib/python3.8/site-packages/airflow/example_dags/example_xcomargs.py
[2023-11-22T21:02:34.064+0000] {logging_mixin.py:154} INFO - [2023-11-22T21:02:34.064+0000] {dag.py:2941} INFO - Sync 2 DAGs
[2023-11-22T21:02:34.075+0000] {logging_mixin.py:154} INFO - [2023-11-22T21:02:34.074+0000] {dag.py:3722} INFO - Setting next_dagrun for example_xcom_args to None, run_after=None
[2023-11-22T21:02:34.077+0000] {logging_mixin.py:154} INFO - [2023-11-22T21:02:34.077+0000] {dag.py:3722} INFO - Setting next_dagrun for example_xcom_args_with_operators to None, run_after=None
[2023-11-22T21:02:34.089+0000] {processor.py:179} INFO - Processing /home/airflow/.local/lib/python3.8/site-packages/airflow/example_dags/example_xcomargs.py took 0.064 seconds
[2023-11-22T21:03:04.521+0000] {processor.py:157} INFO - Started process (PID=12581) to work on /home/airflow/.local/lib/python3.8/site-packages/airflow/example_dags/example_xcomargs.py
[2023-11-22T21:03:04.521+0000] {processor.py:829} INFO - Processing file /home/airflow/.local/lib/python3.8/site-packages/airflow/example_dags/example_xcomargs.py for tasks to queue
[2023-11-22T21:03:04.522+0000] {logging_mixin.py:154} INFO - [2023-11-22T21:03:04.522+0000] {dagbag.py:536} INFO - Filling up the DagBag from /home/airflow/.local/lib/python3.8/site-packages/airflow/example_dags/example_xcomargs.py
[2023-11-22T21:03:04.529+0000] {processor.py:839} INFO - DAG(s) dict_keys(['example_xcom_args', 'example_xcom_args_with_operators']) retrieved from /home/airflow/.local/lib/python3.8/site-packages/airflow/example_dags/example_xcomargs.py
[2023-11-22T21:03:04.551+0000] {logging_mixin.py:154} INFO - [2023-11-22T21:03:04.551+0000] {dag.py:2941} INFO - Sync 2 DAGs
[2023-11-22T21:03:04.561+0000] {logging_mixin.py:154} INFO - [2023-11-22T21:03:04.561+0000] {dag.py:3722} INFO - Setting next_dagrun for example_xcom_args to None, run_after=None
[2023-11-22T21:03:04.564+0000] {logging_mixin.py:154} INFO - [2023-11-22T21:03:04.563+0000] {dag.py:3722} INFO - Setting next_dagrun for example_xcom_args_with_operators to None, run_after=None
[2023-11-22T21:03:04.574+0000] {processor.py:179} INFO - Processing /home/airflow/.local/lib/python3.8/site-packages/airflow/example_dags/example_xcomargs.py took 0.057 seconds
[2023-11-22T21:03:35.213+0000] {processor.py:157} INFO - Started process (PID=12821) to work on /home/airflow/.local/lib/python3.8/site-packages/airflow/example_dags/example_xcomargs.py
[2023-11-22T21:03:35.214+0000] {processor.py:829} INFO - Processing file /home/airflow/.local/lib/python3.8/site-packages/airflow/example_dags/example_xcomargs.py for tasks to queue
[2023-11-22T21:03:35.215+0000] {logging_mixin.py:154} INFO - [2023-11-22T21:03:35.214+0000] {dagbag.py:536} INFO - Filling up the DagBag from /home/airflow/.local/lib/python3.8/site-packages/airflow/example_dags/example_xcomargs.py
[2023-11-22T21:03:35.222+0000] {processor.py:839} INFO - DAG(s) dict_keys(['example_xcom_args', 'example_xcom_args_with_operators']) retrieved from /home/airflow/.local/lib/python3.8/site-packages/airflow/example_dags/example_xcomargs.py
[2023-11-22T21:03:35.247+0000] {logging_mixin.py:154} INFO - [2023-11-22T21:03:35.247+0000] {dag.py:2941} INFO - Sync 2 DAGs
[2023-11-22T21:03:35.258+0000] {logging_mixin.py:154} INFO - [2023-11-22T21:03:35.258+0000] {dag.py:3722} INFO - Setting next_dagrun for example_xcom_args to None, run_after=None
[2023-11-22T21:03:35.261+0000] {logging_mixin.py:154} INFO - [2023-11-22T21:03:35.261+0000] {dag.py:3722} INFO - Setting next_dagrun for example_xcom_args_with_operators to None, run_after=None
[2023-11-22T21:03:35.273+0000] {processor.py:179} INFO - Processing /home/airflow/.local/lib/python3.8/site-packages/airflow/example_dags/example_xcomargs.py took 0.063 seconds
[2023-11-22T21:04:05.924+0000] {processor.py:157} INFO - Started process (PID=13059) to work on /home/airflow/.local/lib/python3.8/site-packages/airflow/example_dags/example_xcomargs.py
[2023-11-22T21:04:05.925+0000] {processor.py:829} INFO - Processing file /home/airflow/.local/lib/python3.8/site-packages/airflow/example_dags/example_xcomargs.py for tasks to queue
[2023-11-22T21:04:05.926+0000] {logging_mixin.py:154} INFO - [2023-11-22T21:04:05.926+0000] {dagbag.py:536} INFO - Filling up the DagBag from /home/airflow/.local/lib/python3.8/site-packages/airflow/example_dags/example_xcomargs.py
[2023-11-22T21:04:05.933+0000] {processor.py:839} INFO - DAG(s) dict_keys(['example_xcom_args', 'example_xcom_args_with_operators']) retrieved from /home/airflow/.local/lib/python3.8/site-packages/airflow/example_dags/example_xcomargs.py
[2023-11-22T21:04:05.957+0000] {logging_mixin.py:154} INFO - [2023-11-22T21:04:05.957+0000] {dag.py:2941} INFO - Sync 2 DAGs
[2023-11-22T21:04:05.968+0000] {logging_mixin.py:154} INFO - [2023-11-22T21:04:05.968+0000] {dag.py:3722} INFO - Setting next_dagrun for example_xcom_args to None, run_after=None
[2023-11-22T21:04:05.970+0000] {logging_mixin.py:154} INFO - [2023-11-22T21:04:05.970+0000] {dag.py:3722} INFO - Setting next_dagrun for example_xcom_args_with_operators to None, run_after=None
[2023-11-22T21:04:05.983+0000] {processor.py:179} INFO - Processing /home/airflow/.local/lib/python3.8/site-packages/airflow/example_dags/example_xcomargs.py took 0.062 seconds
[2023-11-22T21:04:36.552+0000] {processor.py:157} INFO - Started process (PID=13297) to work on /home/airflow/.local/lib/python3.8/site-packages/airflow/example_dags/example_xcomargs.py
[2023-11-22T21:04:36.553+0000] {processor.py:829} INFO - Processing file /home/airflow/.local/lib/python3.8/site-packages/airflow/example_dags/example_xcomargs.py for tasks to queue
[2023-11-22T21:04:36.554+0000] {logging_mixin.py:154} INFO - [2023-11-22T21:04:36.554+0000] {dagbag.py:536} INFO - Filling up the DagBag from /home/airflow/.local/lib/python3.8/site-packages/airflow/example_dags/example_xcomargs.py
[2023-11-22T21:04:36.566+0000] {processor.py:839} INFO - DAG(s) dict_keys(['example_xcom_args_with_operators', 'example_xcom_args']) retrieved from /home/airflow/.local/lib/python3.8/site-packages/airflow/example_dags/example_xcomargs.py
[2023-11-22T21:04:36.592+0000] {logging_mixin.py:154} INFO - [2023-11-22T21:04:36.592+0000] {dag.py:2941} INFO - Sync 2 DAGs
[2023-11-22T21:04:36.604+0000] {logging_mixin.py:154} INFO - [2023-11-22T21:04:36.604+0000] {dag.py:3722} INFO - Setting next_dagrun for example_xcom_args to None, run_after=None
[2023-11-22T21:04:36.607+0000] {logging_mixin.py:154} INFO - [2023-11-22T21:04:36.607+0000] {dag.py:3722} INFO - Setting next_dagrun for example_xcom_args_with_operators to None, run_after=None
[2023-11-22T21:04:36.620+0000] {processor.py:179} INFO - Processing /home/airflow/.local/lib/python3.8/site-packages/airflow/example_dags/example_xcomargs.py took 0.073 seconds
[2023-11-22T21:05:06.900+0000] {processor.py:157} INFO - Started process (PID=13533) to work on /home/airflow/.local/lib/python3.8/site-packages/airflow/example_dags/example_xcomargs.py
[2023-11-22T21:05:06.901+0000] {processor.py:829} INFO - Processing file /home/airflow/.local/lib/python3.8/site-packages/airflow/example_dags/example_xcomargs.py for tasks to queue
[2023-11-22T21:05:06.902+0000] {logging_mixin.py:154} INFO - [2023-11-22T21:05:06.902+0000] {dagbag.py:536} INFO - Filling up the DagBag from /home/airflow/.local/lib/python3.8/site-packages/airflow/example_dags/example_xcomargs.py
[2023-11-22T21:05:06.909+0000] {processor.py:839} INFO - DAG(s) dict_keys(['example_xcom_args_with_operators', 'example_xcom_args']) retrieved from /home/airflow/.local/lib/python3.8/site-packages/airflow/example_dags/example_xcomargs.py
[2023-11-22T21:05:06.933+0000] {logging_mixin.py:154} INFO - [2023-11-22T21:05:06.933+0000] {dag.py:2941} INFO - Sync 2 DAGs
[2023-11-22T21:05:06.944+0000] {logging_mixin.py:154} INFO - [2023-11-22T21:05:06.943+0000] {dag.py:3722} INFO - Setting next_dagrun for example_xcom_args to None, run_after=None
[2023-11-22T21:05:06.946+0000] {logging_mixin.py:154} INFO - [2023-11-22T21:05:06.946+0000] {dag.py:3722} INFO - Setting next_dagrun for example_xcom_args_with_operators to None, run_after=None
[2023-11-22T21:05:06.959+0000] {processor.py:179} INFO - Processing /home/airflow/.local/lib/python3.8/site-packages/airflow/example_dags/example_xcomargs.py took 0.062 seconds
[2023-11-22T21:05:37.603+0000] {processor.py:157} INFO - Started process (PID=13772) to work on /home/airflow/.local/lib/python3.8/site-packages/airflow/example_dags/example_xcomargs.py
[2023-11-22T21:05:37.604+0000] {processor.py:829} INFO - Processing file /home/airflow/.local/lib/python3.8/site-packages/airflow/example_dags/example_xcomargs.py for tasks to queue
[2023-11-22T21:05:37.605+0000] {logging_mixin.py:154} INFO - [2023-11-22T21:05:37.605+0000] {dagbag.py:536} INFO - Filling up the DagBag from /home/airflow/.local/lib/python3.8/site-packages/airflow/example_dags/example_xcomargs.py
[2023-11-22T21:05:37.613+0000] {processor.py:839} INFO - DAG(s) dict_keys(['example_xcom_args', 'example_xcom_args_with_operators']) retrieved from /home/airflow/.local/lib/python3.8/site-packages/airflow/example_dags/example_xcomargs.py
[2023-11-22T21:05:37.640+0000] {logging_mixin.py:154} INFO - [2023-11-22T21:05:37.640+0000] {dag.py:2941} INFO - Sync 2 DAGs
[2023-11-22T21:05:37.650+0000] {logging_mixin.py:154} INFO - [2023-11-22T21:05:37.650+0000] {dag.py:3722} INFO - Setting next_dagrun for example_xcom_args to None, run_after=None
[2023-11-22T21:05:37.654+0000] {logging_mixin.py:154} INFO - [2023-11-22T21:05:37.654+0000] {dag.py:3722} INFO - Setting next_dagrun for example_xcom_args_with_operators to None, run_after=None
[2023-11-22T21:05:37.669+0000] {processor.py:179} INFO - Processing /home/airflow/.local/lib/python3.8/site-packages/airflow/example_dags/example_xcomargs.py took 0.069 seconds
[2023-11-22T21:06:07.765+0000] {processor.py:157} INFO - Started process (PID=14010) to work on /home/airflow/.local/lib/python3.8/site-packages/airflow/example_dags/example_xcomargs.py
[2023-11-22T21:06:07.766+0000] {processor.py:829} INFO - Processing file /home/airflow/.local/lib/python3.8/site-packages/airflow/example_dags/example_xcomargs.py for tasks to queue
[2023-11-22T21:06:07.767+0000] {logging_mixin.py:154} INFO - [2023-11-22T21:06:07.767+0000] {dagbag.py:536} INFO - Filling up the DagBag from /home/airflow/.local/lib/python3.8/site-packages/airflow/example_dags/example_xcomargs.py
[2023-11-22T21:06:07.774+0000] {processor.py:839} INFO - DAG(s) dict_keys(['example_xcom_args_with_operators', 'example_xcom_args']) retrieved from /home/airflow/.local/lib/python3.8/site-packages/airflow/example_dags/example_xcomargs.py
[2023-11-22T21:06:07.800+0000] {logging_mixin.py:154} INFO - [2023-11-22T21:06:07.800+0000] {dag.py:2941} INFO - Sync 2 DAGs
[2023-11-22T21:06:07.811+0000] {logging_mixin.py:154} INFO - [2023-11-22T21:06:07.811+0000] {dag.py:3722} INFO - Setting next_dagrun for example_xcom_args to None, run_after=None
[2023-11-22T21:06:07.814+0000] {logging_mixin.py:154} INFO - [2023-11-22T21:06:07.814+0000] {dag.py:3722} INFO - Setting next_dagrun for example_xcom_args_with_operators to None, run_after=None
[2023-11-22T21:06:07.830+0000] {processor.py:179} INFO - Processing /home/airflow/.local/lib/python3.8/site-packages/airflow/example_dags/example_xcomargs.py took 0.069 seconds
[2023-11-22T21:06:37.922+0000] {processor.py:157} INFO - Started process (PID=14248) to work on /home/airflow/.local/lib/python3.8/site-packages/airflow/example_dags/example_xcomargs.py
[2023-11-22T21:06:37.923+0000] {processor.py:829} INFO - Processing file /home/airflow/.local/lib/python3.8/site-packages/airflow/example_dags/example_xcomargs.py for tasks to queue
[2023-11-22T21:06:37.924+0000] {logging_mixin.py:154} INFO - [2023-11-22T21:06:37.923+0000] {dagbag.py:536} INFO - Filling up the DagBag from /home/airflow/.local/lib/python3.8/site-packages/airflow/example_dags/example_xcomargs.py
[2023-11-22T21:06:37.931+0000] {processor.py:839} INFO - DAG(s) dict_keys(['example_xcom_args_with_operators', 'example_xcom_args']) retrieved from /home/airflow/.local/lib/python3.8/site-packages/airflow/example_dags/example_xcomargs.py
[2023-11-22T21:06:37.955+0000] {logging_mixin.py:154} INFO - [2023-11-22T21:06:37.955+0000] {dag.py:2941} INFO - Sync 2 DAGs
[2023-11-22T21:06:37.967+0000] {logging_mixin.py:154} INFO - [2023-11-22T21:06:37.966+0000] {dag.py:3722} INFO - Setting next_dagrun for example_xcom_args to None, run_after=None
[2023-11-22T21:06:37.969+0000] {logging_mixin.py:154} INFO - [2023-11-22T21:06:37.969+0000] {dag.py:3722} INFO - Setting next_dagrun for example_xcom_args_with_operators to None, run_after=None
[2023-11-22T21:06:37.981+0000] {processor.py:179} INFO - Processing /home/airflow/.local/lib/python3.8/site-packages/airflow/example_dags/example_xcomargs.py took 0.062 seconds
[2023-11-22T21:07:08.680+0000] {processor.py:157} INFO - Started process (PID=14484) to work on /home/airflow/.local/lib/python3.8/site-packages/airflow/example_dags/example_xcomargs.py
[2023-11-22T21:07:08.682+0000] {processor.py:829} INFO - Processing file /home/airflow/.local/lib/python3.8/site-packages/airflow/example_dags/example_xcomargs.py for tasks to queue
[2023-11-22T21:07:08.684+0000] {logging_mixin.py:154} INFO - [2023-11-22T21:07:08.683+0000] {dagbag.py:536} INFO - Filling up the DagBag from /home/airflow/.local/lib/python3.8/site-packages/airflow/example_dags/example_xcomargs.py
[2023-11-22T21:07:08.699+0000] {processor.py:839} INFO - DAG(s) dict_keys(['example_xcom_args_with_operators', 'example_xcom_args']) retrieved from /home/airflow/.local/lib/python3.8/site-packages/airflow/example_dags/example_xcomargs.py
[2023-11-22T21:07:08.736+0000] {logging_mixin.py:154} INFO - [2023-11-22T21:07:08.736+0000] {dag.py:2941} INFO - Sync 2 DAGs
[2023-11-22T21:07:08.750+0000] {logging_mixin.py:154} INFO - [2023-11-22T21:07:08.750+0000] {dag.py:3722} INFO - Setting next_dagrun for example_xcom_args to None, run_after=None
[2023-11-22T21:07:08.754+0000] {logging_mixin.py:154} INFO - [2023-11-22T21:07:08.754+0000] {dag.py:3722} INFO - Setting next_dagrun for example_xcom_args_with_operators to None, run_after=None
[2023-11-22T21:07:08.769+0000] {processor.py:179} INFO - Processing /home/airflow/.local/lib/python3.8/site-packages/airflow/example_dags/example_xcomargs.py took 0.095 seconds
[2023-11-22T21:07:39.041+0000] {processor.py:157} INFO - Started process (PID=14722) to work on /home/airflow/.local/lib/python3.8/site-packages/airflow/example_dags/example_xcomargs.py
[2023-11-22T21:07:39.042+0000] {processor.py:829} INFO - Processing file /home/airflow/.local/lib/python3.8/site-packages/airflow/example_dags/example_xcomargs.py for tasks to queue
[2023-11-22T21:07:39.043+0000] {logging_mixin.py:154} INFO - [2023-11-22T21:07:39.043+0000] {dagbag.py:536} INFO - Filling up the DagBag from /home/airflow/.local/lib/python3.8/site-packages/airflow/example_dags/example_xcomargs.py
[2023-11-22T21:07:39.050+0000] {processor.py:839} INFO - DAG(s) dict_keys(['example_xcom_args_with_operators', 'example_xcom_args']) retrieved from /home/airflow/.local/lib/python3.8/site-packages/airflow/example_dags/example_xcomargs.py
[2023-11-22T21:07:39.072+0000] {logging_mixin.py:154} INFO - [2023-11-22T21:07:39.072+0000] {dag.py:2941} INFO - Sync 2 DAGs
[2023-11-22T21:07:39.082+0000] {logging_mixin.py:154} INFO - [2023-11-22T21:07:39.081+0000] {dag.py:3722} INFO - Setting next_dagrun for example_xcom_args to None, run_after=None
[2023-11-22T21:07:39.084+0000] {logging_mixin.py:154} INFO - [2023-11-22T21:07:39.084+0000] {dag.py:3722} INFO - Setting next_dagrun for example_xcom_args_with_operators to None, run_after=None
[2023-11-22T21:07:39.096+0000] {processor.py:179} INFO - Processing /home/airflow/.local/lib/python3.8/site-packages/airflow/example_dags/example_xcomargs.py took 0.058 seconds
[2023-11-22T21:08:09.603+0000] {processor.py:157} INFO - Started process (PID=14962) to work on /home/airflow/.local/lib/python3.8/site-packages/airflow/example_dags/example_xcomargs.py
[2023-11-22T21:08:09.604+0000] {processor.py:829} INFO - Processing file /home/airflow/.local/lib/python3.8/site-packages/airflow/example_dags/example_xcomargs.py for tasks to queue
[2023-11-22T21:08:09.604+0000] {logging_mixin.py:154} INFO - [2023-11-22T21:08:09.604+0000] {dagbag.py:536} INFO - Filling up the DagBag from /home/airflow/.local/lib/python3.8/site-packages/airflow/example_dags/example_xcomargs.py
[2023-11-22T21:08:09.611+0000] {processor.py:839} INFO - DAG(s) dict_keys(['example_xcom_args', 'example_xcom_args_with_operators']) retrieved from /home/airflow/.local/lib/python3.8/site-packages/airflow/example_dags/example_xcomargs.py
[2023-11-22T21:08:09.636+0000] {logging_mixin.py:154} INFO - [2023-11-22T21:08:09.636+0000] {dag.py:2941} INFO - Sync 2 DAGs
[2023-11-22T21:08:09.646+0000] {logging_mixin.py:154} INFO - [2023-11-22T21:08:09.646+0000] {dag.py:3722} INFO - Setting next_dagrun for example_xcom_args to None, run_after=None
[2023-11-22T21:08:09.649+0000] {logging_mixin.py:154} INFO - [2023-11-22T21:08:09.649+0000] {dag.py:3722} INFO - Setting next_dagrun for example_xcom_args_with_operators to None, run_after=None
[2023-11-22T21:08:09.660+0000] {processor.py:179} INFO - Processing /home/airflow/.local/lib/python3.8/site-packages/airflow/example_dags/example_xcomargs.py took 0.060 seconds
[2023-11-22T21:08:40.603+0000] {processor.py:157} INFO - Started process (PID=15198) to work on /home/airflow/.local/lib/python3.8/site-packages/airflow/example_dags/example_xcomargs.py
[2023-11-22T21:08:40.604+0000] {processor.py:829} INFO - Processing file /home/airflow/.local/lib/python3.8/site-packages/airflow/example_dags/example_xcomargs.py for tasks to queue
[2023-11-22T21:08:40.605+0000] {logging_mixin.py:154} INFO - [2023-11-22T21:08:40.605+0000] {dagbag.py:536} INFO - Filling up the DagBag from /home/airflow/.local/lib/python3.8/site-packages/airflow/example_dags/example_xcomargs.py
[2023-11-22T21:08:40.614+0000] {processor.py:839} INFO - DAG(s) dict_keys(['example_xcom_args', 'example_xcom_args_with_operators']) retrieved from /home/airflow/.local/lib/python3.8/site-packages/airflow/example_dags/example_xcomargs.py
[2023-11-22T21:08:40.640+0000] {logging_mixin.py:154} INFO - [2023-11-22T21:08:40.639+0000] {dag.py:2941} INFO - Sync 2 DAGs
[2023-11-22T21:08:40.651+0000] {logging_mixin.py:154} INFO - [2023-11-22T21:08:40.651+0000] {dag.py:3722} INFO - Setting next_dagrun for example_xcom_args to None, run_after=None
[2023-11-22T21:08:40.653+0000] {logging_mixin.py:154} INFO - [2023-11-22T21:08:40.653+0000] {dag.py:3722} INFO - Setting next_dagrun for example_xcom_args_with_operators to None, run_after=None
[2023-11-22T21:08:40.667+0000] {processor.py:179} INFO - Processing /home/airflow/.local/lib/python3.8/site-packages/airflow/example_dags/example_xcomargs.py took 0.068 seconds
[2023-11-22T21:09:40.754+0000] {processor.py:157} INFO - Started process (PID=197) to work on /home/airflow/.local/lib/python3.8/site-packages/airflow/example_dags/example_xcomargs.py
[2023-11-22T21:09:40.755+0000] {processor.py:829} INFO - Processing file /home/airflow/.local/lib/python3.8/site-packages/airflow/example_dags/example_xcomargs.py for tasks to queue
[2023-11-22T21:09:40.757+0000] {logging_mixin.py:154} INFO - [2023-11-22T21:09:40.756+0000] {dagbag.py:536} INFO - Filling up the DagBag from /home/airflow/.local/lib/python3.8/site-packages/airflow/example_dags/example_xcomargs.py
[2023-11-22T21:09:40.769+0000] {processor.py:839} INFO - DAG(s) dict_keys(['example_xcom_args', 'example_xcom_args_with_operators']) retrieved from /home/airflow/.local/lib/python3.8/site-packages/airflow/example_dags/example_xcomargs.py
[2023-11-22T21:09:40.797+0000] {logging_mixin.py:154} INFO - [2023-11-22T21:09:40.796+0000] {dag.py:2941} INFO - Sync 2 DAGs
[2023-11-22T21:09:40.815+0000] {logging_mixin.py:154} INFO - [2023-11-22T21:09:40.814+0000] {dag.py:3722} INFO - Setting next_dagrun for example_xcom_args to None, run_after=None
[2023-11-22T21:09:40.821+0000] {logging_mixin.py:154} INFO - [2023-11-22T21:09:40.821+0000] {dag.py:3722} INFO - Setting next_dagrun for example_xcom_args_with_operators to None, run_after=None
[2023-11-22T21:09:40.840+0000] {processor.py:179} INFO - Processing /home/airflow/.local/lib/python3.8/site-packages/airflow/example_dags/example_xcomargs.py took 0.090 seconds
[2023-11-22T21:10:11.063+0000] {processor.py:157} INFO - Started process (PID=438) to work on /home/airflow/.local/lib/python3.8/site-packages/airflow/example_dags/example_xcomargs.py
[2023-11-22T21:10:11.065+0000] {processor.py:829} INFO - Processing file /home/airflow/.local/lib/python3.8/site-packages/airflow/example_dags/example_xcomargs.py for tasks to queue
[2023-11-22T21:10:11.066+0000] {logging_mixin.py:154} INFO - [2023-11-22T21:10:11.065+0000] {dagbag.py:536} INFO - Filling up the DagBag from /home/airflow/.local/lib/python3.8/site-packages/airflow/example_dags/example_xcomargs.py
[2023-11-22T21:10:11.073+0000] {processor.py:839} INFO - DAG(s) dict_keys(['example_xcom_args_with_operators', 'example_xcom_args']) retrieved from /home/airflow/.local/lib/python3.8/site-packages/airflow/example_dags/example_xcomargs.py
[2023-11-22T21:10:11.098+0000] {logging_mixin.py:154} INFO - [2023-11-22T21:10:11.098+0000] {dag.py:2941} INFO - Sync 2 DAGs
[2023-11-22T21:10:11.109+0000] {logging_mixin.py:154} INFO - [2023-11-22T21:10:11.109+0000] {dag.py:3722} INFO - Setting next_dagrun for example_xcom_args to None, run_after=None
[2023-11-22T21:10:11.112+0000] {logging_mixin.py:154} INFO - [2023-11-22T21:10:11.111+0000] {dag.py:3722} INFO - Setting next_dagrun for example_xcom_args_with_operators to None, run_after=None
[2023-11-22T21:10:11.124+0000] {processor.py:179} INFO - Processing /home/airflow/.local/lib/python3.8/site-packages/airflow/example_dags/example_xcomargs.py took 0.063 seconds
