[2023-11-22T19:30:05.364+0000] {processor.py:157} INFO - Started process (PID=257) to work on /home/airflow/.local/lib/python3.8/site-packages/airflow/example_dags/example_dynamic_task_mapping.py
[2023-11-22T19:30:05.365+0000] {processor.py:829} INFO - Processing file /home/airflow/.local/lib/python3.8/site-packages/airflow/example_dags/example_dynamic_task_mapping.py for tasks to queue
[2023-11-22T19:30:05.367+0000] {logging_mixin.py:154} INFO - [2023-11-22T19:30:05.366+0000] {dagbag.py:536} INFO - Filling up the DagBag from /home/airflow/.local/lib/python3.8/site-packages/airflow/example_dags/example_dynamic_task_mapping.py
[2023-11-22T19:30:05.377+0000] {processor.py:839} INFO - DAG(s) dict_keys(['example_dynamic_task_mapping']) retrieved from /home/airflow/.local/lib/python3.8/site-packages/airflow/example_dags/example_dynamic_task_mapping.py
[2023-11-22T19:30:05.404+0000] {logging_mixin.py:154} INFO - [2023-11-22T19:30:05.404+0000] {dag.py:2941} INFO - Sync 1 DAGs
[2023-11-22T19:30:05.436+0000] {logging_mixin.py:154} INFO - [2023-11-22T19:30:05.435+0000] {dag.py:3722} INFO - Setting next_dagrun for example_dynamic_task_mapping to 2022-03-04T00:00:00+00:00, run_after=2022-03-05T00:00:00+00:00
[2023-11-22T19:30:05.463+0000] {processor.py:179} INFO - Processing /home/airflow/.local/lib/python3.8/site-packages/airflow/example_dags/example_dynamic_task_mapping.py took 0.106 seconds
[2023-11-22T19:30:36.451+0000] {processor.py:157} INFO - Started process (PID=497) to work on /home/airflow/.local/lib/python3.8/site-packages/airflow/example_dags/example_dynamic_task_mapping.py
[2023-11-22T19:30:36.452+0000] {processor.py:829} INFO - Processing file /home/airflow/.local/lib/python3.8/site-packages/airflow/example_dags/example_dynamic_task_mapping.py for tasks to queue
[2023-11-22T19:30:36.452+0000] {logging_mixin.py:154} INFO - [2023-11-22T19:30:36.452+0000] {dagbag.py:536} INFO - Filling up the DagBag from /home/airflow/.local/lib/python3.8/site-packages/airflow/example_dags/example_dynamic_task_mapping.py
[2023-11-22T19:30:36.459+0000] {processor.py:839} INFO - DAG(s) dict_keys(['example_dynamic_task_mapping']) retrieved from /home/airflow/.local/lib/python3.8/site-packages/airflow/example_dags/example_dynamic_task_mapping.py
[2023-11-22T19:30:36.479+0000] {logging_mixin.py:154} INFO - [2023-11-22T19:30:36.479+0000] {dag.py:2941} INFO - Sync 1 DAGs
[2023-11-22T19:30:36.495+0000] {logging_mixin.py:154} INFO - [2023-11-22T19:30:36.495+0000] {dag.py:3722} INFO - Setting next_dagrun for example_dynamic_task_mapping to 2022-03-04T00:00:00+00:00, run_after=2022-03-05T00:00:00+00:00
[2023-11-22T19:30:36.506+0000] {processor.py:179} INFO - Processing /home/airflow/.local/lib/python3.8/site-packages/airflow/example_dags/example_dynamic_task_mapping.py took 0.059 seconds
[2023-11-22T19:31:07.054+0000] {processor.py:157} INFO - Started process (PID=733) to work on /home/airflow/.local/lib/python3.8/site-packages/airflow/example_dags/example_dynamic_task_mapping.py
[2023-11-22T19:31:07.056+0000] {processor.py:829} INFO - Processing file /home/airflow/.local/lib/python3.8/site-packages/airflow/example_dags/example_dynamic_task_mapping.py for tasks to queue
[2023-11-22T19:31:07.056+0000] {logging_mixin.py:154} INFO - [2023-11-22T19:31:07.056+0000] {dagbag.py:536} INFO - Filling up the DagBag from /home/airflow/.local/lib/python3.8/site-packages/airflow/example_dags/example_dynamic_task_mapping.py
[2023-11-22T19:31:07.063+0000] {processor.py:839} INFO - DAG(s) dict_keys(['example_dynamic_task_mapping']) retrieved from /home/airflow/.local/lib/python3.8/site-packages/airflow/example_dags/example_dynamic_task_mapping.py
[2023-11-22T19:31:07.083+0000] {logging_mixin.py:154} INFO - [2023-11-22T19:31:07.083+0000] {dag.py:2941} INFO - Sync 1 DAGs
[2023-11-22T19:31:07.100+0000] {logging_mixin.py:154} INFO - [2023-11-22T19:31:07.100+0000] {dag.py:3722} INFO - Setting next_dagrun for example_dynamic_task_mapping to 2022-03-04T00:00:00+00:00, run_after=2022-03-05T00:00:00+00:00
[2023-11-22T19:31:07.115+0000] {processor.py:179} INFO - Processing /home/airflow/.local/lib/python3.8/site-packages/airflow/example_dags/example_dynamic_task_mapping.py took 0.064 seconds
[2023-11-22T19:31:37.764+0000] {processor.py:157} INFO - Started process (PID=973) to work on /home/airflow/.local/lib/python3.8/site-packages/airflow/example_dags/example_dynamic_task_mapping.py
[2023-11-22T19:31:37.766+0000] {processor.py:829} INFO - Processing file /home/airflow/.local/lib/python3.8/site-packages/airflow/example_dags/example_dynamic_task_mapping.py for tasks to queue
[2023-11-22T19:31:37.768+0000] {logging_mixin.py:154} INFO - [2023-11-22T19:31:37.767+0000] {dagbag.py:536} INFO - Filling up the DagBag from /home/airflow/.local/lib/python3.8/site-packages/airflow/example_dags/example_dynamic_task_mapping.py
[2023-11-22T19:31:37.777+0000] {processor.py:839} INFO - DAG(s) dict_keys(['example_dynamic_task_mapping']) retrieved from /home/airflow/.local/lib/python3.8/site-packages/airflow/example_dags/example_dynamic_task_mapping.py
[2023-11-22T19:31:37.803+0000] {logging_mixin.py:154} INFO - [2023-11-22T19:31:37.803+0000] {dag.py:2941} INFO - Sync 1 DAGs
[2023-11-22T19:31:37.825+0000] {logging_mixin.py:154} INFO - [2023-11-22T19:31:37.825+0000] {dag.py:3722} INFO - Setting next_dagrun for example_dynamic_task_mapping to 2022-03-04T00:00:00+00:00, run_after=2022-03-05T00:00:00+00:00
[2023-11-22T19:31:37.853+0000] {processor.py:179} INFO - Processing /home/airflow/.local/lib/python3.8/site-packages/airflow/example_dags/example_dynamic_task_mapping.py took 0.094 seconds
[2023-11-22T19:32:08.248+0000] {processor.py:157} INFO - Started process (PID=1209) to work on /home/airflow/.local/lib/python3.8/site-packages/airflow/example_dags/example_dynamic_task_mapping.py
[2023-11-22T19:32:08.249+0000] {processor.py:829} INFO - Processing file /home/airflow/.local/lib/python3.8/site-packages/airflow/example_dags/example_dynamic_task_mapping.py for tasks to queue
[2023-11-22T19:32:08.249+0000] {logging_mixin.py:154} INFO - [2023-11-22T19:32:08.249+0000] {dagbag.py:536} INFO - Filling up the DagBag from /home/airflow/.local/lib/python3.8/site-packages/airflow/example_dags/example_dynamic_task_mapping.py
[2023-11-22T19:32:08.256+0000] {processor.py:839} INFO - DAG(s) dict_keys(['example_dynamic_task_mapping']) retrieved from /home/airflow/.local/lib/python3.8/site-packages/airflow/example_dags/example_dynamic_task_mapping.py
[2023-11-22T19:32:08.276+0000] {logging_mixin.py:154} INFO - [2023-11-22T19:32:08.276+0000] {dag.py:2941} INFO - Sync 1 DAGs
[2023-11-22T19:32:08.292+0000] {logging_mixin.py:154} INFO - [2023-11-22T19:32:08.292+0000] {dag.py:3722} INFO - Setting next_dagrun for example_dynamic_task_mapping to 2022-03-04T00:00:00+00:00, run_after=2022-03-05T00:00:00+00:00
[2023-11-22T19:32:08.304+0000] {processor.py:179} INFO - Processing /home/airflow/.local/lib/python3.8/site-packages/airflow/example_dags/example_dynamic_task_mapping.py took 0.059 seconds
[2023-11-22T19:32:38.695+0000] {processor.py:157} INFO - Started process (PID=1447) to work on /home/airflow/.local/lib/python3.8/site-packages/airflow/example_dags/example_dynamic_task_mapping.py
[2023-11-22T19:32:38.696+0000] {processor.py:829} INFO - Processing file /home/airflow/.local/lib/python3.8/site-packages/airflow/example_dags/example_dynamic_task_mapping.py for tasks to queue
[2023-11-22T19:32:38.696+0000] {logging_mixin.py:154} INFO - [2023-11-22T19:32:38.696+0000] {dagbag.py:536} INFO - Filling up the DagBag from /home/airflow/.local/lib/python3.8/site-packages/airflow/example_dags/example_dynamic_task_mapping.py
[2023-11-22T19:32:38.703+0000] {processor.py:839} INFO - DAG(s) dict_keys(['example_dynamic_task_mapping']) retrieved from /home/airflow/.local/lib/python3.8/site-packages/airflow/example_dags/example_dynamic_task_mapping.py
[2023-11-22T19:32:38.726+0000] {logging_mixin.py:154} INFO - [2023-11-22T19:32:38.726+0000] {dag.py:2941} INFO - Sync 1 DAGs
[2023-11-22T19:32:38.747+0000] {logging_mixin.py:154} INFO - [2023-11-22T19:32:38.747+0000] {dag.py:3722} INFO - Setting next_dagrun for example_dynamic_task_mapping to 2022-03-04T00:00:00+00:00, run_after=2022-03-05T00:00:00+00:00
[2023-11-22T19:32:38.763+0000] {processor.py:179} INFO - Processing /home/airflow/.local/lib/python3.8/site-packages/airflow/example_dags/example_dynamic_task_mapping.py took 0.072 seconds
[2023-11-22T19:33:09.599+0000] {processor.py:157} INFO - Started process (PID=1685) to work on /home/airflow/.local/lib/python3.8/site-packages/airflow/example_dags/example_dynamic_task_mapping.py
[2023-11-22T19:33:09.600+0000] {processor.py:829} INFO - Processing file /home/airflow/.local/lib/python3.8/site-packages/airflow/example_dags/example_dynamic_task_mapping.py for tasks to queue
[2023-11-22T19:33:09.600+0000] {logging_mixin.py:154} INFO - [2023-11-22T19:33:09.600+0000] {dagbag.py:536} INFO - Filling up the DagBag from /home/airflow/.local/lib/python3.8/site-packages/airflow/example_dags/example_dynamic_task_mapping.py
[2023-11-22T19:33:09.607+0000] {processor.py:839} INFO - DAG(s) dict_keys(['example_dynamic_task_mapping']) retrieved from /home/airflow/.local/lib/python3.8/site-packages/airflow/example_dags/example_dynamic_task_mapping.py
[2023-11-22T19:33:09.627+0000] {logging_mixin.py:154} INFO - [2023-11-22T19:33:09.627+0000] {dag.py:2941} INFO - Sync 1 DAGs
[2023-11-22T19:33:09.644+0000] {logging_mixin.py:154} INFO - [2023-11-22T19:33:09.644+0000] {dag.py:3722} INFO - Setting next_dagrun for example_dynamic_task_mapping to 2022-03-04T00:00:00+00:00, run_after=2022-03-05T00:00:00+00:00
[2023-11-22T19:33:09.657+0000] {processor.py:179} INFO - Processing /home/airflow/.local/lib/python3.8/site-packages/airflow/example_dags/example_dynamic_task_mapping.py took 0.061 seconds
[2023-11-22T19:33:40.018+0000] {processor.py:157} INFO - Started process (PID=1923) to work on /home/airflow/.local/lib/python3.8/site-packages/airflow/example_dags/example_dynamic_task_mapping.py
[2023-11-22T19:33:40.018+0000] {processor.py:829} INFO - Processing file /home/airflow/.local/lib/python3.8/site-packages/airflow/example_dags/example_dynamic_task_mapping.py for tasks to queue
[2023-11-22T19:33:40.019+0000] {logging_mixin.py:154} INFO - [2023-11-22T19:33:40.019+0000] {dagbag.py:536} INFO - Filling up the DagBag from /home/airflow/.local/lib/python3.8/site-packages/airflow/example_dags/example_dynamic_task_mapping.py
[2023-11-22T19:33:40.026+0000] {processor.py:839} INFO - DAG(s) dict_keys(['example_dynamic_task_mapping']) retrieved from /home/airflow/.local/lib/python3.8/site-packages/airflow/example_dags/example_dynamic_task_mapping.py
[2023-11-22T19:33:40.045+0000] {logging_mixin.py:154} INFO - [2023-11-22T19:33:40.045+0000] {dag.py:2941} INFO - Sync 1 DAGs
[2023-11-22T19:33:40.063+0000] {logging_mixin.py:154} INFO - [2023-11-22T19:33:40.063+0000] {dag.py:3722} INFO - Setting next_dagrun for example_dynamic_task_mapping to 2022-03-04T00:00:00+00:00, run_after=2022-03-05T00:00:00+00:00
[2023-11-22T19:33:40.077+0000] {processor.py:179} INFO - Processing /home/airflow/.local/lib/python3.8/site-packages/airflow/example_dags/example_dynamic_task_mapping.py took 0.062 seconds
[2023-11-22T19:34:10.758+0000] {processor.py:157} INFO - Started process (PID=2161) to work on /home/airflow/.local/lib/python3.8/site-packages/airflow/example_dags/example_dynamic_task_mapping.py
[2023-11-22T19:34:10.759+0000] {processor.py:829} INFO - Processing file /home/airflow/.local/lib/python3.8/site-packages/airflow/example_dags/example_dynamic_task_mapping.py for tasks to queue
[2023-11-22T19:34:10.760+0000] {logging_mixin.py:154} INFO - [2023-11-22T19:34:10.760+0000] {dagbag.py:536} INFO - Filling up the DagBag from /home/airflow/.local/lib/python3.8/site-packages/airflow/example_dags/example_dynamic_task_mapping.py
[2023-11-22T19:34:10.768+0000] {processor.py:839} INFO - DAG(s) dict_keys(['example_dynamic_task_mapping']) retrieved from /home/airflow/.local/lib/python3.8/site-packages/airflow/example_dags/example_dynamic_task_mapping.py
[2023-11-22T19:34:10.792+0000] {logging_mixin.py:154} INFO - [2023-11-22T19:34:10.792+0000] {dag.py:2941} INFO - Sync 1 DAGs
[2023-11-22T19:34:10.810+0000] {logging_mixin.py:154} INFO - [2023-11-22T19:34:10.810+0000] {dag.py:3722} INFO - Setting next_dagrun for example_dynamic_task_mapping to 2022-03-04T00:00:00+00:00, run_after=2022-03-05T00:00:00+00:00
[2023-11-22T19:34:10.825+0000] {processor.py:179} INFO - Processing /home/airflow/.local/lib/python3.8/site-packages/airflow/example_dags/example_dynamic_task_mapping.py took 0.070 seconds
[2023-11-22T19:34:41.156+0000] {processor.py:157} INFO - Started process (PID=2399) to work on /home/airflow/.local/lib/python3.8/site-packages/airflow/example_dags/example_dynamic_task_mapping.py
[2023-11-22T19:34:41.157+0000] {processor.py:829} INFO - Processing file /home/airflow/.local/lib/python3.8/site-packages/airflow/example_dags/example_dynamic_task_mapping.py for tasks to queue
[2023-11-22T19:34:41.157+0000] {logging_mixin.py:154} INFO - [2023-11-22T19:34:41.157+0000] {dagbag.py:536} INFO - Filling up the DagBag from /home/airflow/.local/lib/python3.8/site-packages/airflow/example_dags/example_dynamic_task_mapping.py
[2023-11-22T19:34:41.165+0000] {processor.py:839} INFO - DAG(s) dict_keys(['example_dynamic_task_mapping']) retrieved from /home/airflow/.local/lib/python3.8/site-packages/airflow/example_dags/example_dynamic_task_mapping.py
[2023-11-22T19:34:41.186+0000] {logging_mixin.py:154} INFO - [2023-11-22T19:34:41.185+0000] {dag.py:2941} INFO - Sync 1 DAGs
[2023-11-22T19:34:41.203+0000] {logging_mixin.py:154} INFO - [2023-11-22T19:34:41.203+0000] {dag.py:3722} INFO - Setting next_dagrun for example_dynamic_task_mapping to 2022-03-04T00:00:00+00:00, run_after=2022-03-05T00:00:00+00:00
[2023-11-22T19:34:41.217+0000] {processor.py:179} INFO - Processing /home/airflow/.local/lib/python3.8/site-packages/airflow/example_dags/example_dynamic_task_mapping.py took 0.064 seconds
[2023-11-22T19:35:11.472+0000] {processor.py:157} INFO - Started process (PID=2637) to work on /home/airflow/.local/lib/python3.8/site-packages/airflow/example_dags/example_dynamic_task_mapping.py
[2023-11-22T19:35:11.473+0000] {processor.py:829} INFO - Processing file /home/airflow/.local/lib/python3.8/site-packages/airflow/example_dags/example_dynamic_task_mapping.py for tasks to queue
[2023-11-22T19:35:11.473+0000] {logging_mixin.py:154} INFO - [2023-11-22T19:35:11.473+0000] {dagbag.py:536} INFO - Filling up the DagBag from /home/airflow/.local/lib/python3.8/site-packages/airflow/example_dags/example_dynamic_task_mapping.py
[2023-11-22T19:35:11.480+0000] {processor.py:839} INFO - DAG(s) dict_keys(['example_dynamic_task_mapping']) retrieved from /home/airflow/.local/lib/python3.8/site-packages/airflow/example_dags/example_dynamic_task_mapping.py
[2023-11-22T19:35:11.500+0000] {logging_mixin.py:154} INFO - [2023-11-22T19:35:11.500+0000] {dag.py:2941} INFO - Sync 1 DAGs
[2023-11-22T19:35:11.517+0000] {logging_mixin.py:154} INFO - [2023-11-22T19:35:11.517+0000] {dag.py:3722} INFO - Setting next_dagrun for example_dynamic_task_mapping to 2022-03-04T00:00:00+00:00, run_after=2022-03-05T00:00:00+00:00
[2023-11-22T19:35:11.529+0000] {processor.py:179} INFO - Processing /home/airflow/.local/lib/python3.8/site-packages/airflow/example_dags/example_dynamic_task_mapping.py took 0.061 seconds
[2023-11-22T19:35:41.996+0000] {processor.py:157} INFO - Started process (PID=2875) to work on /home/airflow/.local/lib/python3.8/site-packages/airflow/example_dags/example_dynamic_task_mapping.py
[2023-11-22T19:35:41.997+0000] {processor.py:829} INFO - Processing file /home/airflow/.local/lib/python3.8/site-packages/airflow/example_dags/example_dynamic_task_mapping.py for tasks to queue
[2023-11-22T19:35:41.998+0000] {logging_mixin.py:154} INFO - [2023-11-22T19:35:41.998+0000] {dagbag.py:536} INFO - Filling up the DagBag from /home/airflow/.local/lib/python3.8/site-packages/airflow/example_dags/example_dynamic_task_mapping.py
[2023-11-22T19:35:42.005+0000] {processor.py:839} INFO - DAG(s) dict_keys(['example_dynamic_task_mapping']) retrieved from /home/airflow/.local/lib/python3.8/site-packages/airflow/example_dags/example_dynamic_task_mapping.py
[2023-11-22T19:35:42.025+0000] {logging_mixin.py:154} INFO - [2023-11-22T19:35:42.024+0000] {dag.py:2941} INFO - Sync 1 DAGs
[2023-11-22T19:35:42.041+0000] {logging_mixin.py:154} INFO - [2023-11-22T19:35:42.041+0000] {dag.py:3722} INFO - Setting next_dagrun for example_dynamic_task_mapping to 2022-03-04T00:00:00+00:00, run_after=2022-03-05T00:00:00+00:00
[2023-11-22T19:35:42.055+0000] {processor.py:179} INFO - Processing /home/airflow/.local/lib/python3.8/site-packages/airflow/example_dags/example_dynamic_task_mapping.py took 0.062 seconds
[2023-11-22T19:36:12.473+0000] {processor.py:157} INFO - Started process (PID=3113) to work on /home/airflow/.local/lib/python3.8/site-packages/airflow/example_dags/example_dynamic_task_mapping.py
[2023-11-22T19:36:12.474+0000] {processor.py:829} INFO - Processing file /home/airflow/.local/lib/python3.8/site-packages/airflow/example_dags/example_dynamic_task_mapping.py for tasks to queue
[2023-11-22T19:36:12.475+0000] {logging_mixin.py:154} INFO - [2023-11-22T19:36:12.474+0000] {dagbag.py:536} INFO - Filling up the DagBag from /home/airflow/.local/lib/python3.8/site-packages/airflow/example_dags/example_dynamic_task_mapping.py
[2023-11-22T19:36:12.481+0000] {processor.py:839} INFO - DAG(s) dict_keys(['example_dynamic_task_mapping']) retrieved from /home/airflow/.local/lib/python3.8/site-packages/airflow/example_dags/example_dynamic_task_mapping.py
[2023-11-22T19:36:12.501+0000] {logging_mixin.py:154} INFO - [2023-11-22T19:36:12.501+0000] {dag.py:2941} INFO - Sync 1 DAGs
[2023-11-22T19:36:12.520+0000] {logging_mixin.py:154} INFO - [2023-11-22T19:36:12.520+0000] {dag.py:3722} INFO - Setting next_dagrun for example_dynamic_task_mapping to 2022-03-04T00:00:00+00:00, run_after=2022-03-05T00:00:00+00:00
[2023-11-22T19:36:12.533+0000] {processor.py:179} INFO - Processing /home/airflow/.local/lib/python3.8/site-packages/airflow/example_dags/example_dynamic_task_mapping.py took 0.063 seconds
[2023-11-22T19:36:43.068+0000] {processor.py:157} INFO - Started process (PID=3351) to work on /home/airflow/.local/lib/python3.8/site-packages/airflow/example_dags/example_dynamic_task_mapping.py
[2023-11-22T19:36:43.070+0000] {processor.py:829} INFO - Processing file /home/airflow/.local/lib/python3.8/site-packages/airflow/example_dags/example_dynamic_task_mapping.py for tasks to queue
[2023-11-22T19:36:43.071+0000] {logging_mixin.py:154} INFO - [2023-11-22T19:36:43.070+0000] {dagbag.py:536} INFO - Filling up the DagBag from /home/airflow/.local/lib/python3.8/site-packages/airflow/example_dags/example_dynamic_task_mapping.py
[2023-11-22T19:36:43.079+0000] {processor.py:839} INFO - DAG(s) dict_keys(['example_dynamic_task_mapping']) retrieved from /home/airflow/.local/lib/python3.8/site-packages/airflow/example_dags/example_dynamic_task_mapping.py
[2023-11-22T19:36:43.104+0000] {logging_mixin.py:154} INFO - [2023-11-22T19:36:43.104+0000] {dag.py:2941} INFO - Sync 1 DAGs
[2023-11-22T19:36:43.127+0000] {logging_mixin.py:154} INFO - [2023-11-22T19:36:43.127+0000] {dag.py:3722} INFO - Setting next_dagrun for example_dynamic_task_mapping to 2022-03-04T00:00:00+00:00, run_after=2022-03-05T00:00:00+00:00
[2023-11-22T19:36:43.164+0000] {processor.py:179} INFO - Processing /home/airflow/.local/lib/python3.8/site-packages/airflow/example_dags/example_dynamic_task_mapping.py took 0.099 seconds
[2023-11-22T19:37:14.133+0000] {processor.py:157} INFO - Started process (PID=3589) to work on /home/airflow/.local/lib/python3.8/site-packages/airflow/example_dags/example_dynamic_task_mapping.py
[2023-11-22T19:37:14.134+0000] {processor.py:829} INFO - Processing file /home/airflow/.local/lib/python3.8/site-packages/airflow/example_dags/example_dynamic_task_mapping.py for tasks to queue
[2023-11-22T19:37:14.135+0000] {logging_mixin.py:154} INFO - [2023-11-22T19:37:14.135+0000] {dagbag.py:536} INFO - Filling up the DagBag from /home/airflow/.local/lib/python3.8/site-packages/airflow/example_dags/example_dynamic_task_mapping.py
[2023-11-22T19:37:14.143+0000] {processor.py:839} INFO - DAG(s) dict_keys(['example_dynamic_task_mapping']) retrieved from /home/airflow/.local/lib/python3.8/site-packages/airflow/example_dags/example_dynamic_task_mapping.py
[2023-11-22T19:37:14.166+0000] {logging_mixin.py:154} INFO - [2023-11-22T19:37:14.165+0000] {dag.py:2941} INFO - Sync 1 DAGs
[2023-11-22T19:37:14.187+0000] {logging_mixin.py:154} INFO - [2023-11-22T19:37:14.187+0000] {dag.py:3722} INFO - Setting next_dagrun for example_dynamic_task_mapping to 2022-03-04T00:00:00+00:00, run_after=2022-03-05T00:00:00+00:00
[2023-11-22T19:37:14.204+0000] {processor.py:179} INFO - Processing /home/airflow/.local/lib/python3.8/site-packages/airflow/example_dags/example_dynamic_task_mapping.py took 0.075 seconds
[2023-11-22T19:37:44.278+0000] {processor.py:157} INFO - Started process (PID=3827) to work on /home/airflow/.local/lib/python3.8/site-packages/airflow/example_dags/example_dynamic_task_mapping.py
[2023-11-22T19:37:44.279+0000] {processor.py:829} INFO - Processing file /home/airflow/.local/lib/python3.8/site-packages/airflow/example_dags/example_dynamic_task_mapping.py for tasks to queue
[2023-11-22T19:37:44.280+0000] {logging_mixin.py:154} INFO - [2023-11-22T19:37:44.279+0000] {dagbag.py:536} INFO - Filling up the DagBag from /home/airflow/.local/lib/python3.8/site-packages/airflow/example_dags/example_dynamic_task_mapping.py
[2023-11-22T19:37:44.287+0000] {processor.py:839} INFO - DAG(s) dict_keys(['example_dynamic_task_mapping']) retrieved from /home/airflow/.local/lib/python3.8/site-packages/airflow/example_dags/example_dynamic_task_mapping.py
[2023-11-22T19:37:44.308+0000] {logging_mixin.py:154} INFO - [2023-11-22T19:37:44.308+0000] {dag.py:2941} INFO - Sync 1 DAGs
[2023-11-22T19:37:44.327+0000] {logging_mixin.py:154} INFO - [2023-11-22T19:37:44.327+0000] {dag.py:3722} INFO - Setting next_dagrun for example_dynamic_task_mapping to 2022-03-04T00:00:00+00:00, run_after=2022-03-05T00:00:00+00:00
[2023-11-22T19:37:44.342+0000] {processor.py:179} INFO - Processing /home/airflow/.local/lib/python3.8/site-packages/airflow/example_dags/example_dynamic_task_mapping.py took 0.067 seconds
[2023-11-22T19:38:14.447+0000] {processor.py:157} INFO - Started process (PID=4060) to work on /home/airflow/.local/lib/python3.8/site-packages/airflow/example_dags/example_dynamic_task_mapping.py
[2023-11-22T19:38:14.448+0000] {processor.py:829} INFO - Processing file /home/airflow/.local/lib/python3.8/site-packages/airflow/example_dags/example_dynamic_task_mapping.py for tasks to queue
[2023-11-22T19:38:14.449+0000] {logging_mixin.py:154} INFO - [2023-11-22T19:38:14.448+0000] {dagbag.py:536} INFO - Filling up the DagBag from /home/airflow/.local/lib/python3.8/site-packages/airflow/example_dags/example_dynamic_task_mapping.py
[2023-11-22T19:38:14.457+0000] {processor.py:839} INFO - DAG(s) dict_keys(['example_dynamic_task_mapping']) retrieved from /home/airflow/.local/lib/python3.8/site-packages/airflow/example_dags/example_dynamic_task_mapping.py
[2023-11-22T19:38:14.476+0000] {logging_mixin.py:154} INFO - [2023-11-22T19:38:14.476+0000] {dag.py:2941} INFO - Sync 1 DAGs
[2023-11-22T19:38:14.492+0000] {logging_mixin.py:154} INFO - [2023-11-22T19:38:14.492+0000] {dag.py:3722} INFO - Setting next_dagrun for example_dynamic_task_mapping to 2022-03-04T00:00:00+00:00, run_after=2022-03-05T00:00:00+00:00
[2023-11-22T19:38:14.504+0000] {processor.py:179} INFO - Processing /home/airflow/.local/lib/python3.8/site-packages/airflow/example_dags/example_dynamic_task_mapping.py took 0.062 seconds
[2023-11-22T19:38:44.952+0000] {processor.py:157} INFO - Started process (PID=4302) to work on /home/airflow/.local/lib/python3.8/site-packages/airflow/example_dags/example_dynamic_task_mapping.py
[2023-11-22T19:38:44.953+0000] {processor.py:829} INFO - Processing file /home/airflow/.local/lib/python3.8/site-packages/airflow/example_dags/example_dynamic_task_mapping.py for tasks to queue
[2023-11-22T19:38:44.954+0000] {logging_mixin.py:154} INFO - [2023-11-22T19:38:44.954+0000] {dagbag.py:536} INFO - Filling up the DagBag from /home/airflow/.local/lib/python3.8/site-packages/airflow/example_dags/example_dynamic_task_mapping.py
[2023-11-22T19:38:44.960+0000] {processor.py:839} INFO - DAG(s) dict_keys(['example_dynamic_task_mapping']) retrieved from /home/airflow/.local/lib/python3.8/site-packages/airflow/example_dags/example_dynamic_task_mapping.py
[2023-11-22T19:38:44.981+0000] {logging_mixin.py:154} INFO - [2023-11-22T19:38:44.980+0000] {dag.py:2941} INFO - Sync 1 DAGs
[2023-11-22T19:38:44.997+0000] {logging_mixin.py:154} INFO - [2023-11-22T19:38:44.996+0000] {dag.py:3722} INFO - Setting next_dagrun for example_dynamic_task_mapping to 2022-03-04T00:00:00+00:00, run_after=2022-03-05T00:00:00+00:00
[2023-11-22T19:38:45.009+0000] {processor.py:179} INFO - Processing /home/airflow/.local/lib/python3.8/site-packages/airflow/example_dags/example_dynamic_task_mapping.py took 0.060 seconds
[2023-11-22T19:39:15.580+0000] {processor.py:157} INFO - Started process (PID=4540) to work on /home/airflow/.local/lib/python3.8/site-packages/airflow/example_dags/example_dynamic_task_mapping.py
[2023-11-22T19:39:15.581+0000] {processor.py:829} INFO - Processing file /home/airflow/.local/lib/python3.8/site-packages/airflow/example_dags/example_dynamic_task_mapping.py for tasks to queue
[2023-11-22T19:39:15.582+0000] {logging_mixin.py:154} INFO - [2023-11-22T19:39:15.582+0000] {dagbag.py:536} INFO - Filling up the DagBag from /home/airflow/.local/lib/python3.8/site-packages/airflow/example_dags/example_dynamic_task_mapping.py
[2023-11-22T19:39:15.589+0000] {processor.py:839} INFO - DAG(s) dict_keys(['example_dynamic_task_mapping']) retrieved from /home/airflow/.local/lib/python3.8/site-packages/airflow/example_dags/example_dynamic_task_mapping.py
[2023-11-22T19:39:15.610+0000] {logging_mixin.py:154} INFO - [2023-11-22T19:39:15.610+0000] {dag.py:2941} INFO - Sync 1 DAGs
[2023-11-22T19:39:15.627+0000] {logging_mixin.py:154} INFO - [2023-11-22T19:39:15.627+0000] {dag.py:3722} INFO - Setting next_dagrun for example_dynamic_task_mapping to 2022-03-04T00:00:00+00:00, run_after=2022-03-05T00:00:00+00:00
[2023-11-22T19:39:15.638+0000] {processor.py:179} INFO - Processing /home/airflow/.local/lib/python3.8/site-packages/airflow/example_dags/example_dynamic_task_mapping.py took 0.062 seconds
[2023-11-22T19:39:45.949+0000] {processor.py:157} INFO - Started process (PID=4778) to work on /home/airflow/.local/lib/python3.8/site-packages/airflow/example_dags/example_dynamic_task_mapping.py
[2023-11-22T19:39:45.950+0000] {processor.py:829} INFO - Processing file /home/airflow/.local/lib/python3.8/site-packages/airflow/example_dags/example_dynamic_task_mapping.py for tasks to queue
[2023-11-22T19:39:45.951+0000] {logging_mixin.py:154} INFO - [2023-11-22T19:39:45.951+0000] {dagbag.py:536} INFO - Filling up the DagBag from /home/airflow/.local/lib/python3.8/site-packages/airflow/example_dags/example_dynamic_task_mapping.py
[2023-11-22T19:39:45.958+0000] {processor.py:839} INFO - DAG(s) dict_keys(['example_dynamic_task_mapping']) retrieved from /home/airflow/.local/lib/python3.8/site-packages/airflow/example_dags/example_dynamic_task_mapping.py
[2023-11-22T19:39:45.979+0000] {logging_mixin.py:154} INFO - [2023-11-22T19:39:45.979+0000] {dag.py:2941} INFO - Sync 1 DAGs
[2023-11-22T19:39:45.996+0000] {logging_mixin.py:154} INFO - [2023-11-22T19:39:45.996+0000] {dag.py:3722} INFO - Setting next_dagrun for example_dynamic_task_mapping to 2022-03-04T00:00:00+00:00, run_after=2022-03-05T00:00:00+00:00
[2023-11-22T19:39:46.008+0000] {processor.py:179} INFO - Processing /home/airflow/.local/lib/python3.8/site-packages/airflow/example_dags/example_dynamic_task_mapping.py took 0.063 seconds
[2023-11-22T19:40:16.531+0000] {processor.py:157} INFO - Started process (PID=5016) to work on /home/airflow/.local/lib/python3.8/site-packages/airflow/example_dags/example_dynamic_task_mapping.py
[2023-11-22T19:40:16.532+0000] {processor.py:829} INFO - Processing file /home/airflow/.local/lib/python3.8/site-packages/airflow/example_dags/example_dynamic_task_mapping.py for tasks to queue
[2023-11-22T19:40:16.532+0000] {logging_mixin.py:154} INFO - [2023-11-22T19:40:16.532+0000] {dagbag.py:536} INFO - Filling up the DagBag from /home/airflow/.local/lib/python3.8/site-packages/airflow/example_dags/example_dynamic_task_mapping.py
[2023-11-22T19:40:16.539+0000] {processor.py:839} INFO - DAG(s) dict_keys(['example_dynamic_task_mapping']) retrieved from /home/airflow/.local/lib/python3.8/site-packages/airflow/example_dags/example_dynamic_task_mapping.py
[2023-11-22T19:40:16.558+0000] {logging_mixin.py:154} INFO - [2023-11-22T19:40:16.558+0000] {dag.py:2941} INFO - Sync 1 DAGs
[2023-11-22T19:40:16.575+0000] {logging_mixin.py:154} INFO - [2023-11-22T19:40:16.575+0000] {dag.py:3722} INFO - Setting next_dagrun for example_dynamic_task_mapping to 2022-03-04T00:00:00+00:00, run_after=2022-03-05T00:00:00+00:00
[2023-11-22T19:40:16.589+0000] {processor.py:179} INFO - Processing /home/airflow/.local/lib/python3.8/site-packages/airflow/example_dags/example_dynamic_task_mapping.py took 0.062 seconds
[2023-11-22T19:40:47.067+0000] {processor.py:157} INFO - Started process (PID=5254) to work on /home/airflow/.local/lib/python3.8/site-packages/airflow/example_dags/example_dynamic_task_mapping.py
[2023-11-22T19:40:47.068+0000] {processor.py:829} INFO - Processing file /home/airflow/.local/lib/python3.8/site-packages/airflow/example_dags/example_dynamic_task_mapping.py for tasks to queue
[2023-11-22T19:40:47.069+0000] {logging_mixin.py:154} INFO - [2023-11-22T19:40:47.068+0000] {dagbag.py:536} INFO - Filling up the DagBag from /home/airflow/.local/lib/python3.8/site-packages/airflow/example_dags/example_dynamic_task_mapping.py
[2023-11-22T19:40:47.076+0000] {processor.py:839} INFO - DAG(s) dict_keys(['example_dynamic_task_mapping']) retrieved from /home/airflow/.local/lib/python3.8/site-packages/airflow/example_dags/example_dynamic_task_mapping.py
[2023-11-22T19:40:47.097+0000] {logging_mixin.py:154} INFO - [2023-11-22T19:40:47.097+0000] {dag.py:2941} INFO - Sync 1 DAGs
[2023-11-22T19:40:47.114+0000] {logging_mixin.py:154} INFO - [2023-11-22T19:40:47.114+0000] {dag.py:3722} INFO - Setting next_dagrun for example_dynamic_task_mapping to 2022-03-04T00:00:00+00:00, run_after=2022-03-05T00:00:00+00:00
[2023-11-22T19:40:47.127+0000] {processor.py:179} INFO - Processing /home/airflow/.local/lib/python3.8/site-packages/airflow/example_dags/example_dynamic_task_mapping.py took 0.064 seconds
[2023-11-22T19:41:17.638+0000] {processor.py:157} INFO - Started process (PID=5492) to work on /home/airflow/.local/lib/python3.8/site-packages/airflow/example_dags/example_dynamic_task_mapping.py
[2023-11-22T19:41:17.639+0000] {processor.py:829} INFO - Processing file /home/airflow/.local/lib/python3.8/site-packages/airflow/example_dags/example_dynamic_task_mapping.py for tasks to queue
[2023-11-22T19:41:17.639+0000] {logging_mixin.py:154} INFO - [2023-11-22T19:41:17.639+0000] {dagbag.py:536} INFO - Filling up the DagBag from /home/airflow/.local/lib/python3.8/site-packages/airflow/example_dags/example_dynamic_task_mapping.py
[2023-11-22T19:41:17.646+0000] {processor.py:839} INFO - DAG(s) dict_keys(['example_dynamic_task_mapping']) retrieved from /home/airflow/.local/lib/python3.8/site-packages/airflow/example_dags/example_dynamic_task_mapping.py
[2023-11-22T19:41:17.666+0000] {logging_mixin.py:154} INFO - [2023-11-22T19:41:17.665+0000] {dag.py:2941} INFO - Sync 1 DAGs
[2023-11-22T19:41:17.682+0000] {logging_mixin.py:154} INFO - [2023-11-22T19:41:17.682+0000] {dag.py:3722} INFO - Setting next_dagrun for example_dynamic_task_mapping to 2022-03-04T00:00:00+00:00, run_after=2022-03-05T00:00:00+00:00
[2023-11-22T19:41:17.694+0000] {processor.py:179} INFO - Processing /home/airflow/.local/lib/python3.8/site-packages/airflow/example_dags/example_dynamic_task_mapping.py took 0.059 seconds
[2023-11-22T19:41:48.117+0000] {processor.py:157} INFO - Started process (PID=5730) to work on /home/airflow/.local/lib/python3.8/site-packages/airflow/example_dags/example_dynamic_task_mapping.py
[2023-11-22T19:41:48.118+0000] {processor.py:829} INFO - Processing file /home/airflow/.local/lib/python3.8/site-packages/airflow/example_dags/example_dynamic_task_mapping.py for tasks to queue
[2023-11-22T19:41:48.119+0000] {logging_mixin.py:154} INFO - [2023-11-22T19:41:48.119+0000] {dagbag.py:536} INFO - Filling up the DagBag from /home/airflow/.local/lib/python3.8/site-packages/airflow/example_dags/example_dynamic_task_mapping.py
[2023-11-22T19:41:48.126+0000] {processor.py:839} INFO - DAG(s) dict_keys(['example_dynamic_task_mapping']) retrieved from /home/airflow/.local/lib/python3.8/site-packages/airflow/example_dags/example_dynamic_task_mapping.py
[2023-11-22T19:41:48.147+0000] {logging_mixin.py:154} INFO - [2023-11-22T19:41:48.147+0000] {dag.py:2941} INFO - Sync 1 DAGs
[2023-11-22T19:41:48.167+0000] {logging_mixin.py:154} INFO - [2023-11-22T19:41:48.166+0000] {dag.py:3722} INFO - Setting next_dagrun for example_dynamic_task_mapping to 2022-03-04T00:00:00+00:00, run_after=2022-03-05T00:00:00+00:00
[2023-11-22T19:41:48.183+0000] {processor.py:179} INFO - Processing /home/airflow/.local/lib/python3.8/site-packages/airflow/example_dags/example_dynamic_task_mapping.py took 0.069 seconds
[2023-11-22T19:42:18.506+0000] {processor.py:157} INFO - Started process (PID=5967) to work on /home/airflow/.local/lib/python3.8/site-packages/airflow/example_dags/example_dynamic_task_mapping.py
[2023-11-22T19:42:18.507+0000] {processor.py:829} INFO - Processing file /home/airflow/.local/lib/python3.8/site-packages/airflow/example_dags/example_dynamic_task_mapping.py for tasks to queue
[2023-11-22T19:42:18.508+0000] {logging_mixin.py:154} INFO - [2023-11-22T19:42:18.508+0000] {dagbag.py:536} INFO - Filling up the DagBag from /home/airflow/.local/lib/python3.8/site-packages/airflow/example_dags/example_dynamic_task_mapping.py
[2023-11-22T19:42:18.514+0000] {processor.py:839} INFO - DAG(s) dict_keys(['example_dynamic_task_mapping']) retrieved from /home/airflow/.local/lib/python3.8/site-packages/airflow/example_dags/example_dynamic_task_mapping.py
[2023-11-22T19:42:18.534+0000] {logging_mixin.py:154} INFO - [2023-11-22T19:42:18.534+0000] {dag.py:2941} INFO - Sync 1 DAGs
[2023-11-22T19:42:18.550+0000] {logging_mixin.py:154} INFO - [2023-11-22T19:42:18.550+0000] {dag.py:3722} INFO - Setting next_dagrun for example_dynamic_task_mapping to 2022-03-04T00:00:00+00:00, run_after=2022-03-05T00:00:00+00:00
[2023-11-22T19:42:18.563+0000] {processor.py:179} INFO - Processing /home/airflow/.local/lib/python3.8/site-packages/airflow/example_dags/example_dynamic_task_mapping.py took 0.060 seconds
[2023-11-22T19:42:48.947+0000] {processor.py:157} INFO - Started process (PID=6205) to work on /home/airflow/.local/lib/python3.8/site-packages/airflow/example_dags/example_dynamic_task_mapping.py
[2023-11-22T19:42:48.948+0000] {processor.py:829} INFO - Processing file /home/airflow/.local/lib/python3.8/site-packages/airflow/example_dags/example_dynamic_task_mapping.py for tasks to queue
[2023-11-22T19:42:48.949+0000] {logging_mixin.py:154} INFO - [2023-11-22T19:42:48.948+0000] {dagbag.py:536} INFO - Filling up the DagBag from /home/airflow/.local/lib/python3.8/site-packages/airflow/example_dags/example_dynamic_task_mapping.py
[2023-11-22T19:42:48.955+0000] {processor.py:839} INFO - DAG(s) dict_keys(['example_dynamic_task_mapping']) retrieved from /home/airflow/.local/lib/python3.8/site-packages/airflow/example_dags/example_dynamic_task_mapping.py
[2023-11-22T19:42:48.975+0000] {logging_mixin.py:154} INFO - [2023-11-22T19:42:48.975+0000] {dag.py:2941} INFO - Sync 1 DAGs
[2023-11-22T19:42:48.991+0000] {logging_mixin.py:154} INFO - [2023-11-22T19:42:48.991+0000] {dag.py:3722} INFO - Setting next_dagrun for example_dynamic_task_mapping to 2022-03-04T00:00:00+00:00, run_after=2022-03-05T00:00:00+00:00
[2023-11-22T19:42:49.003+0000] {processor.py:179} INFO - Processing /home/airflow/.local/lib/python3.8/site-packages/airflow/example_dags/example_dynamic_task_mapping.py took 0.059 seconds
[2023-11-22T19:43:19.340+0000] {processor.py:157} INFO - Started process (PID=6443) to work on /home/airflow/.local/lib/python3.8/site-packages/airflow/example_dags/example_dynamic_task_mapping.py
[2023-11-22T19:43:19.340+0000] {processor.py:829} INFO - Processing file /home/airflow/.local/lib/python3.8/site-packages/airflow/example_dags/example_dynamic_task_mapping.py for tasks to queue
[2023-11-22T19:43:19.341+0000] {logging_mixin.py:154} INFO - [2023-11-22T19:43:19.341+0000] {dagbag.py:536} INFO - Filling up the DagBag from /home/airflow/.local/lib/python3.8/site-packages/airflow/example_dags/example_dynamic_task_mapping.py
[2023-11-22T19:43:19.348+0000] {processor.py:839} INFO - DAG(s) dict_keys(['example_dynamic_task_mapping']) retrieved from /home/airflow/.local/lib/python3.8/site-packages/airflow/example_dags/example_dynamic_task_mapping.py
[2023-11-22T19:43:19.368+0000] {logging_mixin.py:154} INFO - [2023-11-22T19:43:19.367+0000] {dag.py:2941} INFO - Sync 1 DAGs
[2023-11-22T19:43:19.385+0000] {logging_mixin.py:154} INFO - [2023-11-22T19:43:19.385+0000] {dag.py:3722} INFO - Setting next_dagrun for example_dynamic_task_mapping to 2022-03-04T00:00:00+00:00, run_after=2022-03-05T00:00:00+00:00
[2023-11-22T19:43:19.397+0000] {processor.py:179} INFO - Processing /home/airflow/.local/lib/python3.8/site-packages/airflow/example_dags/example_dynamic_task_mapping.py took 0.061 seconds
[2023-11-22T19:43:49.897+0000] {processor.py:157} INFO - Started process (PID=6681) to work on /home/airflow/.local/lib/python3.8/site-packages/airflow/example_dags/example_dynamic_task_mapping.py
[2023-11-22T19:43:49.898+0000] {processor.py:829} INFO - Processing file /home/airflow/.local/lib/python3.8/site-packages/airflow/example_dags/example_dynamic_task_mapping.py for tasks to queue
[2023-11-22T19:43:49.899+0000] {logging_mixin.py:154} INFO - [2023-11-22T19:43:49.899+0000] {dagbag.py:536} INFO - Filling up the DagBag from /home/airflow/.local/lib/python3.8/site-packages/airflow/example_dags/example_dynamic_task_mapping.py
[2023-11-22T19:43:49.906+0000] {processor.py:839} INFO - DAG(s) dict_keys(['example_dynamic_task_mapping']) retrieved from /home/airflow/.local/lib/python3.8/site-packages/airflow/example_dags/example_dynamic_task_mapping.py
[2023-11-22T19:43:49.926+0000] {logging_mixin.py:154} INFO - [2023-11-22T19:43:49.926+0000] {dag.py:2941} INFO - Sync 1 DAGs
[2023-11-22T19:43:49.943+0000] {logging_mixin.py:154} INFO - [2023-11-22T19:43:49.943+0000] {dag.py:3722} INFO - Setting next_dagrun for example_dynamic_task_mapping to 2022-03-04T00:00:00+00:00, run_after=2022-03-05T00:00:00+00:00
[2023-11-22T19:43:49.955+0000] {processor.py:179} INFO - Processing /home/airflow/.local/lib/python3.8/site-packages/airflow/example_dags/example_dynamic_task_mapping.py took 0.061 seconds
[2023-11-22T19:44:20.353+0000] {processor.py:157} INFO - Started process (PID=6919) to work on /home/airflow/.local/lib/python3.8/site-packages/airflow/example_dags/example_dynamic_task_mapping.py
[2023-11-22T19:44:20.354+0000] {processor.py:829} INFO - Processing file /home/airflow/.local/lib/python3.8/site-packages/airflow/example_dags/example_dynamic_task_mapping.py for tasks to queue
[2023-11-22T19:44:20.355+0000] {logging_mixin.py:154} INFO - [2023-11-22T19:44:20.355+0000] {dagbag.py:536} INFO - Filling up the DagBag from /home/airflow/.local/lib/python3.8/site-packages/airflow/example_dags/example_dynamic_task_mapping.py
[2023-11-22T19:44:20.362+0000] {processor.py:839} INFO - DAG(s) dict_keys(['example_dynamic_task_mapping']) retrieved from /home/airflow/.local/lib/python3.8/site-packages/airflow/example_dags/example_dynamic_task_mapping.py
[2023-11-22T19:44:20.382+0000] {logging_mixin.py:154} INFO - [2023-11-22T19:44:20.382+0000] {dag.py:2941} INFO - Sync 1 DAGs
[2023-11-22T19:44:20.399+0000] {logging_mixin.py:154} INFO - [2023-11-22T19:44:20.398+0000] {dag.py:3722} INFO - Setting next_dagrun for example_dynamic_task_mapping to 2022-03-04T00:00:00+00:00, run_after=2022-03-05T00:00:00+00:00
[2023-11-22T19:44:20.410+0000] {processor.py:179} INFO - Processing /home/airflow/.local/lib/python3.8/site-packages/airflow/example_dags/example_dynamic_task_mapping.py took 0.060 seconds
[2023-11-22T19:44:50.744+0000] {processor.py:157} INFO - Started process (PID=7164) to work on /home/airflow/.local/lib/python3.8/site-packages/airflow/example_dags/example_dynamic_task_mapping.py
[2023-11-22T19:44:50.745+0000] {processor.py:829} INFO - Processing file /home/airflow/.local/lib/python3.8/site-packages/airflow/example_dags/example_dynamic_task_mapping.py for tasks to queue
[2023-11-22T19:44:50.746+0000] {logging_mixin.py:154} INFO - [2023-11-22T19:44:50.745+0000] {dagbag.py:536} INFO - Filling up the DagBag from /home/airflow/.local/lib/python3.8/site-packages/airflow/example_dags/example_dynamic_task_mapping.py
[2023-11-22T19:44:50.753+0000] {processor.py:839} INFO - DAG(s) dict_keys(['example_dynamic_task_mapping']) retrieved from /home/airflow/.local/lib/python3.8/site-packages/airflow/example_dags/example_dynamic_task_mapping.py
[2023-11-22T19:44:50.774+0000] {logging_mixin.py:154} INFO - [2023-11-22T19:44:50.773+0000] {dag.py:2941} INFO - Sync 1 DAGs
[2023-11-22T19:44:50.791+0000] {logging_mixin.py:154} INFO - [2023-11-22T19:44:50.791+0000] {dag.py:3722} INFO - Setting next_dagrun for example_dynamic_task_mapping to 2022-03-04T00:00:00+00:00, run_after=2022-03-05T00:00:00+00:00
[2023-11-22T19:44:50.804+0000] {processor.py:179} INFO - Processing /home/airflow/.local/lib/python3.8/site-packages/airflow/example_dags/example_dynamic_task_mapping.py took 0.063 seconds
[2023-11-22T19:45:21.148+0000] {processor.py:157} INFO - Started process (PID=7402) to work on /home/airflow/.local/lib/python3.8/site-packages/airflow/example_dags/example_dynamic_task_mapping.py
[2023-11-22T19:45:21.148+0000] {processor.py:829} INFO - Processing file /home/airflow/.local/lib/python3.8/site-packages/airflow/example_dags/example_dynamic_task_mapping.py for tasks to queue
[2023-11-22T19:45:21.149+0000] {logging_mixin.py:154} INFO - [2023-11-22T19:45:21.149+0000] {dagbag.py:536} INFO - Filling up the DagBag from /home/airflow/.local/lib/python3.8/site-packages/airflow/example_dags/example_dynamic_task_mapping.py
[2023-11-22T19:45:21.156+0000] {processor.py:839} INFO - DAG(s) dict_keys(['example_dynamic_task_mapping']) retrieved from /home/airflow/.local/lib/python3.8/site-packages/airflow/example_dags/example_dynamic_task_mapping.py
[2023-11-22T19:45:21.176+0000] {logging_mixin.py:154} INFO - [2023-11-22T19:45:21.176+0000] {dag.py:2941} INFO - Sync 1 DAGs
[2023-11-22T19:45:21.194+0000] {logging_mixin.py:154} INFO - [2023-11-22T19:45:21.193+0000] {dag.py:3722} INFO - Setting next_dagrun for example_dynamic_task_mapping to 2022-03-04T00:00:00+00:00, run_after=2022-03-05T00:00:00+00:00
[2023-11-22T19:45:21.206+0000] {processor.py:179} INFO - Processing /home/airflow/.local/lib/python3.8/site-packages/airflow/example_dags/example_dynamic_task_mapping.py took 0.062 seconds
[2023-11-22T19:45:51.657+0000] {processor.py:157} INFO - Started process (PID=7640) to work on /home/airflow/.local/lib/python3.8/site-packages/airflow/example_dags/example_dynamic_task_mapping.py
[2023-11-22T19:45:51.658+0000] {processor.py:829} INFO - Processing file /home/airflow/.local/lib/python3.8/site-packages/airflow/example_dags/example_dynamic_task_mapping.py for tasks to queue
[2023-11-22T19:45:51.658+0000] {logging_mixin.py:154} INFO - [2023-11-22T19:45:51.658+0000] {dagbag.py:536} INFO - Filling up the DagBag from /home/airflow/.local/lib/python3.8/site-packages/airflow/example_dags/example_dynamic_task_mapping.py
[2023-11-22T19:45:51.665+0000] {processor.py:839} INFO - DAG(s) dict_keys(['example_dynamic_task_mapping']) retrieved from /home/airflow/.local/lib/python3.8/site-packages/airflow/example_dags/example_dynamic_task_mapping.py
[2023-11-22T19:45:51.685+0000] {logging_mixin.py:154} INFO - [2023-11-22T19:45:51.684+0000] {dag.py:2941} INFO - Sync 1 DAGs
[2023-11-22T19:45:51.702+0000] {logging_mixin.py:154} INFO - [2023-11-22T19:45:51.702+0000] {dag.py:3722} INFO - Setting next_dagrun for example_dynamic_task_mapping to 2022-03-04T00:00:00+00:00, run_after=2022-03-05T00:00:00+00:00
[2023-11-22T19:45:51.715+0000] {processor.py:179} INFO - Processing /home/airflow/.local/lib/python3.8/site-packages/airflow/example_dags/example_dynamic_task_mapping.py took 0.061 seconds
[2023-11-22T19:46:22.119+0000] {processor.py:157} INFO - Started process (PID=7878) to work on /home/airflow/.local/lib/python3.8/site-packages/airflow/example_dags/example_dynamic_task_mapping.py
[2023-11-22T19:46:22.120+0000] {processor.py:829} INFO - Processing file /home/airflow/.local/lib/python3.8/site-packages/airflow/example_dags/example_dynamic_task_mapping.py for tasks to queue
[2023-11-22T19:46:22.120+0000] {logging_mixin.py:154} INFO - [2023-11-22T19:46:22.120+0000] {dagbag.py:536} INFO - Filling up the DagBag from /home/airflow/.local/lib/python3.8/site-packages/airflow/example_dags/example_dynamic_task_mapping.py
[2023-11-22T19:46:22.127+0000] {processor.py:839} INFO - DAG(s) dict_keys(['example_dynamic_task_mapping']) retrieved from /home/airflow/.local/lib/python3.8/site-packages/airflow/example_dags/example_dynamic_task_mapping.py
[2023-11-22T19:46:22.148+0000] {logging_mixin.py:154} INFO - [2023-11-22T19:46:22.148+0000] {dag.py:2941} INFO - Sync 1 DAGs
[2023-11-22T19:46:22.166+0000] {logging_mixin.py:154} INFO - [2023-11-22T19:46:22.166+0000] {dag.py:3722} INFO - Setting next_dagrun for example_dynamic_task_mapping to 2022-03-04T00:00:00+00:00, run_after=2022-03-05T00:00:00+00:00
[2023-11-22T19:46:22.180+0000] {processor.py:179} INFO - Processing /home/airflow/.local/lib/python3.8/site-packages/airflow/example_dags/example_dynamic_task_mapping.py took 0.064 seconds
[2023-11-22T19:46:52.529+0000] {processor.py:157} INFO - Started process (PID=8116) to work on /home/airflow/.local/lib/python3.8/site-packages/airflow/example_dags/example_dynamic_task_mapping.py
[2023-11-22T19:46:52.530+0000] {processor.py:829} INFO - Processing file /home/airflow/.local/lib/python3.8/site-packages/airflow/example_dags/example_dynamic_task_mapping.py for tasks to queue
[2023-11-22T19:46:52.531+0000] {logging_mixin.py:154} INFO - [2023-11-22T19:46:52.531+0000] {dagbag.py:536} INFO - Filling up the DagBag from /home/airflow/.local/lib/python3.8/site-packages/airflow/example_dags/example_dynamic_task_mapping.py
[2023-11-22T19:46:52.538+0000] {processor.py:839} INFO - DAG(s) dict_keys(['example_dynamic_task_mapping']) retrieved from /home/airflow/.local/lib/python3.8/site-packages/airflow/example_dags/example_dynamic_task_mapping.py
[2023-11-22T19:46:52.559+0000] {logging_mixin.py:154} INFO - [2023-11-22T19:46:52.559+0000] {dag.py:2941} INFO - Sync 1 DAGs
[2023-11-22T19:46:52.576+0000] {logging_mixin.py:154} INFO - [2023-11-22T19:46:52.576+0000] {dag.py:3722} INFO - Setting next_dagrun for example_dynamic_task_mapping to 2022-03-04T00:00:00+00:00, run_after=2022-03-05T00:00:00+00:00
[2023-11-22T19:46:52.589+0000] {processor.py:179} INFO - Processing /home/airflow/.local/lib/python3.8/site-packages/airflow/example_dags/example_dynamic_task_mapping.py took 0.063 seconds
[2023-11-22T19:47:22.937+0000] {processor.py:157} INFO - Started process (PID=8353) to work on /home/airflow/.local/lib/python3.8/site-packages/airflow/example_dags/example_dynamic_task_mapping.py
[2023-11-22T19:47:22.938+0000] {processor.py:829} INFO - Processing file /home/airflow/.local/lib/python3.8/site-packages/airflow/example_dags/example_dynamic_task_mapping.py for tasks to queue
[2023-11-22T19:47:22.939+0000] {logging_mixin.py:154} INFO - [2023-11-22T19:47:22.938+0000] {dagbag.py:536} INFO - Filling up the DagBag from /home/airflow/.local/lib/python3.8/site-packages/airflow/example_dags/example_dynamic_task_mapping.py
[2023-11-22T19:47:22.945+0000] {processor.py:839} INFO - DAG(s) dict_keys(['example_dynamic_task_mapping']) retrieved from /home/airflow/.local/lib/python3.8/site-packages/airflow/example_dags/example_dynamic_task_mapping.py
[2023-11-22T19:47:22.966+0000] {logging_mixin.py:154} INFO - [2023-11-22T19:47:22.966+0000] {dag.py:2941} INFO - Sync 1 DAGs
[2023-11-22T19:47:22.988+0000] {logging_mixin.py:154} INFO - [2023-11-22T19:47:22.988+0000] {dag.py:3722} INFO - Setting next_dagrun for example_dynamic_task_mapping to 2022-03-04T00:00:00+00:00, run_after=2022-03-05T00:00:00+00:00
[2023-11-22T19:47:23.006+0000] {processor.py:179} INFO - Processing /home/airflow/.local/lib/python3.8/site-packages/airflow/example_dags/example_dynamic_task_mapping.py took 0.072 seconds
[2023-11-22T19:47:53.530+0000] {processor.py:157} INFO - Started process (PID=8591) to work on /home/airflow/.local/lib/python3.8/site-packages/airflow/example_dags/example_dynamic_task_mapping.py
[2023-11-22T19:47:53.531+0000] {processor.py:829} INFO - Processing file /home/airflow/.local/lib/python3.8/site-packages/airflow/example_dags/example_dynamic_task_mapping.py for tasks to queue
[2023-11-22T19:47:53.531+0000] {logging_mixin.py:154} INFO - [2023-11-22T19:47:53.531+0000] {dagbag.py:536} INFO - Filling up the DagBag from /home/airflow/.local/lib/python3.8/site-packages/airflow/example_dags/example_dynamic_task_mapping.py
[2023-11-22T19:47:53.538+0000] {processor.py:839} INFO - DAG(s) dict_keys(['example_dynamic_task_mapping']) retrieved from /home/airflow/.local/lib/python3.8/site-packages/airflow/example_dags/example_dynamic_task_mapping.py
[2023-11-22T19:47:53.558+0000] {logging_mixin.py:154} INFO - [2023-11-22T19:47:53.558+0000] {dag.py:2941} INFO - Sync 1 DAGs
[2023-11-22T19:47:53.575+0000] {logging_mixin.py:154} INFO - [2023-11-22T19:47:53.575+0000] {dag.py:3722} INFO - Setting next_dagrun for example_dynamic_task_mapping to 2022-03-04T00:00:00+00:00, run_after=2022-03-05T00:00:00+00:00
[2023-11-22T19:47:53.588+0000] {processor.py:179} INFO - Processing /home/airflow/.local/lib/python3.8/site-packages/airflow/example_dags/example_dynamic_task_mapping.py took 0.061 seconds
[2023-11-22T19:48:23.614+0000] {processor.py:157} INFO - Started process (PID=8824) to work on /home/airflow/.local/lib/python3.8/site-packages/airflow/example_dags/example_dynamic_task_mapping.py
[2023-11-22T19:48:23.615+0000] {processor.py:829} INFO - Processing file /home/airflow/.local/lib/python3.8/site-packages/airflow/example_dags/example_dynamic_task_mapping.py for tasks to queue
[2023-11-22T19:48:23.616+0000] {logging_mixin.py:154} INFO - [2023-11-22T19:48:23.616+0000] {dagbag.py:536} INFO - Filling up the DagBag from /home/airflow/.local/lib/python3.8/site-packages/airflow/example_dags/example_dynamic_task_mapping.py
[2023-11-22T19:48:23.623+0000] {processor.py:839} INFO - DAG(s) dict_keys(['example_dynamic_task_mapping']) retrieved from /home/airflow/.local/lib/python3.8/site-packages/airflow/example_dags/example_dynamic_task_mapping.py
[2023-11-22T19:48:23.643+0000] {logging_mixin.py:154} INFO - [2023-11-22T19:48:23.643+0000] {dag.py:2941} INFO - Sync 1 DAGs
[2023-11-22T19:48:23.660+0000] {logging_mixin.py:154} INFO - [2023-11-22T19:48:23.660+0000] {dag.py:3722} INFO - Setting next_dagrun for example_dynamic_task_mapping to 2022-03-04T00:00:00+00:00, run_after=2022-03-05T00:00:00+00:00
[2023-11-22T19:48:23.672+0000] {processor.py:179} INFO - Processing /home/airflow/.local/lib/python3.8/site-packages/airflow/example_dags/example_dynamic_task_mapping.py took 0.061 seconds
[2023-11-22T19:48:53.917+0000] {processor.py:157} INFO - Started process (PID=9062) to work on /home/airflow/.local/lib/python3.8/site-packages/airflow/example_dags/example_dynamic_task_mapping.py
[2023-11-22T19:48:53.918+0000] {processor.py:829} INFO - Processing file /home/airflow/.local/lib/python3.8/site-packages/airflow/example_dags/example_dynamic_task_mapping.py for tasks to queue
[2023-11-22T19:48:53.919+0000] {logging_mixin.py:154} INFO - [2023-11-22T19:48:53.919+0000] {dagbag.py:536} INFO - Filling up the DagBag from /home/airflow/.local/lib/python3.8/site-packages/airflow/example_dags/example_dynamic_task_mapping.py
[2023-11-22T19:48:53.927+0000] {processor.py:839} INFO - DAG(s) dict_keys(['example_dynamic_task_mapping']) retrieved from /home/airflow/.local/lib/python3.8/site-packages/airflow/example_dags/example_dynamic_task_mapping.py
[2023-11-22T19:48:53.952+0000] {logging_mixin.py:154} INFO - [2023-11-22T19:48:53.952+0000] {dag.py:2941} INFO - Sync 1 DAGs
[2023-11-22T19:48:53.967+0000] {logging_mixin.py:154} INFO - [2023-11-22T19:48:53.967+0000] {dag.py:3722} INFO - Setting next_dagrun for example_dynamic_task_mapping to 2022-03-04T00:00:00+00:00, run_after=2022-03-05T00:00:00+00:00
[2023-11-22T19:48:53.979+0000] {processor.py:179} INFO - Processing /home/airflow/.local/lib/python3.8/site-packages/airflow/example_dags/example_dynamic_task_mapping.py took 0.066 seconds
[2023-11-22T19:49:24.898+0000] {processor.py:157} INFO - Started process (PID=9300) to work on /home/airflow/.local/lib/python3.8/site-packages/airflow/example_dags/example_dynamic_task_mapping.py
[2023-11-22T19:49:24.899+0000] {processor.py:829} INFO - Processing file /home/airflow/.local/lib/python3.8/site-packages/airflow/example_dags/example_dynamic_task_mapping.py for tasks to queue
[2023-11-22T19:49:24.900+0000] {logging_mixin.py:154} INFO - [2023-11-22T19:49:24.900+0000] {dagbag.py:536} INFO - Filling up the DagBag from /home/airflow/.local/lib/python3.8/site-packages/airflow/example_dags/example_dynamic_task_mapping.py
[2023-11-22T19:49:24.909+0000] {processor.py:839} INFO - DAG(s) dict_keys(['example_dynamic_task_mapping']) retrieved from /home/airflow/.local/lib/python3.8/site-packages/airflow/example_dags/example_dynamic_task_mapping.py
[2023-11-22T19:49:24.929+0000] {logging_mixin.py:154} INFO - [2023-11-22T19:49:24.929+0000] {dag.py:2941} INFO - Sync 1 DAGs
[2023-11-22T19:49:25.062+0000] {logging_mixin.py:154} INFO - [2023-11-22T19:49:25.061+0000] {dag.py:3722} INFO - Setting next_dagrun for example_dynamic_task_mapping to 2022-03-04T00:00:00+00:00, run_after=2022-03-05T00:00:00+00:00
[2023-11-22T19:49:25.073+0000] {processor.py:179} INFO - Processing /home/airflow/.local/lib/python3.8/site-packages/airflow/example_dags/example_dynamic_task_mapping.py took 0.179 seconds
[2023-11-22T19:49:55.201+0000] {processor.py:157} INFO - Started process (PID=9538) to work on /home/airflow/.local/lib/python3.8/site-packages/airflow/example_dags/example_dynamic_task_mapping.py
[2023-11-22T19:49:55.202+0000] {processor.py:829} INFO - Processing file /home/airflow/.local/lib/python3.8/site-packages/airflow/example_dags/example_dynamic_task_mapping.py for tasks to queue
[2023-11-22T19:49:55.203+0000] {logging_mixin.py:154} INFO - [2023-11-22T19:49:55.203+0000] {dagbag.py:536} INFO - Filling up the DagBag from /home/airflow/.local/lib/python3.8/site-packages/airflow/example_dags/example_dynamic_task_mapping.py
[2023-11-22T19:49:55.211+0000] {processor.py:839} INFO - DAG(s) dict_keys(['example_dynamic_task_mapping']) retrieved from /home/airflow/.local/lib/python3.8/site-packages/airflow/example_dags/example_dynamic_task_mapping.py
[2023-11-22T19:49:55.231+0000] {logging_mixin.py:154} INFO - [2023-11-22T19:49:55.231+0000] {dag.py:2941} INFO - Sync 1 DAGs
[2023-11-22T19:49:55.359+0000] {logging_mixin.py:154} INFO - [2023-11-22T19:49:55.359+0000] {dag.py:3722} INFO - Setting next_dagrun for example_dynamic_task_mapping to 2022-03-04T00:00:00+00:00, run_after=2022-03-05T00:00:00+00:00
[2023-11-22T19:49:55.371+0000] {processor.py:179} INFO - Processing /home/airflow/.local/lib/python3.8/site-packages/airflow/example_dags/example_dynamic_task_mapping.py took 0.175 seconds
[2023-11-22T19:50:25.546+0000] {processor.py:157} INFO - Started process (PID=9776) to work on /home/airflow/.local/lib/python3.8/site-packages/airflow/example_dags/example_dynamic_task_mapping.py
[2023-11-22T19:50:25.547+0000] {processor.py:829} INFO - Processing file /home/airflow/.local/lib/python3.8/site-packages/airflow/example_dags/example_dynamic_task_mapping.py for tasks to queue
[2023-11-22T19:50:25.548+0000] {logging_mixin.py:154} INFO - [2023-11-22T19:50:25.548+0000] {dagbag.py:536} INFO - Filling up the DagBag from /home/airflow/.local/lib/python3.8/site-packages/airflow/example_dags/example_dynamic_task_mapping.py
[2023-11-22T19:50:25.556+0000] {processor.py:839} INFO - DAG(s) dict_keys(['example_dynamic_task_mapping']) retrieved from /home/airflow/.local/lib/python3.8/site-packages/airflow/example_dags/example_dynamic_task_mapping.py
[2023-11-22T19:50:25.576+0000] {logging_mixin.py:154} INFO - [2023-11-22T19:50:25.576+0000] {dag.py:2941} INFO - Sync 1 DAGs
[2023-11-22T19:50:25.593+0000] {logging_mixin.py:154} INFO - [2023-11-22T19:50:25.593+0000] {dag.py:3722} INFO - Setting next_dagrun for example_dynamic_task_mapping to 2022-03-04T00:00:00+00:00, run_after=2022-03-05T00:00:00+00:00
[2023-11-22T19:50:25.728+0000] {processor.py:179} INFO - Processing /home/airflow/.local/lib/python3.8/site-packages/airflow/example_dags/example_dynamic_task_mapping.py took 0.187 seconds
[2023-11-22T19:50:56.357+0000] {processor.py:157} INFO - Started process (PID=10014) to work on /home/airflow/.local/lib/python3.8/site-packages/airflow/example_dags/example_dynamic_task_mapping.py
[2023-11-22T19:50:56.358+0000] {processor.py:829} INFO - Processing file /home/airflow/.local/lib/python3.8/site-packages/airflow/example_dags/example_dynamic_task_mapping.py for tasks to queue
[2023-11-22T19:50:56.359+0000] {logging_mixin.py:154} INFO - [2023-11-22T19:50:56.359+0000] {dagbag.py:536} INFO - Filling up the DagBag from /home/airflow/.local/lib/python3.8/site-packages/airflow/example_dags/example_dynamic_task_mapping.py
[2023-11-22T19:50:56.367+0000] {processor.py:839} INFO - DAG(s) dict_keys(['example_dynamic_task_mapping']) retrieved from /home/airflow/.local/lib/python3.8/site-packages/airflow/example_dags/example_dynamic_task_mapping.py
[2023-11-22T19:50:56.387+0000] {logging_mixin.py:154} INFO - [2023-11-22T19:50:56.387+0000] {dag.py:2941} INFO - Sync 1 DAGs
[2023-11-22T19:50:56.404+0000] {logging_mixin.py:154} INFO - [2023-11-22T19:50:56.403+0000] {dag.py:3722} INFO - Setting next_dagrun for example_dynamic_task_mapping to 2022-03-04T00:00:00+00:00, run_after=2022-03-05T00:00:00+00:00
[2023-11-22T19:50:56.416+0000] {processor.py:179} INFO - Processing /home/airflow/.local/lib/python3.8/site-packages/airflow/example_dags/example_dynamic_task_mapping.py took 0.064 seconds
[2023-11-22T19:51:26.808+0000] {processor.py:157} INFO - Started process (PID=10252) to work on /home/airflow/.local/lib/python3.8/site-packages/airflow/example_dags/example_dynamic_task_mapping.py
[2023-11-22T19:51:26.809+0000] {processor.py:829} INFO - Processing file /home/airflow/.local/lib/python3.8/site-packages/airflow/example_dags/example_dynamic_task_mapping.py for tasks to queue
[2023-11-22T19:51:26.810+0000] {logging_mixin.py:154} INFO - [2023-11-22T19:51:26.810+0000] {dagbag.py:536} INFO - Filling up the DagBag from /home/airflow/.local/lib/python3.8/site-packages/airflow/example_dags/example_dynamic_task_mapping.py
[2023-11-22T19:51:26.817+0000] {processor.py:839} INFO - DAG(s) dict_keys(['example_dynamic_task_mapping']) retrieved from /home/airflow/.local/lib/python3.8/site-packages/airflow/example_dags/example_dynamic_task_mapping.py
[2023-11-22T19:51:26.836+0000] {logging_mixin.py:154} INFO - [2023-11-22T19:51:26.836+0000] {dag.py:2941} INFO - Sync 1 DAGs
[2023-11-22T19:51:26.853+0000] {logging_mixin.py:154} INFO - [2023-11-22T19:51:26.852+0000] {dag.py:3722} INFO - Setting next_dagrun for example_dynamic_task_mapping to 2022-03-04T00:00:00+00:00, run_after=2022-03-05T00:00:00+00:00
[2023-11-22T19:51:26.865+0000] {processor.py:179} INFO - Processing /home/airflow/.local/lib/python3.8/site-packages/airflow/example_dags/example_dynamic_task_mapping.py took 0.061 seconds
[2023-11-22T19:51:57.183+0000] {processor.py:157} INFO - Started process (PID=10490) to work on /home/airflow/.local/lib/python3.8/site-packages/airflow/example_dags/example_dynamic_task_mapping.py
[2023-11-22T19:51:57.184+0000] {processor.py:829} INFO - Processing file /home/airflow/.local/lib/python3.8/site-packages/airflow/example_dags/example_dynamic_task_mapping.py for tasks to queue
[2023-11-22T19:51:57.185+0000] {logging_mixin.py:154} INFO - [2023-11-22T19:51:57.185+0000] {dagbag.py:536} INFO - Filling up the DagBag from /home/airflow/.local/lib/python3.8/site-packages/airflow/example_dags/example_dynamic_task_mapping.py
[2023-11-22T19:51:57.192+0000] {processor.py:839} INFO - DAG(s) dict_keys(['example_dynamic_task_mapping']) retrieved from /home/airflow/.local/lib/python3.8/site-packages/airflow/example_dags/example_dynamic_task_mapping.py
[2023-11-22T19:51:57.324+0000] {logging_mixin.py:154} INFO - [2023-11-22T19:51:57.323+0000] {dag.py:2941} INFO - Sync 1 DAGs
[2023-11-22T19:51:57.337+0000] {logging_mixin.py:154} INFO - [2023-11-22T19:51:57.337+0000] {dag.py:3722} INFO - Setting next_dagrun for example_dynamic_task_mapping to 2022-03-04T00:00:00+00:00, run_after=2022-03-05T00:00:00+00:00
[2023-11-22T19:51:57.348+0000] {processor.py:179} INFO - Processing /home/airflow/.local/lib/python3.8/site-packages/airflow/example_dags/example_dynamic_task_mapping.py took 0.170 seconds
[2023-11-22T19:52:27.741+0000] {processor.py:157} INFO - Started process (PID=10729) to work on /home/airflow/.local/lib/python3.8/site-packages/airflow/example_dags/example_dynamic_task_mapping.py
[2023-11-22T19:52:27.742+0000] {processor.py:829} INFO - Processing file /home/airflow/.local/lib/python3.8/site-packages/airflow/example_dags/example_dynamic_task_mapping.py for tasks to queue
[2023-11-22T19:52:27.743+0000] {logging_mixin.py:154} INFO - [2023-11-22T19:52:27.743+0000] {dagbag.py:536} INFO - Filling up the DagBag from /home/airflow/.local/lib/python3.8/site-packages/airflow/example_dags/example_dynamic_task_mapping.py
[2023-11-22T19:52:27.750+0000] {processor.py:839} INFO - DAG(s) dict_keys(['example_dynamic_task_mapping']) retrieved from /home/airflow/.local/lib/python3.8/site-packages/airflow/example_dags/example_dynamic_task_mapping.py
[2023-11-22T19:52:27.769+0000] {logging_mixin.py:154} INFO - [2023-11-22T19:52:27.769+0000] {dag.py:2941} INFO - Sync 1 DAGs
[2023-11-22T19:52:27.785+0000] {logging_mixin.py:154} INFO - [2023-11-22T19:52:27.785+0000] {dag.py:3722} INFO - Setting next_dagrun for example_dynamic_task_mapping to 2022-03-04T00:00:00+00:00, run_after=2022-03-05T00:00:00+00:00
[2023-11-22T19:52:27.798+0000] {processor.py:179} INFO - Processing /home/airflow/.local/lib/python3.8/site-packages/airflow/example_dags/example_dynamic_task_mapping.py took 0.060 seconds
[2023-11-22T19:52:58.266+0000] {processor.py:157} INFO - Started process (PID=10967) to work on /home/airflow/.local/lib/python3.8/site-packages/airflow/example_dags/example_dynamic_task_mapping.py
[2023-11-22T19:52:58.267+0000] {processor.py:829} INFO - Processing file /home/airflow/.local/lib/python3.8/site-packages/airflow/example_dags/example_dynamic_task_mapping.py for tasks to queue
[2023-11-22T19:52:58.268+0000] {logging_mixin.py:154} INFO - [2023-11-22T19:52:58.268+0000] {dagbag.py:536} INFO - Filling up the DagBag from /home/airflow/.local/lib/python3.8/site-packages/airflow/example_dags/example_dynamic_task_mapping.py
[2023-11-22T19:52:58.274+0000] {processor.py:839} INFO - DAG(s) dict_keys(['example_dynamic_task_mapping']) retrieved from /home/airflow/.local/lib/python3.8/site-packages/airflow/example_dags/example_dynamic_task_mapping.py
[2023-11-22T19:52:58.293+0000] {logging_mixin.py:154} INFO - [2023-11-22T19:52:58.293+0000] {dag.py:2941} INFO - Sync 1 DAGs
[2023-11-22T19:52:58.309+0000] {logging_mixin.py:154} INFO - [2023-11-22T19:52:58.309+0000] {dag.py:3722} INFO - Setting next_dagrun for example_dynamic_task_mapping to 2022-03-04T00:00:00+00:00, run_after=2022-03-05T00:00:00+00:00
[2023-11-22T19:52:58.323+0000] {processor.py:179} INFO - Processing /home/airflow/.local/lib/python3.8/site-packages/airflow/example_dags/example_dynamic_task_mapping.py took 0.059 seconds
[2023-11-22T19:53:28.662+0000] {processor.py:157} INFO - Started process (PID=11205) to work on /home/airflow/.local/lib/python3.8/site-packages/airflow/example_dags/example_dynamic_task_mapping.py
[2023-11-22T19:53:28.663+0000] {processor.py:829} INFO - Processing file /home/airflow/.local/lib/python3.8/site-packages/airflow/example_dags/example_dynamic_task_mapping.py for tasks to queue
[2023-11-22T19:53:28.664+0000] {logging_mixin.py:154} INFO - [2023-11-22T19:53:28.664+0000] {dagbag.py:536} INFO - Filling up the DagBag from /home/airflow/.local/lib/python3.8/site-packages/airflow/example_dags/example_dynamic_task_mapping.py
[2023-11-22T19:53:28.670+0000] {processor.py:839} INFO - DAG(s) dict_keys(['example_dynamic_task_mapping']) retrieved from /home/airflow/.local/lib/python3.8/site-packages/airflow/example_dags/example_dynamic_task_mapping.py
[2023-11-22T19:53:28.690+0000] {logging_mixin.py:154} INFO - [2023-11-22T19:53:28.689+0000] {dag.py:2941} INFO - Sync 1 DAGs
[2023-11-22T19:53:28.706+0000] {logging_mixin.py:154} INFO - [2023-11-22T19:53:28.706+0000] {dag.py:3722} INFO - Setting next_dagrun for example_dynamic_task_mapping to 2022-03-04T00:00:00+00:00, run_after=2022-03-05T00:00:00+00:00
[2023-11-22T19:53:28.718+0000] {processor.py:179} INFO - Processing /home/airflow/.local/lib/python3.8/site-packages/airflow/example_dags/example_dynamic_task_mapping.py took 0.059 seconds
[2023-11-22T19:53:59.243+0000] {processor.py:157} INFO - Started process (PID=11443) to work on /home/airflow/.local/lib/python3.8/site-packages/airflow/example_dags/example_dynamic_task_mapping.py
[2023-11-22T19:53:59.244+0000] {processor.py:829} INFO - Processing file /home/airflow/.local/lib/python3.8/site-packages/airflow/example_dags/example_dynamic_task_mapping.py for tasks to queue
[2023-11-22T19:53:59.245+0000] {logging_mixin.py:154} INFO - [2023-11-22T19:53:59.245+0000] {dagbag.py:536} INFO - Filling up the DagBag from /home/airflow/.local/lib/python3.8/site-packages/airflow/example_dags/example_dynamic_task_mapping.py
[2023-11-22T19:53:59.253+0000] {processor.py:839} INFO - DAG(s) dict_keys(['example_dynamic_task_mapping']) retrieved from /home/airflow/.local/lib/python3.8/site-packages/airflow/example_dags/example_dynamic_task_mapping.py
[2023-11-22T19:53:59.272+0000] {logging_mixin.py:154} INFO - [2023-11-22T19:53:59.272+0000] {dag.py:2941} INFO - Sync 1 DAGs
[2023-11-22T19:53:59.288+0000] {logging_mixin.py:154} INFO - [2023-11-22T19:53:59.288+0000] {dag.py:3722} INFO - Setting next_dagrun for example_dynamic_task_mapping to 2022-03-04T00:00:00+00:00, run_after=2022-03-05T00:00:00+00:00
[2023-11-22T19:53:59.300+0000] {processor.py:179} INFO - Processing /home/airflow/.local/lib/python3.8/site-packages/airflow/example_dags/example_dynamic_task_mapping.py took 0.061 seconds
[2023-11-22T20:36:14.946+0000] {processor.py:157} INFO - Started process (PID=11690) to work on /home/airflow/.local/lib/python3.8/site-packages/airflow/example_dags/example_dynamic_task_mapping.py
[2023-11-22T20:36:14.947+0000] {processor.py:829} INFO - Processing file /home/airflow/.local/lib/python3.8/site-packages/airflow/example_dags/example_dynamic_task_mapping.py for tasks to queue
[2023-11-22T20:36:14.948+0000] {logging_mixin.py:154} INFO - [2023-11-22T20:36:14.947+0000] {dagbag.py:536} INFO - Filling up the DagBag from /home/airflow/.local/lib/python3.8/site-packages/airflow/example_dags/example_dynamic_task_mapping.py
[2023-11-22T20:36:14.955+0000] {processor.py:839} INFO - DAG(s) dict_keys(['example_dynamic_task_mapping']) retrieved from /home/airflow/.local/lib/python3.8/site-packages/airflow/example_dags/example_dynamic_task_mapping.py
[2023-11-22T20:36:14.975+0000] {logging_mixin.py:154} INFO - [2023-11-22T20:36:14.975+0000] {dag.py:2941} INFO - Sync 1 DAGs
[2023-11-22T20:36:14.992+0000] {logging_mixin.py:154} INFO - [2023-11-22T20:36:14.992+0000] {dag.py:3722} INFO - Setting next_dagrun for example_dynamic_task_mapping to 2022-03-04T00:00:00+00:00, run_after=2022-03-05T00:00:00+00:00
[2023-11-22T20:36:15.004+0000] {processor.py:179} INFO - Processing /home/airflow/.local/lib/python3.8/site-packages/airflow/example_dags/example_dynamic_task_mapping.py took 0.061 seconds
[2023-11-22T21:01:34.107+0000] {processor.py:157} INFO - Started process (PID=11927) to work on /home/airflow/.local/lib/python3.8/site-packages/airflow/example_dags/example_dynamic_task_mapping.py
[2023-11-22T21:01:34.108+0000] {processor.py:829} INFO - Processing file /home/airflow/.local/lib/python3.8/site-packages/airflow/example_dags/example_dynamic_task_mapping.py for tasks to queue
[2023-11-22T21:01:34.109+0000] {logging_mixin.py:154} INFO - [2023-11-22T21:01:34.109+0000] {dagbag.py:536} INFO - Filling up the DagBag from /home/airflow/.local/lib/python3.8/site-packages/airflow/example_dags/example_dynamic_task_mapping.py
[2023-11-22T21:01:34.117+0000] {processor.py:839} INFO - DAG(s) dict_keys(['example_dynamic_task_mapping']) retrieved from /home/airflow/.local/lib/python3.8/site-packages/airflow/example_dags/example_dynamic_task_mapping.py
[2023-11-22T21:01:34.145+0000] {logging_mixin.py:154} INFO - [2023-11-22T21:01:34.144+0000] {dag.py:2941} INFO - Sync 1 DAGs
[2023-11-22T21:01:34.167+0000] {logging_mixin.py:154} INFO - [2023-11-22T21:01:34.167+0000] {dag.py:3722} INFO - Setting next_dagrun for example_dynamic_task_mapping to 2022-03-04T00:00:00+00:00, run_after=2022-03-05T00:00:00+00:00
[2023-11-22T21:01:34.184+0000] {processor.py:179} INFO - Processing /home/airflow/.local/lib/python3.8/site-packages/airflow/example_dags/example_dynamic_task_mapping.py took 0.082 seconds
[2023-11-22T21:02:04.425+0000] {processor.py:157} INFO - Started process (PID=12166) to work on /home/airflow/.local/lib/python3.8/site-packages/airflow/example_dags/example_dynamic_task_mapping.py
[2023-11-22T21:02:04.425+0000] {processor.py:829} INFO - Processing file /home/airflow/.local/lib/python3.8/site-packages/airflow/example_dags/example_dynamic_task_mapping.py for tasks to queue
[2023-11-22T21:02:04.426+0000] {logging_mixin.py:154} INFO - [2023-11-22T21:02:04.426+0000] {dagbag.py:536} INFO - Filling up the DagBag from /home/airflow/.local/lib/python3.8/site-packages/airflow/example_dags/example_dynamic_task_mapping.py
[2023-11-22T21:02:04.433+0000] {processor.py:839} INFO - DAG(s) dict_keys(['example_dynamic_task_mapping']) retrieved from /home/airflow/.local/lib/python3.8/site-packages/airflow/example_dags/example_dynamic_task_mapping.py
[2023-11-22T21:02:04.455+0000] {logging_mixin.py:154} INFO - [2023-11-22T21:02:04.455+0000] {dag.py:2941} INFO - Sync 1 DAGs
[2023-11-22T21:02:04.472+0000] {logging_mixin.py:154} INFO - [2023-11-22T21:02:04.471+0000] {dag.py:3722} INFO - Setting next_dagrun for example_dynamic_task_mapping to 2022-03-04T00:00:00+00:00, run_after=2022-03-05T00:00:00+00:00
[2023-11-22T21:02:04.484+0000] {processor.py:179} INFO - Processing /home/airflow/.local/lib/python3.8/site-packages/airflow/example_dags/example_dynamic_task_mapping.py took 0.063 seconds
[2023-11-22T21:02:34.763+0000] {processor.py:157} INFO - Started process (PID=12405) to work on /home/airflow/.local/lib/python3.8/site-packages/airflow/example_dags/example_dynamic_task_mapping.py
[2023-11-22T21:02:34.764+0000] {processor.py:829} INFO - Processing file /home/airflow/.local/lib/python3.8/site-packages/airflow/example_dags/example_dynamic_task_mapping.py for tasks to queue
[2023-11-22T21:02:34.765+0000] {logging_mixin.py:154} INFO - [2023-11-22T21:02:34.765+0000] {dagbag.py:536} INFO - Filling up the DagBag from /home/airflow/.local/lib/python3.8/site-packages/airflow/example_dags/example_dynamic_task_mapping.py
[2023-11-22T21:02:34.773+0000] {processor.py:839} INFO - DAG(s) dict_keys(['example_dynamic_task_mapping']) retrieved from /home/airflow/.local/lib/python3.8/site-packages/airflow/example_dags/example_dynamic_task_mapping.py
[2023-11-22T21:02:34.798+0000] {logging_mixin.py:154} INFO - [2023-11-22T21:02:34.798+0000] {dag.py:2941} INFO - Sync 1 DAGs
[2023-11-22T21:02:34.817+0000] {logging_mixin.py:154} INFO - [2023-11-22T21:02:34.816+0000] {dag.py:3722} INFO - Setting next_dagrun for example_dynamic_task_mapping to 2022-03-04T00:00:00+00:00, run_after=2022-03-05T00:00:00+00:00
[2023-11-22T21:02:34.831+0000] {processor.py:179} INFO - Processing /home/airflow/.local/lib/python3.8/site-packages/airflow/example_dags/example_dynamic_task_mapping.py took 0.071 seconds
[2023-11-22T21:03:05.124+0000] {processor.py:157} INFO - Started process (PID=12641) to work on /home/airflow/.local/lib/python3.8/site-packages/airflow/example_dags/example_dynamic_task_mapping.py
[2023-11-22T21:03:05.125+0000] {processor.py:829} INFO - Processing file /home/airflow/.local/lib/python3.8/site-packages/airflow/example_dags/example_dynamic_task_mapping.py for tasks to queue
[2023-11-22T21:03:05.126+0000] {logging_mixin.py:154} INFO - [2023-11-22T21:03:05.126+0000] {dagbag.py:536} INFO - Filling up the DagBag from /home/airflow/.local/lib/python3.8/site-packages/airflow/example_dags/example_dynamic_task_mapping.py
[2023-11-22T21:03:05.133+0000] {processor.py:839} INFO - DAG(s) dict_keys(['example_dynamic_task_mapping']) retrieved from /home/airflow/.local/lib/python3.8/site-packages/airflow/example_dags/example_dynamic_task_mapping.py
[2023-11-22T21:03:05.153+0000] {logging_mixin.py:154} INFO - [2023-11-22T21:03:05.152+0000] {dag.py:2941} INFO - Sync 1 DAGs
[2023-11-22T21:03:05.169+0000] {logging_mixin.py:154} INFO - [2023-11-22T21:03:05.169+0000] {dag.py:3722} INFO - Setting next_dagrun for example_dynamic_task_mapping to 2022-03-04T00:00:00+00:00, run_after=2022-03-05T00:00:00+00:00
[2023-11-22T21:03:05.181+0000] {processor.py:179} INFO - Processing /home/airflow/.local/lib/python3.8/site-packages/airflow/example_dags/example_dynamic_task_mapping.py took 0.060 seconds
[2023-11-22T21:03:35.916+0000] {processor.py:157} INFO - Started process (PID=12879) to work on /home/airflow/.local/lib/python3.8/site-packages/airflow/example_dags/example_dynamic_task_mapping.py
[2023-11-22T21:03:35.917+0000] {processor.py:829} INFO - Processing file /home/airflow/.local/lib/python3.8/site-packages/airflow/example_dags/example_dynamic_task_mapping.py for tasks to queue
[2023-11-22T21:03:35.919+0000] {logging_mixin.py:154} INFO - [2023-11-22T21:03:35.919+0000] {dagbag.py:536} INFO - Filling up the DagBag from /home/airflow/.local/lib/python3.8/site-packages/airflow/example_dags/example_dynamic_task_mapping.py
[2023-11-22T21:03:35.927+0000] {processor.py:839} INFO - DAG(s) dict_keys(['example_dynamic_task_mapping']) retrieved from /home/airflow/.local/lib/python3.8/site-packages/airflow/example_dags/example_dynamic_task_mapping.py
[2023-11-22T21:03:35.950+0000] {logging_mixin.py:154} INFO - [2023-11-22T21:03:35.950+0000] {dag.py:2941} INFO - Sync 1 DAGs
[2023-11-22T21:03:35.973+0000] {logging_mixin.py:154} INFO - [2023-11-22T21:03:35.973+0000] {dag.py:3722} INFO - Setting next_dagrun for example_dynamic_task_mapping to 2022-03-04T00:00:00+00:00, run_after=2022-03-05T00:00:00+00:00
[2023-11-22T21:03:35.991+0000] {processor.py:179} INFO - Processing /home/airflow/.local/lib/python3.8/site-packages/airflow/example_dags/example_dynamic_task_mapping.py took 0.078 seconds
[2023-11-22T21:04:06.498+0000] {processor.py:157} INFO - Started process (PID=13117) to work on /home/airflow/.local/lib/python3.8/site-packages/airflow/example_dags/example_dynamic_task_mapping.py
[2023-11-22T21:04:06.499+0000] {processor.py:829} INFO - Processing file /home/airflow/.local/lib/python3.8/site-packages/airflow/example_dags/example_dynamic_task_mapping.py for tasks to queue
[2023-11-22T21:04:06.501+0000] {logging_mixin.py:154} INFO - [2023-11-22T21:04:06.500+0000] {dagbag.py:536} INFO - Filling up the DagBag from /home/airflow/.local/lib/python3.8/site-packages/airflow/example_dags/example_dynamic_task_mapping.py
[2023-11-22T21:04:06.509+0000] {processor.py:839} INFO - DAG(s) dict_keys(['example_dynamic_task_mapping']) retrieved from /home/airflow/.local/lib/python3.8/site-packages/airflow/example_dags/example_dynamic_task_mapping.py
[2023-11-22T21:04:06.534+0000] {logging_mixin.py:154} INFO - [2023-11-22T21:04:06.534+0000] {dag.py:2941} INFO - Sync 1 DAGs
[2023-11-22T21:04:06.557+0000] {logging_mixin.py:154} INFO - [2023-11-22T21:04:06.557+0000] {dag.py:3722} INFO - Setting next_dagrun for example_dynamic_task_mapping to 2022-03-04T00:00:00+00:00, run_after=2022-03-05T00:00:00+00:00
[2023-11-22T21:04:06.574+0000] {processor.py:179} INFO - Processing /home/airflow/.local/lib/python3.8/site-packages/airflow/example_dags/example_dynamic_task_mapping.py took 0.079 seconds
[2023-11-22T21:04:37.139+0000] {processor.py:157} INFO - Started process (PID=13355) to work on /home/airflow/.local/lib/python3.8/site-packages/airflow/example_dags/example_dynamic_task_mapping.py
[2023-11-22T21:04:37.140+0000] {processor.py:829} INFO - Processing file /home/airflow/.local/lib/python3.8/site-packages/airflow/example_dags/example_dynamic_task_mapping.py for tasks to queue
[2023-11-22T21:04:37.141+0000] {logging_mixin.py:154} INFO - [2023-11-22T21:04:37.140+0000] {dagbag.py:536} INFO - Filling up the DagBag from /home/airflow/.local/lib/python3.8/site-packages/airflow/example_dags/example_dynamic_task_mapping.py
[2023-11-22T21:04:37.148+0000] {processor.py:839} INFO - DAG(s) dict_keys(['example_dynamic_task_mapping']) retrieved from /home/airflow/.local/lib/python3.8/site-packages/airflow/example_dags/example_dynamic_task_mapping.py
[2023-11-22T21:04:37.168+0000] {logging_mixin.py:154} INFO - [2023-11-22T21:04:37.168+0000] {dag.py:2941} INFO - Sync 1 DAGs
[2023-11-22T21:04:37.186+0000] {logging_mixin.py:154} INFO - [2023-11-22T21:04:37.185+0000] {dag.py:3722} INFO - Setting next_dagrun for example_dynamic_task_mapping to 2022-03-04T00:00:00+00:00, run_after=2022-03-05T00:00:00+00:00
[2023-11-22T21:04:37.199+0000] {processor.py:179} INFO - Processing /home/airflow/.local/lib/python3.8/site-packages/airflow/example_dags/example_dynamic_task_mapping.py took 0.064 seconds
[2023-11-22T21:05:07.672+0000] {processor.py:157} INFO - Started process (PID=13593) to work on /home/airflow/.local/lib/python3.8/site-packages/airflow/example_dags/example_dynamic_task_mapping.py
[2023-11-22T21:05:07.673+0000] {processor.py:829} INFO - Processing file /home/airflow/.local/lib/python3.8/site-packages/airflow/example_dags/example_dynamic_task_mapping.py for tasks to queue
[2023-11-22T21:05:07.674+0000] {logging_mixin.py:154} INFO - [2023-11-22T21:05:07.673+0000] {dagbag.py:536} INFO - Filling up the DagBag from /home/airflow/.local/lib/python3.8/site-packages/airflow/example_dags/example_dynamic_task_mapping.py
[2023-11-22T21:05:07.682+0000] {processor.py:839} INFO - DAG(s) dict_keys(['example_dynamic_task_mapping']) retrieved from /home/airflow/.local/lib/python3.8/site-packages/airflow/example_dags/example_dynamic_task_mapping.py
[2023-11-22T21:05:07.707+0000] {logging_mixin.py:154} INFO - [2023-11-22T21:05:07.706+0000] {dag.py:2941} INFO - Sync 1 DAGs
[2023-11-22T21:05:07.724+0000] {logging_mixin.py:154} INFO - [2023-11-22T21:05:07.724+0000] {dag.py:3722} INFO - Setting next_dagrun for example_dynamic_task_mapping to 2022-03-04T00:00:00+00:00, run_after=2022-03-05T00:00:00+00:00
[2023-11-22T21:05:07.736+0000] {processor.py:179} INFO - Processing /home/airflow/.local/lib/python3.8/site-packages/airflow/example_dags/example_dynamic_task_mapping.py took 0.068 seconds
[2023-11-22T21:05:38.323+0000] {processor.py:157} INFO - Started process (PID=13830) to work on /home/airflow/.local/lib/python3.8/site-packages/airflow/example_dags/example_dynamic_task_mapping.py
[2023-11-22T21:05:38.324+0000] {processor.py:829} INFO - Processing file /home/airflow/.local/lib/python3.8/site-packages/airflow/example_dags/example_dynamic_task_mapping.py for tasks to queue
[2023-11-22T21:05:38.325+0000] {logging_mixin.py:154} INFO - [2023-11-22T21:05:38.324+0000] {dagbag.py:536} INFO - Filling up the DagBag from /home/airflow/.local/lib/python3.8/site-packages/airflow/example_dags/example_dynamic_task_mapping.py
[2023-11-22T21:05:38.331+0000] {processor.py:839} INFO - DAG(s) dict_keys(['example_dynamic_task_mapping']) retrieved from /home/airflow/.local/lib/python3.8/site-packages/airflow/example_dags/example_dynamic_task_mapping.py
[2023-11-22T21:05:38.352+0000] {logging_mixin.py:154} INFO - [2023-11-22T21:05:38.352+0000] {dag.py:2941} INFO - Sync 1 DAGs
[2023-11-22T21:05:38.369+0000] {logging_mixin.py:154} INFO - [2023-11-22T21:05:38.369+0000] {dag.py:3722} INFO - Setting next_dagrun for example_dynamic_task_mapping to 2022-03-04T00:00:00+00:00, run_after=2022-03-05T00:00:00+00:00
[2023-11-22T21:05:38.381+0000] {processor.py:179} INFO - Processing /home/airflow/.local/lib/python3.8/site-packages/airflow/example_dags/example_dynamic_task_mapping.py took 0.062 seconds
[2023-11-22T21:06:08.491+0000] {processor.py:157} INFO - Started process (PID=14068) to work on /home/airflow/.local/lib/python3.8/site-packages/airflow/example_dags/example_dynamic_task_mapping.py
[2023-11-22T21:06:08.492+0000] {processor.py:829} INFO - Processing file /home/airflow/.local/lib/python3.8/site-packages/airflow/example_dags/example_dynamic_task_mapping.py for tasks to queue
[2023-11-22T21:06:08.493+0000] {logging_mixin.py:154} INFO - [2023-11-22T21:06:08.493+0000] {dagbag.py:536} INFO - Filling up the DagBag from /home/airflow/.local/lib/python3.8/site-packages/airflow/example_dags/example_dynamic_task_mapping.py
[2023-11-22T21:06:08.500+0000] {processor.py:839} INFO - DAG(s) dict_keys(['example_dynamic_task_mapping']) retrieved from /home/airflow/.local/lib/python3.8/site-packages/airflow/example_dags/example_dynamic_task_mapping.py
[2023-11-22T21:06:08.521+0000] {logging_mixin.py:154} INFO - [2023-11-22T21:06:08.521+0000] {dag.py:2941} INFO - Sync 1 DAGs
[2023-11-22T21:06:08.537+0000] {logging_mixin.py:154} INFO - [2023-11-22T21:06:08.537+0000] {dag.py:3722} INFO - Setting next_dagrun for example_dynamic_task_mapping to 2022-03-04T00:00:00+00:00, run_after=2022-03-05T00:00:00+00:00
[2023-11-22T21:06:08.550+0000] {processor.py:179} INFO - Processing /home/airflow/.local/lib/python3.8/site-packages/airflow/example_dags/example_dynamic_task_mapping.py took 0.062 seconds
[2023-11-22T21:06:39.595+0000] {processor.py:157} INFO - Started process (PID=14306) to work on /home/airflow/.local/lib/python3.8/site-packages/airflow/example_dags/example_dynamic_task_mapping.py
[2023-11-22T21:06:39.595+0000] {processor.py:829} INFO - Processing file /home/airflow/.local/lib/python3.8/site-packages/airflow/example_dags/example_dynamic_task_mapping.py for tasks to queue
[2023-11-22T21:06:39.596+0000] {logging_mixin.py:154} INFO - [2023-11-22T21:06:39.596+0000] {dagbag.py:536} INFO - Filling up the DagBag from /home/airflow/.local/lib/python3.8/site-packages/airflow/example_dags/example_dynamic_task_mapping.py
[2023-11-22T21:06:39.603+0000] {processor.py:839} INFO - DAG(s) dict_keys(['example_dynamic_task_mapping']) retrieved from /home/airflow/.local/lib/python3.8/site-packages/airflow/example_dags/example_dynamic_task_mapping.py
[2023-11-22T21:06:39.625+0000] {logging_mixin.py:154} INFO - [2023-11-22T21:06:39.624+0000] {dag.py:2941} INFO - Sync 1 DAGs
[2023-11-22T21:06:39.643+0000] {logging_mixin.py:154} INFO - [2023-11-22T21:06:39.643+0000] {dag.py:3722} INFO - Setting next_dagrun for example_dynamic_task_mapping to 2022-03-04T00:00:00+00:00, run_after=2022-03-05T00:00:00+00:00
[2023-11-22T21:06:39.657+0000] {processor.py:179} INFO - Processing /home/airflow/.local/lib/python3.8/site-packages/airflow/example_dags/example_dynamic_task_mapping.py took 0.065 seconds
[2023-11-22T21:07:10.471+0000] {processor.py:157} INFO - Started process (PID=14546) to work on /home/airflow/.local/lib/python3.8/site-packages/airflow/example_dags/example_dynamic_task_mapping.py
[2023-11-22T21:07:10.472+0000] {processor.py:829} INFO - Processing file /home/airflow/.local/lib/python3.8/site-packages/airflow/example_dags/example_dynamic_task_mapping.py for tasks to queue
[2023-11-22T21:07:10.473+0000] {logging_mixin.py:154} INFO - [2023-11-22T21:07:10.473+0000] {dagbag.py:536} INFO - Filling up the DagBag from /home/airflow/.local/lib/python3.8/site-packages/airflow/example_dags/example_dynamic_task_mapping.py
[2023-11-22T21:07:10.481+0000] {processor.py:839} INFO - DAG(s) dict_keys(['example_dynamic_task_mapping']) retrieved from /home/airflow/.local/lib/python3.8/site-packages/airflow/example_dags/example_dynamic_task_mapping.py
[2023-11-22T21:07:10.508+0000] {logging_mixin.py:154} INFO - [2023-11-22T21:07:10.508+0000] {dag.py:2941} INFO - Sync 1 DAGs
[2023-11-22T21:07:10.525+0000] {logging_mixin.py:154} INFO - [2023-11-22T21:07:10.525+0000] {dag.py:3722} INFO - Setting next_dagrun for example_dynamic_task_mapping to 2022-03-04T00:00:00+00:00, run_after=2022-03-05T00:00:00+00:00
[2023-11-22T21:07:10.543+0000] {processor.py:179} INFO - Processing /home/airflow/.local/lib/python3.8/site-packages/airflow/example_dags/example_dynamic_task_mapping.py took 0.075 seconds
[2023-11-22T21:07:40.742+0000] {processor.py:157} INFO - Started process (PID=14784) to work on /home/airflow/.local/lib/python3.8/site-packages/airflow/example_dags/example_dynamic_task_mapping.py
[2023-11-22T21:07:40.742+0000] {processor.py:829} INFO - Processing file /home/airflow/.local/lib/python3.8/site-packages/airflow/example_dags/example_dynamic_task_mapping.py for tasks to queue
[2023-11-22T21:07:40.743+0000] {logging_mixin.py:154} INFO - [2023-11-22T21:07:40.743+0000] {dagbag.py:536} INFO - Filling up the DagBag from /home/airflow/.local/lib/python3.8/site-packages/airflow/example_dags/example_dynamic_task_mapping.py
[2023-11-22T21:07:40.750+0000] {processor.py:839} INFO - DAG(s) dict_keys(['example_dynamic_task_mapping']) retrieved from /home/airflow/.local/lib/python3.8/site-packages/airflow/example_dags/example_dynamic_task_mapping.py
[2023-11-22T21:07:40.770+0000] {logging_mixin.py:154} INFO - [2023-11-22T21:07:40.770+0000] {dag.py:2941} INFO - Sync 1 DAGs
[2023-11-22T21:07:40.786+0000] {logging_mixin.py:154} INFO - [2023-11-22T21:07:40.786+0000] {dag.py:3722} INFO - Setting next_dagrun for example_dynamic_task_mapping to 2022-03-04T00:00:00+00:00, run_after=2022-03-05T00:00:00+00:00
[2023-11-22T21:07:40.797+0000] {processor.py:179} INFO - Processing /home/airflow/.local/lib/python3.8/site-packages/airflow/example_dags/example_dynamic_task_mapping.py took 0.059 seconds
[2023-11-22T21:08:11.501+0000] {processor.py:157} INFO - Started process (PID=15022) to work on /home/airflow/.local/lib/python3.8/site-packages/airflow/example_dags/example_dynamic_task_mapping.py
[2023-11-22T21:08:11.502+0000] {processor.py:829} INFO - Processing file /home/airflow/.local/lib/python3.8/site-packages/airflow/example_dags/example_dynamic_task_mapping.py for tasks to queue
[2023-11-22T21:08:11.503+0000] {logging_mixin.py:154} INFO - [2023-11-22T21:08:11.503+0000] {dagbag.py:536} INFO - Filling up the DagBag from /home/airflow/.local/lib/python3.8/site-packages/airflow/example_dags/example_dynamic_task_mapping.py
[2023-11-22T21:08:11.512+0000] {processor.py:839} INFO - DAG(s) dict_keys(['example_dynamic_task_mapping']) retrieved from /home/airflow/.local/lib/python3.8/site-packages/airflow/example_dags/example_dynamic_task_mapping.py
[2023-11-22T21:08:11.536+0000] {logging_mixin.py:154} INFO - [2023-11-22T21:08:11.536+0000] {dag.py:2941} INFO - Sync 1 DAGs
[2023-11-22T21:08:11.555+0000] {logging_mixin.py:154} INFO - [2023-11-22T21:08:11.555+0000] {dag.py:3722} INFO - Setting next_dagrun for example_dynamic_task_mapping to 2022-03-04T00:00:00+00:00, run_after=2022-03-05T00:00:00+00:00
[2023-11-22T21:08:11.569+0000] {processor.py:179} INFO - Processing /home/airflow/.local/lib/python3.8/site-packages/airflow/example_dags/example_dynamic_task_mapping.py took 0.073 seconds
[2023-11-22T21:08:42.410+0000] {processor.py:157} INFO - Started process (PID=15260) to work on /home/airflow/.local/lib/python3.8/site-packages/airflow/example_dags/example_dynamic_task_mapping.py
[2023-11-22T21:08:42.412+0000] {processor.py:829} INFO - Processing file /home/airflow/.local/lib/python3.8/site-packages/airflow/example_dags/example_dynamic_task_mapping.py for tasks to queue
[2023-11-22T21:08:42.413+0000] {logging_mixin.py:154} INFO - [2023-11-22T21:08:42.413+0000] {dagbag.py:536} INFO - Filling up the DagBag from /home/airflow/.local/lib/python3.8/site-packages/airflow/example_dags/example_dynamic_task_mapping.py
[2023-11-22T21:08:42.425+0000] {processor.py:839} INFO - DAG(s) dict_keys(['example_dynamic_task_mapping']) retrieved from /home/airflow/.local/lib/python3.8/site-packages/airflow/example_dags/example_dynamic_task_mapping.py
[2023-11-22T21:08:42.464+0000] {logging_mixin.py:154} INFO - [2023-11-22T21:08:42.464+0000] {dag.py:2941} INFO - Sync 1 DAGs
[2023-11-22T21:08:42.500+0000] {logging_mixin.py:154} INFO - [2023-11-22T21:08:42.500+0000] {dag.py:3722} INFO - Setting next_dagrun for example_dynamic_task_mapping to 2022-03-04T00:00:00+00:00, run_after=2022-03-05T00:00:00+00:00
[2023-11-22T21:08:42.529+0000] {processor.py:179} INFO - Processing /home/airflow/.local/lib/python3.8/site-packages/airflow/example_dags/example_dynamic_task_mapping.py took 0.124 seconds
[2023-11-22T21:09:42.269+0000] {processor.py:157} INFO - Started process (PID=257) to work on /home/airflow/.local/lib/python3.8/site-packages/airflow/example_dags/example_dynamic_task_mapping.py
[2023-11-22T21:09:42.273+0000] {processor.py:829} INFO - Processing file /home/airflow/.local/lib/python3.8/site-packages/airflow/example_dags/example_dynamic_task_mapping.py for tasks to queue
[2023-11-22T21:09:42.279+0000] {logging_mixin.py:154} INFO - [2023-11-22T21:09:42.278+0000] {dagbag.py:536} INFO - Filling up the DagBag from /home/airflow/.local/lib/python3.8/site-packages/airflow/example_dags/example_dynamic_task_mapping.py
[2023-11-22T21:09:42.308+0000] {processor.py:839} INFO - DAG(s) dict_keys(['example_dynamic_task_mapping']) retrieved from /home/airflow/.local/lib/python3.8/site-packages/airflow/example_dags/example_dynamic_task_mapping.py
[2023-11-22T21:09:42.334+0000] {logging_mixin.py:154} INFO - [2023-11-22T21:09:42.333+0000] {dag.py:2941} INFO - Sync 1 DAGs
[2023-11-22T21:09:42.367+0000] {logging_mixin.py:154} INFO - [2023-11-22T21:09:42.367+0000] {dag.py:3722} INFO - Setting next_dagrun for example_dynamic_task_mapping to 2022-03-04T00:00:00+00:00, run_after=2022-03-05T00:00:00+00:00
[2023-11-22T21:09:42.390+0000] {processor.py:179} INFO - Processing /home/airflow/.local/lib/python3.8/site-packages/airflow/example_dags/example_dynamic_task_mapping.py took 0.129 seconds
[2023-11-22T21:10:12.875+0000] {processor.py:157} INFO - Started process (PID=498) to work on /home/airflow/.local/lib/python3.8/site-packages/airflow/example_dags/example_dynamic_task_mapping.py
[2023-11-22T21:10:12.876+0000] {processor.py:829} INFO - Processing file /home/airflow/.local/lib/python3.8/site-packages/airflow/example_dags/example_dynamic_task_mapping.py for tasks to queue
[2023-11-22T21:10:12.877+0000] {logging_mixin.py:154} INFO - [2023-11-22T21:10:12.877+0000] {dagbag.py:536} INFO - Filling up the DagBag from /home/airflow/.local/lib/python3.8/site-packages/airflow/example_dags/example_dynamic_task_mapping.py
[2023-11-22T21:10:12.885+0000] {processor.py:839} INFO - DAG(s) dict_keys(['example_dynamic_task_mapping']) retrieved from /home/airflow/.local/lib/python3.8/site-packages/airflow/example_dags/example_dynamic_task_mapping.py
[2023-11-22T21:10:12.908+0000] {logging_mixin.py:154} INFO - [2023-11-22T21:10:12.908+0000] {dag.py:2941} INFO - Sync 1 DAGs
[2023-11-22T21:10:12.927+0000] {logging_mixin.py:154} INFO - [2023-11-22T21:10:12.927+0000] {dag.py:3722} INFO - Setting next_dagrun for example_dynamic_task_mapping to 2022-03-04T00:00:00+00:00, run_after=2022-03-05T00:00:00+00:00
[2023-11-22T21:10:12.940+0000] {processor.py:179} INFO - Processing /home/airflow/.local/lib/python3.8/site-packages/airflow/example_dags/example_dynamic_task_mapping.py took 0.069 seconds
