[2023-11-22T19:30:03.964+0000] {processor.py:157} INFO - Started process (PID=177) to work on /home/airflow/.local/lib/python3.8/site-packages/airflow/example_dags/tutorial_dag.py
[2023-11-22T19:30:03.965+0000] {processor.py:829} INFO - Processing file /home/airflow/.local/lib/python3.8/site-packages/airflow/example_dags/tutorial_dag.py for tasks to queue
[2023-11-22T19:30:03.966+0000] {logging_mixin.py:154} INFO - [2023-11-22T19:30:03.966+0000] {dagbag.py:536} INFO - Filling up the DagBag from /home/airflow/.local/lib/python3.8/site-packages/airflow/example_dags/tutorial_dag.py
[2023-11-22T19:30:03.978+0000] {processor.py:839} INFO - DAG(s) dict_keys(['tutorial_dag']) retrieved from /home/airflow/.local/lib/python3.8/site-packages/airflow/example_dags/tutorial_dag.py
[2023-11-22T19:30:03.999+0000] {logging_mixin.py:154} INFO - [2023-11-22T19:30:03.999+0000] {dag.py:2941} INFO - Sync 1 DAGs
[2023-11-22T19:30:04.016+0000] {logging_mixin.py:154} INFO - [2023-11-22T19:30:04.016+0000] {dag.py:3722} INFO - Setting next_dagrun for tutorial_dag to None, run_after=None
[2023-11-22T19:30:04.036+0000] {processor.py:179} INFO - Processing /home/airflow/.local/lib/python3.8/site-packages/airflow/example_dags/tutorial_dag.py took 0.077 seconds
[2023-11-22T19:30:34.521+0000] {processor.py:157} INFO - Started process (PID=415) to work on /home/airflow/.local/lib/python3.8/site-packages/airflow/example_dags/tutorial_dag.py
[2023-11-22T19:30:34.521+0000] {processor.py:829} INFO - Processing file /home/airflow/.local/lib/python3.8/site-packages/airflow/example_dags/tutorial_dag.py for tasks to queue
[2023-11-22T19:30:34.522+0000] {logging_mixin.py:154} INFO - [2023-11-22T19:30:34.522+0000] {dagbag.py:536} INFO - Filling up the DagBag from /home/airflow/.local/lib/python3.8/site-packages/airflow/example_dags/tutorial_dag.py
[2023-11-22T19:30:34.527+0000] {processor.py:839} INFO - DAG(s) dict_keys(['tutorial_dag']) retrieved from /home/airflow/.local/lib/python3.8/site-packages/airflow/example_dags/tutorial_dag.py
[2023-11-22T19:30:34.548+0000] {logging_mixin.py:154} INFO - [2023-11-22T19:30:34.547+0000] {dag.py:2941} INFO - Sync 1 DAGs
[2023-11-22T19:30:34.557+0000] {logging_mixin.py:154} INFO - [2023-11-22T19:30:34.557+0000] {dag.py:3722} INFO - Setting next_dagrun for tutorial_dag to None, run_after=None
[2023-11-22T19:30:34.571+0000] {processor.py:179} INFO - Processing /home/airflow/.local/lib/python3.8/site-packages/airflow/example_dags/tutorial_dag.py took 0.053 seconds
[2023-11-22T19:31:05.211+0000] {processor.py:157} INFO - Started process (PID=653) to work on /home/airflow/.local/lib/python3.8/site-packages/airflow/example_dags/tutorial_dag.py
[2023-11-22T19:31:05.212+0000] {processor.py:829} INFO - Processing file /home/airflow/.local/lib/python3.8/site-packages/airflow/example_dags/tutorial_dag.py for tasks to queue
[2023-11-22T19:31:05.213+0000] {logging_mixin.py:154} INFO - [2023-11-22T19:31:05.212+0000] {dagbag.py:536} INFO - Filling up the DagBag from /home/airflow/.local/lib/python3.8/site-packages/airflow/example_dags/tutorial_dag.py
[2023-11-22T19:31:05.218+0000] {processor.py:839} INFO - DAG(s) dict_keys(['tutorial_dag']) retrieved from /home/airflow/.local/lib/python3.8/site-packages/airflow/example_dags/tutorial_dag.py
[2023-11-22T19:31:05.239+0000] {logging_mixin.py:154} INFO - [2023-11-22T19:31:05.239+0000] {dag.py:2941} INFO - Sync 1 DAGs
[2023-11-22T19:31:05.248+0000] {logging_mixin.py:154} INFO - [2023-11-22T19:31:05.248+0000] {dag.py:3722} INFO - Setting next_dagrun for tutorial_dag to None, run_after=None
[2023-11-22T19:31:05.260+0000] {processor.py:179} INFO - Processing /home/airflow/.local/lib/python3.8/site-packages/airflow/example_dags/tutorial_dag.py took 0.053 seconds
[2023-11-22T19:31:35.747+0000] {processor.py:157} INFO - Started process (PID=893) to work on /home/airflow/.local/lib/python3.8/site-packages/airflow/example_dags/tutorial_dag.py
[2023-11-22T19:31:35.748+0000] {processor.py:829} INFO - Processing file /home/airflow/.local/lib/python3.8/site-packages/airflow/example_dags/tutorial_dag.py for tasks to queue
[2023-11-22T19:31:35.749+0000] {logging_mixin.py:154} INFO - [2023-11-22T19:31:35.748+0000] {dagbag.py:536} INFO - Filling up the DagBag from /home/airflow/.local/lib/python3.8/site-packages/airflow/example_dags/tutorial_dag.py
[2023-11-22T19:31:35.753+0000] {processor.py:839} INFO - DAG(s) dict_keys(['tutorial_dag']) retrieved from /home/airflow/.local/lib/python3.8/site-packages/airflow/example_dags/tutorial_dag.py
[2023-11-22T19:31:35.775+0000] {logging_mixin.py:154} INFO - [2023-11-22T19:31:35.775+0000] {dag.py:2941} INFO - Sync 1 DAGs
[2023-11-22T19:31:35.785+0000] {logging_mixin.py:154} INFO - [2023-11-22T19:31:35.785+0000] {dag.py:3722} INFO - Setting next_dagrun for tutorial_dag to None, run_after=None
[2023-11-22T19:31:35.798+0000] {processor.py:179} INFO - Processing /home/airflow/.local/lib/python3.8/site-packages/airflow/example_dags/tutorial_dag.py took 0.055 seconds
[2023-11-22T19:32:06.028+0000] {processor.py:157} INFO - Started process (PID=1131) to work on /home/airflow/.local/lib/python3.8/site-packages/airflow/example_dags/tutorial_dag.py
[2023-11-22T19:32:06.029+0000] {processor.py:829} INFO - Processing file /home/airflow/.local/lib/python3.8/site-packages/airflow/example_dags/tutorial_dag.py for tasks to queue
[2023-11-22T19:32:06.030+0000] {logging_mixin.py:154} INFO - [2023-11-22T19:32:06.030+0000] {dagbag.py:536} INFO - Filling up the DagBag from /home/airflow/.local/lib/python3.8/site-packages/airflow/example_dags/tutorial_dag.py
[2023-11-22T19:32:06.035+0000] {processor.py:839} INFO - DAG(s) dict_keys(['tutorial_dag']) retrieved from /home/airflow/.local/lib/python3.8/site-packages/airflow/example_dags/tutorial_dag.py
[2023-11-22T19:32:06.057+0000] {logging_mixin.py:154} INFO - [2023-11-22T19:32:06.057+0000] {dag.py:2941} INFO - Sync 1 DAGs
[2023-11-22T19:32:06.067+0000] {logging_mixin.py:154} INFO - [2023-11-22T19:32:06.067+0000] {dag.py:3722} INFO - Setting next_dagrun for tutorial_dag to None, run_after=None
[2023-11-22T19:32:06.080+0000] {processor.py:179} INFO - Processing /home/airflow/.local/lib/python3.8/site-packages/airflow/example_dags/tutorial_dag.py took 0.055 seconds
[2023-11-22T19:32:36.259+0000] {processor.py:157} INFO - Started process (PID=1367) to work on /home/airflow/.local/lib/python3.8/site-packages/airflow/example_dags/tutorial_dag.py
[2023-11-22T19:32:36.264+0000] {processor.py:829} INFO - Processing file /home/airflow/.local/lib/python3.8/site-packages/airflow/example_dags/tutorial_dag.py for tasks to queue
[2023-11-22T19:32:36.268+0000] {logging_mixin.py:154} INFO - [2023-11-22T19:32:36.267+0000] {dagbag.py:536} INFO - Filling up the DagBag from /home/airflow/.local/lib/python3.8/site-packages/airflow/example_dags/tutorial_dag.py
[2023-11-22T19:32:36.289+0000] {processor.py:839} INFO - DAG(s) dict_keys(['tutorial_dag']) retrieved from /home/airflow/.local/lib/python3.8/site-packages/airflow/example_dags/tutorial_dag.py
[2023-11-22T19:32:36.366+0000] {logging_mixin.py:154} INFO - [2023-11-22T19:32:36.366+0000] {dag.py:2941} INFO - Sync 1 DAGs
[2023-11-22T19:32:36.396+0000] {logging_mixin.py:154} INFO - [2023-11-22T19:32:36.395+0000] {dag.py:3722} INFO - Setting next_dagrun for tutorial_dag to None, run_after=None
[2023-11-22T19:32:36.431+0000] {processor.py:179} INFO - Processing /home/airflow/.local/lib/python3.8/site-packages/airflow/example_dags/tutorial_dag.py took 0.178 seconds
[2023-11-22T19:33:06.752+0000] {processor.py:157} INFO - Started process (PID=1605) to work on /home/airflow/.local/lib/python3.8/site-packages/airflow/example_dags/tutorial_dag.py
[2023-11-22T19:33:06.753+0000] {processor.py:829} INFO - Processing file /home/airflow/.local/lib/python3.8/site-packages/airflow/example_dags/tutorial_dag.py for tasks to queue
[2023-11-22T19:33:06.754+0000] {logging_mixin.py:154} INFO - [2023-11-22T19:33:06.753+0000] {dagbag.py:536} INFO - Filling up the DagBag from /home/airflow/.local/lib/python3.8/site-packages/airflow/example_dags/tutorial_dag.py
[2023-11-22T19:33:06.759+0000] {processor.py:839} INFO - DAG(s) dict_keys(['tutorial_dag']) retrieved from /home/airflow/.local/lib/python3.8/site-packages/airflow/example_dags/tutorial_dag.py
[2023-11-22T19:33:06.780+0000] {logging_mixin.py:154} INFO - [2023-11-22T19:33:06.780+0000] {dag.py:2941} INFO - Sync 1 DAGs
[2023-11-22T19:33:06.789+0000] {logging_mixin.py:154} INFO - [2023-11-22T19:33:06.789+0000] {dag.py:3722} INFO - Setting next_dagrun for tutorial_dag to None, run_after=None
[2023-11-22T19:33:06.803+0000] {processor.py:179} INFO - Processing /home/airflow/.local/lib/python3.8/site-packages/airflow/example_dags/tutorial_dag.py took 0.054 seconds
[2023-11-22T19:33:37.221+0000] {processor.py:157} INFO - Started process (PID=1845) to work on /home/airflow/.local/lib/python3.8/site-packages/airflow/example_dags/tutorial_dag.py
[2023-11-22T19:33:37.222+0000] {processor.py:829} INFO - Processing file /home/airflow/.local/lib/python3.8/site-packages/airflow/example_dags/tutorial_dag.py for tasks to queue
[2023-11-22T19:33:37.223+0000] {logging_mixin.py:154} INFO - [2023-11-22T19:33:37.223+0000] {dagbag.py:536} INFO - Filling up the DagBag from /home/airflow/.local/lib/python3.8/site-packages/airflow/example_dags/tutorial_dag.py
[2023-11-22T19:33:37.228+0000] {processor.py:839} INFO - DAG(s) dict_keys(['tutorial_dag']) retrieved from /home/airflow/.local/lib/python3.8/site-packages/airflow/example_dags/tutorial_dag.py
[2023-11-22T19:33:37.249+0000] {logging_mixin.py:154} INFO - [2023-11-22T19:33:37.249+0000] {dag.py:2941} INFO - Sync 1 DAGs
[2023-11-22T19:33:37.259+0000] {logging_mixin.py:154} INFO - [2023-11-22T19:33:37.259+0000] {dag.py:3722} INFO - Setting next_dagrun for tutorial_dag to None, run_after=None
[2023-11-22T19:33:37.272+0000] {processor.py:179} INFO - Processing /home/airflow/.local/lib/python3.8/site-packages/airflow/example_dags/tutorial_dag.py took 0.054 seconds
[2023-11-22T19:34:07.810+0000] {processor.py:157} INFO - Started process (PID=2081) to work on /home/airflow/.local/lib/python3.8/site-packages/airflow/example_dags/tutorial_dag.py
[2023-11-22T19:34:07.811+0000] {processor.py:829} INFO - Processing file /home/airflow/.local/lib/python3.8/site-packages/airflow/example_dags/tutorial_dag.py for tasks to queue
[2023-11-22T19:34:07.812+0000] {logging_mixin.py:154} INFO - [2023-11-22T19:34:07.812+0000] {dagbag.py:536} INFO - Filling up the DagBag from /home/airflow/.local/lib/python3.8/site-packages/airflow/example_dags/tutorial_dag.py
[2023-11-22T19:34:07.818+0000] {processor.py:839} INFO - DAG(s) dict_keys(['tutorial_dag']) retrieved from /home/airflow/.local/lib/python3.8/site-packages/airflow/example_dags/tutorial_dag.py
[2023-11-22T19:34:07.841+0000] {logging_mixin.py:154} INFO - [2023-11-22T19:34:07.841+0000] {dag.py:2941} INFO - Sync 1 DAGs
[2023-11-22T19:34:07.853+0000] {logging_mixin.py:154} INFO - [2023-11-22T19:34:07.852+0000] {dag.py:3722} INFO - Setting next_dagrun for tutorial_dag to None, run_after=None
[2023-11-22T19:34:07.867+0000] {processor.py:179} INFO - Processing /home/airflow/.local/lib/python3.8/site-packages/airflow/example_dags/tutorial_dag.py took 0.061 seconds
[2023-11-22T19:34:38.480+0000] {processor.py:157} INFO - Started process (PID=2321) to work on /home/airflow/.local/lib/python3.8/site-packages/airflow/example_dags/tutorial_dag.py
[2023-11-22T19:34:38.481+0000] {processor.py:829} INFO - Processing file /home/airflow/.local/lib/python3.8/site-packages/airflow/example_dags/tutorial_dag.py for tasks to queue
[2023-11-22T19:34:38.482+0000] {logging_mixin.py:154} INFO - [2023-11-22T19:34:38.482+0000] {dagbag.py:536} INFO - Filling up the DagBag from /home/airflow/.local/lib/python3.8/site-packages/airflow/example_dags/tutorial_dag.py
[2023-11-22T19:34:38.487+0000] {processor.py:839} INFO - DAG(s) dict_keys(['tutorial_dag']) retrieved from /home/airflow/.local/lib/python3.8/site-packages/airflow/example_dags/tutorial_dag.py
[2023-11-22T19:34:38.508+0000] {logging_mixin.py:154} INFO - [2023-11-22T19:34:38.508+0000] {dag.py:2941} INFO - Sync 1 DAGs
[2023-11-22T19:34:38.519+0000] {logging_mixin.py:154} INFO - [2023-11-22T19:34:38.519+0000] {dag.py:3722} INFO - Setting next_dagrun for tutorial_dag to None, run_after=None
[2023-11-22T19:34:38.532+0000] {processor.py:179} INFO - Processing /home/airflow/.local/lib/python3.8/site-packages/airflow/example_dags/tutorial_dag.py took 0.055 seconds
[2023-11-22T19:35:08.663+0000] {processor.py:157} INFO - Started process (PID=2557) to work on /home/airflow/.local/lib/python3.8/site-packages/airflow/example_dags/tutorial_dag.py
[2023-11-22T19:35:08.664+0000] {processor.py:829} INFO - Processing file /home/airflow/.local/lib/python3.8/site-packages/airflow/example_dags/tutorial_dag.py for tasks to queue
[2023-11-22T19:35:08.665+0000] {logging_mixin.py:154} INFO - [2023-11-22T19:35:08.664+0000] {dagbag.py:536} INFO - Filling up the DagBag from /home/airflow/.local/lib/python3.8/site-packages/airflow/example_dags/tutorial_dag.py
[2023-11-22T19:35:08.670+0000] {processor.py:839} INFO - DAG(s) dict_keys(['tutorial_dag']) retrieved from /home/airflow/.local/lib/python3.8/site-packages/airflow/example_dags/tutorial_dag.py
[2023-11-22T19:35:08.691+0000] {logging_mixin.py:154} INFO - [2023-11-22T19:35:08.691+0000] {dag.py:2941} INFO - Sync 1 DAGs
[2023-11-22T19:35:08.700+0000] {logging_mixin.py:154} INFO - [2023-11-22T19:35:08.700+0000] {dag.py:3722} INFO - Setting next_dagrun for tutorial_dag to None, run_after=None
[2023-11-22T19:35:08.714+0000] {processor.py:179} INFO - Processing /home/airflow/.local/lib/python3.8/site-packages/airflow/example_dags/tutorial_dag.py took 0.055 seconds
[2023-11-22T19:35:39.203+0000] {processor.py:157} INFO - Started process (PID=2797) to work on /home/airflow/.local/lib/python3.8/site-packages/airflow/example_dags/tutorial_dag.py
[2023-11-22T19:35:39.204+0000] {processor.py:829} INFO - Processing file /home/airflow/.local/lib/python3.8/site-packages/airflow/example_dags/tutorial_dag.py for tasks to queue
[2023-11-22T19:35:39.205+0000] {logging_mixin.py:154} INFO - [2023-11-22T19:35:39.205+0000] {dagbag.py:536} INFO - Filling up the DagBag from /home/airflow/.local/lib/python3.8/site-packages/airflow/example_dags/tutorial_dag.py
[2023-11-22T19:35:39.211+0000] {processor.py:839} INFO - DAG(s) dict_keys(['tutorial_dag']) retrieved from /home/airflow/.local/lib/python3.8/site-packages/airflow/example_dags/tutorial_dag.py
[2023-11-22T19:35:39.237+0000] {logging_mixin.py:154} INFO - [2023-11-22T19:35:39.237+0000] {dag.py:2941} INFO - Sync 1 DAGs
[2023-11-22T19:35:39.249+0000] {logging_mixin.py:154} INFO - [2023-11-22T19:35:39.249+0000] {dag.py:3722} INFO - Setting next_dagrun for tutorial_dag to None, run_after=None
[2023-11-22T19:35:39.271+0000] {processor.py:179} INFO - Processing /home/airflow/.local/lib/python3.8/site-packages/airflow/example_dags/tutorial_dag.py took 0.072 seconds
[2023-11-22T19:36:09.687+0000] {processor.py:157} INFO - Started process (PID=3035) to work on /home/airflow/.local/lib/python3.8/site-packages/airflow/example_dags/tutorial_dag.py
[2023-11-22T19:36:09.688+0000] {processor.py:829} INFO - Processing file /home/airflow/.local/lib/python3.8/site-packages/airflow/example_dags/tutorial_dag.py for tasks to queue
[2023-11-22T19:36:09.689+0000] {logging_mixin.py:154} INFO - [2023-11-22T19:36:09.688+0000] {dagbag.py:536} INFO - Filling up the DagBag from /home/airflow/.local/lib/python3.8/site-packages/airflow/example_dags/tutorial_dag.py
[2023-11-22T19:36:09.693+0000] {processor.py:839} INFO - DAG(s) dict_keys(['tutorial_dag']) retrieved from /home/airflow/.local/lib/python3.8/site-packages/airflow/example_dags/tutorial_dag.py
[2023-11-22T19:36:09.718+0000] {logging_mixin.py:154} INFO - [2023-11-22T19:36:09.718+0000] {dag.py:2941} INFO - Sync 1 DAGs
[2023-11-22T19:36:09.728+0000] {logging_mixin.py:154} INFO - [2023-11-22T19:36:09.728+0000] {dag.py:3722} INFO - Setting next_dagrun for tutorial_dag to None, run_after=None
[2023-11-22T19:36:09.742+0000] {processor.py:179} INFO - Processing /home/airflow/.local/lib/python3.8/site-packages/airflow/example_dags/tutorial_dag.py took 0.059 seconds
[2023-11-22T19:36:40.132+0000] {processor.py:157} INFO - Started process (PID=3273) to work on /home/airflow/.local/lib/python3.8/site-packages/airflow/example_dags/tutorial_dag.py
[2023-11-22T19:36:40.134+0000] {processor.py:829} INFO - Processing file /home/airflow/.local/lib/python3.8/site-packages/airflow/example_dags/tutorial_dag.py for tasks to queue
[2023-11-22T19:36:40.134+0000] {logging_mixin.py:154} INFO - [2023-11-22T19:36:40.134+0000] {dagbag.py:536} INFO - Filling up the DagBag from /home/airflow/.local/lib/python3.8/site-packages/airflow/example_dags/tutorial_dag.py
[2023-11-22T19:36:40.139+0000] {processor.py:839} INFO - DAG(s) dict_keys(['tutorial_dag']) retrieved from /home/airflow/.local/lib/python3.8/site-packages/airflow/example_dags/tutorial_dag.py
[2023-11-22T19:36:40.165+0000] {logging_mixin.py:154} INFO - [2023-11-22T19:36:40.165+0000] {dag.py:2941} INFO - Sync 1 DAGs
[2023-11-22T19:36:40.178+0000] {logging_mixin.py:154} INFO - [2023-11-22T19:36:40.178+0000] {dag.py:3722} INFO - Setting next_dagrun for tutorial_dag to None, run_after=None
[2023-11-22T19:36:40.196+0000] {processor.py:179} INFO - Processing /home/airflow/.local/lib/python3.8/site-packages/airflow/example_dags/tutorial_dag.py took 0.067 seconds
[2023-11-22T19:37:10.263+0000] {processor.py:157} INFO - Started process (PID=3511) to work on /home/airflow/.local/lib/python3.8/site-packages/airflow/example_dags/tutorial_dag.py
[2023-11-22T19:37:10.264+0000] {processor.py:829} INFO - Processing file /home/airflow/.local/lib/python3.8/site-packages/airflow/example_dags/tutorial_dag.py for tasks to queue
[2023-11-22T19:37:10.265+0000] {logging_mixin.py:154} INFO - [2023-11-22T19:37:10.265+0000] {dagbag.py:536} INFO - Filling up the DagBag from /home/airflow/.local/lib/python3.8/site-packages/airflow/example_dags/tutorial_dag.py
[2023-11-22T19:37:10.269+0000] {processor.py:839} INFO - DAG(s) dict_keys(['tutorial_dag']) retrieved from /home/airflow/.local/lib/python3.8/site-packages/airflow/example_dags/tutorial_dag.py
[2023-11-22T19:37:10.291+0000] {logging_mixin.py:154} INFO - [2023-11-22T19:37:10.291+0000] {dag.py:2941} INFO - Sync 1 DAGs
[2023-11-22T19:37:10.301+0000] {logging_mixin.py:154} INFO - [2023-11-22T19:37:10.301+0000] {dag.py:3722} INFO - Setting next_dagrun for tutorial_dag to None, run_after=None
[2023-11-22T19:37:10.320+0000] {processor.py:179} INFO - Processing /home/airflow/.local/lib/python3.8/site-packages/airflow/example_dags/tutorial_dag.py took 0.060 seconds
[2023-11-22T19:37:40.440+0000] {processor.py:157} INFO - Started process (PID=3747) to work on /home/airflow/.local/lib/python3.8/site-packages/airflow/example_dags/tutorial_dag.py
[2023-11-22T19:37:40.441+0000] {processor.py:829} INFO - Processing file /home/airflow/.local/lib/python3.8/site-packages/airflow/example_dags/tutorial_dag.py for tasks to queue
[2023-11-22T19:37:40.442+0000] {logging_mixin.py:154} INFO - [2023-11-22T19:37:40.441+0000] {dagbag.py:536} INFO - Filling up the DagBag from /home/airflow/.local/lib/python3.8/site-packages/airflow/example_dags/tutorial_dag.py
[2023-11-22T19:37:40.446+0000] {processor.py:839} INFO - DAG(s) dict_keys(['tutorial_dag']) retrieved from /home/airflow/.local/lib/python3.8/site-packages/airflow/example_dags/tutorial_dag.py
[2023-11-22T19:37:40.468+0000] {logging_mixin.py:154} INFO - [2023-11-22T19:37:40.467+0000] {dag.py:2941} INFO - Sync 1 DAGs
[2023-11-22T19:37:40.477+0000] {logging_mixin.py:154} INFO - [2023-11-22T19:37:40.477+0000] {dag.py:3722} INFO - Setting next_dagrun for tutorial_dag to None, run_after=None
[2023-11-22T19:37:40.491+0000] {processor.py:179} INFO - Processing /home/airflow/.local/lib/python3.8/site-packages/airflow/example_dags/tutorial_dag.py took 0.054 seconds
[2023-11-22T19:38:10.761+0000] {processor.py:157} INFO - Started process (PID=3987) to work on /home/airflow/.local/lib/python3.8/site-packages/airflow/example_dags/tutorial_dag.py
[2023-11-22T19:38:10.762+0000] {processor.py:829} INFO - Processing file /home/airflow/.local/lib/python3.8/site-packages/airflow/example_dags/tutorial_dag.py for tasks to queue
[2023-11-22T19:38:10.762+0000] {logging_mixin.py:154} INFO - [2023-11-22T19:38:10.762+0000] {dagbag.py:536} INFO - Filling up the DagBag from /home/airflow/.local/lib/python3.8/site-packages/airflow/example_dags/tutorial_dag.py
[2023-11-22T19:38:10.767+0000] {processor.py:839} INFO - DAG(s) dict_keys(['tutorial_dag']) retrieved from /home/airflow/.local/lib/python3.8/site-packages/airflow/example_dags/tutorial_dag.py
[2023-11-22T19:38:10.788+0000] {logging_mixin.py:154} INFO - [2023-11-22T19:38:10.788+0000] {dag.py:2941} INFO - Sync 1 DAGs
[2023-11-22T19:38:10.798+0000] {logging_mixin.py:154} INFO - [2023-11-22T19:38:10.798+0000] {dag.py:3722} INFO - Setting next_dagrun for tutorial_dag to None, run_after=None
[2023-11-22T19:38:10.811+0000] {processor.py:179} INFO - Processing /home/airflow/.local/lib/python3.8/site-packages/airflow/example_dags/tutorial_dag.py took 0.053 seconds
[2023-11-22T19:38:41.167+0000] {processor.py:157} INFO - Started process (PID=4224) to work on /home/airflow/.local/lib/python3.8/site-packages/airflow/example_dags/tutorial_dag.py
[2023-11-22T19:38:41.168+0000] {processor.py:829} INFO - Processing file /home/airflow/.local/lib/python3.8/site-packages/airflow/example_dags/tutorial_dag.py for tasks to queue
[2023-11-22T19:38:41.168+0000] {logging_mixin.py:154} INFO - [2023-11-22T19:38:41.168+0000] {dagbag.py:536} INFO - Filling up the DagBag from /home/airflow/.local/lib/python3.8/site-packages/airflow/example_dags/tutorial_dag.py
[2023-11-22T19:38:41.173+0000] {processor.py:839} INFO - DAG(s) dict_keys(['tutorial_dag']) retrieved from /home/airflow/.local/lib/python3.8/site-packages/airflow/example_dags/tutorial_dag.py
[2023-11-22T19:38:41.194+0000] {logging_mixin.py:154} INFO - [2023-11-22T19:38:41.194+0000] {dag.py:2941} INFO - Sync 1 DAGs
[2023-11-22T19:38:41.204+0000] {logging_mixin.py:154} INFO - [2023-11-22T19:38:41.204+0000] {dag.py:3722} INFO - Setting next_dagrun for tutorial_dag to None, run_after=None
[2023-11-22T19:38:41.217+0000] {processor.py:179} INFO - Processing /home/airflow/.local/lib/python3.8/site-packages/airflow/example_dags/tutorial_dag.py took 0.054 seconds
[2023-11-22T19:39:11.733+0000] {processor.py:157} INFO - Started process (PID=4460) to work on /home/airflow/.local/lib/python3.8/site-packages/airflow/example_dags/tutorial_dag.py
[2023-11-22T19:39:11.734+0000] {processor.py:829} INFO - Processing file /home/airflow/.local/lib/python3.8/site-packages/airflow/example_dags/tutorial_dag.py for tasks to queue
[2023-11-22T19:39:11.735+0000] {logging_mixin.py:154} INFO - [2023-11-22T19:39:11.735+0000] {dagbag.py:536} INFO - Filling up the DagBag from /home/airflow/.local/lib/python3.8/site-packages/airflow/example_dags/tutorial_dag.py
[2023-11-22T19:39:11.740+0000] {processor.py:839} INFO - DAG(s) dict_keys(['tutorial_dag']) retrieved from /home/airflow/.local/lib/python3.8/site-packages/airflow/example_dags/tutorial_dag.py
[2023-11-22T19:39:11.760+0000] {logging_mixin.py:154} INFO - [2023-11-22T19:39:11.760+0000] {dag.py:2941} INFO - Sync 1 DAGs
[2023-11-22T19:39:11.770+0000] {logging_mixin.py:154} INFO - [2023-11-22T19:39:11.769+0000] {dag.py:3722} INFO - Setting next_dagrun for tutorial_dag to None, run_after=None
[2023-11-22T19:39:11.782+0000] {processor.py:179} INFO - Processing /home/airflow/.local/lib/python3.8/site-packages/airflow/example_dags/tutorial_dag.py took 0.052 seconds
[2023-11-22T19:39:42.207+0000] {processor.py:157} INFO - Started process (PID=4700) to work on /home/airflow/.local/lib/python3.8/site-packages/airflow/example_dags/tutorial_dag.py
[2023-11-22T19:39:42.208+0000] {processor.py:829} INFO - Processing file /home/airflow/.local/lib/python3.8/site-packages/airflow/example_dags/tutorial_dag.py for tasks to queue
[2023-11-22T19:39:42.209+0000] {logging_mixin.py:154} INFO - [2023-11-22T19:39:42.208+0000] {dagbag.py:536} INFO - Filling up the DagBag from /home/airflow/.local/lib/python3.8/site-packages/airflow/example_dags/tutorial_dag.py
[2023-11-22T19:39:42.214+0000] {processor.py:839} INFO - DAG(s) dict_keys(['tutorial_dag']) retrieved from /home/airflow/.local/lib/python3.8/site-packages/airflow/example_dags/tutorial_dag.py
[2023-11-22T19:39:42.235+0000] {logging_mixin.py:154} INFO - [2023-11-22T19:39:42.235+0000] {dag.py:2941} INFO - Sync 1 DAGs
[2023-11-22T19:39:42.244+0000] {logging_mixin.py:154} INFO - [2023-11-22T19:39:42.244+0000] {dag.py:3722} INFO - Setting next_dagrun for tutorial_dag to None, run_after=None
[2023-11-22T19:39:42.258+0000] {processor.py:179} INFO - Processing /home/airflow/.local/lib/python3.8/site-packages/airflow/example_dags/tutorial_dag.py took 0.054 seconds
[2023-11-22T19:40:12.745+0000] {processor.py:157} INFO - Started process (PID=4938) to work on /home/airflow/.local/lib/python3.8/site-packages/airflow/example_dags/tutorial_dag.py
[2023-11-22T19:40:12.745+0000] {processor.py:829} INFO - Processing file /home/airflow/.local/lib/python3.8/site-packages/airflow/example_dags/tutorial_dag.py for tasks to queue
[2023-11-22T19:40:12.746+0000] {logging_mixin.py:154} INFO - [2023-11-22T19:40:12.746+0000] {dagbag.py:536} INFO - Filling up the DagBag from /home/airflow/.local/lib/python3.8/site-packages/airflow/example_dags/tutorial_dag.py
[2023-11-22T19:40:12.751+0000] {processor.py:839} INFO - DAG(s) dict_keys(['tutorial_dag']) retrieved from /home/airflow/.local/lib/python3.8/site-packages/airflow/example_dags/tutorial_dag.py
[2023-11-22T19:40:12.772+0000] {logging_mixin.py:154} INFO - [2023-11-22T19:40:12.772+0000] {dag.py:2941} INFO - Sync 1 DAGs
[2023-11-22T19:40:12.782+0000] {logging_mixin.py:154} INFO - [2023-11-22T19:40:12.782+0000] {dag.py:3722} INFO - Setting next_dagrun for tutorial_dag to None, run_after=None
[2023-11-22T19:40:12.795+0000] {processor.py:179} INFO - Processing /home/airflow/.local/lib/python3.8/site-packages/airflow/example_dags/tutorial_dag.py took 0.053 seconds
[2023-11-22T19:40:43.203+0000] {processor.py:157} INFO - Started process (PID=5176) to work on /home/airflow/.local/lib/python3.8/site-packages/airflow/example_dags/tutorial_dag.py
[2023-11-22T19:40:43.205+0000] {processor.py:829} INFO - Processing file /home/airflow/.local/lib/python3.8/site-packages/airflow/example_dags/tutorial_dag.py for tasks to queue
[2023-11-22T19:40:43.205+0000] {logging_mixin.py:154} INFO - [2023-11-22T19:40:43.205+0000] {dagbag.py:536} INFO - Filling up the DagBag from /home/airflow/.local/lib/python3.8/site-packages/airflow/example_dags/tutorial_dag.py
[2023-11-22T19:40:43.211+0000] {processor.py:839} INFO - DAG(s) dict_keys(['tutorial_dag']) retrieved from /home/airflow/.local/lib/python3.8/site-packages/airflow/example_dags/tutorial_dag.py
[2023-11-22T19:40:43.232+0000] {logging_mixin.py:154} INFO - [2023-11-22T19:40:43.232+0000] {dag.py:2941} INFO - Sync 1 DAGs
[2023-11-22T19:40:43.242+0000] {logging_mixin.py:154} INFO - [2023-11-22T19:40:43.242+0000] {dag.py:3722} INFO - Setting next_dagrun for tutorial_dag to None, run_after=None
[2023-11-22T19:40:43.255+0000] {processor.py:179} INFO - Processing /home/airflow/.local/lib/python3.8/site-packages/airflow/example_dags/tutorial_dag.py took 0.055 seconds
[2023-11-22T19:41:13.794+0000] {processor.py:157} INFO - Started process (PID=5412) to work on /home/airflow/.local/lib/python3.8/site-packages/airflow/example_dags/tutorial_dag.py
[2023-11-22T19:41:13.795+0000] {processor.py:829} INFO - Processing file /home/airflow/.local/lib/python3.8/site-packages/airflow/example_dags/tutorial_dag.py for tasks to queue
[2023-11-22T19:41:13.795+0000] {logging_mixin.py:154} INFO - [2023-11-22T19:41:13.795+0000] {dagbag.py:536} INFO - Filling up the DagBag from /home/airflow/.local/lib/python3.8/site-packages/airflow/example_dags/tutorial_dag.py
[2023-11-22T19:41:13.800+0000] {processor.py:839} INFO - DAG(s) dict_keys(['tutorial_dag']) retrieved from /home/airflow/.local/lib/python3.8/site-packages/airflow/example_dags/tutorial_dag.py
[2023-11-22T19:41:13.821+0000] {logging_mixin.py:154} INFO - [2023-11-22T19:41:13.821+0000] {dag.py:2941} INFO - Sync 1 DAGs
[2023-11-22T19:41:13.830+0000] {logging_mixin.py:154} INFO - [2023-11-22T19:41:13.830+0000] {dag.py:3722} INFO - Setting next_dagrun for tutorial_dag to None, run_after=None
[2023-11-22T19:41:13.843+0000] {processor.py:179} INFO - Processing /home/airflow/.local/lib/python3.8/site-packages/airflow/example_dags/tutorial_dag.py took 0.053 seconds
[2023-11-22T19:41:44.353+0000] {processor.py:157} INFO - Started process (PID=5652) to work on /home/airflow/.local/lib/python3.8/site-packages/airflow/example_dags/tutorial_dag.py
[2023-11-22T19:41:44.354+0000] {processor.py:829} INFO - Processing file /home/airflow/.local/lib/python3.8/site-packages/airflow/example_dags/tutorial_dag.py for tasks to queue
[2023-11-22T19:41:44.355+0000] {logging_mixin.py:154} INFO - [2023-11-22T19:41:44.354+0000] {dagbag.py:536} INFO - Filling up the DagBag from /home/airflow/.local/lib/python3.8/site-packages/airflow/example_dags/tutorial_dag.py
[2023-11-22T19:41:44.360+0000] {processor.py:839} INFO - DAG(s) dict_keys(['tutorial_dag']) retrieved from /home/airflow/.local/lib/python3.8/site-packages/airflow/example_dags/tutorial_dag.py
[2023-11-22T19:41:44.381+0000] {logging_mixin.py:154} INFO - [2023-11-22T19:41:44.381+0000] {dag.py:2941} INFO - Sync 1 DAGs
[2023-11-22T19:41:44.390+0000] {logging_mixin.py:154} INFO - [2023-11-22T19:41:44.390+0000] {dag.py:3722} INFO - Setting next_dagrun for tutorial_dag to None, run_after=None
[2023-11-22T19:41:44.403+0000] {processor.py:179} INFO - Processing /home/airflow/.local/lib/python3.8/site-packages/airflow/example_dags/tutorial_dag.py took 0.053 seconds
[2023-11-22T19:42:14.796+0000] {processor.py:157} INFO - Started process (PID=5889) to work on /home/airflow/.local/lib/python3.8/site-packages/airflow/example_dags/tutorial_dag.py
[2023-11-22T19:42:14.797+0000] {processor.py:829} INFO - Processing file /home/airflow/.local/lib/python3.8/site-packages/airflow/example_dags/tutorial_dag.py for tasks to queue
[2023-11-22T19:42:14.798+0000] {logging_mixin.py:154} INFO - [2023-11-22T19:42:14.798+0000] {dagbag.py:536} INFO - Filling up the DagBag from /home/airflow/.local/lib/python3.8/site-packages/airflow/example_dags/tutorial_dag.py
[2023-11-22T19:42:14.803+0000] {processor.py:839} INFO - DAG(s) dict_keys(['tutorial_dag']) retrieved from /home/airflow/.local/lib/python3.8/site-packages/airflow/example_dags/tutorial_dag.py
[2023-11-22T19:42:14.824+0000] {logging_mixin.py:154} INFO - [2023-11-22T19:42:14.824+0000] {dag.py:2941} INFO - Sync 1 DAGs
[2023-11-22T19:42:14.834+0000] {logging_mixin.py:154} INFO - [2023-11-22T19:42:14.834+0000] {dag.py:3722} INFO - Setting next_dagrun for tutorial_dag to None, run_after=None
[2023-11-22T19:42:14.847+0000] {processor.py:179} INFO - Processing /home/airflow/.local/lib/python3.8/site-packages/airflow/example_dags/tutorial_dag.py took 0.054 seconds
[2023-11-22T19:42:45.188+0000] {processor.py:157} INFO - Started process (PID=6127) to work on /home/airflow/.local/lib/python3.8/site-packages/airflow/example_dags/tutorial_dag.py
[2023-11-22T19:42:45.188+0000] {processor.py:829} INFO - Processing file /home/airflow/.local/lib/python3.8/site-packages/airflow/example_dags/tutorial_dag.py for tasks to queue
[2023-11-22T19:42:45.189+0000] {logging_mixin.py:154} INFO - [2023-11-22T19:42:45.189+0000] {dagbag.py:536} INFO - Filling up the DagBag from /home/airflow/.local/lib/python3.8/site-packages/airflow/example_dags/tutorial_dag.py
[2023-11-22T19:42:45.194+0000] {processor.py:839} INFO - DAG(s) dict_keys(['tutorial_dag']) retrieved from /home/airflow/.local/lib/python3.8/site-packages/airflow/example_dags/tutorial_dag.py
[2023-11-22T19:42:45.215+0000] {logging_mixin.py:154} INFO - [2023-11-22T19:42:45.215+0000] {dag.py:2941} INFO - Sync 1 DAGs
[2023-11-22T19:42:45.225+0000] {logging_mixin.py:154} INFO - [2023-11-22T19:42:45.225+0000] {dag.py:3722} INFO - Setting next_dagrun for tutorial_dag to None, run_after=None
[2023-11-22T19:42:45.238+0000] {processor.py:179} INFO - Processing /home/airflow/.local/lib/python3.8/site-packages/airflow/example_dags/tutorial_dag.py took 0.054 seconds
[2023-11-22T19:43:15.597+0000] {processor.py:157} INFO - Started process (PID=6365) to work on /home/airflow/.local/lib/python3.8/site-packages/airflow/example_dags/tutorial_dag.py
[2023-11-22T19:43:15.598+0000] {processor.py:829} INFO - Processing file /home/airflow/.local/lib/python3.8/site-packages/airflow/example_dags/tutorial_dag.py for tasks to queue
[2023-11-22T19:43:15.599+0000] {logging_mixin.py:154} INFO - [2023-11-22T19:43:15.598+0000] {dagbag.py:536} INFO - Filling up the DagBag from /home/airflow/.local/lib/python3.8/site-packages/airflow/example_dags/tutorial_dag.py
[2023-11-22T19:43:15.603+0000] {processor.py:839} INFO - DAG(s) dict_keys(['tutorial_dag']) retrieved from /home/airflow/.local/lib/python3.8/site-packages/airflow/example_dags/tutorial_dag.py
[2023-11-22T19:43:15.624+0000] {logging_mixin.py:154} INFO - [2023-11-22T19:43:15.624+0000] {dag.py:2941} INFO - Sync 1 DAGs
[2023-11-22T19:43:15.634+0000] {logging_mixin.py:154} INFO - [2023-11-22T19:43:15.634+0000] {dag.py:3722} INFO - Setting next_dagrun for tutorial_dag to None, run_after=None
[2023-11-22T19:43:15.646+0000] {processor.py:179} INFO - Processing /home/airflow/.local/lib/python3.8/site-packages/airflow/example_dags/tutorial_dag.py took 0.053 seconds
[2023-11-22T19:43:45.986+0000] {processor.py:157} INFO - Started process (PID=6601) to work on /home/airflow/.local/lib/python3.8/site-packages/airflow/example_dags/tutorial_dag.py
[2023-11-22T19:43:45.987+0000] {processor.py:829} INFO - Processing file /home/airflow/.local/lib/python3.8/site-packages/airflow/example_dags/tutorial_dag.py for tasks to queue
[2023-11-22T19:43:45.988+0000] {logging_mixin.py:154} INFO - [2023-11-22T19:43:45.987+0000] {dagbag.py:536} INFO - Filling up the DagBag from /home/airflow/.local/lib/python3.8/site-packages/airflow/example_dags/tutorial_dag.py
[2023-11-22T19:43:45.993+0000] {processor.py:839} INFO - DAG(s) dict_keys(['tutorial_dag']) retrieved from /home/airflow/.local/lib/python3.8/site-packages/airflow/example_dags/tutorial_dag.py
[2023-11-22T19:43:46.013+0000] {logging_mixin.py:154} INFO - [2023-11-22T19:43:46.013+0000] {dag.py:2941} INFO - Sync 1 DAGs
[2023-11-22T19:43:46.023+0000] {logging_mixin.py:154} INFO - [2023-11-22T19:43:46.023+0000] {dag.py:3722} INFO - Setting next_dagrun for tutorial_dag to None, run_after=None
[2023-11-22T19:43:46.036+0000] {processor.py:179} INFO - Processing /home/airflow/.local/lib/python3.8/site-packages/airflow/example_dags/tutorial_dag.py took 0.054 seconds
[2023-11-22T19:44:16.498+0000] {processor.py:157} INFO - Started process (PID=6839) to work on /home/airflow/.local/lib/python3.8/site-packages/airflow/example_dags/tutorial_dag.py
[2023-11-22T19:44:16.499+0000] {processor.py:829} INFO - Processing file /home/airflow/.local/lib/python3.8/site-packages/airflow/example_dags/tutorial_dag.py for tasks to queue
[2023-11-22T19:44:16.501+0000] {logging_mixin.py:154} INFO - [2023-11-22T19:44:16.500+0000] {dagbag.py:536} INFO - Filling up the DagBag from /home/airflow/.local/lib/python3.8/site-packages/airflow/example_dags/tutorial_dag.py
[2023-11-22T19:44:16.506+0000] {processor.py:839} INFO - DAG(s) dict_keys(['tutorial_dag']) retrieved from /home/airflow/.local/lib/python3.8/site-packages/airflow/example_dags/tutorial_dag.py
[2023-11-22T19:44:16.526+0000] {logging_mixin.py:154} INFO - [2023-11-22T19:44:16.526+0000] {dag.py:2941} INFO - Sync 1 DAGs
[2023-11-22T19:44:16.536+0000] {logging_mixin.py:154} INFO - [2023-11-22T19:44:16.535+0000] {dag.py:3722} INFO - Setting next_dagrun for tutorial_dag to None, run_after=None
[2023-11-22T19:44:16.548+0000] {processor.py:179} INFO - Processing /home/airflow/.local/lib/python3.8/site-packages/airflow/example_dags/tutorial_dag.py took 0.053 seconds
[2023-11-22T19:44:46.975+0000] {processor.py:157} INFO - Started process (PID=7079) to work on /home/airflow/.local/lib/python3.8/site-packages/airflow/example_dags/tutorial_dag.py
[2023-11-22T19:44:46.975+0000] {processor.py:829} INFO - Processing file /home/airflow/.local/lib/python3.8/site-packages/airflow/example_dags/tutorial_dag.py for tasks to queue
[2023-11-22T19:44:46.976+0000] {logging_mixin.py:154} INFO - [2023-11-22T19:44:46.976+0000] {dagbag.py:536} INFO - Filling up the DagBag from /home/airflow/.local/lib/python3.8/site-packages/airflow/example_dags/tutorial_dag.py
[2023-11-22T19:44:46.981+0000] {processor.py:839} INFO - DAG(s) dict_keys(['tutorial_dag']) retrieved from /home/airflow/.local/lib/python3.8/site-packages/airflow/example_dags/tutorial_dag.py
[2023-11-22T19:44:47.002+0000] {logging_mixin.py:154} INFO - [2023-11-22T19:44:47.002+0000] {dag.py:2941} INFO - Sync 1 DAGs
[2023-11-22T19:44:47.012+0000] {logging_mixin.py:154} INFO - [2023-11-22T19:44:47.012+0000] {dag.py:3722} INFO - Setting next_dagrun for tutorial_dag to None, run_after=None
[2023-11-22T19:44:47.025+0000] {processor.py:179} INFO - Processing /home/airflow/.local/lib/python3.8/site-packages/airflow/example_dags/tutorial_dag.py took 0.053 seconds
[2023-11-22T19:45:17.376+0000] {processor.py:157} INFO - Started process (PID=7315) to work on /home/airflow/.local/lib/python3.8/site-packages/airflow/example_dags/tutorial_dag.py
[2023-11-22T19:45:17.377+0000] {processor.py:829} INFO - Processing file /home/airflow/.local/lib/python3.8/site-packages/airflow/example_dags/tutorial_dag.py for tasks to queue
[2023-11-22T19:45:17.378+0000] {logging_mixin.py:154} INFO - [2023-11-22T19:45:17.378+0000] {dagbag.py:536} INFO - Filling up the DagBag from /home/airflow/.local/lib/python3.8/site-packages/airflow/example_dags/tutorial_dag.py
[2023-11-22T19:45:17.382+0000] {processor.py:839} INFO - DAG(s) dict_keys(['tutorial_dag']) retrieved from /home/airflow/.local/lib/python3.8/site-packages/airflow/example_dags/tutorial_dag.py
[2023-11-22T19:45:17.403+0000] {logging_mixin.py:154} INFO - [2023-11-22T19:45:17.403+0000] {dag.py:2941} INFO - Sync 1 DAGs
[2023-11-22T19:45:17.413+0000] {logging_mixin.py:154} INFO - [2023-11-22T19:45:17.413+0000] {dag.py:3722} INFO - Setting next_dagrun for tutorial_dag to None, run_after=None
[2023-11-22T19:45:17.428+0000] {processor.py:179} INFO - Processing /home/airflow/.local/lib/python3.8/site-packages/airflow/example_dags/tutorial_dag.py took 0.056 seconds
[2023-11-22T19:45:47.872+0000] {processor.py:157} INFO - Started process (PID=7555) to work on /home/airflow/.local/lib/python3.8/site-packages/airflow/example_dags/tutorial_dag.py
[2023-11-22T19:45:47.873+0000] {processor.py:829} INFO - Processing file /home/airflow/.local/lib/python3.8/site-packages/airflow/example_dags/tutorial_dag.py for tasks to queue
[2023-11-22T19:45:47.874+0000] {logging_mixin.py:154} INFO - [2023-11-22T19:45:47.873+0000] {dagbag.py:536} INFO - Filling up the DagBag from /home/airflow/.local/lib/python3.8/site-packages/airflow/example_dags/tutorial_dag.py
[2023-11-22T19:45:47.878+0000] {processor.py:839} INFO - DAG(s) dict_keys(['tutorial_dag']) retrieved from /home/airflow/.local/lib/python3.8/site-packages/airflow/example_dags/tutorial_dag.py
[2023-11-22T19:45:47.899+0000] {logging_mixin.py:154} INFO - [2023-11-22T19:45:47.899+0000] {dag.py:2941} INFO - Sync 1 DAGs
[2023-11-22T19:45:47.909+0000] {logging_mixin.py:154} INFO - [2023-11-22T19:45:47.909+0000] {dag.py:3722} INFO - Setting next_dagrun for tutorial_dag to None, run_after=None
[2023-11-22T19:45:47.922+0000] {processor.py:179} INFO - Processing /home/airflow/.local/lib/python3.8/site-packages/airflow/example_dags/tutorial_dag.py took 0.053 seconds
[2023-11-22T19:46:18.296+0000] {processor.py:157} INFO - Started process (PID=7791) to work on /home/airflow/.local/lib/python3.8/site-packages/airflow/example_dags/tutorial_dag.py
[2023-11-22T19:46:18.297+0000] {processor.py:829} INFO - Processing file /home/airflow/.local/lib/python3.8/site-packages/airflow/example_dags/tutorial_dag.py for tasks to queue
[2023-11-22T19:46:18.300+0000] {logging_mixin.py:154} INFO - [2023-11-22T19:46:18.300+0000] {dagbag.py:536} INFO - Filling up the DagBag from /home/airflow/.local/lib/python3.8/site-packages/airflow/example_dags/tutorial_dag.py
[2023-11-22T19:46:18.306+0000] {processor.py:839} INFO - DAG(s) dict_keys(['tutorial_dag']) retrieved from /home/airflow/.local/lib/python3.8/site-packages/airflow/example_dags/tutorial_dag.py
[2023-11-22T19:46:18.344+0000] {logging_mixin.py:154} INFO - [2023-11-22T19:46:18.344+0000] {dag.py:2941} INFO - Sync 1 DAGs
[2023-11-22T19:46:18.355+0000] {logging_mixin.py:154} INFO - [2023-11-22T19:46:18.355+0000] {dag.py:3722} INFO - Setting next_dagrun for tutorial_dag to None, run_after=None
[2023-11-22T19:46:18.369+0000] {processor.py:179} INFO - Processing /home/airflow/.local/lib/python3.8/site-packages/airflow/example_dags/tutorial_dag.py took 0.077 seconds
[2023-11-22T19:46:48.738+0000] {processor.py:157} INFO - Started process (PID=8029) to work on /home/airflow/.local/lib/python3.8/site-packages/airflow/example_dags/tutorial_dag.py
[2023-11-22T19:46:48.739+0000] {processor.py:829} INFO - Processing file /home/airflow/.local/lib/python3.8/site-packages/airflow/example_dags/tutorial_dag.py for tasks to queue
[2023-11-22T19:46:48.740+0000] {logging_mixin.py:154} INFO - [2023-11-22T19:46:48.740+0000] {dagbag.py:536} INFO - Filling up the DagBag from /home/airflow/.local/lib/python3.8/site-packages/airflow/example_dags/tutorial_dag.py
[2023-11-22T19:46:48.747+0000] {processor.py:839} INFO - DAG(s) dict_keys(['tutorial_dag']) retrieved from /home/airflow/.local/lib/python3.8/site-packages/airflow/example_dags/tutorial_dag.py
[2023-11-22T19:46:48.770+0000] {logging_mixin.py:154} INFO - [2023-11-22T19:46:48.770+0000] {dag.py:2941} INFO - Sync 1 DAGs
[2023-11-22T19:46:48.780+0000] {logging_mixin.py:154} INFO - [2023-11-22T19:46:48.780+0000] {dag.py:3722} INFO - Setting next_dagrun for tutorial_dag to None, run_after=None
[2023-11-22T19:46:48.794+0000] {processor.py:179} INFO - Processing /home/airflow/.local/lib/python3.8/site-packages/airflow/example_dags/tutorial_dag.py took 0.060 seconds
[2023-11-22T19:47:19.163+0000] {processor.py:157} INFO - Started process (PID=8267) to work on /home/airflow/.local/lib/python3.8/site-packages/airflow/example_dags/tutorial_dag.py
[2023-11-22T19:47:19.164+0000] {processor.py:829} INFO - Processing file /home/airflow/.local/lib/python3.8/site-packages/airflow/example_dags/tutorial_dag.py for tasks to queue
[2023-11-22T19:47:19.165+0000] {logging_mixin.py:154} INFO - [2023-11-22T19:47:19.164+0000] {dagbag.py:536} INFO - Filling up the DagBag from /home/airflow/.local/lib/python3.8/site-packages/airflow/example_dags/tutorial_dag.py
[2023-11-22T19:47:19.171+0000] {processor.py:839} INFO - DAG(s) dict_keys(['tutorial_dag']) retrieved from /home/airflow/.local/lib/python3.8/site-packages/airflow/example_dags/tutorial_dag.py
[2023-11-22T19:47:19.192+0000] {logging_mixin.py:154} INFO - [2023-11-22T19:47:19.192+0000] {dag.py:2941} INFO - Sync 1 DAGs
[2023-11-22T19:47:19.203+0000] {logging_mixin.py:154} INFO - [2023-11-22T19:47:19.203+0000] {dag.py:3722} INFO - Setting next_dagrun for tutorial_dag to None, run_after=None
[2023-11-22T19:47:19.218+0000] {processor.py:179} INFO - Processing /home/airflow/.local/lib/python3.8/site-packages/airflow/example_dags/tutorial_dag.py took 0.059 seconds
[2023-11-22T19:47:49.658+0000] {processor.py:157} INFO - Started process (PID=8504) to work on /home/airflow/.local/lib/python3.8/site-packages/airflow/example_dags/tutorial_dag.py
[2023-11-22T19:47:49.660+0000] {processor.py:829} INFO - Processing file /home/airflow/.local/lib/python3.8/site-packages/airflow/example_dags/tutorial_dag.py for tasks to queue
[2023-11-22T19:47:49.660+0000] {logging_mixin.py:154} INFO - [2023-11-22T19:47:49.660+0000] {dagbag.py:536} INFO - Filling up the DagBag from /home/airflow/.local/lib/python3.8/site-packages/airflow/example_dags/tutorial_dag.py
[2023-11-22T19:47:49.665+0000] {processor.py:839} INFO - DAG(s) dict_keys(['tutorial_dag']) retrieved from /home/airflow/.local/lib/python3.8/site-packages/airflow/example_dags/tutorial_dag.py
[2023-11-22T19:47:49.686+0000] {logging_mixin.py:154} INFO - [2023-11-22T19:47:49.686+0000] {dag.py:2941} INFO - Sync 1 DAGs
[2023-11-22T19:47:49.695+0000] {logging_mixin.py:154} INFO - [2023-11-22T19:47:49.695+0000] {dag.py:3722} INFO - Setting next_dagrun for tutorial_dag to None, run_after=None
[2023-11-22T19:47:49.709+0000] {processor.py:179} INFO - Processing /home/airflow/.local/lib/python3.8/site-packages/airflow/example_dags/tutorial_dag.py took 0.054 seconds
[2023-11-22T19:48:19.841+0000] {processor.py:157} INFO - Started process (PID=8744) to work on /home/airflow/.local/lib/python3.8/site-packages/airflow/example_dags/tutorial_dag.py
[2023-11-22T19:48:19.842+0000] {processor.py:829} INFO - Processing file /home/airflow/.local/lib/python3.8/site-packages/airflow/example_dags/tutorial_dag.py for tasks to queue
[2023-11-22T19:48:19.842+0000] {logging_mixin.py:154} INFO - [2023-11-22T19:48:19.842+0000] {dagbag.py:536} INFO - Filling up the DagBag from /home/airflow/.local/lib/python3.8/site-packages/airflow/example_dags/tutorial_dag.py
[2023-11-22T19:48:19.847+0000] {processor.py:839} INFO - DAG(s) dict_keys(['tutorial_dag']) retrieved from /home/airflow/.local/lib/python3.8/site-packages/airflow/example_dags/tutorial_dag.py
[2023-11-22T19:48:19.868+0000] {logging_mixin.py:154} INFO - [2023-11-22T19:48:19.868+0000] {dag.py:2941} INFO - Sync 1 DAGs
[2023-11-22T19:48:19.877+0000] {logging_mixin.py:154} INFO - [2023-11-22T19:48:19.877+0000] {dag.py:3722} INFO - Setting next_dagrun for tutorial_dag to None, run_after=None
[2023-11-22T19:48:19.890+0000] {processor.py:179} INFO - Processing /home/airflow/.local/lib/python3.8/site-packages/airflow/example_dags/tutorial_dag.py took 0.053 seconds
[2023-11-22T19:48:50.176+0000] {processor.py:157} INFO - Started process (PID=8982) to work on /home/airflow/.local/lib/python3.8/site-packages/airflow/example_dags/tutorial_dag.py
[2023-11-22T19:48:50.177+0000] {processor.py:829} INFO - Processing file /home/airflow/.local/lib/python3.8/site-packages/airflow/example_dags/tutorial_dag.py for tasks to queue
[2023-11-22T19:48:50.178+0000] {logging_mixin.py:154} INFO - [2023-11-22T19:48:50.177+0000] {dagbag.py:536} INFO - Filling up the DagBag from /home/airflow/.local/lib/python3.8/site-packages/airflow/example_dags/tutorial_dag.py
[2023-11-22T19:48:50.182+0000] {processor.py:839} INFO - DAG(s) dict_keys(['tutorial_dag']) retrieved from /home/airflow/.local/lib/python3.8/site-packages/airflow/example_dags/tutorial_dag.py
[2023-11-22T19:48:50.204+0000] {logging_mixin.py:154} INFO - [2023-11-22T19:48:50.204+0000] {dag.py:2941} INFO - Sync 1 DAGs
[2023-11-22T19:48:50.214+0000] {logging_mixin.py:154} INFO - [2023-11-22T19:48:50.214+0000] {dag.py:3722} INFO - Setting next_dagrun for tutorial_dag to None, run_after=None
[2023-11-22T19:48:50.227+0000] {processor.py:179} INFO - Processing /home/airflow/.local/lib/python3.8/site-packages/airflow/example_dags/tutorial_dag.py took 0.054 seconds
[2023-11-22T19:49:21.435+0000] {processor.py:157} INFO - Started process (PID=9227) to work on /home/airflow/.local/lib/python3.8/site-packages/airflow/example_dags/tutorial_dag.py
[2023-11-22T19:49:21.436+0000] {processor.py:829} INFO - Processing file /home/airflow/.local/lib/python3.8/site-packages/airflow/example_dags/tutorial_dag.py for tasks to queue
[2023-11-22T19:49:21.437+0000] {logging_mixin.py:154} INFO - [2023-11-22T19:49:21.436+0000] {dagbag.py:536} INFO - Filling up the DagBag from /home/airflow/.local/lib/python3.8/site-packages/airflow/example_dags/tutorial_dag.py
[2023-11-22T19:49:21.441+0000] {processor.py:839} INFO - DAG(s) dict_keys(['tutorial_dag']) retrieved from /home/airflow/.local/lib/python3.8/site-packages/airflow/example_dags/tutorial_dag.py
[2023-11-22T19:49:21.464+0000] {logging_mixin.py:154} INFO - [2023-11-22T19:49:21.464+0000] {dag.py:2941} INFO - Sync 1 DAGs
[2023-11-22T19:49:21.474+0000] {logging_mixin.py:154} INFO - [2023-11-22T19:49:21.474+0000] {dag.py:3722} INFO - Setting next_dagrun for tutorial_dag to None, run_after=None
[2023-11-22T19:49:21.603+0000] {processor.py:179} INFO - Processing /home/airflow/.local/lib/python3.8/site-packages/airflow/example_dags/tutorial_dag.py took 0.171 seconds
[2023-11-22T19:49:52.060+0000] {processor.py:157} INFO - Started process (PID=9463) to work on /home/airflow/.local/lib/python3.8/site-packages/airflow/example_dags/tutorial_dag.py
[2023-11-22T19:49:52.061+0000] {processor.py:829} INFO - Processing file /home/airflow/.local/lib/python3.8/site-packages/airflow/example_dags/tutorial_dag.py for tasks to queue
[2023-11-22T19:49:52.062+0000] {logging_mixin.py:154} INFO - [2023-11-22T19:49:52.062+0000] {dagbag.py:536} INFO - Filling up the DagBag from /home/airflow/.local/lib/python3.8/site-packages/airflow/example_dags/tutorial_dag.py
[2023-11-22T19:49:52.067+0000] {processor.py:839} INFO - DAG(s) dict_keys(['tutorial_dag']) retrieved from /home/airflow/.local/lib/python3.8/site-packages/airflow/example_dags/tutorial_dag.py
[2023-11-22T19:49:52.090+0000] {logging_mixin.py:154} INFO - [2023-11-22T19:49:52.089+0000] {dag.py:2941} INFO - Sync 1 DAGs
[2023-11-22T19:49:52.100+0000] {logging_mixin.py:154} INFO - [2023-11-22T19:49:52.100+0000] {dag.py:3722} INFO - Setting next_dagrun for tutorial_dag to None, run_after=None
[2023-11-22T19:49:52.115+0000] {processor.py:179} INFO - Processing /home/airflow/.local/lib/python3.8/site-packages/airflow/example_dags/tutorial_dag.py took 0.058 seconds
[2023-11-22T19:50:22.275+0000] {processor.py:157} INFO - Started process (PID=9701) to work on /home/airflow/.local/lib/python3.8/site-packages/airflow/example_dags/tutorial_dag.py
[2023-11-22T19:50:22.276+0000] {processor.py:829} INFO - Processing file /home/airflow/.local/lib/python3.8/site-packages/airflow/example_dags/tutorial_dag.py for tasks to queue
[2023-11-22T19:50:22.277+0000] {logging_mixin.py:154} INFO - [2023-11-22T19:50:22.277+0000] {dagbag.py:536} INFO - Filling up the DagBag from /home/airflow/.local/lib/python3.8/site-packages/airflow/example_dags/tutorial_dag.py
[2023-11-22T19:50:22.282+0000] {processor.py:839} INFO - DAG(s) dict_keys(['tutorial_dag']) retrieved from /home/airflow/.local/lib/python3.8/site-packages/airflow/example_dags/tutorial_dag.py
[2023-11-22T19:50:22.302+0000] {logging_mixin.py:154} INFO - [2023-11-22T19:50:22.302+0000] {dag.py:2941} INFO - Sync 1 DAGs
[2023-11-22T19:50:22.311+0000] {logging_mixin.py:154} INFO - [2023-11-22T19:50:22.311+0000] {dag.py:3722} INFO - Setting next_dagrun for tutorial_dag to None, run_after=None
[2023-11-22T19:50:22.324+0000] {processor.py:179} INFO - Processing /home/airflow/.local/lib/python3.8/site-packages/airflow/example_dags/tutorial_dag.py took 0.051 seconds
[2023-11-22T19:50:52.717+0000] {processor.py:157} INFO - Started process (PID=9941) to work on /home/airflow/.local/lib/python3.8/site-packages/airflow/example_dags/tutorial_dag.py
[2023-11-22T19:50:52.718+0000] {processor.py:829} INFO - Processing file /home/airflow/.local/lib/python3.8/site-packages/airflow/example_dags/tutorial_dag.py for tasks to queue
[2023-11-22T19:50:52.718+0000] {logging_mixin.py:154} INFO - [2023-11-22T19:50:52.718+0000] {dagbag.py:536} INFO - Filling up the DagBag from /home/airflow/.local/lib/python3.8/site-packages/airflow/example_dags/tutorial_dag.py
[2023-11-22T19:50:52.723+0000] {processor.py:839} INFO - DAG(s) dict_keys(['tutorial_dag']) retrieved from /home/airflow/.local/lib/python3.8/site-packages/airflow/example_dags/tutorial_dag.py
[2023-11-22T19:50:52.744+0000] {logging_mixin.py:154} INFO - [2023-11-22T19:50:52.744+0000] {dag.py:2941} INFO - Sync 1 DAGs
[2023-11-22T19:50:52.754+0000] {logging_mixin.py:154} INFO - [2023-11-22T19:50:52.754+0000] {dag.py:3722} INFO - Setting next_dagrun for tutorial_dag to None, run_after=None
[2023-11-22T19:50:52.766+0000] {processor.py:179} INFO - Processing /home/airflow/.local/lib/python3.8/site-packages/airflow/example_dags/tutorial_dag.py took 0.053 seconds
[2023-11-22T19:51:23.191+0000] {processor.py:157} INFO - Started process (PID=10179) to work on /home/airflow/.local/lib/python3.8/site-packages/airflow/example_dags/tutorial_dag.py
[2023-11-22T19:51:23.192+0000] {processor.py:829} INFO - Processing file /home/airflow/.local/lib/python3.8/site-packages/airflow/example_dags/tutorial_dag.py for tasks to queue
[2023-11-22T19:51:23.192+0000] {logging_mixin.py:154} INFO - [2023-11-22T19:51:23.192+0000] {dagbag.py:536} INFO - Filling up the DagBag from /home/airflow/.local/lib/python3.8/site-packages/airflow/example_dags/tutorial_dag.py
[2023-11-22T19:51:23.197+0000] {processor.py:839} INFO - DAG(s) dict_keys(['tutorial_dag']) retrieved from /home/airflow/.local/lib/python3.8/site-packages/airflow/example_dags/tutorial_dag.py
[2023-11-22T19:51:23.218+0000] {logging_mixin.py:154} INFO - [2023-11-22T19:51:23.218+0000] {dag.py:2941} INFO - Sync 1 DAGs
[2023-11-22T19:51:23.228+0000] {logging_mixin.py:154} INFO - [2023-11-22T19:51:23.227+0000] {dag.py:3722} INFO - Setting next_dagrun for tutorial_dag to None, run_after=None
[2023-11-22T19:51:23.240+0000] {processor.py:179} INFO - Processing /home/airflow/.local/lib/python3.8/site-packages/airflow/example_dags/tutorial_dag.py took 0.053 seconds
[2023-11-22T19:51:53.516+0000] {processor.py:157} INFO - Started process (PID=10417) to work on /home/airflow/.local/lib/python3.8/site-packages/airflow/example_dags/tutorial_dag.py
[2023-11-22T19:51:53.517+0000] {processor.py:829} INFO - Processing file /home/airflow/.local/lib/python3.8/site-packages/airflow/example_dags/tutorial_dag.py for tasks to queue
[2023-11-22T19:51:53.518+0000] {logging_mixin.py:154} INFO - [2023-11-22T19:51:53.518+0000] {dagbag.py:536} INFO - Filling up the DagBag from /home/airflow/.local/lib/python3.8/site-packages/airflow/example_dags/tutorial_dag.py
[2023-11-22T19:51:53.523+0000] {processor.py:839} INFO - DAG(s) dict_keys(['tutorial_dag']) retrieved from /home/airflow/.local/lib/python3.8/site-packages/airflow/example_dags/tutorial_dag.py
[2023-11-22T19:51:53.544+0000] {logging_mixin.py:154} INFO - [2023-11-22T19:51:53.544+0000] {dag.py:2941} INFO - Sync 1 DAGs
[2023-11-22T19:51:53.664+0000] {logging_mixin.py:154} INFO - [2023-11-22T19:51:53.664+0000] {dag.py:3722} INFO - Setting next_dagrun for tutorial_dag to None, run_after=None
[2023-11-22T19:51:53.676+0000] {processor.py:179} INFO - Processing /home/airflow/.local/lib/python3.8/site-packages/airflow/example_dags/tutorial_dag.py took 0.162 seconds
[2023-11-22T19:52:24.090+0000] {processor.py:157} INFO - Started process (PID=10656) to work on /home/airflow/.local/lib/python3.8/site-packages/airflow/example_dags/tutorial_dag.py
[2023-11-22T19:52:24.090+0000] {processor.py:829} INFO - Processing file /home/airflow/.local/lib/python3.8/site-packages/airflow/example_dags/tutorial_dag.py for tasks to queue
[2023-11-22T19:52:24.091+0000] {logging_mixin.py:154} INFO - [2023-11-22T19:52:24.091+0000] {dagbag.py:536} INFO - Filling up the DagBag from /home/airflow/.local/lib/python3.8/site-packages/airflow/example_dags/tutorial_dag.py
[2023-11-22T19:52:24.096+0000] {processor.py:839} INFO - DAG(s) dict_keys(['tutorial_dag']) retrieved from /home/airflow/.local/lib/python3.8/site-packages/airflow/example_dags/tutorial_dag.py
[2023-11-22T19:52:24.117+0000] {logging_mixin.py:154} INFO - [2023-11-22T19:52:24.117+0000] {dag.py:2941} INFO - Sync 1 DAGs
[2023-11-22T19:52:24.127+0000] {logging_mixin.py:154} INFO - [2023-11-22T19:52:24.127+0000] {dag.py:3722} INFO - Setting next_dagrun for tutorial_dag to None, run_after=None
[2023-11-22T19:52:24.140+0000] {processor.py:179} INFO - Processing /home/airflow/.local/lib/python3.8/site-packages/airflow/example_dags/tutorial_dag.py took 0.054 seconds
[2023-11-22T19:52:54.579+0000] {processor.py:157} INFO - Started process (PID=10894) to work on /home/airflow/.local/lib/python3.8/site-packages/airflow/example_dags/tutorial_dag.py
[2023-11-22T19:52:54.580+0000] {processor.py:829} INFO - Processing file /home/airflow/.local/lib/python3.8/site-packages/airflow/example_dags/tutorial_dag.py for tasks to queue
[2023-11-22T19:52:54.581+0000] {logging_mixin.py:154} INFO - [2023-11-22T19:52:54.581+0000] {dagbag.py:536} INFO - Filling up the DagBag from /home/airflow/.local/lib/python3.8/site-packages/airflow/example_dags/tutorial_dag.py
[2023-11-22T19:52:54.585+0000] {processor.py:839} INFO - DAG(s) dict_keys(['tutorial_dag']) retrieved from /home/airflow/.local/lib/python3.8/site-packages/airflow/example_dags/tutorial_dag.py
[2023-11-22T19:52:54.607+0000] {logging_mixin.py:154} INFO - [2023-11-22T19:52:54.607+0000] {dag.py:2941} INFO - Sync 1 DAGs
[2023-11-22T19:52:54.616+0000] {logging_mixin.py:154} INFO - [2023-11-22T19:52:54.616+0000] {dag.py:3722} INFO - Setting next_dagrun for tutorial_dag to None, run_after=None
[2023-11-22T19:52:54.629+0000] {processor.py:179} INFO - Processing /home/airflow/.local/lib/python3.8/site-packages/airflow/example_dags/tutorial_dag.py took 0.053 seconds
[2023-11-22T19:53:25.076+0000] {processor.py:157} INFO - Started process (PID=11132) to work on /home/airflow/.local/lib/python3.8/site-packages/airflow/example_dags/tutorial_dag.py
[2023-11-22T19:53:25.077+0000] {processor.py:829} INFO - Processing file /home/airflow/.local/lib/python3.8/site-packages/airflow/example_dags/tutorial_dag.py for tasks to queue
[2023-11-22T19:53:25.078+0000] {logging_mixin.py:154} INFO - [2023-11-22T19:53:25.078+0000] {dagbag.py:536} INFO - Filling up the DagBag from /home/airflow/.local/lib/python3.8/site-packages/airflow/example_dags/tutorial_dag.py
[2023-11-22T19:53:25.082+0000] {processor.py:839} INFO - DAG(s) dict_keys(['tutorial_dag']) retrieved from /home/airflow/.local/lib/python3.8/site-packages/airflow/example_dags/tutorial_dag.py
[2023-11-22T19:53:25.104+0000] {logging_mixin.py:154} INFO - [2023-11-22T19:53:25.103+0000] {dag.py:2941} INFO - Sync 1 DAGs
[2023-11-22T19:53:25.113+0000] {logging_mixin.py:154} INFO - [2023-11-22T19:53:25.113+0000] {dag.py:3722} INFO - Setting next_dagrun for tutorial_dag to None, run_after=None
[2023-11-22T19:53:25.126+0000] {processor.py:179} INFO - Processing /home/airflow/.local/lib/python3.8/site-packages/airflow/example_dags/tutorial_dag.py took 0.053 seconds
[2023-11-22T19:53:55.495+0000] {processor.py:157} INFO - Started process (PID=11370) to work on /home/airflow/.local/lib/python3.8/site-packages/airflow/example_dags/tutorial_dag.py
[2023-11-22T19:53:55.496+0000] {processor.py:829} INFO - Processing file /home/airflow/.local/lib/python3.8/site-packages/airflow/example_dags/tutorial_dag.py for tasks to queue
[2023-11-22T19:53:55.497+0000] {logging_mixin.py:154} INFO - [2023-11-22T19:53:55.496+0000] {dagbag.py:536} INFO - Filling up the DagBag from /home/airflow/.local/lib/python3.8/site-packages/airflow/example_dags/tutorial_dag.py
[2023-11-22T19:53:55.502+0000] {processor.py:839} INFO - DAG(s) dict_keys(['tutorial_dag']) retrieved from /home/airflow/.local/lib/python3.8/site-packages/airflow/example_dags/tutorial_dag.py
[2023-11-22T19:53:55.526+0000] {logging_mixin.py:154} INFO - [2023-11-22T19:53:55.526+0000] {dag.py:2941} INFO - Sync 1 DAGs
[2023-11-22T19:53:55.537+0000] {logging_mixin.py:154} INFO - [2023-11-22T19:53:55.537+0000] {dag.py:3722} INFO - Setting next_dagrun for tutorial_dag to None, run_after=None
[2023-11-22T19:53:55.553+0000] {processor.py:179} INFO - Processing /home/airflow/.local/lib/python3.8/site-packages/airflow/example_dags/tutorial_dag.py took 0.062 seconds
[2023-11-22T20:36:13.421+0000] {processor.py:157} INFO - Started process (PID=11608) to work on /home/airflow/.local/lib/python3.8/site-packages/airflow/example_dags/tutorial_dag.py
[2023-11-22T20:36:13.422+0000] {processor.py:829} INFO - Processing file /home/airflow/.local/lib/python3.8/site-packages/airflow/example_dags/tutorial_dag.py for tasks to queue
[2023-11-22T20:36:13.423+0000] {logging_mixin.py:154} INFO - [2023-11-22T20:36:13.423+0000] {dagbag.py:536} INFO - Filling up the DagBag from /home/airflow/.local/lib/python3.8/site-packages/airflow/example_dags/tutorial_dag.py
[2023-11-22T20:36:13.428+0000] {processor.py:839} INFO - DAG(s) dict_keys(['tutorial_dag']) retrieved from /home/airflow/.local/lib/python3.8/site-packages/airflow/example_dags/tutorial_dag.py
[2023-11-22T20:36:13.450+0000] {logging_mixin.py:154} INFO - [2023-11-22T20:36:13.450+0000] {dag.py:2941} INFO - Sync 1 DAGs
[2023-11-22T20:36:13.460+0000] {logging_mixin.py:154} INFO - [2023-11-22T20:36:13.460+0000] {dag.py:3722} INFO - Setting next_dagrun for tutorial_dag to None, run_after=None
[2023-11-22T20:36:13.475+0000] {processor.py:179} INFO - Processing /home/airflow/.local/lib/python3.8/site-packages/airflow/example_dags/tutorial_dag.py took 0.059 seconds
[2023-11-22T21:01:32.332+0000] {processor.py:157} INFO - Started process (PID=11847) to work on /home/airflow/.local/lib/python3.8/site-packages/airflow/example_dags/tutorial_dag.py
[2023-11-22T21:01:32.339+0000] {processor.py:829} INFO - Processing file /home/airflow/.local/lib/python3.8/site-packages/airflow/example_dags/tutorial_dag.py for tasks to queue
[2023-11-22T21:01:32.342+0000] {logging_mixin.py:154} INFO - [2023-11-22T21:01:32.341+0000] {dagbag.py:536} INFO - Filling up the DagBag from /home/airflow/.local/lib/python3.8/site-packages/airflow/example_dags/tutorial_dag.py
[2023-11-22T21:01:32.364+0000] {processor.py:839} INFO - DAG(s) dict_keys(['tutorial_dag']) retrieved from /home/airflow/.local/lib/python3.8/site-packages/airflow/example_dags/tutorial_dag.py
[2023-11-22T21:01:32.456+0000] {logging_mixin.py:154} INFO - [2023-11-22T21:01:32.456+0000] {dag.py:2941} INFO - Sync 1 DAGs
[2023-11-22T21:01:32.493+0000] {logging_mixin.py:154} INFO - [2023-11-22T21:01:32.492+0000] {dag.py:3722} INFO - Setting next_dagrun for tutorial_dag to None, run_after=None
[2023-11-22T21:01:32.547+0000] {processor.py:179} INFO - Processing /home/airflow/.local/lib/python3.8/site-packages/airflow/example_dags/tutorial_dag.py took 0.226 seconds
[2023-11-22T21:02:02.652+0000] {processor.py:157} INFO - Started process (PID=12087) to work on /home/airflow/.local/lib/python3.8/site-packages/airflow/example_dags/tutorial_dag.py
[2023-11-22T21:02:02.653+0000] {processor.py:829} INFO - Processing file /home/airflow/.local/lib/python3.8/site-packages/airflow/example_dags/tutorial_dag.py for tasks to queue
[2023-11-22T21:02:02.654+0000] {logging_mixin.py:154} INFO - [2023-11-22T21:02:02.654+0000] {dagbag.py:536} INFO - Filling up the DagBag from /home/airflow/.local/lib/python3.8/site-packages/airflow/example_dags/tutorial_dag.py
[2023-11-22T21:02:02.659+0000] {processor.py:839} INFO - DAG(s) dict_keys(['tutorial_dag']) retrieved from /home/airflow/.local/lib/python3.8/site-packages/airflow/example_dags/tutorial_dag.py
[2023-11-22T21:02:02.684+0000] {logging_mixin.py:154} INFO - [2023-11-22T21:02:02.684+0000] {dag.py:2941} INFO - Sync 1 DAGs
[2023-11-22T21:02:02.697+0000] {logging_mixin.py:154} INFO - [2023-11-22T21:02:02.696+0000] {dag.py:3722} INFO - Setting next_dagrun for tutorial_dag to None, run_after=None
[2023-11-22T21:02:02.712+0000] {processor.py:179} INFO - Processing /home/airflow/.local/lib/python3.8/site-packages/airflow/example_dags/tutorial_dag.py took 0.063 seconds
[2023-11-22T21:02:32.767+0000] {processor.py:157} INFO - Started process (PID=12323) to work on /home/airflow/.local/lib/python3.8/site-packages/airflow/example_dags/tutorial_dag.py
[2023-11-22T21:02:32.768+0000] {processor.py:829} INFO - Processing file /home/airflow/.local/lib/python3.8/site-packages/airflow/example_dags/tutorial_dag.py for tasks to queue
[2023-11-22T21:02:32.769+0000] {logging_mixin.py:154} INFO - [2023-11-22T21:02:32.769+0000] {dagbag.py:536} INFO - Filling up the DagBag from /home/airflow/.local/lib/python3.8/site-packages/airflow/example_dags/tutorial_dag.py
[2023-11-22T21:02:32.775+0000] {processor.py:839} INFO - DAG(s) dict_keys(['tutorial_dag']) retrieved from /home/airflow/.local/lib/python3.8/site-packages/airflow/example_dags/tutorial_dag.py
[2023-11-22T21:02:32.799+0000] {logging_mixin.py:154} INFO - [2023-11-22T21:02:32.798+0000] {dag.py:2941} INFO - Sync 1 DAGs
[2023-11-22T21:02:32.809+0000] {logging_mixin.py:154} INFO - [2023-11-22T21:02:32.809+0000] {dag.py:3722} INFO - Setting next_dagrun for tutorial_dag to None, run_after=None
[2023-11-22T21:02:32.825+0000] {processor.py:179} INFO - Processing /home/airflow/.local/lib/python3.8/site-packages/airflow/example_dags/tutorial_dag.py took 0.061 seconds
[2023-11-22T21:03:03.354+0000] {processor.py:157} INFO - Started process (PID=12561) to work on /home/airflow/.local/lib/python3.8/site-packages/airflow/example_dags/tutorial_dag.py
[2023-11-22T21:03:03.355+0000] {processor.py:829} INFO - Processing file /home/airflow/.local/lib/python3.8/site-packages/airflow/example_dags/tutorial_dag.py for tasks to queue
[2023-11-22T21:03:03.355+0000] {logging_mixin.py:154} INFO - [2023-11-22T21:03:03.355+0000] {dagbag.py:536} INFO - Filling up the DagBag from /home/airflow/.local/lib/python3.8/site-packages/airflow/example_dags/tutorial_dag.py
[2023-11-22T21:03:03.360+0000] {processor.py:839} INFO - DAG(s) dict_keys(['tutorial_dag']) retrieved from /home/airflow/.local/lib/python3.8/site-packages/airflow/example_dags/tutorial_dag.py
[2023-11-22T21:03:03.382+0000] {logging_mixin.py:154} INFO - [2023-11-22T21:03:03.382+0000] {dag.py:2941} INFO - Sync 1 DAGs
[2023-11-22T21:03:03.392+0000] {logging_mixin.py:154} INFO - [2023-11-22T21:03:03.392+0000] {dag.py:3722} INFO - Setting next_dagrun for tutorial_dag to None, run_after=None
[2023-11-22T21:03:03.405+0000] {processor.py:179} INFO - Processing /home/airflow/.local/lib/python3.8/site-packages/airflow/example_dags/tutorial_dag.py took 0.055 seconds
[2023-11-22T21:03:33.942+0000] {processor.py:157} INFO - Started process (PID=12799) to work on /home/airflow/.local/lib/python3.8/site-packages/airflow/example_dags/tutorial_dag.py
[2023-11-22T21:03:33.943+0000] {processor.py:829} INFO - Processing file /home/airflow/.local/lib/python3.8/site-packages/airflow/example_dags/tutorial_dag.py for tasks to queue
[2023-11-22T21:03:33.944+0000] {logging_mixin.py:154} INFO - [2023-11-22T21:03:33.943+0000] {dagbag.py:536} INFO - Filling up the DagBag from /home/airflow/.local/lib/python3.8/site-packages/airflow/example_dags/tutorial_dag.py
[2023-11-22T21:03:33.948+0000] {processor.py:839} INFO - DAG(s) dict_keys(['tutorial_dag']) retrieved from /home/airflow/.local/lib/python3.8/site-packages/airflow/example_dags/tutorial_dag.py
[2023-11-22T21:03:33.970+0000] {logging_mixin.py:154} INFO - [2023-11-22T21:03:33.969+0000] {dag.py:2941} INFO - Sync 1 DAGs
[2023-11-22T21:03:33.979+0000] {logging_mixin.py:154} INFO - [2023-11-22T21:03:33.979+0000] {dag.py:3722} INFO - Setting next_dagrun for tutorial_dag to None, run_after=None
[2023-11-22T21:03:33.993+0000] {processor.py:179} INFO - Processing /home/airflow/.local/lib/python3.8/site-packages/airflow/example_dags/tutorial_dag.py took 0.055 seconds
[2023-11-22T21:04:04.639+0000] {processor.py:157} INFO - Started process (PID=13037) to work on /home/airflow/.local/lib/python3.8/site-packages/airflow/example_dags/tutorial_dag.py
[2023-11-22T21:04:04.640+0000] {processor.py:829} INFO - Processing file /home/airflow/.local/lib/python3.8/site-packages/airflow/example_dags/tutorial_dag.py for tasks to queue
[2023-11-22T21:04:04.641+0000] {logging_mixin.py:154} INFO - [2023-11-22T21:04:04.641+0000] {dagbag.py:536} INFO - Filling up the DagBag from /home/airflow/.local/lib/python3.8/site-packages/airflow/example_dags/tutorial_dag.py
[2023-11-22T21:04:04.647+0000] {processor.py:839} INFO - DAG(s) dict_keys(['tutorial_dag']) retrieved from /home/airflow/.local/lib/python3.8/site-packages/airflow/example_dags/tutorial_dag.py
[2023-11-22T21:04:04.670+0000] {logging_mixin.py:154} INFO - [2023-11-22T21:04:04.669+0000] {dag.py:2941} INFO - Sync 1 DAGs
[2023-11-22T21:04:04.682+0000] {logging_mixin.py:154} INFO - [2023-11-22T21:04:04.681+0000] {dag.py:3722} INFO - Setting next_dagrun for tutorial_dag to None, run_after=None
[2023-11-22T21:04:04.698+0000] {processor.py:179} INFO - Processing /home/airflow/.local/lib/python3.8/site-packages/airflow/example_dags/tutorial_dag.py took 0.063 seconds
[2023-11-22T21:04:35.353+0000] {processor.py:157} INFO - Started process (PID=13277) to work on /home/airflow/.local/lib/python3.8/site-packages/airflow/example_dags/tutorial_dag.py
[2023-11-22T21:04:35.354+0000] {processor.py:829} INFO - Processing file /home/airflow/.local/lib/python3.8/site-packages/airflow/example_dags/tutorial_dag.py for tasks to queue
[2023-11-22T21:04:35.355+0000] {logging_mixin.py:154} INFO - [2023-11-22T21:04:35.354+0000] {dagbag.py:536} INFO - Filling up the DagBag from /home/airflow/.local/lib/python3.8/site-packages/airflow/example_dags/tutorial_dag.py
[2023-11-22T21:04:35.359+0000] {processor.py:839} INFO - DAG(s) dict_keys(['tutorial_dag']) retrieved from /home/airflow/.local/lib/python3.8/site-packages/airflow/example_dags/tutorial_dag.py
[2023-11-22T21:04:35.382+0000] {logging_mixin.py:154} INFO - [2023-11-22T21:04:35.382+0000] {dag.py:2941} INFO - Sync 1 DAGs
[2023-11-22T21:04:35.393+0000] {logging_mixin.py:154} INFO - [2023-11-22T21:04:35.393+0000] {dag.py:3722} INFO - Setting next_dagrun for tutorial_dag to None, run_after=None
[2023-11-22T21:04:35.407+0000] {processor.py:179} INFO - Processing /home/airflow/.local/lib/python3.8/site-packages/airflow/example_dags/tutorial_dag.py took 0.058 seconds
[2023-11-22T21:05:05.797+0000] {processor.py:157} INFO - Started process (PID=13515) to work on /home/airflow/.local/lib/python3.8/site-packages/airflow/example_dags/tutorial_dag.py
[2023-11-22T21:05:05.798+0000] {processor.py:829} INFO - Processing file /home/airflow/.local/lib/python3.8/site-packages/airflow/example_dags/tutorial_dag.py for tasks to queue
[2023-11-22T21:05:05.799+0000] {logging_mixin.py:154} INFO - [2023-11-22T21:05:05.799+0000] {dagbag.py:536} INFO - Filling up the DagBag from /home/airflow/.local/lib/python3.8/site-packages/airflow/example_dags/tutorial_dag.py
[2023-11-22T21:05:05.804+0000] {processor.py:839} INFO - DAG(s) dict_keys(['tutorial_dag']) retrieved from /home/airflow/.local/lib/python3.8/site-packages/airflow/example_dags/tutorial_dag.py
[2023-11-22T21:05:05.825+0000] {logging_mixin.py:154} INFO - [2023-11-22T21:05:05.825+0000] {dag.py:2941} INFO - Sync 1 DAGs
[2023-11-22T21:05:05.835+0000] {logging_mixin.py:154} INFO - [2023-11-22T21:05:05.835+0000] {dag.py:3722} INFO - Setting next_dagrun for tutorial_dag to None, run_after=None
[2023-11-22T21:05:05.847+0000] {processor.py:179} INFO - Processing /home/airflow/.local/lib/python3.8/site-packages/airflow/example_dags/tutorial_dag.py took 0.053 seconds
[2023-11-22T21:05:36.402+0000] {processor.py:157} INFO - Started process (PID=13752) to work on /home/airflow/.local/lib/python3.8/site-packages/airflow/example_dags/tutorial_dag.py
[2023-11-22T21:05:36.403+0000] {processor.py:829} INFO - Processing file /home/airflow/.local/lib/python3.8/site-packages/airflow/example_dags/tutorial_dag.py for tasks to queue
[2023-11-22T21:05:36.404+0000] {logging_mixin.py:154} INFO - [2023-11-22T21:05:36.404+0000] {dagbag.py:536} INFO - Filling up the DagBag from /home/airflow/.local/lib/python3.8/site-packages/airflow/example_dags/tutorial_dag.py
[2023-11-22T21:05:36.409+0000] {processor.py:839} INFO - DAG(s) dict_keys(['tutorial_dag']) retrieved from /home/airflow/.local/lib/python3.8/site-packages/airflow/example_dags/tutorial_dag.py
[2023-11-22T21:05:36.433+0000] {logging_mixin.py:154} INFO - [2023-11-22T21:05:36.432+0000] {dag.py:2941} INFO - Sync 1 DAGs
[2023-11-22T21:05:36.443+0000] {logging_mixin.py:154} INFO - [2023-11-22T21:05:36.443+0000] {dag.py:3722} INFO - Setting next_dagrun for tutorial_dag to None, run_after=None
[2023-11-22T21:05:36.459+0000] {processor.py:179} INFO - Processing /home/airflow/.local/lib/python3.8/site-packages/airflow/example_dags/tutorial_dag.py took 0.061 seconds
[2023-11-22T21:06:06.561+0000] {processor.py:157} INFO - Started process (PID=13988) to work on /home/airflow/.local/lib/python3.8/site-packages/airflow/example_dags/tutorial_dag.py
[2023-11-22T21:06:06.562+0000] {processor.py:829} INFO - Processing file /home/airflow/.local/lib/python3.8/site-packages/airflow/example_dags/tutorial_dag.py for tasks to queue
[2023-11-22T21:06:06.563+0000] {logging_mixin.py:154} INFO - [2023-11-22T21:06:06.562+0000] {dagbag.py:536} INFO - Filling up the DagBag from /home/airflow/.local/lib/python3.8/site-packages/airflow/example_dags/tutorial_dag.py
[2023-11-22T21:06:06.567+0000] {processor.py:839} INFO - DAG(s) dict_keys(['tutorial_dag']) retrieved from /home/airflow/.local/lib/python3.8/site-packages/airflow/example_dags/tutorial_dag.py
[2023-11-22T21:06:06.590+0000] {logging_mixin.py:154} INFO - [2023-11-22T21:06:06.590+0000] {dag.py:2941} INFO - Sync 1 DAGs
[2023-11-22T21:06:06.601+0000] {logging_mixin.py:154} INFO - [2023-11-22T21:06:06.601+0000] {dag.py:3722} INFO - Setting next_dagrun for tutorial_dag to None, run_after=None
[2023-11-22T21:06:06.616+0000] {processor.py:179} INFO - Processing /home/airflow/.local/lib/python3.8/site-packages/airflow/example_dags/tutorial_dag.py took 0.059 seconds
[2023-11-22T21:06:37.602+0000] {processor.py:157} INFO - Started process (PID=14228) to work on /home/airflow/.local/lib/python3.8/site-packages/airflow/example_dags/tutorial_dag.py
[2023-11-22T21:06:37.603+0000] {processor.py:829} INFO - Processing file /home/airflow/.local/lib/python3.8/site-packages/airflow/example_dags/tutorial_dag.py for tasks to queue
[2023-11-22T21:06:37.603+0000] {logging_mixin.py:154} INFO - [2023-11-22T21:06:37.603+0000] {dagbag.py:536} INFO - Filling up the DagBag from /home/airflow/.local/lib/python3.8/site-packages/airflow/example_dags/tutorial_dag.py
[2023-11-22T21:06:37.610+0000] {processor.py:839} INFO - DAG(s) dict_keys(['tutorial_dag']) retrieved from /home/airflow/.local/lib/python3.8/site-packages/airflow/example_dags/tutorial_dag.py
[2023-11-22T21:06:37.631+0000] {logging_mixin.py:154} INFO - [2023-11-22T21:06:37.631+0000] {dag.py:2941} INFO - Sync 1 DAGs
[2023-11-22T21:06:37.641+0000] {logging_mixin.py:154} INFO - [2023-11-22T21:06:37.641+0000] {dag.py:3722} INFO - Setting next_dagrun for tutorial_dag to None, run_after=None
[2023-11-22T21:06:37.655+0000] {processor.py:179} INFO - Processing /home/airflow/.local/lib/python3.8/site-packages/airflow/example_dags/tutorial_dag.py took 0.056 seconds
[2023-11-22T21:07:08.449+0000] {processor.py:157} INFO - Started process (PID=14466) to work on /home/airflow/.local/lib/python3.8/site-packages/airflow/example_dags/tutorial_dag.py
[2023-11-22T21:07:08.450+0000] {processor.py:829} INFO - Processing file /home/airflow/.local/lib/python3.8/site-packages/airflow/example_dags/tutorial_dag.py for tasks to queue
[2023-11-22T21:07:08.451+0000] {logging_mixin.py:154} INFO - [2023-11-22T21:07:08.451+0000] {dagbag.py:536} INFO - Filling up the DagBag from /home/airflow/.local/lib/python3.8/site-packages/airflow/example_dags/tutorial_dag.py
[2023-11-22T21:07:08.456+0000] {processor.py:839} INFO - DAG(s) dict_keys(['tutorial_dag']) retrieved from /home/airflow/.local/lib/python3.8/site-packages/airflow/example_dags/tutorial_dag.py
[2023-11-22T21:07:08.481+0000] {logging_mixin.py:154} INFO - [2023-11-22T21:07:08.481+0000] {dag.py:2941} INFO - Sync 1 DAGs
[2023-11-22T21:07:08.492+0000] {logging_mixin.py:154} INFO - [2023-11-22T21:07:08.492+0000] {dag.py:3722} INFO - Setting next_dagrun for tutorial_dag to None, run_after=None
[2023-11-22T21:07:08.507+0000] {processor.py:179} INFO - Processing /home/airflow/.local/lib/python3.8/site-packages/airflow/example_dags/tutorial_dag.py took 0.062 seconds
[2023-11-22T21:07:38.806+0000] {processor.py:157} INFO - Started process (PID=14702) to work on /home/airflow/.local/lib/python3.8/site-packages/airflow/example_dags/tutorial_dag.py
[2023-11-22T21:07:38.807+0000] {processor.py:829} INFO - Processing file /home/airflow/.local/lib/python3.8/site-packages/airflow/example_dags/tutorial_dag.py for tasks to queue
[2023-11-22T21:07:38.807+0000] {logging_mixin.py:154} INFO - [2023-11-22T21:07:38.807+0000] {dagbag.py:536} INFO - Filling up the DagBag from /home/airflow/.local/lib/python3.8/site-packages/airflow/example_dags/tutorial_dag.py
[2023-11-22T21:07:38.812+0000] {processor.py:839} INFO - DAG(s) dict_keys(['tutorial_dag']) retrieved from /home/airflow/.local/lib/python3.8/site-packages/airflow/example_dags/tutorial_dag.py
[2023-11-22T21:07:38.833+0000] {logging_mixin.py:154} INFO - [2023-11-22T21:07:38.833+0000] {dag.py:2941} INFO - Sync 1 DAGs
[2023-11-22T21:07:38.843+0000] {logging_mixin.py:154} INFO - [2023-11-22T21:07:38.842+0000] {dag.py:3722} INFO - Setting next_dagrun for tutorial_dag to None, run_after=None
[2023-11-22T21:07:38.856+0000] {processor.py:179} INFO - Processing /home/airflow/.local/lib/python3.8/site-packages/airflow/example_dags/tutorial_dag.py took 0.055 seconds
[2023-11-22T21:08:09.443+0000] {processor.py:157} INFO - Started process (PID=14942) to work on /home/airflow/.local/lib/python3.8/site-packages/airflow/example_dags/tutorial_dag.py
[2023-11-22T21:08:09.444+0000] {processor.py:829} INFO - Processing file /home/airflow/.local/lib/python3.8/site-packages/airflow/example_dags/tutorial_dag.py for tasks to queue
[2023-11-22T21:08:09.445+0000] {logging_mixin.py:154} INFO - [2023-11-22T21:08:09.445+0000] {dagbag.py:536} INFO - Filling up the DagBag from /home/airflow/.local/lib/python3.8/site-packages/airflow/example_dags/tutorial_dag.py
[2023-11-22T21:08:09.450+0000] {processor.py:839} INFO - DAG(s) dict_keys(['tutorial_dag']) retrieved from /home/airflow/.local/lib/python3.8/site-packages/airflow/example_dags/tutorial_dag.py
[2023-11-22T21:08:09.472+0000] {logging_mixin.py:154} INFO - [2023-11-22T21:08:09.472+0000] {dag.py:2941} INFO - Sync 1 DAGs
[2023-11-22T21:08:09.482+0000] {logging_mixin.py:154} INFO - [2023-11-22T21:08:09.481+0000] {dag.py:3722} INFO - Setting next_dagrun for tutorial_dag to None, run_after=None
[2023-11-22T21:08:09.495+0000] {processor.py:179} INFO - Processing /home/airflow/.local/lib/python3.8/site-packages/airflow/example_dags/tutorial_dag.py took 0.056 seconds
[2023-11-22T21:08:40.272+0000] {processor.py:157} INFO - Started process (PID=15180) to work on /home/airflow/.local/lib/python3.8/site-packages/airflow/example_dags/tutorial_dag.py
[2023-11-22T21:08:40.273+0000] {processor.py:829} INFO - Processing file /home/airflow/.local/lib/python3.8/site-packages/airflow/example_dags/tutorial_dag.py for tasks to queue
[2023-11-22T21:08:40.274+0000] {logging_mixin.py:154} INFO - [2023-11-22T21:08:40.273+0000] {dagbag.py:536} INFO - Filling up the DagBag from /home/airflow/.local/lib/python3.8/site-packages/airflow/example_dags/tutorial_dag.py
[2023-11-22T21:08:40.278+0000] {processor.py:839} INFO - DAG(s) dict_keys(['tutorial_dag']) retrieved from /home/airflow/.local/lib/python3.8/site-packages/airflow/example_dags/tutorial_dag.py
[2023-11-22T21:08:40.301+0000] {logging_mixin.py:154} INFO - [2023-11-22T21:08:40.301+0000] {dag.py:2941} INFO - Sync 1 DAGs
[2023-11-22T21:08:40.312+0000] {logging_mixin.py:154} INFO - [2023-11-22T21:08:40.312+0000] {dag.py:3722} INFO - Setting next_dagrun for tutorial_dag to None, run_after=None
[2023-11-22T21:08:40.329+0000] {processor.py:179} INFO - Processing /home/airflow/.local/lib/python3.8/site-packages/airflow/example_dags/tutorial_dag.py took 0.060 seconds
[2023-11-22T21:09:40.488+0000] {processor.py:157} INFO - Started process (PID=177) to work on /home/airflow/.local/lib/python3.8/site-packages/airflow/example_dags/tutorial_dag.py
[2023-11-22T21:09:40.489+0000] {processor.py:829} INFO - Processing file /home/airflow/.local/lib/python3.8/site-packages/airflow/example_dags/tutorial_dag.py for tasks to queue
[2023-11-22T21:09:40.490+0000] {logging_mixin.py:154} INFO - [2023-11-22T21:09:40.490+0000] {dagbag.py:536} INFO - Filling up the DagBag from /home/airflow/.local/lib/python3.8/site-packages/airflow/example_dags/tutorial_dag.py
[2023-11-22T21:09:40.504+0000] {processor.py:839} INFO - DAG(s) dict_keys(['tutorial_dag']) retrieved from /home/airflow/.local/lib/python3.8/site-packages/airflow/example_dags/tutorial_dag.py
[2023-11-22T21:09:40.525+0000] {logging_mixin.py:154} INFO - [2023-11-22T21:09:40.525+0000] {dag.py:2941} INFO - Sync 1 DAGs
[2023-11-22T21:09:40.542+0000] {logging_mixin.py:154} INFO - [2023-11-22T21:09:40.542+0000] {dag.py:3722} INFO - Setting next_dagrun for tutorial_dag to None, run_after=None
[2023-11-22T21:09:40.565+0000] {processor.py:179} INFO - Processing /home/airflow/.local/lib/python3.8/site-packages/airflow/example_dags/tutorial_dag.py took 0.083 seconds
[2023-11-22T21:10:10.797+0000] {processor.py:157} INFO - Started process (PID=416) to work on /home/airflow/.local/lib/python3.8/site-packages/airflow/example_dags/tutorial_dag.py
[2023-11-22T21:10:10.798+0000] {processor.py:829} INFO - Processing file /home/airflow/.local/lib/python3.8/site-packages/airflow/example_dags/tutorial_dag.py for tasks to queue
[2023-11-22T21:10:10.799+0000] {logging_mixin.py:154} INFO - [2023-11-22T21:10:10.798+0000] {dagbag.py:536} INFO - Filling up the DagBag from /home/airflow/.local/lib/python3.8/site-packages/airflow/example_dags/tutorial_dag.py
[2023-11-22T21:10:10.804+0000] {processor.py:839} INFO - DAG(s) dict_keys(['tutorial_dag']) retrieved from /home/airflow/.local/lib/python3.8/site-packages/airflow/example_dags/tutorial_dag.py
[2023-11-22T21:10:10.826+0000] {logging_mixin.py:154} INFO - [2023-11-22T21:10:10.826+0000] {dag.py:2941} INFO - Sync 1 DAGs
[2023-11-22T21:10:10.835+0000] {logging_mixin.py:154} INFO - [2023-11-22T21:10:10.835+0000] {dag.py:3722} INFO - Setting next_dagrun for tutorial_dag to None, run_after=None
[2023-11-22T21:10:10.849+0000] {processor.py:179} INFO - Processing /home/airflow/.local/lib/python3.8/site-packages/airflow/example_dags/tutorial_dag.py took 0.057 seconds
