[2023-11-22T19:30:06.961+0000] {processor.py:157} INFO - Started process (PID=362) to work on /home/airflow/.local/lib/python3.8/site-packages/airflow/example_dags/tutorial.py
[2023-11-22T19:30:06.962+0000] {processor.py:829} INFO - Processing file /home/airflow/.local/lib/python3.8/site-packages/airflow/example_dags/tutorial.py for tasks to queue
[2023-11-22T19:30:06.964+0000] {logging_mixin.py:154} INFO - [2023-11-22T19:30:06.963+0000] {dagbag.py:536} INFO - Filling up the DagBag from /home/airflow/.local/lib/python3.8/site-packages/airflow/example_dags/tutorial.py
[2023-11-22T19:30:06.976+0000] {processor.py:839} INFO - DAG(s) dict_keys(['tutorial']) retrieved from /home/airflow/.local/lib/python3.8/site-packages/airflow/example_dags/tutorial.py
[2023-11-22T19:30:07.005+0000] {logging_mixin.py:154} INFO - [2023-11-22T19:30:07.004+0000] {dag.py:2941} INFO - Sync 1 DAGs
[2023-11-22T19:30:07.031+0000] {logging_mixin.py:154} INFO - [2023-11-22T19:30:07.031+0000] {dag.py:3722} INFO - Setting next_dagrun for tutorial to 2023-11-21T19:30:07.031240+00:00, run_after=2023-11-22T19:30:07.031240+00:00
[2023-11-22T19:30:07.050+0000] {processor.py:179} INFO - Processing /home/airflow/.local/lib/python3.8/site-packages/airflow/example_dags/tutorial.py took 0.093 seconds
[2023-11-22T19:30:37.503+0000] {processor.py:157} INFO - Started process (PID=600) to work on /home/airflow/.local/lib/python3.8/site-packages/airflow/example_dags/tutorial.py
[2023-11-22T19:30:37.505+0000] {processor.py:829} INFO - Processing file /home/airflow/.local/lib/python3.8/site-packages/airflow/example_dags/tutorial.py for tasks to queue
[2023-11-22T19:30:37.506+0000] {logging_mixin.py:154} INFO - [2023-11-22T19:30:37.506+0000] {dagbag.py:536} INFO - Filling up the DagBag from /home/airflow/.local/lib/python3.8/site-packages/airflow/example_dags/tutorial.py
[2023-11-22T19:30:37.517+0000] {processor.py:839} INFO - DAG(s) dict_keys(['tutorial']) retrieved from /home/airflow/.local/lib/python3.8/site-packages/airflow/example_dags/tutorial.py
[2023-11-22T19:30:37.584+0000] {logging_mixin.py:154} INFO - [2023-11-22T19:30:37.584+0000] {dag.py:2941} INFO - Sync 1 DAGs
[2023-11-22T19:30:37.642+0000] {logging_mixin.py:154} INFO - [2023-11-22T19:30:37.641+0000] {dag.py:3722} INFO - Setting next_dagrun for tutorial to 2023-11-21T19:30:37.640852+00:00, run_after=2023-11-22T19:30:37.640852+00:00
[2023-11-22T19:30:37.717+0000] {processor.py:179} INFO - Processing /home/airflow/.local/lib/python3.8/site-packages/airflow/example_dags/tutorial.py took 0.219 seconds
[2023-11-22T19:31:08.102+0000] {processor.py:157} INFO - Started process (PID=838) to work on /home/airflow/.local/lib/python3.8/site-packages/airflow/example_dags/tutorial.py
[2023-11-22T19:31:08.103+0000] {processor.py:829} INFO - Processing file /home/airflow/.local/lib/python3.8/site-packages/airflow/example_dags/tutorial.py for tasks to queue
[2023-11-22T19:31:08.104+0000] {logging_mixin.py:154} INFO - [2023-11-22T19:31:08.104+0000] {dagbag.py:536} INFO - Filling up the DagBag from /home/airflow/.local/lib/python3.8/site-packages/airflow/example_dags/tutorial.py
[2023-11-22T19:31:08.111+0000] {processor.py:839} INFO - DAG(s) dict_keys(['tutorial']) retrieved from /home/airflow/.local/lib/python3.8/site-packages/airflow/example_dags/tutorial.py
[2023-11-22T19:31:08.133+0000] {logging_mixin.py:154} INFO - [2023-11-22T19:31:08.133+0000] {dag.py:2941} INFO - Sync 1 DAGs
[2023-11-22T19:31:08.149+0000] {logging_mixin.py:154} INFO - [2023-11-22T19:31:08.149+0000] {dag.py:3722} INFO - Setting next_dagrun for tutorial to 2023-11-21T19:31:08.149335+00:00, run_after=2023-11-22T19:31:08.149335+00:00
[2023-11-22T19:31:08.162+0000] {processor.py:179} INFO - Processing /home/airflow/.local/lib/python3.8/site-packages/airflow/example_dags/tutorial.py took 0.063 seconds
[2023-11-22T19:31:38.970+0000] {processor.py:157} INFO - Started process (PID=1076) to work on /home/airflow/.local/lib/python3.8/site-packages/airflow/example_dags/tutorial.py
[2023-11-22T19:31:38.971+0000] {processor.py:829} INFO - Processing file /home/airflow/.local/lib/python3.8/site-packages/airflow/example_dags/tutorial.py for tasks to queue
[2023-11-22T19:31:38.972+0000] {logging_mixin.py:154} INFO - [2023-11-22T19:31:38.971+0000] {dagbag.py:536} INFO - Filling up the DagBag from /home/airflow/.local/lib/python3.8/site-packages/airflow/example_dags/tutorial.py
[2023-11-22T19:31:38.978+0000] {processor.py:839} INFO - DAG(s) dict_keys(['tutorial']) retrieved from /home/airflow/.local/lib/python3.8/site-packages/airflow/example_dags/tutorial.py
[2023-11-22T19:31:38.998+0000] {logging_mixin.py:154} INFO - [2023-11-22T19:31:38.998+0000] {dag.py:2941} INFO - Sync 1 DAGs
[2023-11-22T19:31:39.020+0000] {logging_mixin.py:154} INFO - [2023-11-22T19:31:39.020+0000] {dag.py:3722} INFO - Setting next_dagrun for tutorial to 2023-11-21T19:31:39.020552+00:00, run_after=2023-11-22T19:31:39.020552+00:00
[2023-11-22T19:31:39.034+0000] {processor.py:179} INFO - Processing /home/airflow/.local/lib/python3.8/site-packages/airflow/example_dags/tutorial.py took 0.068 seconds
[2023-11-22T19:32:09.223+0000] {processor.py:157} INFO - Started process (PID=1316) to work on /home/airflow/.local/lib/python3.8/site-packages/airflow/example_dags/tutorial.py
[2023-11-22T19:32:09.224+0000] {processor.py:829} INFO - Processing file /home/airflow/.local/lib/python3.8/site-packages/airflow/example_dags/tutorial.py for tasks to queue
[2023-11-22T19:32:09.224+0000] {logging_mixin.py:154} INFO - [2023-11-22T19:32:09.224+0000] {dagbag.py:536} INFO - Filling up the DagBag from /home/airflow/.local/lib/python3.8/site-packages/airflow/example_dags/tutorial.py
[2023-11-22T19:32:09.230+0000] {processor.py:839} INFO - DAG(s) dict_keys(['tutorial']) retrieved from /home/airflow/.local/lib/python3.8/site-packages/airflow/example_dags/tutorial.py
[2023-11-22T19:32:09.250+0000] {logging_mixin.py:154} INFO - [2023-11-22T19:32:09.250+0000] {dag.py:2941} INFO - Sync 1 DAGs
[2023-11-22T19:32:09.266+0000] {logging_mixin.py:154} INFO - [2023-11-22T19:32:09.266+0000] {dag.py:3722} INFO - Setting next_dagrun for tutorial to 2023-11-21T19:32:09.266365+00:00, run_after=2023-11-22T19:32:09.266365+00:00
[2023-11-22T19:32:09.280+0000] {processor.py:179} INFO - Processing /home/airflow/.local/lib/python3.8/site-packages/airflow/example_dags/tutorial.py took 0.060 seconds
[2023-11-22T19:32:39.735+0000] {processor.py:157} INFO - Started process (PID=1552) to work on /home/airflow/.local/lib/python3.8/site-packages/airflow/example_dags/tutorial.py
[2023-11-22T19:32:39.736+0000] {processor.py:829} INFO - Processing file /home/airflow/.local/lib/python3.8/site-packages/airflow/example_dags/tutorial.py for tasks to queue
[2023-11-22T19:32:39.737+0000] {logging_mixin.py:154} INFO - [2023-11-22T19:32:39.736+0000] {dagbag.py:536} INFO - Filling up the DagBag from /home/airflow/.local/lib/python3.8/site-packages/airflow/example_dags/tutorial.py
[2023-11-22T19:32:39.743+0000] {processor.py:839} INFO - DAG(s) dict_keys(['tutorial']) retrieved from /home/airflow/.local/lib/python3.8/site-packages/airflow/example_dags/tutorial.py
[2023-11-22T19:32:39.764+0000] {logging_mixin.py:154} INFO - [2023-11-22T19:32:39.764+0000] {dag.py:2941} INFO - Sync 1 DAGs
[2023-11-22T19:32:39.780+0000] {logging_mixin.py:154} INFO - [2023-11-22T19:32:39.780+0000] {dag.py:3722} INFO - Setting next_dagrun for tutorial to 2023-11-21T19:32:39.780105+00:00, run_after=2023-11-22T19:32:39.780105+00:00
[2023-11-22T19:32:39.793+0000] {processor.py:179} INFO - Processing /home/airflow/.local/lib/python3.8/site-packages/airflow/example_dags/tutorial.py took 0.061 seconds
[2023-11-22T19:33:10.599+0000] {processor.py:157} INFO - Started process (PID=1792) to work on /home/airflow/.local/lib/python3.8/site-packages/airflow/example_dags/tutorial.py
[2023-11-22T19:33:10.600+0000] {processor.py:829} INFO - Processing file /home/airflow/.local/lib/python3.8/site-packages/airflow/example_dags/tutorial.py for tasks to queue
[2023-11-22T19:33:10.600+0000] {logging_mixin.py:154} INFO - [2023-11-22T19:33:10.600+0000] {dagbag.py:536} INFO - Filling up the DagBag from /home/airflow/.local/lib/python3.8/site-packages/airflow/example_dags/tutorial.py
[2023-11-22T19:33:10.607+0000] {processor.py:839} INFO - DAG(s) dict_keys(['tutorial']) retrieved from /home/airflow/.local/lib/python3.8/site-packages/airflow/example_dags/tutorial.py
[2023-11-22T19:33:10.627+0000] {logging_mixin.py:154} INFO - [2023-11-22T19:33:10.627+0000] {dag.py:2941} INFO - Sync 1 DAGs
[2023-11-22T19:33:10.644+0000] {logging_mixin.py:154} INFO - [2023-11-22T19:33:10.644+0000] {dag.py:3722} INFO - Setting next_dagrun for tutorial to 2023-11-21T19:33:10.643972+00:00, run_after=2023-11-22T19:33:10.643972+00:00
[2023-11-22T19:33:10.657+0000] {processor.py:179} INFO - Processing /home/airflow/.local/lib/python3.8/site-packages/airflow/example_dags/tutorial.py took 0.061 seconds
[2023-11-22T19:33:41.120+0000] {processor.py:157} INFO - Started process (PID=2028) to work on /home/airflow/.local/lib/python3.8/site-packages/airflow/example_dags/tutorial.py
[2023-11-22T19:33:41.121+0000] {processor.py:829} INFO - Processing file /home/airflow/.local/lib/python3.8/site-packages/airflow/example_dags/tutorial.py for tasks to queue
[2023-11-22T19:33:41.122+0000] {logging_mixin.py:154} INFO - [2023-11-22T19:33:41.122+0000] {dagbag.py:536} INFO - Filling up the DagBag from /home/airflow/.local/lib/python3.8/site-packages/airflow/example_dags/tutorial.py
[2023-11-22T19:33:41.129+0000] {processor.py:839} INFO - DAG(s) dict_keys(['tutorial']) retrieved from /home/airflow/.local/lib/python3.8/site-packages/airflow/example_dags/tutorial.py
[2023-11-22T19:33:41.151+0000] {logging_mixin.py:154} INFO - [2023-11-22T19:33:41.151+0000] {dag.py:2941} INFO - Sync 1 DAGs
[2023-11-22T19:33:41.172+0000] {logging_mixin.py:154} INFO - [2023-11-22T19:33:41.172+0000] {dag.py:3722} INFO - Setting next_dagrun for tutorial to 2023-11-21T19:33:41.171741+00:00, run_after=2023-11-22T19:33:41.171741+00:00
[2023-11-22T19:33:41.188+0000] {processor.py:179} INFO - Processing /home/airflow/.local/lib/python3.8/site-packages/airflow/example_dags/tutorial.py took 0.071 seconds
[2023-11-22T19:34:11.836+0000] {processor.py:157} INFO - Started process (PID=2266) to work on /home/airflow/.local/lib/python3.8/site-packages/airflow/example_dags/tutorial.py
[2023-11-22T19:34:11.837+0000] {processor.py:829} INFO - Processing file /home/airflow/.local/lib/python3.8/site-packages/airflow/example_dags/tutorial.py for tasks to queue
[2023-11-22T19:34:11.838+0000] {logging_mixin.py:154} INFO - [2023-11-22T19:34:11.838+0000] {dagbag.py:536} INFO - Filling up the DagBag from /home/airflow/.local/lib/python3.8/site-packages/airflow/example_dags/tutorial.py
[2023-11-22T19:34:11.844+0000] {processor.py:839} INFO - DAG(s) dict_keys(['tutorial']) retrieved from /home/airflow/.local/lib/python3.8/site-packages/airflow/example_dags/tutorial.py
[2023-11-22T19:34:11.865+0000] {logging_mixin.py:154} INFO - [2023-11-22T19:34:11.865+0000] {dag.py:2941} INFO - Sync 1 DAGs
[2023-11-22T19:34:11.882+0000] {logging_mixin.py:154} INFO - [2023-11-22T19:34:11.882+0000] {dag.py:3722} INFO - Setting next_dagrun for tutorial to 2023-11-21T19:34:11.881942+00:00, run_after=2023-11-22T19:34:11.881942+00:00
[2023-11-22T19:34:11.897+0000] {processor.py:179} INFO - Processing /home/airflow/.local/lib/python3.8/site-packages/airflow/example_dags/tutorial.py took 0.064 seconds
[2023-11-22T19:34:42.134+0000] {processor.py:157} INFO - Started process (PID=2504) to work on /home/airflow/.local/lib/python3.8/site-packages/airflow/example_dags/tutorial.py
[2023-11-22T19:34:42.135+0000] {processor.py:829} INFO - Processing file /home/airflow/.local/lib/python3.8/site-packages/airflow/example_dags/tutorial.py for tasks to queue
[2023-11-22T19:34:42.136+0000] {logging_mixin.py:154} INFO - [2023-11-22T19:34:42.135+0000] {dagbag.py:536} INFO - Filling up the DagBag from /home/airflow/.local/lib/python3.8/site-packages/airflow/example_dags/tutorial.py
[2023-11-22T19:34:42.142+0000] {processor.py:839} INFO - DAG(s) dict_keys(['tutorial']) retrieved from /home/airflow/.local/lib/python3.8/site-packages/airflow/example_dags/tutorial.py
[2023-11-22T19:34:42.162+0000] {logging_mixin.py:154} INFO - [2023-11-22T19:34:42.162+0000] {dag.py:2941} INFO - Sync 1 DAGs
[2023-11-22T19:34:42.179+0000] {logging_mixin.py:154} INFO - [2023-11-22T19:34:42.179+0000] {dag.py:3722} INFO - Setting next_dagrun for tutorial to 2023-11-21T19:34:42.178768+00:00, run_after=2023-11-22T19:34:42.178768+00:00
[2023-11-22T19:34:42.192+0000] {processor.py:179} INFO - Processing /home/airflow/.local/lib/python3.8/site-packages/airflow/example_dags/tutorial.py took 0.061 seconds
[2023-11-22T19:35:12.498+0000] {processor.py:157} INFO - Started process (PID=2742) to work on /home/airflow/.local/lib/python3.8/site-packages/airflow/example_dags/tutorial.py
[2023-11-22T19:35:12.499+0000] {processor.py:829} INFO - Processing file /home/airflow/.local/lib/python3.8/site-packages/airflow/example_dags/tutorial.py for tasks to queue
[2023-11-22T19:35:12.500+0000] {logging_mixin.py:154} INFO - [2023-11-22T19:35:12.500+0000] {dagbag.py:536} INFO - Filling up the DagBag from /home/airflow/.local/lib/python3.8/site-packages/airflow/example_dags/tutorial.py
[2023-11-22T19:35:12.506+0000] {processor.py:839} INFO - DAG(s) dict_keys(['tutorial']) retrieved from /home/airflow/.local/lib/python3.8/site-packages/airflow/example_dags/tutorial.py
[2023-11-22T19:35:12.526+0000] {logging_mixin.py:154} INFO - [2023-11-22T19:35:12.526+0000] {dag.py:2941} INFO - Sync 1 DAGs
[2023-11-22T19:35:12.543+0000] {logging_mixin.py:154} INFO - [2023-11-22T19:35:12.542+0000] {dag.py:3722} INFO - Setting next_dagrun for tutorial to 2023-11-21T19:35:12.542626+00:00, run_after=2023-11-22T19:35:12.542626+00:00
[2023-11-22T19:35:12.556+0000] {processor.py:179} INFO - Processing /home/airflow/.local/lib/python3.8/site-packages/airflow/example_dags/tutorial.py took 0.061 seconds
[2023-11-22T19:35:42.996+0000] {processor.py:157} INFO - Started process (PID=2980) to work on /home/airflow/.local/lib/python3.8/site-packages/airflow/example_dags/tutorial.py
[2023-11-22T19:35:42.997+0000] {processor.py:829} INFO - Processing file /home/airflow/.local/lib/python3.8/site-packages/airflow/example_dags/tutorial.py for tasks to queue
[2023-11-22T19:35:42.998+0000] {logging_mixin.py:154} INFO - [2023-11-22T19:35:42.998+0000] {dagbag.py:536} INFO - Filling up the DagBag from /home/airflow/.local/lib/python3.8/site-packages/airflow/example_dags/tutorial.py
[2023-11-22T19:35:43.004+0000] {processor.py:839} INFO - DAG(s) dict_keys(['tutorial']) retrieved from /home/airflow/.local/lib/python3.8/site-packages/airflow/example_dags/tutorial.py
[2023-11-22T19:35:43.025+0000] {logging_mixin.py:154} INFO - [2023-11-22T19:35:43.025+0000] {dag.py:2941} INFO - Sync 1 DAGs
[2023-11-22T19:35:43.042+0000] {logging_mixin.py:154} INFO - [2023-11-22T19:35:43.042+0000] {dag.py:3722} INFO - Setting next_dagrun for tutorial to 2023-11-21T19:35:43.041993+00:00, run_after=2023-11-22T19:35:43.041993+00:00
[2023-11-22T19:35:43.056+0000] {processor.py:179} INFO - Processing /home/airflow/.local/lib/python3.8/site-packages/airflow/example_dags/tutorial.py took 0.063 seconds
[2023-11-22T19:36:13.431+0000] {processor.py:157} INFO - Started process (PID=3218) to work on /home/airflow/.local/lib/python3.8/site-packages/airflow/example_dags/tutorial.py
[2023-11-22T19:36:13.432+0000] {processor.py:829} INFO - Processing file /home/airflow/.local/lib/python3.8/site-packages/airflow/example_dags/tutorial.py for tasks to queue
[2023-11-22T19:36:13.432+0000] {logging_mixin.py:154} INFO - [2023-11-22T19:36:13.432+0000] {dagbag.py:536} INFO - Filling up the DagBag from /home/airflow/.local/lib/python3.8/site-packages/airflow/example_dags/tutorial.py
[2023-11-22T19:36:13.438+0000] {processor.py:839} INFO - DAG(s) dict_keys(['tutorial']) retrieved from /home/airflow/.local/lib/python3.8/site-packages/airflow/example_dags/tutorial.py
[2023-11-22T19:36:13.458+0000] {logging_mixin.py:154} INFO - [2023-11-22T19:36:13.458+0000] {dag.py:2941} INFO - Sync 1 DAGs
[2023-11-22T19:36:13.474+0000] {logging_mixin.py:154} INFO - [2023-11-22T19:36:13.474+0000] {dag.py:3722} INFO - Setting next_dagrun for tutorial to 2023-11-21T19:36:13.474476+00:00, run_after=2023-11-22T19:36:13.474476+00:00
[2023-11-22T19:36:13.488+0000] {processor.py:179} INFO - Processing /home/airflow/.local/lib/python3.8/site-packages/airflow/example_dags/tutorial.py took 0.060 seconds
[2023-11-22T19:36:44.495+0000] {processor.py:157} INFO - Started process (PID=3456) to work on /home/airflow/.local/lib/python3.8/site-packages/airflow/example_dags/tutorial.py
[2023-11-22T19:36:44.496+0000] {processor.py:829} INFO - Processing file /home/airflow/.local/lib/python3.8/site-packages/airflow/example_dags/tutorial.py for tasks to queue
[2023-11-22T19:36:44.497+0000] {logging_mixin.py:154} INFO - [2023-11-22T19:36:44.497+0000] {dagbag.py:536} INFO - Filling up the DagBag from /home/airflow/.local/lib/python3.8/site-packages/airflow/example_dags/tutorial.py
[2023-11-22T19:36:44.504+0000] {processor.py:839} INFO - DAG(s) dict_keys(['tutorial']) retrieved from /home/airflow/.local/lib/python3.8/site-packages/airflow/example_dags/tutorial.py
[2023-11-22T19:36:44.528+0000] {logging_mixin.py:154} INFO - [2023-11-22T19:36:44.528+0000] {dag.py:2941} INFO - Sync 1 DAGs
[2023-11-22T19:36:44.549+0000] {logging_mixin.py:154} INFO - [2023-11-22T19:36:44.549+0000] {dag.py:3722} INFO - Setting next_dagrun for tutorial to 2023-11-21T19:36:44.548991+00:00, run_after=2023-11-22T19:36:44.548991+00:00
[2023-11-22T19:36:44.566+0000] {processor.py:179} INFO - Processing /home/airflow/.local/lib/python3.8/site-packages/airflow/example_dags/tutorial.py took 0.074 seconds
[2023-11-22T19:37:15.465+0000] {processor.py:157} INFO - Started process (PID=3694) to work on /home/airflow/.local/lib/python3.8/site-packages/airflow/example_dags/tutorial.py
[2023-11-22T19:37:15.466+0000] {processor.py:829} INFO - Processing file /home/airflow/.local/lib/python3.8/site-packages/airflow/example_dags/tutorial.py for tasks to queue
[2023-11-22T19:37:15.467+0000] {logging_mixin.py:154} INFO - [2023-11-22T19:37:15.467+0000] {dagbag.py:536} INFO - Filling up the DagBag from /home/airflow/.local/lib/python3.8/site-packages/airflow/example_dags/tutorial.py
[2023-11-22T19:37:15.474+0000] {processor.py:839} INFO - DAG(s) dict_keys(['tutorial']) retrieved from /home/airflow/.local/lib/python3.8/site-packages/airflow/example_dags/tutorial.py
[2023-11-22T19:37:15.497+0000] {logging_mixin.py:154} INFO - [2023-11-22T19:37:15.497+0000] {dag.py:2941} INFO - Sync 1 DAGs
[2023-11-22T19:37:15.516+0000] {logging_mixin.py:154} INFO - [2023-11-22T19:37:15.516+0000] {dag.py:3722} INFO - Setting next_dagrun for tutorial to 2023-11-21T19:37:15.516129+00:00, run_after=2023-11-22T19:37:15.516129+00:00
[2023-11-22T19:37:15.533+0000] {processor.py:179} INFO - Processing /home/airflow/.local/lib/python3.8/site-packages/airflow/example_dags/tutorial.py took 0.072 seconds
[2023-11-22T19:37:45.878+0000] {processor.py:157} INFO - Started process (PID=3932) to work on /home/airflow/.local/lib/python3.8/site-packages/airflow/example_dags/tutorial.py
[2023-11-22T19:37:45.880+0000] {processor.py:829} INFO - Processing file /home/airflow/.local/lib/python3.8/site-packages/airflow/example_dags/tutorial.py for tasks to queue
[2023-11-22T19:37:45.882+0000] {logging_mixin.py:154} INFO - [2023-11-22T19:37:45.881+0000] {dagbag.py:536} INFO - Filling up the DagBag from /home/airflow/.local/lib/python3.8/site-packages/airflow/example_dags/tutorial.py
[2023-11-22T19:37:45.894+0000] {processor.py:839} INFO - DAG(s) dict_keys(['tutorial']) retrieved from /home/airflow/.local/lib/python3.8/site-packages/airflow/example_dags/tutorial.py
[2023-11-22T19:37:45.931+0000] {logging_mixin.py:154} INFO - [2023-11-22T19:37:45.931+0000] {dag.py:2941} INFO - Sync 1 DAGs
[2023-11-22T19:37:45.962+0000] {logging_mixin.py:154} INFO - [2023-11-22T19:37:45.961+0000] {dag.py:3722} INFO - Setting next_dagrun for tutorial to 2023-11-21T19:37:45.961460+00:00, run_after=2023-11-22T19:37:45.961460+00:00
[2023-11-22T19:37:45.991+0000] {processor.py:179} INFO - Processing /home/airflow/.local/lib/python3.8/site-packages/airflow/example_dags/tutorial.py took 0.118 seconds
[2023-11-22T19:38:16.100+0000] {processor.py:157} INFO - Started process (PID=4172) to work on /home/airflow/.local/lib/python3.8/site-packages/airflow/example_dags/tutorial.py
[2023-11-22T19:38:16.101+0000] {processor.py:829} INFO - Processing file /home/airflow/.local/lib/python3.8/site-packages/airflow/example_dags/tutorial.py for tasks to queue
[2023-11-22T19:38:16.102+0000] {logging_mixin.py:154} INFO - [2023-11-22T19:38:16.102+0000] {dagbag.py:536} INFO - Filling up the DagBag from /home/airflow/.local/lib/python3.8/site-packages/airflow/example_dags/tutorial.py
[2023-11-22T19:38:16.108+0000] {processor.py:839} INFO - DAG(s) dict_keys(['tutorial']) retrieved from /home/airflow/.local/lib/python3.8/site-packages/airflow/example_dags/tutorial.py
[2023-11-22T19:38:16.128+0000] {logging_mixin.py:154} INFO - [2023-11-22T19:38:16.128+0000] {dag.py:2941} INFO - Sync 1 DAGs
[2023-11-22T19:38:16.144+0000] {logging_mixin.py:154} INFO - [2023-11-22T19:38:16.144+0000] {dag.py:3722} INFO - Setting next_dagrun for tutorial to 2023-11-21T19:38:16.143819+00:00, run_after=2023-11-22T19:38:16.143819+00:00
[2023-11-22T19:38:16.157+0000] {processor.py:179} INFO - Processing /home/airflow/.local/lib/python3.8/site-packages/airflow/example_dags/tutorial.py took 0.060 seconds
[2023-11-22T19:38:46.218+0000] {processor.py:157} INFO - Started process (PID=4409) to work on /home/airflow/.local/lib/python3.8/site-packages/airflow/example_dags/tutorial.py
[2023-11-22T19:38:46.219+0000] {processor.py:829} INFO - Processing file /home/airflow/.local/lib/python3.8/site-packages/airflow/example_dags/tutorial.py for tasks to queue
[2023-11-22T19:38:46.220+0000] {logging_mixin.py:154} INFO - [2023-11-22T19:38:46.220+0000] {dagbag.py:536} INFO - Filling up the DagBag from /home/airflow/.local/lib/python3.8/site-packages/airflow/example_dags/tutorial.py
[2023-11-22T19:38:46.226+0000] {processor.py:839} INFO - DAG(s) dict_keys(['tutorial']) retrieved from /home/airflow/.local/lib/python3.8/site-packages/airflow/example_dags/tutorial.py
[2023-11-22T19:38:46.247+0000] {logging_mixin.py:154} INFO - [2023-11-22T19:38:46.247+0000] {dag.py:2941} INFO - Sync 1 DAGs
[2023-11-22T19:38:46.263+0000] {logging_mixin.py:154} INFO - [2023-11-22T19:38:46.263+0000] {dag.py:3722} INFO - Setting next_dagrun for tutorial to 2023-11-21T19:38:46.263009+00:00, run_after=2023-11-22T19:38:46.263009+00:00
[2023-11-22T19:38:46.275+0000] {processor.py:179} INFO - Processing /home/airflow/.local/lib/python3.8/site-packages/airflow/example_dags/tutorial.py took 0.060 seconds
[2023-11-22T19:39:16.528+0000] {processor.py:157} INFO - Started process (PID=4645) to work on /home/airflow/.local/lib/python3.8/site-packages/airflow/example_dags/tutorial.py
[2023-11-22T19:39:16.529+0000] {processor.py:829} INFO - Processing file /home/airflow/.local/lib/python3.8/site-packages/airflow/example_dags/tutorial.py for tasks to queue
[2023-11-22T19:39:16.530+0000] {logging_mixin.py:154} INFO - [2023-11-22T19:39:16.529+0000] {dagbag.py:536} INFO - Filling up the DagBag from /home/airflow/.local/lib/python3.8/site-packages/airflow/example_dags/tutorial.py
[2023-11-22T19:39:16.535+0000] {processor.py:839} INFO - DAG(s) dict_keys(['tutorial']) retrieved from /home/airflow/.local/lib/python3.8/site-packages/airflow/example_dags/tutorial.py
[2023-11-22T19:39:16.555+0000] {logging_mixin.py:154} INFO - [2023-11-22T19:39:16.555+0000] {dag.py:2941} INFO - Sync 1 DAGs
[2023-11-22T19:39:16.572+0000] {logging_mixin.py:154} INFO - [2023-11-22T19:39:16.572+0000] {dag.py:3722} INFO - Setting next_dagrun for tutorial to 2023-11-21T19:39:16.571921+00:00, run_after=2023-11-22T19:39:16.571921+00:00
[2023-11-22T19:39:16.585+0000] {processor.py:179} INFO - Processing /home/airflow/.local/lib/python3.8/site-packages/airflow/example_dags/tutorial.py took 0.059 seconds
[2023-11-22T19:39:47.042+0000] {processor.py:157} INFO - Started process (PID=4883) to work on /home/airflow/.local/lib/python3.8/site-packages/airflow/example_dags/tutorial.py
[2023-11-22T19:39:47.043+0000] {processor.py:829} INFO - Processing file /home/airflow/.local/lib/python3.8/site-packages/airflow/example_dags/tutorial.py for tasks to queue
[2023-11-22T19:39:47.044+0000] {logging_mixin.py:154} INFO - [2023-11-22T19:39:47.044+0000] {dagbag.py:536} INFO - Filling up the DagBag from /home/airflow/.local/lib/python3.8/site-packages/airflow/example_dags/tutorial.py
[2023-11-22T19:39:47.050+0000] {processor.py:839} INFO - DAG(s) dict_keys(['tutorial']) retrieved from /home/airflow/.local/lib/python3.8/site-packages/airflow/example_dags/tutorial.py
[2023-11-22T19:39:47.070+0000] {logging_mixin.py:154} INFO - [2023-11-22T19:39:47.070+0000] {dag.py:2941} INFO - Sync 1 DAGs
[2023-11-22T19:39:47.087+0000] {logging_mixin.py:154} INFO - [2023-11-22T19:39:47.087+0000] {dag.py:3722} INFO - Setting next_dagrun for tutorial to 2023-11-21T19:39:47.086890+00:00, run_after=2023-11-22T19:39:47.086890+00:00
[2023-11-22T19:39:47.100+0000] {processor.py:179} INFO - Processing /home/airflow/.local/lib/python3.8/site-packages/airflow/example_dags/tutorial.py took 0.061 seconds
[2023-11-22T19:40:17.508+0000] {processor.py:157} INFO - Started process (PID=5121) to work on /home/airflow/.local/lib/python3.8/site-packages/airflow/example_dags/tutorial.py
[2023-11-22T19:40:17.509+0000] {processor.py:829} INFO - Processing file /home/airflow/.local/lib/python3.8/site-packages/airflow/example_dags/tutorial.py for tasks to queue
[2023-11-22T19:40:17.509+0000] {logging_mixin.py:154} INFO - [2023-11-22T19:40:17.509+0000] {dagbag.py:536} INFO - Filling up the DagBag from /home/airflow/.local/lib/python3.8/site-packages/airflow/example_dags/tutorial.py
[2023-11-22T19:40:17.515+0000] {processor.py:839} INFO - DAG(s) dict_keys(['tutorial']) retrieved from /home/airflow/.local/lib/python3.8/site-packages/airflow/example_dags/tutorial.py
[2023-11-22T19:40:17.536+0000] {logging_mixin.py:154} INFO - [2023-11-22T19:40:17.535+0000] {dag.py:2941} INFO - Sync 1 DAGs
[2023-11-22T19:40:17.552+0000] {logging_mixin.py:154} INFO - [2023-11-22T19:40:17.552+0000] {dag.py:3722} INFO - Setting next_dagrun for tutorial to 2023-11-21T19:40:17.551984+00:00, run_after=2023-11-22T19:40:17.551984+00:00
[2023-11-22T19:40:17.565+0000] {processor.py:179} INFO - Processing /home/airflow/.local/lib/python3.8/site-packages/airflow/example_dags/tutorial.py took 0.060 seconds
[2023-11-22T19:40:48.231+0000] {processor.py:157} INFO - Started process (PID=5359) to work on /home/airflow/.local/lib/python3.8/site-packages/airflow/example_dags/tutorial.py
[2023-11-22T19:40:48.232+0000] {processor.py:829} INFO - Processing file /home/airflow/.local/lib/python3.8/site-packages/airflow/example_dags/tutorial.py for tasks to queue
[2023-11-22T19:40:48.233+0000] {logging_mixin.py:154} INFO - [2023-11-22T19:40:48.233+0000] {dagbag.py:536} INFO - Filling up the DagBag from /home/airflow/.local/lib/python3.8/site-packages/airflow/example_dags/tutorial.py
[2023-11-22T19:40:48.239+0000] {processor.py:839} INFO - DAG(s) dict_keys(['tutorial']) retrieved from /home/airflow/.local/lib/python3.8/site-packages/airflow/example_dags/tutorial.py
[2023-11-22T19:40:48.260+0000] {logging_mixin.py:154} INFO - [2023-11-22T19:40:48.260+0000] {dag.py:2941} INFO - Sync 1 DAGs
[2023-11-22T19:40:48.277+0000] {logging_mixin.py:154} INFO - [2023-11-22T19:40:48.277+0000] {dag.py:3722} INFO - Setting next_dagrun for tutorial to 2023-11-21T19:40:48.277566+00:00, run_after=2023-11-22T19:40:48.277566+00:00
[2023-11-22T19:40:48.291+0000] {processor.py:179} INFO - Processing /home/airflow/.local/lib/python3.8/site-packages/airflow/example_dags/tutorial.py took 0.063 seconds
[2023-11-22T19:41:18.647+0000] {processor.py:157} INFO - Started process (PID=5597) to work on /home/airflow/.local/lib/python3.8/site-packages/airflow/example_dags/tutorial.py
[2023-11-22T19:41:18.648+0000] {processor.py:829} INFO - Processing file /home/airflow/.local/lib/python3.8/site-packages/airflow/example_dags/tutorial.py for tasks to queue
[2023-11-22T19:41:18.649+0000] {logging_mixin.py:154} INFO - [2023-11-22T19:41:18.649+0000] {dagbag.py:536} INFO - Filling up the DagBag from /home/airflow/.local/lib/python3.8/site-packages/airflow/example_dags/tutorial.py
[2023-11-22T19:41:18.655+0000] {processor.py:839} INFO - DAG(s) dict_keys(['tutorial']) retrieved from /home/airflow/.local/lib/python3.8/site-packages/airflow/example_dags/tutorial.py
[2023-11-22T19:41:18.676+0000] {logging_mixin.py:154} INFO - [2023-11-22T19:41:18.675+0000] {dag.py:2941} INFO - Sync 1 DAGs
[2023-11-22T19:41:18.692+0000] {logging_mixin.py:154} INFO - [2023-11-22T19:41:18.692+0000] {dag.py:3722} INFO - Setting next_dagrun for tutorial to 2023-11-21T19:41:18.692050+00:00, run_after=2023-11-22T19:41:18.692050+00:00
[2023-11-22T19:41:18.705+0000] {processor.py:179} INFO - Processing /home/airflow/.local/lib/python3.8/site-packages/airflow/example_dags/tutorial.py took 0.060 seconds
[2023-11-22T19:41:49.115+0000] {processor.py:157} INFO - Started process (PID=5835) to work on /home/airflow/.local/lib/python3.8/site-packages/airflow/example_dags/tutorial.py
[2023-11-22T19:41:49.116+0000] {processor.py:829} INFO - Processing file /home/airflow/.local/lib/python3.8/site-packages/airflow/example_dags/tutorial.py for tasks to queue
[2023-11-22T19:41:49.117+0000] {logging_mixin.py:154} INFO - [2023-11-22T19:41:49.117+0000] {dagbag.py:536} INFO - Filling up the DagBag from /home/airflow/.local/lib/python3.8/site-packages/airflow/example_dags/tutorial.py
[2023-11-22T19:41:49.123+0000] {processor.py:839} INFO - DAG(s) dict_keys(['tutorial']) retrieved from /home/airflow/.local/lib/python3.8/site-packages/airflow/example_dags/tutorial.py
[2023-11-22T19:41:49.143+0000] {logging_mixin.py:154} INFO - [2023-11-22T19:41:49.143+0000] {dag.py:2941} INFO - Sync 1 DAGs
[2023-11-22T19:41:49.159+0000] {logging_mixin.py:154} INFO - [2023-11-22T19:41:49.159+0000] {dag.py:3722} INFO - Setting next_dagrun for tutorial to 2023-11-21T19:41:49.159614+00:00, run_after=2023-11-22T19:41:49.159614+00:00
[2023-11-22T19:41:49.172+0000] {processor.py:179} INFO - Processing /home/airflow/.local/lib/python3.8/site-packages/airflow/example_dags/tutorial.py took 0.060 seconds
[2023-11-22T19:42:19.487+0000] {processor.py:157} INFO - Started process (PID=6072) to work on /home/airflow/.local/lib/python3.8/site-packages/airflow/example_dags/tutorial.py
[2023-11-22T19:42:19.488+0000] {processor.py:829} INFO - Processing file /home/airflow/.local/lib/python3.8/site-packages/airflow/example_dags/tutorial.py for tasks to queue
[2023-11-22T19:42:19.489+0000] {logging_mixin.py:154} INFO - [2023-11-22T19:42:19.489+0000] {dagbag.py:536} INFO - Filling up the DagBag from /home/airflow/.local/lib/python3.8/site-packages/airflow/example_dags/tutorial.py
[2023-11-22T19:42:19.495+0000] {processor.py:839} INFO - DAG(s) dict_keys(['tutorial']) retrieved from /home/airflow/.local/lib/python3.8/site-packages/airflow/example_dags/tutorial.py
[2023-11-22T19:42:19.515+0000] {logging_mixin.py:154} INFO - [2023-11-22T19:42:19.515+0000] {dag.py:2941} INFO - Sync 1 DAGs
[2023-11-22T19:42:19.531+0000] {logging_mixin.py:154} INFO - [2023-11-22T19:42:19.531+0000] {dag.py:3722} INFO - Setting next_dagrun for tutorial to 2023-11-21T19:42:19.531135+00:00, run_after=2023-11-22T19:42:19.531135+00:00
[2023-11-22T19:42:19.544+0000] {processor.py:179} INFO - Processing /home/airflow/.local/lib/python3.8/site-packages/airflow/example_dags/tutorial.py took 0.060 seconds
[2023-11-22T19:42:49.936+0000] {processor.py:157} INFO - Started process (PID=6310) to work on /home/airflow/.local/lib/python3.8/site-packages/airflow/example_dags/tutorial.py
[2023-11-22T19:42:49.937+0000] {processor.py:829} INFO - Processing file /home/airflow/.local/lib/python3.8/site-packages/airflow/example_dags/tutorial.py for tasks to queue
[2023-11-22T19:42:49.937+0000] {logging_mixin.py:154} INFO - [2023-11-22T19:42:49.937+0000] {dagbag.py:536} INFO - Filling up the DagBag from /home/airflow/.local/lib/python3.8/site-packages/airflow/example_dags/tutorial.py
[2023-11-22T19:42:49.943+0000] {processor.py:839} INFO - DAG(s) dict_keys(['tutorial']) retrieved from /home/airflow/.local/lib/python3.8/site-packages/airflow/example_dags/tutorial.py
[2023-11-22T19:42:49.963+0000] {logging_mixin.py:154} INFO - [2023-11-22T19:42:49.963+0000] {dag.py:2941} INFO - Sync 1 DAGs
[2023-11-22T19:42:49.980+0000] {logging_mixin.py:154} INFO - [2023-11-22T19:42:49.979+0000] {dag.py:3722} INFO - Setting next_dagrun for tutorial to 2023-11-21T19:42:49.979724+00:00, run_after=2023-11-22T19:42:49.979724+00:00
[2023-11-22T19:42:49.993+0000] {processor.py:179} INFO - Processing /home/airflow/.local/lib/python3.8/site-packages/airflow/example_dags/tutorial.py took 0.060 seconds
[2023-11-22T19:43:20.315+0000] {processor.py:157} INFO - Started process (PID=6548) to work on /home/airflow/.local/lib/python3.8/site-packages/airflow/example_dags/tutorial.py
[2023-11-22T19:43:20.316+0000] {processor.py:829} INFO - Processing file /home/airflow/.local/lib/python3.8/site-packages/airflow/example_dags/tutorial.py for tasks to queue
[2023-11-22T19:43:20.317+0000] {logging_mixin.py:154} INFO - [2023-11-22T19:43:20.316+0000] {dagbag.py:536} INFO - Filling up the DagBag from /home/airflow/.local/lib/python3.8/site-packages/airflow/example_dags/tutorial.py
[2023-11-22T19:43:20.322+0000] {processor.py:839} INFO - DAG(s) dict_keys(['tutorial']) retrieved from /home/airflow/.local/lib/python3.8/site-packages/airflow/example_dags/tutorial.py
[2023-11-22T19:43:20.343+0000] {logging_mixin.py:154} INFO - [2023-11-22T19:43:20.343+0000] {dag.py:2941} INFO - Sync 1 DAGs
[2023-11-22T19:43:20.359+0000] {logging_mixin.py:154} INFO - [2023-11-22T19:43:20.359+0000] {dag.py:3722} INFO - Setting next_dagrun for tutorial to 2023-11-21T19:43:20.359386+00:00, run_after=2023-11-22T19:43:20.359386+00:00
[2023-11-22T19:43:20.372+0000] {processor.py:179} INFO - Processing /home/airflow/.local/lib/python3.8/site-packages/airflow/example_dags/tutorial.py took 0.060 seconds
[2023-11-22T19:43:50.939+0000] {processor.py:157} INFO - Started process (PID=6795) to work on /home/airflow/.local/lib/python3.8/site-packages/airflow/example_dags/tutorial.py
[2023-11-22T19:43:50.940+0000] {processor.py:829} INFO - Processing file /home/airflow/.local/lib/python3.8/site-packages/airflow/example_dags/tutorial.py for tasks to queue
[2023-11-22T19:43:50.941+0000] {logging_mixin.py:154} INFO - [2023-11-22T19:43:50.940+0000] {dagbag.py:536} INFO - Filling up the DagBag from /home/airflow/.local/lib/python3.8/site-packages/airflow/example_dags/tutorial.py
[2023-11-22T19:43:50.947+0000] {processor.py:839} INFO - DAG(s) dict_keys(['tutorial']) retrieved from /home/airflow/.local/lib/python3.8/site-packages/airflow/example_dags/tutorial.py
[2023-11-22T19:43:50.968+0000] {logging_mixin.py:154} INFO - [2023-11-22T19:43:50.968+0000] {dag.py:2941} INFO - Sync 1 DAGs
[2023-11-22T19:43:50.987+0000] {logging_mixin.py:154} INFO - [2023-11-22T19:43:50.987+0000] {dag.py:3722} INFO - Setting next_dagrun for tutorial to 2023-11-21T19:43:50.986727+00:00, run_after=2023-11-22T19:43:50.986727+00:00
[2023-11-22T19:43:51.001+0000] {processor.py:179} INFO - Processing /home/airflow/.local/lib/python3.8/site-packages/airflow/example_dags/tutorial.py took 0.065 seconds
[2023-11-22T19:44:21.319+0000] {processor.py:157} INFO - Started process (PID=7036) to work on /home/airflow/.local/lib/python3.8/site-packages/airflow/example_dags/tutorial.py
[2023-11-22T19:44:21.320+0000] {processor.py:829} INFO - Processing file /home/airflow/.local/lib/python3.8/site-packages/airflow/example_dags/tutorial.py for tasks to queue
[2023-11-22T19:44:21.320+0000] {logging_mixin.py:154} INFO - [2023-11-22T19:44:21.320+0000] {dagbag.py:536} INFO - Filling up the DagBag from /home/airflow/.local/lib/python3.8/site-packages/airflow/example_dags/tutorial.py
[2023-11-22T19:44:21.326+0000] {processor.py:839} INFO - DAG(s) dict_keys(['tutorial']) retrieved from /home/airflow/.local/lib/python3.8/site-packages/airflow/example_dags/tutorial.py
[2023-11-22T19:44:21.346+0000] {logging_mixin.py:154} INFO - [2023-11-22T19:44:21.346+0000] {dag.py:2941} INFO - Sync 1 DAGs
[2023-11-22T19:44:21.362+0000] {logging_mixin.py:154} INFO - [2023-11-22T19:44:21.362+0000] {dag.py:3722} INFO - Setting next_dagrun for tutorial to 2023-11-21T19:44:21.361906+00:00, run_after=2023-11-22T19:44:21.361906+00:00
[2023-11-22T19:44:21.374+0000] {processor.py:179} INFO - Processing /home/airflow/.local/lib/python3.8/site-packages/airflow/example_dags/tutorial.py took 0.059 seconds
[2023-11-22T19:44:51.739+0000] {processor.py:157} INFO - Started process (PID=7269) to work on /home/airflow/.local/lib/python3.8/site-packages/airflow/example_dags/tutorial.py
[2023-11-22T19:44:51.740+0000] {processor.py:829} INFO - Processing file /home/airflow/.local/lib/python3.8/site-packages/airflow/example_dags/tutorial.py for tasks to queue
[2023-11-22T19:44:51.741+0000] {logging_mixin.py:154} INFO - [2023-11-22T19:44:51.741+0000] {dagbag.py:536} INFO - Filling up the DagBag from /home/airflow/.local/lib/python3.8/site-packages/airflow/example_dags/tutorial.py
[2023-11-22T19:44:51.747+0000] {processor.py:839} INFO - DAG(s) dict_keys(['tutorial']) retrieved from /home/airflow/.local/lib/python3.8/site-packages/airflow/example_dags/tutorial.py
[2023-11-22T19:44:51.768+0000] {logging_mixin.py:154} INFO - [2023-11-22T19:44:51.767+0000] {dag.py:2941} INFO - Sync 1 DAGs
[2023-11-22T19:44:51.784+0000] {logging_mixin.py:154} INFO - [2023-11-22T19:44:51.784+0000] {dag.py:3722} INFO - Setting next_dagrun for tutorial to 2023-11-21T19:44:51.784031+00:00, run_after=2023-11-22T19:44:51.784031+00:00
[2023-11-22T19:44:51.796+0000] {processor.py:179} INFO - Processing /home/airflow/.local/lib/python3.8/site-packages/airflow/example_dags/tutorial.py took 0.060 seconds
[2023-11-22T19:45:22.128+0000] {processor.py:157} INFO - Started process (PID=7507) to work on /home/airflow/.local/lib/python3.8/site-packages/airflow/example_dags/tutorial.py
[2023-11-22T19:45:22.129+0000] {processor.py:829} INFO - Processing file /home/airflow/.local/lib/python3.8/site-packages/airflow/example_dags/tutorial.py for tasks to queue
[2023-11-22T19:45:22.130+0000] {logging_mixin.py:154} INFO - [2023-11-22T19:45:22.130+0000] {dagbag.py:536} INFO - Filling up the DagBag from /home/airflow/.local/lib/python3.8/site-packages/airflow/example_dags/tutorial.py
[2023-11-22T19:45:22.136+0000] {processor.py:839} INFO - DAG(s) dict_keys(['tutorial']) retrieved from /home/airflow/.local/lib/python3.8/site-packages/airflow/example_dags/tutorial.py
[2023-11-22T19:45:22.156+0000] {logging_mixin.py:154} INFO - [2023-11-22T19:45:22.156+0000] {dag.py:2941} INFO - Sync 1 DAGs
[2023-11-22T19:45:22.174+0000] {logging_mixin.py:154} INFO - [2023-11-22T19:45:22.174+0000] {dag.py:3722} INFO - Setting next_dagrun for tutorial to 2023-11-21T19:45:22.173861+00:00, run_after=2023-11-22T19:45:22.173861+00:00
[2023-11-22T19:45:22.187+0000] {processor.py:179} INFO - Processing /home/airflow/.local/lib/python3.8/site-packages/airflow/example_dags/tutorial.py took 0.061 seconds
[2023-11-22T19:45:52.638+0000] {processor.py:157} INFO - Started process (PID=7745) to work on /home/airflow/.local/lib/python3.8/site-packages/airflow/example_dags/tutorial.py
[2023-11-22T19:45:52.639+0000] {processor.py:829} INFO - Processing file /home/airflow/.local/lib/python3.8/site-packages/airflow/example_dags/tutorial.py for tasks to queue
[2023-11-22T19:45:52.640+0000] {logging_mixin.py:154} INFO - [2023-11-22T19:45:52.640+0000] {dagbag.py:536} INFO - Filling up the DagBag from /home/airflow/.local/lib/python3.8/site-packages/airflow/example_dags/tutorial.py
[2023-11-22T19:45:52.646+0000] {processor.py:839} INFO - DAG(s) dict_keys(['tutorial']) retrieved from /home/airflow/.local/lib/python3.8/site-packages/airflow/example_dags/tutorial.py
[2023-11-22T19:45:52.666+0000] {logging_mixin.py:154} INFO - [2023-11-22T19:45:52.666+0000] {dag.py:2941} INFO - Sync 1 DAGs
[2023-11-22T19:45:52.683+0000] {logging_mixin.py:154} INFO - [2023-11-22T19:45:52.682+0000] {dag.py:3722} INFO - Setting next_dagrun for tutorial to 2023-11-21T19:45:52.682714+00:00, run_after=2023-11-22T19:45:52.682714+00:00
[2023-11-22T19:45:52.699+0000] {processor.py:179} INFO - Processing /home/airflow/.local/lib/python3.8/site-packages/airflow/example_dags/tutorial.py took 0.064 seconds
[2023-11-22T19:46:23.101+0000] {processor.py:157} INFO - Started process (PID=7983) to work on /home/airflow/.local/lib/python3.8/site-packages/airflow/example_dags/tutorial.py
[2023-11-22T19:46:23.102+0000] {processor.py:829} INFO - Processing file /home/airflow/.local/lib/python3.8/site-packages/airflow/example_dags/tutorial.py for tasks to queue
[2023-11-22T19:46:23.103+0000] {logging_mixin.py:154} INFO - [2023-11-22T19:46:23.103+0000] {dagbag.py:536} INFO - Filling up the DagBag from /home/airflow/.local/lib/python3.8/site-packages/airflow/example_dags/tutorial.py
[2023-11-22T19:46:23.109+0000] {processor.py:839} INFO - DAG(s) dict_keys(['tutorial']) retrieved from /home/airflow/.local/lib/python3.8/site-packages/airflow/example_dags/tutorial.py
[2023-11-22T19:46:23.129+0000] {logging_mixin.py:154} INFO - [2023-11-22T19:46:23.129+0000] {dag.py:2941} INFO - Sync 1 DAGs
[2023-11-22T19:46:23.145+0000] {logging_mixin.py:154} INFO - [2023-11-22T19:46:23.145+0000] {dag.py:3722} INFO - Setting next_dagrun for tutorial to 2023-11-21T19:46:23.145460+00:00, run_after=2023-11-22T19:46:23.145460+00:00
[2023-11-22T19:46:23.158+0000] {processor.py:179} INFO - Processing /home/airflow/.local/lib/python3.8/site-packages/airflow/example_dags/tutorial.py took 0.060 seconds
[2023-11-22T19:46:53.523+0000] {processor.py:157} INFO - Started process (PID=8221) to work on /home/airflow/.local/lib/python3.8/site-packages/airflow/example_dags/tutorial.py
[2023-11-22T19:46:53.524+0000] {processor.py:829} INFO - Processing file /home/airflow/.local/lib/python3.8/site-packages/airflow/example_dags/tutorial.py for tasks to queue
[2023-11-22T19:46:53.525+0000] {logging_mixin.py:154} INFO - [2023-11-22T19:46:53.525+0000] {dagbag.py:536} INFO - Filling up the DagBag from /home/airflow/.local/lib/python3.8/site-packages/airflow/example_dags/tutorial.py
[2023-11-22T19:46:53.531+0000] {processor.py:839} INFO - DAG(s) dict_keys(['tutorial']) retrieved from /home/airflow/.local/lib/python3.8/site-packages/airflow/example_dags/tutorial.py
[2023-11-22T19:46:53.551+0000] {logging_mixin.py:154} INFO - [2023-11-22T19:46:53.551+0000] {dag.py:2941} INFO - Sync 1 DAGs
[2023-11-22T19:46:53.567+0000] {logging_mixin.py:154} INFO - [2023-11-22T19:46:53.567+0000] {dag.py:3722} INFO - Setting next_dagrun for tutorial to 2023-11-21T19:46:53.567150+00:00, run_after=2023-11-22T19:46:53.567150+00:00
[2023-11-22T19:46:53.580+0000] {processor.py:179} INFO - Processing /home/airflow/.local/lib/python3.8/site-packages/airflow/example_dags/tutorial.py took 0.059 seconds
[2023-11-22T19:47:24.037+0000] {processor.py:157} INFO - Started process (PID=8458) to work on /home/airflow/.local/lib/python3.8/site-packages/airflow/example_dags/tutorial.py
[2023-11-22T19:47:24.038+0000] {processor.py:829} INFO - Processing file /home/airflow/.local/lib/python3.8/site-packages/airflow/example_dags/tutorial.py for tasks to queue
[2023-11-22T19:47:24.039+0000] {logging_mixin.py:154} INFO - [2023-11-22T19:47:24.039+0000] {dagbag.py:536} INFO - Filling up the DagBag from /home/airflow/.local/lib/python3.8/site-packages/airflow/example_dags/tutorial.py
[2023-11-22T19:47:24.046+0000] {processor.py:839} INFO - DAG(s) dict_keys(['tutorial']) retrieved from /home/airflow/.local/lib/python3.8/site-packages/airflow/example_dags/tutorial.py
[2023-11-22T19:47:24.067+0000] {logging_mixin.py:154} INFO - [2023-11-22T19:47:24.067+0000] {dag.py:2941} INFO - Sync 1 DAGs
[2023-11-22T19:47:24.085+0000] {logging_mixin.py:154} INFO - [2023-11-22T19:47:24.085+0000] {dag.py:3722} INFO - Setting next_dagrun for tutorial to 2023-11-21T19:47:24.085114+00:00, run_after=2023-11-22T19:47:24.085114+00:00
[2023-11-22T19:47:24.098+0000] {processor.py:179} INFO - Processing /home/airflow/.local/lib/python3.8/site-packages/airflow/example_dags/tutorial.py took 0.065 seconds
[2023-11-22T19:47:54.864+0000] {processor.py:157} INFO - Started process (PID=8696) to work on /home/airflow/.local/lib/python3.8/site-packages/airflow/example_dags/tutorial.py
[2023-11-22T19:47:54.865+0000] {processor.py:829} INFO - Processing file /home/airflow/.local/lib/python3.8/site-packages/airflow/example_dags/tutorial.py for tasks to queue
[2023-11-22T19:47:54.866+0000] {logging_mixin.py:154} INFO - [2023-11-22T19:47:54.866+0000] {dagbag.py:536} INFO - Filling up the DagBag from /home/airflow/.local/lib/python3.8/site-packages/airflow/example_dags/tutorial.py
[2023-11-22T19:47:54.872+0000] {processor.py:839} INFO - DAG(s) dict_keys(['tutorial']) retrieved from /home/airflow/.local/lib/python3.8/site-packages/airflow/example_dags/tutorial.py
[2023-11-22T19:47:54.892+0000] {logging_mixin.py:154} INFO - [2023-11-22T19:47:54.892+0000] {dag.py:2941} INFO - Sync 1 DAGs
[2023-11-22T19:47:54.909+0000] {logging_mixin.py:154} INFO - [2023-11-22T19:47:54.908+0000] {dag.py:3722} INFO - Setting next_dagrun for tutorial to 2023-11-21T19:47:54.908577+00:00, run_after=2023-11-22T19:47:54.908577+00:00
[2023-11-22T19:47:54.921+0000] {processor.py:179} INFO - Processing /home/airflow/.local/lib/python3.8/site-packages/airflow/example_dags/tutorial.py took 0.060 seconds
[2023-11-22T19:48:25.994+0000] {processor.py:157} INFO - Started process (PID=8934) to work on /home/airflow/.local/lib/python3.8/site-packages/airflow/example_dags/tutorial.py
[2023-11-22T19:48:25.995+0000] {processor.py:829} INFO - Processing file /home/airflow/.local/lib/python3.8/site-packages/airflow/example_dags/tutorial.py for tasks to queue
[2023-11-22T19:48:25.996+0000] {logging_mixin.py:154} INFO - [2023-11-22T19:48:25.996+0000] {dagbag.py:536} INFO - Filling up the DagBag from /home/airflow/.local/lib/python3.8/site-packages/airflow/example_dags/tutorial.py
[2023-11-22T19:48:26.003+0000] {processor.py:839} INFO - DAG(s) dict_keys(['tutorial']) retrieved from /home/airflow/.local/lib/python3.8/site-packages/airflow/example_dags/tutorial.py
[2023-11-22T19:48:26.024+0000] {logging_mixin.py:154} INFO - [2023-11-22T19:48:26.024+0000] {dag.py:2941} INFO - Sync 1 DAGs
[2023-11-22T19:48:26.043+0000] {logging_mixin.py:154} INFO - [2023-11-22T19:48:26.043+0000] {dag.py:3722} INFO - Setting next_dagrun for tutorial to 2023-11-21T19:48:26.042823+00:00, run_after=2023-11-22T19:48:26.042823+00:00
[2023-11-22T19:48:26.180+0000] {processor.py:179} INFO - Processing /home/airflow/.local/lib/python3.8/site-packages/airflow/example_dags/tutorial.py took 0.190 seconds
[2023-11-22T19:48:56.228+0000] {processor.py:157} INFO - Started process (PID=9172) to work on /home/airflow/.local/lib/python3.8/site-packages/airflow/example_dags/tutorial.py
[2023-11-22T19:48:56.229+0000] {processor.py:829} INFO - Processing file /home/airflow/.local/lib/python3.8/site-packages/airflow/example_dags/tutorial.py for tasks to queue
[2023-11-22T19:48:56.230+0000] {logging_mixin.py:154} INFO - [2023-11-22T19:48:56.230+0000] {dagbag.py:536} INFO - Filling up the DagBag from /home/airflow/.local/lib/python3.8/site-packages/airflow/example_dags/tutorial.py
[2023-11-22T19:48:56.236+0000] {processor.py:839} INFO - DAG(s) dict_keys(['tutorial']) retrieved from /home/airflow/.local/lib/python3.8/site-packages/airflow/example_dags/tutorial.py
[2023-11-22T19:48:56.256+0000] {logging_mixin.py:154} INFO - [2023-11-22T19:48:56.256+0000] {dag.py:2941} INFO - Sync 1 DAGs
[2023-11-22T19:48:56.272+0000] {logging_mixin.py:154} INFO - [2023-11-22T19:48:56.272+0000] {dag.py:3722} INFO - Setting next_dagrun for tutorial to 2023-11-21T19:48:56.272540+00:00, run_after=2023-11-22T19:48:56.272540+00:00
[2023-11-22T19:48:56.285+0000] {processor.py:179} INFO - Processing /home/airflow/.local/lib/python3.8/site-packages/airflow/example_dags/tutorial.py took 0.059 seconds
[2023-11-22T19:49:27.325+0000] {processor.py:157} INFO - Started process (PID=9410) to work on /home/airflow/.local/lib/python3.8/site-packages/airflow/example_dags/tutorial.py
[2023-11-22T19:49:27.326+0000] {processor.py:829} INFO - Processing file /home/airflow/.local/lib/python3.8/site-packages/airflow/example_dags/tutorial.py for tasks to queue
[2023-11-22T19:49:27.327+0000] {logging_mixin.py:154} INFO - [2023-11-22T19:49:27.327+0000] {dagbag.py:536} INFO - Filling up the DagBag from /home/airflow/.local/lib/python3.8/site-packages/airflow/example_dags/tutorial.py
[2023-11-22T19:49:27.334+0000] {processor.py:839} INFO - DAG(s) dict_keys(['tutorial']) retrieved from /home/airflow/.local/lib/python3.8/site-packages/airflow/example_dags/tutorial.py
[2023-11-22T19:49:27.358+0000] {logging_mixin.py:154} INFO - [2023-11-22T19:49:27.358+0000] {dag.py:2941} INFO - Sync 1 DAGs
[2023-11-22T19:49:27.377+0000] {logging_mixin.py:154} INFO - [2023-11-22T19:49:27.377+0000] {dag.py:3722} INFO - Setting next_dagrun for tutorial to 2023-11-21T19:49:27.377199+00:00, run_after=2023-11-22T19:49:27.377199+00:00
[2023-11-22T19:49:27.393+0000] {processor.py:179} INFO - Processing /home/airflow/.local/lib/python3.8/site-packages/airflow/example_dags/tutorial.py took 0.072 seconds
[2023-11-22T19:49:58.315+0000] {processor.py:157} INFO - Started process (PID=9648) to work on /home/airflow/.local/lib/python3.8/site-packages/airflow/example_dags/tutorial.py
[2023-11-22T19:49:58.316+0000] {processor.py:829} INFO - Processing file /home/airflow/.local/lib/python3.8/site-packages/airflow/example_dags/tutorial.py for tasks to queue
[2023-11-22T19:49:58.317+0000] {logging_mixin.py:154} INFO - [2023-11-22T19:49:58.317+0000] {dagbag.py:536} INFO - Filling up the DagBag from /home/airflow/.local/lib/python3.8/site-packages/airflow/example_dags/tutorial.py
[2023-11-22T19:49:58.323+0000] {processor.py:839} INFO - DAG(s) dict_keys(['tutorial']) retrieved from /home/airflow/.local/lib/python3.8/site-packages/airflow/example_dags/tutorial.py
[2023-11-22T19:49:58.347+0000] {logging_mixin.py:154} INFO - [2023-11-22T19:49:58.346+0000] {dag.py:2941} INFO - Sync 1 DAGs
[2023-11-22T19:49:58.365+0000] {logging_mixin.py:154} INFO - [2023-11-22T19:49:58.365+0000] {dag.py:3722} INFO - Setting next_dagrun for tutorial to 2023-11-21T19:49:58.364785+00:00, run_after=2023-11-22T19:49:58.364785+00:00
[2023-11-22T19:49:58.379+0000] {processor.py:179} INFO - Processing /home/airflow/.local/lib/python3.8/site-packages/airflow/example_dags/tutorial.py took 0.067 seconds
[2023-11-22T19:50:28.993+0000] {processor.py:157} INFO - Started process (PID=9886) to work on /home/airflow/.local/lib/python3.8/site-packages/airflow/example_dags/tutorial.py
[2023-11-22T19:50:28.994+0000] {processor.py:829} INFO - Processing file /home/airflow/.local/lib/python3.8/site-packages/airflow/example_dags/tutorial.py for tasks to queue
[2023-11-22T19:50:28.995+0000] {logging_mixin.py:154} INFO - [2023-11-22T19:50:28.994+0000] {dagbag.py:536} INFO - Filling up the DagBag from /home/airflow/.local/lib/python3.8/site-packages/airflow/example_dags/tutorial.py
[2023-11-22T19:50:29.001+0000] {processor.py:839} INFO - DAG(s) dict_keys(['tutorial']) retrieved from /home/airflow/.local/lib/python3.8/site-packages/airflow/example_dags/tutorial.py
[2023-11-22T19:50:29.026+0000] {logging_mixin.py:154} INFO - [2023-11-22T19:50:29.026+0000] {dag.py:2941} INFO - Sync 1 DAGs
[2023-11-22T19:50:29.161+0000] {logging_mixin.py:154} INFO - [2023-11-22T19:50:29.161+0000] {dag.py:3722} INFO - Setting next_dagrun for tutorial to 2023-11-21T19:50:29.160900+00:00, run_after=2023-11-22T19:50:29.160900+00:00
[2023-11-22T19:50:29.173+0000] {processor.py:179} INFO - Processing /home/airflow/.local/lib/python3.8/site-packages/airflow/example_dags/tutorial.py took 0.184 seconds
[2023-11-22T19:50:59.325+0000] {processor.py:157} INFO - Started process (PID=10126) to work on /home/airflow/.local/lib/python3.8/site-packages/airflow/example_dags/tutorial.py
[2023-11-22T19:50:59.326+0000] {processor.py:829} INFO - Processing file /home/airflow/.local/lib/python3.8/site-packages/airflow/example_dags/tutorial.py for tasks to queue
[2023-11-22T19:50:59.327+0000] {logging_mixin.py:154} INFO - [2023-11-22T19:50:59.327+0000] {dagbag.py:536} INFO - Filling up the DagBag from /home/airflow/.local/lib/python3.8/site-packages/airflow/example_dags/tutorial.py
[2023-11-22T19:50:59.333+0000] {processor.py:839} INFO - DAG(s) dict_keys(['tutorial']) retrieved from /home/airflow/.local/lib/python3.8/site-packages/airflow/example_dags/tutorial.py
[2023-11-22T19:50:59.353+0000] {logging_mixin.py:154} INFO - [2023-11-22T19:50:59.353+0000] {dag.py:2941} INFO - Sync 1 DAGs
[2023-11-22T19:50:59.480+0000] {logging_mixin.py:154} INFO - [2023-11-22T19:50:59.480+0000] {dag.py:3722} INFO - Setting next_dagrun for tutorial to 2023-11-21T19:50:59.480153+00:00, run_after=2023-11-22T19:50:59.480153+00:00
[2023-11-22T19:50:59.491+0000] {processor.py:179} INFO - Processing /home/airflow/.local/lib/python3.8/site-packages/airflow/example_dags/tutorial.py took 0.169 seconds
[2023-11-22T19:51:30.166+0000] {processor.py:157} INFO - Started process (PID=10362) to work on /home/airflow/.local/lib/python3.8/site-packages/airflow/example_dags/tutorial.py
[2023-11-22T19:51:30.166+0000] {processor.py:829} INFO - Processing file /home/airflow/.local/lib/python3.8/site-packages/airflow/example_dags/tutorial.py for tasks to queue
[2023-11-22T19:51:30.167+0000] {logging_mixin.py:154} INFO - [2023-11-22T19:51:30.167+0000] {dagbag.py:536} INFO - Filling up the DagBag from /home/airflow/.local/lib/python3.8/site-packages/airflow/example_dags/tutorial.py
[2023-11-22T19:51:30.173+0000] {processor.py:839} INFO - DAG(s) dict_keys(['tutorial']) retrieved from /home/airflow/.local/lib/python3.8/site-packages/airflow/example_dags/tutorial.py
[2023-11-22T19:51:30.194+0000] {logging_mixin.py:154} INFO - [2023-11-22T19:51:30.193+0000] {dag.py:2941} INFO - Sync 1 DAGs
[2023-11-22T19:51:30.212+0000] {logging_mixin.py:154} INFO - [2023-11-22T19:51:30.211+0000] {dag.py:3722} INFO - Setting next_dagrun for tutorial to 2023-11-21T19:51:30.211725+00:00, run_after=2023-11-22T19:51:30.211725+00:00
[2023-11-22T19:51:30.336+0000] {processor.py:179} INFO - Processing /home/airflow/.local/lib/python3.8/site-packages/airflow/example_dags/tutorial.py took 0.173 seconds
[2023-11-22T19:52:00.384+0000] {processor.py:157} INFO - Started process (PID=10600) to work on /home/airflow/.local/lib/python3.8/site-packages/airflow/example_dags/tutorial.py
[2023-11-22T19:52:00.385+0000] {processor.py:829} INFO - Processing file /home/airflow/.local/lib/python3.8/site-packages/airflow/example_dags/tutorial.py for tasks to queue
[2023-11-22T19:52:00.386+0000] {logging_mixin.py:154} INFO - [2023-11-22T19:52:00.386+0000] {dagbag.py:536} INFO - Filling up the DagBag from /home/airflow/.local/lib/python3.8/site-packages/airflow/example_dags/tutorial.py
[2023-11-22T19:52:00.392+0000] {processor.py:839} INFO - DAG(s) dict_keys(['tutorial']) retrieved from /home/airflow/.local/lib/python3.8/site-packages/airflow/example_dags/tutorial.py
[2023-11-22T19:52:00.413+0000] {logging_mixin.py:154} INFO - [2023-11-22T19:52:00.412+0000] {dag.py:2941} INFO - Sync 1 DAGs
[2023-11-22T19:52:00.429+0000] {logging_mixin.py:154} INFO - [2023-11-22T19:52:00.429+0000] {dag.py:3722} INFO - Setting next_dagrun for tutorial to 2023-11-21T19:52:00.429553+00:00, run_after=2023-11-22T19:52:00.429553+00:00
[2023-11-22T19:52:00.443+0000] {processor.py:179} INFO - Processing /home/airflow/.local/lib/python3.8/site-packages/airflow/example_dags/tutorial.py took 0.062 seconds
[2023-11-22T19:52:30.924+0000] {processor.py:157} INFO - Started process (PID=10839) to work on /home/airflow/.local/lib/python3.8/site-packages/airflow/example_dags/tutorial.py
[2023-11-22T19:52:30.925+0000] {processor.py:829} INFO - Processing file /home/airflow/.local/lib/python3.8/site-packages/airflow/example_dags/tutorial.py for tasks to queue
[2023-11-22T19:52:30.926+0000] {logging_mixin.py:154} INFO - [2023-11-22T19:52:30.926+0000] {dagbag.py:536} INFO - Filling up the DagBag from /home/airflow/.local/lib/python3.8/site-packages/airflow/example_dags/tutorial.py
[2023-11-22T19:52:30.932+0000] {processor.py:839} INFO - DAG(s) dict_keys(['tutorial']) retrieved from /home/airflow/.local/lib/python3.8/site-packages/airflow/example_dags/tutorial.py
[2023-11-22T19:52:30.952+0000] {logging_mixin.py:154} INFO - [2023-11-22T19:52:30.952+0000] {dag.py:2941} INFO - Sync 1 DAGs
[2023-11-22T19:52:30.969+0000] {logging_mixin.py:154} INFO - [2023-11-22T19:52:30.968+0000] {dag.py:3722} INFO - Setting next_dagrun for tutorial to 2023-11-21T19:52:30.968636+00:00, run_after=2023-11-22T19:52:30.968636+00:00
[2023-11-22T19:52:30.982+0000] {processor.py:179} INFO - Processing /home/airflow/.local/lib/python3.8/site-packages/airflow/example_dags/tutorial.py took 0.061 seconds
[2023-11-22T19:53:01.374+0000] {processor.py:157} INFO - Started process (PID=11077) to work on /home/airflow/.local/lib/python3.8/site-packages/airflow/example_dags/tutorial.py
[2023-11-22T19:53:01.375+0000] {processor.py:829} INFO - Processing file /home/airflow/.local/lib/python3.8/site-packages/airflow/example_dags/tutorial.py for tasks to queue
[2023-11-22T19:53:01.376+0000] {logging_mixin.py:154} INFO - [2023-11-22T19:53:01.375+0000] {dagbag.py:536} INFO - Filling up the DagBag from /home/airflow/.local/lib/python3.8/site-packages/airflow/example_dags/tutorial.py
[2023-11-22T19:53:01.381+0000] {processor.py:839} INFO - DAG(s) dict_keys(['tutorial']) retrieved from /home/airflow/.local/lib/python3.8/site-packages/airflow/example_dags/tutorial.py
[2023-11-22T19:53:01.401+0000] {logging_mixin.py:154} INFO - [2023-11-22T19:53:01.401+0000] {dag.py:2941} INFO - Sync 1 DAGs
[2023-11-22T19:53:01.417+0000] {logging_mixin.py:154} INFO - [2023-11-22T19:53:01.417+0000] {dag.py:3722} INFO - Setting next_dagrun for tutorial to 2023-11-21T19:53:01.417609+00:00, run_after=2023-11-22T19:53:01.417609+00:00
[2023-11-22T19:53:01.430+0000] {processor.py:179} INFO - Processing /home/airflow/.local/lib/python3.8/site-packages/airflow/example_dags/tutorial.py took 0.059 seconds
[2023-11-22T19:53:31.738+0000] {processor.py:157} INFO - Started process (PID=11315) to work on /home/airflow/.local/lib/python3.8/site-packages/airflow/example_dags/tutorial.py
[2023-11-22T19:53:31.739+0000] {processor.py:829} INFO - Processing file /home/airflow/.local/lib/python3.8/site-packages/airflow/example_dags/tutorial.py for tasks to queue
[2023-11-22T19:53:31.740+0000] {logging_mixin.py:154} INFO - [2023-11-22T19:53:31.740+0000] {dagbag.py:536} INFO - Filling up the DagBag from /home/airflow/.local/lib/python3.8/site-packages/airflow/example_dags/tutorial.py
[2023-11-22T19:53:31.746+0000] {processor.py:839} INFO - DAG(s) dict_keys(['tutorial']) retrieved from /home/airflow/.local/lib/python3.8/site-packages/airflow/example_dags/tutorial.py
[2023-11-22T19:53:31.766+0000] {logging_mixin.py:154} INFO - [2023-11-22T19:53:31.766+0000] {dag.py:2941} INFO - Sync 1 DAGs
[2023-11-22T19:53:31.783+0000] {logging_mixin.py:154} INFO - [2023-11-22T19:53:31.783+0000] {dag.py:3722} INFO - Setting next_dagrun for tutorial to 2023-11-21T19:53:31.782852+00:00, run_after=2023-11-22T19:53:31.782852+00:00
[2023-11-22T19:53:31.796+0000] {processor.py:179} INFO - Processing /home/airflow/.local/lib/python3.8/site-packages/airflow/example_dags/tutorial.py took 0.060 seconds
[2023-11-22T19:54:03.244+0000] {processor.py:157} INFO - Started process (PID=11553) to work on /home/airflow/.local/lib/python3.8/site-packages/airflow/example_dags/tutorial.py
[2023-11-22T19:54:03.245+0000] {processor.py:829} INFO - Processing file /home/airflow/.local/lib/python3.8/site-packages/airflow/example_dags/tutorial.py for tasks to queue
[2023-11-22T19:54:03.246+0000] {logging_mixin.py:154} INFO - [2023-11-22T19:54:03.245+0000] {dagbag.py:536} INFO - Filling up the DagBag from /home/airflow/.local/lib/python3.8/site-packages/airflow/example_dags/tutorial.py
[2023-11-22T19:54:03.253+0000] {processor.py:839} INFO - DAG(s) dict_keys(['tutorial']) retrieved from /home/airflow/.local/lib/python3.8/site-packages/airflow/example_dags/tutorial.py
[2023-11-22T19:54:03.279+0000] {logging_mixin.py:154} INFO - [2023-11-22T19:54:03.279+0000] {dag.py:2941} INFO - Sync 1 DAGs
[2023-11-22T19:54:03.301+0000] {logging_mixin.py:154} INFO - [2023-11-22T19:54:03.300+0000] {dag.py:3722} INFO - Setting next_dagrun for tutorial to 2023-11-21T19:54:03.300544+00:00, run_after=2023-11-22T19:54:03.300544+00:00
[2023-11-22T19:54:03.319+0000] {processor.py:179} INFO - Processing /home/airflow/.local/lib/python3.8/site-packages/airflow/example_dags/tutorial.py took 0.080 seconds
[2023-11-22T20:36:15.849+0000] {processor.py:157} INFO - Started process (PID=11793) to work on /home/airflow/.local/lib/python3.8/site-packages/airflow/example_dags/tutorial.py
[2023-11-22T20:36:15.850+0000] {processor.py:829} INFO - Processing file /home/airflow/.local/lib/python3.8/site-packages/airflow/example_dags/tutorial.py for tasks to queue
[2023-11-22T20:36:15.851+0000] {logging_mixin.py:154} INFO - [2023-11-22T20:36:15.850+0000] {dagbag.py:536} INFO - Filling up the DagBag from /home/airflow/.local/lib/python3.8/site-packages/airflow/example_dags/tutorial.py
[2023-11-22T20:36:15.857+0000] {processor.py:839} INFO - DAG(s) dict_keys(['tutorial']) retrieved from /home/airflow/.local/lib/python3.8/site-packages/airflow/example_dags/tutorial.py
[2023-11-22T20:36:15.877+0000] {logging_mixin.py:154} INFO - [2023-11-22T20:36:15.877+0000] {dag.py:2941} INFO - Sync 1 DAGs
[2023-11-22T20:36:15.893+0000] {logging_mixin.py:154} INFO - [2023-11-22T20:36:15.893+0000] {dag.py:3722} INFO - Setting next_dagrun for tutorial to 2023-11-21T20:36:15.893436+00:00, run_after=2023-11-22T20:36:15.893436+00:00
[2023-11-22T20:36:15.906+0000] {processor.py:179} INFO - Processing /home/airflow/.local/lib/python3.8/site-packages/airflow/example_dags/tutorial.py took 0.061 seconds
[2023-11-22T21:01:35.675+0000] {processor.py:157} INFO - Started process (PID=12032) to work on /home/airflow/.local/lib/python3.8/site-packages/airflow/example_dags/tutorial.py
[2023-11-22T21:01:35.678+0000] {processor.py:829} INFO - Processing file /home/airflow/.local/lib/python3.8/site-packages/airflow/example_dags/tutorial.py for tasks to queue
[2023-11-22T21:01:35.679+0000] {logging_mixin.py:154} INFO - [2023-11-22T21:01:35.679+0000] {dagbag.py:536} INFO - Filling up the DagBag from /home/airflow/.local/lib/python3.8/site-packages/airflow/example_dags/tutorial.py
[2023-11-22T21:01:35.692+0000] {processor.py:839} INFO - DAG(s) dict_keys(['tutorial']) retrieved from /home/airflow/.local/lib/python3.8/site-packages/airflow/example_dags/tutorial.py
[2023-11-22T21:01:35.733+0000] {logging_mixin.py:154} INFO - [2023-11-22T21:01:35.733+0000] {dag.py:2941} INFO - Sync 1 DAGs
[2023-11-22T21:01:35.763+0000] {logging_mixin.py:154} INFO - [2023-11-22T21:01:35.763+0000] {dag.py:3722} INFO - Setting next_dagrun for tutorial to 2023-11-21T21:01:35.763233+00:00, run_after=2023-11-22T21:01:35.763233+00:00
[2023-11-22T21:01:35.783+0000] {processor.py:179} INFO - Processing /home/airflow/.local/lib/python3.8/site-packages/airflow/example_dags/tutorial.py took 0.115 seconds
[2023-11-22T21:02:05.920+0000] {processor.py:157} INFO - Started process (PID=12270) to work on /home/airflow/.local/lib/python3.8/site-packages/airflow/example_dags/tutorial.py
[2023-11-22T21:02:05.921+0000] {processor.py:829} INFO - Processing file /home/airflow/.local/lib/python3.8/site-packages/airflow/example_dags/tutorial.py for tasks to queue
[2023-11-22T21:02:05.922+0000] {logging_mixin.py:154} INFO - [2023-11-22T21:02:05.921+0000] {dagbag.py:536} INFO - Filling up the DagBag from /home/airflow/.local/lib/python3.8/site-packages/airflow/example_dags/tutorial.py
[2023-11-22T21:02:05.929+0000] {processor.py:839} INFO - DAG(s) dict_keys(['tutorial']) retrieved from /home/airflow/.local/lib/python3.8/site-packages/airflow/example_dags/tutorial.py
[2023-11-22T21:02:05.952+0000] {logging_mixin.py:154} INFO - [2023-11-22T21:02:05.952+0000] {dag.py:2941} INFO - Sync 1 DAGs
[2023-11-22T21:02:05.969+0000] {logging_mixin.py:154} INFO - [2023-11-22T21:02:05.969+0000] {dag.py:3722} INFO - Setting next_dagrun for tutorial to 2023-11-21T21:02:05.969332+00:00, run_after=2023-11-22T21:02:05.969332+00:00
[2023-11-22T21:02:05.986+0000] {processor.py:179} INFO - Processing /home/airflow/.local/lib/python3.8/site-packages/airflow/example_dags/tutorial.py took 0.070 seconds
[2023-11-22T21:02:36.805+0000] {processor.py:157} INFO - Started process (PID=12508) to work on /home/airflow/.local/lib/python3.8/site-packages/airflow/example_dags/tutorial.py
[2023-11-22T21:02:36.806+0000] {processor.py:829} INFO - Processing file /home/airflow/.local/lib/python3.8/site-packages/airflow/example_dags/tutorial.py for tasks to queue
[2023-11-22T21:02:36.807+0000] {logging_mixin.py:154} INFO - [2023-11-22T21:02:36.806+0000] {dagbag.py:536} INFO - Filling up the DagBag from /home/airflow/.local/lib/python3.8/site-packages/airflow/example_dags/tutorial.py
[2023-11-22T21:02:36.813+0000] {processor.py:839} INFO - DAG(s) dict_keys(['tutorial']) retrieved from /home/airflow/.local/lib/python3.8/site-packages/airflow/example_dags/tutorial.py
[2023-11-22T21:02:36.833+0000] {logging_mixin.py:154} INFO - [2023-11-22T21:02:36.833+0000] {dag.py:2941} INFO - Sync 1 DAGs
[2023-11-22T21:02:36.850+0000] {logging_mixin.py:154} INFO - [2023-11-22T21:02:36.850+0000] {dag.py:3722} INFO - Setting next_dagrun for tutorial to 2023-11-21T21:02:36.849817+00:00, run_after=2023-11-22T21:02:36.849817+00:00
[2023-11-22T21:02:36.862+0000] {processor.py:179} INFO - Processing /home/airflow/.local/lib/python3.8/site-packages/airflow/example_dags/tutorial.py took 0.061 seconds
[2023-11-22T21:03:07.239+0000] {processor.py:157} INFO - Started process (PID=12746) to work on /home/airflow/.local/lib/python3.8/site-packages/airflow/example_dags/tutorial.py
[2023-11-22T21:03:07.242+0000] {processor.py:829} INFO - Processing file /home/airflow/.local/lib/python3.8/site-packages/airflow/example_dags/tutorial.py for tasks to queue
[2023-11-22T21:03:07.244+0000] {logging_mixin.py:154} INFO - [2023-11-22T21:03:07.243+0000] {dagbag.py:536} INFO - Filling up the DagBag from /home/airflow/.local/lib/python3.8/site-packages/airflow/example_dags/tutorial.py
[2023-11-22T21:03:07.266+0000] {processor.py:839} INFO - DAG(s) dict_keys(['tutorial']) retrieved from /home/airflow/.local/lib/python3.8/site-packages/airflow/example_dags/tutorial.py
[2023-11-22T21:03:07.305+0000] {logging_mixin.py:154} INFO - [2023-11-22T21:03:07.305+0000] {dag.py:2941} INFO - Sync 1 DAGs
[2023-11-22T21:03:07.331+0000] {logging_mixin.py:154} INFO - [2023-11-22T21:03:07.331+0000] {dag.py:3722} INFO - Setting next_dagrun for tutorial to 2023-11-21T21:03:07.330927+00:00, run_after=2023-11-22T21:03:07.330927+00:00
[2023-11-22T21:03:07.359+0000] {processor.py:179} INFO - Processing /home/airflow/.local/lib/python3.8/site-packages/airflow/example_dags/tutorial.py took 0.129 seconds
[2023-11-22T21:03:38.036+0000] {processor.py:157} INFO - Started process (PID=12984) to work on /home/airflow/.local/lib/python3.8/site-packages/airflow/example_dags/tutorial.py
[2023-11-22T21:03:38.037+0000] {processor.py:829} INFO - Processing file /home/airflow/.local/lib/python3.8/site-packages/airflow/example_dags/tutorial.py for tasks to queue
[2023-11-22T21:03:38.038+0000] {logging_mixin.py:154} INFO - [2023-11-22T21:03:38.038+0000] {dagbag.py:536} INFO - Filling up the DagBag from /home/airflow/.local/lib/python3.8/site-packages/airflow/example_dags/tutorial.py
[2023-11-22T21:03:38.044+0000] {processor.py:839} INFO - DAG(s) dict_keys(['tutorial']) retrieved from /home/airflow/.local/lib/python3.8/site-packages/airflow/example_dags/tutorial.py
[2023-11-22T21:03:38.066+0000] {logging_mixin.py:154} INFO - [2023-11-22T21:03:38.066+0000] {dag.py:2941} INFO - Sync 1 DAGs
[2023-11-22T21:03:38.085+0000] {logging_mixin.py:154} INFO - [2023-11-22T21:03:38.085+0000] {dag.py:3722} INFO - Setting next_dagrun for tutorial to 2023-11-21T21:03:38.085476+00:00, run_after=2023-11-22T21:03:38.085476+00:00
[2023-11-22T21:03:38.101+0000] {processor.py:179} INFO - Processing /home/airflow/.local/lib/python3.8/site-packages/airflow/example_dags/tutorial.py took 0.068 seconds
[2023-11-22T21:04:08.564+0000] {processor.py:157} INFO - Started process (PID=13222) to work on /home/airflow/.local/lib/python3.8/site-packages/airflow/example_dags/tutorial.py
[2023-11-22T21:04:08.565+0000] {processor.py:829} INFO - Processing file /home/airflow/.local/lib/python3.8/site-packages/airflow/example_dags/tutorial.py for tasks to queue
[2023-11-22T21:04:08.565+0000] {logging_mixin.py:154} INFO - [2023-11-22T21:04:08.565+0000] {dagbag.py:536} INFO - Filling up the DagBag from /home/airflow/.local/lib/python3.8/site-packages/airflow/example_dags/tutorial.py
[2023-11-22T21:04:08.574+0000] {processor.py:839} INFO - DAG(s) dict_keys(['tutorial']) retrieved from /home/airflow/.local/lib/python3.8/site-packages/airflow/example_dags/tutorial.py
[2023-11-22T21:04:08.599+0000] {logging_mixin.py:154} INFO - [2023-11-22T21:04:08.598+0000] {dag.py:2941} INFO - Sync 1 DAGs
[2023-11-22T21:04:08.624+0000] {logging_mixin.py:154} INFO - [2023-11-22T21:04:08.624+0000] {dag.py:3722} INFO - Setting next_dagrun for tutorial to 2023-11-21T21:04:08.624379+00:00, run_after=2023-11-22T21:04:08.624379+00:00
[2023-11-22T21:04:08.638+0000] {processor.py:179} INFO - Processing /home/airflow/.local/lib/python3.8/site-packages/airflow/example_dags/tutorial.py took 0.078 seconds
[2023-11-22T21:04:39.165+0000] {processor.py:157} INFO - Started process (PID=13460) to work on /home/airflow/.local/lib/python3.8/site-packages/airflow/example_dags/tutorial.py
[2023-11-22T21:04:39.166+0000] {processor.py:829} INFO - Processing file /home/airflow/.local/lib/python3.8/site-packages/airflow/example_dags/tutorial.py for tasks to queue
[2023-11-22T21:04:39.167+0000] {logging_mixin.py:154} INFO - [2023-11-22T21:04:39.166+0000] {dagbag.py:536} INFO - Filling up the DagBag from /home/airflow/.local/lib/python3.8/site-packages/airflow/example_dags/tutorial.py
[2023-11-22T21:04:39.173+0000] {processor.py:839} INFO - DAG(s) dict_keys(['tutorial']) retrieved from /home/airflow/.local/lib/python3.8/site-packages/airflow/example_dags/tutorial.py
[2023-11-22T21:04:39.193+0000] {logging_mixin.py:154} INFO - [2023-11-22T21:04:39.193+0000] {dag.py:2941} INFO - Sync 1 DAGs
[2023-11-22T21:04:39.210+0000] {logging_mixin.py:154} INFO - [2023-11-22T21:04:39.210+0000] {dag.py:3722} INFO - Setting next_dagrun for tutorial to 2023-11-21T21:04:39.210063+00:00, run_after=2023-11-22T21:04:39.210063+00:00
[2023-11-22T21:04:39.223+0000] {processor.py:179} INFO - Processing /home/airflow/.local/lib/python3.8/site-packages/airflow/example_dags/tutorial.py took 0.061 seconds
[2023-11-22T21:05:09.685+0000] {processor.py:157} INFO - Started process (PID=13698) to work on /home/airflow/.local/lib/python3.8/site-packages/airflow/example_dags/tutorial.py
[2023-11-22T21:05:09.685+0000] {processor.py:829} INFO - Processing file /home/airflow/.local/lib/python3.8/site-packages/airflow/example_dags/tutorial.py for tasks to queue
[2023-11-22T21:05:09.686+0000] {logging_mixin.py:154} INFO - [2023-11-22T21:05:09.686+0000] {dagbag.py:536} INFO - Filling up the DagBag from /home/airflow/.local/lib/python3.8/site-packages/airflow/example_dags/tutorial.py
[2023-11-22T21:05:09.692+0000] {processor.py:839} INFO - DAG(s) dict_keys(['tutorial']) retrieved from /home/airflow/.local/lib/python3.8/site-packages/airflow/example_dags/tutorial.py
[2023-11-22T21:05:09.713+0000] {logging_mixin.py:154} INFO - [2023-11-22T21:05:09.713+0000] {dag.py:2941} INFO - Sync 1 DAGs
[2023-11-22T21:05:09.730+0000] {logging_mixin.py:154} INFO - [2023-11-22T21:05:09.730+0000] {dag.py:3722} INFO - Setting next_dagrun for tutorial to 2023-11-21T21:05:09.729800+00:00, run_after=2023-11-22T21:05:09.729800+00:00
[2023-11-22T21:05:09.743+0000] {processor.py:179} INFO - Processing /home/airflow/.local/lib/python3.8/site-packages/airflow/example_dags/tutorial.py took 0.061 seconds
[2023-11-22T21:05:40.708+0000] {processor.py:157} INFO - Started process (PID=13937) to work on /home/airflow/.local/lib/python3.8/site-packages/airflow/example_dags/tutorial.py
[2023-11-22T21:05:40.709+0000] {processor.py:829} INFO - Processing file /home/airflow/.local/lib/python3.8/site-packages/airflow/example_dags/tutorial.py for tasks to queue
[2023-11-22T21:05:40.710+0000] {logging_mixin.py:154} INFO - [2023-11-22T21:05:40.710+0000] {dagbag.py:536} INFO - Filling up the DagBag from /home/airflow/.local/lib/python3.8/site-packages/airflow/example_dags/tutorial.py
[2023-11-22T21:05:40.718+0000] {processor.py:839} INFO - DAG(s) dict_keys(['tutorial']) retrieved from /home/airflow/.local/lib/python3.8/site-packages/airflow/example_dags/tutorial.py
[2023-11-22T21:05:40.744+0000] {logging_mixin.py:154} INFO - [2023-11-22T21:05:40.744+0000] {dag.py:2941} INFO - Sync 1 DAGs
[2023-11-22T21:05:40.768+0000] {logging_mixin.py:154} INFO - [2023-11-22T21:05:40.768+0000] {dag.py:3722} INFO - Setting next_dagrun for tutorial to 2023-11-21T21:05:40.767781+00:00, run_after=2023-11-22T21:05:40.767781+00:00
[2023-11-22T21:05:40.788+0000] {processor.py:179} INFO - Processing /home/airflow/.local/lib/python3.8/site-packages/airflow/example_dags/tutorial.py took 0.084 seconds
[2023-11-22T21:06:10.821+0000] {processor.py:157} INFO - Started process (PID=14175) to work on /home/airflow/.local/lib/python3.8/site-packages/airflow/example_dags/tutorial.py
[2023-11-22T21:06:10.822+0000] {processor.py:829} INFO - Processing file /home/airflow/.local/lib/python3.8/site-packages/airflow/example_dags/tutorial.py for tasks to queue
[2023-11-22T21:06:10.822+0000] {logging_mixin.py:154} INFO - [2023-11-22T21:06:10.822+0000] {dagbag.py:536} INFO - Filling up the DagBag from /home/airflow/.local/lib/python3.8/site-packages/airflow/example_dags/tutorial.py
[2023-11-22T21:06:10.828+0000] {processor.py:839} INFO - DAG(s) dict_keys(['tutorial']) retrieved from /home/airflow/.local/lib/python3.8/site-packages/airflow/example_dags/tutorial.py
[2023-11-22T21:06:10.849+0000] {logging_mixin.py:154} INFO - [2023-11-22T21:06:10.849+0000] {dag.py:2941} INFO - Sync 1 DAGs
[2023-11-22T21:06:10.865+0000] {logging_mixin.py:154} INFO - [2023-11-22T21:06:10.865+0000] {dag.py:3722} INFO - Setting next_dagrun for tutorial to 2023-11-21T21:06:10.865553+00:00, run_after=2023-11-22T21:06:10.865553+00:00
[2023-11-22T21:06:10.879+0000] {processor.py:179} INFO - Processing /home/airflow/.local/lib/python3.8/site-packages/airflow/example_dags/tutorial.py took 0.061 seconds
[2023-11-22T21:06:41.652+0000] {processor.py:157} INFO - Started process (PID=14411) to work on /home/airflow/.local/lib/python3.8/site-packages/airflow/example_dags/tutorial.py
[2023-11-22T21:06:41.653+0000] {processor.py:829} INFO - Processing file /home/airflow/.local/lib/python3.8/site-packages/airflow/example_dags/tutorial.py for tasks to queue
[2023-11-22T21:06:41.654+0000] {logging_mixin.py:154} INFO - [2023-11-22T21:06:41.653+0000] {dagbag.py:536} INFO - Filling up the DagBag from /home/airflow/.local/lib/python3.8/site-packages/airflow/example_dags/tutorial.py
[2023-11-22T21:06:41.661+0000] {processor.py:839} INFO - DAG(s) dict_keys(['tutorial']) retrieved from /home/airflow/.local/lib/python3.8/site-packages/airflow/example_dags/tutorial.py
[2023-11-22T21:06:41.681+0000] {logging_mixin.py:154} INFO - [2023-11-22T21:06:41.681+0000] {dag.py:2941} INFO - Sync 1 DAGs
[2023-11-22T21:06:41.697+0000] {logging_mixin.py:154} INFO - [2023-11-22T21:06:41.697+0000] {dag.py:3722} INFO - Setting next_dagrun for tutorial to 2023-11-21T21:06:41.697004+00:00, run_after=2023-11-22T21:06:41.697004+00:00
[2023-11-22T21:06:41.709+0000] {processor.py:179} INFO - Processing /home/airflow/.local/lib/python3.8/site-packages/airflow/example_dags/tutorial.py took 0.061 seconds
[2023-11-22T21:07:12.999+0000] {processor.py:157} INFO - Started process (PID=14649) to work on /home/airflow/.local/lib/python3.8/site-packages/airflow/example_dags/tutorial.py
[2023-11-22T21:07:13.001+0000] {processor.py:829} INFO - Processing file /home/airflow/.local/lib/python3.8/site-packages/airflow/example_dags/tutorial.py for tasks to queue
[2023-11-22T21:07:13.005+0000] {logging_mixin.py:154} INFO - [2023-11-22T21:07:13.003+0000] {dagbag.py:536} INFO - Filling up the DagBag from /home/airflow/.local/lib/python3.8/site-packages/airflow/example_dags/tutorial.py
[2023-11-22T21:07:13.023+0000] {processor.py:839} INFO - DAG(s) dict_keys(['tutorial']) retrieved from /home/airflow/.local/lib/python3.8/site-packages/airflow/example_dags/tutorial.py
[2023-11-22T21:07:13.066+0000] {logging_mixin.py:154} INFO - [2023-11-22T21:07:13.066+0000] {dag.py:2941} INFO - Sync 1 DAGs
[2023-11-22T21:07:13.101+0000] {logging_mixin.py:154} INFO - [2023-11-22T21:07:13.101+0000] {dag.py:3722} INFO - Setting next_dagrun for tutorial to 2023-11-21T21:07:13.100785+00:00, run_after=2023-11-22T21:07:13.100785+00:00
[2023-11-22T21:07:13.124+0000] {processor.py:179} INFO - Processing /home/airflow/.local/lib/python3.8/site-packages/airflow/example_dags/tutorial.py took 0.133 seconds
[2023-11-22T21:07:43.801+0000] {processor.py:157} INFO - Started process (PID=14887) to work on /home/airflow/.local/lib/python3.8/site-packages/airflow/example_dags/tutorial.py
[2023-11-22T21:07:43.802+0000] {processor.py:829} INFO - Processing file /home/airflow/.local/lib/python3.8/site-packages/airflow/example_dags/tutorial.py for tasks to queue
[2023-11-22T21:07:43.802+0000] {logging_mixin.py:154} INFO - [2023-11-22T21:07:43.802+0000] {dagbag.py:536} INFO - Filling up the DagBag from /home/airflow/.local/lib/python3.8/site-packages/airflow/example_dags/tutorial.py
[2023-11-22T21:07:43.809+0000] {processor.py:839} INFO - DAG(s) dict_keys(['tutorial']) retrieved from /home/airflow/.local/lib/python3.8/site-packages/airflow/example_dags/tutorial.py
[2023-11-22T21:07:43.829+0000] {logging_mixin.py:154} INFO - [2023-11-22T21:07:43.829+0000] {dag.py:2941} INFO - Sync 1 DAGs
[2023-11-22T21:07:43.847+0000] {logging_mixin.py:154} INFO - [2023-11-22T21:07:43.847+0000] {dag.py:3722} INFO - Setting next_dagrun for tutorial to 2023-11-21T21:07:43.847024+00:00, run_after=2023-11-22T21:07:43.847024+00:00
[2023-11-22T21:07:43.861+0000] {processor.py:179} INFO - Processing /home/airflow/.local/lib/python3.8/site-packages/airflow/example_dags/tutorial.py took 0.063 seconds
[2023-11-22T21:08:14.630+0000] {processor.py:157} INFO - Started process (PID=15125) to work on /home/airflow/.local/lib/python3.8/site-packages/airflow/example_dags/tutorial.py
[2023-11-22T21:08:14.631+0000] {processor.py:829} INFO - Processing file /home/airflow/.local/lib/python3.8/site-packages/airflow/example_dags/tutorial.py for tasks to queue
[2023-11-22T21:08:14.632+0000] {logging_mixin.py:154} INFO - [2023-11-22T21:08:14.632+0000] {dagbag.py:536} INFO - Filling up the DagBag from /home/airflow/.local/lib/python3.8/site-packages/airflow/example_dags/tutorial.py
[2023-11-22T21:08:14.638+0000] {processor.py:839} INFO - DAG(s) dict_keys(['tutorial']) retrieved from /home/airflow/.local/lib/python3.8/site-packages/airflow/example_dags/tutorial.py
[2023-11-22T21:08:14.660+0000] {logging_mixin.py:154} INFO - [2023-11-22T21:08:14.660+0000] {dag.py:2941} INFO - Sync 1 DAGs
[2023-11-22T21:08:14.678+0000] {logging_mixin.py:154} INFO - [2023-11-22T21:08:14.678+0000] {dag.py:3722} INFO - Setting next_dagrun for tutorial to 2023-11-21T21:08:14.678259+00:00, run_after=2023-11-22T21:08:14.678259+00:00
[2023-11-22T21:08:14.692+0000] {processor.py:179} INFO - Processing /home/airflow/.local/lib/python3.8/site-packages/airflow/example_dags/tutorial.py took 0.065 seconds
[2023-11-22T21:08:45.233+0000] {processor.py:157} INFO - Started process (PID=15363) to work on /home/airflow/.local/lib/python3.8/site-packages/airflow/example_dags/tutorial.py
[2023-11-22T21:08:45.235+0000] {processor.py:829} INFO - Processing file /home/airflow/.local/lib/python3.8/site-packages/airflow/example_dags/tutorial.py for tasks to queue
[2023-11-22T21:08:45.238+0000] {logging_mixin.py:154} INFO - [2023-11-22T21:08:45.237+0000] {dagbag.py:536} INFO - Filling up the DagBag from /home/airflow/.local/lib/python3.8/site-packages/airflow/example_dags/tutorial.py
[2023-11-22T21:08:45.252+0000] {processor.py:839} INFO - DAG(s) dict_keys(['tutorial']) retrieved from /home/airflow/.local/lib/python3.8/site-packages/airflow/example_dags/tutorial.py
[2023-11-22T21:08:45.301+0000] {logging_mixin.py:154} INFO - [2023-11-22T21:08:45.301+0000] {dag.py:2941} INFO - Sync 1 DAGs
[2023-11-22T21:08:45.340+0000] {logging_mixin.py:154} INFO - [2023-11-22T21:08:45.340+0000] {dag.py:3722} INFO - Setting next_dagrun for tutorial to 2023-11-21T21:08:45.339781+00:00, run_after=2023-11-22T21:08:45.339781+00:00
[2023-11-22T21:08:45.367+0000] {processor.py:179} INFO - Processing /home/airflow/.local/lib/python3.8/site-packages/airflow/example_dags/tutorial.py took 0.141 seconds
[2023-11-22T21:09:44.068+0000] {processor.py:157} INFO - Started process (PID=362) to work on /home/airflow/.local/lib/python3.8/site-packages/airflow/example_dags/tutorial.py
[2023-11-22T21:09:44.072+0000] {processor.py:829} INFO - Processing file /home/airflow/.local/lib/python3.8/site-packages/airflow/example_dags/tutorial.py for tasks to queue
[2023-11-22T21:09:44.073+0000] {logging_mixin.py:154} INFO - [2023-11-22T21:09:44.073+0000] {dagbag.py:536} INFO - Filling up the DagBag from /home/airflow/.local/lib/python3.8/site-packages/airflow/example_dags/tutorial.py
[2023-11-22T21:09:44.084+0000] {processor.py:839} INFO - DAG(s) dict_keys(['tutorial']) retrieved from /home/airflow/.local/lib/python3.8/site-packages/airflow/example_dags/tutorial.py
[2023-11-22T21:09:44.118+0000] {logging_mixin.py:154} INFO - [2023-11-22T21:09:44.118+0000] {dag.py:2941} INFO - Sync 1 DAGs
[2023-11-22T21:09:44.148+0000] {logging_mixin.py:154} INFO - [2023-11-22T21:09:44.148+0000] {dag.py:3722} INFO - Setting next_dagrun for tutorial to 2023-11-21T21:09:44.148153+00:00, run_after=2023-11-22T21:09:44.148153+00:00
[2023-11-22T21:09:44.178+0000] {processor.py:179} INFO - Processing /home/airflow/.local/lib/python3.8/site-packages/airflow/example_dags/tutorial.py took 0.115 seconds
[2023-11-22T21:10:15.202+0000] {processor.py:157} INFO - Started process (PID=601) to work on /home/airflow/.local/lib/python3.8/site-packages/airflow/example_dags/tutorial.py
[2023-11-22T21:10:15.204+0000] {processor.py:829} INFO - Processing file /home/airflow/.local/lib/python3.8/site-packages/airflow/example_dags/tutorial.py for tasks to queue
[2023-11-22T21:10:15.206+0000] {logging_mixin.py:154} INFO - [2023-11-22T21:10:15.205+0000] {dagbag.py:536} INFO - Filling up the DagBag from /home/airflow/.local/lib/python3.8/site-packages/airflow/example_dags/tutorial.py
[2023-11-22T21:10:15.215+0000] {processor.py:839} INFO - DAG(s) dict_keys(['tutorial']) retrieved from /home/airflow/.local/lib/python3.8/site-packages/airflow/example_dags/tutorial.py
[2023-11-22T21:10:15.238+0000] {logging_mixin.py:154} INFO - [2023-11-22T21:10:15.238+0000] {dag.py:2941} INFO - Sync 1 DAGs
[2023-11-22T21:10:15.255+0000] {logging_mixin.py:154} INFO - [2023-11-22T21:10:15.255+0000] {dag.py:3722} INFO - Setting next_dagrun for tutorial to 2023-11-21T21:10:15.255113+00:00, run_after=2023-11-22T21:10:15.255113+00:00
[2023-11-22T21:10:15.271+0000] {processor.py:179} INFO - Processing /home/airflow/.local/lib/python3.8/site-packages/airflow/example_dags/tutorial.py took 0.073 seconds
