[2023-11-22T23:47:30.972+0000] {processor.py:157} INFO - Started process (PID=675) to work on /opt/airflow/dags/dag_with_python_operator.py
[2023-11-22T23:47:30.973+0000] {processor.py:829} INFO - Processing file /opt/airflow/dags/dag_with_python_operator.py for tasks to queue
[2023-11-22T23:47:30.974+0000] {logging_mixin.py:154} INFO - [2023-11-22T23:47:30.974+0000] {dagbag.py:536} INFO - Filling up the DagBag from /opt/airflow/dags/dag_with_python_operator.py
[2023-11-22T23:47:30.980+0000] {logging_mixin.py:154} INFO - [2023-11-22T23:47:30.979+0000] {dagbag.py:346} ERROR - Failed to import: /opt/airflow/dags/dag_with_python_operator.py
Traceback (most recent call last):
  File "/home/airflow/.local/lib/python3.8/site-packages/airflow/models/dagbag.py", line 342, in parse
    loader.exec_module(new_module)
  File "<frozen importlib._bootstrap_external>", line 843, in exec_module
  File "<frozen importlib._bootstrap>", line 219, in _call_with_frames_removed
  File "/opt/airflow/dags/dag_with_python_operator.py", line 10, in <module>
    with DAG(
TypeError: __init__() missing 1 required positional argument: 'dag_id'
[2023-11-22T23:47:30.981+0000] {processor.py:841} WARNING - No viable dags retrieved from /opt/airflow/dags/dag_with_python_operator.py
[2023-11-22T23:47:31.000+0000] {processor.py:179} INFO - Processing /opt/airflow/dags/dag_with_python_operator.py took 0.031 seconds
[2023-11-22T23:48:01.255+0000] {processor.py:157} INFO - Started process (PID=687) to work on /opt/airflow/dags/dag_with_python_operator.py
[2023-11-22T23:48:01.258+0000] {processor.py:829} INFO - Processing file /opt/airflow/dags/dag_with_python_operator.py for tasks to queue
[2023-11-22T23:48:01.261+0000] {logging_mixin.py:154} INFO - [2023-11-22T23:48:01.259+0000] {dagbag.py:536} INFO - Filling up the DagBag from /opt/airflow/dags/dag_with_python_operator.py
[2023-11-22T23:48:01.270+0000] {logging_mixin.py:154} INFO - [2023-11-22T23:48:01.268+0000] {dagbag.py:346} ERROR - Failed to import: /opt/airflow/dags/dag_with_python_operator.py
Traceback (most recent call last):
  File "/home/airflow/.local/lib/python3.8/site-packages/airflow/models/dagbag.py", line 342, in parse
    loader.exec_module(new_module)
  File "<frozen importlib._bootstrap_external>", line 843, in exec_module
  File "<frozen importlib._bootstrap>", line 219, in _call_with_frames_removed
  File "/opt/airflow/dags/dag_with_python_operator.py", line 10, in <module>
    with DAG(
TypeError: __init__() missing 1 required positional argument: 'dag_id'
[2023-11-22T23:48:01.271+0000] {processor.py:841} WARNING - No viable dags retrieved from /opt/airflow/dags/dag_with_python_operator.py
[2023-11-22T23:48:01.294+0000] {processor.py:179} INFO - Processing /opt/airflow/dags/dag_with_python_operator.py took 0.046 seconds
[2023-11-22T23:48:31.621+0000] {processor.py:157} INFO - Started process (PID=704) to work on /opt/airflow/dags/dag_with_python_operator.py
[2023-11-22T23:48:31.622+0000] {processor.py:829} INFO - Processing file /opt/airflow/dags/dag_with_python_operator.py for tasks to queue
[2023-11-22T23:48:31.623+0000] {logging_mixin.py:154} INFO - [2023-11-22T23:48:31.623+0000] {dagbag.py:536} INFO - Filling up the DagBag from /opt/airflow/dags/dag_with_python_operator.py
[2023-11-22T23:48:31.630+0000] {logging_mixin.py:154} INFO - [2023-11-22T23:48:31.628+0000] {dagbag.py:346} ERROR - Failed to import: /opt/airflow/dags/dag_with_python_operator.py
Traceback (most recent call last):
  File "/home/airflow/.local/lib/python3.8/site-packages/airflow/models/dagbag.py", line 342, in parse
    loader.exec_module(new_module)
  File "<frozen importlib._bootstrap_external>", line 843, in exec_module
  File "<frozen importlib._bootstrap>", line 219, in _call_with_frames_removed
  File "/opt/airflow/dags/dag_with_python_operator.py", line 10, in <module>
    with DAG(
TypeError: __init__() missing 1 required positional argument: 'dag_id'
[2023-11-22T23:48:31.631+0000] {processor.py:841} WARNING - No viable dags retrieved from /opt/airflow/dags/dag_with_python_operator.py
[2023-11-22T23:48:31.653+0000] {processor.py:179} INFO - Processing /opt/airflow/dags/dag_with_python_operator.py took 0.037 seconds
[2023-11-22T23:49:02.002+0000] {processor.py:157} INFO - Started process (PID=721) to work on /opt/airflow/dags/dag_with_python_operator.py
[2023-11-22T23:49:02.003+0000] {processor.py:829} INFO - Processing file /opt/airflow/dags/dag_with_python_operator.py for tasks to queue
[2023-11-22T23:49:02.005+0000] {logging_mixin.py:154} INFO - [2023-11-22T23:49:02.004+0000] {dagbag.py:536} INFO - Filling up the DagBag from /opt/airflow/dags/dag_with_python_operator.py
[2023-11-22T23:49:02.015+0000] {logging_mixin.py:154} INFO - [2023-11-22T23:49:02.013+0000] {dagbag.py:346} ERROR - Failed to import: /opt/airflow/dags/dag_with_python_operator.py
Traceback (most recent call last):
  File "/home/airflow/.local/lib/python3.8/site-packages/airflow/models/dagbag.py", line 342, in parse
    loader.exec_module(new_module)
  File "<frozen importlib._bootstrap_external>", line 843, in exec_module
  File "<frozen importlib._bootstrap>", line 219, in _call_with_frames_removed
  File "/opt/airflow/dags/dag_with_python_operator.py", line 10, in <module>
    with DAG(
TypeError: __init__() missing 1 required positional argument: 'dag_id'
[2023-11-22T23:49:02.017+0000] {processor.py:841} WARNING - No viable dags retrieved from /opt/airflow/dags/dag_with_python_operator.py
[2023-11-22T23:49:02.043+0000] {processor.py:179} INFO - Processing /opt/airflow/dags/dag_with_python_operator.py took 0.049 seconds
[2023-11-22T23:49:18.236+0000] {processor.py:157} INFO - Started process (PID=731) to work on /opt/airflow/dags/dag_with_python_operator.py
[2023-11-22T23:49:18.237+0000] {processor.py:829} INFO - Processing file /opt/airflow/dags/dag_with_python_operator.py for tasks to queue
[2023-11-22T23:49:18.239+0000] {logging_mixin.py:154} INFO - [2023-11-22T23:49:18.238+0000] {dagbag.py:536} INFO - Filling up the DagBag from /opt/airflow/dags/dag_with_python_operator.py
[2023-11-22T23:49:18.247+0000] {logging_mixin.py:154} INFO - [2023-11-22T23:49:18.246+0000] {dagbag.py:346} ERROR - Failed to import: /opt/airflow/dags/dag_with_python_operator.py
Traceback (most recent call last):
  File "/home/airflow/.local/lib/python3.8/site-packages/airflow/models/dagbag.py", line 342, in parse
    loader.exec_module(new_module)
  File "<frozen importlib._bootstrap_external>", line 839, in exec_module
  File "<frozen importlib._bootstrap_external>", line 976, in get_code
  File "<frozen importlib._bootstrap_external>", line 906, in source_to_code
  File "<frozen importlib._bootstrap>", line 219, in _call_with_frames_removed
  File "/opt/airflow/dags/dag_with_python_operator.py", line 22
    task1=
         ^
SyntaxError: invalid syntax
[2023-11-22T23:49:18.247+0000] {processor.py:841} WARNING - No viable dags retrieved from /opt/airflow/dags/dag_with_python_operator.py
[2023-11-22T23:49:18.272+0000] {processor.py:179} INFO - Processing /opt/airflow/dags/dag_with_python_operator.py took 0.042 seconds
[2023-11-22T23:49:48.555+0000] {processor.py:157} INFO - Started process (PID=749) to work on /opt/airflow/dags/dag_with_python_operator.py
[2023-11-22T23:49:48.556+0000] {processor.py:829} INFO - Processing file /opt/airflow/dags/dag_with_python_operator.py for tasks to queue
[2023-11-22T23:49:48.557+0000] {logging_mixin.py:154} INFO - [2023-11-22T23:49:48.556+0000] {dagbag.py:536} INFO - Filling up the DagBag from /opt/airflow/dags/dag_with_python_operator.py
[2023-11-22T23:49:48.561+0000] {logging_mixin.py:154} INFO - [2023-11-22T23:49:48.560+0000] {dagbag.py:346} ERROR - Failed to import: /opt/airflow/dags/dag_with_python_operator.py
Traceback (most recent call last):
  File "/home/airflow/.local/lib/python3.8/site-packages/airflow/models/dagbag.py", line 342, in parse
    loader.exec_module(new_module)
  File "<frozen importlib._bootstrap_external>", line 839, in exec_module
  File "<frozen importlib._bootstrap_external>", line 976, in get_code
  File "<frozen importlib._bootstrap_external>", line 906, in source_to_code
  File "<frozen importlib._bootstrap>", line 219, in _call_with_frames_removed
  File "/opt/airflow/dags/dag_with_python_operator.py", line 22
    task1=
         ^
SyntaxError: invalid syntax
[2023-11-22T23:49:48.562+0000] {processor.py:841} WARNING - No viable dags retrieved from /opt/airflow/dags/dag_with_python_operator.py
[2023-11-22T23:49:48.582+0000] {processor.py:179} INFO - Processing /opt/airflow/dags/dag_with_python_operator.py took 0.031 seconds
[2023-11-22T23:50:18.834+0000] {processor.py:157} INFO - Started process (PID=766) to work on /opt/airflow/dags/dag_with_python_operator.py
[2023-11-22T23:50:18.835+0000] {processor.py:829} INFO - Processing file /opt/airflow/dags/dag_with_python_operator.py for tasks to queue
[2023-11-22T23:50:18.837+0000] {logging_mixin.py:154} INFO - [2023-11-22T23:50:18.836+0000] {dagbag.py:536} INFO - Filling up the DagBag from /opt/airflow/dags/dag_with_python_operator.py
[2023-11-22T23:50:18.844+0000] {logging_mixin.py:154} INFO - [2023-11-22T23:50:18.843+0000] {dagbag.py:346} ERROR - Failed to import: /opt/airflow/dags/dag_with_python_operator.py
Traceback (most recent call last):
  File "/home/airflow/.local/lib/python3.8/site-packages/airflow/models/dagbag.py", line 342, in parse
    loader.exec_module(new_module)
  File "<frozen importlib._bootstrap_external>", line 839, in exec_module
  File "<frozen importlib._bootstrap_external>", line 976, in get_code
  File "<frozen importlib._bootstrap_external>", line 906, in source_to_code
  File "<frozen importlib._bootstrap>", line 219, in _call_with_frames_removed
  File "/opt/airflow/dags/dag_with_python_operator.py", line 22
    task1=
         ^
SyntaxError: invalid syntax
[2023-11-22T23:50:18.845+0000] {processor.py:841} WARNING - No viable dags retrieved from /opt/airflow/dags/dag_with_python_operator.py
[2023-11-22T23:50:18.868+0000] {processor.py:179} INFO - Processing /opt/airflow/dags/dag_with_python_operator.py took 0.040 seconds
[2023-11-22T23:50:45.139+0000] {processor.py:157} INFO - Started process (PID=784) to work on /opt/airflow/dags/dag_with_python_operator.py
[2023-11-22T23:50:45.140+0000] {processor.py:829} INFO - Processing file /opt/airflow/dags/dag_with_python_operator.py for tasks to queue
[2023-11-22T23:50:45.142+0000] {logging_mixin.py:154} INFO - [2023-11-22T23:50:45.141+0000] {dagbag.py:536} INFO - Filling up the DagBag from /opt/airflow/dags/dag_with_python_operator.py
[2023-11-22T23:50:45.151+0000] {logging_mixin.py:154} INFO - [2023-11-22T23:50:45.149+0000] {dagbag.py:346} ERROR - Failed to import: /opt/airflow/dags/dag_with_python_operator.py
Traceback (most recent call last):
  File "/home/airflow/.local/lib/python3.8/site-packages/airflow/models/dagbag.py", line 342, in parse
    loader.exec_module(new_module)
  File "<frozen importlib._bootstrap_external>", line 843, in exec_module
  File "<frozen importlib._bootstrap>", line 219, in _call_with_frames_removed
  File "/opt/airflow/dags/dag_with_python_operator.py", line 3, in <module>
    from airflow.operators.bash import PythonOperator
ImportError: cannot import name 'PythonOperator' from 'airflow.operators.bash' (/home/airflow/.local/lib/python3.8/site-packages/airflow/operators/bash.py)
[2023-11-22T23:50:45.151+0000] {processor.py:841} WARNING - No viable dags retrieved from /opt/airflow/dags/dag_with_python_operator.py
[2023-11-22T23:50:45.173+0000] {processor.py:179} INFO - Processing /opt/airflow/dags/dag_with_python_operator.py took 0.039 seconds
[2023-11-22T23:51:15.510+0000] {processor.py:157} INFO - Started process (PID=800) to work on /opt/airflow/dags/dag_with_python_operator.py
[2023-11-22T23:51:15.511+0000] {processor.py:829} INFO - Processing file /opt/airflow/dags/dag_with_python_operator.py for tasks to queue
[2023-11-22T23:51:15.513+0000] {logging_mixin.py:154} INFO - [2023-11-22T23:51:15.512+0000] {dagbag.py:536} INFO - Filling up the DagBag from /opt/airflow/dags/dag_with_python_operator.py
[2023-11-22T23:51:15.519+0000] {logging_mixin.py:154} INFO - [2023-11-22T23:51:15.518+0000] {dagbag.py:346} ERROR - Failed to import: /opt/airflow/dags/dag_with_python_operator.py
Traceback (most recent call last):
  File "/home/airflow/.local/lib/python3.8/site-packages/airflow/models/dagbag.py", line 342, in parse
    loader.exec_module(new_module)
  File "<frozen importlib._bootstrap_external>", line 843, in exec_module
  File "<frozen importlib._bootstrap>", line 219, in _call_with_frames_removed
  File "/opt/airflow/dags/dag_with_python_operator.py", line 3, in <module>
    from airflow.operators.bash import PythonOperator
ImportError: cannot import name 'PythonOperator' from 'airflow.operators.bash' (/home/airflow/.local/lib/python3.8/site-packages/airflow/operators/bash.py)
[2023-11-22T23:51:15.520+0000] {processor.py:841} WARNING - No viable dags retrieved from /opt/airflow/dags/dag_with_python_operator.py
[2023-11-22T23:51:15.542+0000] {processor.py:179} INFO - Processing /opt/airflow/dags/dag_with_python_operator.py took 0.037 seconds
[2023-11-22T23:51:44.815+0000] {processor.py:157} INFO - Started process (PID=817) to work on /opt/airflow/dags/dag_with_python_operator.py
[2023-11-22T23:51:44.816+0000] {processor.py:829} INFO - Processing file /opt/airflow/dags/dag_with_python_operator.py for tasks to queue
[2023-11-22T23:51:44.817+0000] {logging_mixin.py:154} INFO - [2023-11-22T23:51:44.817+0000] {dagbag.py:536} INFO - Filling up the DagBag from /opt/airflow/dags/dag_with_python_operator.py
[2023-11-22T23:51:44.831+0000] {processor.py:839} INFO - DAG(s) dict_keys(['our_dag_with_python_operator_v01']) retrieved from /opt/airflow/dags/dag_with_python_operator.py
[2023-11-22T23:51:44.929+0000] {logging_mixin.py:154} INFO - [2023-11-22T23:51:44.929+0000] {manager.py:499} INFO - Created Permission View: %s
[2023-11-22T23:51:44.937+0000] {logging_mixin.py:154} INFO - [2023-11-22T23:51:44.937+0000] {manager.py:499} INFO - Created Permission View: %s
[2023-11-22T23:51:44.941+0000] {logging_mixin.py:154} INFO - [2023-11-22T23:51:44.941+0000] {manager.py:499} INFO - Created Permission View: %s
[2023-11-22T23:51:44.942+0000] {logging_mixin.py:154} INFO - [2023-11-22T23:51:44.942+0000] {dag.py:2941} INFO - Sync 1 DAGs
[2023-11-22T23:51:44.950+0000] {logging_mixin.py:154} INFO - [2023-11-22T23:51:44.950+0000] {dag.py:2963} INFO - Creating ORM DAG for our_dag_with_python_operator_v01
[2023-11-22T23:51:44.959+0000] {logging_mixin.py:154} INFO - [2023-11-22T23:51:44.959+0000] {dag.py:3722} INFO - Setting next_dagrun for our_dag_with_python_operator_v01 to 2023-11-23T00:00:00+00:00, run_after=2023-11-24T00:00:00+00:00
[2023-11-22T23:51:44.971+0000] {processor.py:179} INFO - Processing /opt/airflow/dags/dag_with_python_operator.py took 0.159 seconds
[2023-11-22T23:52:02.066+0000] {processor.py:157} INFO - Started process (PID=830) to work on /opt/airflow/dags/dag_with_python_operator.py
[2023-11-22T23:52:02.068+0000] {processor.py:829} INFO - Processing file /opt/airflow/dags/dag_with_python_operator.py for tasks to queue
[2023-11-22T23:52:02.069+0000] {logging_mixin.py:154} INFO - [2023-11-22T23:52:02.068+0000] {dagbag.py:536} INFO - Filling up the DagBag from /opt/airflow/dags/dag_with_python_operator.py
[2023-11-22T23:52:02.078+0000] {logging_mixin.py:154} INFO - [2023-11-22T23:52:02.077+0000] {dagbag.py:346} ERROR - Failed to import: /opt/airflow/dags/dag_with_python_operator.py
Traceback (most recent call last):
  File "/home/airflow/.local/lib/python3.8/site-packages/airflow/models/dagbag.py", line 342, in parse
    loader.exec_module(new_module)
  File "<frozen importlib._bootstrap_external>", line 839, in exec_module
  File "<frozen importlib._bootstrap_external>", line 976, in get_code
  File "<frozen importlib._bootstrap_external>", line 906, in source_to_code
  File "<frozen importlib._bootstrap>", line 219, in _call_with_frames_removed
  File "/opt/airflow/dags/dag_with_python_operator.py", line 19
    schedule_interval=='@daily'
    ^
SyntaxError: positional argument follows keyword argument
[2023-11-22T23:52:02.079+0000] {processor.py:841} WARNING - No viable dags retrieved from /opt/airflow/dags/dag_with_python_operator.py
[2023-11-22T23:52:02.104+0000] {processor.py:179} INFO - Processing /opt/airflow/dags/dag_with_python_operator.py took 0.043 seconds
[2023-11-22T23:52:24.456+0000] {processor.py:157} INFO - Started process (PID=847) to work on /opt/airflow/dags/dag_with_python_operator.py
[2023-11-22T23:52:24.458+0000] {processor.py:829} INFO - Processing file /opt/airflow/dags/dag_with_python_operator.py for tasks to queue
[2023-11-22T23:52:24.460+0000] {logging_mixin.py:154} INFO - [2023-11-22T23:52:24.459+0000] {dagbag.py:536} INFO - Filling up the DagBag from /opt/airflow/dags/dag_with_python_operator.py
[2023-11-22T23:52:24.467+0000] {logging_mixin.py:154} INFO - [2023-11-22T23:52:24.466+0000] {dagbag.py:346} ERROR - Failed to import: /opt/airflow/dags/dag_with_python_operator.py
Traceback (most recent call last):
  File "/home/airflow/.local/lib/python3.8/site-packages/airflow/models/dagbag.py", line 342, in parse
    loader.exec_module(new_module)
  File "<frozen importlib._bootstrap_external>", line 839, in exec_module
  File "<frozen importlib._bootstrap_external>", line 976, in get_code
  File "<frozen importlib._bootstrap_external>", line 906, in source_to_code
  File "<frozen importlib._bootstrap>", line 219, in _call_with_frames_removed
  File "/opt/airflow/dags/dag_with_python_operator.py", line 19
    schedule_interval=='@daily'
    ^
SyntaxError: positional argument follows keyword argument
[2023-11-22T23:52:24.468+0000] {processor.py:841} WARNING - No viable dags retrieved from /opt/airflow/dags/dag_with_python_operator.py
[2023-11-22T23:52:24.491+0000] {processor.py:179} INFO - Processing /opt/airflow/dags/dag_with_python_operator.py took 0.041 seconds
[2023-11-22T23:52:46.733+0000] {processor.py:157} INFO - Started process (PID=857) to work on /opt/airflow/dags/dag_with_python_operator.py
[2023-11-22T23:52:46.734+0000] {processor.py:829} INFO - Processing file /opt/airflow/dags/dag_with_python_operator.py for tasks to queue
[2023-11-22T23:52:46.735+0000] {logging_mixin.py:154} INFO - [2023-11-22T23:52:46.735+0000] {dagbag.py:536} INFO - Filling up the DagBag from /opt/airflow/dags/dag_with_python_operator.py
[2023-11-22T23:52:46.753+0000] {processor.py:839} INFO - DAG(s) dict_keys(['our_dag_with_python_operator_v01']) retrieved from /opt/airflow/dags/dag_with_python_operator.py
[2023-11-22T23:52:46.777+0000] {logging_mixin.py:154} INFO - [2023-11-22T23:52:46.777+0000] {dag.py:2941} INFO - Sync 1 DAGs
[2023-11-22T23:52:46.794+0000] {logging_mixin.py:154} INFO - [2023-11-22T23:52:46.794+0000] {dag.py:3722} INFO - Setting next_dagrun for our_dag_with_python_operator_v01 to 2023-11-23T00:00:00+00:00, run_after=2023-11-24T00:00:00+00:00
[2023-11-22T23:52:46.807+0000] {processor.py:179} INFO - Processing /opt/airflow/dags/dag_with_python_operator.py took 0.079 seconds
[2023-11-22T23:53:17.130+0000] {processor.py:157} INFO - Started process (PID=874) to work on /opt/airflow/dags/dag_with_python_operator.py
[2023-11-22T23:53:17.132+0000] {processor.py:829} INFO - Processing file /opt/airflow/dags/dag_with_python_operator.py for tasks to queue
[2023-11-22T23:53:17.133+0000] {logging_mixin.py:154} INFO - [2023-11-22T23:53:17.133+0000] {dagbag.py:536} INFO - Filling up the DagBag from /opt/airflow/dags/dag_with_python_operator.py
[2023-11-22T23:53:17.150+0000] {processor.py:839} INFO - DAG(s) dict_keys(['our_dag_with_python_operator_v01']) retrieved from /opt/airflow/dags/dag_with_python_operator.py
[2023-11-22T23:53:17.177+0000] {logging_mixin.py:154} INFO - [2023-11-22T23:53:17.177+0000] {dag.py:2941} INFO - Sync 1 DAGs
[2023-11-22T23:53:17.196+0000] {logging_mixin.py:154} INFO - [2023-11-22T23:53:17.196+0000] {dag.py:3722} INFO - Setting next_dagrun for our_dag_with_python_operator_v01 to 2023-11-23T00:00:00+00:00, run_after=2023-11-24T00:00:00+00:00
[2023-11-22T23:53:17.209+0000] {processor.py:179} INFO - Processing /opt/airflow/dags/dag_with_python_operator.py took 0.084 seconds
[2023-11-22T23:53:47.526+0000] {processor.py:157} INFO - Started process (PID=891) to work on /opt/airflow/dags/dag_with_python_operator.py
[2023-11-22T23:53:47.527+0000] {processor.py:829} INFO - Processing file /opt/airflow/dags/dag_with_python_operator.py for tasks to queue
[2023-11-22T23:53:47.528+0000] {logging_mixin.py:154} INFO - [2023-11-22T23:53:47.528+0000] {dagbag.py:536} INFO - Filling up the DagBag from /opt/airflow/dags/dag_with_python_operator.py
[2023-11-22T23:53:47.543+0000] {processor.py:839} INFO - DAG(s) dict_keys(['our_dag_with_python_operator_v01']) retrieved from /opt/airflow/dags/dag_with_python_operator.py
[2023-11-22T23:53:47.569+0000] {logging_mixin.py:154} INFO - [2023-11-22T23:53:47.569+0000] {dag.py:2941} INFO - Sync 1 DAGs
[2023-11-22T23:53:47.586+0000] {logging_mixin.py:154} INFO - [2023-11-22T23:53:47.586+0000] {dag.py:3722} INFO - Setting next_dagrun for our_dag_with_python_operator_v01 to 2023-11-23T00:00:00+00:00, run_after=2023-11-24T00:00:00+00:00
[2023-11-22T23:53:47.599+0000] {processor.py:179} INFO - Processing /opt/airflow/dags/dag_with_python_operator.py took 0.078 seconds
[2023-11-22T23:54:17.955+0000] {processor.py:157} INFO - Started process (PID=908) to work on /opt/airflow/dags/dag_with_python_operator.py
[2023-11-22T23:54:17.956+0000] {processor.py:829} INFO - Processing file /opt/airflow/dags/dag_with_python_operator.py for tasks to queue
[2023-11-22T23:54:17.957+0000] {logging_mixin.py:154} INFO - [2023-11-22T23:54:17.956+0000] {dagbag.py:536} INFO - Filling up the DagBag from /opt/airflow/dags/dag_with_python_operator.py
[2023-11-22T23:54:17.968+0000] {processor.py:839} INFO - DAG(s) dict_keys(['our_dag_with_python_operator_v01']) retrieved from /opt/airflow/dags/dag_with_python_operator.py
[2023-11-22T23:54:17.992+0000] {logging_mixin.py:154} INFO - [2023-11-22T23:54:17.992+0000] {dag.py:2941} INFO - Sync 1 DAGs
[2023-11-22T23:54:18.010+0000] {logging_mixin.py:154} INFO - [2023-11-22T23:54:18.010+0000] {dag.py:3722} INFO - Setting next_dagrun for our_dag_with_python_operator_v01 to 2023-11-23T00:00:00+00:00, run_after=2023-11-24T00:00:00+00:00
[2023-11-22T23:54:18.023+0000] {processor.py:179} INFO - Processing /opt/airflow/dags/dag_with_python_operator.py took 0.071 seconds
[2023-11-22T23:54:48.306+0000] {processor.py:157} INFO - Started process (PID=926) to work on /opt/airflow/dags/dag_with_python_operator.py
[2023-11-22T23:54:48.307+0000] {processor.py:829} INFO - Processing file /opt/airflow/dags/dag_with_python_operator.py for tasks to queue
[2023-11-22T23:54:48.309+0000] {logging_mixin.py:154} INFO - [2023-11-22T23:54:48.308+0000] {dagbag.py:536} INFO - Filling up the DagBag from /opt/airflow/dags/dag_with_python_operator.py
[2023-11-22T23:54:48.322+0000] {processor.py:839} INFO - DAG(s) dict_keys(['our_dag_with_python_operator_v01']) retrieved from /opt/airflow/dags/dag_with_python_operator.py
[2023-11-22T23:54:48.347+0000] {logging_mixin.py:154} INFO - [2023-11-22T23:54:48.347+0000] {dag.py:2941} INFO - Sync 1 DAGs
[2023-11-22T23:54:48.364+0000] {logging_mixin.py:154} INFO - [2023-11-22T23:54:48.364+0000] {dag.py:3722} INFO - Setting next_dagrun for our_dag_with_python_operator_v01 to 2023-11-23T00:00:00+00:00, run_after=2023-11-24T00:00:00+00:00
[2023-11-22T23:54:48.376+0000] {processor.py:179} INFO - Processing /opt/airflow/dags/dag_with_python_operator.py took 0.075 seconds
[2023-11-22T23:55:18.667+0000] {processor.py:157} INFO - Started process (PID=943) to work on /opt/airflow/dags/dag_with_python_operator.py
[2023-11-22T23:55:18.669+0000] {processor.py:829} INFO - Processing file /opt/airflow/dags/dag_with_python_operator.py for tasks to queue
[2023-11-22T23:55:18.670+0000] {logging_mixin.py:154} INFO - [2023-11-22T23:55:18.670+0000] {dagbag.py:536} INFO - Filling up the DagBag from /opt/airflow/dags/dag_with_python_operator.py
[2023-11-22T23:55:18.687+0000] {processor.py:839} INFO - DAG(s) dict_keys(['our_dag_with_python_operator_v01']) retrieved from /opt/airflow/dags/dag_with_python_operator.py
[2023-11-22T23:55:18.713+0000] {logging_mixin.py:154} INFO - [2023-11-22T23:55:18.712+0000] {dag.py:2941} INFO - Sync 1 DAGs
[2023-11-22T23:55:18.729+0000] {logging_mixin.py:154} INFO - [2023-11-22T23:55:18.729+0000] {dag.py:3722} INFO - Setting next_dagrun for our_dag_with_python_operator_v01 to 2023-11-23T00:00:00+00:00, run_after=2023-11-24T00:00:00+00:00
[2023-11-22T23:55:18.741+0000] {processor.py:179} INFO - Processing /opt/airflow/dags/dag_with_python_operator.py took 0.079 seconds
[2023-11-22T23:55:49.050+0000] {processor.py:157} INFO - Started process (PID=960) to work on /opt/airflow/dags/dag_with_python_operator.py
[2023-11-22T23:55:49.051+0000] {processor.py:829} INFO - Processing file /opt/airflow/dags/dag_with_python_operator.py for tasks to queue
[2023-11-22T23:55:49.052+0000] {logging_mixin.py:154} INFO - [2023-11-22T23:55:49.052+0000] {dagbag.py:536} INFO - Filling up the DagBag from /opt/airflow/dags/dag_with_python_operator.py
[2023-11-22T23:55:49.068+0000] {processor.py:839} INFO - DAG(s) dict_keys(['our_dag_with_python_operator_v01']) retrieved from /opt/airflow/dags/dag_with_python_operator.py
[2023-11-22T23:55:49.093+0000] {logging_mixin.py:154} INFO - [2023-11-22T23:55:49.093+0000] {dag.py:2941} INFO - Sync 1 DAGs
[2023-11-22T23:55:49.110+0000] {logging_mixin.py:154} INFO - [2023-11-22T23:55:49.110+0000] {dag.py:3722} INFO - Setting next_dagrun for our_dag_with_python_operator_v01 to 2023-11-23T00:00:00+00:00, run_after=2023-11-24T00:00:00+00:00
[2023-11-22T23:55:49.123+0000] {processor.py:179} INFO - Processing /opt/airflow/dags/dag_with_python_operator.py took 0.078 seconds
[2023-11-22T23:56:19.427+0000] {processor.py:157} INFO - Started process (PID=977) to work on /opt/airflow/dags/dag_with_python_operator.py
[2023-11-22T23:56:19.428+0000] {processor.py:829} INFO - Processing file /opt/airflow/dags/dag_with_python_operator.py for tasks to queue
[2023-11-22T23:56:19.429+0000] {logging_mixin.py:154} INFO - [2023-11-22T23:56:19.428+0000] {dagbag.py:536} INFO - Filling up the DagBag from /opt/airflow/dags/dag_with_python_operator.py
[2023-11-22T23:56:19.443+0000] {processor.py:839} INFO - DAG(s) dict_keys(['our_dag_with_python_operator_v01']) retrieved from /opt/airflow/dags/dag_with_python_operator.py
[2023-11-22T23:56:19.468+0000] {logging_mixin.py:154} INFO - [2023-11-22T23:56:19.468+0000] {dag.py:2941} INFO - Sync 1 DAGs
[2023-11-22T23:56:19.485+0000] {logging_mixin.py:154} INFO - [2023-11-22T23:56:19.485+0000] {dag.py:3722} INFO - Setting next_dagrun for our_dag_with_python_operator_v01 to 2023-11-23T00:00:00+00:00, run_after=2023-11-24T00:00:00+00:00
[2023-11-22T23:56:19.498+0000] {processor.py:179} INFO - Processing /opt/airflow/dags/dag_with_python_operator.py took 0.076 seconds
[2023-11-22T23:56:49.826+0000] {processor.py:157} INFO - Started process (PID=993) to work on /opt/airflow/dags/dag_with_python_operator.py
[2023-11-22T23:56:49.828+0000] {processor.py:829} INFO - Processing file /opt/airflow/dags/dag_with_python_operator.py for tasks to queue
[2023-11-22T23:56:49.829+0000] {logging_mixin.py:154} INFO - [2023-11-22T23:56:49.828+0000] {dagbag.py:536} INFO - Filling up the DagBag from /opt/airflow/dags/dag_with_python_operator.py
[2023-11-22T23:56:49.845+0000] {processor.py:839} INFO - DAG(s) dict_keys(['our_dag_with_python_operator_v01']) retrieved from /opt/airflow/dags/dag_with_python_operator.py
[2023-11-22T23:56:49.872+0000] {logging_mixin.py:154} INFO - [2023-11-22T23:56:49.872+0000] {dag.py:2941} INFO - Sync 1 DAGs
[2023-11-22T23:56:49.890+0000] {logging_mixin.py:154} INFO - [2023-11-22T23:56:49.890+0000] {dag.py:3722} INFO - Setting next_dagrun for our_dag_with_python_operator_v01 to 2023-11-23T00:00:00+00:00, run_after=2023-11-24T00:00:00+00:00
[2023-11-22T23:56:49.903+0000] {processor.py:179} INFO - Processing /opt/airflow/dags/dag_with_python_operator.py took 0.082 seconds
[2023-11-22T23:57:20.225+0000] {processor.py:157} INFO - Started process (PID=1010) to work on /opt/airflow/dags/dag_with_python_operator.py
[2023-11-22T23:57:20.227+0000] {processor.py:829} INFO - Processing file /opt/airflow/dags/dag_with_python_operator.py for tasks to queue
[2023-11-22T23:57:20.228+0000] {logging_mixin.py:154} INFO - [2023-11-22T23:57:20.227+0000] {dagbag.py:536} INFO - Filling up the DagBag from /opt/airflow/dags/dag_with_python_operator.py
[2023-11-22T23:57:20.242+0000] {processor.py:839} INFO - DAG(s) dict_keys(['our_dag_with_python_operator_v01']) retrieved from /opt/airflow/dags/dag_with_python_operator.py
[2023-11-22T23:57:20.270+0000] {logging_mixin.py:154} INFO - [2023-11-22T23:57:20.270+0000] {dag.py:2941} INFO - Sync 1 DAGs
[2023-11-22T23:57:20.288+0000] {logging_mixin.py:154} INFO - [2023-11-22T23:57:20.288+0000] {dag.py:3722} INFO - Setting next_dagrun for our_dag_with_python_operator_v01 to 2023-11-23T00:00:00+00:00, run_after=2023-11-24T00:00:00+00:00
[2023-11-22T23:57:20.299+0000] {processor.py:179} INFO - Processing /opt/airflow/dags/dag_with_python_operator.py took 0.079 seconds
[2023-11-22T23:57:50.720+0000] {processor.py:157} INFO - Started process (PID=1027) to work on /opt/airflow/dags/dag_with_python_operator.py
[2023-11-22T23:57:50.722+0000] {processor.py:829} INFO - Processing file /opt/airflow/dags/dag_with_python_operator.py for tasks to queue
[2023-11-22T23:57:50.723+0000] {logging_mixin.py:154} INFO - [2023-11-22T23:57:50.722+0000] {dagbag.py:536} INFO - Filling up the DagBag from /opt/airflow/dags/dag_with_python_operator.py
[2023-11-22T23:57:50.737+0000] {processor.py:839} INFO - DAG(s) dict_keys(['our_dag_with_python_operator_v01']) retrieved from /opt/airflow/dags/dag_with_python_operator.py
[2023-11-22T23:57:50.762+0000] {logging_mixin.py:154} INFO - [2023-11-22T23:57:50.762+0000] {dag.py:2941} INFO - Sync 1 DAGs
[2023-11-22T23:57:50.779+0000] {logging_mixin.py:154} INFO - [2023-11-22T23:57:50.778+0000] {dag.py:3722} INFO - Setting next_dagrun for our_dag_with_python_operator_v01 to 2023-11-23T00:00:00+00:00, run_after=2023-11-24T00:00:00+00:00
[2023-11-22T23:57:50.791+0000] {processor.py:179} INFO - Processing /opt/airflow/dags/dag_with_python_operator.py took 0.075 seconds
[2023-11-22T23:58:21.076+0000] {processor.py:157} INFO - Started process (PID=1044) to work on /opt/airflow/dags/dag_with_python_operator.py
[2023-11-22T23:58:21.078+0000] {processor.py:829} INFO - Processing file /opt/airflow/dags/dag_with_python_operator.py for tasks to queue
[2023-11-22T23:58:21.081+0000] {logging_mixin.py:154} INFO - [2023-11-22T23:58:21.079+0000] {dagbag.py:536} INFO - Filling up the DagBag from /opt/airflow/dags/dag_with_python_operator.py
[2023-11-22T23:58:21.110+0000] {processor.py:839} INFO - DAG(s) dict_keys(['our_dag_with_python_operator_v01']) retrieved from /opt/airflow/dags/dag_with_python_operator.py
[2023-11-22T23:58:21.146+0000] {logging_mixin.py:154} INFO - [2023-11-22T23:58:21.146+0000] {dag.py:2941} INFO - Sync 1 DAGs
[2023-11-22T23:58:21.169+0000] {logging_mixin.py:154} INFO - [2023-11-22T23:58:21.169+0000] {dag.py:3722} INFO - Setting next_dagrun for our_dag_with_python_operator_v01 to 2023-11-23T00:00:00+00:00, run_after=2023-11-24T00:00:00+00:00
[2023-11-22T23:58:21.184+0000] {processor.py:179} INFO - Processing /opt/airflow/dags/dag_with_python_operator.py took 0.114 seconds
[2023-11-22T23:58:51.376+0000] {processor.py:157} INFO - Started process (PID=1062) to work on /opt/airflow/dags/dag_with_python_operator.py
[2023-11-22T23:58:51.378+0000] {processor.py:829} INFO - Processing file /opt/airflow/dags/dag_with_python_operator.py for tasks to queue
[2023-11-22T23:58:51.379+0000] {logging_mixin.py:154} INFO - [2023-11-22T23:58:51.378+0000] {dagbag.py:536} INFO - Filling up the DagBag from /opt/airflow/dags/dag_with_python_operator.py
[2023-11-22T23:58:51.394+0000] {processor.py:839} INFO - DAG(s) dict_keys(['our_dag_with_python_operator_v01']) retrieved from /opt/airflow/dags/dag_with_python_operator.py
[2023-11-22T23:58:51.426+0000] {logging_mixin.py:154} INFO - [2023-11-22T23:58:51.426+0000] {dag.py:2941} INFO - Sync 1 DAGs
[2023-11-22T23:58:51.446+0000] {logging_mixin.py:154} INFO - [2023-11-22T23:58:51.446+0000] {dag.py:3722} INFO - Setting next_dagrun for our_dag_with_python_operator_v01 to 2023-11-23T00:00:00+00:00, run_after=2023-11-24T00:00:00+00:00
[2023-11-22T23:58:51.460+0000] {processor.py:179} INFO - Processing /opt/airflow/dags/dag_with_python_operator.py took 0.090 seconds
[2023-11-22T23:59:21.754+0000] {processor.py:157} INFO - Started process (PID=1079) to work on /opt/airflow/dags/dag_with_python_operator.py
[2023-11-22T23:59:21.755+0000] {processor.py:829} INFO - Processing file /opt/airflow/dags/dag_with_python_operator.py for tasks to queue
[2023-11-22T23:59:21.757+0000] {logging_mixin.py:154} INFO - [2023-11-22T23:59:21.756+0000] {dagbag.py:536} INFO - Filling up the DagBag from /opt/airflow/dags/dag_with_python_operator.py
[2023-11-22T23:59:21.774+0000] {processor.py:839} INFO - DAG(s) dict_keys(['our_dag_with_python_operator_v01']) retrieved from /opt/airflow/dags/dag_with_python_operator.py
[2023-11-22T23:59:21.802+0000] {logging_mixin.py:154} INFO - [2023-11-22T23:59:21.801+0000] {dag.py:2941} INFO - Sync 1 DAGs
[2023-11-22T23:59:21.821+0000] {logging_mixin.py:154} INFO - [2023-11-22T23:59:21.821+0000] {dag.py:3722} INFO - Setting next_dagrun for our_dag_with_python_operator_v01 to 2023-11-23T00:00:00+00:00, run_after=2023-11-24T00:00:00+00:00
[2023-11-22T23:59:21.834+0000] {processor.py:179} INFO - Processing /opt/airflow/dags/dag_with_python_operator.py took 0.086 seconds
[2023-11-22T23:59:52.139+0000] {processor.py:157} INFO - Started process (PID=1096) to work on /opt/airflow/dags/dag_with_python_operator.py
[2023-11-22T23:59:52.140+0000] {processor.py:829} INFO - Processing file /opt/airflow/dags/dag_with_python_operator.py for tasks to queue
[2023-11-22T23:59:52.142+0000] {logging_mixin.py:154} INFO - [2023-11-22T23:59:52.141+0000] {dagbag.py:536} INFO - Filling up the DagBag from /opt/airflow/dags/dag_with_python_operator.py
[2023-11-22T23:59:52.157+0000] {processor.py:839} INFO - DAG(s) dict_keys(['our_dag_with_python_operator_v01']) retrieved from /opt/airflow/dags/dag_with_python_operator.py
[2023-11-22T23:59:52.181+0000] {logging_mixin.py:154} INFO - [2023-11-22T23:59:52.181+0000] {dag.py:2941} INFO - Sync 1 DAGs
[2023-11-22T23:59:52.198+0000] {logging_mixin.py:154} INFO - [2023-11-22T23:59:52.198+0000] {dag.py:3722} INFO - Setting next_dagrun for our_dag_with_python_operator_v01 to 2023-11-23T00:00:00+00:00, run_after=2023-11-24T00:00:00+00:00
[2023-11-22T23:59:52.211+0000] {processor.py:179} INFO - Processing /opt/airflow/dags/dag_with_python_operator.py took 0.076 seconds
