[2023-11-22T23:27:30.421+0000] {processor.py:157} INFO - Started process (PID=164) to work on /opt/airflow/dags/first_dag.py
[2023-11-22T23:27:30.422+0000] {processor.py:829} INFO - Processing file /opt/airflow/dags/first_dag.py for tasks to queue
[2023-11-22T23:27:30.423+0000] {logging_mixin.py:154} INFO - [2023-11-22T23:27:30.422+0000] {dagbag.py:536} INFO - Filling up the DagBag from /opt/airflow/dags/first_dag.py
[2023-11-22T23:27:30.443+0000] {processor.py:839} INFO - DAG(s) dict_keys(['our_first_dag']) retrieved from /opt/airflow/dags/first_dag.py
[2023-11-22T23:27:30.620+0000] {logging_mixin.py:154} INFO - [2023-11-22T23:27:30.619+0000] {manager.py:499} INFO - Created Permission View: %s
[2023-11-22T23:27:30.625+0000] {logging_mixin.py:154} INFO - [2023-11-22T23:27:30.625+0000] {manager.py:499} INFO - Created Permission View: %s
[2023-11-22T23:27:30.629+0000] {logging_mixin.py:154} INFO - [2023-11-22T23:27:30.629+0000] {manager.py:499} INFO - Created Permission View: %s
[2023-11-22T23:27:30.629+0000] {logging_mixin.py:154} INFO - [2023-11-22T23:27:30.629+0000] {dag.py:2941} INFO - Sync 1 DAGs
[2023-11-22T23:27:30.637+0000] {logging_mixin.py:154} INFO - [2023-11-22T23:27:30.637+0000] {dag.py:2963} INFO - Creating ORM DAG for our_first_dag
[2023-11-22T23:27:30.644+0000] {logging_mixin.py:154} INFO - [2023-11-22T23:27:30.644+0000] {dag.py:3722} INFO - Setting next_dagrun for our_first_dag to 2023-11-24T00:00:00+00:00, run_after=2023-11-25T00:00:00+00:00
[2023-11-22T23:27:30.656+0000] {processor.py:179} INFO - Processing /opt/airflow/dags/first_dag.py took 0.238 seconds
[2023-11-22T23:28:00.896+0000] {processor.py:157} INFO - Started process (PID=176) to work on /opt/airflow/dags/first_dag.py
[2023-11-22T23:28:00.897+0000] {processor.py:829} INFO - Processing file /opt/airflow/dags/first_dag.py for tasks to queue
[2023-11-22T23:28:00.898+0000] {logging_mixin.py:154} INFO - [2023-11-22T23:28:00.898+0000] {dagbag.py:536} INFO - Filling up the DagBag from /opt/airflow/dags/first_dag.py
[2023-11-22T23:28:00.918+0000] {processor.py:839} INFO - DAG(s) dict_keys(['our_first_dag']) retrieved from /opt/airflow/dags/first_dag.py
[2023-11-22T23:28:00.948+0000] {logging_mixin.py:154} INFO - [2023-11-22T23:28:00.948+0000] {dag.py:2941} INFO - Sync 1 DAGs
[2023-11-22T23:28:00.970+0000] {logging_mixin.py:154} INFO - [2023-11-22T23:28:00.969+0000] {dag.py:3722} INFO - Setting next_dagrun for our_first_dag to 2023-11-24T00:00:00+00:00, run_after=2023-11-25T00:00:00+00:00
[2023-11-22T23:28:00.983+0000] {processor.py:179} INFO - Processing /opt/airflow/dags/first_dag.py took 0.094 seconds
[2023-11-22T23:28:05.954+0000] {processor.py:157} INFO - Started process (PID=181) to work on /opt/airflow/dags/first_dag.py
[2023-11-22T23:28:05.955+0000] {processor.py:829} INFO - Processing file /opt/airflow/dags/first_dag.py for tasks to queue
[2023-11-22T23:28:05.957+0000] {logging_mixin.py:154} INFO - [2023-11-22T23:28:05.956+0000] {dagbag.py:536} INFO - Filling up the DagBag from /opt/airflow/dags/first_dag.py
[2023-11-22T23:28:05.975+0000] {processor.py:839} INFO - DAG(s) dict_keys(['our_first_dag']) retrieved from /opt/airflow/dags/first_dag.py
[2023-11-22T23:28:06.000+0000] {logging_mixin.py:154} INFO - [2023-11-22T23:28:06.000+0000] {dag.py:2941} INFO - Sync 1 DAGs
[2023-11-22T23:28:06.017+0000] {logging_mixin.py:154} INFO - [2023-11-22T23:28:06.017+0000] {dag.py:3722} INFO - Setting next_dagrun for our_first_dag to 2023-11-24T00:00:00+00:00, run_after=2023-11-25T00:00:00+00:00
[2023-11-22T23:28:06.031+0000] {processor.py:179} INFO - Processing /opt/airflow/dags/first_dag.py took 0.083 seconds
[2023-11-22T23:28:36.226+0000] {processor.py:157} INFO - Started process (PID=193) to work on /opt/airflow/dags/first_dag.py
[2023-11-22T23:28:36.228+0000] {processor.py:829} INFO - Processing file /opt/airflow/dags/first_dag.py for tasks to queue
[2023-11-22T23:28:36.229+0000] {logging_mixin.py:154} INFO - [2023-11-22T23:28:36.229+0000] {dagbag.py:536} INFO - Filling up the DagBag from /opt/airflow/dags/first_dag.py
[2023-11-22T23:28:36.250+0000] {processor.py:839} INFO - DAG(s) dict_keys(['our_first_dag']) retrieved from /opt/airflow/dags/first_dag.py
[2023-11-22T23:28:36.276+0000] {logging_mixin.py:154} INFO - [2023-11-22T23:28:36.276+0000] {dag.py:2941} INFO - Sync 1 DAGs
[2023-11-22T23:28:36.295+0000] {logging_mixin.py:154} INFO - [2023-11-22T23:28:36.295+0000] {dag.py:3722} INFO - Setting next_dagrun for our_first_dag to 2023-11-24T00:00:00+00:00, run_after=2023-11-25T00:00:00+00:00
[2023-11-22T23:28:36.307+0000] {processor.py:179} INFO - Processing /opt/airflow/dags/first_dag.py took 0.087 seconds
[2023-11-22T23:29:06.543+0000] {processor.py:157} INFO - Started process (PID=205) to work on /opt/airflow/dags/first_dag.py
[2023-11-22T23:29:06.544+0000] {processor.py:829} INFO - Processing file /opt/airflow/dags/first_dag.py for tasks to queue
[2023-11-22T23:29:06.545+0000] {logging_mixin.py:154} INFO - [2023-11-22T23:29:06.545+0000] {dagbag.py:536} INFO - Filling up the DagBag from /opt/airflow/dags/first_dag.py
[2023-11-22T23:29:06.561+0000] {processor.py:839} INFO - DAG(s) dict_keys(['our_first_dag']) retrieved from /opt/airflow/dags/first_dag.py
[2023-11-22T23:29:06.590+0000] {logging_mixin.py:154} INFO - [2023-11-22T23:29:06.590+0000] {dag.py:2941} INFO - Sync 1 DAGs
[2023-11-22T23:29:06.608+0000] {logging_mixin.py:154} INFO - [2023-11-22T23:29:06.608+0000] {dag.py:3722} INFO - Setting next_dagrun for our_first_dag to 2023-11-24T00:00:00+00:00, run_after=2023-11-25T00:00:00+00:00
[2023-11-22T23:29:06.621+0000] {processor.py:179} INFO - Processing /opt/airflow/dags/first_dag.py took 0.083 seconds
[2023-11-22T23:29:36.816+0000] {processor.py:157} INFO - Started process (PID=217) to work on /opt/airflow/dags/first_dag.py
[2023-11-22T23:29:36.818+0000] {processor.py:829} INFO - Processing file /opt/airflow/dags/first_dag.py for tasks to queue
[2023-11-22T23:29:36.819+0000] {logging_mixin.py:154} INFO - [2023-11-22T23:29:36.819+0000] {dagbag.py:536} INFO - Filling up the DagBag from /opt/airflow/dags/first_dag.py
[2023-11-22T23:29:36.839+0000] {processor.py:839} INFO - DAG(s) dict_keys(['our_first_dag']) retrieved from /opt/airflow/dags/first_dag.py
[2023-11-22T23:29:36.867+0000] {logging_mixin.py:154} INFO - [2023-11-22T23:29:36.867+0000] {dag.py:2941} INFO - Sync 1 DAGs
[2023-11-22T23:29:36.886+0000] {logging_mixin.py:154} INFO - [2023-11-22T23:29:36.886+0000] {dag.py:3722} INFO - Setting next_dagrun for our_first_dag to 2023-11-24T00:00:00+00:00, run_after=2023-11-25T00:00:00+00:00
[2023-11-22T23:29:36.899+0000] {processor.py:179} INFO - Processing /opt/airflow/dags/first_dag.py took 0.087 seconds
[2023-11-22T23:30:07.114+0000] {processor.py:157} INFO - Started process (PID=229) to work on /opt/airflow/dags/first_dag.py
[2023-11-22T23:30:07.115+0000] {processor.py:829} INFO - Processing file /opt/airflow/dags/first_dag.py for tasks to queue
[2023-11-22T23:30:07.116+0000] {logging_mixin.py:154} INFO - [2023-11-22T23:30:07.116+0000] {dagbag.py:536} INFO - Filling up the DagBag from /opt/airflow/dags/first_dag.py
[2023-11-22T23:30:07.133+0000] {processor.py:839} INFO - DAG(s) dict_keys(['our_first_dag']) retrieved from /opt/airflow/dags/first_dag.py
[2023-11-22T23:30:07.161+0000] {logging_mixin.py:154} INFO - [2023-11-22T23:30:07.161+0000] {dag.py:2941} INFO - Sync 1 DAGs
[2023-11-22T23:30:07.182+0000] {logging_mixin.py:154} INFO - [2023-11-22T23:30:07.182+0000] {dag.py:3722} INFO - Setting next_dagrun for our_first_dag to 2023-11-24T00:00:00+00:00, run_after=2023-11-25T00:00:00+00:00
[2023-11-22T23:30:07.197+0000] {processor.py:179} INFO - Processing /opt/airflow/dags/first_dag.py took 0.087 seconds
[2023-11-22T23:30:09.147+0000] {processor.py:157} INFO - Started process (PID=234) to work on /opt/airflow/dags/first_dag.py
[2023-11-22T23:30:09.148+0000] {processor.py:829} INFO - Processing file /opt/airflow/dags/first_dag.py for tasks to queue
[2023-11-22T23:30:09.149+0000] {logging_mixin.py:154} INFO - [2023-11-22T23:30:09.149+0000] {dagbag.py:536} INFO - Filling up the DagBag from /opt/airflow/dags/first_dag.py
[2023-11-22T23:30:09.165+0000] {processor.py:839} INFO - DAG(s) dict_keys(['our_first_dag']) retrieved from /opt/airflow/dags/first_dag.py
[2023-11-22T23:30:09.253+0000] {logging_mixin.py:154} INFO - [2023-11-22T23:30:09.253+0000] {dag.py:2941} INFO - Sync 1 DAGs
[2023-11-22T23:30:09.268+0000] {logging_mixin.py:154} INFO - [2023-11-22T23:30:09.268+0000] {dag.py:3722} INFO - Setting next_dagrun for our_first_dag to 2023-11-23T00:00:00+00:00, run_after=2023-11-24T00:00:00+00:00
[2023-11-22T23:30:09.284+0000] {processor.py:179} INFO - Processing /opt/airflow/dags/first_dag.py took 0.140 seconds
[2023-11-22T23:30:39.544+0000] {processor.py:157} INFO - Started process (PID=246) to work on /opt/airflow/dags/first_dag.py
[2023-11-22T23:30:39.545+0000] {processor.py:829} INFO - Processing file /opt/airflow/dags/first_dag.py for tasks to queue
[2023-11-22T23:30:39.547+0000] {logging_mixin.py:154} INFO - [2023-11-22T23:30:39.546+0000] {dagbag.py:536} INFO - Filling up the DagBag from /opt/airflow/dags/first_dag.py
[2023-11-22T23:30:39.565+0000] {processor.py:839} INFO - DAG(s) dict_keys(['our_first_dag']) retrieved from /opt/airflow/dags/first_dag.py
[2023-11-22T23:30:39.593+0000] {logging_mixin.py:154} INFO - [2023-11-22T23:30:39.593+0000] {dag.py:2941} INFO - Sync 1 DAGs
[2023-11-22T23:30:39.613+0000] {logging_mixin.py:154} INFO - [2023-11-22T23:30:39.612+0000] {dag.py:3722} INFO - Setting next_dagrun for our_first_dag to 2023-11-23T00:00:00+00:00, run_after=2023-11-24T00:00:00+00:00
[2023-11-22T23:30:39.626+0000] {processor.py:179} INFO - Processing /opt/airflow/dags/first_dag.py took 0.088 seconds
[2023-11-22T23:31:09.839+0000] {processor.py:157} INFO - Started process (PID=261) to work on /opt/airflow/dags/first_dag.py
[2023-11-22T23:31:09.840+0000] {processor.py:829} INFO - Processing file /opt/airflow/dags/first_dag.py for tasks to queue
[2023-11-22T23:31:09.842+0000] {logging_mixin.py:154} INFO - [2023-11-22T23:31:09.841+0000] {dagbag.py:536} INFO - Filling up the DagBag from /opt/airflow/dags/first_dag.py
[2023-11-22T23:31:09.862+0000] {processor.py:839} INFO - DAG(s) dict_keys(['our_first_dag']) retrieved from /opt/airflow/dags/first_dag.py
[2023-11-22T23:31:09.890+0000] {logging_mixin.py:154} INFO - [2023-11-22T23:31:09.890+0000] {dag.py:2941} INFO - Sync 1 DAGs
[2023-11-22T23:31:09.911+0000] {logging_mixin.py:154} INFO - [2023-11-22T23:31:09.910+0000] {dag.py:3722} INFO - Setting next_dagrun for our_first_dag to 2023-11-23T00:00:00+00:00, run_after=2023-11-24T00:00:00+00:00
[2023-11-22T23:31:09.924+0000] {processor.py:179} INFO - Processing /opt/airflow/dags/first_dag.py took 0.091 seconds
[2023-11-22T23:31:40.142+0000] {processor.py:157} INFO - Started process (PID=274) to work on /opt/airflow/dags/first_dag.py
[2023-11-22T23:31:40.145+0000] {processor.py:829} INFO - Processing file /opt/airflow/dags/first_dag.py for tasks to queue
[2023-11-22T23:31:40.147+0000] {logging_mixin.py:154} INFO - [2023-11-22T23:31:40.146+0000] {dagbag.py:536} INFO - Filling up the DagBag from /opt/airflow/dags/first_dag.py
[2023-11-22T23:31:40.167+0000] {processor.py:839} INFO - DAG(s) dict_keys(['our_first_dag']) retrieved from /opt/airflow/dags/first_dag.py
[2023-11-22T23:31:40.195+0000] {logging_mixin.py:154} INFO - [2023-11-22T23:31:40.195+0000] {dag.py:2941} INFO - Sync 1 DAGs
[2023-11-22T23:31:40.216+0000] {logging_mixin.py:154} INFO - [2023-11-22T23:31:40.216+0000] {dag.py:3722} INFO - Setting next_dagrun for our_first_dag to 2023-11-23T00:00:00+00:00, run_after=2023-11-24T00:00:00+00:00
[2023-11-22T23:31:40.229+0000] {processor.py:179} INFO - Processing /opt/airflow/dags/first_dag.py took 0.091 seconds
[2023-11-22T23:32:10.498+0000] {processor.py:157} INFO - Started process (PID=286) to work on /opt/airflow/dags/first_dag.py
[2023-11-22T23:32:10.499+0000] {processor.py:829} INFO - Processing file /opt/airflow/dags/first_dag.py for tasks to queue
[2023-11-22T23:32:10.501+0000] {logging_mixin.py:154} INFO - [2023-11-22T23:32:10.500+0000] {dagbag.py:536} INFO - Filling up the DagBag from /opt/airflow/dags/first_dag.py
[2023-11-22T23:32:10.519+0000] {processor.py:839} INFO - DAG(s) dict_keys(['our_first_dag']) retrieved from /opt/airflow/dags/first_dag.py
[2023-11-22T23:32:10.548+0000] {logging_mixin.py:154} INFO - [2023-11-22T23:32:10.548+0000] {dag.py:2941} INFO - Sync 1 DAGs
[2023-11-22T23:32:10.568+0000] {logging_mixin.py:154} INFO - [2023-11-22T23:32:10.568+0000] {dag.py:3722} INFO - Setting next_dagrun for our_first_dag to 2023-11-23T00:00:00+00:00, run_after=2023-11-24T00:00:00+00:00
[2023-11-22T23:32:10.582+0000] {processor.py:179} INFO - Processing /opt/airflow/dags/first_dag.py took 0.091 seconds
[2023-11-22T23:32:40.818+0000] {processor.py:157} INFO - Started process (PID=298) to work on /opt/airflow/dags/first_dag.py
[2023-11-22T23:32:40.819+0000] {processor.py:829} INFO - Processing file /opt/airflow/dags/first_dag.py for tasks to queue
[2023-11-22T23:32:40.820+0000] {logging_mixin.py:154} INFO - [2023-11-22T23:32:40.820+0000] {dagbag.py:536} INFO - Filling up the DagBag from /opt/airflow/dags/first_dag.py
[2023-11-22T23:32:40.838+0000] {processor.py:839} INFO - DAG(s) dict_keys(['our_first_dag']) retrieved from /opt/airflow/dags/first_dag.py
[2023-11-22T23:32:40.864+0000] {logging_mixin.py:154} INFO - [2023-11-22T23:32:40.864+0000] {dag.py:2941} INFO - Sync 1 DAGs
[2023-11-22T23:32:40.881+0000] {logging_mixin.py:154} INFO - [2023-11-22T23:32:40.881+0000] {dag.py:3722} INFO - Setting next_dagrun for our_first_dag to 2023-11-23T00:00:00+00:00, run_after=2023-11-24T00:00:00+00:00
[2023-11-22T23:32:40.894+0000] {processor.py:179} INFO - Processing /opt/airflow/dags/first_dag.py took 0.081 seconds
[2023-11-22T23:33:11.144+0000] {processor.py:157} INFO - Started process (PID=310) to work on /opt/airflow/dags/first_dag.py
[2023-11-22T23:33:11.146+0000] {processor.py:829} INFO - Processing file /opt/airflow/dags/first_dag.py for tasks to queue
[2023-11-22T23:33:11.148+0000] {logging_mixin.py:154} INFO - [2023-11-22T23:33:11.147+0000] {dagbag.py:536} INFO - Filling up the DagBag from /opt/airflow/dags/first_dag.py
[2023-11-22T23:33:11.175+0000] {processor.py:839} INFO - DAG(s) dict_keys(['our_first_dag']) retrieved from /opt/airflow/dags/first_dag.py
[2023-11-22T23:33:11.207+0000] {logging_mixin.py:154} INFO - [2023-11-22T23:33:11.206+0000] {dag.py:2941} INFO - Sync 1 DAGs
[2023-11-22T23:33:11.226+0000] {logging_mixin.py:154} INFO - [2023-11-22T23:33:11.226+0000] {dag.py:3722} INFO - Setting next_dagrun for our_first_dag to 2023-11-23T00:00:00+00:00, run_after=2023-11-24T00:00:00+00:00
[2023-11-22T23:33:11.240+0000] {processor.py:179} INFO - Processing /opt/airflow/dags/first_dag.py took 0.101 seconds
[2023-11-22T23:33:41.426+0000] {processor.py:157} INFO - Started process (PID=323) to work on /opt/airflow/dags/first_dag.py
[2023-11-22T23:33:41.427+0000] {processor.py:829} INFO - Processing file /opt/airflow/dags/first_dag.py for tasks to queue
[2023-11-22T23:33:41.428+0000] {logging_mixin.py:154} INFO - [2023-11-22T23:33:41.428+0000] {dagbag.py:536} INFO - Filling up the DagBag from /opt/airflow/dags/first_dag.py
[2023-11-22T23:33:41.440+0000] {processor.py:839} INFO - DAG(s) dict_keys(['our_first_dag']) retrieved from /opt/airflow/dags/first_dag.py
[2023-11-22T23:33:41.466+0000] {logging_mixin.py:154} INFO - [2023-11-22T23:33:41.466+0000] {dag.py:2941} INFO - Sync 1 DAGs
[2023-11-22T23:33:41.486+0000] {logging_mixin.py:154} INFO - [2023-11-22T23:33:41.486+0000] {dag.py:3722} INFO - Setting next_dagrun for our_first_dag to 2023-11-23T00:00:00+00:00, run_after=2023-11-24T00:00:00+00:00
[2023-11-22T23:33:41.499+0000] {processor.py:179} INFO - Processing /opt/airflow/dags/first_dag.py took 0.076 seconds
[2023-11-22T23:34:11.760+0000] {processor.py:157} INFO - Started process (PID=335) to work on /opt/airflow/dags/first_dag.py
[2023-11-22T23:34:11.762+0000] {processor.py:829} INFO - Processing file /opt/airflow/dags/first_dag.py for tasks to queue
[2023-11-22T23:34:11.763+0000] {logging_mixin.py:154} INFO - [2023-11-22T23:34:11.763+0000] {dagbag.py:536} INFO - Filling up the DagBag from /opt/airflow/dags/first_dag.py
[2023-11-22T23:34:11.781+0000] {processor.py:839} INFO - DAG(s) dict_keys(['our_first_dag']) retrieved from /opt/airflow/dags/first_dag.py
[2023-11-22T23:34:11.808+0000] {logging_mixin.py:154} INFO - [2023-11-22T23:34:11.808+0000] {dag.py:2941} INFO - Sync 1 DAGs
[2023-11-22T23:34:11.826+0000] {logging_mixin.py:154} INFO - [2023-11-22T23:34:11.826+0000] {dag.py:3722} INFO - Setting next_dagrun for our_first_dag to 2023-11-23T00:00:00+00:00, run_after=2023-11-24T00:00:00+00:00
[2023-11-22T23:34:11.838+0000] {processor.py:179} INFO - Processing /opt/airflow/dags/first_dag.py took 0.083 seconds
[2023-11-22T23:34:42.058+0000] {processor.py:157} INFO - Started process (PID=347) to work on /opt/airflow/dags/first_dag.py
[2023-11-22T23:34:42.059+0000] {processor.py:829} INFO - Processing file /opt/airflow/dags/first_dag.py for tasks to queue
[2023-11-22T23:34:42.061+0000] {logging_mixin.py:154} INFO - [2023-11-22T23:34:42.060+0000] {dagbag.py:536} INFO - Filling up the DagBag from /opt/airflow/dags/first_dag.py
[2023-11-22T23:34:42.080+0000] {processor.py:839} INFO - DAG(s) dict_keys(['our_first_dag']) retrieved from /opt/airflow/dags/first_dag.py
[2023-11-22T23:34:42.109+0000] {logging_mixin.py:154} INFO - [2023-11-22T23:34:42.109+0000] {dag.py:2941} INFO - Sync 1 DAGs
[2023-11-22T23:34:42.128+0000] {logging_mixin.py:154} INFO - [2023-11-22T23:34:42.128+0000] {dag.py:3722} INFO - Setting next_dagrun for our_first_dag to 2023-11-23T00:00:00+00:00, run_after=2023-11-24T00:00:00+00:00
[2023-11-22T23:34:42.141+0000] {processor.py:179} INFO - Processing /opt/airflow/dags/first_dag.py took 0.089 seconds
[2023-11-22T23:35:12.381+0000] {processor.py:157} INFO - Started process (PID=359) to work on /opt/airflow/dags/first_dag.py
[2023-11-22T23:35:12.383+0000] {processor.py:829} INFO - Processing file /opt/airflow/dags/first_dag.py for tasks to queue
[2023-11-22T23:35:12.385+0000] {logging_mixin.py:154} INFO - [2023-11-22T23:35:12.384+0000] {dagbag.py:536} INFO - Filling up the DagBag from /opt/airflow/dags/first_dag.py
[2023-11-22T23:35:12.401+0000] {processor.py:839} INFO - DAG(s) dict_keys(['our_first_dag']) retrieved from /opt/airflow/dags/first_dag.py
[2023-11-22T23:35:12.430+0000] {logging_mixin.py:154} INFO - [2023-11-22T23:35:12.430+0000] {dag.py:2941} INFO - Sync 1 DAGs
[2023-11-22T23:35:12.448+0000] {logging_mixin.py:154} INFO - [2023-11-22T23:35:12.448+0000] {dag.py:3722} INFO - Setting next_dagrun for our_first_dag to 2023-11-23T00:00:00+00:00, run_after=2023-11-24T00:00:00+00:00
[2023-11-22T23:35:12.468+0000] {processor.py:179} INFO - Processing /opt/airflow/dags/first_dag.py took 0.092 seconds
[2023-11-22T23:35:42.642+0000] {processor.py:157} INFO - Started process (PID=371) to work on /opt/airflow/dags/first_dag.py
[2023-11-22T23:35:42.643+0000] {processor.py:829} INFO - Processing file /opt/airflow/dags/first_dag.py for tasks to queue
[2023-11-22T23:35:42.644+0000] {logging_mixin.py:154} INFO - [2023-11-22T23:35:42.644+0000] {dagbag.py:536} INFO - Filling up the DagBag from /opt/airflow/dags/first_dag.py
[2023-11-22T23:35:42.658+0000] {processor.py:839} INFO - DAG(s) dict_keys(['our_first_dag']) retrieved from /opt/airflow/dags/first_dag.py
[2023-11-22T23:35:42.693+0000] {logging_mixin.py:154} INFO - [2023-11-22T23:35:42.693+0000] {dag.py:2941} INFO - Sync 1 DAGs
[2023-11-22T23:35:42.716+0000] {logging_mixin.py:154} INFO - [2023-11-22T23:35:42.715+0000] {dag.py:3722} INFO - Setting next_dagrun for our_first_dag to 2023-11-23T00:00:00+00:00, run_after=2023-11-24T00:00:00+00:00
[2023-11-22T23:35:42.731+0000] {processor.py:179} INFO - Processing /opt/airflow/dags/first_dag.py took 0.093 seconds
[2023-11-22T23:36:12.970+0000] {processor.py:157} INFO - Started process (PID=382) to work on /opt/airflow/dags/first_dag.py
[2023-11-22T23:36:12.971+0000] {processor.py:829} INFO - Processing file /opt/airflow/dags/first_dag.py for tasks to queue
[2023-11-22T23:36:12.972+0000] {logging_mixin.py:154} INFO - [2023-11-22T23:36:12.972+0000] {dagbag.py:536} INFO - Filling up the DagBag from /opt/airflow/dags/first_dag.py
[2023-11-22T23:36:12.984+0000] {processor.py:839} INFO - DAG(s) dict_keys(['our_first_dag']) retrieved from /opt/airflow/dags/first_dag.py
[2023-11-22T23:36:13.010+0000] {logging_mixin.py:154} INFO - [2023-11-22T23:36:13.010+0000] {dag.py:2941} INFO - Sync 1 DAGs
[2023-11-22T23:36:13.027+0000] {logging_mixin.py:154} INFO - [2023-11-22T23:36:13.027+0000] {dag.py:3722} INFO - Setting next_dagrun for our_first_dag to 2023-11-23T00:00:00+00:00, run_after=2023-11-24T00:00:00+00:00
[2023-11-22T23:36:13.049+0000] {processor.py:179} INFO - Processing /opt/airflow/dags/first_dag.py took 0.083 seconds
[2023-11-22T23:36:43.247+0000] {processor.py:157} INFO - Started process (PID=394) to work on /opt/airflow/dags/first_dag.py
[2023-11-22T23:36:43.249+0000] {processor.py:829} INFO - Processing file /opt/airflow/dags/first_dag.py for tasks to queue
[2023-11-22T23:36:43.250+0000] {logging_mixin.py:154} INFO - [2023-11-22T23:36:43.250+0000] {dagbag.py:536} INFO - Filling up the DagBag from /opt/airflow/dags/first_dag.py
[2023-11-22T23:36:43.270+0000] {processor.py:839} INFO - DAG(s) dict_keys(['our_first_dag']) retrieved from /opt/airflow/dags/first_dag.py
[2023-11-22T23:36:43.302+0000] {logging_mixin.py:154} INFO - [2023-11-22T23:36:43.302+0000] {dag.py:2941} INFO - Sync 1 DAGs
[2023-11-22T23:36:43.327+0000] {logging_mixin.py:154} INFO - [2023-11-22T23:36:43.327+0000] {dag.py:3722} INFO - Setting next_dagrun for our_first_dag to 2023-11-23T00:00:00+00:00, run_after=2023-11-24T00:00:00+00:00
[2023-11-22T23:36:43.363+0000] {processor.py:179} INFO - Processing /opt/airflow/dags/first_dag.py took 0.122 seconds
[2023-11-22T23:36:49.372+0000] {processor.py:157} INFO - Started process (PID=399) to work on /opt/airflow/dags/first_dag.py
[2023-11-22T23:36:49.373+0000] {processor.py:829} INFO - Processing file /opt/airflow/dags/first_dag.py for tasks to queue
[2023-11-22T23:36:49.375+0000] {logging_mixin.py:154} INFO - [2023-11-22T23:36:49.374+0000] {dagbag.py:536} INFO - Filling up the DagBag from /opt/airflow/dags/first_dag.py
[2023-11-22T23:36:49.381+0000] {logging_mixin.py:154} INFO - [2023-11-22T23:36:49.380+0000] {dagbag.py:346} ERROR - Failed to import: /opt/airflow/dags/first_dag.py
Traceback (most recent call last):
  File "/home/airflow/.local/lib/python3.8/site-packages/airflow/models/dagbag.py", line 342, in parse
    loader.exec_module(new_module)
  File "<frozen importlib._bootstrap_external>", line 839, in exec_module
  File "<frozen importlib._bootstrap_external>", line 976, in get_code
  File "<frozen importlib._bootstrap_external>", line 906, in source_to_code
  File "<frozen importlib._bootstrap>", line 219, in _call_with_frames_removed
  File "/opt/airflow/dags/first_dag.py", line 28
    bash_command='im the second task, i will be running after the succesfull completion of task 1'
    ^
SyntaxError: invalid syntax
[2023-11-22T23:36:49.382+0000] {processor.py:841} WARNING - No viable dags retrieved from /opt/airflow/dags/first_dag.py
[2023-11-22T23:36:49.403+0000] {processor.py:179} INFO - Processing /opt/airflow/dags/first_dag.py took 0.037 seconds
[2023-11-22T23:37:19.680+0000] {processor.py:157} INFO - Started process (PID=412) to work on /opt/airflow/dags/first_dag.py
[2023-11-22T23:37:19.681+0000] {processor.py:829} INFO - Processing file /opt/airflow/dags/first_dag.py for tasks to queue
[2023-11-22T23:37:19.683+0000] {logging_mixin.py:154} INFO - [2023-11-22T23:37:19.682+0000] {dagbag.py:536} INFO - Filling up the DagBag from /opt/airflow/dags/first_dag.py
[2023-11-22T23:37:19.691+0000] {logging_mixin.py:154} INFO - [2023-11-22T23:37:19.689+0000] {dagbag.py:346} ERROR - Failed to import: /opt/airflow/dags/first_dag.py
Traceback (most recent call last):
  File "/home/airflow/.local/lib/python3.8/site-packages/airflow/models/dagbag.py", line 342, in parse
    loader.exec_module(new_module)
  File "<frozen importlib._bootstrap_external>", line 839, in exec_module
  File "<frozen importlib._bootstrap_external>", line 976, in get_code
  File "<frozen importlib._bootstrap_external>", line 906, in source_to_code
  File "<frozen importlib._bootstrap>", line 219, in _call_with_frames_removed
  File "/opt/airflow/dags/first_dag.py", line 28
    bash_command='im the second task, i will be running after the succesfull completion of task 1'
    ^
SyntaxError: invalid syntax
[2023-11-22T23:37:19.692+0000] {processor.py:841} WARNING - No viable dags retrieved from /opt/airflow/dags/first_dag.py
[2023-11-22T23:37:19.719+0000] {processor.py:179} INFO - Processing /opt/airflow/dags/first_dag.py took 0.045 seconds
[2023-11-22T23:37:24.718+0000] {processor.py:157} INFO - Started process (PID=424) to work on /opt/airflow/dags/first_dag.py
[2023-11-22T23:37:24.719+0000] {processor.py:829} INFO - Processing file /opt/airflow/dags/first_dag.py for tasks to queue
[2023-11-22T23:37:24.720+0000] {logging_mixin.py:154} INFO - [2023-11-22T23:37:24.720+0000] {dagbag.py:536} INFO - Filling up the DagBag from /opt/airflow/dags/first_dag.py
[2023-11-22T23:37:24.724+0000] {logging_mixin.py:154} INFO - [2023-11-22T23:37:24.723+0000] {dagbag.py:346} ERROR - Failed to import: /opt/airflow/dags/first_dag.py
Traceback (most recent call last):
  File "/home/airflow/.local/lib/python3.8/site-packages/airflow/models/dagbag.py", line 342, in parse
    loader.exec_module(new_module)
  File "<frozen importlib._bootstrap_external>", line 839, in exec_module
  File "<frozen importlib._bootstrap_external>", line 976, in get_code
  File "<frozen importlib._bootstrap_external>", line 906, in source_to_code
  File "<frozen importlib._bootstrap>", line 219, in _call_with_frames_removed
  File "/opt/airflow/dags/first_dag.py", line 28
    bash_command='im the second task, i will be running after the succesfull completion of task 1'
    ^
SyntaxError: invalid syntax
[2023-11-22T23:37:24.724+0000] {processor.py:841} WARNING - No viable dags retrieved from /opt/airflow/dags/first_dag.py
[2023-11-22T23:37:24.744+0000] {processor.py:179} INFO - Processing /opt/airflow/dags/first_dag.py took 0.028 seconds
[2023-11-22T23:37:55.013+0000] {processor.py:157} INFO - Started process (PID=437) to work on /opt/airflow/dags/first_dag.py
[2023-11-22T23:37:55.014+0000] {processor.py:829} INFO - Processing file /opt/airflow/dags/first_dag.py for tasks to queue
[2023-11-22T23:37:55.015+0000] {logging_mixin.py:154} INFO - [2023-11-22T23:37:55.015+0000] {dagbag.py:536} INFO - Filling up the DagBag from /opt/airflow/dags/first_dag.py
[2023-11-22T23:37:55.020+0000] {logging_mixin.py:154} INFO - [2023-11-22T23:37:55.019+0000] {dagbag.py:346} ERROR - Failed to import: /opt/airflow/dags/first_dag.py
Traceback (most recent call last):
  File "/home/airflow/.local/lib/python3.8/site-packages/airflow/models/dagbag.py", line 342, in parse
    loader.exec_module(new_module)
  File "<frozen importlib._bootstrap_external>", line 839, in exec_module
  File "<frozen importlib._bootstrap_external>", line 976, in get_code
  File "<frozen importlib._bootstrap_external>", line 906, in source_to_code
  File "<frozen importlib._bootstrap>", line 219, in _call_with_frames_removed
  File "/opt/airflow/dags/first_dag.py", line 28
    bash_command='im the second task, i will be running after the succesfull completion of task 1'
    ^
SyntaxError: invalid syntax
[2023-11-22T23:37:55.021+0000] {processor.py:841} WARNING - No viable dags retrieved from /opt/airflow/dags/first_dag.py
[2023-11-22T23:37:55.041+0000] {processor.py:179} INFO - Processing /opt/airflow/dags/first_dag.py took 0.032 seconds
[2023-11-22T23:38:03.095+0000] {processor.py:157} INFO - Started process (PID=442) to work on /opt/airflow/dags/first_dag.py
[2023-11-22T23:38:03.097+0000] {processor.py:829} INFO - Processing file /opt/airflow/dags/first_dag.py for tasks to queue
[2023-11-22T23:38:03.098+0000] {logging_mixin.py:154} INFO - [2023-11-22T23:38:03.098+0000] {dagbag.py:536} INFO - Filling up the DagBag from /opt/airflow/dags/first_dag.py
[2023-11-22T23:38:03.124+0000] {processor.py:839} INFO - DAG(s) dict_keys(['our_first_dagv2']) retrieved from /opt/airflow/dags/first_dag.py
[2023-11-22T23:38:03.249+0000] {logging_mixin.py:154} INFO - [2023-11-22T23:38:03.249+0000] {manager.py:499} INFO - Created Permission View: %s
[2023-11-22T23:38:03.264+0000] {logging_mixin.py:154} INFO - [2023-11-22T23:38:03.263+0000] {manager.py:499} INFO - Created Permission View: %s
[2023-11-22T23:38:03.275+0000] {logging_mixin.py:154} INFO - [2023-11-22T23:38:03.275+0000] {manager.py:499} INFO - Created Permission View: %s
[2023-11-22T23:38:03.276+0000] {logging_mixin.py:154} INFO - [2023-11-22T23:38:03.276+0000] {dag.py:2941} INFO - Sync 1 DAGs
[2023-11-22T23:38:03.288+0000] {logging_mixin.py:154} INFO - [2023-11-22T23:38:03.287+0000] {dag.py:2963} INFO - Creating ORM DAG for our_first_dagv2
[2023-11-22T23:38:03.299+0000] {logging_mixin.py:154} INFO - [2023-11-22T23:38:03.299+0000] {dag.py:3722} INFO - Setting next_dagrun for our_first_dagv2 to 2023-11-23T00:00:00+00:00, run_after=2023-11-24T00:00:00+00:00
[2023-11-22T23:38:03.315+0000] {processor.py:179} INFO - Processing /opt/airflow/dags/first_dag.py took 0.224 seconds
[2023-11-22T23:38:33.590+0000] {processor.py:157} INFO - Started process (PID=455) to work on /opt/airflow/dags/first_dag.py
[2023-11-22T23:38:33.592+0000] {processor.py:829} INFO - Processing file /opt/airflow/dags/first_dag.py for tasks to queue
[2023-11-22T23:38:33.593+0000] {logging_mixin.py:154} INFO - [2023-11-22T23:38:33.593+0000] {dagbag.py:536} INFO - Filling up the DagBag from /opt/airflow/dags/first_dag.py
[2023-11-22T23:38:33.613+0000] {processor.py:839} INFO - DAG(s) dict_keys(['our_first_dagv2']) retrieved from /opt/airflow/dags/first_dag.py
[2023-11-22T23:38:33.641+0000] {logging_mixin.py:154} INFO - [2023-11-22T23:38:33.641+0000] {dag.py:2941} INFO - Sync 1 DAGs
[2023-11-22T23:38:33.658+0000] {logging_mixin.py:154} INFO - [2023-11-22T23:38:33.658+0000] {dag.py:3722} INFO - Setting next_dagrun for our_first_dagv2 to 2023-11-23T00:00:00+00:00, run_after=2023-11-24T00:00:00+00:00
[2023-11-22T23:38:33.670+0000] {processor.py:179} INFO - Processing /opt/airflow/dags/first_dag.py took 0.086 seconds
[2023-11-22T23:39:03.871+0000] {processor.py:157} INFO - Started process (PID=467) to work on /opt/airflow/dags/first_dag.py
[2023-11-22T23:39:03.873+0000] {processor.py:829} INFO - Processing file /opt/airflow/dags/first_dag.py for tasks to queue
[2023-11-22T23:39:03.874+0000] {logging_mixin.py:154} INFO - [2023-11-22T23:39:03.874+0000] {dagbag.py:536} INFO - Filling up the DagBag from /opt/airflow/dags/first_dag.py
[2023-11-22T23:39:03.892+0000] {processor.py:839} INFO - DAG(s) dict_keys(['our_first_dagv2']) retrieved from /opt/airflow/dags/first_dag.py
[2023-11-22T23:39:03.918+0000] {logging_mixin.py:154} INFO - [2023-11-22T23:39:03.918+0000] {dag.py:2941} INFO - Sync 1 DAGs
[2023-11-22T23:39:03.934+0000] {logging_mixin.py:154} INFO - [2023-11-22T23:39:03.934+0000] {dag.py:3722} INFO - Setting next_dagrun for our_first_dagv2 to 2023-11-23T00:00:00+00:00, run_after=2023-11-24T00:00:00+00:00
[2023-11-22T23:39:03.947+0000] {processor.py:179} INFO - Processing /opt/airflow/dags/first_dag.py took 0.082 seconds
[2023-11-22T23:39:34.209+0000] {processor.py:157} INFO - Started process (PID=479) to work on /opt/airflow/dags/first_dag.py
[2023-11-22T23:39:34.210+0000] {processor.py:829} INFO - Processing file /opt/airflow/dags/first_dag.py for tasks to queue
[2023-11-22T23:39:34.211+0000] {logging_mixin.py:154} INFO - [2023-11-22T23:39:34.210+0000] {dagbag.py:536} INFO - Filling up the DagBag from /opt/airflow/dags/first_dag.py
[2023-11-22T23:39:34.228+0000] {processor.py:839} INFO - DAG(s) dict_keys(['our_first_dagv2']) retrieved from /opt/airflow/dags/first_dag.py
[2023-11-22T23:39:34.253+0000] {logging_mixin.py:154} INFO - [2023-11-22T23:39:34.252+0000] {dag.py:2941} INFO - Sync 1 DAGs
[2023-11-22T23:39:34.270+0000] {logging_mixin.py:154} INFO - [2023-11-22T23:39:34.270+0000] {dag.py:3722} INFO - Setting next_dagrun for our_first_dagv2 to 2023-11-23T00:00:00+00:00, run_after=2023-11-24T00:00:00+00:00
[2023-11-22T23:39:34.283+0000] {processor.py:179} INFO - Processing /opt/airflow/dags/first_dag.py took 0.079 seconds
[2023-11-22T23:40:04.558+0000] {processor.py:157} INFO - Started process (PID=491) to work on /opt/airflow/dags/first_dag.py
[2023-11-22T23:40:04.559+0000] {processor.py:829} INFO - Processing file /opt/airflow/dags/first_dag.py for tasks to queue
[2023-11-22T23:40:04.561+0000] {logging_mixin.py:154} INFO - [2023-11-22T23:40:04.560+0000] {dagbag.py:536} INFO - Filling up the DagBag from /opt/airflow/dags/first_dag.py
[2023-11-22T23:40:04.584+0000] {processor.py:839} INFO - DAG(s) dict_keys(['our_first_dagv2']) retrieved from /opt/airflow/dags/first_dag.py
[2023-11-22T23:40:04.616+0000] {logging_mixin.py:154} INFO - [2023-11-22T23:40:04.616+0000] {dag.py:2941} INFO - Sync 1 DAGs
[2023-11-22T23:40:04.639+0000] {logging_mixin.py:154} INFO - [2023-11-22T23:40:04.638+0000] {dag.py:3722} INFO - Setting next_dagrun for our_first_dagv2 to 2023-11-23T00:00:00+00:00, run_after=2023-11-24T00:00:00+00:00
[2023-11-22T23:40:04.653+0000] {processor.py:179} INFO - Processing /opt/airflow/dags/first_dag.py took 0.100 seconds
[2023-11-22T23:40:34.814+0000] {processor.py:157} INFO - Started process (PID=503) to work on /opt/airflow/dags/first_dag.py
[2023-11-22T23:40:34.815+0000] {processor.py:829} INFO - Processing file /opt/airflow/dags/first_dag.py for tasks to queue
[2023-11-22T23:40:34.816+0000] {logging_mixin.py:154} INFO - [2023-11-22T23:40:34.816+0000] {dagbag.py:536} INFO - Filling up the DagBag from /opt/airflow/dags/first_dag.py
[2023-11-22T23:40:34.830+0000] {processor.py:839} INFO - DAG(s) dict_keys(['our_first_dagv2']) retrieved from /opt/airflow/dags/first_dag.py
[2023-11-22T23:40:34.856+0000] {logging_mixin.py:154} INFO - [2023-11-22T23:40:34.856+0000] {dag.py:2941} INFO - Sync 1 DAGs
[2023-11-22T23:40:34.874+0000] {logging_mixin.py:154} INFO - [2023-11-22T23:40:34.873+0000] {dag.py:3722} INFO - Setting next_dagrun for our_first_dagv2 to 2023-11-23T00:00:00+00:00, run_after=2023-11-24T00:00:00+00:00
[2023-11-22T23:40:34.886+0000] {processor.py:179} INFO - Processing /opt/airflow/dags/first_dag.py took 0.076 seconds
[2023-11-22T23:41:05.087+0000] {processor.py:157} INFO - Started process (PID=515) to work on /opt/airflow/dags/first_dag.py
[2023-11-22T23:41:05.088+0000] {processor.py:829} INFO - Processing file /opt/airflow/dags/first_dag.py for tasks to queue
[2023-11-22T23:41:05.090+0000] {logging_mixin.py:154} INFO - [2023-11-22T23:41:05.089+0000] {dagbag.py:536} INFO - Filling up the DagBag from /opt/airflow/dags/first_dag.py
[2023-11-22T23:41:05.105+0000] {processor.py:839} INFO - DAG(s) dict_keys(['our_first_dagv2']) retrieved from /opt/airflow/dags/first_dag.py
[2023-11-22T23:41:05.129+0000] {logging_mixin.py:154} INFO - [2023-11-22T23:41:05.129+0000] {dag.py:2941} INFO - Sync 1 DAGs
[2023-11-22T23:41:05.148+0000] {logging_mixin.py:154} INFO - [2023-11-22T23:41:05.147+0000] {dag.py:3722} INFO - Setting next_dagrun for our_first_dagv2 to 2023-11-23T00:00:00+00:00, run_after=2023-11-24T00:00:00+00:00
[2023-11-22T23:41:05.159+0000] {processor.py:179} INFO - Processing /opt/airflow/dags/first_dag.py took 0.077 seconds
[2023-11-22T23:41:27.301+0000] {processor.py:157} INFO - Started process (PID=527) to work on /opt/airflow/dags/first_dag.py
[2023-11-22T23:41:27.304+0000] {processor.py:829} INFO - Processing file /opt/airflow/dags/first_dag.py for tasks to queue
[2023-11-22T23:41:27.305+0000] {logging_mixin.py:154} INFO - [2023-11-22T23:41:27.305+0000] {dagbag.py:536} INFO - Filling up the DagBag from /opt/airflow/dags/first_dag.py
[2023-11-22T23:41:27.331+0000] {processor.py:839} INFO - DAG(s) dict_keys(['our_first_dagv2']) retrieved from /opt/airflow/dags/first_dag.py
[2023-11-22T23:41:27.374+0000] {logging_mixin.py:154} INFO - [2023-11-22T23:41:27.373+0000] {dag.py:2941} INFO - Sync 1 DAGs
[2023-11-22T23:41:27.401+0000] {logging_mixin.py:154} INFO - [2023-11-22T23:41:27.401+0000] {dag.py:3722} INFO - Setting next_dagrun for our_first_dagv2 to 2023-11-23T00:00:00+00:00, run_after=2023-11-24T00:00:00+00:00
[2023-11-22T23:41:27.420+0000] {processor.py:179} INFO - Processing /opt/airflow/dags/first_dag.py took 0.125 seconds
[2023-11-22T23:41:57.561+0000] {processor.py:157} INFO - Started process (PID=539) to work on /opt/airflow/dags/first_dag.py
[2023-11-22T23:41:57.564+0000] {processor.py:829} INFO - Processing file /opt/airflow/dags/first_dag.py for tasks to queue
[2023-11-22T23:41:57.566+0000] {logging_mixin.py:154} INFO - [2023-11-22T23:41:57.565+0000] {dagbag.py:536} INFO - Filling up the DagBag from /opt/airflow/dags/first_dag.py
[2023-11-22T23:41:57.588+0000] {processor.py:839} INFO - DAG(s) dict_keys(['our_first_dagv2']) retrieved from /opt/airflow/dags/first_dag.py
[2023-11-22T23:41:57.630+0000] {logging_mixin.py:154} INFO - [2023-11-22T23:41:57.630+0000] {dag.py:2941} INFO - Sync 1 DAGs
[2023-11-22T23:41:57.651+0000] {logging_mixin.py:154} INFO - [2023-11-22T23:41:57.651+0000] {dag.py:3722} INFO - Setting next_dagrun for our_first_dagv2 to 2023-11-23T00:00:00+00:00, run_after=2023-11-24T00:00:00+00:00
[2023-11-22T23:41:57.670+0000] {processor.py:179} INFO - Processing /opt/airflow/dags/first_dag.py took 0.115 seconds
[2023-11-22T23:42:27.804+0000] {processor.py:157} INFO - Started process (PID=551) to work on /opt/airflow/dags/first_dag.py
[2023-11-22T23:42:27.805+0000] {processor.py:829} INFO - Processing file /opt/airflow/dags/first_dag.py for tasks to queue
[2023-11-22T23:42:27.806+0000] {logging_mixin.py:154} INFO - [2023-11-22T23:42:27.806+0000] {dagbag.py:536} INFO - Filling up the DagBag from /opt/airflow/dags/first_dag.py
[2023-11-22T23:42:27.834+0000] {processor.py:839} INFO - DAG(s) dict_keys(['our_first_dagv2']) retrieved from /opt/airflow/dags/first_dag.py
[2023-11-22T23:42:27.880+0000] {logging_mixin.py:154} INFO - [2023-11-22T23:42:27.879+0000] {dag.py:2941} INFO - Sync 1 DAGs
[2023-11-22T23:42:27.910+0000] {logging_mixin.py:154} INFO - [2023-11-22T23:42:27.909+0000] {dag.py:3722} INFO - Setting next_dagrun for our_first_dagv2 to 2023-11-23T00:00:00+00:00, run_after=2023-11-24T00:00:00+00:00
[2023-11-22T23:42:27.928+0000] {processor.py:179} INFO - Processing /opt/airflow/dags/first_dag.py took 0.129 seconds
[2023-11-22T23:42:58.168+0000] {processor.py:157} INFO - Started process (PID=562) to work on /opt/airflow/dags/first_dag.py
[2023-11-22T23:42:58.169+0000] {processor.py:829} INFO - Processing file /opt/airflow/dags/first_dag.py for tasks to queue
[2023-11-22T23:42:58.170+0000] {logging_mixin.py:154} INFO - [2023-11-22T23:42:58.170+0000] {dagbag.py:536} INFO - Filling up the DagBag from /opt/airflow/dags/first_dag.py
[2023-11-22T23:42:58.186+0000] {processor.py:839} INFO - DAG(s) dict_keys(['our_first_dagv2']) retrieved from /opt/airflow/dags/first_dag.py
[2023-11-22T23:42:58.214+0000] {logging_mixin.py:154} INFO - [2023-11-22T23:42:58.214+0000] {dag.py:2941} INFO - Sync 1 DAGs
[2023-11-22T23:42:58.255+0000] {logging_mixin.py:154} INFO - [2023-11-22T23:42:58.255+0000] {dag.py:3722} INFO - Setting next_dagrun for our_first_dagv2 to 2023-11-23T00:00:00+00:00, run_after=2023-11-24T00:00:00+00:00
[2023-11-22T23:42:58.269+0000] {processor.py:179} INFO - Processing /opt/airflow/dags/first_dag.py took 0.106 seconds
[2023-11-22T23:43:28.475+0000] {processor.py:157} INFO - Started process (PID=574) to work on /opt/airflow/dags/first_dag.py
[2023-11-22T23:43:28.477+0000] {processor.py:829} INFO - Processing file /opt/airflow/dags/first_dag.py for tasks to queue
[2023-11-22T23:43:28.478+0000] {logging_mixin.py:154} INFO - [2023-11-22T23:43:28.478+0000] {dagbag.py:536} INFO - Filling up the DagBag from /opt/airflow/dags/first_dag.py
[2023-11-22T23:43:28.500+0000] {processor.py:839} INFO - DAG(s) dict_keys(['our_first_dagv2']) retrieved from /opt/airflow/dags/first_dag.py
[2023-11-22T23:43:28.533+0000] {logging_mixin.py:154} INFO - [2023-11-22T23:43:28.533+0000] {dag.py:2941} INFO - Sync 1 DAGs
[2023-11-22T23:43:28.560+0000] {logging_mixin.py:154} INFO - [2023-11-22T23:43:28.560+0000] {dag.py:3722} INFO - Setting next_dagrun for our_first_dagv2 to 2023-11-23T00:00:00+00:00, run_after=2023-11-24T00:00:00+00:00
[2023-11-22T23:43:28.574+0000] {processor.py:179} INFO - Processing /opt/airflow/dags/first_dag.py took 0.104 seconds
[2023-11-22T23:43:58.757+0000] {processor.py:157} INFO - Started process (PID=586) to work on /opt/airflow/dags/first_dag.py
[2023-11-22T23:43:58.758+0000] {processor.py:829} INFO - Processing file /opt/airflow/dags/first_dag.py for tasks to queue
[2023-11-22T23:43:58.760+0000] {logging_mixin.py:154} INFO - [2023-11-22T23:43:58.759+0000] {dagbag.py:536} INFO - Filling up the DagBag from /opt/airflow/dags/first_dag.py
[2023-11-22T23:43:58.777+0000] {processor.py:839} INFO - DAG(s) dict_keys(['our_first_dagv2']) retrieved from /opt/airflow/dags/first_dag.py
[2023-11-22T23:43:58.802+0000] {logging_mixin.py:154} INFO - [2023-11-22T23:43:58.802+0000] {dag.py:2941} INFO - Sync 1 DAGs
[2023-11-22T23:43:58.819+0000] {logging_mixin.py:154} INFO - [2023-11-22T23:43:58.819+0000] {dag.py:3722} INFO - Setting next_dagrun for our_first_dagv2 to 2023-11-23T00:00:00+00:00, run_after=2023-11-24T00:00:00+00:00
[2023-11-22T23:43:58.830+0000] {processor.py:179} INFO - Processing /opt/airflow/dags/first_dag.py took 0.080 seconds
[2023-11-22T23:44:29.077+0000] {processor.py:157} INFO - Started process (PID=597) to work on /opt/airflow/dags/first_dag.py
[2023-11-22T23:44:29.078+0000] {processor.py:829} INFO - Processing file /opt/airflow/dags/first_dag.py for tasks to queue
[2023-11-22T23:44:29.080+0000] {logging_mixin.py:154} INFO - [2023-11-22T23:44:29.079+0000] {dagbag.py:536} INFO - Filling up the DagBag from /opt/airflow/dags/first_dag.py
[2023-11-22T23:44:29.096+0000] {processor.py:839} INFO - DAG(s) dict_keys(['our_first_dagv2']) retrieved from /opt/airflow/dags/first_dag.py
[2023-11-22T23:44:29.122+0000] {logging_mixin.py:154} INFO - [2023-11-22T23:44:29.122+0000] {dag.py:2941} INFO - Sync 1 DAGs
[2023-11-22T23:44:29.142+0000] {logging_mixin.py:154} INFO - [2023-11-22T23:44:29.141+0000] {dag.py:3722} INFO - Setting next_dagrun for our_first_dagv2 to 2023-11-23T00:00:00+00:00, run_after=2023-11-24T00:00:00+00:00
[2023-11-22T23:44:29.164+0000] {processor.py:179} INFO - Processing /opt/airflow/dags/first_dag.py took 0.092 seconds
[2023-11-22T23:44:59.381+0000] {processor.py:157} INFO - Started process (PID=610) to work on /opt/airflow/dags/first_dag.py
[2023-11-22T23:44:59.383+0000] {processor.py:829} INFO - Processing file /opt/airflow/dags/first_dag.py for tasks to queue
[2023-11-22T23:44:59.385+0000] {logging_mixin.py:154} INFO - [2023-11-22T23:44:59.384+0000] {dagbag.py:536} INFO - Filling up the DagBag from /opt/airflow/dags/first_dag.py
[2023-11-22T23:44:59.401+0000] {processor.py:839} INFO - DAG(s) dict_keys(['our_first_dagv2']) retrieved from /opt/airflow/dags/first_dag.py
[2023-11-22T23:44:59.437+0000] {logging_mixin.py:154} INFO - [2023-11-22T23:44:59.436+0000] {dag.py:2941} INFO - Sync 1 DAGs
[2023-11-22T23:44:59.465+0000] {logging_mixin.py:154} INFO - [2023-11-22T23:44:59.464+0000] {dag.py:3722} INFO - Setting next_dagrun for our_first_dagv2 to 2023-11-23T00:00:00+00:00, run_after=2023-11-24T00:00:00+00:00
[2023-11-22T23:44:59.483+0000] {processor.py:179} INFO - Processing /opt/airflow/dags/first_dag.py took 0.107 seconds
[2023-11-22T23:45:29.666+0000] {processor.py:157} INFO - Started process (PID=623) to work on /opt/airflow/dags/first_dag.py
[2023-11-22T23:45:29.667+0000] {processor.py:829} INFO - Processing file /opt/airflow/dags/first_dag.py for tasks to queue
[2023-11-22T23:45:29.669+0000] {logging_mixin.py:154} INFO - [2023-11-22T23:45:29.668+0000] {dagbag.py:536} INFO - Filling up the DagBag from /opt/airflow/dags/first_dag.py
[2023-11-22T23:45:29.688+0000] {processor.py:839} INFO - DAG(s) dict_keys(['our_first_dagv2']) retrieved from /opt/airflow/dags/first_dag.py
[2023-11-22T23:45:29.723+0000] {logging_mixin.py:154} INFO - [2023-11-22T23:45:29.723+0000] {dag.py:2941} INFO - Sync 1 DAGs
[2023-11-22T23:45:29.749+0000] {logging_mixin.py:154} INFO - [2023-11-22T23:45:29.749+0000] {dag.py:3722} INFO - Setting next_dagrun for our_first_dagv2 to 2023-11-23T00:00:00+00:00, run_after=2023-11-24T00:00:00+00:00
[2023-11-22T23:45:29.768+0000] {processor.py:179} INFO - Processing /opt/airflow/dags/first_dag.py took 0.106 seconds
[2023-11-22T23:45:59.959+0000] {processor.py:157} INFO - Started process (PID=635) to work on /opt/airflow/dags/first_dag.py
[2023-11-22T23:45:59.961+0000] {processor.py:829} INFO - Processing file /opt/airflow/dags/first_dag.py for tasks to queue
[2023-11-22T23:45:59.962+0000] {logging_mixin.py:154} INFO - [2023-11-22T23:45:59.962+0000] {dagbag.py:536} INFO - Filling up the DagBag from /opt/airflow/dags/first_dag.py
[2023-11-22T23:45:59.978+0000] {processor.py:839} INFO - DAG(s) dict_keys(['our_first_dagv2']) retrieved from /opt/airflow/dags/first_dag.py
[2023-11-22T23:46:00.004+0000] {logging_mixin.py:154} INFO - [2023-11-22T23:46:00.003+0000] {dag.py:2941} INFO - Sync 1 DAGs
[2023-11-22T23:46:00.021+0000] {logging_mixin.py:154} INFO - [2023-11-22T23:46:00.021+0000] {dag.py:3722} INFO - Setting next_dagrun for our_first_dagv2 to 2023-11-23T00:00:00+00:00, run_after=2023-11-24T00:00:00+00:00
[2023-11-22T23:46:00.034+0000] {processor.py:179} INFO - Processing /opt/airflow/dags/first_dag.py took 0.080 seconds
[2023-11-22T23:46:30.277+0000] {processor.py:157} INFO - Started process (PID=647) to work on /opt/airflow/dags/first_dag.py
[2023-11-22T23:46:30.279+0000] {processor.py:829} INFO - Processing file /opt/airflow/dags/first_dag.py for tasks to queue
[2023-11-22T23:46:30.281+0000] {logging_mixin.py:154} INFO - [2023-11-22T23:46:30.280+0000] {dagbag.py:536} INFO - Filling up the DagBag from /opt/airflow/dags/first_dag.py
[2023-11-22T23:46:30.300+0000] {processor.py:839} INFO - DAG(s) dict_keys(['our_first_dagv2']) retrieved from /opt/airflow/dags/first_dag.py
[2023-11-22T23:46:30.330+0000] {logging_mixin.py:154} INFO - [2023-11-22T23:46:30.330+0000] {dag.py:2941} INFO - Sync 1 DAGs
[2023-11-22T23:46:30.348+0000] {logging_mixin.py:154} INFO - [2023-11-22T23:46:30.348+0000] {dag.py:3722} INFO - Setting next_dagrun for our_first_dagv2 to 2023-11-23T00:00:00+00:00, run_after=2023-11-24T00:00:00+00:00
[2023-11-22T23:46:30.360+0000] {processor.py:179} INFO - Processing /opt/airflow/dags/first_dag.py took 0.089 seconds
[2023-11-22T23:47:00.564+0000] {processor.py:157} INFO - Started process (PID=659) to work on /opt/airflow/dags/first_dag.py
[2023-11-22T23:47:00.565+0000] {processor.py:829} INFO - Processing file /opt/airflow/dags/first_dag.py for tasks to queue
[2023-11-22T23:47:00.566+0000] {logging_mixin.py:154} INFO - [2023-11-22T23:47:00.565+0000] {dagbag.py:536} INFO - Filling up the DagBag from /opt/airflow/dags/first_dag.py
[2023-11-22T23:47:00.578+0000] {processor.py:839} INFO - DAG(s) dict_keys(['our_first_dagv2']) retrieved from /opt/airflow/dags/first_dag.py
[2023-11-22T23:47:00.601+0000] {logging_mixin.py:154} INFO - [2023-11-22T23:47:00.601+0000] {dag.py:2941} INFO - Sync 1 DAGs
[2023-11-22T23:47:00.622+0000] {logging_mixin.py:154} INFO - [2023-11-22T23:47:00.621+0000] {dag.py:3722} INFO - Setting next_dagrun for our_first_dagv2 to 2023-11-23T00:00:00+00:00, run_after=2023-11-24T00:00:00+00:00
[2023-11-22T23:47:00.641+0000] {processor.py:179} INFO - Processing /opt/airflow/dags/first_dag.py took 0.079 seconds
[2023-11-22T23:47:30.873+0000] {processor.py:157} INFO - Started process (PID=670) to work on /opt/airflow/dags/first_dag.py
[2023-11-22T23:47:30.873+0000] {processor.py:829} INFO - Processing file /opt/airflow/dags/first_dag.py for tasks to queue
[2023-11-22T23:47:30.874+0000] {logging_mixin.py:154} INFO - [2023-11-22T23:47:30.874+0000] {dagbag.py:536} INFO - Filling up the DagBag from /opt/airflow/dags/first_dag.py
[2023-11-22T23:47:30.886+0000] {processor.py:839} INFO - DAG(s) dict_keys(['our_first_dagv2']) retrieved from /opt/airflow/dags/first_dag.py
[2023-11-22T23:47:30.909+0000] {logging_mixin.py:154} INFO - [2023-11-22T23:47:30.909+0000] {dag.py:2941} INFO - Sync 1 DAGs
[2023-11-22T23:47:30.926+0000] {logging_mixin.py:154} INFO - [2023-11-22T23:47:30.925+0000] {dag.py:3722} INFO - Setting next_dagrun for our_first_dagv2 to 2023-11-23T00:00:00+00:00, run_after=2023-11-24T00:00:00+00:00
[2023-11-22T23:47:30.938+0000] {processor.py:179} INFO - Processing /opt/airflow/dags/first_dag.py took 0.068 seconds
[2023-11-22T23:48:01.268+0000] {processor.py:157} INFO - Started process (PID=690) to work on /opt/airflow/dags/first_dag.py
[2023-11-22T23:48:01.269+0000] {processor.py:829} INFO - Processing file /opt/airflow/dags/first_dag.py for tasks to queue
[2023-11-22T23:48:01.271+0000] {logging_mixin.py:154} INFO - [2023-11-22T23:48:01.270+0000] {dagbag.py:536} INFO - Filling up the DagBag from /opt/airflow/dags/first_dag.py
[2023-11-22T23:48:01.288+0000] {processor.py:839} INFO - DAG(s) dict_keys(['our_first_dagv2']) retrieved from /opt/airflow/dags/first_dag.py
[2023-11-22T23:48:01.314+0000] {logging_mixin.py:154} INFO - [2023-11-22T23:48:01.313+0000] {dag.py:2941} INFO - Sync 1 DAGs
[2023-11-22T23:48:01.333+0000] {logging_mixin.py:154} INFO - [2023-11-22T23:48:01.332+0000] {dag.py:3722} INFO - Setting next_dagrun for our_first_dagv2 to 2023-11-23T00:00:00+00:00, run_after=2023-11-24T00:00:00+00:00
[2023-11-22T23:48:01.348+0000] {processor.py:179} INFO - Processing /opt/airflow/dags/first_dag.py took 0.085 seconds
[2023-11-22T23:48:31.625+0000] {processor.py:157} INFO - Started process (PID=707) to work on /opt/airflow/dags/first_dag.py
[2023-11-22T23:48:31.626+0000] {processor.py:829} INFO - Processing file /opt/airflow/dags/first_dag.py for tasks to queue
[2023-11-22T23:48:31.627+0000] {logging_mixin.py:154} INFO - [2023-11-22T23:48:31.626+0000] {dagbag.py:536} INFO - Filling up the DagBag from /opt/airflow/dags/first_dag.py
[2023-11-22T23:48:31.642+0000] {processor.py:839} INFO - DAG(s) dict_keys(['our_first_dagv2']) retrieved from /opt/airflow/dags/first_dag.py
[2023-11-22T23:48:31.669+0000] {logging_mixin.py:154} INFO - [2023-11-22T23:48:31.669+0000] {dag.py:2941} INFO - Sync 1 DAGs
[2023-11-22T23:48:31.689+0000] {logging_mixin.py:154} INFO - [2023-11-22T23:48:31.688+0000] {dag.py:3722} INFO - Setting next_dagrun for our_first_dagv2 to 2023-11-23T00:00:00+00:00, run_after=2023-11-24T00:00:00+00:00
[2023-11-22T23:48:31.702+0000] {processor.py:179} INFO - Processing /opt/airflow/dags/first_dag.py took 0.081 seconds
[2023-11-22T23:49:02.007+0000] {processor.py:157} INFO - Started process (PID=724) to work on /opt/airflow/dags/first_dag.py
[2023-11-22T23:49:02.010+0000] {processor.py:829} INFO - Processing file /opt/airflow/dags/first_dag.py for tasks to queue
[2023-11-22T23:49:02.011+0000] {logging_mixin.py:154} INFO - [2023-11-22T23:49:02.010+0000] {dagbag.py:536} INFO - Filling up the DagBag from /opt/airflow/dags/first_dag.py
[2023-11-22T23:49:02.032+0000] {processor.py:839} INFO - DAG(s) dict_keys(['our_first_dagv2']) retrieved from /opt/airflow/dags/first_dag.py
[2023-11-22T23:49:02.061+0000] {logging_mixin.py:154} INFO - [2023-11-22T23:49:02.061+0000] {dag.py:2941} INFO - Sync 1 DAGs
[2023-11-22T23:49:02.082+0000] {logging_mixin.py:154} INFO - [2023-11-22T23:49:02.082+0000] {dag.py:3722} INFO - Setting next_dagrun for our_first_dagv2 to 2023-11-23T00:00:00+00:00, run_after=2023-11-24T00:00:00+00:00
[2023-11-22T23:49:02.094+0000] {processor.py:179} INFO - Processing /opt/airflow/dags/first_dag.py took 0.092 seconds
[2023-11-22T23:49:32.392+0000] {processor.py:157} INFO - Started process (PID=744) to work on /opt/airflow/dags/first_dag.py
[2023-11-22T23:49:32.393+0000] {processor.py:829} INFO - Processing file /opt/airflow/dags/first_dag.py for tasks to queue
[2023-11-22T23:49:32.394+0000] {logging_mixin.py:154} INFO - [2023-11-22T23:49:32.394+0000] {dagbag.py:536} INFO - Filling up the DagBag from /opt/airflow/dags/first_dag.py
[2023-11-22T23:49:32.412+0000] {processor.py:839} INFO - DAG(s) dict_keys(['our_first_dagv2']) retrieved from /opt/airflow/dags/first_dag.py
[2023-11-22T23:49:32.439+0000] {logging_mixin.py:154} INFO - [2023-11-22T23:49:32.438+0000] {dag.py:2941} INFO - Sync 1 DAGs
[2023-11-22T23:49:32.456+0000] {logging_mixin.py:154} INFO - [2023-11-22T23:49:32.456+0000] {dag.py:3722} INFO - Setting next_dagrun for our_first_dagv2 to 2023-11-23T00:00:00+00:00, run_after=2023-11-24T00:00:00+00:00
[2023-11-22T23:49:32.467+0000] {processor.py:179} INFO - Processing /opt/airflow/dags/first_dag.py took 0.080 seconds
[2023-11-22T23:50:02.684+0000] {processor.py:157} INFO - Started process (PID=761) to work on /opt/airflow/dags/first_dag.py
[2023-11-22T23:50:02.685+0000] {processor.py:829} INFO - Processing file /opt/airflow/dags/first_dag.py for tasks to queue
[2023-11-22T23:50:02.687+0000] {logging_mixin.py:154} INFO - [2023-11-22T23:50:02.686+0000] {dagbag.py:536} INFO - Filling up the DagBag from /opt/airflow/dags/first_dag.py
[2023-11-22T23:50:02.703+0000] {processor.py:839} INFO - DAG(s) dict_keys(['our_first_dagv2']) retrieved from /opt/airflow/dags/first_dag.py
[2023-11-22T23:50:02.729+0000] {logging_mixin.py:154} INFO - [2023-11-22T23:50:02.729+0000] {dag.py:2941} INFO - Sync 1 DAGs
[2023-11-22T23:50:02.746+0000] {logging_mixin.py:154} INFO - [2023-11-22T23:50:02.746+0000] {dag.py:3722} INFO - Setting next_dagrun for our_first_dagv2 to 2023-11-23T00:00:00+00:00, run_after=2023-11-24T00:00:00+00:00
[2023-11-22T23:50:02.758+0000] {processor.py:179} INFO - Processing /opt/airflow/dags/first_dag.py took 0.080 seconds
[2023-11-22T23:50:33.001+0000] {processor.py:157} INFO - Started process (PID=779) to work on /opt/airflow/dags/first_dag.py
[2023-11-22T23:50:33.002+0000] {processor.py:829} INFO - Processing file /opt/airflow/dags/first_dag.py for tasks to queue
[2023-11-22T23:50:33.004+0000] {logging_mixin.py:154} INFO - [2023-11-22T23:50:33.003+0000] {dagbag.py:536} INFO - Filling up the DagBag from /opt/airflow/dags/first_dag.py
[2023-11-22T23:50:33.021+0000] {processor.py:839} INFO - DAG(s) dict_keys(['our_first_dagv2']) retrieved from /opt/airflow/dags/first_dag.py
[2023-11-22T23:50:33.048+0000] {logging_mixin.py:154} INFO - [2023-11-22T23:50:33.048+0000] {dag.py:2941} INFO - Sync 1 DAGs
[2023-11-22T23:50:33.066+0000] {logging_mixin.py:154} INFO - [2023-11-22T23:50:33.066+0000] {dag.py:3722} INFO - Setting next_dagrun for our_first_dagv2 to 2023-11-23T00:00:00+00:00, run_after=2023-11-24T00:00:00+00:00
[2023-11-22T23:50:33.078+0000] {processor.py:179} INFO - Processing /opt/airflow/dags/first_dag.py took 0.082 seconds
[2023-11-22T23:51:03.369+0000] {processor.py:157} INFO - Started process (PID=795) to work on /opt/airflow/dags/first_dag.py
[2023-11-22T23:51:03.370+0000] {processor.py:829} INFO - Processing file /opt/airflow/dags/first_dag.py for tasks to queue
[2023-11-22T23:51:03.372+0000] {logging_mixin.py:154} INFO - [2023-11-22T23:51:03.371+0000] {dagbag.py:536} INFO - Filling up the DagBag from /opt/airflow/dags/first_dag.py
[2023-11-22T23:51:03.390+0000] {processor.py:839} INFO - DAG(s) dict_keys(['our_first_dagv2']) retrieved from /opt/airflow/dags/first_dag.py
[2023-11-22T23:51:03.417+0000] {logging_mixin.py:154} INFO - [2023-11-22T23:51:03.417+0000] {dag.py:2941} INFO - Sync 1 DAGs
[2023-11-22T23:51:03.437+0000] {logging_mixin.py:154} INFO - [2023-11-22T23:51:03.437+0000] {dag.py:3722} INFO - Setting next_dagrun for our_first_dagv2 to 2023-11-23T00:00:00+00:00, run_after=2023-11-24T00:00:00+00:00
[2023-11-22T23:51:03.450+0000] {processor.py:179} INFO - Processing /opt/airflow/dags/first_dag.py took 0.087 seconds
[2023-11-22T23:51:33.717+0000] {processor.py:157} INFO - Started process (PID=812) to work on /opt/airflow/dags/first_dag.py
[2023-11-22T23:51:33.719+0000] {processor.py:829} INFO - Processing file /opt/airflow/dags/first_dag.py for tasks to queue
[2023-11-22T23:51:33.720+0000] {logging_mixin.py:154} INFO - [2023-11-22T23:51:33.720+0000] {dagbag.py:536} INFO - Filling up the DagBag from /opt/airflow/dags/first_dag.py
[2023-11-22T23:51:33.739+0000] {processor.py:839} INFO - DAG(s) dict_keys(['our_first_dagv2']) retrieved from /opt/airflow/dags/first_dag.py
[2023-11-22T23:51:33.770+0000] {logging_mixin.py:154} INFO - [2023-11-22T23:51:33.770+0000] {dag.py:2941} INFO - Sync 1 DAGs
[2023-11-22T23:51:33.793+0000] {logging_mixin.py:154} INFO - [2023-11-22T23:51:33.792+0000] {dag.py:3722} INFO - Setting next_dagrun for our_first_dagv2 to 2023-11-23T00:00:00+00:00, run_after=2023-11-24T00:00:00+00:00
[2023-11-22T23:51:33.807+0000] {processor.py:179} INFO - Processing /opt/airflow/dags/first_dag.py took 0.094 seconds
[2023-11-22T23:52:04.165+0000] {processor.py:157} INFO - Started process (PID=835) to work on /opt/airflow/dags/first_dag.py
[2023-11-22T23:52:04.167+0000] {processor.py:829} INFO - Processing file /opt/airflow/dags/first_dag.py for tasks to queue
[2023-11-22T23:52:04.168+0000] {logging_mixin.py:154} INFO - [2023-11-22T23:52:04.168+0000] {dagbag.py:536} INFO - Filling up the DagBag from /opt/airflow/dags/first_dag.py
[2023-11-22T23:52:04.184+0000] {processor.py:839} INFO - DAG(s) dict_keys(['our_first_dagv2']) retrieved from /opt/airflow/dags/first_dag.py
[2023-11-22T23:52:04.211+0000] {logging_mixin.py:154} INFO - [2023-11-22T23:52:04.211+0000] {dag.py:2941} INFO - Sync 1 DAGs
[2023-11-22T23:52:04.229+0000] {logging_mixin.py:154} INFO - [2023-11-22T23:52:04.229+0000] {dag.py:3722} INFO - Setting next_dagrun for our_first_dagv2 to 2023-11-23T00:00:00+00:00, run_after=2023-11-24T00:00:00+00:00
[2023-11-22T23:52:04.241+0000] {processor.py:179} INFO - Processing /opt/airflow/dags/first_dag.py took 0.080 seconds
[2023-11-22T23:52:34.582+0000] {processor.py:157} INFO - Started process (PID=852) to work on /opt/airflow/dags/first_dag.py
[2023-11-22T23:52:34.584+0000] {processor.py:829} INFO - Processing file /opt/airflow/dags/first_dag.py for tasks to queue
[2023-11-22T23:52:34.585+0000] {logging_mixin.py:154} INFO - [2023-11-22T23:52:34.585+0000] {dagbag.py:536} INFO - Filling up the DagBag from /opt/airflow/dags/first_dag.py
[2023-11-22T23:52:34.604+0000] {processor.py:839} INFO - DAG(s) dict_keys(['our_first_dagv2']) retrieved from /opt/airflow/dags/first_dag.py
[2023-11-22T23:52:34.630+0000] {logging_mixin.py:154} INFO - [2023-11-22T23:52:34.630+0000] {dag.py:2941} INFO - Sync 1 DAGs
[2023-11-22T23:52:34.651+0000] {logging_mixin.py:154} INFO - [2023-11-22T23:52:34.651+0000] {dag.py:3722} INFO - Setting next_dagrun for our_first_dagv2 to 2023-11-23T00:00:00+00:00, run_after=2023-11-24T00:00:00+00:00
[2023-11-22T23:52:34.666+0000] {processor.py:179} INFO - Processing /opt/airflow/dags/first_dag.py took 0.088 seconds
[2023-11-22T23:53:04.964+0000] {processor.py:157} INFO - Started process (PID=869) to work on /opt/airflow/dags/first_dag.py
[2023-11-22T23:53:04.966+0000] {processor.py:829} INFO - Processing file /opt/airflow/dags/first_dag.py for tasks to queue
[2023-11-22T23:53:04.967+0000] {logging_mixin.py:154} INFO - [2023-11-22T23:53:04.966+0000] {dagbag.py:536} INFO - Filling up the DagBag from /opt/airflow/dags/first_dag.py
[2023-11-22T23:53:04.984+0000] {processor.py:839} INFO - DAG(s) dict_keys(['our_first_dagv2']) retrieved from /opt/airflow/dags/first_dag.py
[2023-11-22T23:53:05.011+0000] {logging_mixin.py:154} INFO - [2023-11-22T23:53:05.011+0000] {dag.py:2941} INFO - Sync 1 DAGs
[2023-11-22T23:53:05.030+0000] {logging_mixin.py:154} INFO - [2023-11-22T23:53:05.030+0000] {dag.py:3722} INFO - Setting next_dagrun for our_first_dagv2 to 2023-11-23T00:00:00+00:00, run_after=2023-11-24T00:00:00+00:00
[2023-11-22T23:53:05.043+0000] {processor.py:179} INFO - Processing /opt/airflow/dags/first_dag.py took 0.083 seconds
[2023-11-22T23:53:35.353+0000] {processor.py:157} INFO - Started process (PID=886) to work on /opt/airflow/dags/first_dag.py
[2023-11-22T23:53:35.354+0000] {processor.py:829} INFO - Processing file /opt/airflow/dags/first_dag.py for tasks to queue
[2023-11-22T23:53:35.355+0000] {logging_mixin.py:154} INFO - [2023-11-22T23:53:35.355+0000] {dagbag.py:536} INFO - Filling up the DagBag from /opt/airflow/dags/first_dag.py
[2023-11-22T23:53:35.376+0000] {processor.py:839} INFO - DAG(s) dict_keys(['our_first_dagv2']) retrieved from /opt/airflow/dags/first_dag.py
[2023-11-22T23:53:35.408+0000] {logging_mixin.py:154} INFO - [2023-11-22T23:53:35.408+0000] {dag.py:2941} INFO - Sync 1 DAGs
[2023-11-22T23:53:35.429+0000] {logging_mixin.py:154} INFO - [2023-11-22T23:53:35.429+0000] {dag.py:3722} INFO - Setting next_dagrun for our_first_dagv2 to 2023-11-23T00:00:00+00:00, run_after=2023-11-24T00:00:00+00:00
[2023-11-22T23:53:35.443+0000] {processor.py:179} INFO - Processing /opt/airflow/dags/first_dag.py took 0.096 seconds
[2023-11-22T23:54:05.807+0000] {processor.py:157} INFO - Started process (PID=903) to work on /opt/airflow/dags/first_dag.py
[2023-11-22T23:54:05.808+0000] {processor.py:829} INFO - Processing file /opt/airflow/dags/first_dag.py for tasks to queue
[2023-11-22T23:54:05.810+0000] {logging_mixin.py:154} INFO - [2023-11-22T23:54:05.809+0000] {dagbag.py:536} INFO - Filling up the DagBag from /opt/airflow/dags/first_dag.py
[2023-11-22T23:54:05.825+0000] {processor.py:839} INFO - DAG(s) dict_keys(['our_first_dagv2']) retrieved from /opt/airflow/dags/first_dag.py
[2023-11-22T23:54:05.850+0000] {logging_mixin.py:154} INFO - [2023-11-22T23:54:05.850+0000] {dag.py:2941} INFO - Sync 1 DAGs
[2023-11-22T23:54:05.867+0000] {logging_mixin.py:154} INFO - [2023-11-22T23:54:05.867+0000] {dag.py:3722} INFO - Setting next_dagrun for our_first_dagv2 to 2023-11-23T00:00:00+00:00, run_after=2023-11-24T00:00:00+00:00
[2023-11-22T23:54:05.879+0000] {processor.py:179} INFO - Processing /opt/airflow/dags/first_dag.py took 0.078 seconds
[2023-11-22T23:54:36.164+0000] {processor.py:157} INFO - Started process (PID=921) to work on /opt/airflow/dags/first_dag.py
[2023-11-22T23:54:36.165+0000] {processor.py:829} INFO - Processing file /opt/airflow/dags/first_dag.py for tasks to queue
[2023-11-22T23:54:36.166+0000] {logging_mixin.py:154} INFO - [2023-11-22T23:54:36.166+0000] {dagbag.py:536} INFO - Filling up the DagBag from /opt/airflow/dags/first_dag.py
[2023-11-22T23:54:36.180+0000] {processor.py:839} INFO - DAG(s) dict_keys(['our_first_dagv2']) retrieved from /opt/airflow/dags/first_dag.py
[2023-11-22T23:54:36.207+0000] {logging_mixin.py:154} INFO - [2023-11-22T23:54:36.207+0000] {dag.py:2941} INFO - Sync 1 DAGs
[2023-11-22T23:54:36.224+0000] {logging_mixin.py:154} INFO - [2023-11-22T23:54:36.223+0000] {dag.py:3722} INFO - Setting next_dagrun for our_first_dagv2 to 2023-11-23T00:00:00+00:00, run_after=2023-11-24T00:00:00+00:00
[2023-11-22T23:54:36.236+0000] {processor.py:179} INFO - Processing /opt/airflow/dags/first_dag.py took 0.076 seconds
[2023-11-22T23:55:06.527+0000] {processor.py:157} INFO - Started process (PID=938) to work on /opt/airflow/dags/first_dag.py
[2023-11-22T23:55:06.529+0000] {processor.py:829} INFO - Processing file /opt/airflow/dags/first_dag.py for tasks to queue
[2023-11-22T23:55:06.530+0000] {logging_mixin.py:154} INFO - [2023-11-22T23:55:06.530+0000] {dagbag.py:536} INFO - Filling up the DagBag from /opt/airflow/dags/first_dag.py
[2023-11-22T23:55:06.546+0000] {processor.py:839} INFO - DAG(s) dict_keys(['our_first_dagv2']) retrieved from /opt/airflow/dags/first_dag.py
[2023-11-22T23:55:06.573+0000] {logging_mixin.py:154} INFO - [2023-11-22T23:55:06.572+0000] {dag.py:2941} INFO - Sync 1 DAGs
[2023-11-22T23:55:06.589+0000] {logging_mixin.py:154} INFO - [2023-11-22T23:55:06.589+0000] {dag.py:3722} INFO - Setting next_dagrun for our_first_dagv2 to 2023-11-23T00:00:00+00:00, run_after=2023-11-24T00:00:00+00:00
[2023-11-22T23:55:06.601+0000] {processor.py:179} INFO - Processing /opt/airflow/dags/first_dag.py took 0.078 seconds
[2023-11-22T23:55:36.889+0000] {processor.py:157} INFO - Started process (PID=955) to work on /opt/airflow/dags/first_dag.py
[2023-11-22T23:55:36.891+0000] {processor.py:829} INFO - Processing file /opt/airflow/dags/first_dag.py for tasks to queue
[2023-11-22T23:55:36.892+0000] {logging_mixin.py:154} INFO - [2023-11-22T23:55:36.892+0000] {dagbag.py:536} INFO - Filling up the DagBag from /opt/airflow/dags/first_dag.py
[2023-11-22T23:55:36.908+0000] {processor.py:839} INFO - DAG(s) dict_keys(['our_first_dagv2']) retrieved from /opt/airflow/dags/first_dag.py
[2023-11-22T23:55:36.933+0000] {logging_mixin.py:154} INFO - [2023-11-22T23:55:36.933+0000] {dag.py:2941} INFO - Sync 1 DAGs
[2023-11-22T23:55:36.950+0000] {logging_mixin.py:154} INFO - [2023-11-22T23:55:36.950+0000] {dag.py:3722} INFO - Setting next_dagrun for our_first_dagv2 to 2023-11-23T00:00:00+00:00, run_after=2023-11-24T00:00:00+00:00
[2023-11-22T23:55:36.962+0000] {processor.py:179} INFO - Processing /opt/airflow/dags/first_dag.py took 0.077 seconds
[2023-11-22T23:56:07.300+0000] {processor.py:157} INFO - Started process (PID=972) to work on /opt/airflow/dags/first_dag.py
[2023-11-22T23:56:07.301+0000] {processor.py:829} INFO - Processing file /opt/airflow/dags/first_dag.py for tasks to queue
[2023-11-22T23:56:07.303+0000] {logging_mixin.py:154} INFO - [2023-11-22T23:56:07.302+0000] {dagbag.py:536} INFO - Filling up the DagBag from /opt/airflow/dags/first_dag.py
[2023-11-22T23:56:07.318+0000] {processor.py:839} INFO - DAG(s) dict_keys(['our_first_dagv2']) retrieved from /opt/airflow/dags/first_dag.py
[2023-11-22T23:56:07.341+0000] {logging_mixin.py:154} INFO - [2023-11-22T23:56:07.341+0000] {dag.py:2941} INFO - Sync 1 DAGs
[2023-11-22T23:56:07.357+0000] {logging_mixin.py:154} INFO - [2023-11-22T23:56:07.357+0000] {dag.py:3722} INFO - Setting next_dagrun for our_first_dagv2 to 2023-11-23T00:00:00+00:00, run_after=2023-11-24T00:00:00+00:00
[2023-11-22T23:56:07.368+0000] {processor.py:179} INFO - Processing /opt/airflow/dags/first_dag.py took 0.073 seconds
[2023-11-22T23:56:37.669+0000] {processor.py:157} INFO - Started process (PID=988) to work on /opt/airflow/dags/first_dag.py
[2023-11-22T23:56:37.670+0000] {processor.py:829} INFO - Processing file /opt/airflow/dags/first_dag.py for tasks to queue
[2023-11-22T23:56:37.672+0000] {logging_mixin.py:154} INFO - [2023-11-22T23:56:37.671+0000] {dagbag.py:536} INFO - Filling up the DagBag from /opt/airflow/dags/first_dag.py
[2023-11-22T23:56:37.692+0000] {processor.py:839} INFO - DAG(s) dict_keys(['our_first_dagv2']) retrieved from /opt/airflow/dags/first_dag.py
[2023-11-22T23:56:37.720+0000] {logging_mixin.py:154} INFO - [2023-11-22T23:56:37.720+0000] {dag.py:2941} INFO - Sync 1 DAGs
[2023-11-22T23:56:37.739+0000] {logging_mixin.py:154} INFO - [2023-11-22T23:56:37.739+0000] {dag.py:3722} INFO - Setting next_dagrun for our_first_dagv2 to 2023-11-23T00:00:00+00:00, run_after=2023-11-24T00:00:00+00:00
[2023-11-22T23:56:37.752+0000] {processor.py:179} INFO - Processing /opt/airflow/dags/first_dag.py took 0.088 seconds
[2023-11-22T23:57:08.096+0000] {processor.py:157} INFO - Started process (PID=1005) to work on /opt/airflow/dags/first_dag.py
[2023-11-22T23:57:08.098+0000] {processor.py:829} INFO - Processing file /opt/airflow/dags/first_dag.py for tasks to queue
[2023-11-22T23:57:08.099+0000] {logging_mixin.py:154} INFO - [2023-11-22T23:57:08.099+0000] {dagbag.py:536} INFO - Filling up the DagBag from /opt/airflow/dags/first_dag.py
[2023-11-22T23:57:08.116+0000] {processor.py:839} INFO - DAG(s) dict_keys(['our_first_dagv2']) retrieved from /opt/airflow/dags/first_dag.py
[2023-11-22T23:57:08.145+0000] {logging_mixin.py:154} INFO - [2023-11-22T23:57:08.145+0000] {dag.py:2941} INFO - Sync 1 DAGs
[2023-11-22T23:57:08.165+0000] {logging_mixin.py:154} INFO - [2023-11-22T23:57:08.165+0000] {dag.py:3722} INFO - Setting next_dagrun for our_first_dagv2 to 2023-11-23T00:00:00+00:00, run_after=2023-11-24T00:00:00+00:00
[2023-11-22T23:57:08.178+0000] {processor.py:179} INFO - Processing /opt/airflow/dags/first_dag.py took 0.087 seconds
[2023-11-22T23:57:38.533+0000] {processor.py:157} INFO - Started process (PID=1022) to work on /opt/airflow/dags/first_dag.py
[2023-11-22T23:57:38.535+0000] {processor.py:829} INFO - Processing file /opt/airflow/dags/first_dag.py for tasks to queue
[2023-11-22T23:57:38.536+0000] {logging_mixin.py:154} INFO - [2023-11-22T23:57:38.535+0000] {dagbag.py:536} INFO - Filling up the DagBag from /opt/airflow/dags/first_dag.py
[2023-11-22T23:57:38.550+0000] {processor.py:839} INFO - DAG(s) dict_keys(['our_first_dagv2']) retrieved from /opt/airflow/dags/first_dag.py
[2023-11-22T23:57:38.576+0000] {logging_mixin.py:154} INFO - [2023-11-22T23:57:38.575+0000] {dag.py:2941} INFO - Sync 1 DAGs
[2023-11-22T23:57:38.592+0000] {logging_mixin.py:154} INFO - [2023-11-22T23:57:38.592+0000] {dag.py:3722} INFO - Setting next_dagrun for our_first_dagv2 to 2023-11-23T00:00:00+00:00, run_after=2023-11-24T00:00:00+00:00
[2023-11-22T23:57:38.604+0000] {processor.py:179} INFO - Processing /opt/airflow/dags/first_dag.py took 0.075 seconds
[2023-11-22T23:58:08.878+0000] {processor.py:157} INFO - Started process (PID=1039) to work on /opt/airflow/dags/first_dag.py
[2023-11-22T23:58:08.880+0000] {processor.py:829} INFO - Processing file /opt/airflow/dags/first_dag.py for tasks to queue
[2023-11-22T23:58:08.881+0000] {logging_mixin.py:154} INFO - [2023-11-22T23:58:08.880+0000] {dagbag.py:536} INFO - Filling up the DagBag from /opt/airflow/dags/first_dag.py
[2023-11-22T23:58:08.895+0000] {processor.py:839} INFO - DAG(s) dict_keys(['our_first_dagv2']) retrieved from /opt/airflow/dags/first_dag.py
[2023-11-22T23:58:08.921+0000] {logging_mixin.py:154} INFO - [2023-11-22T23:58:08.921+0000] {dag.py:2941} INFO - Sync 1 DAGs
[2023-11-22T23:58:08.940+0000] {logging_mixin.py:154} INFO - [2023-11-22T23:58:08.940+0000] {dag.py:3722} INFO - Setting next_dagrun for our_first_dagv2 to 2023-11-23T00:00:00+00:00, run_after=2023-11-24T00:00:00+00:00
[2023-11-22T23:58:08.953+0000] {processor.py:179} INFO - Processing /opt/airflow/dags/first_dag.py took 0.080 seconds
[2023-11-22T23:58:39.239+0000] {processor.py:157} INFO - Started process (PID=1057) to work on /opt/airflow/dags/first_dag.py
[2023-11-22T23:58:39.240+0000] {processor.py:829} INFO - Processing file /opt/airflow/dags/first_dag.py for tasks to queue
[2023-11-22T23:58:39.241+0000] {logging_mixin.py:154} INFO - [2023-11-22T23:58:39.241+0000] {dagbag.py:536} INFO - Filling up the DagBag from /opt/airflow/dags/first_dag.py
[2023-11-22T23:58:39.254+0000] {processor.py:839} INFO - DAG(s) dict_keys(['our_first_dagv2']) retrieved from /opt/airflow/dags/first_dag.py
[2023-11-22T23:58:39.280+0000] {logging_mixin.py:154} INFO - [2023-11-22T23:58:39.280+0000] {dag.py:2941} INFO - Sync 1 DAGs
[2023-11-22T23:58:39.300+0000] {logging_mixin.py:154} INFO - [2023-11-22T23:58:39.300+0000] {dag.py:3722} INFO - Setting next_dagrun for our_first_dagv2 to 2023-11-23T00:00:00+00:00, run_after=2023-11-24T00:00:00+00:00
[2023-11-22T23:58:39.314+0000] {processor.py:179} INFO - Processing /opt/airflow/dags/first_dag.py took 0.078 seconds
[2023-11-22T23:59:09.628+0000] {processor.py:157} INFO - Started process (PID=1074) to work on /opt/airflow/dags/first_dag.py
[2023-11-22T23:59:09.629+0000] {processor.py:829} INFO - Processing file /opt/airflow/dags/first_dag.py for tasks to queue
[2023-11-22T23:59:09.631+0000] {logging_mixin.py:154} INFO - [2023-11-22T23:59:09.630+0000] {dagbag.py:536} INFO - Filling up the DagBag from /opt/airflow/dags/first_dag.py
[2023-11-22T23:59:09.649+0000] {processor.py:839} INFO - DAG(s) dict_keys(['our_first_dagv2']) retrieved from /opt/airflow/dags/first_dag.py
[2023-11-22T23:59:09.678+0000] {logging_mixin.py:154} INFO - [2023-11-22T23:59:09.677+0000] {dag.py:2941} INFO - Sync 1 DAGs
[2023-11-22T23:59:09.698+0000] {logging_mixin.py:154} INFO - [2023-11-22T23:59:09.697+0000] {dag.py:3722} INFO - Setting next_dagrun for our_first_dagv2 to 2023-11-23T00:00:00+00:00, run_after=2023-11-24T00:00:00+00:00
[2023-11-22T23:59:09.712+0000] {processor.py:179} INFO - Processing /opt/airflow/dags/first_dag.py took 0.090 seconds
[2023-11-22T23:59:40.010+0000] {processor.py:157} INFO - Started process (PID=1091) to work on /opt/airflow/dags/first_dag.py
[2023-11-22T23:59:40.011+0000] {processor.py:829} INFO - Processing file /opt/airflow/dags/first_dag.py for tasks to queue
[2023-11-22T23:59:40.012+0000] {logging_mixin.py:154} INFO - [2023-11-22T23:59:40.011+0000] {dagbag.py:536} INFO - Filling up the DagBag from /opt/airflow/dags/first_dag.py
[2023-11-22T23:59:40.024+0000] {processor.py:839} INFO - DAG(s) dict_keys(['our_first_dagv2']) retrieved from /opt/airflow/dags/first_dag.py
[2023-11-22T23:59:40.049+0000] {logging_mixin.py:154} INFO - [2023-11-22T23:59:40.049+0000] {dag.py:2941} INFO - Sync 1 DAGs
[2023-11-22T23:59:40.067+0000] {logging_mixin.py:154} INFO - [2023-11-22T23:59:40.067+0000] {dag.py:3722} INFO - Setting next_dagrun for our_first_dagv2 to 2023-11-23T00:00:00+00:00, run_after=2023-11-24T00:00:00+00:00
[2023-11-22T23:59:40.078+0000] {processor.py:179} INFO - Processing /opt/airflow/dags/first_dag.py took 0.072 seconds
